[2025-03-17T22:00:01.470+0000] {local_task_job_runner.py:123} INFO - ::group::Pre task execution logs
[2025-03-17T22:00:01.475+0000] {taskinstance.py:2614} INFO - Dependencies all met for dep_context=non-requeueable deps ti=<TaskInstance: sevdesk_to_hubspot_sync_dynamic.detect_new_contact_in_sevdesk scheduled__2025-03-17T21:55:00+00:00 [queued]>
[2025-03-17T22:00:01.477+0000] {taskinstance.py:2614} INFO - Dependencies all met for dep_context=requeueable deps ti=<TaskInstance: sevdesk_to_hubspot_sync_dynamic.detect_new_contact_in_sevdesk scheduled__2025-03-17T21:55:00+00:00 [queued]>
[2025-03-17T22:00:01.477+0000] {taskinstance.py:2867} INFO - Starting attempt 1 of 2
[2025-03-17T22:00:01.544+0000] {taskinstance.py:2890} INFO - Executing <Task(SevDeskNewContactSensor): detect_new_contact_in_sevdesk> on 2025-03-17 21:55:00+00:00
[2025-03-17T22:00:01.546+0000] {warnings.py:112} WARNING - /home/***/.local/lib/python3.12/site-packages/***/task/task_runner/standard_task_runner.py:70: DeprecationWarning: This process (pid=1888) is multi-threaded, use of fork() may lead to deadlocks in the child.
  pid = os.fork()

[2025-03-17T22:00:01.547+0000] {standard_task_runner.py:72} INFO - Started process 1889 to run task
[2025-03-17T22:00:01.548+0000] {standard_task_runner.py:104} INFO - Running: ['***', 'tasks', 'run', 'sevdesk_to_hubspot_sync_dynamic', 'detect_new_contact_in_sevdesk', 'scheduled__2025-03-17T21:55:00+00:00', '--job-id', '72', '--raw', '--subdir', 'DAGS_FOLDER/dynamicsensor_dag.py', '--cfg-path', '/tmp/tmpri0n_jy4']
[2025-03-17T22:00:01.548+0000] {standard_task_runner.py:105} INFO - Job 72: Subtask detect_new_contact_in_sevdesk
[2025-03-17T22:00:01.571+0000] {task_command.py:467} INFO - Running <TaskInstance: sevdesk_to_hubspot_sync_dynamic.detect_new_contact_in_sevdesk scheduled__2025-03-17T21:55:00+00:00 [running]> on host 07f4f36f3e31
[2025-03-17T22:00:01.594+0000] {taskinstance.py:3134} INFO - Exporting env vars: AIRFLOW_CTX_DAG_OWNER='***' AIRFLOW_CTX_DAG_ID='sevdesk_to_hubspot_sync_dynamic' AIRFLOW_CTX_TASK_ID='detect_new_contact_in_sevdesk' AIRFLOW_CTX_EXECUTION_DATE='2025-03-17T21:55:00+00:00' AIRFLOW_CTX_TRY_NUMBER='1' AIRFLOW_CTX_DAG_RUN_ID='scheduled__2025-03-17T21:55:00+00:00'
[2025-03-17T22:00:01.595+0000] {logging_mixin.py:190} INFO - Task instance is in running state
[2025-03-17T22:00:01.595+0000] {logging_mixin.py:190} INFO -  Previous state of the Task instance: queued
[2025-03-17T22:00:01.595+0000] {logging_mixin.py:190} INFO - Current task name:detect_new_contact_in_sevdesk state:running start_date:2025-03-17 22:00:01.475577+00:00
[2025-03-17T22:00:01.595+0000] {logging_mixin.py:190} INFO - Dag name:sevdesk_to_hubspot_sync_dynamic and current dag run status:running
[2025-03-17T22:00:01.595+0000] {taskinstance.py:732} INFO - ::endgroup::
[2025-03-17T22:00:01.829+0000] {logging_mixin.py:190} INFO - New contact found with ID: 99182294
[2025-03-17T22:00:01.830+0000] {base.py:339} INFO - Success criteria met. Exiting.
[2025-03-17T22:00:01.843+0000] {taskinstance.py:341} INFO - ::group::Post task execution logs
[2025-03-17T22:00:01.844+0000] {taskinstance.py:353} INFO - Marking task as SUCCESS. dag_id=sevdesk_to_hubspot_sync_dynamic, task_id=detect_new_contact_in_sevdesk, run_id=scheduled__2025-03-17T21:55:00+00:00, execution_date=20250317T215500, start_date=20250317T220001, end_date=20250317T220001
[2025-03-17T22:00:01.861+0000] {logging_mixin.py:190} INFO - Task instance in success state
[2025-03-17T22:00:01.861+0000] {logging_mixin.py:190} INFO -  Previous state of the Task instance: running
[2025-03-17T22:00:01.861+0000] {logging_mixin.py:190} INFO - Dag name:sevdesk_to_hubspot_sync_dynamic queued_at:2025-03-17 22:00:00.879575+00:00
[2025-03-17T22:00:01.862+0000] {logging_mixin.py:190} INFO - Task hostname:07f4f36f3e31 operator:SevDeskNewContactSensor
[2025-03-17T22:00:01.898+0000] {local_task_job_runner.py:266} INFO - Task exited with return code 0
[2025-03-17T22:00:01.905+0000] {taskinstance.py:3901} INFO - 0 downstream tasks scheduled from follow-on schedule check
[2025-03-17T22:00:01.906+0000] {local_task_job_runner.py:245} INFO - ::endgroup::
