[2025-03-17T16:15:00.972+0000] {local_task_job_runner.py:123} INFO - ::group::Pre task execution logs
[2025-03-17T16:15:00.978+0000] {taskinstance.py:2614} INFO - Dependencies all met for dep_context=non-requeueable deps ti=<TaskInstance: hello_world.print_hello manual__2025-03-17T16:14:58.394199+00:00 [queued]>
[2025-03-17T16:15:00.981+0000] {taskinstance.py:2614} INFO - Dependencies all met for dep_context=requeueable deps ti=<TaskInstance: hello_world.print_hello manual__2025-03-17T16:14:58.394199+00:00 [queued]>
[2025-03-17T16:15:00.981+0000] {taskinstance.py:2867} INFO - Starting attempt 1 of 2
[2025-03-17T16:15:01.077+0000] {taskinstance.py:2890} INFO - Executing <Task(PythonOperator): print_hello> on 2025-03-17 16:14:58.394199+00:00
[2025-03-17T16:15:01.081+0000] {warnings.py:112} WARNING - /home/***/.local/lib/python3.12/site-packages/***/task/task_runner/standard_task_runner.py:70: DeprecationWarning: This process (pid=143) is multi-threaded, use of fork() may lead to deadlocks in the child.
  pid = os.fork()

[2025-03-17T16:15:01.082+0000] {standard_task_runner.py:72} INFO - Started process 145 to run task
[2025-03-17T16:15:01.082+0000] {standard_task_runner.py:104} INFO - Running: ['***', 'tasks', 'run', 'hello_world', 'print_hello', 'manual__2025-03-17T16:14:58.394199+00:00', '--job-id', '5', '--raw', '--subdir', 'DAGS_FOLDER/hello_world.py', '--cfg-path', '/tmp/tmpw4tbeooi']
[2025-03-17T16:15:01.083+0000] {standard_task_runner.py:105} INFO - Job 5: Subtask print_hello
[2025-03-17T16:15:01.113+0000] {task_command.py:467} INFO - Running <TaskInstance: hello_world.print_hello manual__2025-03-17T16:14:58.394199+00:00 [running]> on host 07f4f36f3e31
[2025-03-17T16:15:01.149+0000] {taskinstance.py:3134} INFO - Exporting env vars: AIRFLOW_CTX_DAG_OWNER='***' AIRFLOW_CTX_DAG_ID='hello_world' AIRFLOW_CTX_TASK_ID='print_hello' AIRFLOW_CTX_EXECUTION_DATE='2025-03-17T16:14:58.394199+00:00' AIRFLOW_CTX_TRY_NUMBER='1' AIRFLOW_CTX_DAG_RUN_ID='manual__2025-03-17T16:14:58.394199+00:00'
[2025-03-17T16:15:01.150+0000] {logging_mixin.py:190} INFO - Task instance is in running state
[2025-03-17T16:15:01.150+0000] {logging_mixin.py:190} INFO -  Previous state of the Task instance: queued
[2025-03-17T16:15:01.150+0000] {logging_mixin.py:190} INFO - Current task name:print_hello state:running start_date:2025-03-17 16:15:00.978792+00:00
[2025-03-17T16:15:01.150+0000] {logging_mixin.py:190} INFO - Dag name:hello_world and current dag run status:running
[2025-03-17T16:15:01.150+0000] {taskinstance.py:732} INFO - ::endgroup::
[2025-03-17T16:15:01.150+0000] {logging_mixin.py:190} INFO - Hello, World!
[2025-03-17T16:15:01.150+0000] {python.py:240} INFO - Done. Returned value was: None
[2025-03-17T16:15:01.155+0000] {taskinstance.py:341} INFO - ::group::Post task execution logs
[2025-03-17T16:15:01.155+0000] {taskinstance.py:353} INFO - Marking task as SUCCESS. dag_id=hello_world, task_id=print_hello, run_id=manual__2025-03-17T16:14:58.394199+00:00, execution_date=20250317T161458, start_date=20250317T161500, end_date=20250317T161501
[2025-03-17T16:15:01.164+0000] {logging_mixin.py:190} INFO - Task instance in success state
[2025-03-17T16:15:01.165+0000] {logging_mixin.py:190} INFO -  Previous state of the Task instance: running
[2025-03-17T16:15:01.165+0000] {logging_mixin.py:190} INFO - Dag name:hello_world queued_at:2025-03-17 16:14:58.415571+00:00
[2025-03-17T16:15:01.165+0000] {logging_mixin.py:190} INFO - Task hostname:07f4f36f3e31 operator:PythonOperator
[2025-03-17T16:15:01.181+0000] {local_task_job_runner.py:266} INFO - Task exited with return code 0
[2025-03-17T16:15:01.189+0000] {taskinstance.py:3901} INFO - 0 downstream tasks scheduled from follow-on schedule check
[2025-03-17T16:15:01.191+0000] {local_task_job_runner.py:245} INFO - ::endgroup::
