[2025-03-18T23:56:05.512+0000] {local_task_job_runner.py:123} INFO - ::group::Pre task execution logs
[2025-03-18T23:56:05.656+0000] {taskinstance.py:2614} INFO - Dependencies all met for dep_context=non-requeueable deps ti=<TaskInstance: fetch_sevdesk_contacts.fetch_sevdesk_contacts_task scheduled__2024-04-02T12:00:00+00:00 [queued]>
[2025-03-18T23:56:05.693+0000] {taskinstance.py:2614} INFO - Dependencies all met for dep_context=requeueable deps ti=<TaskInstance: fetch_sevdesk_contacts.fetch_sevdesk_contacts_task scheduled__2024-04-02T12:00:00+00:00 [queued]>
[2025-03-18T23:56:05.694+0000] {taskinstance.py:2867} INFO - Starting attempt 1 of 2
[2025-03-18T23:56:06.566+0000] {taskinstance.py:2890} INFO - Executing <Task(PythonOperator): fetch_sevdesk_contacts_task> on 2024-04-02 12:00:00+00:00
[2025-03-18T23:56:06.582+0000] {warnings.py:112} WARNING - /home/***/.local/lib/python3.12/site-packages/***/task/task_runner/standard_task_runner.py:70: DeprecationWarning: This process (pid=1252) is multi-threaded, use of fork() may lead to deadlocks in the child.
  pid = os.fork()

[2025-03-18T23:56:06.591+0000] {standard_task_runner.py:72} INFO - Started process 1277 to run task
[2025-03-18T23:56:06.588+0000] {standard_task_runner.py:104} INFO - Running: ['***', 'tasks', 'run', 'fetch_sevdesk_contacts', 'fetch_sevdesk_contacts_task', 'scheduled__2024-04-02T12:00:00+00:00', '--job-id', '707', '--raw', '--subdir', 'DAGS_FOLDER/fetch_sevdesk_contacts_dag.py', '--cfg-path', '/tmp/tmp3vt41w7m']
[2025-03-18T23:56:06.608+0000] {standard_task_runner.py:105} INFO - Job 707: Subtask fetch_sevdesk_contacts_task
[2025-03-18T23:56:06.825+0000] {task_command.py:467} INFO - Running <TaskInstance: fetch_sevdesk_contacts.fetch_sevdesk_contacts_task scheduled__2024-04-02T12:00:00+00:00 [running]> on host e54e5582f32f
[2025-03-18T23:56:06.963+0000] {taskinstance.py:3134} INFO - Exporting env vars: AIRFLOW_CTX_DAG_OWNER='***' AIRFLOW_CTX_DAG_ID='fetch_sevdesk_contacts' AIRFLOW_CTX_TASK_ID='fetch_sevdesk_contacts_task' AIRFLOW_CTX_EXECUTION_DATE='2024-04-02T12:00:00+00:00' AIRFLOW_CTX_TRY_NUMBER='1' AIRFLOW_CTX_DAG_RUN_ID='scheduled__2024-04-02T12:00:00+00:00'
[2025-03-18T23:56:06.972+0000] {logging_mixin.py:190} INFO - Task instance is in running state
[2025-03-18T23:56:06.976+0000] {logging_mixin.py:190} INFO -  Previous state of the Task instance: queued
[2025-03-18T23:56:06.978+0000] {logging_mixin.py:190} INFO - Current task name:fetch_sevdesk_contacts_task state:running start_date:2025-03-18 23:56:05.658745+00:00
[2025-03-18T23:56:06.979+0000] {logging_mixin.py:190} INFO - Dag name:fetch_sevdesk_contacts and current dag run status:running
[2025-03-18T23:56:06.981+0000] {taskinstance.py:732} INFO - ::endgroup::
[2025-03-18T23:56:06.983+0000] {logging_mixin.py:190} INFO - Using createAfter filter: 2025-03-17T23:56:06.982950
[2025-03-18T23:56:06.983+0000] {logging_mixin.py:190} INFO - Current timestamp: 2025-03-18T23:56:06.982971
[2025-03-18T23:56:07.153+0000] {python.py:240} INFO - Done. Returned value was: None
[2025-03-18T23:56:07.175+0000] {taskinstance.py:341} INFO - ::group::Post task execution logs
[2025-03-18T23:56:07.176+0000] {taskinstance.py:353} INFO - Marking task as SUCCESS. dag_id=fetch_sevdesk_contacts, task_id=fetch_sevdesk_contacts_task, run_id=scheduled__2024-04-02T12:00:00+00:00, execution_date=20240402T120000, start_date=20250318T235605, end_date=20250318T235607
[2025-03-18T23:56:07.243+0000] {logging_mixin.py:190} INFO - Task instance in success state
[2025-03-18T23:56:07.246+0000] {logging_mixin.py:190} INFO -  Previous state of the Task instance: running
[2025-03-18T23:56:07.247+0000] {logging_mixin.py:190} INFO - Dag name:fetch_sevdesk_contacts queued_at:2025-03-18 23:55:59.296796+00:00
[2025-03-18T23:56:07.247+0000] {logging_mixin.py:190} INFO - Task hostname:e54e5582f32f operator:PythonOperator
[2025-03-18T23:56:07.267+0000] {local_task_job_runner.py:266} INFO - Task exited with return code 0
[2025-03-18T23:56:07.290+0000] {taskinstance.py:3901} INFO - 0 downstream tasks scheduled from follow-on schedule check
[2025-03-18T23:56:07.299+0000] {local_task_job_runner.py:245} INFO - ::endgroup::
