[2025-03-18T23:55:06.801+0000] {local_task_job_runner.py:123} INFO - ::group::Pre task execution logs
[2025-03-18T23:55:06.821+0000] {taskinstance.py:2614} INFO - Dependencies all met for dep_context=non-requeueable deps ti=<TaskInstance: fetch_sevdesk_contacts.fetch_sevdesk_contacts_task scheduled__2024-03-30T15:00:00+00:00 [queued]>
[2025-03-18T23:55:06.829+0000] {taskinstance.py:2614} INFO - Dependencies all met for dep_context=requeueable deps ti=<TaskInstance: fetch_sevdesk_contacts.fetch_sevdesk_contacts_task scheduled__2024-03-30T15:00:00+00:00 [queued]>
[2025-03-18T23:55:06.829+0000] {taskinstance.py:2867} INFO - Starting attempt 1 of 2
[2025-03-18T23:55:07.005+0000] {taskinstance.py:2890} INFO - Executing <Task(PythonOperator): fetch_sevdesk_contacts_task> on 2024-03-30 15:00:00+00:00
[2025-03-18T23:55:07.011+0000] {warnings.py:112} WARNING - /home/***/.local/lib/python3.12/site-packages/***/task/task_runner/standard_task_runner.py:70: DeprecationWarning: This process (pid=1042) is multi-threaded, use of fork() may lead to deadlocks in the child.
  pid = os.fork()

[2025-03-18T23:55:07.014+0000] {standard_task_runner.py:72} INFO - Started process 1047 to run task
[2025-03-18T23:55:07.016+0000] {standard_task_runner.py:104} INFO - Running: ['***', 'tasks', 'run', 'fetch_sevdesk_contacts', 'fetch_sevdesk_contacts_task', 'scheduled__2024-03-30T15:00:00+00:00', '--job-id', '635', '--raw', '--subdir', 'DAGS_FOLDER/fetch_sevdesk_contacts_dag.py', '--cfg-path', '/tmp/tmpq5qumn1b']
[2025-03-18T23:55:07.018+0000] {standard_task_runner.py:105} INFO - Job 635: Subtask fetch_sevdesk_contacts_task
[2025-03-18T23:55:07.185+0000] {task_command.py:467} INFO - Running <TaskInstance: fetch_sevdesk_contacts.fetch_sevdesk_contacts_task scheduled__2024-03-30T15:00:00+00:00 [running]> on host e54e5582f32f
[2025-03-18T23:55:07.476+0000] {taskinstance.py:3134} INFO - Exporting env vars: AIRFLOW_CTX_DAG_OWNER='***' AIRFLOW_CTX_DAG_ID='fetch_sevdesk_contacts' AIRFLOW_CTX_TASK_ID='fetch_sevdesk_contacts_task' AIRFLOW_CTX_EXECUTION_DATE='2024-03-30T15:00:00+00:00' AIRFLOW_CTX_TRY_NUMBER='1' AIRFLOW_CTX_DAG_RUN_ID='scheduled__2024-03-30T15:00:00+00:00'
[2025-03-18T23:55:07.479+0000] {logging_mixin.py:190} INFO - Task instance is in running state
[2025-03-18T23:55:07.482+0000] {logging_mixin.py:190} INFO -  Previous state of the Task instance: queued
[2025-03-18T23:55:07.485+0000] {logging_mixin.py:190} INFO - Current task name:fetch_sevdesk_contacts_task state:running start_date:2025-03-18 23:55:06.822385+00:00
[2025-03-18T23:55:07.487+0000] {logging_mixin.py:190} INFO - Dag name:fetch_sevdesk_contacts and current dag run status:running
[2025-03-18T23:55:07.493+0000] {taskinstance.py:732} INFO - ::endgroup::
[2025-03-18T23:55:07.494+0000] {logging_mixin.py:190} INFO - Using createAfter filter: 2025-03-17T23:55:07.494681
[2025-03-18T23:55:07.495+0000] {logging_mixin.py:190} INFO - Current timestamp: 2025-03-18T23:55:07.494695
[2025-03-18T23:55:07.763+0000] {python.py:240} INFO - Done. Returned value was: None
[2025-03-18T23:55:07.797+0000] {taskinstance.py:341} INFO - ::group::Post task execution logs
[2025-03-18T23:55:07.800+0000] {taskinstance.py:353} INFO - Marking task as SUCCESS. dag_id=fetch_sevdesk_contacts, task_id=fetch_sevdesk_contacts_task, run_id=scheduled__2024-03-30T15:00:00+00:00, execution_date=20240330T150000, start_date=20250318T235506, end_date=20250318T235507
[2025-03-18T23:55:07.894+0000] {logging_mixin.py:190} INFO - Task instance in success state
[2025-03-18T23:55:07.895+0000] {logging_mixin.py:190} INFO -  Previous state of the Task instance: running
[2025-03-18T23:55:07.897+0000] {logging_mixin.py:190} INFO - Dag name:fetch_sevdesk_contacts queued_at:2025-03-18 23:55:05.875674+00:00
[2025-03-18T23:55:07.899+0000] {logging_mixin.py:190} INFO - Task hostname:e54e5582f32f operator:PythonOperator
[2025-03-18T23:55:07.919+0000] {local_task_job_runner.py:266} INFO - Task exited with return code 0
[2025-03-18T23:55:07.972+0000] {local_task_job_runner.py:245} INFO - ::endgroup::
