[2025-03-19T00:07:13.785+0000] {local_task_job_runner.py:123} INFO - ::group::Pre task execution logs
[2025-03-19T00:07:13.802+0000] {taskinstance.py:2614} INFO - Dependencies all met for dep_context=non-requeueable deps ti=<TaskInstance: fetch_sevdesk_contacts.fetch_sevdesk_contacts_task scheduled__2024-05-15T09:00:00+00:00 [queued]>
[2025-03-19T00:07:13.811+0000] {taskinstance.py:2614} INFO - Dependencies all met for dep_context=requeueable deps ti=<TaskInstance: fetch_sevdesk_contacts.fetch_sevdesk_contacts_task scheduled__2024-05-15T09:00:00+00:00 [queued]>
[2025-03-19T00:07:13.813+0000] {taskinstance.py:2867} INFO - Starting attempt 1 of 2
[2025-03-19T00:07:13.833+0000] {taskinstance.py:2890} INFO - Executing <Task(PythonOperator): fetch_sevdesk_contacts_task> on 2024-05-15 09:00:00+00:00
[2025-03-19T00:07:13.849+0000] {warnings.py:112} WARNING - /home/***/.local/lib/python3.12/site-packages/***/task/task_runner/standard_task_runner.py:70: DeprecationWarning: This process (pid=4506) is multi-threaded, use of fork() may lead to deadlocks in the child.
  pid = os.fork()

[2025-03-19T00:07:13.854+0000] {standard_task_runner.py:72} INFO - Started process 4524 to run task
[2025-03-19T00:07:13.854+0000] {standard_task_runner.py:104} INFO - Running: ['***', 'tasks', 'run', 'fetch_sevdesk_contacts', 'fetch_sevdesk_contacts_task', 'scheduled__2024-05-15T09:00:00+00:00', '--job-id', '1741', '--raw', '--subdir', 'DAGS_FOLDER/fetch_sevdesk_contacts_dag.py', '--cfg-path', '/tmp/tmp0o_q5mmm']
[2025-03-19T00:07:13.868+0000] {standard_task_runner.py:105} INFO - Job 1741: Subtask fetch_sevdesk_contacts_task
[2025-03-19T00:07:14.800+0000] {task_command.py:467} INFO - Running <TaskInstance: fetch_sevdesk_contacts.fetch_sevdesk_contacts_task scheduled__2024-05-15T09:00:00+00:00 [running]> on host e54e5582f32f
[2025-03-19T00:07:15.102+0000] {taskinstance.py:3134} INFO - Exporting env vars: AIRFLOW_CTX_DAG_OWNER='***' AIRFLOW_CTX_DAG_ID='fetch_sevdesk_contacts' AIRFLOW_CTX_TASK_ID='fetch_sevdesk_contacts_task' AIRFLOW_CTX_EXECUTION_DATE='2024-05-15T09:00:00+00:00' AIRFLOW_CTX_TRY_NUMBER='1' AIRFLOW_CTX_DAG_RUN_ID='scheduled__2024-05-15T09:00:00+00:00'
[2025-03-19T00:07:15.114+0000] {logging_mixin.py:190} INFO - Task instance is in running state
[2025-03-19T00:07:15.115+0000] {logging_mixin.py:190} INFO -  Previous state of the Task instance: queued
[2025-03-19T00:07:15.116+0000] {logging_mixin.py:190} INFO - Current task name:fetch_sevdesk_contacts_task state:running start_date:2025-03-19 00:07:13.802436+00:00
[2025-03-19T00:07:15.116+0000] {logging_mixin.py:190} INFO - Dag name:fetch_sevdesk_contacts and current dag run status:running
[2025-03-19T00:07:15.117+0000] {taskinstance.py:732} INFO - ::endgroup::
[2025-03-19T00:07:15.118+0000] {logging_mixin.py:190} INFO - Using createAfter filter: 2025-03-18T00:07:15.118528
[2025-03-19T00:07:15.137+0000] {logging_mixin.py:190} INFO - Current timestamp: 2025-03-19T00:07:15.118543
[2025-03-19T00:07:15.355+0000] {python.py:240} INFO - Done. Returned value was: None
[2025-03-19T00:07:15.396+0000] {taskinstance.py:341} INFO - ::group::Post task execution logs
[2025-03-19T00:07:15.398+0000] {taskinstance.py:353} INFO - Marking task as SUCCESS. dag_id=fetch_sevdesk_contacts, task_id=fetch_sevdesk_contacts_task, run_id=scheduled__2024-05-15T09:00:00+00:00, execution_date=20240515T090000, start_date=20250319T000713, end_date=20250319T000715
[2025-03-19T00:07:15.436+0000] {logging_mixin.py:190} INFO - Task instance in success state
[2025-03-19T00:07:15.437+0000] {logging_mixin.py:190} INFO -  Previous state of the Task instance: running
[2025-03-19T00:07:15.442+0000] {logging_mixin.py:190} INFO - Dag name:fetch_sevdesk_contacts queued_at:2025-03-19 00:07:09.766973+00:00
[2025-03-19T00:07:15.446+0000] {logging_mixin.py:190} INFO - Task hostname:e54e5582f32f operator:PythonOperator
[2025-03-19T00:07:15.575+0000] {local_task_job_runner.py:266} INFO - Task exited with return code 0
[2025-03-19T00:07:16.190+0000] {taskinstance.py:3901} INFO - 0 downstream tasks scheduled from follow-on schedule check
[2025-03-19T00:07:16.195+0000] {local_task_job_runner.py:245} INFO - ::endgroup::
