[2025-03-17T22:50:05.290+0000] {local_task_job_runner.py:123} INFO - ::group::Pre task execution logs
[2025-03-17T22:50:05.302+0000] {taskinstance.py:2614} INFO - Dependencies all met for dep_context=non-requeueable deps ti=<TaskInstance: sevdesk_to_hubspot_sync_dynamic.process_and_create_contact scheduled__2025-03-17T22:45:00+00:00 [queued]>
[2025-03-17T22:50:05.388+0000] {taskinstance.py:2614} INFO - Dependencies all met for dep_context=requeueable deps ti=<TaskInstance: sevdesk_to_hubspot_sync_dynamic.process_and_create_contact scheduled__2025-03-17T22:45:00+00:00 [queued]>
[2025-03-17T22:50:05.389+0000] {taskinstance.py:2867} INFO - Starting attempt 1 of 2
[2025-03-17T22:50:05.393+0000] {taskinstance.py:2890} INFO - Executing <Task(PythonOperator): process_and_create_contact> on 2025-03-17 22:45:00+00:00
[2025-03-17T22:50:05.397+0000] {warnings.py:112} WARNING - /home/***/.local/lib/python3.12/site-packages/***/task/task_runner/standard_task_runner.py:70: DeprecationWarning: This process (pid=320) is multi-threaded, use of fork() may lead to deadlocks in the child.
  pid = os.fork()

[2025-03-17T22:50:05.397+0000] {standard_task_runner.py:72} INFO - Started process 321 to run task
[2025-03-17T22:50:05.398+0000] {standard_task_runner.py:104} INFO - Running: ['***', 'tasks', 'run', 'sevdesk_to_hubspot_sync_dynamic', 'process_and_create_contact', 'scheduled__2025-03-17T22:45:00+00:00', '--job-id', '112', '--raw', '--subdir', 'DAGS_FOLDER/dynamicsensor_dag.py', '--cfg-path', '/tmp/tmpwj52fsnm']
[2025-03-17T22:50:05.399+0000] {standard_task_runner.py:105} INFO - Job 112: Subtask process_and_create_contact
[2025-03-17T22:50:05.423+0000] {task_command.py:467} INFO - Running <TaskInstance: sevdesk_to_hubspot_sync_dynamic.process_and_create_contact scheduled__2025-03-17T22:45:00+00:00 [running]> on host 07c6dae1fdd0
[2025-03-17T22:50:05.451+0000] {taskinstance.py:3134} INFO - Exporting env vars: AIRFLOW_CTX_DAG_OWNER='***' AIRFLOW_CTX_DAG_ID='sevdesk_to_hubspot_sync_dynamic' AIRFLOW_CTX_TASK_ID='process_and_create_contact' AIRFLOW_CTX_EXECUTION_DATE='2025-03-17T22:45:00+00:00' AIRFLOW_CTX_TRY_NUMBER='1' AIRFLOW_CTX_DAG_RUN_ID='scheduled__2025-03-17T22:45:00+00:00'
[2025-03-17T22:50:05.451+0000] {logging_mixin.py:190} INFO - Task instance is in running state
[2025-03-17T22:50:05.452+0000] {logging_mixin.py:190} INFO -  Previous state of the Task instance: queued
[2025-03-17T22:50:05.452+0000] {logging_mixin.py:190} INFO - Current task name:process_and_create_contact state:running start_date:2025-03-17 22:50:05.303390+00:00
[2025-03-17T22:50:05.452+0000] {logging_mixin.py:190} INFO - Dag name:sevdesk_to_hubspot_sync_dynamic and current dag run status:running
[2025-03-17T22:50:05.452+0000] {taskinstance.py:732} INFO - ::endgroup::
[2025-03-17T22:50:05.455+0000] {logging_mixin.py:190} INFO - ❌ No new contact found to create in HubSpot.
[2025-03-17T22:50:05.455+0000] {python.py:240} INFO - Done. Returned value was: None
[2025-03-17T22:50:05.459+0000] {taskinstance.py:341} INFO - ::group::Post task execution logs
[2025-03-17T22:50:05.459+0000] {taskinstance.py:353} INFO - Marking task as SUCCESS. dag_id=sevdesk_to_hubspot_sync_dynamic, task_id=process_and_create_contact, run_id=scheduled__2025-03-17T22:45:00+00:00, execution_date=20250317T224500, start_date=20250317T225005, end_date=20250317T225005
[2025-03-17T22:50:05.466+0000] {logging_mixin.py:190} INFO - Task instance in success state
[2025-03-17T22:50:05.466+0000] {logging_mixin.py:190} INFO -  Previous state of the Task instance: running
[2025-03-17T22:50:05.466+0000] {logging_mixin.py:190} INFO - Dag name:sevdesk_to_hubspot_sync_dynamic queued_at:2025-03-17 22:50:00.025067+00:00
[2025-03-17T22:50:05.466+0000] {logging_mixin.py:190} INFO - Task hostname:07c6dae1fdd0 operator:PythonOperator
[2025-03-17T22:50:05.497+0000] {local_task_job_runner.py:266} INFO - Task exited with return code 0
[2025-03-17T22:50:05.503+0000] {taskinstance.py:3901} INFO - 0 downstream tasks scheduled from follow-on schedule check
[2025-03-17T22:50:05.504+0000] {local_task_job_runner.py:245} INFO - ::endgroup::
