[2025-03-19T00:07:46.826+0000] {local_task_job_runner.py:123} INFO - ::group::Pre task execution logs
[2025-03-19T00:07:46.847+0000] {taskinstance.py:2614} INFO - Dependencies all met for dep_context=non-requeueable deps ti=<TaskInstance: fetch_sevdesk_contacts.fetch_sevdesk_contacts_task scheduled__2024-05-18T02:00:00+00:00 [queued]>
[2025-03-19T00:07:46.989+0000] {taskinstance.py:2614} INFO - Dependencies all met for dep_context=requeueable deps ti=<TaskInstance: fetch_sevdesk_contacts.fetch_sevdesk_contacts_task scheduled__2024-05-18T02:00:00+00:00 [queued]>
[2025-03-19T00:07:46.994+0000] {taskinstance.py:2867} INFO - Starting attempt 1 of 2
[2025-03-19T00:07:47.036+0000] {taskinstance.py:2890} INFO - Executing <Task(PythonOperator): fetch_sevdesk_contacts_task> on 2024-05-18 02:00:00+00:00
[2025-03-19T00:07:47.054+0000] {warnings.py:112} WARNING - /home/***/.local/lib/python3.12/site-packages/***/task/task_runner/standard_task_runner.py:70: DeprecationWarning: This process (pid=4701) is multi-threaded, use of fork() may lead to deadlocks in the child.
  pid = os.fork()

[2025-03-19T00:07:47.058+0000] {standard_task_runner.py:104} INFO - Running: ['***', 'tasks', 'run', 'fetch_sevdesk_contacts', 'fetch_sevdesk_contacts_task', 'scheduled__2024-05-18T02:00:00+00:00', '--job-id', '1805', '--raw', '--subdir', 'DAGS_FOLDER/fetch_sevdesk_contacts_dag.py', '--cfg-path', '/tmp/tmp_ie921ax']
[2025-03-19T00:07:47.083+0000] {standard_task_runner.py:105} INFO - Job 1805: Subtask fetch_sevdesk_contacts_task
[2025-03-19T00:07:47.062+0000] {standard_task_runner.py:72} INFO - Started process 4719 to run task
[2025-03-19T00:07:47.628+0000] {task_command.py:467} INFO - Running <TaskInstance: fetch_sevdesk_contacts.fetch_sevdesk_contacts_task scheduled__2024-05-18T02:00:00+00:00 [running]> on host e54e5582f32f
[2025-03-19T00:07:47.774+0000] {taskinstance.py:3134} INFO - Exporting env vars: AIRFLOW_CTX_DAG_OWNER='***' AIRFLOW_CTX_DAG_ID='fetch_sevdesk_contacts' AIRFLOW_CTX_TASK_ID='fetch_sevdesk_contacts_task' AIRFLOW_CTX_EXECUTION_DATE='2024-05-18T02:00:00+00:00' AIRFLOW_CTX_TRY_NUMBER='1' AIRFLOW_CTX_DAG_RUN_ID='scheduled__2024-05-18T02:00:00+00:00'
[2025-03-19T00:07:47.786+0000] {logging_mixin.py:190} INFO - Task instance is in running state
[2025-03-19T00:07:47.788+0000] {logging_mixin.py:190} INFO -  Previous state of the Task instance: queued
[2025-03-19T00:07:47.800+0000] {logging_mixin.py:190} INFO - Current task name:fetch_sevdesk_contacts_task state:running start_date:2025-03-19 00:07:46.951005+00:00
[2025-03-19T00:07:47.824+0000] {logging_mixin.py:190} INFO - Dag name:fetch_sevdesk_contacts and current dag run status:running
[2025-03-19T00:07:47.834+0000] {taskinstance.py:732} INFO - ::endgroup::
[2025-03-19T00:07:47.846+0000] {logging_mixin.py:190} INFO - Using createAfter filter: 2025-03-18T00:07:47.846261
[2025-03-19T00:07:47.846+0000] {logging_mixin.py:190} INFO - Current timestamp: 2025-03-19T00:07:47.846270
[2025-03-19T00:07:48.011+0000] {python.py:240} INFO - Done. Returned value was: None
[2025-03-19T00:07:48.055+0000] {taskinstance.py:341} INFO - ::group::Post task execution logs
[2025-03-19T00:07:48.068+0000] {taskinstance.py:353} INFO - Marking task as SUCCESS. dag_id=fetch_sevdesk_contacts, task_id=fetch_sevdesk_contacts_task, run_id=scheduled__2024-05-18T02:00:00+00:00, execution_date=20240518T020000, start_date=20250319T000746, end_date=20250319T000748
[2025-03-19T00:07:48.139+0000] {logging_mixin.py:190} INFO - Task instance in success state
[2025-03-19T00:07:48.167+0000] {logging_mixin.py:190} INFO -  Previous state of the Task instance: running
[2025-03-19T00:07:48.172+0000] {logging_mixin.py:190} INFO - Dag name:fetch_sevdesk_contacts queued_at:2025-03-19 00:07:44.987342+00:00
[2025-03-19T00:07:48.182+0000] {logging_mixin.py:190} INFO - Task hostname:e54e5582f32f operator:PythonOperator
[2025-03-19T00:07:48.370+0000] {local_task_job_runner.py:266} INFO - Task exited with return code 0
[2025-03-19T00:07:48.731+0000] {taskinstance.py:3901} INFO - 0 downstream tasks scheduled from follow-on schedule check
[2025-03-19T00:07:48.735+0000] {local_task_job_runner.py:245} INFO - ::endgroup::
