[2025-03-19T00:15:04.189+0000] {local_task_job_runner.py:123} INFO - ::group::Pre task execution logs
[2025-03-19T00:15:04.319+0000] {taskinstance.py:2614} INFO - Dependencies all met for dep_context=non-requeueable deps ti=<TaskInstance: sevdesk_to_hubspot_sync_dynamic.detect_new_contact_in_sevdesk scheduled__2025-03-19T00:10:00+00:00 [queued]>
[2025-03-19T00:15:04.323+0000] {taskinstance.py:2614} INFO - Dependencies all met for dep_context=requeueable deps ti=<TaskInstance: sevdesk_to_hubspot_sync_dynamic.detect_new_contact_in_sevdesk scheduled__2025-03-19T00:10:00+00:00 [queued]>
[2025-03-19T00:15:04.324+0000] {taskinstance.py:2867} INFO - Starting attempt 1 of 2
[2025-03-19T00:15:04.330+0000] {taskinstance.py:2890} INFO - Executing <Task(SevDeskNewContactSensor): detect_new_contact_in_sevdesk> on 2025-03-19 00:10:00+00:00
[2025-03-19T00:15:04.334+0000] {warnings.py:112} WARNING - /home/***/.local/lib/python3.12/site-packages/***/task/task_runner/standard_task_runner.py:70: DeprecationWarning: This process (pid=7033) is multi-threaded, use of fork() may lead to deadlocks in the child.
  pid = os.fork()

[2025-03-19T00:15:04.335+0000] {standard_task_runner.py:72} INFO - Started process 7054 to run task
[2025-03-19T00:15:04.335+0000] {standard_task_runner.py:104} INFO - Running: ['***', 'tasks', 'run', 'sevdesk_to_hubspot_sync_dynamic', 'detect_new_contact_in_sevdesk', 'scheduled__2025-03-19T00:10:00+00:00', '--job-id', '2555', '--raw', '--subdir', 'DAGS_FOLDER/dynamicsensor_dag.py', '--cfg-path', '/tmp/tmp8ewzpyd7']
[2025-03-19T00:15:04.336+0000] {standard_task_runner.py:105} INFO - Job 2555: Subtask detect_new_contact_in_sevdesk
[2025-03-19T00:15:04.369+0000] {task_command.py:467} INFO - Running <TaskInstance: sevdesk_to_hubspot_sync_dynamic.detect_new_contact_in_sevdesk scheduled__2025-03-19T00:10:00+00:00 [running]> on host e54e5582f32f
[2025-03-19T00:15:04.417+0000] {taskinstance.py:3134} INFO - Exporting env vars: AIRFLOW_CTX_DAG_OWNER='***' AIRFLOW_CTX_DAG_ID='sevdesk_to_hubspot_sync_dynamic' AIRFLOW_CTX_TASK_ID='detect_new_contact_in_sevdesk' AIRFLOW_CTX_EXECUTION_DATE='2025-03-19T00:10:00+00:00' AIRFLOW_CTX_TRY_NUMBER='1' AIRFLOW_CTX_DAG_RUN_ID='scheduled__2025-03-19T00:10:00+00:00'
[2025-03-19T00:15:04.419+0000] {logging_mixin.py:190} INFO - Task instance is in running state
[2025-03-19T00:15:04.419+0000] {logging_mixin.py:190} INFO -  Previous state of the Task instance: queued
[2025-03-19T00:15:04.419+0000] {logging_mixin.py:190} INFO - Current task name:detect_new_contact_in_sevdesk state:running start_date:2025-03-19 00:15:04.319657+00:00
[2025-03-19T00:15:04.419+0000] {logging_mixin.py:190} INFO - Dag name:sevdesk_to_hubspot_sync_dynamic and current dag run status:running
[2025-03-19T00:15:04.420+0000] {taskinstance.py:732} INFO - ::endgroup::
[2025-03-19T00:15:04.560+0000] {logging_mixin.py:190} INFO - No new contact found yet.
[2025-03-19T00:16:04.864+0000] {logging_mixin.py:190} INFO - No new contact found yet.
[2025-03-19T00:17:05.095+0000] {logging_mixin.py:190} INFO - No new contact found yet.
[2025-03-19T00:18:05.252+0000] {logging_mixin.py:190} INFO - No new contact found yet.
