[2025-03-18T23:46:48.140+0000] {local_task_job_runner.py:123} INFO - ::group::Pre task execution logs
[2025-03-18T23:46:48.150+0000] {taskinstance.py:2614} INFO - Dependencies all met for dep_context=non-requeueable deps ti=<TaskInstance: sevdesk_contact_pipeline.create_or_update_contact manual__2025-03-18T23:46:42.511355+00:00 [queued]>
[2025-03-18T23:46:48.157+0000] {taskinstance.py:2614} INFO - Dependencies all met for dep_context=requeueable deps ti=<TaskInstance: sevdesk_contact_pipeline.create_or_update_contact manual__2025-03-18T23:46:42.511355+00:00 [queued]>
[2025-03-18T23:46:48.157+0000] {taskinstance.py:2867} INFO - Starting attempt 1 of 3
[2025-03-18T23:46:48.237+0000] {taskinstance.py:2890} INFO - Executing <Task(PythonOperator): create_or_update_contact> on 2025-03-18 23:46:42.511355+00:00
[2025-03-18T23:46:48.240+0000] {warnings.py:112} WARNING - /home/***/.local/lib/python3.12/site-packages/***/task/task_runner/standard_task_runner.py:70: DeprecationWarning: This process (pid=82) is multi-threaded, use of fork() may lead to deadlocks in the child.
  pid = os.fork()

[2025-03-18T23:46:48.240+0000] {standard_task_runner.py:72} INFO - Started process 83 to run task
[2025-03-18T23:46:48.241+0000] {standard_task_runner.py:104} INFO - Running: ['***', 'tasks', 'run', 'sevdesk_contact_pipeline', 'create_or_update_contact', 'manual__2025-03-18T23:46:42.511355+00:00', '--job-id', '350', '--raw', '--subdir', 'DAGS_FOLDER/sevdesk_contact_pipeline.py', '--cfg-path', '/tmp/tmp7ohyz02h']
[2025-03-18T23:46:48.241+0000] {standard_task_runner.py:105} INFO - Job 350: Subtask create_or_update_contact
[2025-03-18T23:46:48.272+0000] {task_command.py:467} INFO - Running <TaskInstance: sevdesk_contact_pipeline.create_or_update_contact manual__2025-03-18T23:46:42.511355+00:00 [running]> on host e54e5582f32f
[2025-03-18T23:46:48.297+0000] {taskinstance.py:3134} INFO - Exporting env vars: AIRFLOW_CTX_DAG_OWNER='***' AIRFLOW_CTX_DAG_ID='sevdesk_contact_pipeline' AIRFLOW_CTX_TASK_ID='create_or_update_contact' AIRFLOW_CTX_EXECUTION_DATE='2025-03-18T23:46:42.511355+00:00' AIRFLOW_CTX_TRY_NUMBER='1' AIRFLOW_CTX_DAG_RUN_ID='manual__2025-03-18T23:46:42.511355+00:00'
[2025-03-18T23:46:48.298+0000] {logging_mixin.py:190} INFO - Task instance is in running state
[2025-03-18T23:46:48.298+0000] {logging_mixin.py:190} INFO -  Previous state of the Task instance: queued
[2025-03-18T23:46:48.298+0000] {logging_mixin.py:190} INFO - Current task name:create_or_update_contact state:running start_date:2025-03-18 23:46:48.150502+00:00
[2025-03-18T23:46:48.298+0000] {logging_mixin.py:190} INFO - Dag name:sevdesk_contact_pipeline and current dag run status:running
[2025-03-18T23:46:48.298+0000] {taskinstance.py:732} INFO - ::endgroup::
[2025-03-18T23:46:48.575+0000] {logging_mixin.py:190} INFO - ✅ New contact created: 99251600
[2025-03-18T23:46:48.576+0000] {python.py:240} INFO - Done. Returned value was: None
[2025-03-18T23:46:48.582+0000] {taskinstance.py:341} INFO - ::group::Post task execution logs
[2025-03-18T23:46:48.583+0000] {taskinstance.py:353} INFO - Marking task as SUCCESS. dag_id=sevdesk_contact_pipeline, task_id=create_or_update_contact, run_id=manual__2025-03-18T23:46:42.511355+00:00, execution_date=20250318T234642, start_date=20250318T234648, end_date=20250318T234648
[2025-03-18T23:46:48.593+0000] {logging_mixin.py:190} INFO - Task instance in success state
[2025-03-18T23:46:48.593+0000] {logging_mixin.py:190} INFO -  Previous state of the Task instance: running
[2025-03-18T23:46:48.593+0000] {logging_mixin.py:190} INFO - Dag name:sevdesk_contact_pipeline queued_at:2025-03-18 23:46:42.529705+00:00
[2025-03-18T23:46:48.593+0000] {logging_mixin.py:190} INFO - Task hostname:e54e5582f32f operator:PythonOperator
[2025-03-18T23:46:48.632+0000] {local_task_job_runner.py:266} INFO - Task exited with return code 0
[2025-03-18T23:46:48.641+0000] {taskinstance.py:3901} INFO - 1 downstream tasks scheduled from follow-on schedule check
[2025-03-18T23:46:48.642+0000] {local_task_job_runner.py:245} INFO - ::endgroup::
