[2025-03-17T23:02:13.565+0000] {local_task_job_runner.py:123} INFO - ::group::Pre task execution logs
[2025-03-17T23:02:13.571+0000] {taskinstance.py:2614} INFO - Dependencies all met for dep_context=non-requeueable deps ti=<TaskInstance: sevdesk_to_hubspot_sync.list_and_create_contacts manual__2025-03-17T23:02:10.830191+00:00 [queued]>
[2025-03-17T23:02:13.574+0000] {taskinstance.py:2614} INFO - Dependencies all met for dep_context=requeueable deps ti=<TaskInstance: sevdesk_to_hubspot_sync.list_and_create_contacts manual__2025-03-17T23:02:10.830191+00:00 [queued]>
[2025-03-17T23:02:13.575+0000] {taskinstance.py:2867} INFO - Starting attempt 1 of 2
[2025-03-17T23:02:13.656+0000] {taskinstance.py:2890} INFO - Executing <Task(PythonOperator): list_and_create_contacts> on 2025-03-17 23:02:10.830191+00:00
[2025-03-17T23:02:13.659+0000] {warnings.py:112} WARNING - /home/***/.local/lib/python3.12/site-packages/***/task/task_runner/standard_task_runner.py:70: DeprecationWarning: This process (pid=68) is multi-threaded, use of fork() may lead to deadlocks in the child.
  pid = os.fork()

[2025-03-17T23:02:13.660+0000] {standard_task_runner.py:72} INFO - Started process 69 to run task
[2025-03-17T23:02:13.660+0000] {standard_task_runner.py:104} INFO - Running: ['***', 'tasks', 'run', 'sevdesk_to_hubspot_sync', 'list_and_create_contacts', 'manual__2025-03-17T23:02:10.830191+00:00', '--job-id', '123', '--raw', '--subdir', 'DAGS_FOLDER/postToHubspot.py', '--cfg-path', '/tmp/tmplz7lyhbn']
[2025-03-17T23:02:13.661+0000] {standard_task_runner.py:105} INFO - Job 123: Subtask list_and_create_contacts
[2025-03-17T23:02:13.685+0000] {task_command.py:467} INFO - Running <TaskInstance: sevdesk_to_hubspot_sync.list_and_create_contacts manual__2025-03-17T23:02:10.830191+00:00 [running]> on host 51d845a36bff
[2025-03-17T23:02:13.717+0000] {taskinstance.py:3134} INFO - Exporting env vars: AIRFLOW_CTX_DAG_OWNER='***' AIRFLOW_CTX_DAG_ID='sevdesk_to_hubspot_sync' AIRFLOW_CTX_TASK_ID='list_and_create_contacts' AIRFLOW_CTX_EXECUTION_DATE='2025-03-17T23:02:10.830191+00:00' AIRFLOW_CTX_TRY_NUMBER='1' AIRFLOW_CTX_DAG_RUN_ID='manual__2025-03-17T23:02:10.830191+00:00'
[2025-03-17T23:02:13.718+0000] {logging_mixin.py:190} INFO - Task instance is in running state
[2025-03-17T23:02:13.718+0000] {logging_mixin.py:190} INFO -  Previous state of the Task instance: queued
[2025-03-17T23:02:13.718+0000] {logging_mixin.py:190} INFO - Current task name:list_and_create_contacts state:running start_date:2025-03-17 23:02:13.571507+00:00
[2025-03-17T23:02:13.718+0000] {logging_mixin.py:190} INFO - Dag name:sevdesk_to_hubspot_sync and current dag run status:running
[2025-03-17T23:02:13.718+0000] {taskinstance.py:732} INFO - ::endgroup::
[2025-03-17T23:02:13.974+0000] {logging_mixin.py:190} INFO - +------------+------------------------+-----------+--------------------------+---------------------------+---------------------------+------------+
[2025-03-17T23:02:13.974+0000] {logging_mixin.py:190} INFO - | Contact ID |   First Name           | Last Name |          Email           |          Created          | Sensor Timestamp          | Flag       |
[2025-03-17T23:02:13.974+0000] {logging_mixin.py:190} INFO - +------------+------------------------+-----------+--------------------------+---------------------------+---------------------------+------------+
[2025-03-17T23:02:13.975+0000] {logging_mixin.py:190} INFO - ⚠️ No valid email for Contact ID: 99183170. Using default email: NONE
[2025-03-17T23:02:13.975+0000] {logging_mixin.py:190} INFO - | 99183170   | my                     | Testcompany | NONE                     | 2025-03-17T23:29:08+01:00 | 2000-01-01T00:00:00+00:00 | New        |
[2025-03-17T23:02:13.975+0000] {logging_mixin.py:190} INFO - Creating contact in HubSpot with ID: 99183170, Email: NONE, First Name: my, Last Name: Testcompany
[2025-03-17T23:02:14.416+0000] {logging_mixin.py:190} INFO - ❌ Failed to create contact in HubSpot. Status Code: 400
[2025-03-17T23:02:14.417+0000] {logging_mixin.py:190} INFO - Error Response: {'status': 'error', 'message': 'Property values were not valid: [{"isValid":false,"message":"Email address NONE is invalid","error":"INVALID_EMAIL","name":"email"}]', 'correlationId': '2815af93-3473-48b4-8035-77398c49ada5', 'errors': [{'message': 'Email address NONE is invalid', 'code': 'INVALID_EMAIL', 'context': {'propertyName': ['email']}}], 'category': 'VALIDATION_ERROR'}
[2025-03-17T23:02:14.417+0000] {logging_mixin.py:190} INFO - ⚠️ No valid email for Contact ID: 99182294. Using default email: NONE
[2025-03-17T23:02:14.417+0000] {logging_mixin.py:190} INFO - | 99182294   | my                     | Testcompany | NONE                     | 2025-03-17T22:57:31+01:00 | 2000-01-01T00:00:00+00:00 | New        |
[2025-03-17T23:02:14.417+0000] {logging_mixin.py:190} INFO - Creating contact in HubSpot with ID: 99182294, Email: NONE, First Name: my, Last Name: Testcompany
[2025-03-17T23:02:14.794+0000] {logging_mixin.py:190} INFO - ❌ Failed to create contact in HubSpot. Status Code: 400
[2025-03-17T23:02:14.795+0000] {logging_mixin.py:190} INFO - Error Response: {'status': 'error', 'message': 'Property values were not valid: [{"isValid":false,"message":"Email address NONE is invalid","error":"INVALID_EMAIL","name":"email"}]', 'correlationId': '903026ca-f9c2-4ac6-a452-b5e6d855b677', 'errors': [{'message': 'Email address NONE is invalid', 'code': 'INVALID_EMAIL', 'context': {'propertyName': ['email']}}], 'category': 'VALIDATION_ERROR'}
[2025-03-17T23:02:14.795+0000] {logging_mixin.py:190} INFO - ⚠️ No valid email for Contact ID: 99178582. Using default email: NONE
[2025-03-17T23:02:14.795+0000] {logging_mixin.py:190} INFO - | 99178582   | My                     | Testcompany | NONE                     | 2025-03-17T21:12:19+01:00 | 2000-01-01T00:00:00+00:00 | New        |
[2025-03-17T23:02:14.796+0000] {logging_mixin.py:190} INFO - Creating contact in HubSpot with ID: 99178582, Email: NONE, First Name: My, Last Name: Testcompany
[2025-03-17T23:02:15.053+0000] {logging_mixin.py:190} INFO - ❌ Failed to create contact in HubSpot. Status Code: 400
[2025-03-17T23:02:15.054+0000] {logging_mixin.py:190} INFO - Error Response: {'status': 'error', 'message': 'Property values were not valid: [{"isValid":false,"message":"Email address NONE is invalid","error":"INVALID_EMAIL","name":"email"}]', 'correlationId': '51e4ed3b-e0c9-49fd-aa9c-5b022be9266d', 'errors': [{'message': 'Email address NONE is invalid', 'code': 'INVALID_EMAIL', 'context': {'propertyName': ['email']}}], 'category': 'VALIDATION_ERROR'}
[2025-03-17T23:02:15.054+0000] {logging_mixin.py:190} INFO - ⚠️ No valid email for Contact ID: 99178296. Using default email: NONE
[2025-03-17T23:02:15.055+0000] {logging_mixin.py:190} INFO - | 99178296   | My                     | Testcompany | NONE                     | 2025-03-17T21:05:17+01:00 | 2000-01-01T00:00:00+00:00 | New        |
[2025-03-17T23:02:15.055+0000] {logging_mixin.py:190} INFO - Creating contact in HubSpot with ID: 99178296, Email: NONE, First Name: My, Last Name: Testcompany
[2025-03-17T23:02:15.298+0000] {logging_mixin.py:190} INFO - ❌ Failed to create contact in HubSpot. Status Code: 400
[2025-03-17T23:02:15.299+0000] {logging_mixin.py:190} INFO - Error Response: {'status': 'error', 'message': 'Property values were not valid: [{"isValid":false,"message":"Email address NONE is invalid","error":"INVALID_EMAIL","name":"email"}]', 'correlationId': 'ddb66440-769b-4aeb-9c4c-b10feae156cc', 'errors': [{'message': 'Email address NONE is invalid', 'code': 'INVALID_EMAIL', 'context': {'propertyName': ['email']}}], 'category': 'VALIDATION_ERROR'}
[2025-03-17T23:02:15.300+0000] {logging_mixin.py:190} INFO - ⚠️ No valid email for Contact ID: 99177988. Using default email: NONE
[2025-03-17T23:02:15.301+0000] {logging_mixin.py:190} INFO - | 99177988   | My                     | Testcompany | NONE                     | 2025-03-17T20:59:41+01:00 | 2000-01-01T00:00:00+00:00 | New        |
[2025-03-17T23:02:15.301+0000] {logging_mixin.py:190} INFO - Creating contact in HubSpot with ID: 99177988, Email: NONE, First Name: My, Last Name: Testcompany
[2025-03-17T23:02:15.486+0000] {logging_mixin.py:190} INFO - ❌ Failed to create contact in HubSpot. Status Code: 400
[2025-03-17T23:02:15.488+0000] {logging_mixin.py:190} INFO - Error Response: {'status': 'error', 'message': 'Property values were not valid: [{"isValid":false,"message":"Email address NONE is invalid","error":"INVALID_EMAIL","name":"email"}]', 'correlationId': '502746fb-bcbd-4e60-919b-f9bc901d711a', 'errors': [{'message': 'Email address NONE is invalid', 'code': 'INVALID_EMAIL', 'context': {'propertyName': ['email']}}], 'category': 'VALIDATION_ERROR'}
[2025-03-17T23:02:15.489+0000] {logging_mixin.py:190} INFO - ⚠️ No valid email for Contact ID: 99177549. Using default email: NONE
[2025-03-17T23:02:15.489+0000] {logging_mixin.py:190} INFO - | 99177549   | My                     | Testcompany | NONE                     | 2025-03-17T20:49:25+01:00 | 2000-01-01T00:00:00+00:00 | New        |
[2025-03-17T23:02:15.490+0000] {logging_mixin.py:190} INFO - Creating contact in HubSpot with ID: 99177549, Email: NONE, First Name: My, Last Name: Testcompany
[2025-03-17T23:02:15.685+0000] {logging_mixin.py:190} INFO - ❌ Failed to create contact in HubSpot. Status Code: 400
[2025-03-17T23:02:15.685+0000] {logging_mixin.py:190} INFO - Error Response: {'status': 'error', 'message': 'Property values were not valid: [{"isValid":false,"message":"Email address NONE is invalid","error":"INVALID_EMAIL","name":"email"}]', 'correlationId': 'e5338578-fcf3-4bd7-88fb-be402e14f14e', 'errors': [{'message': 'Email address NONE is invalid', 'code': 'INVALID_EMAIL', 'context': {'propertyName': ['email']}}], 'category': 'VALIDATION_ERROR'}
[2025-03-17T23:02:15.686+0000] {logging_mixin.py:190} INFO - ⚠️ No valid email for Contact ID: 99176805. Using default email: NONE
[2025-03-17T23:02:15.686+0000] {logging_mixin.py:190} INFO - | 99176805   | My                     | Testcompany | NONE                     | 2025-03-17T20:30:44+01:00 | 2000-01-01T00:00:00+00:00 | New        |
[2025-03-17T23:02:15.686+0000] {logging_mixin.py:190} INFO - Creating contact in HubSpot with ID: 99176805, Email: NONE, First Name: My, Last Name: Testcompany
[2025-03-17T23:02:15.882+0000] {logging_mixin.py:190} INFO - ❌ Failed to create contact in HubSpot. Status Code: 400
[2025-03-17T23:02:15.883+0000] {logging_mixin.py:190} INFO - Error Response: {'status': 'error', 'message': 'Property values were not valid: [{"isValid":false,"message":"Email address NONE is invalid","error":"INVALID_EMAIL","name":"email"}]', 'correlationId': '637f73fa-866b-4c01-8bcf-225c37b78ffa', 'errors': [{'message': 'Email address NONE is invalid', 'code': 'INVALID_EMAIL', 'context': {'propertyName': ['email']}}], 'category': 'VALIDATION_ERROR'}
[2025-03-17T23:02:15.884+0000] {logging_mixin.py:190} INFO - ⚠️ No valid email for Contact ID: 99176275. Using default email: NONE
[2025-03-17T23:02:15.885+0000] {logging_mixin.py:190} INFO - | 99176275   | My                     | Testcompany | NONE                     | 2025-03-17T20:22:32+01:00 | 2000-01-01T00:00:00+00:00 | New        |
[2025-03-17T23:02:15.885+0000] {logging_mixin.py:190} INFO - Creating contact in HubSpot with ID: 99176275, Email: NONE, First Name: My, Last Name: Testcompany
[2025-03-17T23:02:16.097+0000] {logging_mixin.py:190} INFO - ❌ Failed to create contact in HubSpot. Status Code: 400
[2025-03-17T23:02:16.097+0000] {logging_mixin.py:190} INFO - Error Response: {'status': 'error', 'message': 'Property values were not valid: [{"isValid":false,"message":"Email address NONE is invalid","error":"INVALID_EMAIL","name":"email"}]', 'correlationId': '652ca100-8330-49b7-ae66-cff9e4bad3e6', 'errors': [{'message': 'Email address NONE is invalid', 'code': 'INVALID_EMAIL', 'context': {'propertyName': ['email']}}], 'category': 'VALIDATION_ERROR'}
[2025-03-17T23:02:16.098+0000] {logging_mixin.py:190} INFO - ⚠️ No valid email for Contact ID: 99173138. Using default email: NONE
[2025-03-17T23:02:16.099+0000] {logging_mixin.py:190} INFO - | 99173138   | first_kal              | N/A       | NONE                     | 2025-03-17T19:05:55+01:00 | 2000-01-01T00:00:00+00:00 | New        |
[2025-03-17T23:02:16.099+0000] {logging_mixin.py:190} INFO - Creating contact in HubSpot with ID: 99173138, Email: NONE, First Name: first_kal, Last Name: N/A
[2025-03-17T23:02:16.359+0000] {logging_mixin.py:190} INFO - ❌ Failed to create contact in HubSpot. Status Code: 400
[2025-03-17T23:02:16.359+0000] {logging_mixin.py:190} INFO - Error Response: {'status': 'error', 'message': 'Property values were not valid: [{"isValid":false,"message":"Email address NONE is invalid","error":"INVALID_EMAIL","name":"email"}]', 'correlationId': 'c663e781-42cb-472c-affd-ba27a30b83b5', 'errors': [{'message': 'Email address NONE is invalid', 'code': 'INVALID_EMAIL', 'context': {'propertyName': ['email']}}], 'category': 'VALIDATION_ERROR'}
[2025-03-17T23:02:16.360+0000] {logging_mixin.py:190} INFO - ⚠️ No valid email for Contact ID: 99172144. Using default email: NONE
[2025-03-17T23:02:16.360+0000] {logging_mixin.py:190} INFO - | 99172144   | first_kal              | N/A       | NONE                     | 2025-03-17T18:42:58+01:00 | 2000-01-01T00:00:00+00:00 | New        |
[2025-03-17T23:02:16.360+0000] {logging_mixin.py:190} INFO - Creating contact in HubSpot with ID: 99172144, Email: NONE, First Name: first_kal, Last Name: N/A
[2025-03-17T23:02:16.577+0000] {logging_mixin.py:190} INFO - ❌ Failed to create contact in HubSpot. Status Code: 400
[2025-03-17T23:02:16.578+0000] {logging_mixin.py:190} INFO - Error Response: {'status': 'error', 'message': 'Property values were not valid: [{"isValid":false,"message":"Email address NONE is invalid","error":"INVALID_EMAIL","name":"email"}]', 'correlationId': 'cbb8b5a0-216a-4959-9303-3cfd9e721ff1', 'errors': [{'message': 'Email address NONE is invalid', 'code': 'INVALID_EMAIL', 'context': {'propertyName': ['email']}}], 'category': 'VALIDATION_ERROR'}
[2025-03-17T23:02:16.579+0000] {logging_mixin.py:190} INFO - ⚠️ No valid email for Contact ID: 98976708. Using default email: NONE
[2025-03-17T23:02:16.579+0000] {logging_mixin.py:190} INFO - | 98976708   | first_kal              | N/A       | NONE                     | 2025-03-15T14:29:20+01:00 | 2000-01-01T00:00:00+00:00 | New        |
[2025-03-17T23:02:16.580+0000] {logging_mixin.py:190} INFO - Creating contact in HubSpot with ID: 98976708, Email: NONE, First Name: first_kal, Last Name: N/A
[2025-03-17T23:02:16.756+0000] {logging_mixin.py:190} INFO - ❌ Failed to create contact in HubSpot. Status Code: 400
[2025-03-17T23:02:16.757+0000] {logging_mixin.py:190} INFO - Error Response: {'status': 'error', 'message': 'Property values were not valid: [{"isValid":false,"message":"Email address NONE is invalid","error":"INVALID_EMAIL","name":"email"}]', 'correlationId': 'd828d90a-9875-42ad-9dbd-23a4b3f8637e', 'errors': [{'message': 'Email address NONE is invalid', 'code': 'INVALID_EMAIL', 'context': {'propertyName': ['email']}}], 'category': 'VALIDATION_ERROR'}
[2025-03-17T23:02:16.757+0000] {logging_mixin.py:190} INFO - ⚠️ No valid email for Contact ID: 98971508. Using default email: NONE
[2025-03-17T23:02:16.757+0000] {logging_mixin.py:190} INFO - | 98971508   | John                   | N/A       | NONE                     | 2025-03-15T13:01:44+01:00 | 2000-01-01T00:00:00+00:00 | New        |
[2025-03-17T23:02:16.757+0000] {logging_mixin.py:190} INFO - Creating contact in HubSpot with ID: 98971508, Email: NONE, First Name: John, Last Name: N/A
[2025-03-17T23:02:16.975+0000] {logging_mixin.py:190} INFO - ❌ Failed to create contact in HubSpot. Status Code: 400
[2025-03-17T23:02:16.976+0000] {logging_mixin.py:190} INFO - Error Response: {'status': 'error', 'message': 'Property values were not valid: [{"isValid":false,"message":"Email address NONE is invalid","error":"INVALID_EMAIL","name":"email"}]', 'correlationId': '3ca90720-597d-4512-83cb-8c73aa3499b4', 'errors': [{'message': 'Email address NONE is invalid', 'code': 'INVALID_EMAIL', 'context': {'propertyName': ['email']}}], 'category': 'VALIDATION_ERROR'}
[2025-03-17T23:02:16.977+0000] {logging_mixin.py:190} INFO - ⚠️ No valid email for Contact ID: 98971422. Using default email: NONE
[2025-03-17T23:02:16.978+0000] {logging_mixin.py:190} INFO - | 98971422   | John                   | Doe       | NONE                     | 2025-03-15T12:59:07+01:00 | 2000-01-01T00:00:00+00:00 | New        |
[2025-03-17T23:02:16.978+0000] {logging_mixin.py:190} INFO - Creating contact in HubSpot with ID: 98971422, Email: NONE, First Name: John, Last Name: Doe
[2025-03-17T23:02:17.226+0000] {logging_mixin.py:190} INFO - ❌ Failed to create contact in HubSpot. Status Code: 400
[2025-03-17T23:02:17.227+0000] {logging_mixin.py:190} INFO - Error Response: {'status': 'error', 'message': 'Property values were not valid: [{"isValid":false,"message":"Email address NONE is invalid","error":"INVALID_EMAIL","name":"email"}]', 'correlationId': '2992300c-c282-494b-b5f2-125c1bcdaee7', 'errors': [{'message': 'Email address NONE is invalid', 'code': 'INVALID_EMAIL', 'context': {'propertyName': ['email']}}], 'category': 'VALIDATION_ERROR'}
[2025-03-17T23:02:17.228+0000] {logging_mixin.py:190} INFO - ⚠️ No valid email for Contact ID: 98970848. Using default email: NONE
[2025-03-17T23:02:17.229+0000] {logging_mixin.py:190} INFO - | 98970848   | John                   | N/A       | NONE                     | 2025-03-15T12:42:01+01:00 | 2000-01-01T00:00:00+00:00 | New        |
[2025-03-17T23:02:17.230+0000] {logging_mixin.py:190} INFO - Creating contact in HubSpot with ID: 98970848, Email: NONE, First Name: John, Last Name: N/A
[2025-03-17T23:02:17.457+0000] {logging_mixin.py:190} INFO - ❌ Failed to create contact in HubSpot. Status Code: 400
[2025-03-17T23:02:17.458+0000] {logging_mixin.py:190} INFO - Error Response: {'status': 'error', 'message': 'Property values were not valid: [{"isValid":false,"message":"Email address NONE is invalid","error":"INVALID_EMAIL","name":"email"}]', 'correlationId': 'cd16c7b9-7277-4933-90e2-f0960c4d8958', 'errors': [{'message': 'Email address NONE is invalid', 'code': 'INVALID_EMAIL', 'context': {'propertyName': ['email']}}], 'category': 'VALIDATION_ERROR'}
[2025-03-17T23:02:17.459+0000] {logging_mixin.py:190} INFO - ⚠️ No valid email for Contact ID: 98969935. Using default email: NONE
[2025-03-17T23:02:17.460+0000] {logging_mixin.py:190} INFO - | 98969935   | My                     | Testcompany | NONE                     | 2025-03-15T12:18:57+01:00 | 2000-01-01T00:00:00+00:00 | New        |
[2025-03-17T23:02:17.461+0000] {logging_mixin.py:190} INFO - Creating contact in HubSpot with ID: 98969935, Email: NONE, First Name: My, Last Name: Testcompany
[2025-03-17T23:02:17.651+0000] {logging_mixin.py:190} INFO - ❌ Failed to create contact in HubSpot. Status Code: 400
[2025-03-17T23:02:17.652+0000] {logging_mixin.py:190} INFO - Error Response: {'status': 'error', 'message': 'Property values were not valid: [{"isValid":false,"message":"Email address NONE is invalid","error":"INVALID_EMAIL","name":"email"}]', 'correlationId': '8f5069d5-050d-4230-9c4e-2eba33727bd1', 'errors': [{'message': 'Email address NONE is invalid', 'code': 'INVALID_EMAIL', 'context': {'propertyName': ['email']}}], 'category': 'VALIDATION_ERROR'}
[2025-03-17T23:02:17.652+0000] {logging_mixin.py:190} INFO - ⚠️ No valid email for Contact ID: 98956413. Using default email: NONE
[2025-03-17T23:02:17.652+0000] {logging_mixin.py:190} INFO - | 98956413   | John                   | N/A       | NONE                     | 2025-03-15T02:43:55+01:00 | 2000-01-01T00:00:00+00:00 | New        |
[2025-03-17T23:02:17.652+0000] {logging_mixin.py:190} INFO - Creating contact in HubSpot with ID: 98956413, Email: NONE, First Name: John, Last Name: N/A
[2025-03-17T23:02:17.816+0000] {logging_mixin.py:190} INFO - ❌ Failed to create contact in HubSpot. Status Code: 400
[2025-03-17T23:02:17.816+0000] {logging_mixin.py:190} INFO - Error Response: {'status': 'error', 'message': 'Property values were not valid: [{"isValid":false,"message":"Email address NONE is invalid","error":"INVALID_EMAIL","name":"email"}]', 'correlationId': '381f70a1-e13a-472e-b1df-c5a5cf92f20d', 'errors': [{'message': 'Email address NONE is invalid', 'code': 'INVALID_EMAIL', 'context': {'propertyName': ['email']}}], 'category': 'VALIDATION_ERROR'}
[2025-03-17T23:02:17.817+0000] {logging_mixin.py:190} INFO - ⚠️ No valid email for Contact ID: 98953498. Using default email: NONE
[2025-03-17T23:02:17.817+0000] {logging_mixin.py:190} INFO - | 98953498   | John                   | N/A       | NONE                     | 2025-03-15T02:21:21+01:00 | 2000-01-01T00:00:00+00:00 | New        |
[2025-03-17T23:02:17.817+0000] {logging_mixin.py:190} INFO - Creating contact in HubSpot with ID: 98953498, Email: NONE, First Name: John, Last Name: N/A
[2025-03-17T23:02:18.009+0000] {logging_mixin.py:190} INFO - ❌ Failed to create contact in HubSpot. Status Code: 400
[2025-03-17T23:02:18.010+0000] {logging_mixin.py:190} INFO - Error Response: {'status': 'error', 'message': 'Property values were not valid: [{"isValid":false,"message":"Email address NONE is invalid","error":"INVALID_EMAIL","name":"email"}]', 'correlationId': 'ce0b2da7-8357-48ac-b463-6c1b01d26bdd', 'errors': [{'message': 'Email address NONE is invalid', 'code': 'INVALID_EMAIL', 'context': {'propertyName': ['email']}}], 'category': 'VALIDATION_ERROR'}
[2025-03-17T23:02:18.010+0000] {logging_mixin.py:190} INFO - ⚠️ No valid email for Contact ID: 98932742. Using default email: NONE
[2025-03-17T23:02:18.010+0000] {logging_mixin.py:190} INFO - | 98932742   | John                   | N/A       | NONE                     | 2025-03-15T02:04:54+01:00 | 2000-01-01T00:00:00+00:00 | New        |
[2025-03-17T23:02:18.010+0000] {logging_mixin.py:190} INFO - Creating contact in HubSpot with ID: 98932742, Email: NONE, First Name: John, Last Name: N/A
[2025-03-17T23:02:18.235+0000] {logging_mixin.py:190} INFO - ❌ Failed to create contact in HubSpot. Status Code: 400
[2025-03-17T23:02:18.235+0000] {logging_mixin.py:190} INFO - Error Response: {'status': 'error', 'message': 'Property values were not valid: [{"isValid":false,"message":"Email address NONE is invalid","error":"INVALID_EMAIL","name":"email"}]', 'correlationId': 'd7dd667f-ef5a-4dba-b4f6-ad9e608c469f', 'errors': [{'message': 'Email address NONE is invalid', 'code': 'INVALID_EMAIL', 'context': {'propertyName': ['email']}}], 'category': 'VALIDATION_ERROR'}
[2025-03-17T23:02:18.236+0000] {logging_mixin.py:190} INFO - ⚠️ No valid email for Contact ID: 98930430. Using default email: NONE
[2025-03-17T23:02:18.236+0000] {logging_mixin.py:190} INFO - | 98930430   | John1                  | N/A       | NONE                     | 2025-03-15T02:00:59+01:00 | 2000-01-01T00:00:00+00:00 | New        |
[2025-03-17T23:02:18.236+0000] {logging_mixin.py:190} INFO - Creating contact in HubSpot with ID: 98930430, Email: NONE, First Name: John1, Last Name: N/A
[2025-03-17T23:02:18.417+0000] {logging_mixin.py:190} INFO - ❌ Failed to create contact in HubSpot. Status Code: 400
[2025-03-17T23:02:18.417+0000] {logging_mixin.py:190} INFO - Error Response: {'status': 'error', 'message': 'Property values were not valid: [{"isValid":false,"message":"Email address NONE is invalid","error":"INVALID_EMAIL","name":"email"}]', 'correlationId': '77fcbd08-5431-4233-8748-332534ac9a0f', 'errors': [{'message': 'Email address NONE is invalid', 'code': 'INVALID_EMAIL', 'context': {'propertyName': ['email']}}], 'category': 'VALIDATION_ERROR'}
[2025-03-17T23:02:18.417+0000] {logging_mixin.py:190} INFO - ⚠️ No valid email for Contact ID: 98930400. Using default email: NONE
[2025-03-17T23:02:18.418+0000] {logging_mixin.py:190} INFO - | 98930400   | John1                  | N/A       | NONE                     | 2025-03-15T01:59:30+01:00 | 2000-01-01T00:00:00+00:00 | New        |
[2025-03-17T23:02:18.418+0000] {logging_mixin.py:190} INFO - Creating contact in HubSpot with ID: 98930400, Email: NONE, First Name: John1, Last Name: N/A
[2025-03-17T23:02:18.668+0000] {logging_mixin.py:190} INFO - ❌ Failed to create contact in HubSpot. Status Code: 400
[2025-03-17T23:02:18.669+0000] {logging_mixin.py:190} INFO - Error Response: {'status': 'error', 'message': 'Property values were not valid: [{"isValid":false,"message":"Email address NONE is invalid","error":"INVALID_EMAIL","name":"email"}]', 'correlationId': 'c92ef80f-d66a-48b2-89cc-15b73279ec91', 'errors': [{'message': 'Email address NONE is invalid', 'code': 'INVALID_EMAIL', 'context': {'propertyName': ['email']}}], 'category': 'VALIDATION_ERROR'}
[2025-03-17T23:02:18.669+0000] {logging_mixin.py:190} INFO - ⚠️ No valid email for Contact ID: 98930384. Using default email: NONE
[2025-03-17T23:02:18.669+0000] {logging_mixin.py:190} INFO - | 98930384   | John1                  | N/A       | NONE                     | 2025-03-15T01:58:33+01:00 | 2000-01-01T00:00:00+00:00 | New        |
[2025-03-17T23:02:18.670+0000] {logging_mixin.py:190} INFO - Creating contact in HubSpot with ID: 98930384, Email: NONE, First Name: John1, Last Name: N/A
[2025-03-17T23:02:18.852+0000] {logging_mixin.py:190} INFO - ❌ Failed to create contact in HubSpot. Status Code: 400
[2025-03-17T23:02:18.852+0000] {logging_mixin.py:190} INFO - Error Response: {'status': 'error', 'message': 'Property values were not valid: [{"isValid":false,"message":"Email address NONE is invalid","error":"INVALID_EMAIL","name":"email"}]', 'correlationId': '111318be-78b5-4692-8e0a-2dad98d667ff', 'errors': [{'message': 'Email address NONE is invalid', 'code': 'INVALID_EMAIL', 'context': {'propertyName': ['email']}}], 'category': 'VALIDATION_ERROR'}
[2025-03-17T23:02:18.853+0000] {logging_mixin.py:190} INFO - ⚠️ No valid email for Contact ID: 98930326. Using default email: NONE
[2025-03-17T23:02:18.853+0000] {logging_mixin.py:190} INFO - | 98930326   | John1                  | N/A       | NONE                     | 2025-03-15T01:54:51+01:00 | 2000-01-01T00:00:00+00:00 | New        |
[2025-03-17T23:02:18.854+0000] {logging_mixin.py:190} INFO - Creating contact in HubSpot with ID: 98930326, Email: NONE, First Name: John1, Last Name: N/A
[2025-03-17T23:02:19.092+0000] {logging_mixin.py:190} INFO - ❌ Failed to create contact in HubSpot. Status Code: 400
[2025-03-17T23:02:19.094+0000] {logging_mixin.py:190} INFO - Error Response: {'status': 'error', 'message': 'Property values were not valid: [{"isValid":false,"message":"Email address NONE is invalid","error":"INVALID_EMAIL","name":"email"}]', 'correlationId': 'c353de2f-55bb-4e00-afcf-74cb93e43e1e', 'errors': [{'message': 'Email address NONE is invalid', 'code': 'INVALID_EMAIL', 'context': {'propertyName': ['email']}}], 'category': 'VALIDATION_ERROR'}
[2025-03-17T23:02:19.095+0000] {logging_mixin.py:190} INFO - ⚠️ No valid email for Contact ID: 98930274. Using default email: NONE
[2025-03-17T23:02:19.096+0000] {logging_mixin.py:190} INFO - | 98930274   | John1                  | N/A       | NONE                     | 2025-03-15T01:51:03+01:00 | 2000-01-01T00:00:00+00:00 | New        |
[2025-03-17T23:02:19.096+0000] {logging_mixin.py:190} INFO - Creating contact in HubSpot with ID: 98930274, Email: NONE, First Name: John1, Last Name: N/A
[2025-03-17T23:02:19.264+0000] {logging_mixin.py:190} INFO - ❌ Failed to create contact in HubSpot. Status Code: 400
[2025-03-17T23:02:19.264+0000] {logging_mixin.py:190} INFO - Error Response: {'status': 'error', 'message': 'Property values were not valid: [{"isValid":false,"message":"Email address NONE is invalid","error":"INVALID_EMAIL","name":"email"}]', 'correlationId': '13d443ff-c7d5-4c2b-87ac-66a73662f331', 'errors': [{'message': 'Email address NONE is invalid', 'code': 'INVALID_EMAIL', 'context': {'propertyName': ['email']}}], 'category': 'VALIDATION_ERROR'}
[2025-03-17T23:02:19.265+0000] {logging_mixin.py:190} INFO - ⚠️ No valid email for Contact ID: 98929863. Using default email: NONE
[2025-03-17T23:02:19.265+0000] {logging_mixin.py:190} INFO - | 98929863   | John                   | N/A       | NONE                     | 2025-03-15T01:26:43+01:00 | 2000-01-01T00:00:00+00:00 | New        |
[2025-03-17T23:02:19.265+0000] {logging_mixin.py:190} INFO - Creating contact in HubSpot with ID: 98929863, Email: NONE, First Name: John, Last Name: N/A
[2025-03-17T23:02:19.446+0000] {logging_mixin.py:190} INFO - ❌ Failed to create contact in HubSpot. Status Code: 400
[2025-03-17T23:02:19.447+0000] {logging_mixin.py:190} INFO - Error Response: {'status': 'error', 'message': 'Property values were not valid: [{"isValid":false,"message":"Email address NONE is invalid","error":"INVALID_EMAIL","name":"email"}]', 'correlationId': '7d0143bb-274b-4f01-94b8-c023fa3cb78c', 'errors': [{'message': 'Email address NONE is invalid', 'code': 'INVALID_EMAIL', 'context': {'propertyName': ['email']}}], 'category': 'VALIDATION_ERROR'}
[2025-03-17T23:02:19.448+0000] {logging_mixin.py:190} INFO - ⚠️ No valid email for Contact ID: 98928548. Using default email: NONE
[2025-03-17T23:02:19.448+0000] {logging_mixin.py:190} INFO - | 98928548   | John                   | N/A       | NONE                     | 2025-03-15T00:11:45+01:00 | 2000-01-01T00:00:00+00:00 | New        |
[2025-03-17T23:02:19.448+0000] {logging_mixin.py:190} INFO - Creating contact in HubSpot with ID: 98928548, Email: NONE, First Name: John, Last Name: N/A
[2025-03-17T23:02:19.642+0000] {logging_mixin.py:190} INFO - ❌ Failed to create contact in HubSpot. Status Code: 400
[2025-03-17T23:02:19.643+0000] {logging_mixin.py:190} INFO - Error Response: {'status': 'error', 'message': 'Property values were not valid: [{"isValid":false,"message":"Email address NONE is invalid","error":"INVALID_EMAIL","name":"email"}]', 'correlationId': 'c1fd852e-e218-4949-9c52-71645b183339', 'errors': [{'message': 'Email address NONE is invalid', 'code': 'INVALID_EMAIL', 'context': {'propertyName': ['email']}}], 'category': 'VALIDATION_ERROR'}
[2025-03-17T23:02:19.644+0000] {logging_mixin.py:190} INFO - ⚠️ No valid email for Contact ID: 98928508. Using default email: NONE
[2025-03-17T23:02:19.645+0000] {logging_mixin.py:190} INFO - | 98928508   | John                   | N/A       | NONE                     | 2025-03-15T00:09:39+01:00 | 2000-01-01T00:00:00+00:00 | New        |
[2025-03-17T23:02:19.645+0000] {logging_mixin.py:190} INFO - Creating contact in HubSpot with ID: 98928508, Email: NONE, First Name: John, Last Name: N/A
[2025-03-17T23:02:20.621+0000] {logging_mixin.py:190} INFO - ❌ Failed to create contact in HubSpot. Status Code: 400
[2025-03-17T23:02:20.622+0000] {logging_mixin.py:190} INFO - Error Response: {'status': 'error', 'message': 'Property values were not valid: [{"isValid":false,"message":"Email address NONE is invalid","error":"INVALID_EMAIL","name":"email"}]', 'correlationId': '45b122b4-d810-4ef0-a55c-f872ce7187a9', 'errors': [{'message': 'Email address NONE is invalid', 'code': 'INVALID_EMAIL', 'context': {'propertyName': ['email']}}], 'category': 'VALIDATION_ERROR'}
[2025-03-17T23:02:20.623+0000] {logging_mixin.py:190} INFO - ⚠️ No valid email for Contact ID: 98890719. Using default email: NONE
[2025-03-17T23:02:20.624+0000] {logging_mixin.py:190} INFO - | 98890719   | my                     | Testcompany | NONE                     | 2025-03-14T10:59:24+01:00 | 2000-01-01T00:00:00+00:00 | New        |
[2025-03-17T23:02:20.624+0000] {logging_mixin.py:190} INFO - Creating contact in HubSpot with ID: 98890719, Email: NONE, First Name: my, Last Name: Testcompany
[2025-03-17T23:02:20.826+0000] {logging_mixin.py:190} INFO - ❌ Failed to create contact in HubSpot. Status Code: 400
[2025-03-17T23:02:20.827+0000] {logging_mixin.py:190} INFO - Error Response: {'status': 'error', 'message': 'Property values were not valid: [{"isValid":false,"message":"Email address NONE is invalid","error":"INVALID_EMAIL","name":"email"}]', 'correlationId': '5f8ffbd7-ddad-43b9-9bb6-bf360032cdb8', 'errors': [{'message': 'Email address NONE is invalid', 'code': 'INVALID_EMAIL', 'context': {'propertyName': ['email']}}], 'category': 'VALIDATION_ERROR'}
[2025-03-17T23:02:20.828+0000] {logging_mixin.py:190} INFO - ⚠️ No valid email for Contact ID: 98873796. Using default email: NONE
[2025-03-17T23:02:20.829+0000] {logging_mixin.py:190} INFO - | 98873796   | My                     | Testcompany | NONE                     | 2025-03-14T01:48:05+01:00 | 2000-01-01T00:00:00+00:00 | New        |
[2025-03-17T23:02:20.830+0000] {logging_mixin.py:190} INFO - Creating contact in HubSpot with ID: 98873796, Email: NONE, First Name: My, Last Name: Testcompany
[2025-03-17T23:02:21.091+0000] {logging_mixin.py:190} INFO - ❌ Failed to create contact in HubSpot. Status Code: 400
[2025-03-17T23:02:21.092+0000] {logging_mixin.py:190} INFO - Error Response: {'status': 'error', 'message': 'Property values were not valid: [{"isValid":false,"message":"Email address NONE is invalid","error":"INVALID_EMAIL","name":"email"}]', 'correlationId': '67a71ed4-648b-4a14-af8b-e41e8806a7ad', 'errors': [{'message': 'Email address NONE is invalid', 'code': 'INVALID_EMAIL', 'context': {'propertyName': ['email']}}], 'category': 'VALIDATION_ERROR'}
[2025-03-17T23:02:21.094+0000] {logging_mixin.py:190} INFO - ⚠️ No valid email for Contact ID: 98192934. Using default email: NONE
[2025-03-17T23:02:21.094+0000] {logging_mixin.py:190} INFO - | 98192934   | Final                  | Test      | NONE                     | 2025-03-04T20:01:44+01:00 | 2000-01-01T00:00:00+00:00 | New        |
[2025-03-17T23:02:21.095+0000] {logging_mixin.py:190} INFO - Creating contact in HubSpot with ID: 98192934, Email: NONE, First Name: Final, Last Name: Test
[2025-03-17T23:02:21.324+0000] {logging_mixin.py:190} INFO - ❌ Failed to create contact in HubSpot. Status Code: 400
[2025-03-17T23:02:21.325+0000] {logging_mixin.py:190} INFO - Error Response: {'status': 'error', 'message': 'Property values were not valid: [{"isValid":false,"message":"Email address NONE is invalid","error":"INVALID_EMAIL","name":"email"}]', 'correlationId': 'def4a706-f9d2-4814-9943-65b604620408', 'errors': [{'message': 'Email address NONE is invalid', 'code': 'INVALID_EMAIL', 'context': {'propertyName': ['email']}}], 'category': 'VALIDATION_ERROR'}
[2025-03-17T23:02:21.327+0000] {logging_mixin.py:190} INFO - ⚠️ No valid email for Contact ID: 98065087. Using default email: NONE
[2025-03-17T23:02:21.328+0000] {logging_mixin.py:190} INFO - | 98065087   | RANDOMNAMETest         | N/A       | NONE                     | 2025-03-03T06:23:19+01:00 | 2000-01-01T00:00:00+00:00 | New        |
[2025-03-17T23:02:21.328+0000] {logging_mixin.py:190} INFO - Creating contact in HubSpot with ID: 98065087, Email: NONE, First Name: RANDOMNAMETest, Last Name: N/A
[2025-03-17T23:02:21.608+0000] {logging_mixin.py:190} INFO - ❌ Failed to create contact in HubSpot. Status Code: 400
[2025-03-17T23:02:21.610+0000] {logging_mixin.py:190} INFO - Error Response: {'status': 'error', 'message': 'Property values were not valid: [{"isValid":false,"message":"Email address NONE is invalid","error":"INVALID_EMAIL","name":"email"}]', 'correlationId': '5e2a8a9b-d9cb-4913-8956-d8bd4fa50ee6', 'errors': [{'message': 'Email address NONE is invalid', 'code': 'INVALID_EMAIL', 'context': {'propertyName': ['email']}}], 'category': 'VALIDATION_ERROR'}
[2025-03-17T23:02:21.611+0000] {logging_mixin.py:190} INFO - ⚠️ No valid email for Contact ID: 98054504. Using default email: NONE
[2025-03-17T23:02:21.611+0000] {logging_mixin.py:190} INFO - | 98054504   | Testing2               | N/A       | NONE                     | 2025-03-02T22:19:16+01:00 | 2000-01-01T00:00:00+00:00 | New        |
[2025-03-17T23:02:21.612+0000] {logging_mixin.py:190} INFO - Creating contact in HubSpot with ID: 98054504, Email: NONE, First Name: Testing2, Last Name: N/A
[2025-03-17T23:02:21.820+0000] {logging_mixin.py:190} INFO - ❌ Failed to create contact in HubSpot. Status Code: 400
[2025-03-17T23:02:21.821+0000] {logging_mixin.py:190} INFO - Error Response: {'status': 'error', 'message': 'Property values were not valid: [{"isValid":false,"message":"Email address NONE is invalid","error":"INVALID_EMAIL","name":"email"}]', 'correlationId': '902a3426-6d57-4fd4-ae7f-d37260eaacf3', 'errors': [{'message': 'Email address NONE is invalid', 'code': 'INVALID_EMAIL', 'context': {'propertyName': ['email']}}], 'category': 'VALIDATION_ERROR'}
[2025-03-17T23:02:21.821+0000] {logging_mixin.py:190} INFO - ⚠️ No valid email for Contact ID: 97985262. Using default email: NONE
[2025-03-17T23:02:21.821+0000] {logging_mixin.py:190} INFO - | 97985262   | Testing                | N/A       | NONE                     | 2025-03-02T00:05:11+01:00 | 2000-01-01T00:00:00+00:00 | New        |
[2025-03-17T23:02:21.821+0000] {logging_mixin.py:190} INFO - Creating contact in HubSpot with ID: 97985262, Email: NONE, First Name: Testing, Last Name: N/A
[2025-03-17T23:02:22.064+0000] {logging_mixin.py:190} INFO - ❌ Failed to create contact in HubSpot. Status Code: 400
[2025-03-17T23:02:22.066+0000] {logging_mixin.py:190} INFO - Error Response: {'status': 'error', 'message': 'Property values were not valid: [{"isValid":false,"message":"Email address NONE is invalid","error":"INVALID_EMAIL","name":"email"}]', 'correlationId': 'ab2d9b79-8d87-41ef-8cc2-241f9464517f', 'errors': [{'message': 'Email address NONE is invalid', 'code': 'INVALID_EMAIL', 'context': {'propertyName': ['email']}}], 'category': 'VALIDATION_ERROR'}
[2025-03-17T23:02:22.067+0000] {logging_mixin.py:190} INFO - ⚠️ No valid email for Contact ID: 97713515. Using default email: NONE
[2025-03-17T23:02:22.067+0000] {logging_mixin.py:190} INFO - | 97713515   | sevdeskORG             | N/A       | NONE                     | 2025-02-25T17:34:42+01:00 | 2000-01-01T00:00:00+00:00 | New        |
[2025-03-17T23:02:22.068+0000] {logging_mixin.py:190} INFO - Creating contact in HubSpot with ID: 97713515, Email: NONE, First Name: sevdeskORG, Last Name: N/A
[2025-03-17T23:02:22.282+0000] {logging_mixin.py:190} INFO - ❌ Failed to create contact in HubSpot. Status Code: 400
[2025-03-17T23:02:22.283+0000] {logging_mixin.py:190} INFO - Error Response: {'status': 'error', 'message': 'Property values were not valid: [{"isValid":false,"message":"Email address NONE is invalid","error":"INVALID_EMAIL","name":"email"}]', 'correlationId': '40a3f186-d603-4404-9a8a-b37bf7a87bb3', 'errors': [{'message': 'Email address NONE is invalid', 'code': 'INVALID_EMAIL', 'context': {'propertyName': ['email']}}], 'category': 'VALIDATION_ERROR'}
[2025-03-17T23:02:22.284+0000] {logging_mixin.py:190} INFO - ⚠️ No valid email for Contact ID: 83206214. Using default email: NONE
[2025-03-17T23:02:22.285+0000] {logging_mixin.py:190} INFO - | 83206214   | Testing                | GmbH      | NONE                     | 2024-09-14T16:52:15+02:00 | 2000-01-01T00:00:00+00:00 | New        |
[2025-03-17T23:02:22.285+0000] {logging_mixin.py:190} INFO - Creating contact in HubSpot with ID: 83206214, Email: NONE, First Name: Testing, Last Name: GmbH
[2025-03-17T23:02:22.473+0000] {logging_mixin.py:190} INFO - ❌ Failed to create contact in HubSpot. Status Code: 400
[2025-03-17T23:02:22.474+0000] {logging_mixin.py:190} INFO - Error Response: {'status': 'error', 'message': 'Property values were not valid: [{"isValid":false,"message":"Email address NONE is invalid","error":"INVALID_EMAIL","name":"email"}]', 'correlationId': 'fc8bdf10-2257-4d6b-83d7-f2b2a499a6d6', 'errors': [{'message': 'Email address NONE is invalid', 'code': 'INVALID_EMAIL', 'context': {'propertyName': ['email']}}], 'category': 'VALIDATION_ERROR'}
[2025-03-17T23:02:22.475+0000] {logging_mixin.py:190} INFO - +------------+------------------------+-----------+--------------------------+---------------------------+---------------------------+------------+
[2025-03-17T23:02:22.477+0000] {python.py:240} INFO - Done. Returned value was: None
[2025-03-17T23:02:22.490+0000] {taskinstance.py:341} INFO - ::group::Post task execution logs
[2025-03-17T23:02:22.491+0000] {taskinstance.py:353} INFO - Marking task as SUCCESS. dag_id=sevdesk_to_hubspot_sync, task_id=list_and_create_contacts, run_id=manual__2025-03-17T23:02:10.830191+00:00, execution_date=20250317T230210, start_date=20250317T230213, end_date=20250317T230222
[2025-03-17T23:02:22.511+0000] {logging_mixin.py:190} INFO - Task instance in success state
[2025-03-17T23:02:22.511+0000] {logging_mixin.py:190} INFO -  Previous state of the Task instance: running
[2025-03-17T23:02:22.512+0000] {logging_mixin.py:190} INFO - Dag name:sevdesk_to_hubspot_sync queued_at:2025-03-17 23:02:10.845145+00:00
[2025-03-17T23:02:22.512+0000] {logging_mixin.py:190} INFO - Task hostname:51d845a36bff operator:PythonOperator
[2025-03-17T23:02:22.529+0000] {local_task_job_runner.py:266} INFO - Task exited with return code 0
[2025-03-17T23:02:22.536+0000] {taskinstance.py:3901} INFO - 0 downstream tasks scheduled from follow-on schedule check
[2025-03-17T23:02:22.536+0000] {local_task_job_runner.py:245} INFO - ::endgroup::
