[2025-03-18T23:57:07.454+0000] {local_task_job_runner.py:123} INFO - ::group::Pre task execution logs
[2025-03-18T23:57:07.482+0000] {taskinstance.py:2614} INFO - Dependencies all met for dep_context=non-requeueable deps ti=<TaskInstance: fetch_sevdesk_contacts.fetch_sevdesk_contacts_task scheduled__2024-04-06T08:00:00+00:00 [queued]>
[2025-03-18T23:57:07.503+0000] {taskinstance.py:2614} INFO - Dependencies all met for dep_context=requeueable deps ti=<TaskInstance: fetch_sevdesk_contacts.fetch_sevdesk_contacts_task scheduled__2024-04-06T08:00:00+00:00 [queued]>
[2025-03-18T23:57:07.529+0000] {taskinstance.py:2867} INFO - Starting attempt 1 of 2
[2025-03-18T23:57:08.094+0000] {taskinstance.py:2890} INFO - Executing <Task(PythonOperator): fetch_sevdesk_contacts_task> on 2024-04-06 08:00:00+00:00
[2025-03-18T23:57:08.136+0000] {warnings.py:112} WARNING - /home/***/.local/lib/python3.12/site-packages/***/task/task_runner/standard_task_runner.py:70: DeprecationWarning: This process (pid=1552) is multi-threaded, use of fork() may lead to deadlocks in the child.
  pid = os.fork()

[2025-03-18T23:57:08.137+0000] {standard_task_runner.py:104} INFO - Running: ['***', 'tasks', 'run', 'fetch_sevdesk_contacts', 'fetch_sevdesk_contacts_task', 'scheduled__2024-04-06T08:00:00+00:00', '--job-id', '799', '--raw', '--subdir', 'DAGS_FOLDER/fetch_sevdesk_contacts_dag.py', '--cfg-path', '/tmp/tmpoahc_6ro']
[2025-03-18T23:57:08.170+0000] {standard_task_runner.py:105} INFO - Job 799: Subtask fetch_sevdesk_contacts_task
[2025-03-18T23:57:08.159+0000] {standard_task_runner.py:72} INFO - Started process 1571 to run task
[2025-03-18T23:57:08.548+0000] {task_command.py:467} INFO - Running <TaskInstance: fetch_sevdesk_contacts.fetch_sevdesk_contacts_task scheduled__2024-04-06T08:00:00+00:00 [running]> on host e54e5582f32f
[2025-03-18T23:57:08.820+0000] {taskinstance.py:3134} INFO - Exporting env vars: AIRFLOW_CTX_DAG_OWNER='***' AIRFLOW_CTX_DAG_ID='fetch_sevdesk_contacts' AIRFLOW_CTX_TASK_ID='fetch_sevdesk_contacts_task' AIRFLOW_CTX_EXECUTION_DATE='2024-04-06T08:00:00+00:00' AIRFLOW_CTX_TRY_NUMBER='1' AIRFLOW_CTX_DAG_RUN_ID='scheduled__2024-04-06T08:00:00+00:00'
[2025-03-18T23:57:08.853+0000] {logging_mixin.py:190} INFO - Task instance is in running state
[2025-03-18T23:57:08.863+0000] {logging_mixin.py:190} INFO -  Previous state of the Task instance: queued
[2025-03-18T23:57:08.959+0000] {logging_mixin.py:190} INFO - Current task name:fetch_sevdesk_contacts_task state:running start_date:2025-03-18 23:57:07.483191+00:00
[2025-03-18T23:57:08.963+0000] {logging_mixin.py:190} INFO - Dag name:fetch_sevdesk_contacts and current dag run status:running
[2025-03-18T23:57:08.964+0000] {taskinstance.py:732} INFO - ::endgroup::
[2025-03-18T23:57:08.975+0000] {logging_mixin.py:190} INFO - Using createAfter filter: 2025-03-17T23:57:08.975425
[2025-03-18T23:57:08.993+0000] {logging_mixin.py:190} INFO - Current timestamp: 2025-03-18T23:57:08.975445
[2025-03-18T23:57:09.391+0000] {python.py:240} INFO - Done. Returned value was: None
[2025-03-18T23:57:09.492+0000] {taskinstance.py:341} INFO - ::group::Post task execution logs
[2025-03-18T23:57:09.613+0000] {taskinstance.py:353} INFO - Marking task as SUCCESS. dag_id=fetch_sevdesk_contacts, task_id=fetch_sevdesk_contacts_task, run_id=scheduled__2024-04-06T08:00:00+00:00, execution_date=20240406T080000, start_date=20250318T235707, end_date=20250318T235709
[2025-03-18T23:57:09.719+0000] {logging_mixin.py:190} INFO - Task instance in success state
[2025-03-18T23:57:09.723+0000] {logging_mixin.py:190} INFO -  Previous state of the Task instance: running
[2025-03-18T23:57:09.726+0000] {logging_mixin.py:190} INFO - Dag name:fetch_sevdesk_contacts queued_at:2025-03-18 23:57:02.470897+00:00
[2025-03-18T23:57:09.732+0000] {logging_mixin.py:190} INFO - Task hostname:e54e5582f32f operator:PythonOperator
[2025-03-18T23:57:09.773+0000] {local_task_job_runner.py:266} INFO - Task exited with return code 0
[2025-03-18T23:57:09.850+0000] {taskinstance.py:3901} INFO - 0 downstream tasks scheduled from follow-on schedule check
[2025-03-18T23:57:09.859+0000] {local_task_job_runner.py:245} INFO - ::endgroup::
