[2025-03-18T23:58:09.149+0000] {local_task_job_runner.py:123} INFO - ::group::Pre task execution logs
[2025-03-18T23:58:09.234+0000] {taskinstance.py:2614} INFO - Dependencies all met for dep_context=non-requeueable deps ti=<TaskInstance: fetch_sevdesk_contacts.fetch_sevdesk_contacts_task scheduled__2024-04-09T19:00:00+00:00 [queued]>
[2025-03-18T23:58:09.271+0000] {taskinstance.py:2614} INFO - Dependencies all met for dep_context=requeueable deps ti=<TaskInstance: fetch_sevdesk_contacts.fetch_sevdesk_contacts_task scheduled__2024-04-09T19:00:00+00:00 [queued]>
[2025-03-18T23:58:09.278+0000] {taskinstance.py:2867} INFO - Starting attempt 1 of 2
[2025-03-18T23:58:09.801+0000] {taskinstance.py:2890} INFO - Executing <Task(PythonOperator): fetch_sevdesk_contacts_task> on 2024-04-09 19:00:00+00:00
[2025-03-18T23:58:09.854+0000] {warnings.py:112} WARNING - /home/***/.local/lib/python3.12/site-packages/***/task/task_runner/standard_task_runner.py:70: DeprecationWarning: This process (pid=1802) is multi-threaded, use of fork() may lead to deadlocks in the child.
  pid = os.fork()

[2025-03-18T23:58:09.876+0000] {standard_task_runner.py:72} INFO - Started process 1829 to run task
[2025-03-18T23:58:09.872+0000] {standard_task_runner.py:104} INFO - Running: ['***', 'tasks', 'run', 'fetch_sevdesk_contacts', 'fetch_sevdesk_contacts_task', 'scheduled__2024-04-09T19:00:00+00:00', '--job-id', '881', '--raw', '--subdir', 'DAGS_FOLDER/fetch_sevdesk_contacts_dag.py', '--cfg-path', '/tmp/tmpl310yuwx']
[2025-03-18T23:58:09.908+0000] {standard_task_runner.py:105} INFO - Job 881: Subtask fetch_sevdesk_contacts_task
[2025-03-18T23:58:10.085+0000] {task_command.py:467} INFO - Running <TaskInstance: fetch_sevdesk_contacts.fetch_sevdesk_contacts_task scheduled__2024-04-09T19:00:00+00:00 [running]> on host e54e5582f32f
[2025-03-18T23:58:10.420+0000] {taskinstance.py:3134} INFO - Exporting env vars: AIRFLOW_CTX_DAG_OWNER='***' AIRFLOW_CTX_DAG_ID='fetch_sevdesk_contacts' AIRFLOW_CTX_TASK_ID='fetch_sevdesk_contacts_task' AIRFLOW_CTX_EXECUTION_DATE='2024-04-09T19:00:00+00:00' AIRFLOW_CTX_TRY_NUMBER='1' AIRFLOW_CTX_DAG_RUN_ID='scheduled__2024-04-09T19:00:00+00:00'
[2025-03-18T23:58:10.425+0000] {logging_mixin.py:190} INFO - Task instance is in running state
[2025-03-18T23:58:10.427+0000] {logging_mixin.py:190} INFO -  Previous state of the Task instance: queued
[2025-03-18T23:58:10.428+0000] {logging_mixin.py:190} INFO - Current task name:fetch_sevdesk_contacts_task state:running start_date:2025-03-18 23:58:09.240934+00:00
[2025-03-18T23:58:10.428+0000] {logging_mixin.py:190} INFO - Dag name:fetch_sevdesk_contacts and current dag run status:running
[2025-03-18T23:58:10.433+0000] {taskinstance.py:732} INFO - ::endgroup::
[2025-03-18T23:58:10.440+0000] {logging_mixin.py:190} INFO - Using createAfter filter: 2025-03-17T23:58:10.440033
[2025-03-18T23:58:10.443+0000] {logging_mixin.py:190} INFO - Current timestamp: 2025-03-18T23:58:10.440051
[2025-03-18T23:58:10.700+0000] {python.py:240} INFO - Done. Returned value was: None
[2025-03-18T23:58:10.774+0000] {taskinstance.py:341} INFO - ::group::Post task execution logs
[2025-03-18T23:58:10.791+0000] {taskinstance.py:353} INFO - Marking task as SUCCESS. dag_id=fetch_sevdesk_contacts, task_id=fetch_sevdesk_contacts_task, run_id=scheduled__2024-04-09T19:00:00+00:00, execution_date=20240409T190000, start_date=20250318T235809, end_date=20250318T235810
[2025-03-18T23:58:10.963+0000] {logging_mixin.py:190} INFO - Task instance in success state
[2025-03-18T23:58:10.971+0000] {logging_mixin.py:190} INFO -  Previous state of the Task instance: running
[2025-03-18T23:58:10.979+0000] {logging_mixin.py:190} INFO - Dag name:fetch_sevdesk_contacts queued_at:2025-03-18 23:58:04.078056+00:00
[2025-03-18T23:58:10.989+0000] {logging_mixin.py:190} INFO - Task hostname:e54e5582f32f operator:PythonOperator
[2025-03-18T23:58:11.061+0000] {local_task_job_runner.py:266} INFO - Task exited with return code 0
[2025-03-18T23:58:11.173+0000] {taskinstance.py:3901} INFO - 0 downstream tasks scheduled from follow-on schedule check
[2025-03-18T23:58:11.195+0000] {local_task_job_runner.py:245} INFO - ::endgroup::
