[2025-03-18T23:57:17.611+0000] {local_task_job_runner.py:123} INFO - ::group::Pre task execution logs
[2025-03-18T23:57:17.670+0000] {taskinstance.py:2614} INFO - Dependencies all met for dep_context=non-requeueable deps ti=<TaskInstance: fetch_sevdesk_contacts.fetch_sevdesk_contacts_task scheduled__2024-04-06T23:00:00+00:00 [queued]>
[2025-03-18T23:57:17.712+0000] {taskinstance.py:2614} INFO - Dependencies all met for dep_context=requeueable deps ti=<TaskInstance: fetch_sevdesk_contacts.fetch_sevdesk_contacts_task scheduled__2024-04-06T23:00:00+00:00 [queued]>
[2025-03-18T23:57:17.723+0000] {taskinstance.py:2867} INFO - Starting attempt 1 of 2
[2025-03-18T23:57:18.616+0000] {taskinstance.py:2890} INFO - Executing <Task(PythonOperator): fetch_sevdesk_contacts_task> on 2024-04-06 23:00:00+00:00
[2025-03-18T23:57:18.642+0000] {warnings.py:112} WARNING - /home/***/.local/lib/python3.12/site-packages/***/task/task_runner/standard_task_runner.py:70: DeprecationWarning: This process (pid=1599) is multi-threaded, use of fork() may lead to deadlocks in the child.
  pid = os.fork()

[2025-03-18T23:57:18.650+0000] {standard_task_runner.py:72} INFO - Started process 1610 to run task
[2025-03-18T23:57:18.653+0000] {standard_task_runner.py:104} INFO - Running: ['***', 'tasks', 'run', 'fetch_sevdesk_contacts', 'fetch_sevdesk_contacts_task', 'scheduled__2024-04-06T23:00:00+00:00', '--job-id', '811', '--raw', '--subdir', 'DAGS_FOLDER/fetch_sevdesk_contacts_dag.py', '--cfg-path', '/tmp/tmpfhuz0138']
[2025-03-18T23:57:18.657+0000] {standard_task_runner.py:105} INFO - Job 811: Subtask fetch_sevdesk_contacts_task
[2025-03-18T23:57:18.829+0000] {task_command.py:467} INFO - Running <TaskInstance: fetch_sevdesk_contacts.fetch_sevdesk_contacts_task scheduled__2024-04-06T23:00:00+00:00 [running]> on host e54e5582f32f
[2025-03-18T23:57:19.100+0000] {taskinstance.py:3134} INFO - Exporting env vars: AIRFLOW_CTX_DAG_OWNER='***' AIRFLOW_CTX_DAG_ID='fetch_sevdesk_contacts' AIRFLOW_CTX_TASK_ID='fetch_sevdesk_contacts_task' AIRFLOW_CTX_EXECUTION_DATE='2024-04-06T23:00:00+00:00' AIRFLOW_CTX_TRY_NUMBER='1' AIRFLOW_CTX_DAG_RUN_ID='scheduled__2024-04-06T23:00:00+00:00'
[2025-03-18T23:57:19.108+0000] {logging_mixin.py:190} INFO - Task instance is in running state
[2025-03-18T23:57:19.111+0000] {logging_mixin.py:190} INFO -  Previous state of the Task instance: queued
[2025-03-18T23:57:19.173+0000] {logging_mixin.py:190} INFO - Current task name:fetch_sevdesk_contacts_task state:running start_date:2025-03-18 23:57:17.677591+00:00
[2025-03-18T23:57:19.178+0000] {logging_mixin.py:190} INFO - Dag name:fetch_sevdesk_contacts and current dag run status:running
[2025-03-18T23:57:19.183+0000] {taskinstance.py:732} INFO - ::endgroup::
[2025-03-18T23:57:19.191+0000] {logging_mixin.py:190} INFO - Using createAfter filter: 2025-03-17T23:57:19.191620
[2025-03-18T23:57:19.197+0000] {logging_mixin.py:190} INFO - Current timestamp: 2025-03-18T23:57:19.191651
[2025-03-18T23:57:19.479+0000] {python.py:240} INFO - Done. Returned value was: None
[2025-03-18T23:57:19.516+0000] {taskinstance.py:341} INFO - ::group::Post task execution logs
[2025-03-18T23:57:19.517+0000] {taskinstance.py:353} INFO - Marking task as SUCCESS. dag_id=fetch_sevdesk_contacts, task_id=fetch_sevdesk_contacts_task, run_id=scheduled__2024-04-06T23:00:00+00:00, execution_date=20240406T230000, start_date=20250318T235717, end_date=20250318T235719
[2025-03-18T23:57:19.610+0000] {logging_mixin.py:190} INFO - Task instance in success state
[2025-03-18T23:57:19.611+0000] {logging_mixin.py:190} INFO -  Previous state of the Task instance: running
[2025-03-18T23:57:19.612+0000] {logging_mixin.py:190} INFO - Dag name:fetch_sevdesk_contacts queued_at:2025-03-18 23:57:15.021590+00:00
[2025-03-18T23:57:19.613+0000] {logging_mixin.py:190} INFO - Task hostname:e54e5582f32f operator:PythonOperator
[2025-03-18T23:57:19.661+0000] {local_task_job_runner.py:266} INFO - Task exited with return code 0
[2025-03-18T23:57:19.706+0000] {taskinstance.py:3901} INFO - 0 downstream tasks scheduled from follow-on schedule check
[2025-03-18T23:57:19.717+0000] {local_task_job_runner.py:245} INFO - ::endgroup::
