[2025-03-18T07:40:03.636+0000] {local_task_job_runner.py:123} INFO - ::group::Pre task execution logs
[2025-03-18T07:40:03.645+0000] {taskinstance.py:2614} INFO - Dependencies all met for dep_context=non-requeueable deps ti=<TaskInstance: sevdesk_to_hubspot_sync_dynamic.process_and_create_contact scheduled__2025-03-18T07:35:00+00:00 [queued]>
[2025-03-18T07:40:03.731+0000] {taskinstance.py:2614} INFO - Dependencies all met for dep_context=requeueable deps ti=<TaskInstance: sevdesk_to_hubspot_sync_dynamic.process_and_create_contact scheduled__2025-03-18T07:35:00+00:00 [queued]>
[2025-03-18T07:40:03.732+0000] {taskinstance.py:2867} INFO - Starting attempt 1 of 2
[2025-03-18T07:40:03.737+0000] {taskinstance.py:2890} INFO - Executing <Task(PythonOperator): process_and_create_contact> on 2025-03-18 07:35:00+00:00
[2025-03-18T07:40:03.740+0000] {warnings.py:112} WARNING - /home/***/.local/lib/python3.12/site-packages/***/task/task_runner/standard_task_runner.py:70: DeprecationWarning: This process (pid=180) is multi-threaded, use of fork() may lead to deadlocks in the child.
  pid = os.fork()

[2025-03-18T07:40:03.742+0000] {standard_task_runner.py:72} INFO - Started process 181 to run task
[2025-03-18T07:40:03.742+0000] {standard_task_runner.py:104} INFO - Running: ['***', 'tasks', 'run', 'sevdesk_to_hubspot_sync_dynamic', 'process_and_create_contact', 'scheduled__2025-03-18T07:35:00+00:00', '--job-id', '155', '--raw', '--subdir', 'DAGS_FOLDER/dynamicsensor_dag.py', '--cfg-path', '/tmp/tmpphdol425']
[2025-03-18T07:40:03.742+0000] {standard_task_runner.py:105} INFO - Job 155: Subtask process_and_create_contact
[2025-03-18T07:40:03.769+0000] {task_command.py:467} INFO - Running <TaskInstance: sevdesk_to_hubspot_sync_dynamic.process_and_create_contact scheduled__2025-03-18T07:35:00+00:00 [running]> on host 9c697b397d93
[2025-03-18T07:40:03.798+0000] {taskinstance.py:3134} INFO - Exporting env vars: AIRFLOW_CTX_DAG_OWNER='***' AIRFLOW_CTX_DAG_ID='sevdesk_to_hubspot_sync_dynamic' AIRFLOW_CTX_TASK_ID='process_and_create_contact' AIRFLOW_CTX_EXECUTION_DATE='2025-03-18T07:35:00+00:00' AIRFLOW_CTX_TRY_NUMBER='1' AIRFLOW_CTX_DAG_RUN_ID='scheduled__2025-03-18T07:35:00+00:00'
[2025-03-18T07:40:03.801+0000] {logging_mixin.py:190} INFO - Task instance is in running state
[2025-03-18T07:40:03.801+0000] {logging_mixin.py:190} INFO -  Previous state of the Task instance: queued
[2025-03-18T07:40:03.801+0000] {logging_mixin.py:190} INFO - Current task name:process_and_create_contact state:running start_date:2025-03-18 07:40:03.646498+00:00
[2025-03-18T07:40:03.801+0000] {logging_mixin.py:190} INFO - Dag name:sevdesk_to_hubspot_sync_dynamic and current dag run status:running
[2025-03-18T07:40:03.801+0000] {taskinstance.py:732} INFO - ::endgroup::
[2025-03-18T07:40:03.805+0000] {logging_mixin.py:190} INFO - ❌ No new contact found to create in HubSpot.
[2025-03-18T07:40:03.805+0000] {python.py:240} INFO - Done. Returned value was: None
[2025-03-18T07:40:03.810+0000] {taskinstance.py:341} INFO - ::group::Post task execution logs
[2025-03-18T07:40:03.814+0000] {taskinstance.py:353} INFO - Marking task as SUCCESS. dag_id=sevdesk_to_hubspot_sync_dynamic, task_id=process_and_create_contact, run_id=scheduled__2025-03-18T07:35:00+00:00, execution_date=20250318T073500, start_date=20250318T074003, end_date=20250318T074003
[2025-03-18T07:40:03.824+0000] {logging_mixin.py:190} INFO - Task instance in success state
[2025-03-18T07:40:03.825+0000] {logging_mixin.py:190} INFO -  Previous state of the Task instance: running
[2025-03-18T07:40:03.825+0000] {logging_mixin.py:190} INFO - Dag name:sevdesk_to_hubspot_sync_dynamic queued_at:2025-03-18 07:40:01.047256+00:00
[2025-03-18T07:40:03.827+0000] {logging_mixin.py:190} INFO - Task hostname:9c697b397d93 operator:PythonOperator
[2025-03-18T07:40:03.839+0000] {local_task_job_runner.py:266} INFO - Task exited with return code 0
[2025-03-18T07:40:03.847+0000] {taskinstance.py:3901} INFO - 0 downstream tasks scheduled from follow-on schedule check
[2025-03-18T07:40:03.848+0000] {local_task_job_runner.py:245} INFO - ::endgroup::
