[2025-03-17T21:55:01.287+0000] {local_task_job_runner.py:123} INFO - ::group::Pre task execution logs
[2025-03-17T21:55:01.294+0000] {taskinstance.py:2614} INFO - Dependencies all met for dep_context=non-requeueable deps ti=<TaskInstance: sevdesk_to_hubspot_sync_dynamic.detect_new_contact_in_sevdesk scheduled__2025-03-17T21:50:00+00:00 [queued]>
[2025-03-17T21:55:01.297+0000] {taskinstance.py:2614} INFO - Dependencies all met for dep_context=requeueable deps ti=<TaskInstance: sevdesk_to_hubspot_sync_dynamic.detect_new_contact_in_sevdesk scheduled__2025-03-17T21:50:00+00:00 [queued]>
[2025-03-17T21:55:01.298+0000] {taskinstance.py:2867} INFO - Starting attempt 1 of 2
[2025-03-17T21:55:01.391+0000] {taskinstance.py:2890} INFO - Executing <Task(SevDeskNewContactSensor): detect_new_contact_in_sevdesk> on 2025-03-17 21:50:00+00:00
[2025-03-17T21:55:01.395+0000] {warnings.py:112} WARNING - /home/***/.local/lib/python3.12/site-packages/***/task/task_runner/standard_task_runner.py:70: DeprecationWarning: This process (pid=1807) is multi-threaded, use of fork() may lead to deadlocks in the child.
  pid = os.fork()

[2025-03-17T21:55:01.396+0000] {standard_task_runner.py:72} INFO - Started process 1808 to run task
[2025-03-17T21:55:01.397+0000] {standard_task_runner.py:104} INFO - Running: ['***', 'tasks', 'run', 'sevdesk_to_hubspot_sync_dynamic', 'detect_new_contact_in_sevdesk', 'scheduled__2025-03-17T21:50:00+00:00', '--job-id', '68', '--raw', '--subdir', 'DAGS_FOLDER/dynamicsensor_dag.py', '--cfg-path', '/tmp/tmpwmt7ptom']
[2025-03-17T21:55:01.397+0000] {standard_task_runner.py:105} INFO - Job 68: Subtask detect_new_contact_in_sevdesk
[2025-03-17T21:55:01.418+0000] {task_command.py:467} INFO - Running <TaskInstance: sevdesk_to_hubspot_sync_dynamic.detect_new_contact_in_sevdesk scheduled__2025-03-17T21:50:00+00:00 [running]> on host 07f4f36f3e31
[2025-03-17T21:55:01.449+0000] {taskinstance.py:3134} INFO - Exporting env vars: AIRFLOW_CTX_DAG_OWNER='***' AIRFLOW_CTX_DAG_ID='sevdesk_to_hubspot_sync_dynamic' AIRFLOW_CTX_TASK_ID='detect_new_contact_in_sevdesk' AIRFLOW_CTX_EXECUTION_DATE='2025-03-17T21:50:00+00:00' AIRFLOW_CTX_TRY_NUMBER='1' AIRFLOW_CTX_DAG_RUN_ID='scheduled__2025-03-17T21:50:00+00:00'
[2025-03-17T21:55:01.450+0000] {logging_mixin.py:190} INFO - Task instance is in running state
[2025-03-17T21:55:01.450+0000] {logging_mixin.py:190} INFO -  Previous state of the Task instance: queued
[2025-03-17T21:55:01.450+0000] {logging_mixin.py:190} INFO - Current task name:detect_new_contact_in_sevdesk state:running start_date:2025-03-17 21:55:01.295115+00:00
[2025-03-17T21:55:01.450+0000] {logging_mixin.py:190} INFO - Dag name:sevdesk_to_hubspot_sync_dynamic and current dag run status:running
[2025-03-17T21:55:01.450+0000] {taskinstance.py:732} INFO - ::endgroup::
[2025-03-17T21:55:01.671+0000] {logging_mixin.py:190} INFO - New contact found with ID: 99178582
[2025-03-17T21:55:01.672+0000] {base.py:339} INFO - Success criteria met. Exiting.
[2025-03-17T21:55:01.678+0000] {taskinstance.py:341} INFO - ::group::Post task execution logs
[2025-03-17T21:55:01.679+0000] {taskinstance.py:353} INFO - Marking task as SUCCESS. dag_id=sevdesk_to_hubspot_sync_dynamic, task_id=detect_new_contact_in_sevdesk, run_id=scheduled__2025-03-17T21:50:00+00:00, execution_date=20250317T215000, start_date=20250317T215501, end_date=20250317T215501
[2025-03-17T21:55:01.688+0000] {logging_mixin.py:190} INFO - Task instance in success state
[2025-03-17T21:55:01.688+0000] {logging_mixin.py:190} INFO -  Previous state of the Task instance: running
[2025-03-17T21:55:01.688+0000] {logging_mixin.py:190} INFO - Dag name:sevdesk_to_hubspot_sync_dynamic queued_at:2025-03-17 21:55:00.611240+00:00
[2025-03-17T21:55:01.688+0000] {logging_mixin.py:190} INFO - Task hostname:07f4f36f3e31 operator:SevDeskNewContactSensor
[2025-03-17T21:55:01.716+0000] {local_task_job_runner.py:266} INFO - Task exited with return code 0
[2025-03-17T21:55:01.726+0000] {taskinstance.py:3901} INFO - 1 downstream tasks scheduled from follow-on schedule check
[2025-03-17T21:55:01.727+0000] {local_task_job_runner.py:245} INFO - ::endgroup::
