[2025-03-17T22:56:03.220+0000] {local_task_job_runner.py:123} INFO - ::group::Pre task execution logs
[2025-03-17T22:56:03.225+0000] {taskinstance.py:2614} INFO - Dependencies all met for dep_context=non-requeueable deps ti=<TaskInstance: sevdesk_to_hubspot_sync.list_and_create_contacts manual__2025-03-17T22:56:01.424810+00:00 [queued]>
[2025-03-17T22:56:03.228+0000] {taskinstance.py:2614} INFO - Dependencies all met for dep_context=requeueable deps ti=<TaskInstance: sevdesk_to_hubspot_sync.list_and_create_contacts manual__2025-03-17T22:56:01.424810+00:00 [queued]>
[2025-03-17T22:56:03.228+0000] {taskinstance.py:2867} INFO - Starting attempt 1 of 2
[2025-03-17T22:56:03.295+0000] {taskinstance.py:2890} INFO - Executing <Task(PythonOperator): list_and_create_contacts> on 2025-03-17 22:56:01.424810+00:00
[2025-03-17T22:56:03.299+0000] {warnings.py:112} WARNING - /home/***/.local/lib/python3.12/site-packages/***/task/task_runner/standard_task_runner.py:70: DeprecationWarning: This process (pid=408) is multi-threaded, use of fork() may lead to deadlocks in the child.
  pid = os.fork()

[2025-03-17T22:56:03.300+0000] {standard_task_runner.py:72} INFO - Started process 409 to run task
[2025-03-17T22:56:03.300+0000] {standard_task_runner.py:104} INFO - Running: ['***', 'tasks', 'run', 'sevdesk_to_hubspot_sync', 'list_and_create_contacts', 'manual__2025-03-17T22:56:01.424810+00:00', '--job-id', '116', '--raw', '--subdir', 'DAGS_FOLDER/postToHubspot.py', '--cfg-path', '/tmp/tmp1fq3owi7']
[2025-03-17T22:56:03.301+0000] {standard_task_runner.py:105} INFO - Job 116: Subtask list_and_create_contacts
[2025-03-17T22:56:03.327+0000] {task_command.py:467} INFO - Running <TaskInstance: sevdesk_to_hubspot_sync.list_and_create_contacts manual__2025-03-17T22:56:01.424810+00:00 [running]> on host 07c6dae1fdd0
[2025-03-17T22:56:03.353+0000] {taskinstance.py:3134} INFO - Exporting env vars: AIRFLOW_CTX_DAG_OWNER='***' AIRFLOW_CTX_DAG_ID='sevdesk_to_hubspot_sync' AIRFLOW_CTX_TASK_ID='list_and_create_contacts' AIRFLOW_CTX_EXECUTION_DATE='2025-03-17T22:56:01.424810+00:00' AIRFLOW_CTX_TRY_NUMBER='1' AIRFLOW_CTX_DAG_RUN_ID='manual__2025-03-17T22:56:01.424810+00:00'
[2025-03-17T22:56:03.354+0000] {logging_mixin.py:190} INFO - Task instance is in running state
[2025-03-17T22:56:03.354+0000] {logging_mixin.py:190} INFO -  Previous state of the Task instance: queued
[2025-03-17T22:56:03.354+0000] {logging_mixin.py:190} INFO - Current task name:list_and_create_contacts state:running start_date:2025-03-17 22:56:03.225776+00:00
[2025-03-17T22:56:03.354+0000] {logging_mixin.py:190} INFO - Dag name:sevdesk_to_hubspot_sync and current dag run status:running
[2025-03-17T22:56:03.354+0000] {taskinstance.py:732} INFO - ::endgroup::
[2025-03-17T22:56:03.550+0000] {logging_mixin.py:190} INFO - +------------+------------------------+-----------+--------------------------+---------------------------+---------------------------+------------+
[2025-03-17T22:56:03.550+0000] {logging_mixin.py:190} INFO - | Contact ID |   First Name           | Last Name |          Email           |          Created          | Sensor Timestamp          | Flag       |
[2025-03-17T22:56:03.551+0000] {logging_mixin.py:190} INFO - +------------+------------------------+-----------+--------------------------+---------------------------+---------------------------+------------+
[2025-03-17T22:56:03.551+0000] {logging_mixin.py:190} INFO - ⚠️ No valid email for Contact ID: 99183170. Using default email: placeholder@example.com
[2025-03-17T22:56:03.551+0000] {logging_mixin.py:190} INFO - | 99183170   | my                     | Testcompany | placeholder@example.com  | 2025-03-17T23:29:08+01:00 | 2025-03-17T23:29:08+01:00 | Old        |
[2025-03-17T22:56:03.551+0000] {logging_mixin.py:190} INFO - ⚠️ No valid email for Contact ID: 99182294. Using default email: placeholder@example.com
[2025-03-17T22:56:03.552+0000] {logging_mixin.py:190} INFO - | 99182294   | my                     | Testcompany | placeholder@example.com  | 2025-03-17T22:57:31+01:00 | 2025-03-17T23:29:08+01:00 | Old        |
[2025-03-17T22:56:03.552+0000] {logging_mixin.py:190} INFO - ⚠️ No valid email for Contact ID: 99178582. Using default email: placeholder@example.com
[2025-03-17T22:56:03.552+0000] {logging_mixin.py:190} INFO - | 99178582   | My                     | Testcompany | placeholder@example.com  | 2025-03-17T21:12:19+01:00 | 2025-03-17T23:29:08+01:00 | Old        |
[2025-03-17T22:56:03.552+0000] {logging_mixin.py:190} INFO - ⚠️ No valid email for Contact ID: 99178296. Using default email: placeholder@example.com
[2025-03-17T22:56:03.552+0000] {logging_mixin.py:190} INFO - | 99178296   | My                     | Testcompany | placeholder@example.com  | 2025-03-17T21:05:17+01:00 | 2025-03-17T23:29:08+01:00 | Old        |
[2025-03-17T22:56:03.553+0000] {logging_mixin.py:190} INFO - ⚠️ No valid email for Contact ID: 99177988. Using default email: placeholder@example.com
[2025-03-17T22:56:03.553+0000] {logging_mixin.py:190} INFO - | 99177988   | My                     | Testcompany | placeholder@example.com  | 2025-03-17T20:59:41+01:00 | 2025-03-17T23:29:08+01:00 | Old        |
[2025-03-17T22:56:03.553+0000] {logging_mixin.py:190} INFO - ⚠️ No valid email for Contact ID: 99177549. Using default email: placeholder@example.com
[2025-03-17T22:56:03.553+0000] {logging_mixin.py:190} INFO - | 99177549   | My                     | Testcompany | placeholder@example.com  | 2025-03-17T20:49:25+01:00 | 2025-03-17T23:29:08+01:00 | Old        |
[2025-03-17T22:56:03.553+0000] {logging_mixin.py:190} INFO - ⚠️ No valid email for Contact ID: 99176805. Using default email: placeholder@example.com
[2025-03-17T22:56:03.553+0000] {logging_mixin.py:190} INFO - | 99176805   | My                     | Testcompany | placeholder@example.com  | 2025-03-17T20:30:44+01:00 | 2025-03-17T23:29:08+01:00 | Old        |
[2025-03-17T22:56:03.554+0000] {logging_mixin.py:190} INFO - ⚠️ No valid email for Contact ID: 99176275. Using default email: placeholder@example.com
[2025-03-17T22:56:03.554+0000] {logging_mixin.py:190} INFO - | 99176275   | My                     | Testcompany | placeholder@example.com  | 2025-03-17T20:22:32+01:00 | 2025-03-17T23:29:08+01:00 | Old        |
[2025-03-17T22:56:03.554+0000] {logging_mixin.py:190} INFO - ⚠️ No valid email for Contact ID: 99173138. Using default email: placeholder@example.com
[2025-03-17T22:56:03.554+0000] {logging_mixin.py:190} INFO - | 99173138   | first_kal              | N/A       | placeholder@example.com  | 2025-03-17T19:05:55+01:00 | 2025-03-17T23:29:08+01:00 | Old        |
[2025-03-17T22:56:03.554+0000] {logging_mixin.py:190} INFO - ⚠️ No valid email for Contact ID: 99172144. Using default email: placeholder@example.com
[2025-03-17T22:56:03.554+0000] {logging_mixin.py:190} INFO - | 99172144   | first_kal              | N/A       | placeholder@example.com  | 2025-03-17T18:42:58+01:00 | 2025-03-17T23:29:08+01:00 | Old        |
[2025-03-17T22:56:03.555+0000] {logging_mixin.py:190} INFO - ⚠️ No valid email for Contact ID: 98976708. Using default email: placeholder@example.com
[2025-03-17T22:56:03.555+0000] {logging_mixin.py:190} INFO - | 98976708   | first_kal              | N/A       | placeholder@example.com  | 2025-03-15T14:29:20+01:00 | 2025-03-17T23:29:08+01:00 | Old        |
[2025-03-17T22:56:03.555+0000] {logging_mixin.py:190} INFO - ⚠️ No valid email for Contact ID: 98971508. Using default email: placeholder@example.com
[2025-03-17T22:56:03.555+0000] {logging_mixin.py:190} INFO - | 98971508   | John                   | N/A       | placeholder@example.com  | 2025-03-15T13:01:44+01:00 | 2025-03-17T23:29:08+01:00 | Old        |
[2025-03-17T22:56:03.555+0000] {logging_mixin.py:190} INFO - ⚠️ No valid email for Contact ID: 98971422. Using default email: placeholder@example.com
[2025-03-17T22:56:03.555+0000] {logging_mixin.py:190} INFO - | 98971422   | John                   | Doe       | placeholder@example.com  | 2025-03-15T12:59:07+01:00 | 2025-03-17T23:29:08+01:00 | Old        |
[2025-03-17T22:56:03.555+0000] {logging_mixin.py:190} INFO - ⚠️ No valid email for Contact ID: 98970848. Using default email: placeholder@example.com
[2025-03-17T22:56:03.556+0000] {logging_mixin.py:190} INFO - | 98970848   | John                   | N/A       | placeholder@example.com  | 2025-03-15T12:42:01+01:00 | 2025-03-17T23:29:08+01:00 | Old        |
[2025-03-17T22:56:03.556+0000] {logging_mixin.py:190} INFO - ⚠️ No valid email for Contact ID: 98969935. Using default email: placeholder@example.com
[2025-03-17T22:56:03.556+0000] {logging_mixin.py:190} INFO - | 98969935   | My                     | Testcompany | placeholder@example.com  | 2025-03-15T12:18:57+01:00 | 2025-03-17T23:29:08+01:00 | Old        |
[2025-03-17T22:56:03.556+0000] {logging_mixin.py:190} INFO - ⚠️ No valid email for Contact ID: 98956413. Using default email: placeholder@example.com
[2025-03-17T22:56:03.556+0000] {logging_mixin.py:190} INFO - | 98956413   | John                   | N/A       | placeholder@example.com  | 2025-03-15T02:43:55+01:00 | 2025-03-17T23:29:08+01:00 | Old        |
[2025-03-17T22:56:03.556+0000] {logging_mixin.py:190} INFO - ⚠️ No valid email for Contact ID: 98953498. Using default email: placeholder@example.com
[2025-03-17T22:56:03.557+0000] {logging_mixin.py:190} INFO - | 98953498   | John                   | N/A       | placeholder@example.com  | 2025-03-15T02:21:21+01:00 | 2025-03-17T23:29:08+01:00 | Old        |
[2025-03-17T22:56:03.557+0000] {logging_mixin.py:190} INFO - ⚠️ No valid email for Contact ID: 98932742. Using default email: placeholder@example.com
[2025-03-17T22:56:03.557+0000] {logging_mixin.py:190} INFO - | 98932742   | John                   | N/A       | placeholder@example.com  | 2025-03-15T02:04:54+01:00 | 2025-03-17T23:29:08+01:00 | Old        |
[2025-03-17T22:56:03.557+0000] {logging_mixin.py:190} INFO - ⚠️ No valid email for Contact ID: 98930430. Using default email: placeholder@example.com
[2025-03-17T22:56:03.557+0000] {logging_mixin.py:190} INFO - | 98930430   | John1                  | N/A       | placeholder@example.com  | 2025-03-15T02:00:59+01:00 | 2025-03-17T23:29:08+01:00 | Old        |
[2025-03-17T22:56:03.557+0000] {logging_mixin.py:190} INFO - ⚠️ No valid email for Contact ID: 98930400. Using default email: placeholder@example.com
[2025-03-17T22:56:03.558+0000] {logging_mixin.py:190} INFO - | 98930400   | John1                  | N/A       | placeholder@example.com  | 2025-03-15T01:59:30+01:00 | 2025-03-17T23:29:08+01:00 | Old        |
[2025-03-17T22:56:03.558+0000] {logging_mixin.py:190} INFO - ⚠️ No valid email for Contact ID: 98930384. Using default email: placeholder@example.com
[2025-03-17T22:56:03.558+0000] {logging_mixin.py:190} INFO - | 98930384   | John1                  | N/A       | placeholder@example.com  | 2025-03-15T01:58:33+01:00 | 2025-03-17T23:29:08+01:00 | Old        |
[2025-03-17T22:56:03.558+0000] {logging_mixin.py:190} INFO - ⚠️ No valid email for Contact ID: 98930326. Using default email: placeholder@example.com
[2025-03-17T22:56:03.558+0000] {logging_mixin.py:190} INFO - | 98930326   | John1                  | N/A       | placeholder@example.com  | 2025-03-15T01:54:51+01:00 | 2025-03-17T23:29:08+01:00 | Old        |
[2025-03-17T22:56:03.558+0000] {logging_mixin.py:190} INFO - ⚠️ No valid email for Contact ID: 98930274. Using default email: placeholder@example.com
[2025-03-17T22:56:03.558+0000] {logging_mixin.py:190} INFO - | 98930274   | John1                  | N/A       | placeholder@example.com  | 2025-03-15T01:51:03+01:00 | 2025-03-17T23:29:08+01:00 | Old        |
[2025-03-17T22:56:03.558+0000] {logging_mixin.py:190} INFO - ⚠️ No valid email for Contact ID: 98929863. Using default email: placeholder@example.com
[2025-03-17T22:56:03.558+0000] {logging_mixin.py:190} INFO - | 98929863   | John                   | N/A       | placeholder@example.com  | 2025-03-15T01:26:43+01:00 | 2025-03-17T23:29:08+01:00 | Old        |
[2025-03-17T22:56:03.559+0000] {logging_mixin.py:190} INFO - ⚠️ No valid email for Contact ID: 98928548. Using default email: placeholder@example.com
[2025-03-17T22:56:03.559+0000] {logging_mixin.py:190} INFO - | 98928548   | John                   | N/A       | placeholder@example.com  | 2025-03-15T00:11:45+01:00 | 2025-03-17T23:29:08+01:00 | Old        |
[2025-03-17T22:56:03.559+0000] {logging_mixin.py:190} INFO - ⚠️ No valid email for Contact ID: 98928508. Using default email: placeholder@example.com
[2025-03-17T22:56:03.559+0000] {logging_mixin.py:190} INFO - | 98928508   | John                   | N/A       | placeholder@example.com  | 2025-03-15T00:09:39+01:00 | 2025-03-17T23:29:08+01:00 | Old        |
[2025-03-17T22:56:03.559+0000] {logging_mixin.py:190} INFO - ⚠️ No valid email for Contact ID: 98890719. Using default email: placeholder@example.com
[2025-03-17T22:56:03.559+0000] {logging_mixin.py:190} INFO - | 98890719   | my                     | Testcompany | placeholder@example.com  | 2025-03-14T10:59:24+01:00 | 2025-03-17T23:29:08+01:00 | Old        |
[2025-03-17T22:56:03.559+0000] {logging_mixin.py:190} INFO - ⚠️ No valid email for Contact ID: 98873796. Using default email: placeholder@example.com
[2025-03-17T22:56:03.559+0000] {logging_mixin.py:190} INFO - | 98873796   | My                     | Testcompany | placeholder@example.com  | 2025-03-14T01:48:05+01:00 | 2025-03-17T23:29:08+01:00 | Old        |
[2025-03-17T22:56:03.559+0000] {logging_mixin.py:190} INFO - ⚠️ No valid email for Contact ID: 98192934. Using default email: placeholder@example.com
[2025-03-17T22:56:03.560+0000] {logging_mixin.py:190} INFO - | 98192934   | Final                  | Test      | placeholder@example.com  | 2025-03-04T20:01:44+01:00 | 2025-03-17T23:29:08+01:00 | Old        |
[2025-03-17T22:56:03.560+0000] {logging_mixin.py:190} INFO - ⚠️ No valid email for Contact ID: 98065087. Using default email: placeholder@example.com
[2025-03-17T22:56:03.560+0000] {logging_mixin.py:190} INFO - | 98065087   | RANDOMNAMETest         | N/A       | placeholder@example.com  | 2025-03-03T06:23:19+01:00 | 2025-03-17T23:29:08+01:00 | Old        |
[2025-03-17T22:56:03.560+0000] {logging_mixin.py:190} INFO - ⚠️ No valid email for Contact ID: 98054504. Using default email: placeholder@example.com
[2025-03-17T22:56:03.560+0000] {logging_mixin.py:190} INFO - | 98054504   | Testing2               | N/A       | placeholder@example.com  | 2025-03-02T22:19:16+01:00 | 2025-03-17T23:29:08+01:00 | Old        |
[2025-03-17T22:56:03.560+0000] {logging_mixin.py:190} INFO - ⚠️ No valid email for Contact ID: 97985262. Using default email: placeholder@example.com
[2025-03-17T22:56:03.560+0000] {logging_mixin.py:190} INFO - | 97985262   | Testing                | N/A       | placeholder@example.com  | 2025-03-02T00:05:11+01:00 | 2025-03-17T23:29:08+01:00 | Old        |
[2025-03-17T22:56:03.560+0000] {logging_mixin.py:190} INFO - ⚠️ No valid email for Contact ID: 97713515. Using default email: placeholder@example.com
[2025-03-17T22:56:03.560+0000] {logging_mixin.py:190} INFO - | 97713515   | sevdeskORG             | N/A       | placeholder@example.com  | 2025-02-25T17:34:42+01:00 | 2025-03-17T23:29:08+01:00 | Old        |
[2025-03-17T22:56:03.560+0000] {logging_mixin.py:190} INFO - ⚠️ No valid email for Contact ID: 83206214. Using default email: placeholder@example.com
[2025-03-17T22:56:03.561+0000] {logging_mixin.py:190} INFO - | 83206214   | Testing                | GmbH      | placeholder@example.com  | 2024-09-14T16:52:15+02:00 | 2025-03-17T23:29:08+01:00 | Old        |
[2025-03-17T22:56:03.561+0000] {logging_mixin.py:190} INFO - +------------+------------------------+-----------+--------------------------+---------------------------+---------------------------+------------+
[2025-03-17T22:56:03.561+0000] {python.py:240} INFO - Done. Returned value was: None
[2025-03-17T22:56:03.565+0000] {taskinstance.py:341} INFO - ::group::Post task execution logs
[2025-03-17T22:56:03.566+0000] {taskinstance.py:353} INFO - Marking task as SUCCESS. dag_id=sevdesk_to_hubspot_sync, task_id=list_and_create_contacts, run_id=manual__2025-03-17T22:56:01.424810+00:00, execution_date=20250317T225601, start_date=20250317T225603, end_date=20250317T225603
[2025-03-17T22:56:03.575+0000] {logging_mixin.py:190} INFO - Task instance in success state
[2025-03-17T22:56:03.576+0000] {logging_mixin.py:190} INFO -  Previous state of the Task instance: running
[2025-03-17T22:56:03.576+0000] {logging_mixin.py:190} INFO - Dag name:sevdesk_to_hubspot_sync queued_at:2025-03-17 22:56:01.440191+00:00
[2025-03-17T22:56:03.576+0000] {logging_mixin.py:190} INFO - Task hostname:07c6dae1fdd0 operator:PythonOperator
[2025-03-17T22:56:03.608+0000] {local_task_job_runner.py:266} INFO - Task exited with return code 0
[2025-03-17T22:56:03.615+0000] {taskinstance.py:3901} INFO - 0 downstream tasks scheduled from follow-on schedule check
[2025-03-17T22:56:03.616+0000] {local_task_job_runner.py:245} INFO - ::endgroup::
