[2025-03-17T22:29:32.163+0000] {local_task_job_runner.py:123} INFO - ::group::Pre task execution logs
[2025-03-17T22:29:32.171+0000] {taskinstance.py:2614} INFO - Dependencies all met for dep_context=non-requeueable deps ti=<TaskInstance: sevdesk_to_hubspot_sync_dynamic.process_and_create_contact manual__2025-03-17T22:29:28.871483+00:00 [queued]>
[2025-03-17T22:29:32.253+0000] {taskinstance.py:2614} INFO - Dependencies all met for dep_context=requeueable deps ti=<TaskInstance: sevdesk_to_hubspot_sync_dynamic.process_and_create_contact manual__2025-03-17T22:29:28.871483+00:00 [queued]>
[2025-03-17T22:29:32.253+0000] {taskinstance.py:2867} INFO - Starting attempt 1 of 2
[2025-03-17T22:29:32.261+0000] {taskinstance.py:2890} INFO - Executing <Task(PythonOperator): process_and_create_contact> on 2025-03-17 22:29:28.871483+00:00
[2025-03-17T22:29:32.264+0000] {warnings.py:112} WARNING - /home/***/.local/lib/python3.12/site-packages/***/task/task_runner/standard_task_runner.py:70: DeprecationWarning: This process (pid=103) is multi-threaded, use of fork() may lead to deadlocks in the child.
  pid = os.fork()

[2025-03-17T22:29:32.265+0000] {standard_task_runner.py:72} INFO - Started process 104 to run task
[2025-03-17T22:29:32.265+0000] {standard_task_runner.py:104} INFO - Running: ['***', 'tasks', 'run', 'sevdesk_to_hubspot_sync_dynamic', 'process_and_create_contact', 'manual__2025-03-17T22:29:28.871483+00:00', '--job-id', '99', '--raw', '--subdir', 'DAGS_FOLDER/dynamicsensor_dag.py', '--cfg-path', '/tmp/tmpcfg29zzn']
[2025-03-17T22:29:32.266+0000] {standard_task_runner.py:105} INFO - Job 99: Subtask process_and_create_contact
[2025-03-17T22:29:32.298+0000] {task_command.py:467} INFO - Running <TaskInstance: sevdesk_to_hubspot_sync_dynamic.process_and_create_contact manual__2025-03-17T22:29:28.871483+00:00 [running]> on host 5883c4289715
[2025-03-17T22:29:32.328+0000] {taskinstance.py:3134} INFO - Exporting env vars: AIRFLOW_CTX_DAG_OWNER='***' AIRFLOW_CTX_DAG_ID='sevdesk_to_hubspot_sync_dynamic' AIRFLOW_CTX_TASK_ID='process_and_create_contact' AIRFLOW_CTX_EXECUTION_DATE='2025-03-17T22:29:28.871483+00:00' AIRFLOW_CTX_TRY_NUMBER='1' AIRFLOW_CTX_DAG_RUN_ID='manual__2025-03-17T22:29:28.871483+00:00'
[2025-03-17T22:29:32.329+0000] {logging_mixin.py:190} INFO - Task instance is in running state
[2025-03-17T22:29:32.329+0000] {logging_mixin.py:190} INFO -  Previous state of the Task instance: queued
[2025-03-17T22:29:32.329+0000] {logging_mixin.py:190} INFO - Current task name:process_and_create_contact state:running start_date:2025-03-17 22:29:32.172185+00:00
[2025-03-17T22:29:32.329+0000] {logging_mixin.py:190} INFO - Dag name:sevdesk_to_hubspot_sync_dynamic and current dag run status:running
[2025-03-17T22:29:32.330+0000] {taskinstance.py:732} INFO - ::endgroup::
[2025-03-17T22:29:32.334+0000] {logging_mixin.py:190} INFO - ❌ No new contact found to create in HubSpot.
[2025-03-17T22:29:32.334+0000] {python.py:240} INFO - Done. Returned value was: None
[2025-03-17T22:29:32.339+0000] {taskinstance.py:341} INFO - ::group::Post task execution logs
[2025-03-17T22:29:32.339+0000] {taskinstance.py:353} INFO - Marking task as SUCCESS. dag_id=sevdesk_to_hubspot_sync_dynamic, task_id=process_and_create_contact, run_id=manual__2025-03-17T22:29:28.871483+00:00, execution_date=20250317T222928, start_date=20250317T222932, end_date=20250317T222932
[2025-03-17T22:29:32.345+0000] {logging_mixin.py:190} INFO - Task instance in success state
[2025-03-17T22:29:32.346+0000] {logging_mixin.py:190} INFO -  Previous state of the Task instance: running
[2025-03-17T22:29:32.346+0000] {logging_mixin.py:190} INFO - Dag name:sevdesk_to_hubspot_sync_dynamic queued_at:2025-03-17 22:29:28.893482+00:00
[2025-03-17T22:29:32.346+0000] {logging_mixin.py:190} INFO - Task hostname:5883c4289715 operator:PythonOperator
[2025-03-17T22:29:32.365+0000] {local_task_job_runner.py:266} INFO - Task exited with return code 0
[2025-03-17T22:29:32.370+0000] {taskinstance.py:3901} INFO - 0 downstream tasks scheduled from follow-on schedule check
[2025-03-17T22:29:32.371+0000] {local_task_job_runner.py:245} INFO - ::endgroup::
