[2025-03-19T00:18:55.800+0000] {local_task_job_runner.py:123} INFO - ::group::Pre task execution logs
[2025-03-19T00:18:56.000+0000] {taskinstance.py:2614} INFO - Dependencies all met for dep_context=non-requeueable deps ti=<TaskInstance: fetch_sevdesk_contacts.fetch_sevdesk_contacts_task scheduled__2024-07-02T21:00:00+00:00 [queued]>
[2025-03-19T00:18:56.013+0000] {taskinstance.py:2614} INFO - Dependencies all met for dep_context=requeueable deps ti=<TaskInstance: fetch_sevdesk_contacts.fetch_sevdesk_contacts_task scheduled__2024-07-02T21:00:00+00:00 [queued]>
[2025-03-19T00:18:56.014+0000] {taskinstance.py:2867} INFO - Starting attempt 1 of 2
[2025-03-19T00:18:56.030+0000] {taskinstance.py:2890} INFO - Executing <Task(PythonOperator): fetch_sevdesk_contacts_task> on 2024-07-02 21:00:00+00:00
[2025-03-19T00:18:56.040+0000] {warnings.py:112} WARNING - /home/***/.local/lib/python3.12/site-packages/***/task/task_runner/standard_task_runner.py:70: DeprecationWarning: This process (pid=8143) is multi-threaded, use of fork() may lead to deadlocks in the child.
  pid = os.fork()

[2025-03-19T00:18:56.049+0000] {standard_task_runner.py:72} INFO - Started process 8153 to run task
[2025-03-19T00:18:56.051+0000] {standard_task_runner.py:104} INFO - Running: ['***', 'tasks', 'run', 'fetch_sevdesk_contacts', 'fetch_sevdesk_contacts_task', 'scheduled__2024-07-02T21:00:00+00:00', '--job-id', '2906', '--raw', '--subdir', 'DAGS_FOLDER/fetch_sevdesk_contacts_dag.py', '--cfg-path', '/tmp/tmp6tmv6yr0']
[2025-03-19T00:18:56.055+0000] {standard_task_runner.py:105} INFO - Job 2906: Subtask fetch_sevdesk_contacts_task
[2025-03-19T00:18:56.132+0000] {task_command.py:467} INFO - Running <TaskInstance: fetch_sevdesk_contacts.fetch_sevdesk_contacts_task scheduled__2024-07-02T21:00:00+00:00 [running]> on host e54e5582f32f
[2025-03-19T00:18:56.231+0000] {taskinstance.py:3134} INFO - Exporting env vars: AIRFLOW_CTX_DAG_OWNER='***' AIRFLOW_CTX_DAG_ID='fetch_sevdesk_contacts' AIRFLOW_CTX_TASK_ID='fetch_sevdesk_contacts_task' AIRFLOW_CTX_EXECUTION_DATE='2024-07-02T21:00:00+00:00' AIRFLOW_CTX_TRY_NUMBER='1' AIRFLOW_CTX_DAG_RUN_ID='scheduled__2024-07-02T21:00:00+00:00'
[2025-03-19T00:18:56.232+0000] {logging_mixin.py:190} INFO - Task instance is in running state
[2025-03-19T00:18:56.233+0000] {logging_mixin.py:190} INFO -  Previous state of the Task instance: queued
[2025-03-19T00:18:56.234+0000] {logging_mixin.py:190} INFO - Current task name:fetch_sevdesk_contacts_task state:running start_date:2025-03-19 00:18:56.002754+00:00
[2025-03-19T00:18:56.234+0000] {logging_mixin.py:190} INFO - Dag name:fetch_sevdesk_contacts and current dag run status:running
[2025-03-19T00:18:56.235+0000] {taskinstance.py:732} INFO - ::endgroup::
[2025-03-19T00:18:56.235+0000] {logging_mixin.py:190} INFO - Using createAfter filter: 2025-03-18T00:18:56.235846
[2025-03-19T00:18:56.236+0000] {logging_mixin.py:190} INFO - Current timestamp: 2025-03-19T00:18:56.235853
[2025-03-19T00:19:07.314+0000] {python.py:240} INFO - Done. Returned value was: None
[2025-03-19T00:19:07.335+0000] {taskinstance.py:341} INFO - ::group::Post task execution logs
[2025-03-19T00:19:07.336+0000] {taskinstance.py:353} INFO - Marking task as SUCCESS. dag_id=fetch_sevdesk_contacts, task_id=fetch_sevdesk_contacts_task, run_id=scheduled__2024-07-02T21:00:00+00:00, execution_date=20240702T210000, start_date=20250319T001856, end_date=20250319T001907
[2025-03-19T00:19:07.368+0000] {logging_mixin.py:190} INFO - Task instance in success state
[2025-03-19T00:19:07.369+0000] {logging_mixin.py:190} INFO -  Previous state of the Task instance: running
[2025-03-19T00:19:07.369+0000] {logging_mixin.py:190} INFO - Dag name:fetch_sevdesk_contacts queued_at:2025-03-19 00:18:53.571235+00:00
[2025-03-19T00:19:07.369+0000] {logging_mixin.py:190} INFO - Task hostname:e54e5582f32f operator:PythonOperator
[2025-03-19T00:19:07.410+0000] {local_task_job_runner.py:266} INFO - Task exited with return code 0
[2025-03-19T00:19:07.428+0000] {local_task_job_runner.py:245} INFO - ::endgroup::
