[2025-03-19T00:00:21.461+0000] {processor.py:186} INFO - Started process (PID=2104) to work on /home/airflow/.local/lib/python3.12/site-packages/airflow/example_dags/example_branch_python_dop_operator_3.py
[2025-03-19T00:00:21.467+0000] {processor.py:914} INFO - Processing file /home/airflow/.local/lib/python3.12/site-packages/airflow/example_dags/example_branch_python_dop_operator_3.py for tasks to queue
[2025-03-19T00:00:21.481+0000] {logging_mixin.py:190} INFO - [2025-03-19T00:00:21.479+0000] {dagbag.py:588} INFO - Filling up the DagBag from /home/airflow/.local/lib/python3.12/site-packages/airflow/example_dags/example_branch_python_dop_operator_3.py
[2025-03-19T00:00:21.507+0000] {processor.py:925} INFO - DAG(s) 'example_branch_dop_operator_v3' retrieved from /home/airflow/.local/lib/python3.12/site-packages/airflow/example_dags/example_branch_python_dop_operator_3.py
[2025-03-19T00:00:21.560+0000] {logging_mixin.py:190} INFO - [2025-03-19T00:00:21.560+0000] {dag.py:3239} INFO - Sync 1 DAGs
[2025-03-19T00:00:21.643+0000] {logging_mixin.py:190} INFO - [2025-03-19T00:00:21.643+0000] {dag.py:4180} INFO - Setting next_dagrun for example_branch_dop_operator_v3 to 2025-03-18 23:59:00+00:00, run_after=2025-03-19 00:00:00+00:00
[2025-03-19T00:00:21.680+0000] {processor.py:208} INFO - Processing /home/airflow/.local/lib/python3.12/site-packages/airflow/example_dags/example_branch_python_dop_operator_3.py took 0.229 seconds
[2025-03-19T00:00:53.781+0000] {processor.py:186} INFO - Started process (PID=2177) to work on /home/airflow/.local/lib/python3.12/site-packages/airflow/example_dags/example_branch_python_dop_operator_3.py
[2025-03-19T00:00:53.785+0000] {processor.py:914} INFO - Processing file /home/airflow/.local/lib/python3.12/site-packages/airflow/example_dags/example_branch_python_dop_operator_3.py for tasks to queue
[2025-03-19T00:00:53.787+0000] {logging_mixin.py:190} INFO - [2025-03-19T00:00:53.787+0000] {dagbag.py:588} INFO - Filling up the DagBag from /home/airflow/.local/lib/python3.12/site-packages/airflow/example_dags/example_branch_python_dop_operator_3.py
[2025-03-19T00:00:53.819+0000] {processor.py:925} INFO - DAG(s) 'example_branch_dop_operator_v3' retrieved from /home/airflow/.local/lib/python3.12/site-packages/airflow/example_dags/example_branch_python_dop_operator_3.py
[2025-03-19T00:00:53.859+0000] {logging_mixin.py:190} INFO - [2025-03-19T00:00:53.859+0000] {dag.py:3239} INFO - Sync 1 DAGs
[2025-03-19T00:00:53.959+0000] {logging_mixin.py:190} INFO - [2025-03-19T00:00:53.958+0000] {dag.py:4180} INFO - Setting next_dagrun for example_branch_dop_operator_v3 to 2025-03-18 23:59:00+00:00, run_after=2025-03-19 00:00:00+00:00
[2025-03-19T00:00:53.992+0000] {processor.py:208} INFO - Processing /home/airflow/.local/lib/python3.12/site-packages/airflow/example_dags/example_branch_python_dop_operator_3.py took 0.220 seconds
[2025-03-19T00:01:24.572+0000] {processor.py:186} INFO - Started process (PID=2248) to work on /home/airflow/.local/lib/python3.12/site-packages/airflow/example_dags/example_branch_python_dop_operator_3.py
[2025-03-19T00:01:24.573+0000] {processor.py:914} INFO - Processing file /home/airflow/.local/lib/python3.12/site-packages/airflow/example_dags/example_branch_python_dop_operator_3.py for tasks to queue
[2025-03-19T00:01:24.574+0000] {logging_mixin.py:190} INFO - [2025-03-19T00:01:24.574+0000] {dagbag.py:588} INFO - Filling up the DagBag from /home/airflow/.local/lib/python3.12/site-packages/airflow/example_dags/example_branch_python_dop_operator_3.py
[2025-03-19T00:01:24.580+0000] {processor.py:925} INFO - DAG(s) 'example_branch_dop_operator_v3' retrieved from /home/airflow/.local/lib/python3.12/site-packages/airflow/example_dags/example_branch_python_dop_operator_3.py
[2025-03-19T00:01:24.589+0000] {logging_mixin.py:190} INFO - [2025-03-19T00:01:24.589+0000] {dag.py:3239} INFO - Sync 1 DAGs
[2025-03-19T00:01:24.599+0000] {logging_mixin.py:190} INFO - [2025-03-19T00:01:24.599+0000] {dag.py:4180} INFO - Setting next_dagrun for example_branch_dop_operator_v3 to 2025-03-19 00:00:00+00:00, run_after=2025-03-19 00:01:00+00:00
[2025-03-19T00:01:24.605+0000] {processor.py:208} INFO - Processing /home/airflow/.local/lib/python3.12/site-packages/airflow/example_dags/example_branch_python_dop_operator_3.py took 0.036 seconds
[2025-03-19T00:02:03.295+0000] {processor.py:186} INFO - Started process (PID=2356) to work on /home/airflow/.local/lib/python3.12/site-packages/airflow/example_dags/example_branch_python_dop_operator_3.py
[2025-03-19T00:02:03.297+0000] {processor.py:914} INFO - Processing file /home/airflow/.local/lib/python3.12/site-packages/airflow/example_dags/example_branch_python_dop_operator_3.py for tasks to queue
[2025-03-19T00:02:03.299+0000] {logging_mixin.py:190} INFO - [2025-03-19T00:02:03.299+0000] {dagbag.py:588} INFO - Filling up the DagBag from /home/airflow/.local/lib/python3.12/site-packages/airflow/example_dags/example_branch_python_dop_operator_3.py
[2025-03-19T00:02:03.306+0000] {processor.py:925} INFO - DAG(s) 'example_branch_dop_operator_v3' retrieved from /home/airflow/.local/lib/python3.12/site-packages/airflow/example_dags/example_branch_python_dop_operator_3.py
[2025-03-19T00:02:03.329+0000] {logging_mixin.py:190} INFO - [2025-03-19T00:02:03.328+0000] {dag.py:3239} INFO - Sync 1 DAGs
[2025-03-19T00:02:03.352+0000] {logging_mixin.py:190} INFO - [2025-03-19T00:02:03.352+0000] {dag.py:4180} INFO - Setting next_dagrun for example_branch_dop_operator_v3 to 2025-03-19 00:01:00+00:00, run_after=2025-03-19 00:02:00+00:00
[2025-03-19T00:02:03.367+0000] {processor.py:208} INFO - Processing /home/airflow/.local/lib/python3.12/site-packages/airflow/example_dags/example_branch_python_dop_operator_3.py took 0.076 seconds
[2025-03-19T00:02:33.724+0000] {processor.py:186} INFO - Started process (PID=2431) to work on /home/airflow/.local/lib/python3.12/site-packages/airflow/example_dags/example_branch_python_dop_operator_3.py
[2025-03-19T00:02:33.724+0000] {processor.py:914} INFO - Processing file /home/airflow/.local/lib/python3.12/site-packages/airflow/example_dags/example_branch_python_dop_operator_3.py for tasks to queue
[2025-03-19T00:02:33.725+0000] {logging_mixin.py:190} INFO - [2025-03-19T00:02:33.725+0000] {dagbag.py:588} INFO - Filling up the DagBag from /home/airflow/.local/lib/python3.12/site-packages/airflow/example_dags/example_branch_python_dop_operator_3.py
[2025-03-19T00:02:33.730+0000] {processor.py:925} INFO - DAG(s) 'example_branch_dop_operator_v3' retrieved from /home/airflow/.local/lib/python3.12/site-packages/airflow/example_dags/example_branch_python_dop_operator_3.py
[2025-03-19T00:02:33.738+0000] {logging_mixin.py:190} INFO - [2025-03-19T00:02:33.738+0000] {dag.py:3239} INFO - Sync 1 DAGs
[2025-03-19T00:02:33.748+0000] {logging_mixin.py:190} INFO - [2025-03-19T00:02:33.748+0000] {dag.py:4180} INFO - Setting next_dagrun for example_branch_dop_operator_v3 to 2025-03-19 00:01:00+00:00, run_after=2025-03-19 00:02:00+00:00
[2025-03-19T00:02:33.755+0000] {processor.py:208} INFO - Processing /home/airflow/.local/lib/python3.12/site-packages/airflow/example_dags/example_branch_python_dop_operator_3.py took 0.034 seconds
[2025-03-19T00:03:05.682+0000] {processor.py:186} INFO - Started process (PID=2502) to work on /home/airflow/.local/lib/python3.12/site-packages/airflow/example_dags/example_branch_python_dop_operator_3.py
[2025-03-19T00:03:05.683+0000] {processor.py:914} INFO - Processing file /home/airflow/.local/lib/python3.12/site-packages/airflow/example_dags/example_branch_python_dop_operator_3.py for tasks to queue
[2025-03-19T00:03:05.686+0000] {logging_mixin.py:190} INFO - [2025-03-19T00:03:05.686+0000] {dagbag.py:588} INFO - Filling up the DagBag from /home/airflow/.local/lib/python3.12/site-packages/airflow/example_dags/example_branch_python_dop_operator_3.py
[2025-03-19T00:03:05.696+0000] {processor.py:925} INFO - DAG(s) 'example_branch_dop_operator_v3' retrieved from /home/airflow/.local/lib/python3.12/site-packages/airflow/example_dags/example_branch_python_dop_operator_3.py
[2025-03-19T00:03:05.710+0000] {logging_mixin.py:190} INFO - [2025-03-19T00:03:05.710+0000] {dag.py:3239} INFO - Sync 1 DAGs
[2025-03-19T00:03:05.731+0000] {logging_mixin.py:190} INFO - [2025-03-19T00:03:05.730+0000] {dag.py:4180} INFO - Setting next_dagrun for example_branch_dop_operator_v3 to 2025-03-19 00:02:00+00:00, run_after=2025-03-19 00:03:00+00:00
[2025-03-19T00:03:05.754+0000] {processor.py:208} INFO - Processing /home/airflow/.local/lib/python3.12/site-packages/airflow/example_dags/example_branch_python_dop_operator_3.py took 0.080 seconds
[2025-03-19T00:03:36.409+0000] {processor.py:186} INFO - Started process (PID=2574) to work on /home/airflow/.local/lib/python3.12/site-packages/airflow/example_dags/example_branch_python_dop_operator_3.py
[2025-03-19T00:03:36.409+0000] {processor.py:914} INFO - Processing file /home/airflow/.local/lib/python3.12/site-packages/airflow/example_dags/example_branch_python_dop_operator_3.py for tasks to queue
[2025-03-19T00:03:36.410+0000] {logging_mixin.py:190} INFO - [2025-03-19T00:03:36.410+0000] {dagbag.py:588} INFO - Filling up the DagBag from /home/airflow/.local/lib/python3.12/site-packages/airflow/example_dags/example_branch_python_dop_operator_3.py
[2025-03-19T00:03:36.417+0000] {processor.py:925} INFO - DAG(s) 'example_branch_dop_operator_v3' retrieved from /home/airflow/.local/lib/python3.12/site-packages/airflow/example_dags/example_branch_python_dop_operator_3.py
[2025-03-19T00:03:36.426+0000] {logging_mixin.py:190} INFO - [2025-03-19T00:03:36.426+0000] {dag.py:3239} INFO - Sync 1 DAGs
[2025-03-19T00:03:36.439+0000] {logging_mixin.py:190} INFO - [2025-03-19T00:03:36.439+0000] {dag.py:4180} INFO - Setting next_dagrun for example_branch_dop_operator_v3 to 2025-03-19 00:02:00+00:00, run_after=2025-03-19 00:03:00+00:00
[2025-03-19T00:03:36.446+0000] {processor.py:208} INFO - Processing /home/airflow/.local/lib/python3.12/site-packages/airflow/example_dags/example_branch_python_dop_operator_3.py took 0.040 seconds
[2025-03-19T00:04:07.959+0000] {processor.py:186} INFO - Started process (PID=2647) to work on /home/airflow/.local/lib/python3.12/site-packages/airflow/example_dags/example_branch_python_dop_operator_3.py
[2025-03-19T00:04:07.964+0000] {processor.py:914} INFO - Processing file /home/airflow/.local/lib/python3.12/site-packages/airflow/example_dags/example_branch_python_dop_operator_3.py for tasks to queue
[2025-03-19T00:04:07.968+0000] {logging_mixin.py:190} INFO - [2025-03-19T00:04:07.967+0000] {dagbag.py:588} INFO - Filling up the DagBag from /home/airflow/.local/lib/python3.12/site-packages/airflow/example_dags/example_branch_python_dop_operator_3.py
[2025-03-19T00:04:07.982+0000] {processor.py:925} INFO - DAG(s) 'example_branch_dop_operator_v3' retrieved from /home/airflow/.local/lib/python3.12/site-packages/airflow/example_dags/example_branch_python_dop_operator_3.py
[2025-03-19T00:04:08.017+0000] {logging_mixin.py:190} INFO - [2025-03-19T00:04:08.017+0000] {dag.py:3239} INFO - Sync 1 DAGs
[2025-03-19T00:04:08.115+0000] {logging_mixin.py:190} INFO - [2025-03-19T00:04:08.115+0000] {dag.py:4180} INFO - Setting next_dagrun for example_branch_dop_operator_v3 to 2025-03-19 00:03:00+00:00, run_after=2025-03-19 00:04:00+00:00
[2025-03-19T00:04:08.136+0000] {processor.py:208} INFO - Processing /home/airflow/.local/lib/python3.12/site-packages/airflow/example_dags/example_branch_python_dop_operator_3.py took 0.185 seconds
[2025-03-19T00:04:38.668+0000] {processor.py:186} INFO - Started process (PID=2719) to work on /home/airflow/.local/lib/python3.12/site-packages/airflow/example_dags/example_branch_python_dop_operator_3.py
[2025-03-19T00:04:38.669+0000] {processor.py:914} INFO - Processing file /home/airflow/.local/lib/python3.12/site-packages/airflow/example_dags/example_branch_python_dop_operator_3.py for tasks to queue
[2025-03-19T00:04:38.670+0000] {logging_mixin.py:190} INFO - [2025-03-19T00:04:38.670+0000] {dagbag.py:588} INFO - Filling up the DagBag from /home/airflow/.local/lib/python3.12/site-packages/airflow/example_dags/example_branch_python_dop_operator_3.py
[2025-03-19T00:04:38.675+0000] {processor.py:925} INFO - DAG(s) 'example_branch_dop_operator_v3' retrieved from /home/airflow/.local/lib/python3.12/site-packages/airflow/example_dags/example_branch_python_dop_operator_3.py
[2025-03-19T00:04:38.685+0000] {logging_mixin.py:190} INFO - [2025-03-19T00:04:38.685+0000] {dag.py:3239} INFO - Sync 1 DAGs
[2025-03-19T00:04:38.696+0000] {logging_mixin.py:190} INFO - [2025-03-19T00:04:38.696+0000] {dag.py:4180} INFO - Setting next_dagrun for example_branch_dop_operator_v3 to 2025-03-19 00:03:00+00:00, run_after=2025-03-19 00:04:00+00:00
[2025-03-19T00:04:38.703+0000] {processor.py:208} INFO - Processing /home/airflow/.local/lib/python3.12/site-packages/airflow/example_dags/example_branch_python_dop_operator_3.py took 0.039 seconds
[2025-03-19T00:05:10.856+0000] {processor.py:186} INFO - Started process (PID=2791) to work on /home/airflow/.local/lib/python3.12/site-packages/airflow/example_dags/example_branch_python_dop_operator_3.py
[2025-03-19T00:05:10.858+0000] {processor.py:914} INFO - Processing file /home/airflow/.local/lib/python3.12/site-packages/airflow/example_dags/example_branch_python_dop_operator_3.py for tasks to queue
[2025-03-19T00:05:10.861+0000] {logging_mixin.py:190} INFO - [2025-03-19T00:05:10.860+0000] {dagbag.py:588} INFO - Filling up the DagBag from /home/airflow/.local/lib/python3.12/site-packages/airflow/example_dags/example_branch_python_dop_operator_3.py
[2025-03-19T00:05:10.875+0000] {processor.py:925} INFO - DAG(s) 'example_branch_dop_operator_v3' retrieved from /home/airflow/.local/lib/python3.12/site-packages/airflow/example_dags/example_branch_python_dop_operator_3.py
[2025-03-19T00:05:10.903+0000] {logging_mixin.py:190} INFO - [2025-03-19T00:05:10.903+0000] {dag.py:3239} INFO - Sync 1 DAGs
[2025-03-19T00:05:10.962+0000] {logging_mixin.py:190} INFO - [2025-03-19T00:05:10.962+0000] {dag.py:4180} INFO - Setting next_dagrun for example_branch_dop_operator_v3 to 2025-03-19 00:04:00+00:00, run_after=2025-03-19 00:05:00+00:00
[2025-03-19T00:05:10.996+0000] {processor.py:208} INFO - Processing /home/airflow/.local/lib/python3.12/site-packages/airflow/example_dags/example_branch_python_dop_operator_3.py took 0.150 seconds
[2025-03-19T00:05:41.765+0000] {processor.py:186} INFO - Started process (PID=2863) to work on /home/airflow/.local/lib/python3.12/site-packages/airflow/example_dags/example_branch_python_dop_operator_3.py
[2025-03-19T00:05:41.767+0000] {processor.py:914} INFO - Processing file /home/airflow/.local/lib/python3.12/site-packages/airflow/example_dags/example_branch_python_dop_operator_3.py for tasks to queue
[2025-03-19T00:05:41.769+0000] {logging_mixin.py:190} INFO - [2025-03-19T00:05:41.768+0000] {dagbag.py:588} INFO - Filling up the DagBag from /home/airflow/.local/lib/python3.12/site-packages/airflow/example_dags/example_branch_python_dop_operator_3.py
[2025-03-19T00:05:41.783+0000] {processor.py:925} INFO - DAG(s) 'example_branch_dop_operator_v3' retrieved from /home/airflow/.local/lib/python3.12/site-packages/airflow/example_dags/example_branch_python_dop_operator_3.py
[2025-03-19T00:05:41.815+0000] {logging_mixin.py:190} INFO - [2025-03-19T00:05:41.815+0000] {dag.py:3239} INFO - Sync 1 DAGs
[2025-03-19T00:05:41.838+0000] {logging_mixin.py:190} INFO - [2025-03-19T00:05:41.838+0000] {dag.py:4180} INFO - Setting next_dagrun for example_branch_dop_operator_v3 to 2025-03-19 00:04:00+00:00, run_after=2025-03-19 00:05:00+00:00
[2025-03-19T00:05:41.861+0000] {processor.py:208} INFO - Processing /home/airflow/.local/lib/python3.12/site-packages/airflow/example_dags/example_branch_python_dop_operator_3.py took 0.100 seconds
[2025-03-19T00:06:13.355+0000] {processor.py:186} INFO - Started process (PID=2934) to work on /home/airflow/.local/lib/python3.12/site-packages/airflow/example_dags/example_branch_python_dop_operator_3.py
[2025-03-19T00:06:13.356+0000] {processor.py:914} INFO - Processing file /home/airflow/.local/lib/python3.12/site-packages/airflow/example_dags/example_branch_python_dop_operator_3.py for tasks to queue
[2025-03-19T00:06:13.361+0000] {logging_mixin.py:190} INFO - [2025-03-19T00:06:13.360+0000] {dagbag.py:588} INFO - Filling up the DagBag from /home/airflow/.local/lib/python3.12/site-packages/airflow/example_dags/example_branch_python_dop_operator_3.py
[2025-03-19T00:06:13.404+0000] {processor.py:925} INFO - DAG(s) 'example_branch_dop_operator_v3' retrieved from /home/airflow/.local/lib/python3.12/site-packages/airflow/example_dags/example_branch_python_dop_operator_3.py
[2025-03-19T00:06:13.437+0000] {logging_mixin.py:190} INFO - [2025-03-19T00:06:13.437+0000] {dag.py:3239} INFO - Sync 1 DAGs
[2025-03-19T00:06:13.522+0000] {logging_mixin.py:190} INFO - [2025-03-19T00:06:13.521+0000] {dag.py:4180} INFO - Setting next_dagrun for example_branch_dop_operator_v3 to 2025-03-19 00:05:00+00:00, run_after=2025-03-19 00:06:00+00:00
[2025-03-19T00:06:13.566+0000] {processor.py:208} INFO - Processing /home/airflow/.local/lib/python3.12/site-packages/airflow/example_dags/example_branch_python_dop_operator_3.py took 0.215 seconds
[2025-03-19T00:06:44.606+0000] {processor.py:186} INFO - Started process (PID=3007) to work on /home/airflow/.local/lib/python3.12/site-packages/airflow/example_dags/example_branch_python_dop_operator_3.py
[2025-03-19T00:06:44.635+0000] {processor.py:914} INFO - Processing file /home/airflow/.local/lib/python3.12/site-packages/airflow/example_dags/example_branch_python_dop_operator_3.py for tasks to queue
[2025-03-19T00:06:44.651+0000] {logging_mixin.py:190} INFO - [2025-03-19T00:06:44.650+0000] {dagbag.py:588} INFO - Filling up the DagBag from /home/airflow/.local/lib/python3.12/site-packages/airflow/example_dags/example_branch_python_dop_operator_3.py
[2025-03-19T00:06:44.710+0000] {processor.py:925} INFO - DAG(s) 'example_branch_dop_operator_v3' retrieved from /home/airflow/.local/lib/python3.12/site-packages/airflow/example_dags/example_branch_python_dop_operator_3.py
[2025-03-19T00:06:44.747+0000] {logging_mixin.py:190} INFO - [2025-03-19T00:06:44.747+0000] {dag.py:3239} INFO - Sync 1 DAGs
[2025-03-19T00:06:44.795+0000] {logging_mixin.py:190} INFO - [2025-03-19T00:06:44.795+0000] {dag.py:4180} INFO - Setting next_dagrun for example_branch_dop_operator_v3 to 2025-03-19 00:05:00+00:00, run_after=2025-03-19 00:06:00+00:00
[2025-03-19T00:06:44.836+0000] {processor.py:208} INFO - Processing /home/airflow/.local/lib/python3.12/site-packages/airflow/example_dags/example_branch_python_dop_operator_3.py took 0.239 seconds
[2025-03-19T00:07:15.516+0000] {processor.py:186} INFO - Started process (PID=3079) to work on /home/airflow/.local/lib/python3.12/site-packages/airflow/example_dags/example_branch_python_dop_operator_3.py
[2025-03-19T00:07:15.518+0000] {processor.py:914} INFO - Processing file /home/airflow/.local/lib/python3.12/site-packages/airflow/example_dags/example_branch_python_dop_operator_3.py for tasks to queue
[2025-03-19T00:07:15.521+0000] {logging_mixin.py:190} INFO - [2025-03-19T00:07:15.521+0000] {dagbag.py:588} INFO - Filling up the DagBag from /home/airflow/.local/lib/python3.12/site-packages/airflow/example_dags/example_branch_python_dop_operator_3.py
[2025-03-19T00:07:15.554+0000] {processor.py:925} INFO - DAG(s) 'example_branch_dop_operator_v3' retrieved from /home/airflow/.local/lib/python3.12/site-packages/airflow/example_dags/example_branch_python_dop_operator_3.py
[2025-03-19T00:07:15.595+0000] {logging_mixin.py:190} INFO - [2025-03-19T00:07:15.591+0000] {dag.py:3239} INFO - Sync 1 DAGs
[2025-03-19T00:07:15.676+0000] {logging_mixin.py:190} INFO - [2025-03-19T00:07:15.676+0000] {dag.py:4180} INFO - Setting next_dagrun for example_branch_dop_operator_v3 to 2025-03-19 00:06:00+00:00, run_after=2025-03-19 00:07:00+00:00
[2025-03-19T00:07:15.738+0000] {processor.py:208} INFO - Processing /home/airflow/.local/lib/python3.12/site-packages/airflow/example_dags/example_branch_python_dop_operator_3.py took 0.234 seconds
[2025-03-19T00:07:46.224+0000] {processor.py:186} INFO - Started process (PID=3150) to work on /home/airflow/.local/lib/python3.12/site-packages/airflow/example_dags/example_branch_python_dop_operator_3.py
[2025-03-19T00:07:46.231+0000] {processor.py:914} INFO - Processing file /home/airflow/.local/lib/python3.12/site-packages/airflow/example_dags/example_branch_python_dop_operator_3.py for tasks to queue
[2025-03-19T00:07:46.255+0000] {logging_mixin.py:190} INFO - [2025-03-19T00:07:46.254+0000] {dagbag.py:588} INFO - Filling up the DagBag from /home/airflow/.local/lib/python3.12/site-packages/airflow/example_dags/example_branch_python_dop_operator_3.py
[2025-03-19T00:07:46.266+0000] {processor.py:925} INFO - DAG(s) 'example_branch_dop_operator_v3' retrieved from /home/airflow/.local/lib/python3.12/site-packages/airflow/example_dags/example_branch_python_dop_operator_3.py
[2025-03-19T00:07:46.370+0000] {logging_mixin.py:190} INFO - [2025-03-19T00:07:46.369+0000] {dag.py:3239} INFO - Sync 1 DAGs
[2025-03-19T00:07:46.420+0000] {logging_mixin.py:190} INFO - [2025-03-19T00:07:46.420+0000] {dag.py:4180} INFO - Setting next_dagrun for example_branch_dop_operator_v3 to 2025-03-19 00:06:00+00:00, run_after=2025-03-19 00:07:00+00:00
[2025-03-19T00:07:46.487+0000] {processor.py:208} INFO - Processing /home/airflow/.local/lib/python3.12/site-packages/airflow/example_dags/example_branch_python_dop_operator_3.py took 0.271 seconds
[2025-03-19T00:08:18.246+0000] {processor.py:186} INFO - Started process (PID=3223) to work on /home/airflow/.local/lib/python3.12/site-packages/airflow/example_dags/example_branch_python_dop_operator_3.py
[2025-03-19T00:08:18.247+0000] {processor.py:914} INFO - Processing file /home/airflow/.local/lib/python3.12/site-packages/airflow/example_dags/example_branch_python_dop_operator_3.py for tasks to queue
[2025-03-19T00:08:18.249+0000] {logging_mixin.py:190} INFO - [2025-03-19T00:08:18.249+0000] {dagbag.py:588} INFO - Filling up the DagBag from /home/airflow/.local/lib/python3.12/site-packages/airflow/example_dags/example_branch_python_dop_operator_3.py
[2025-03-19T00:08:18.258+0000] {processor.py:925} INFO - DAG(s) 'example_branch_dop_operator_v3' retrieved from /home/airflow/.local/lib/python3.12/site-packages/airflow/example_dags/example_branch_python_dop_operator_3.py
[2025-03-19T00:08:18.335+0000] {logging_mixin.py:190} INFO - [2025-03-19T00:08:18.335+0000] {dag.py:3239} INFO - Sync 1 DAGs
[2025-03-19T00:08:18.367+0000] {logging_mixin.py:190} INFO - [2025-03-19T00:08:18.367+0000] {dag.py:4180} INFO - Setting next_dagrun for example_branch_dop_operator_v3 to 2025-03-19 00:07:00+00:00, run_after=2025-03-19 00:08:00+00:00
[2025-03-19T00:08:18.393+0000] {processor.py:208} INFO - Processing /home/airflow/.local/lib/python3.12/site-packages/airflow/example_dags/example_branch_python_dop_operator_3.py took 0.152 seconds
[2025-03-19T00:08:49.918+0000] {processor.py:186} INFO - Started process (PID=3295) to work on /home/airflow/.local/lib/python3.12/site-packages/airflow/example_dags/example_branch_python_dop_operator_3.py
[2025-03-19T00:08:49.921+0000] {processor.py:914} INFO - Processing file /home/airflow/.local/lib/python3.12/site-packages/airflow/example_dags/example_branch_python_dop_operator_3.py for tasks to queue
[2025-03-19T00:08:49.932+0000] {logging_mixin.py:190} INFO - [2025-03-19T00:08:49.932+0000] {dagbag.py:588} INFO - Filling up the DagBag from /home/airflow/.local/lib/python3.12/site-packages/airflow/example_dags/example_branch_python_dop_operator_3.py
[2025-03-19T00:08:49.949+0000] {processor.py:925} INFO - DAG(s) 'example_branch_dop_operator_v3' retrieved from /home/airflow/.local/lib/python3.12/site-packages/airflow/example_dags/example_branch_python_dop_operator_3.py
[2025-03-19T00:08:49.987+0000] {logging_mixin.py:190} INFO - [2025-03-19T00:08:49.987+0000] {dag.py:3239} INFO - Sync 1 DAGs
[2025-03-19T00:08:50.032+0000] {logging_mixin.py:190} INFO - [2025-03-19T00:08:50.032+0000] {dag.py:4180} INFO - Setting next_dagrun for example_branch_dop_operator_v3 to 2025-03-19 00:07:00+00:00, run_after=2025-03-19 00:08:00+00:00
[2025-03-19T00:08:50.107+0000] {processor.py:208} INFO - Processing /home/airflow/.local/lib/python3.12/site-packages/airflow/example_dags/example_branch_python_dop_operator_3.py took 0.193 seconds
[2025-03-19T00:09:21.177+0000] {processor.py:186} INFO - Started process (PID=3368) to work on /home/airflow/.local/lib/python3.12/site-packages/airflow/example_dags/example_branch_python_dop_operator_3.py
[2025-03-19T00:09:21.178+0000] {processor.py:914} INFO - Processing file /home/airflow/.local/lib/python3.12/site-packages/airflow/example_dags/example_branch_python_dop_operator_3.py for tasks to queue
[2025-03-19T00:09:21.180+0000] {logging_mixin.py:190} INFO - [2025-03-19T00:09:21.179+0000] {dagbag.py:588} INFO - Filling up the DagBag from /home/airflow/.local/lib/python3.12/site-packages/airflow/example_dags/example_branch_python_dop_operator_3.py
[2025-03-19T00:09:21.193+0000] {processor.py:925} INFO - DAG(s) 'example_branch_dop_operator_v3' retrieved from /home/airflow/.local/lib/python3.12/site-packages/airflow/example_dags/example_branch_python_dop_operator_3.py
[2025-03-19T00:09:21.227+0000] {logging_mixin.py:190} INFO - [2025-03-19T00:09:21.227+0000] {dag.py:3239} INFO - Sync 1 DAGs
[2025-03-19T00:09:21.250+0000] {logging_mixin.py:190} INFO - [2025-03-19T00:09:21.250+0000] {dag.py:4180} INFO - Setting next_dagrun for example_branch_dop_operator_v3 to 2025-03-19 00:08:00+00:00, run_after=2025-03-19 00:09:00+00:00
[2025-03-19T00:09:21.375+0000] {processor.py:208} INFO - Processing /home/airflow/.local/lib/python3.12/site-packages/airflow/example_dags/example_branch_python_dop_operator_3.py took 0.213 seconds
[2025-03-19T00:09:51.678+0000] {processor.py:186} INFO - Started process (PID=3439) to work on /home/airflow/.local/lib/python3.12/site-packages/airflow/example_dags/example_branch_python_dop_operator_3.py
[2025-03-19T00:09:51.680+0000] {processor.py:914} INFO - Processing file /home/airflow/.local/lib/python3.12/site-packages/airflow/example_dags/example_branch_python_dop_operator_3.py for tasks to queue
[2025-03-19T00:09:51.681+0000] {logging_mixin.py:190} INFO - [2025-03-19T00:09:51.681+0000] {dagbag.py:588} INFO - Filling up the DagBag from /home/airflow/.local/lib/python3.12/site-packages/airflow/example_dags/example_branch_python_dop_operator_3.py
[2025-03-19T00:09:51.692+0000] {processor.py:925} INFO - DAG(s) 'example_branch_dop_operator_v3' retrieved from /home/airflow/.local/lib/python3.12/site-packages/airflow/example_dags/example_branch_python_dop_operator_3.py
[2025-03-19T00:09:51.712+0000] {logging_mixin.py:190} INFO - [2025-03-19T00:09:51.712+0000] {dag.py:3239} INFO - Sync 1 DAGs
[2025-03-19T00:09:51.730+0000] {logging_mixin.py:190} INFO - [2025-03-19T00:09:51.730+0000] {dag.py:4180} INFO - Setting next_dagrun for example_branch_dop_operator_v3 to 2025-03-19 00:08:00+00:00, run_after=2025-03-19 00:09:00+00:00
[2025-03-19T00:09:51.752+0000] {processor.py:208} INFO - Processing /home/airflow/.local/lib/python3.12/site-packages/airflow/example_dags/example_branch_python_dop_operator_3.py took 0.078 seconds
[2025-03-19T00:10:23.021+0000] {processor.py:186} INFO - Started process (PID=3512) to work on /home/airflow/.local/lib/python3.12/site-packages/airflow/example_dags/example_branch_python_dop_operator_3.py
[2025-03-19T00:10:23.022+0000] {processor.py:914} INFO - Processing file /home/airflow/.local/lib/python3.12/site-packages/airflow/example_dags/example_branch_python_dop_operator_3.py for tasks to queue
[2025-03-19T00:10:23.091+0000] {logging_mixin.py:190} INFO - [2025-03-19T00:10:23.090+0000] {dagbag.py:588} INFO - Filling up the DagBag from /home/airflow/.local/lib/python3.12/site-packages/airflow/example_dags/example_branch_python_dop_operator_3.py
[2025-03-19T00:10:23.107+0000] {processor.py:925} INFO - DAG(s) 'example_branch_dop_operator_v3' retrieved from /home/airflow/.local/lib/python3.12/site-packages/airflow/example_dags/example_branch_python_dop_operator_3.py
[2025-03-19T00:10:23.157+0000] {logging_mixin.py:190} INFO - [2025-03-19T00:10:23.156+0000] {dag.py:3239} INFO - Sync 1 DAGs
[2025-03-19T00:10:23.250+0000] {logging_mixin.py:190} INFO - [2025-03-19T00:10:23.250+0000] {dag.py:4180} INFO - Setting next_dagrun for example_branch_dop_operator_v3 to 2025-03-19 00:09:00+00:00, run_after=2025-03-19 00:10:00+00:00
[2025-03-19T00:10:23.313+0000] {processor.py:208} INFO - Processing /home/airflow/.local/lib/python3.12/site-packages/airflow/example_dags/example_branch_python_dop_operator_3.py took 0.304 seconds
[2025-03-19T00:10:53.943+0000] {processor.py:186} INFO - Started process (PID=3584) to work on /home/airflow/.local/lib/python3.12/site-packages/airflow/example_dags/example_branch_python_dop_operator_3.py
[2025-03-19T00:10:53.944+0000] {processor.py:914} INFO - Processing file /home/airflow/.local/lib/python3.12/site-packages/airflow/example_dags/example_branch_python_dop_operator_3.py for tasks to queue
[2025-03-19T00:10:53.945+0000] {logging_mixin.py:190} INFO - [2025-03-19T00:10:53.945+0000] {dagbag.py:588} INFO - Filling up the DagBag from /home/airflow/.local/lib/python3.12/site-packages/airflow/example_dags/example_branch_python_dop_operator_3.py
[2025-03-19T00:10:53.949+0000] {processor.py:925} INFO - DAG(s) 'example_branch_dop_operator_v3' retrieved from /home/airflow/.local/lib/python3.12/site-packages/airflow/example_dags/example_branch_python_dop_operator_3.py
[2025-03-19T00:10:53.958+0000] {logging_mixin.py:190} INFO - [2025-03-19T00:10:53.958+0000] {dag.py:3239} INFO - Sync 1 DAGs
[2025-03-19T00:10:53.969+0000] {logging_mixin.py:190} INFO - [2025-03-19T00:10:53.969+0000] {dag.py:4180} INFO - Setting next_dagrun for example_branch_dop_operator_v3 to 2025-03-19 00:09:00+00:00, run_after=2025-03-19 00:10:00+00:00
[2025-03-19T00:10:53.977+0000] {processor.py:208} INFO - Processing /home/airflow/.local/lib/python3.12/site-packages/airflow/example_dags/example_branch_python_dop_operator_3.py took 0.035 seconds
[2025-03-19T00:11:56.094+0000] {processor.py:186} INFO - Started process (PID=3730) to work on /home/airflow/.local/lib/python3.12/site-packages/airflow/example_dags/example_branch_python_dop_operator_3.py
[2025-03-19T00:11:56.094+0000] {processor.py:914} INFO - Processing file /home/airflow/.local/lib/python3.12/site-packages/airflow/example_dags/example_branch_python_dop_operator_3.py for tasks to queue
[2025-03-19T00:11:56.096+0000] {logging_mixin.py:190} INFO - [2025-03-19T00:11:56.095+0000] {dagbag.py:588} INFO - Filling up the DagBag from /home/airflow/.local/lib/python3.12/site-packages/airflow/example_dags/example_branch_python_dop_operator_3.py
[2025-03-19T00:11:56.101+0000] {processor.py:925} INFO - DAG(s) 'example_branch_dop_operator_v3' retrieved from /home/airflow/.local/lib/python3.12/site-packages/airflow/example_dags/example_branch_python_dop_operator_3.py
[2025-03-19T00:11:56.111+0000] {logging_mixin.py:190} INFO - [2025-03-19T00:11:56.111+0000] {dag.py:3239} INFO - Sync 1 DAGs
[2025-03-19T00:11:56.122+0000] {logging_mixin.py:190} INFO - [2025-03-19T00:11:56.122+0000] {dag.py:4180} INFO - Setting next_dagrun for example_branch_dop_operator_v3 to 2025-03-19 00:10:00+00:00, run_after=2025-03-19 00:11:00+00:00
[2025-03-19T00:11:56.130+0000] {processor.py:208} INFO - Processing /home/airflow/.local/lib/python3.12/site-packages/airflow/example_dags/example_branch_python_dop_operator_3.py took 0.039 seconds
[2025-03-19T00:12:26.370+0000] {processor.py:186} INFO - Started process (PID=3802) to work on /home/airflow/.local/lib/python3.12/site-packages/airflow/example_dags/example_branch_python_dop_operator_3.py
[2025-03-19T00:12:26.371+0000] {processor.py:914} INFO - Processing file /home/airflow/.local/lib/python3.12/site-packages/airflow/example_dags/example_branch_python_dop_operator_3.py for tasks to queue
[2025-03-19T00:12:26.372+0000] {logging_mixin.py:190} INFO - [2025-03-19T00:12:26.372+0000] {dagbag.py:588} INFO - Filling up the DagBag from /home/airflow/.local/lib/python3.12/site-packages/airflow/example_dags/example_branch_python_dop_operator_3.py
[2025-03-19T00:12:26.379+0000] {processor.py:925} INFO - DAG(s) 'example_branch_dop_operator_v3' retrieved from /home/airflow/.local/lib/python3.12/site-packages/airflow/example_dags/example_branch_python_dop_operator_3.py
[2025-03-19T00:12:26.391+0000] {logging_mixin.py:190} INFO - [2025-03-19T00:12:26.391+0000] {dag.py:3239} INFO - Sync 1 DAGs
[2025-03-19T00:12:26.404+0000] {logging_mixin.py:190} INFO - [2025-03-19T00:12:26.404+0000] {dag.py:4180} INFO - Setting next_dagrun for example_branch_dop_operator_v3 to 2025-03-19 00:11:00+00:00, run_after=2025-03-19 00:12:00+00:00
[2025-03-19T00:12:26.414+0000] {processor.py:208} INFO - Processing /home/airflow/.local/lib/python3.12/site-packages/airflow/example_dags/example_branch_python_dop_operator_3.py took 0.047 seconds
[2025-03-19T00:12:56.475+0000] {processor.py:186} INFO - Started process (PID=3873) to work on /home/airflow/.local/lib/python3.12/site-packages/airflow/example_dags/example_branch_python_dop_operator_3.py
[2025-03-19T00:12:56.476+0000] {processor.py:914} INFO - Processing file /home/airflow/.local/lib/python3.12/site-packages/airflow/example_dags/example_branch_python_dop_operator_3.py for tasks to queue
[2025-03-19T00:12:56.478+0000] {logging_mixin.py:190} INFO - [2025-03-19T00:12:56.478+0000] {dagbag.py:588} INFO - Filling up the DagBag from /home/airflow/.local/lib/python3.12/site-packages/airflow/example_dags/example_branch_python_dop_operator_3.py
[2025-03-19T00:12:56.486+0000] {processor.py:925} INFO - DAG(s) 'example_branch_dop_operator_v3' retrieved from /home/airflow/.local/lib/python3.12/site-packages/airflow/example_dags/example_branch_python_dop_operator_3.py
[2025-03-19T00:12:56.496+0000] {logging_mixin.py:190} INFO - [2025-03-19T00:12:56.495+0000] {dag.py:3239} INFO - Sync 1 DAGs
[2025-03-19T00:12:56.508+0000] {logging_mixin.py:190} INFO - [2025-03-19T00:12:56.508+0000] {dag.py:4180} INFO - Setting next_dagrun for example_branch_dop_operator_v3 to 2025-03-19 00:11:00+00:00, run_after=2025-03-19 00:12:00+00:00
[2025-03-19T00:12:56.515+0000] {processor.py:208} INFO - Processing /home/airflow/.local/lib/python3.12/site-packages/airflow/example_dags/example_branch_python_dop_operator_3.py took 0.045 seconds
[2025-03-19T00:13:27.625+0000] {processor.py:186} INFO - Started process (PID=3946) to work on /home/airflow/.local/lib/python3.12/site-packages/airflow/example_dags/example_branch_python_dop_operator_3.py
[2025-03-19T00:13:27.626+0000] {processor.py:914} INFO - Processing file /home/airflow/.local/lib/python3.12/site-packages/airflow/example_dags/example_branch_python_dop_operator_3.py for tasks to queue
[2025-03-19T00:13:27.629+0000] {logging_mixin.py:190} INFO - [2025-03-19T00:13:27.629+0000] {dagbag.py:588} INFO - Filling up the DagBag from /home/airflow/.local/lib/python3.12/site-packages/airflow/example_dags/example_branch_python_dop_operator_3.py
[2025-03-19T00:13:27.642+0000] {processor.py:925} INFO - DAG(s) 'example_branch_dop_operator_v3' retrieved from /home/airflow/.local/lib/python3.12/site-packages/airflow/example_dags/example_branch_python_dop_operator_3.py
[2025-03-19T00:13:27.655+0000] {logging_mixin.py:190} INFO - [2025-03-19T00:13:27.655+0000] {dag.py:3239} INFO - Sync 1 DAGs
[2025-03-19T00:13:27.687+0000] {logging_mixin.py:190} INFO - [2025-03-19T00:13:27.683+0000] {dag.py:4180} INFO - Setting next_dagrun for example_branch_dop_operator_v3 to 2025-03-19 00:12:00+00:00, run_after=2025-03-19 00:13:00+00:00
[2025-03-19T00:13:27.714+0000] {processor.py:208} INFO - Processing /home/airflow/.local/lib/python3.12/site-packages/airflow/example_dags/example_branch_python_dop_operator_3.py took 0.095 seconds
[2025-03-19T00:13:58.725+0000] {processor.py:186} INFO - Started process (PID=4024) to work on /home/airflow/.local/lib/python3.12/site-packages/airflow/example_dags/example_branch_python_dop_operator_3.py
[2025-03-19T00:13:58.726+0000] {processor.py:914} INFO - Processing file /home/airflow/.local/lib/python3.12/site-packages/airflow/example_dags/example_branch_python_dop_operator_3.py for tasks to queue
[2025-03-19T00:13:58.728+0000] {logging_mixin.py:190} INFO - [2025-03-19T00:13:58.728+0000] {dagbag.py:588} INFO - Filling up the DagBag from /home/airflow/.local/lib/python3.12/site-packages/airflow/example_dags/example_branch_python_dop_operator_3.py
[2025-03-19T00:13:58.735+0000] {processor.py:925} INFO - DAG(s) 'example_branch_dop_operator_v3' retrieved from /home/airflow/.local/lib/python3.12/site-packages/airflow/example_dags/example_branch_python_dop_operator_3.py
[2025-03-19T00:13:58.747+0000] {logging_mixin.py:190} INFO - [2025-03-19T00:13:58.747+0000] {dag.py:3239} INFO - Sync 1 DAGs
[2025-03-19T00:13:58.761+0000] {logging_mixin.py:190} INFO - [2025-03-19T00:13:58.761+0000] {dag.py:4180} INFO - Setting next_dagrun for example_branch_dop_operator_v3 to 2025-03-19 00:12:00+00:00, run_after=2025-03-19 00:13:00+00:00
[2025-03-19T00:13:58.773+0000] {processor.py:208} INFO - Processing /home/airflow/.local/lib/python3.12/site-packages/airflow/example_dags/example_branch_python_dop_operator_3.py took 0.051 seconds
[2025-03-19T00:14:29.163+0000] {processor.py:186} INFO - Started process (PID=4094) to work on /home/airflow/.local/lib/python3.12/site-packages/airflow/example_dags/example_branch_python_dop_operator_3.py
[2025-03-19T00:14:29.165+0000] {processor.py:914} INFO - Processing file /home/airflow/.local/lib/python3.12/site-packages/airflow/example_dags/example_branch_python_dop_operator_3.py for tasks to queue
[2025-03-19T00:14:29.175+0000] {logging_mixin.py:190} INFO - [2025-03-19T00:14:29.174+0000] {dagbag.py:588} INFO - Filling up the DagBag from /home/airflow/.local/lib/python3.12/site-packages/airflow/example_dags/example_branch_python_dop_operator_3.py
[2025-03-19T00:14:29.192+0000] {processor.py:925} INFO - DAG(s) 'example_branch_dop_operator_v3' retrieved from /home/airflow/.local/lib/python3.12/site-packages/airflow/example_dags/example_branch_python_dop_operator_3.py
[2025-03-19T00:14:29.221+0000] {logging_mixin.py:190} INFO - [2025-03-19T00:14:29.220+0000] {dag.py:3239} INFO - Sync 1 DAGs
[2025-03-19T00:14:29.267+0000] {logging_mixin.py:190} INFO - [2025-03-19T00:14:29.267+0000] {dag.py:4180} INFO - Setting next_dagrun for example_branch_dop_operator_v3 to 2025-03-19 00:13:00+00:00, run_after=2025-03-19 00:14:00+00:00
[2025-03-19T00:14:29.301+0000] {processor.py:208} INFO - Processing /home/airflow/.local/lib/python3.12/site-packages/airflow/example_dags/example_branch_python_dop_operator_3.py took 0.147 seconds
[2025-03-19T00:15:01.099+0000] {processor.py:186} INFO - Started process (PID=4166) to work on /home/airflow/.local/lib/python3.12/site-packages/airflow/example_dags/example_branch_python_dop_operator_3.py
[2025-03-19T00:15:01.100+0000] {processor.py:914} INFO - Processing file /home/airflow/.local/lib/python3.12/site-packages/airflow/example_dags/example_branch_python_dop_operator_3.py for tasks to queue
[2025-03-19T00:15:01.115+0000] {logging_mixin.py:190} INFO - [2025-03-19T00:15:01.115+0000] {dagbag.py:588} INFO - Filling up the DagBag from /home/airflow/.local/lib/python3.12/site-packages/airflow/example_dags/example_branch_python_dop_operator_3.py
[2025-03-19T00:15:01.139+0000] {processor.py:925} INFO - DAG(s) 'example_branch_dop_operator_v3' retrieved from /home/airflow/.local/lib/python3.12/site-packages/airflow/example_dags/example_branch_python_dop_operator_3.py
[2025-03-19T00:15:01.192+0000] {logging_mixin.py:190} INFO - [2025-03-19T00:15:01.191+0000] {dag.py:3239} INFO - Sync 1 DAGs
[2025-03-19T00:15:01.231+0000] {logging_mixin.py:190} INFO - [2025-03-19T00:15:01.231+0000] {dag.py:4180} INFO - Setting next_dagrun for example_branch_dop_operator_v3 to 2025-03-19 00:14:00+00:00, run_after=2025-03-19 00:15:00+00:00
[2025-03-19T00:15:01.283+0000] {processor.py:208} INFO - Processing /home/airflow/.local/lib/python3.12/site-packages/airflow/example_dags/example_branch_python_dop_operator_3.py took 0.193 seconds
[2025-03-19T00:15:31.566+0000] {processor.py:186} INFO - Started process (PID=4238) to work on /home/airflow/.local/lib/python3.12/site-packages/airflow/example_dags/example_branch_python_dop_operator_3.py
[2025-03-19T00:15:31.573+0000] {processor.py:914} INFO - Processing file /home/airflow/.local/lib/python3.12/site-packages/airflow/example_dags/example_branch_python_dop_operator_3.py for tasks to queue
[2025-03-19T00:15:31.577+0000] {logging_mixin.py:190} INFO - [2025-03-19T00:15:31.576+0000] {dagbag.py:588} INFO - Filling up the DagBag from /home/airflow/.local/lib/python3.12/site-packages/airflow/example_dags/example_branch_python_dop_operator_3.py
[2025-03-19T00:15:31.610+0000] {processor.py:925} INFO - DAG(s) 'example_branch_dop_operator_v3' retrieved from /home/airflow/.local/lib/python3.12/site-packages/airflow/example_dags/example_branch_python_dop_operator_3.py
[2025-03-19T00:15:31.651+0000] {logging_mixin.py:190} INFO - [2025-03-19T00:15:31.651+0000] {dag.py:3239} INFO - Sync 1 DAGs
[2025-03-19T00:15:31.699+0000] {logging_mixin.py:190} INFO - [2025-03-19T00:15:31.699+0000] {dag.py:4180} INFO - Setting next_dagrun for example_branch_dop_operator_v3 to 2025-03-19 00:14:00+00:00, run_after=2025-03-19 00:15:00+00:00
[2025-03-19T00:15:31.737+0000] {processor.py:208} INFO - Processing /home/airflow/.local/lib/python3.12/site-packages/airflow/example_dags/example_branch_python_dop_operator_3.py took 0.191 seconds
[2025-03-19T00:16:02.773+0000] {processor.py:186} INFO - Started process (PID=4308) to work on /home/airflow/.local/lib/python3.12/site-packages/airflow/example_dags/example_branch_python_dop_operator_3.py
[2025-03-19T00:16:02.790+0000] {processor.py:914} INFO - Processing file /home/airflow/.local/lib/python3.12/site-packages/airflow/example_dags/example_branch_python_dop_operator_3.py for tasks to queue
[2025-03-19T00:16:02.807+0000] {logging_mixin.py:190} INFO - [2025-03-19T00:16:02.807+0000] {dagbag.py:588} INFO - Filling up the DagBag from /home/airflow/.local/lib/python3.12/site-packages/airflow/example_dags/example_branch_python_dop_operator_3.py
[2025-03-19T00:16:02.832+0000] {processor.py:925} INFO - DAG(s) 'example_branch_dop_operator_v3' retrieved from /home/airflow/.local/lib/python3.12/site-packages/airflow/example_dags/example_branch_python_dop_operator_3.py
[2025-03-19T00:16:02.922+0000] {logging_mixin.py:190} INFO - [2025-03-19T00:16:02.922+0000] {dag.py:3239} INFO - Sync 1 DAGs
[2025-03-19T00:16:03.021+0000] {logging_mixin.py:190} INFO - [2025-03-19T00:16:03.020+0000] {dag.py:4180} INFO - Setting next_dagrun for example_branch_dop_operator_v3 to 2025-03-19 00:15:00+00:00, run_after=2025-03-19 00:16:00+00:00
[2025-03-19T00:16:03.124+0000] {processor.py:208} INFO - Processing /home/airflow/.local/lib/python3.12/site-packages/airflow/example_dags/example_branch_python_dop_operator_3.py took 0.371 seconds
[2025-03-19T00:16:33.998+0000] {processor.py:186} INFO - Started process (PID=4381) to work on /home/airflow/.local/lib/python3.12/site-packages/airflow/example_dags/example_branch_python_dop_operator_3.py
[2025-03-19T00:16:34.001+0000] {processor.py:914} INFO - Processing file /home/airflow/.local/lib/python3.12/site-packages/airflow/example_dags/example_branch_python_dop_operator_3.py for tasks to queue
[2025-03-19T00:16:34.005+0000] {logging_mixin.py:190} INFO - [2025-03-19T00:16:34.005+0000] {dagbag.py:588} INFO - Filling up the DagBag from /home/airflow/.local/lib/python3.12/site-packages/airflow/example_dags/example_branch_python_dop_operator_3.py
[2025-03-19T00:16:34.059+0000] {processor.py:925} INFO - DAG(s) 'example_branch_dop_operator_v3' retrieved from /home/airflow/.local/lib/python3.12/site-packages/airflow/example_dags/example_branch_python_dop_operator_3.py
[2025-03-19T00:16:34.101+0000] {logging_mixin.py:190} INFO - [2025-03-19T00:16:34.101+0000] {dag.py:3239} INFO - Sync 1 DAGs
[2025-03-19T00:16:34.235+0000] {logging_mixin.py:190} INFO - [2025-03-19T00:16:34.235+0000] {dag.py:4180} INFO - Setting next_dagrun for example_branch_dop_operator_v3 to 2025-03-19 00:15:00+00:00, run_after=2025-03-19 00:16:00+00:00
[2025-03-19T00:16:34.279+0000] {processor.py:208} INFO - Processing /home/airflow/.local/lib/python3.12/site-packages/airflow/example_dags/example_branch_python_dop_operator_3.py took 0.299 seconds
[2025-03-19T00:17:04.659+0000] {processor.py:186} INFO - Started process (PID=4453) to work on /home/airflow/.local/lib/python3.12/site-packages/airflow/example_dags/example_branch_python_dop_operator_3.py
[2025-03-19T00:17:04.660+0000] {processor.py:914} INFO - Processing file /home/airflow/.local/lib/python3.12/site-packages/airflow/example_dags/example_branch_python_dop_operator_3.py for tasks to queue
[2025-03-19T00:17:04.661+0000] {logging_mixin.py:190} INFO - [2025-03-19T00:17:04.661+0000] {dagbag.py:588} INFO - Filling up the DagBag from /home/airflow/.local/lib/python3.12/site-packages/airflow/example_dags/example_branch_python_dop_operator_3.py
[2025-03-19T00:17:04.668+0000] {processor.py:925} INFO - DAG(s) 'example_branch_dop_operator_v3' retrieved from /home/airflow/.local/lib/python3.12/site-packages/airflow/example_dags/example_branch_python_dop_operator_3.py
[2025-03-19T00:17:04.681+0000] {logging_mixin.py:190} INFO - [2025-03-19T00:17:04.681+0000] {dag.py:3239} INFO - Sync 1 DAGs
[2025-03-19T00:17:04.699+0000] {logging_mixin.py:190} INFO - [2025-03-19T00:17:04.699+0000] {dag.py:4180} INFO - Setting next_dagrun for example_branch_dop_operator_v3 to 2025-03-19 00:16:00+00:00, run_after=2025-03-19 00:17:00+00:00
[2025-03-19T00:17:04.708+0000] {processor.py:208} INFO - Processing /home/airflow/.local/lib/python3.12/site-packages/airflow/example_dags/example_branch_python_dop_operator_3.py took 0.053 seconds
[2025-03-19T00:17:35.485+0000] {processor.py:186} INFO - Started process (PID=4524) to work on /home/airflow/.local/lib/python3.12/site-packages/airflow/example_dags/example_branch_python_dop_operator_3.py
[2025-03-19T00:17:35.486+0000] {processor.py:914} INFO - Processing file /home/airflow/.local/lib/python3.12/site-packages/airflow/example_dags/example_branch_python_dop_operator_3.py for tasks to queue
[2025-03-19T00:17:35.491+0000] {logging_mixin.py:190} INFO - [2025-03-19T00:17:35.491+0000] {dagbag.py:588} INFO - Filling up the DagBag from /home/airflow/.local/lib/python3.12/site-packages/airflow/example_dags/example_branch_python_dop_operator_3.py
[2025-03-19T00:17:35.500+0000] {processor.py:925} INFO - DAG(s) 'example_branch_dop_operator_v3' retrieved from /home/airflow/.local/lib/python3.12/site-packages/airflow/example_dags/example_branch_python_dop_operator_3.py
[2025-03-19T00:17:35.526+0000] {logging_mixin.py:190} INFO - [2025-03-19T00:17:35.526+0000] {dag.py:3239} INFO - Sync 1 DAGs
[2025-03-19T00:17:35.560+0000] {logging_mixin.py:190} INFO - [2025-03-19T00:17:35.559+0000] {dag.py:4180} INFO - Setting next_dagrun for example_branch_dop_operator_v3 to 2025-03-19 00:16:00+00:00, run_after=2025-03-19 00:17:00+00:00
[2025-03-19T00:17:35.581+0000] {processor.py:208} INFO - Processing /home/airflow/.local/lib/python3.12/site-packages/airflow/example_dags/example_branch_python_dop_operator_3.py took 0.104 seconds
[2025-03-19T00:18:06.233+0000] {processor.py:186} INFO - Started process (PID=4595) to work on /home/airflow/.local/lib/python3.12/site-packages/airflow/example_dags/example_branch_python_dop_operator_3.py
[2025-03-19T00:18:06.234+0000] {processor.py:914} INFO - Processing file /home/airflow/.local/lib/python3.12/site-packages/airflow/example_dags/example_branch_python_dop_operator_3.py for tasks to queue
[2025-03-19T00:18:06.241+0000] {logging_mixin.py:190} INFO - [2025-03-19T00:18:06.240+0000] {dagbag.py:588} INFO - Filling up the DagBag from /home/airflow/.local/lib/python3.12/site-packages/airflow/example_dags/example_branch_python_dop_operator_3.py
[2025-03-19T00:18:06.277+0000] {processor.py:925} INFO - DAG(s) 'example_branch_dop_operator_v3' retrieved from /home/airflow/.local/lib/python3.12/site-packages/airflow/example_dags/example_branch_python_dop_operator_3.py
[2025-03-19T00:18:06.322+0000] {logging_mixin.py:190} INFO - [2025-03-19T00:18:06.322+0000] {dag.py:3239} INFO - Sync 1 DAGs
[2025-03-19T00:18:06.408+0000] {logging_mixin.py:190} INFO - [2025-03-19T00:18:06.408+0000] {dag.py:4180} INFO - Setting next_dagrun for example_branch_dop_operator_v3 to 2025-03-19 00:17:00+00:00, run_after=2025-03-19 00:18:00+00:00
[2025-03-19T00:18:06.510+0000] {processor.py:208} INFO - Processing /home/airflow/.local/lib/python3.12/site-packages/airflow/example_dags/example_branch_python_dop_operator_3.py took 0.300 seconds
[2025-03-19T00:18:36.689+0000] {processor.py:186} INFO - Started process (PID=4667) to work on /home/airflow/.local/lib/python3.12/site-packages/airflow/example_dags/example_branch_python_dop_operator_3.py
[2025-03-19T00:18:36.690+0000] {processor.py:914} INFO - Processing file /home/airflow/.local/lib/python3.12/site-packages/airflow/example_dags/example_branch_python_dop_operator_3.py for tasks to queue
[2025-03-19T00:18:36.693+0000] {logging_mixin.py:190} INFO - [2025-03-19T00:18:36.692+0000] {dagbag.py:588} INFO - Filling up the DagBag from /home/airflow/.local/lib/python3.12/site-packages/airflow/example_dags/example_branch_python_dop_operator_3.py
[2025-03-19T00:18:36.701+0000] {processor.py:925} INFO - DAG(s) 'example_branch_dop_operator_v3' retrieved from /home/airflow/.local/lib/python3.12/site-packages/airflow/example_dags/example_branch_python_dop_operator_3.py
[2025-03-19T00:18:36.719+0000] {logging_mixin.py:190} INFO - [2025-03-19T00:18:36.718+0000] {dag.py:3239} INFO - Sync 1 DAGs
[2025-03-19T00:18:36.734+0000] {logging_mixin.py:190} INFO - [2025-03-19T00:18:36.734+0000] {dag.py:4180} INFO - Setting next_dagrun for example_branch_dop_operator_v3 to 2025-03-19 00:17:00+00:00, run_after=2025-03-19 00:18:00+00:00
[2025-03-19T00:18:36.743+0000] {processor.py:208} INFO - Processing /home/airflow/.local/lib/python3.12/site-packages/airflow/example_dags/example_branch_python_dop_operator_3.py took 0.057 seconds
[2025-03-19T00:19:07.323+0000] {processor.py:186} INFO - Started process (PID=4739) to work on /home/airflow/.local/lib/python3.12/site-packages/airflow/example_dags/example_branch_python_dop_operator_3.py
[2025-03-19T00:19:07.324+0000] {processor.py:914} INFO - Processing file /home/airflow/.local/lib/python3.12/site-packages/airflow/example_dags/example_branch_python_dop_operator_3.py for tasks to queue
[2025-03-19T00:19:07.326+0000] {logging_mixin.py:190} INFO - [2025-03-19T00:19:07.326+0000] {dagbag.py:588} INFO - Filling up the DagBag from /home/airflow/.local/lib/python3.12/site-packages/airflow/example_dags/example_branch_python_dop_operator_3.py
[2025-03-19T00:19:07.336+0000] {processor.py:925} INFO - DAG(s) 'example_branch_dop_operator_v3' retrieved from /home/airflow/.local/lib/python3.12/site-packages/airflow/example_dags/example_branch_python_dop_operator_3.py
[2025-03-19T00:19:07.358+0000] {logging_mixin.py:190} INFO - [2025-03-19T00:19:07.358+0000] {dag.py:3239} INFO - Sync 1 DAGs
[2025-03-19T00:19:07.395+0000] {logging_mixin.py:190} INFO - [2025-03-19T00:19:07.395+0000] {dag.py:4180} INFO - Setting next_dagrun for example_branch_dop_operator_v3 to 2025-03-19 00:18:00+00:00, run_after=2025-03-19 00:19:00+00:00
[2025-03-19T00:19:07.420+0000] {processor.py:208} INFO - Processing /home/airflow/.local/lib/python3.12/site-packages/airflow/example_dags/example_branch_python_dop_operator_3.py took 0.103 seconds
