[2025-03-19T00:00:20.484+0000] {processor.py:186} INFO - Started process (PID=2098) to work on /home/airflow/.local/lib/python3.12/site-packages/airflow/example_dags/example_external_task_marker_dag.py
[2025-03-19T00:00:20.496+0000] {processor.py:914} INFO - Processing file /home/airflow/.local/lib/python3.12/site-packages/airflow/example_dags/example_external_task_marker_dag.py for tasks to queue
[2025-03-19T00:00:20.515+0000] {logging_mixin.py:190} INFO - [2025-03-19T00:00:20.515+0000] {dagbag.py:588} INFO - Filling up the DagBag from /home/airflow/.local/lib/python3.12/site-packages/airflow/example_dags/example_external_task_marker_dag.py
[2025-03-19T00:00:20.566+0000] {processor.py:925} INFO - DAG(s) 'example_external_task_marker_parent', 'example_external_task_marker_child' retrieved from /home/airflow/.local/lib/python3.12/site-packages/airflow/example_dags/example_external_task_marker_dag.py
[2025-03-19T00:00:20.608+0000] {logging_mixin.py:190} INFO - [2025-03-19T00:00:20.607+0000] {dag.py:3239} INFO - Sync 2 DAGs
[2025-03-19T00:00:20.682+0000] {logging_mixin.py:190} INFO - [2025-03-19T00:00:20.681+0000] {dag.py:4180} INFO - Setting next_dagrun for example_external_task_marker_child to None, run_after=None
[2025-03-19T00:00:20.693+0000] {logging_mixin.py:190} INFO - [2025-03-19T00:00:20.693+0000] {dag.py:4180} INFO - Setting next_dagrun for example_external_task_marker_parent to None, run_after=None
[2025-03-19T00:00:20.754+0000] {processor.py:208} INFO - Processing /home/airflow/.local/lib/python3.12/site-packages/airflow/example_dags/example_external_task_marker_dag.py took 0.299 seconds
[2025-03-19T00:00:52.516+0000] {processor.py:186} INFO - Started process (PID=2171) to work on /home/airflow/.local/lib/python3.12/site-packages/airflow/example_dags/example_external_task_marker_dag.py
[2025-03-19T00:00:52.523+0000] {processor.py:914} INFO - Processing file /home/airflow/.local/lib/python3.12/site-packages/airflow/example_dags/example_external_task_marker_dag.py for tasks to queue
[2025-03-19T00:00:52.531+0000] {logging_mixin.py:190} INFO - [2025-03-19T00:00:52.531+0000] {dagbag.py:588} INFO - Filling up the DagBag from /home/airflow/.local/lib/python3.12/site-packages/airflow/example_dags/example_external_task_marker_dag.py
[2025-03-19T00:00:52.563+0000] {processor.py:925} INFO - DAG(s) 'example_external_task_marker_parent', 'example_external_task_marker_child' retrieved from /home/airflow/.local/lib/python3.12/site-packages/airflow/example_dags/example_external_task_marker_dag.py
[2025-03-19T00:00:52.665+0000] {logging_mixin.py:190} INFO - [2025-03-19T00:00:52.664+0000] {dag.py:3239} INFO - Sync 2 DAGs
[2025-03-19T00:00:52.730+0000] {logging_mixin.py:190} INFO - [2025-03-19T00:00:52.730+0000] {dag.py:4180} INFO - Setting next_dagrun for example_external_task_marker_child to None, run_after=None
[2025-03-19T00:00:52.751+0000] {logging_mixin.py:190} INFO - [2025-03-19T00:00:52.750+0000] {dag.py:4180} INFO - Setting next_dagrun for example_external_task_marker_parent to None, run_after=None
[2025-03-19T00:00:52.797+0000] {processor.py:208} INFO - Processing /home/airflow/.local/lib/python3.12/site-packages/airflow/example_dags/example_external_task_marker_dag.py took 0.301 seconds
[2025-03-19T00:01:23.344+0000] {processor.py:186} INFO - Started process (PID=2242) to work on /home/airflow/.local/lib/python3.12/site-packages/airflow/example_dags/example_external_task_marker_dag.py
[2025-03-19T00:01:23.344+0000] {processor.py:914} INFO - Processing file /home/airflow/.local/lib/python3.12/site-packages/airflow/example_dags/example_external_task_marker_dag.py for tasks to queue
[2025-03-19T00:01:23.346+0000] {logging_mixin.py:190} INFO - [2025-03-19T00:01:23.345+0000] {dagbag.py:588} INFO - Filling up the DagBag from /home/airflow/.local/lib/python3.12/site-packages/airflow/example_dags/example_external_task_marker_dag.py
[2025-03-19T00:01:23.350+0000] {processor.py:925} INFO - DAG(s) 'example_external_task_marker_child', 'example_external_task_marker_parent' retrieved from /home/airflow/.local/lib/python3.12/site-packages/airflow/example_dags/example_external_task_marker_dag.py
[2025-03-19T00:01:23.362+0000] {logging_mixin.py:190} INFO - [2025-03-19T00:01:23.362+0000] {dag.py:3239} INFO - Sync 2 DAGs
[2025-03-19T00:01:23.370+0000] {logging_mixin.py:190} INFO - [2025-03-19T00:01:23.370+0000] {dag.py:4180} INFO - Setting next_dagrun for example_external_task_marker_child to None, run_after=None
[2025-03-19T00:01:23.373+0000] {logging_mixin.py:190} INFO - [2025-03-19T00:01:23.373+0000] {dag.py:4180} INFO - Setting next_dagrun for example_external_task_marker_parent to None, run_after=None
[2025-03-19T00:01:23.381+0000] {processor.py:208} INFO - Processing /home/airflow/.local/lib/python3.12/site-packages/airflow/example_dags/example_external_task_marker_dag.py took 0.040 seconds
[2025-03-19T00:01:58.674+0000] {processor.py:186} INFO - Started process (PID=2323) to work on /home/airflow/.local/lib/python3.12/site-packages/airflow/example_dags/example_external_task_marker_dag.py
[2025-03-19T00:01:58.678+0000] {processor.py:914} INFO - Processing file /home/airflow/.local/lib/python3.12/site-packages/airflow/example_dags/example_external_task_marker_dag.py for tasks to queue
[2025-03-19T00:01:58.856+0000] {logging_mixin.py:190} INFO - [2025-03-19T00:01:58.856+0000] {dagbag.py:588} INFO - Filling up the DagBag from /home/airflow/.local/lib/python3.12/site-packages/airflow/example_dags/example_external_task_marker_dag.py
[2025-03-19T00:01:58.887+0000] {processor.py:925} INFO - DAG(s) 'example_external_task_marker_parent', 'example_external_task_marker_child' retrieved from /home/airflow/.local/lib/python3.12/site-packages/airflow/example_dags/example_external_task_marker_dag.py
[2025-03-19T00:01:58.950+0000] {logging_mixin.py:190} INFO - [2025-03-19T00:01:58.949+0000] {dag.py:3239} INFO - Sync 2 DAGs
[2025-03-19T00:01:58.988+0000] {logging_mixin.py:190} INFO - [2025-03-19T00:01:58.987+0000] {dag.py:4180} INFO - Setting next_dagrun for example_external_task_marker_child to None, run_after=None
[2025-03-19T00:01:59.010+0000] {logging_mixin.py:190} INFO - [2025-03-19T00:01:59.010+0000] {dag.py:4180} INFO - Setting next_dagrun for example_external_task_marker_parent to None, run_after=None
[2025-03-19T00:01:59.054+0000] {processor.py:208} INFO - Processing /home/airflow/.local/lib/python3.12/site-packages/airflow/example_dags/example_external_task_marker_dag.py took 0.404 seconds
[2025-03-19T00:02:30.851+0000] {processor.py:186} INFO - Started process (PID=2396) to work on /home/airflow/.local/lib/python3.12/site-packages/airflow/example_dags/example_external_task_marker_dag.py
[2025-03-19T00:02:30.852+0000] {processor.py:914} INFO - Processing file /home/airflow/.local/lib/python3.12/site-packages/airflow/example_dags/example_external_task_marker_dag.py for tasks to queue
[2025-03-19T00:02:30.855+0000] {logging_mixin.py:190} INFO - [2025-03-19T00:02:30.854+0000] {dagbag.py:588} INFO - Filling up the DagBag from /home/airflow/.local/lib/python3.12/site-packages/airflow/example_dags/example_external_task_marker_dag.py
[2025-03-19T00:02:30.863+0000] {processor.py:925} INFO - DAG(s) 'example_external_task_marker_parent', 'example_external_task_marker_child' retrieved from /home/airflow/.local/lib/python3.12/site-packages/airflow/example_dags/example_external_task_marker_dag.py
[2025-03-19T00:02:30.913+0000] {logging_mixin.py:190} INFO - [2025-03-19T00:02:30.912+0000] {dag.py:3239} INFO - Sync 2 DAGs
[2025-03-19T00:02:30.933+0000] {logging_mixin.py:190} INFO - [2025-03-19T00:02:30.933+0000] {dag.py:4180} INFO - Setting next_dagrun for example_external_task_marker_child to None, run_after=None
[2025-03-19T00:02:30.938+0000] {logging_mixin.py:190} INFO - [2025-03-19T00:02:30.937+0000] {dag.py:4180} INFO - Setting next_dagrun for example_external_task_marker_parent to None, run_after=None
[2025-03-19T00:02:30.962+0000] {processor.py:208} INFO - Processing /home/airflow/.local/lib/python3.12/site-packages/airflow/example_dags/example_external_task_marker_dag.py took 0.119 seconds
[2025-03-19T00:03:01.039+0000] {processor.py:186} INFO - Started process (PID=2468) to work on /home/airflow/.local/lib/python3.12/site-packages/airflow/example_dags/example_external_task_marker_dag.py
[2025-03-19T00:03:01.039+0000] {processor.py:914} INFO - Processing file /home/airflow/.local/lib/python3.12/site-packages/airflow/example_dags/example_external_task_marker_dag.py for tasks to queue
[2025-03-19T00:03:01.040+0000] {logging_mixin.py:190} INFO - [2025-03-19T00:03:01.040+0000] {dagbag.py:588} INFO - Filling up the DagBag from /home/airflow/.local/lib/python3.12/site-packages/airflow/example_dags/example_external_task_marker_dag.py
[2025-03-19T00:03:01.044+0000] {processor.py:925} INFO - DAG(s) 'example_external_task_marker_child', 'example_external_task_marker_parent' retrieved from /home/airflow/.local/lib/python3.12/site-packages/airflow/example_dags/example_external_task_marker_dag.py
[2025-03-19T00:03:01.054+0000] {logging_mixin.py:190} INFO - [2025-03-19T00:03:01.054+0000] {dag.py:3239} INFO - Sync 2 DAGs
[2025-03-19T00:03:01.059+0000] {logging_mixin.py:190} INFO - [2025-03-19T00:03:01.059+0000] {dag.py:4180} INFO - Setting next_dagrun for example_external_task_marker_child to None, run_after=None
[2025-03-19T00:03:01.061+0000] {logging_mixin.py:190} INFO - [2025-03-19T00:03:01.061+0000] {dag.py:4180} INFO - Setting next_dagrun for example_external_task_marker_parent to None, run_after=None
[2025-03-19T00:03:01.066+0000] {processor.py:208} INFO - Processing /home/airflow/.local/lib/python3.12/site-packages/airflow/example_dags/example_external_task_marker_dag.py took 0.029 seconds
[2025-03-19T00:03:33.027+0000] {processor.py:186} INFO - Started process (PID=2540) to work on /home/airflow/.local/lib/python3.12/site-packages/airflow/example_dags/example_external_task_marker_dag.py
[2025-03-19T00:03:33.041+0000] {processor.py:914} INFO - Processing file /home/airflow/.local/lib/python3.12/site-packages/airflow/example_dags/example_external_task_marker_dag.py for tasks to queue
[2025-03-19T00:03:33.052+0000] {logging_mixin.py:190} INFO - [2025-03-19T00:03:33.051+0000] {dagbag.py:588} INFO - Filling up the DagBag from /home/airflow/.local/lib/python3.12/site-packages/airflow/example_dags/example_external_task_marker_dag.py
[2025-03-19T00:03:33.070+0000] {processor.py:925} INFO - DAG(s) 'example_external_task_marker_parent', 'example_external_task_marker_child' retrieved from /home/airflow/.local/lib/python3.12/site-packages/airflow/example_dags/example_external_task_marker_dag.py
[2025-03-19T00:03:33.120+0000] {logging_mixin.py:190} INFO - [2025-03-19T00:03:33.120+0000] {dag.py:3239} INFO - Sync 2 DAGs
[2025-03-19T00:03:33.151+0000] {logging_mixin.py:190} INFO - [2025-03-19T00:03:33.151+0000] {dag.py:4180} INFO - Setting next_dagrun for example_external_task_marker_child to None, run_after=None
[2025-03-19T00:03:33.161+0000] {logging_mixin.py:190} INFO - [2025-03-19T00:03:33.161+0000] {dag.py:4180} INFO - Setting next_dagrun for example_external_task_marker_parent to None, run_after=None
[2025-03-19T00:03:33.186+0000] {processor.py:208} INFO - Processing /home/airflow/.local/lib/python3.12/site-packages/airflow/example_dags/example_external_task_marker_dag.py took 0.165 seconds
[2025-03-19T00:04:03.385+0000] {processor.py:186} INFO - Started process (PID=2611) to work on /home/airflow/.local/lib/python3.12/site-packages/airflow/example_dags/example_external_task_marker_dag.py
[2025-03-19T00:04:03.386+0000] {processor.py:914} INFO - Processing file /home/airflow/.local/lib/python3.12/site-packages/airflow/example_dags/example_external_task_marker_dag.py for tasks to queue
[2025-03-19T00:04:03.387+0000] {logging_mixin.py:190} INFO - [2025-03-19T00:04:03.387+0000] {dagbag.py:588} INFO - Filling up the DagBag from /home/airflow/.local/lib/python3.12/site-packages/airflow/example_dags/example_external_task_marker_dag.py
[2025-03-19T00:04:03.395+0000] {processor.py:925} INFO - DAG(s) 'example_external_task_marker_parent', 'example_external_task_marker_child' retrieved from /home/airflow/.local/lib/python3.12/site-packages/airflow/example_dags/example_external_task_marker_dag.py
[2025-03-19T00:04:03.409+0000] {logging_mixin.py:190} INFO - [2025-03-19T00:04:03.409+0000] {dag.py:3239} INFO - Sync 2 DAGs
[2025-03-19T00:04:03.418+0000] {logging_mixin.py:190} INFO - [2025-03-19T00:04:03.418+0000] {dag.py:4180} INFO - Setting next_dagrun for example_external_task_marker_child to None, run_after=None
[2025-03-19T00:04:03.420+0000] {logging_mixin.py:190} INFO - [2025-03-19T00:04:03.420+0000] {dag.py:4180} INFO - Setting next_dagrun for example_external_task_marker_parent to None, run_after=None
[2025-03-19T00:04:03.427+0000] {processor.py:208} INFO - Processing /home/airflow/.local/lib/python3.12/site-packages/airflow/example_dags/example_external_task_marker_dag.py took 0.047 seconds
[2025-03-19T00:04:33.519+0000] {processor.py:186} INFO - Started process (PID=2682) to work on /home/airflow/.local/lib/python3.12/site-packages/airflow/example_dags/example_external_task_marker_dag.py
[2025-03-19T00:04:33.525+0000] {processor.py:914} INFO - Processing file /home/airflow/.local/lib/python3.12/site-packages/airflow/example_dags/example_external_task_marker_dag.py for tasks to queue
[2025-03-19T00:04:33.536+0000] {logging_mixin.py:190} INFO - [2025-03-19T00:04:33.535+0000] {dagbag.py:588} INFO - Filling up the DagBag from /home/airflow/.local/lib/python3.12/site-packages/airflow/example_dags/example_external_task_marker_dag.py
[2025-03-19T00:04:33.560+0000] {processor.py:925} INFO - DAG(s) 'example_external_task_marker_child', 'example_external_task_marker_parent' retrieved from /home/airflow/.local/lib/python3.12/site-packages/airflow/example_dags/example_external_task_marker_dag.py
[2025-03-19T00:04:33.596+0000] {logging_mixin.py:190} INFO - [2025-03-19T00:04:33.596+0000] {dag.py:3239} INFO - Sync 2 DAGs
[2025-03-19T00:04:33.622+0000] {logging_mixin.py:190} INFO - [2025-03-19T00:04:33.622+0000] {dag.py:4180} INFO - Setting next_dagrun for example_external_task_marker_child to None, run_after=None
[2025-03-19T00:04:33.627+0000] {logging_mixin.py:190} INFO - [2025-03-19T00:04:33.627+0000] {dag.py:4180} INFO - Setting next_dagrun for example_external_task_marker_parent to None, run_after=None
[2025-03-19T00:04:33.645+0000] {processor.py:208} INFO - Processing /home/airflow/.local/lib/python3.12/site-packages/airflow/example_dags/example_external_task_marker_dag.py took 0.133 seconds
[2025-03-19T00:05:04.587+0000] {processor.py:186} INFO - Started process (PID=2754) to work on /home/airflow/.local/lib/python3.12/site-packages/airflow/example_dags/example_external_task_marker_dag.py
[2025-03-19T00:05:04.588+0000] {processor.py:914} INFO - Processing file /home/airflow/.local/lib/python3.12/site-packages/airflow/example_dags/example_external_task_marker_dag.py for tasks to queue
[2025-03-19T00:05:04.590+0000] {logging_mixin.py:190} INFO - [2025-03-19T00:05:04.590+0000] {dagbag.py:588} INFO - Filling up the DagBag from /home/airflow/.local/lib/python3.12/site-packages/airflow/example_dags/example_external_task_marker_dag.py
[2025-03-19T00:05:04.598+0000] {processor.py:925} INFO - DAG(s) 'example_external_task_marker_child', 'example_external_task_marker_parent' retrieved from /home/airflow/.local/lib/python3.12/site-packages/airflow/example_dags/example_external_task_marker_dag.py
[2025-03-19T00:05:04.611+0000] {logging_mixin.py:190} INFO - [2025-03-19T00:05:04.611+0000] {dag.py:3239} INFO - Sync 2 DAGs
[2025-03-19T00:05:04.618+0000] {logging_mixin.py:190} INFO - [2025-03-19T00:05:04.618+0000] {dag.py:4180} INFO - Setting next_dagrun for example_external_task_marker_child to None, run_after=None
[2025-03-19T00:05:04.620+0000] {logging_mixin.py:190} INFO - [2025-03-19T00:05:04.620+0000] {dag.py:4180} INFO - Setting next_dagrun for example_external_task_marker_parent to None, run_after=None
[2025-03-19T00:05:04.627+0000] {processor.py:208} INFO - Processing /home/airflow/.local/lib/python3.12/site-packages/airflow/example_dags/example_external_task_marker_dag.py took 0.047 seconds
