[2025-03-19T00:00:25.899+0000] {processor.py:186} INFO - Started process (PID=2140) to work on /home/airflow/.local/lib/python3.12/site-packages/airflow/example_dags/example_sla_dag.py
[2025-03-19T00:00:25.900+0000] {processor.py:914} INFO - Processing file /home/airflow/.local/lib/python3.12/site-packages/airflow/example_dags/example_sla_dag.py for tasks to queue
[2025-03-19T00:00:25.903+0000] {logging_mixin.py:190} INFO - [2025-03-19T00:00:25.902+0000] {dagbag.py:588} INFO - Filling up the DagBag from /home/airflow/.local/lib/python3.12/site-packages/airflow/example_dags/example_sla_dag.py
[2025-03-19T00:00:25.910+0000] {processor.py:925} INFO - DAG(s) 'example_sla_dag' retrieved from /home/airflow/.local/lib/python3.12/site-packages/airflow/example_dags/example_sla_dag.py
[2025-03-19T00:00:25.924+0000] {logging_mixin.py:190} INFO - [2025-03-19T00:00:25.923+0000] {dag.py:3239} INFO - Sync 1 DAGs
[2025-03-19T00:00:25.951+0000] {logging_mixin.py:190} INFO - [2025-03-19T00:00:25.950+0000] {dag.py:4180} INFO - Setting next_dagrun for example_sla_dag to 2025-03-18 23:58:00+00:00, run_after=2025-03-19 00:00:00+00:00
[2025-03-19T00:00:25.981+0000] {processor.py:208} INFO - Processing /home/airflow/.local/lib/python3.12/site-packages/airflow/example_dags/example_sla_dag.py took 0.085 seconds
[2025-03-19T00:00:57.273+0000] {processor.py:186} INFO - Started process (PID=2212) to work on /home/airflow/.local/lib/python3.12/site-packages/airflow/example_dags/example_sla_dag.py
[2025-03-19T00:00:57.274+0000] {processor.py:914} INFO - Processing file /home/airflow/.local/lib/python3.12/site-packages/airflow/example_dags/example_sla_dag.py for tasks to queue
[2025-03-19T00:00:57.276+0000] {logging_mixin.py:190} INFO - [2025-03-19T00:00:57.275+0000] {dagbag.py:588} INFO - Filling up the DagBag from /home/airflow/.local/lib/python3.12/site-packages/airflow/example_dags/example_sla_dag.py
[2025-03-19T00:00:57.289+0000] {processor.py:925} INFO - DAG(s) 'example_sla_dag' retrieved from /home/airflow/.local/lib/python3.12/site-packages/airflow/example_dags/example_sla_dag.py
[2025-03-19T00:00:57.304+0000] {logging_mixin.py:190} INFO - [2025-03-19T00:00:57.303+0000] {dag.py:3239} INFO - Sync 1 DAGs
[2025-03-19T00:00:57.334+0000] {logging_mixin.py:190} INFO - [2025-03-19T00:00:57.333+0000] {dag.py:4180} INFO - Setting next_dagrun for example_sla_dag to 2025-03-18 23:58:00+00:00, run_after=2025-03-19 00:00:00+00:00
[2025-03-19T00:00:57.354+0000] {processor.py:208} INFO - Processing /home/airflow/.local/lib/python3.12/site-packages/airflow/example_dags/example_sla_dag.py took 0.087 seconds
[2025-03-19T00:01:27.795+0000] {processor.py:186} INFO - Started process (PID=2284) to work on /home/airflow/.local/lib/python3.12/site-packages/airflow/example_dags/example_sla_dag.py
[2025-03-19T00:01:27.795+0000] {processor.py:914} INFO - Processing file /home/airflow/.local/lib/python3.12/site-packages/airflow/example_dags/example_sla_dag.py for tasks to queue
[2025-03-19T00:01:27.800+0000] {logging_mixin.py:190} INFO - [2025-03-19T00:01:27.799+0000] {dagbag.py:588} INFO - Filling up the DagBag from /home/airflow/.local/lib/python3.12/site-packages/airflow/example_dags/example_sla_dag.py
[2025-03-19T00:01:27.815+0000] {processor.py:925} INFO - DAG(s) 'example_sla_dag' retrieved from /home/airflow/.local/lib/python3.12/site-packages/airflow/example_dags/example_sla_dag.py
[2025-03-19T00:01:27.849+0000] {logging_mixin.py:190} INFO - [2025-03-19T00:01:27.848+0000] {dag.py:3239} INFO - Sync 1 DAGs
[2025-03-19T00:01:27.878+0000] {logging_mixin.py:190} INFO - [2025-03-19T00:01:27.878+0000] {dag.py:4180} INFO - Setting next_dagrun for example_sla_dag to 2025-03-18 23:58:00+00:00, run_after=2025-03-19 00:00:00+00:00
[2025-03-19T00:01:27.898+0000] {processor.py:208} INFO - Processing /home/airflow/.local/lib/python3.12/site-packages/airflow/example_dags/example_sla_dag.py took 0.111 seconds
[2025-03-19T00:02:03.019+0000] {processor.py:186} INFO - Started process (PID=2349) to work on /home/airflow/.local/lib/python3.12/site-packages/airflow/example_dags/example_sla_dag.py
[2025-03-19T00:02:03.020+0000] {processor.py:914} INFO - Processing file /home/airflow/.local/lib/python3.12/site-packages/airflow/example_dags/example_sla_dag.py for tasks to queue
[2025-03-19T00:02:03.023+0000] {logging_mixin.py:190} INFO - [2025-03-19T00:02:03.023+0000] {dagbag.py:588} INFO - Filling up the DagBag from /home/airflow/.local/lib/python3.12/site-packages/airflow/example_dags/example_sla_dag.py
[2025-03-19T00:02:03.030+0000] {processor.py:925} INFO - DAG(s) 'example_sla_dag' retrieved from /home/airflow/.local/lib/python3.12/site-packages/airflow/example_dags/example_sla_dag.py
[2025-03-19T00:02:03.049+0000] {logging_mixin.py:190} INFO - [2025-03-19T00:02:03.049+0000] {dag.py:3239} INFO - Sync 1 DAGs
[2025-03-19T00:02:03.067+0000] {logging_mixin.py:190} INFO - [2025-03-19T00:02:03.066+0000] {dag.py:4180} INFO - Setting next_dagrun for example_sla_dag to 2025-03-19 00:00:00+00:00, run_after=2025-03-19 00:02:00+00:00
[2025-03-19T00:02:03.083+0000] {processor.py:208} INFO - Processing /home/airflow/.local/lib/python3.12/site-packages/airflow/example_dags/example_sla_dag.py took 0.068 seconds
[2025-03-19T00:02:33.442+0000] {processor.py:186} INFO - Started process (PID=2420) to work on /home/airflow/.local/lib/python3.12/site-packages/airflow/example_dags/example_sla_dag.py
[2025-03-19T00:02:33.442+0000] {processor.py:914} INFO - Processing file /home/airflow/.local/lib/python3.12/site-packages/airflow/example_dags/example_sla_dag.py for tasks to queue
[2025-03-19T00:02:33.443+0000] {logging_mixin.py:190} INFO - [2025-03-19T00:02:33.443+0000] {dagbag.py:588} INFO - Filling up the DagBag from /home/airflow/.local/lib/python3.12/site-packages/airflow/example_dags/example_sla_dag.py
[2025-03-19T00:02:33.449+0000] {processor.py:925} INFO - DAG(s) 'example_sla_dag' retrieved from /home/airflow/.local/lib/python3.12/site-packages/airflow/example_dags/example_sla_dag.py
[2025-03-19T00:02:33.457+0000] {logging_mixin.py:190} INFO - [2025-03-19T00:02:33.457+0000] {dag.py:3239} INFO - Sync 1 DAGs
[2025-03-19T00:02:33.469+0000] {logging_mixin.py:190} INFO - [2025-03-19T00:02:33.469+0000] {dag.py:4180} INFO - Setting next_dagrun for example_sla_dag to 2025-03-19 00:00:00+00:00, run_after=2025-03-19 00:02:00+00:00
[2025-03-19T00:02:33.478+0000] {processor.py:208} INFO - Processing /home/airflow/.local/lib/python3.12/site-packages/airflow/example_dags/example_sla_dag.py took 0.039 seconds
[2025-03-19T00:03:04.876+0000] {processor.py:186} INFO - Started process (PID=2492) to work on /home/airflow/.local/lib/python3.12/site-packages/airflow/example_dags/example_sla_dag.py
[2025-03-19T00:03:04.877+0000] {processor.py:914} INFO - Processing file /home/airflow/.local/lib/python3.12/site-packages/airflow/example_dags/example_sla_dag.py for tasks to queue
[2025-03-19T00:03:04.880+0000] {logging_mixin.py:190} INFO - [2025-03-19T00:03:04.880+0000] {dagbag.py:588} INFO - Filling up the DagBag from /home/airflow/.local/lib/python3.12/site-packages/airflow/example_dags/example_sla_dag.py
[2025-03-19T00:03:04.891+0000] {processor.py:925} INFO - DAG(s) 'example_sla_dag' retrieved from /home/airflow/.local/lib/python3.12/site-packages/airflow/example_dags/example_sla_dag.py
[2025-03-19T00:03:04.916+0000] {logging_mixin.py:190} INFO - [2025-03-19T00:03:04.916+0000] {dag.py:3239} INFO - Sync 1 DAGs
[2025-03-19T00:03:04.958+0000] {logging_mixin.py:190} INFO - [2025-03-19T00:03:04.958+0000] {dag.py:4180} INFO - Setting next_dagrun for example_sla_dag to 2025-03-19 00:00:00+00:00, run_after=2025-03-19 00:02:00+00:00
[2025-03-19T00:03:04.980+0000] {processor.py:208} INFO - Processing /home/airflow/.local/lib/python3.12/site-packages/airflow/example_dags/example_sla_dag.py took 0.109 seconds
[2025-03-19T00:03:35.114+0000] {processor.py:186} INFO - Started process (PID=2564) to work on /home/airflow/.local/lib/python3.12/site-packages/airflow/example_dags/example_sla_dag.py
[2025-03-19T00:03:35.114+0000] {processor.py:914} INFO - Processing file /home/airflow/.local/lib/python3.12/site-packages/airflow/example_dags/example_sla_dag.py for tasks to queue
[2025-03-19T00:03:35.115+0000] {logging_mixin.py:190} INFO - [2025-03-19T00:03:35.115+0000] {dagbag.py:588} INFO - Filling up the DagBag from /home/airflow/.local/lib/python3.12/site-packages/airflow/example_dags/example_sla_dag.py
[2025-03-19T00:03:35.121+0000] {processor.py:925} INFO - DAG(s) 'example_sla_dag' retrieved from /home/airflow/.local/lib/python3.12/site-packages/airflow/example_dags/example_sla_dag.py
[2025-03-19T00:03:35.130+0000] {logging_mixin.py:190} INFO - [2025-03-19T00:03:35.130+0000] {dag.py:3239} INFO - Sync 1 DAGs
[2025-03-19T00:03:35.141+0000] {logging_mixin.py:190} INFO - [2025-03-19T00:03:35.141+0000] {dag.py:4180} INFO - Setting next_dagrun for example_sla_dag to 2025-03-19 00:00:00+00:00, run_after=2025-03-19 00:02:00+00:00
[2025-03-19T00:03:35.151+0000] {processor.py:208} INFO - Processing /home/airflow/.local/lib/python3.12/site-packages/airflow/example_dags/example_sla_dag.py took 0.040 seconds
[2025-03-19T00:04:05.640+0000] {processor.py:186} INFO - Started process (PID=2636) to work on /home/airflow/.local/lib/python3.12/site-packages/airflow/example_dags/example_sla_dag.py
[2025-03-19T00:04:05.641+0000] {processor.py:914} INFO - Processing file /home/airflow/.local/lib/python3.12/site-packages/airflow/example_dags/example_sla_dag.py for tasks to queue
[2025-03-19T00:04:05.647+0000] {logging_mixin.py:190} INFO - [2025-03-19T00:04:05.646+0000] {dagbag.py:588} INFO - Filling up the DagBag from /home/airflow/.local/lib/python3.12/site-packages/airflow/example_dags/example_sla_dag.py
[2025-03-19T00:04:05.661+0000] {processor.py:925} INFO - DAG(s) 'example_sla_dag' retrieved from /home/airflow/.local/lib/python3.12/site-packages/airflow/example_dags/example_sla_dag.py
[2025-03-19T00:04:05.688+0000] {logging_mixin.py:190} INFO - [2025-03-19T00:04:05.688+0000] {dag.py:3239} INFO - Sync 1 DAGs
[2025-03-19T00:04:05.724+0000] {logging_mixin.py:190} INFO - [2025-03-19T00:04:05.724+0000] {dag.py:4180} INFO - Setting next_dagrun for example_sla_dag to 2025-03-19 00:02:00+00:00, run_after=2025-03-19 00:04:00+00:00
[2025-03-19T00:04:05.759+0000] {processor.py:208} INFO - Processing /home/airflow/.local/lib/python3.12/site-packages/airflow/example_dags/example_sla_dag.py took 0.127 seconds
[2025-03-19T00:04:36.158+0000] {processor.py:186} INFO - Started process (PID=2708) to work on /home/airflow/.local/lib/python3.12/site-packages/airflow/example_dags/example_sla_dag.py
[2025-03-19T00:04:36.159+0000] {processor.py:914} INFO - Processing file /home/airflow/.local/lib/python3.12/site-packages/airflow/example_dags/example_sla_dag.py for tasks to queue
[2025-03-19T00:04:36.160+0000] {logging_mixin.py:190} INFO - [2025-03-19T00:04:36.160+0000] {dagbag.py:588} INFO - Filling up the DagBag from /home/airflow/.local/lib/python3.12/site-packages/airflow/example_dags/example_sla_dag.py
[2025-03-19T00:04:36.165+0000] {processor.py:925} INFO - DAG(s) 'example_sla_dag' retrieved from /home/airflow/.local/lib/python3.12/site-packages/airflow/example_dags/example_sla_dag.py
[2025-03-19T00:04:36.174+0000] {logging_mixin.py:190} INFO - [2025-03-19T00:04:36.174+0000] {dag.py:3239} INFO - Sync 1 DAGs
[2025-03-19T00:04:36.185+0000] {logging_mixin.py:190} INFO - [2025-03-19T00:04:36.184+0000] {dag.py:4180} INFO - Setting next_dagrun for example_sla_dag to 2025-03-19 00:02:00+00:00, run_after=2025-03-19 00:04:00+00:00
[2025-03-19T00:04:36.303+0000] {processor.py:208} INFO - Processing /home/airflow/.local/lib/python3.12/site-packages/airflow/example_dags/example_sla_dag.py took 0.147 seconds
[2025-03-19T00:05:09.732+0000] {processor.py:186} INFO - Started process (PID=2780) to work on /home/airflow/.local/lib/python3.12/site-packages/airflow/example_dags/example_sla_dag.py
[2025-03-19T00:05:09.733+0000] {processor.py:914} INFO - Processing file /home/airflow/.local/lib/python3.12/site-packages/airflow/example_dags/example_sla_dag.py for tasks to queue
[2025-03-19T00:05:09.735+0000] {logging_mixin.py:190} INFO - [2025-03-19T00:05:09.734+0000] {dagbag.py:588} INFO - Filling up the DagBag from /home/airflow/.local/lib/python3.12/site-packages/airflow/example_dags/example_sla_dag.py
[2025-03-19T00:05:09.741+0000] {processor.py:925} INFO - DAG(s) 'example_sla_dag' retrieved from /home/airflow/.local/lib/python3.12/site-packages/airflow/example_dags/example_sla_dag.py
[2025-03-19T00:05:09.765+0000] {logging_mixin.py:190} INFO - [2025-03-19T00:05:09.765+0000] {dag.py:3239} INFO - Sync 1 DAGs
[2025-03-19T00:05:09.785+0000] {logging_mixin.py:190} INFO - [2025-03-19T00:05:09.785+0000] {dag.py:4180} INFO - Setting next_dagrun for example_sla_dag to 2025-03-19 00:02:00+00:00, run_after=2025-03-19 00:04:00+00:00
[2025-03-19T00:05:09.798+0000] {processor.py:208} INFO - Processing /home/airflow/.local/lib/python3.12/site-packages/airflow/example_dags/example_sla_dag.py took 0.076 seconds
[2025-03-19T00:05:40.332+0000] {processor.py:186} INFO - Started process (PID=2852) to work on /home/airflow/.local/lib/python3.12/site-packages/airflow/example_dags/example_sla_dag.py
[2025-03-19T00:05:40.333+0000] {processor.py:914} INFO - Processing file /home/airflow/.local/lib/python3.12/site-packages/airflow/example_dags/example_sla_dag.py for tasks to queue
[2025-03-19T00:05:40.333+0000] {logging_mixin.py:190} INFO - [2025-03-19T00:05:40.333+0000] {dagbag.py:588} INFO - Filling up the DagBag from /home/airflow/.local/lib/python3.12/site-packages/airflow/example_dags/example_sla_dag.py
[2025-03-19T00:05:40.338+0000] {processor.py:925} INFO - DAG(s) 'example_sla_dag' retrieved from /home/airflow/.local/lib/python3.12/site-packages/airflow/example_dags/example_sla_dag.py
[2025-03-19T00:05:40.347+0000] {logging_mixin.py:190} INFO - [2025-03-19T00:05:40.347+0000] {dag.py:3239} INFO - Sync 1 DAGs
[2025-03-19T00:05:40.357+0000] {logging_mixin.py:190} INFO - [2025-03-19T00:05:40.356+0000] {dag.py:4180} INFO - Setting next_dagrun for example_sla_dag to 2025-03-19 00:02:00+00:00, run_after=2025-03-19 00:04:00+00:00
[2025-03-19T00:05:40.363+0000] {processor.py:208} INFO - Processing /home/airflow/.local/lib/python3.12/site-packages/airflow/example_dags/example_sla_dag.py took 0.033 seconds
[2025-03-19T00:06:11.525+0000] {processor.py:186} INFO - Started process (PID=2924) to work on /home/airflow/.local/lib/python3.12/site-packages/airflow/example_dags/example_sla_dag.py
[2025-03-19T00:06:11.526+0000] {processor.py:914} INFO - Processing file /home/airflow/.local/lib/python3.12/site-packages/airflow/example_dags/example_sla_dag.py for tasks to queue
[2025-03-19T00:06:11.539+0000] {logging_mixin.py:190} INFO - [2025-03-19T00:06:11.539+0000] {dagbag.py:588} INFO - Filling up the DagBag from /home/airflow/.local/lib/python3.12/site-packages/airflow/example_dags/example_sla_dag.py
[2025-03-19T00:06:11.566+0000] {processor.py:925} INFO - DAG(s) 'example_sla_dag' retrieved from /home/airflow/.local/lib/python3.12/site-packages/airflow/example_dags/example_sla_dag.py
[2025-03-19T00:06:11.603+0000] {logging_mixin.py:190} INFO - [2025-03-19T00:06:11.603+0000] {dag.py:3239} INFO - Sync 1 DAGs
[2025-03-19T00:06:11.667+0000] {logging_mixin.py:190} INFO - [2025-03-19T00:06:11.667+0000] {dag.py:4180} INFO - Setting next_dagrun for example_sla_dag to 2025-03-19 00:04:00+00:00, run_after=2025-03-19 00:06:00+00:00
[2025-03-19T00:06:11.705+0000] {processor.py:208} INFO - Processing /home/airflow/.local/lib/python3.12/site-packages/airflow/example_dags/example_sla_dag.py took 0.197 seconds
[2025-03-19T00:06:42.741+0000] {processor.py:186} INFO - Started process (PID=2996) to work on /home/airflow/.local/lib/python3.12/site-packages/airflow/example_dags/example_sla_dag.py
[2025-03-19T00:06:42.760+0000] {processor.py:914} INFO - Processing file /home/airflow/.local/lib/python3.12/site-packages/airflow/example_dags/example_sla_dag.py for tasks to queue
[2025-03-19T00:06:42.765+0000] {logging_mixin.py:190} INFO - [2025-03-19T00:06:42.764+0000] {dagbag.py:588} INFO - Filling up the DagBag from /home/airflow/.local/lib/python3.12/site-packages/airflow/example_dags/example_sla_dag.py
[2025-03-19T00:06:42.806+0000] {processor.py:925} INFO - DAG(s) 'example_sla_dag' retrieved from /home/airflow/.local/lib/python3.12/site-packages/airflow/example_dags/example_sla_dag.py
[2025-03-19T00:06:42.862+0000] {logging_mixin.py:190} INFO - [2025-03-19T00:06:42.862+0000] {dag.py:3239} INFO - Sync 1 DAGs
[2025-03-19T00:06:42.914+0000] {logging_mixin.py:190} INFO - [2025-03-19T00:06:42.914+0000] {dag.py:4180} INFO - Setting next_dagrun for example_sla_dag to 2025-03-19 00:04:00+00:00, run_after=2025-03-19 00:06:00+00:00
[2025-03-19T00:06:42.951+0000] {processor.py:208} INFO - Processing /home/airflow/.local/lib/python3.12/site-packages/airflow/example_dags/example_sla_dag.py took 0.215 seconds
[2025-03-19T00:07:13.485+0000] {processor.py:186} INFO - Started process (PID=3068) to work on /home/airflow/.local/lib/python3.12/site-packages/airflow/example_dags/example_sla_dag.py
[2025-03-19T00:07:13.499+0000] {processor.py:914} INFO - Processing file /home/airflow/.local/lib/python3.12/site-packages/airflow/example_dags/example_sla_dag.py for tasks to queue
[2025-03-19T00:07:13.504+0000] {logging_mixin.py:190} INFO - [2025-03-19T00:07:13.503+0000] {dagbag.py:588} INFO - Filling up the DagBag from /home/airflow/.local/lib/python3.12/site-packages/airflow/example_dags/example_sla_dag.py
[2025-03-19T00:07:13.564+0000] {processor.py:925} INFO - DAG(s) 'example_sla_dag' retrieved from /home/airflow/.local/lib/python3.12/site-packages/airflow/example_dags/example_sla_dag.py
[2025-03-19T00:07:13.630+0000] {logging_mixin.py:190} INFO - [2025-03-19T00:07:13.630+0000] {dag.py:3239} INFO - Sync 1 DAGs
[2025-03-19T00:07:13.677+0000] {logging_mixin.py:190} INFO - [2025-03-19T00:07:13.677+0000] {dag.py:4180} INFO - Setting next_dagrun for example_sla_dag to 2025-03-19 00:04:00+00:00, run_after=2025-03-19 00:06:00+00:00
[2025-03-19T00:07:13.703+0000] {processor.py:208} INFO - Processing /home/airflow/.local/lib/python3.12/site-packages/airflow/example_dags/example_sla_dag.py took 0.233 seconds
[2025-03-19T00:07:44.523+0000] {processor.py:186} INFO - Started process (PID=3140) to work on /home/airflow/.local/lib/python3.12/site-packages/airflow/example_dags/example_sla_dag.py
[2025-03-19T00:07:44.526+0000] {processor.py:914} INFO - Processing file /home/airflow/.local/lib/python3.12/site-packages/airflow/example_dags/example_sla_dag.py for tasks to queue
[2025-03-19T00:07:44.530+0000] {logging_mixin.py:190} INFO - [2025-03-19T00:07:44.529+0000] {dagbag.py:588} INFO - Filling up the DagBag from /home/airflow/.local/lib/python3.12/site-packages/airflow/example_dags/example_sla_dag.py
[2025-03-19T00:07:44.536+0000] {processor.py:925} INFO - DAG(s) 'example_sla_dag' retrieved from /home/airflow/.local/lib/python3.12/site-packages/airflow/example_dags/example_sla_dag.py
[2025-03-19T00:07:44.550+0000] {logging_mixin.py:190} INFO - [2025-03-19T00:07:44.550+0000] {dag.py:3239} INFO - Sync 1 DAGs
[2025-03-19T00:07:44.566+0000] {logging_mixin.py:190} INFO - [2025-03-19T00:07:44.566+0000] {dag.py:4180} INFO - Setting next_dagrun for example_sla_dag to 2025-03-19 00:04:00+00:00, run_after=2025-03-19 00:06:00+00:00
[2025-03-19T00:07:44.578+0000] {processor.py:208} INFO - Processing /home/airflow/.local/lib/python3.12/site-packages/airflow/example_dags/example_sla_dag.py took 0.059 seconds
[2025-03-19T00:08:16.725+0000] {processor.py:186} INFO - Started process (PID=3213) to work on /home/airflow/.local/lib/python3.12/site-packages/airflow/example_dags/example_sla_dag.py
[2025-03-19T00:08:16.740+0000] {processor.py:914} INFO - Processing file /home/airflow/.local/lib/python3.12/site-packages/airflow/example_dags/example_sla_dag.py for tasks to queue
[2025-03-19T00:08:16.752+0000] {logging_mixin.py:190} INFO - [2025-03-19T00:08:16.752+0000] {dagbag.py:588} INFO - Filling up the DagBag from /home/airflow/.local/lib/python3.12/site-packages/airflow/example_dags/example_sla_dag.py
[2025-03-19T00:08:16.791+0000] {processor.py:925} INFO - DAG(s) 'example_sla_dag' retrieved from /home/airflow/.local/lib/python3.12/site-packages/airflow/example_dags/example_sla_dag.py
[2025-03-19T00:08:16.855+0000] {logging_mixin.py:190} INFO - [2025-03-19T00:08:16.855+0000] {dag.py:3239} INFO - Sync 1 DAGs
[2025-03-19T00:08:16.910+0000] {logging_mixin.py:190} INFO - [2025-03-19T00:08:16.910+0000] {dag.py:4180} INFO - Setting next_dagrun for example_sla_dag to 2025-03-19 00:06:00+00:00, run_after=2025-03-19 00:08:00+00:00
[2025-03-19T00:08:16.953+0000] {processor.py:208} INFO - Processing /home/airflow/.local/lib/python3.12/site-packages/airflow/example_dags/example_sla_dag.py took 0.241 seconds
[2025-03-19T00:08:47.274+0000] {processor.py:186} INFO - Started process (PID=3285) to work on /home/airflow/.local/lib/python3.12/site-packages/airflow/example_dags/example_sla_dag.py
[2025-03-19T00:08:47.326+0000] {processor.py:914} INFO - Processing file /home/airflow/.local/lib/python3.12/site-packages/airflow/example_dags/example_sla_dag.py for tasks to queue
[2025-03-19T00:08:47.340+0000] {logging_mixin.py:190} INFO - [2025-03-19T00:08:47.340+0000] {dagbag.py:588} INFO - Filling up the DagBag from /home/airflow/.local/lib/python3.12/site-packages/airflow/example_dags/example_sla_dag.py
[2025-03-19T00:08:47.369+0000] {processor.py:925} INFO - DAG(s) 'example_sla_dag' retrieved from /home/airflow/.local/lib/python3.12/site-packages/airflow/example_dags/example_sla_dag.py
[2025-03-19T00:08:47.431+0000] {logging_mixin.py:190} INFO - [2025-03-19T00:08:47.422+0000] {dag.py:3239} INFO - Sync 1 DAGs
[2025-03-19T00:08:47.482+0000] {logging_mixin.py:190} INFO - [2025-03-19T00:08:47.482+0000] {dag.py:4180} INFO - Setting next_dagrun for example_sla_dag to 2025-03-19 00:06:00+00:00, run_after=2025-03-19 00:08:00+00:00
[2025-03-19T00:08:47.527+0000] {processor.py:208} INFO - Processing /home/airflow/.local/lib/python3.12/site-packages/airflow/example_dags/example_sla_dag.py took 0.275 seconds
[2025-03-19T00:09:17.648+0000] {processor.py:186} INFO - Started process (PID=3357) to work on /home/airflow/.local/lib/python3.12/site-packages/airflow/example_dags/example_sla_dag.py
[2025-03-19T00:09:17.651+0000] {processor.py:914} INFO - Processing file /home/airflow/.local/lib/python3.12/site-packages/airflow/example_dags/example_sla_dag.py for tasks to queue
[2025-03-19T00:09:17.652+0000] {logging_mixin.py:190} INFO - [2025-03-19T00:09:17.652+0000] {dagbag.py:588} INFO - Filling up the DagBag from /home/airflow/.local/lib/python3.12/site-packages/airflow/example_dags/example_sla_dag.py
[2025-03-19T00:09:17.657+0000] {processor.py:925} INFO - DAG(s) 'example_sla_dag' retrieved from /home/airflow/.local/lib/python3.12/site-packages/airflow/example_dags/example_sla_dag.py
[2025-03-19T00:09:17.668+0000] {logging_mixin.py:190} INFO - [2025-03-19T00:09:17.668+0000] {dag.py:3239} INFO - Sync 1 DAGs
[2025-03-19T00:09:17.682+0000] {logging_mixin.py:190} INFO - [2025-03-19T00:09:17.682+0000] {dag.py:4180} INFO - Setting next_dagrun for example_sla_dag to 2025-03-19 00:06:00+00:00, run_after=2025-03-19 00:08:00+00:00
[2025-03-19T00:09:17.694+0000] {processor.py:208} INFO - Processing /home/airflow/.local/lib/python3.12/site-packages/airflow/example_dags/example_sla_dag.py took 0.049 seconds
[2025-03-19T00:09:48.827+0000] {processor.py:186} INFO - Started process (PID=3428) to work on /home/airflow/.local/lib/python3.12/site-packages/airflow/example_dags/example_sla_dag.py
[2025-03-19T00:09:48.841+0000] {processor.py:914} INFO - Processing file /home/airflow/.local/lib/python3.12/site-packages/airflow/example_dags/example_sla_dag.py for tasks to queue
[2025-03-19T00:09:48.877+0000] {logging_mixin.py:190} INFO - [2025-03-19T00:09:48.877+0000] {dagbag.py:588} INFO - Filling up the DagBag from /home/airflow/.local/lib/python3.12/site-packages/airflow/example_dags/example_sla_dag.py
[2025-03-19T00:09:48.896+0000] {processor.py:925} INFO - DAG(s) 'example_sla_dag' retrieved from /home/airflow/.local/lib/python3.12/site-packages/airflow/example_dags/example_sla_dag.py
[2025-03-19T00:09:48.938+0000] {logging_mixin.py:190} INFO - [2025-03-19T00:09:48.938+0000] {dag.py:3239} INFO - Sync 1 DAGs
[2025-03-19T00:09:48.991+0000] {logging_mixin.py:190} INFO - [2025-03-19T00:09:48.990+0000] {dag.py:4180} INFO - Setting next_dagrun for example_sla_dag to 2025-03-19 00:06:00+00:00, run_after=2025-03-19 00:08:00+00:00
[2025-03-19T00:09:49.067+0000] {processor.py:208} INFO - Processing /home/airflow/.local/lib/python3.12/site-packages/airflow/example_dags/example_sla_dag.py took 0.245 seconds
[2025-03-19T00:10:20.068+0000] {processor.py:186} INFO - Started process (PID=3500) to work on /home/airflow/.local/lib/python3.12/site-packages/airflow/example_dags/example_sla_dag.py
[2025-03-19T00:10:20.074+0000] {processor.py:914} INFO - Processing file /home/airflow/.local/lib/python3.12/site-packages/airflow/example_dags/example_sla_dag.py for tasks to queue
[2025-03-19T00:10:20.093+0000] {logging_mixin.py:190} INFO - [2025-03-19T00:10:20.092+0000] {dagbag.py:588} INFO - Filling up the DagBag from /home/airflow/.local/lib/python3.12/site-packages/airflow/example_dags/example_sla_dag.py
[2025-03-19T00:10:20.124+0000] {processor.py:925} INFO - DAG(s) 'example_sla_dag' retrieved from /home/airflow/.local/lib/python3.12/site-packages/airflow/example_dags/example_sla_dag.py
[2025-03-19T00:10:20.153+0000] {logging_mixin.py:190} INFO - [2025-03-19T00:10:20.153+0000] {dag.py:3239} INFO - Sync 1 DAGs
[2025-03-19T00:10:20.182+0000] {logging_mixin.py:190} INFO - [2025-03-19T00:10:20.182+0000] {dag.py:4180} INFO - Setting next_dagrun for example_sla_dag to 2025-03-19 00:08:00+00:00, run_after=2025-03-19 00:10:00+00:00
[2025-03-19T00:10:20.213+0000] {processor.py:208} INFO - Processing /home/airflow/.local/lib/python3.12/site-packages/airflow/example_dags/example_sla_dag.py took 0.162 seconds
[2025-03-19T00:10:50.444+0000] {processor.py:186} INFO - Started process (PID=3572) to work on /home/airflow/.local/lib/python3.12/site-packages/airflow/example_dags/example_sla_dag.py
[2025-03-19T00:10:50.444+0000] {processor.py:914} INFO - Processing file /home/airflow/.local/lib/python3.12/site-packages/airflow/example_dags/example_sla_dag.py for tasks to queue
[2025-03-19T00:10:50.446+0000] {logging_mixin.py:190} INFO - [2025-03-19T00:10:50.446+0000] {dagbag.py:588} INFO - Filling up the DagBag from /home/airflow/.local/lib/python3.12/site-packages/airflow/example_dags/example_sla_dag.py
[2025-03-19T00:10:50.455+0000] {processor.py:925} INFO - DAG(s) 'example_sla_dag' retrieved from /home/airflow/.local/lib/python3.12/site-packages/airflow/example_dags/example_sla_dag.py
[2025-03-19T00:10:50.467+0000] {logging_mixin.py:190} INFO - [2025-03-19T00:10:50.467+0000] {dag.py:3239} INFO - Sync 1 DAGs
[2025-03-19T00:10:50.483+0000] {logging_mixin.py:190} INFO - [2025-03-19T00:10:50.483+0000] {dag.py:4180} INFO - Setting next_dagrun for example_sla_dag to 2025-03-19 00:08:00+00:00, run_after=2025-03-19 00:10:00+00:00
[2025-03-19T00:10:50.494+0000] {processor.py:208} INFO - Processing /home/airflow/.local/lib/python3.12/site-packages/airflow/example_dags/example_sla_dag.py took 0.054 seconds
[2025-03-19T00:11:51.799+0000] {processor.py:186} INFO - Started process (PID=3715) to work on /home/airflow/.local/lib/python3.12/site-packages/airflow/example_dags/example_sla_dag.py
[2025-03-19T00:11:51.808+0000] {processor.py:914} INFO - Processing file /home/airflow/.local/lib/python3.12/site-packages/airflow/example_dags/example_sla_dag.py for tasks to queue
[2025-03-19T00:11:51.817+0000] {logging_mixin.py:190} INFO - [2025-03-19T00:11:51.816+0000] {dagbag.py:588} INFO - Filling up the DagBag from /home/airflow/.local/lib/python3.12/site-packages/airflow/example_dags/example_sla_dag.py
[2025-03-19T00:11:51.835+0000] {processor.py:925} INFO - DAG(s) 'example_sla_dag' retrieved from /home/airflow/.local/lib/python3.12/site-packages/airflow/example_dags/example_sla_dag.py
[2025-03-19T00:11:51.864+0000] {logging_mixin.py:190} INFO - [2025-03-19T00:11:51.864+0000] {dag.py:3239} INFO - Sync 1 DAGs
[2025-03-19T00:11:51.931+0000] {logging_mixin.py:190} INFO - [2025-03-19T00:11:51.931+0000] {dag.py:4180} INFO - Setting next_dagrun for example_sla_dag to 2025-03-19 00:08:00+00:00, run_after=2025-03-19 00:10:00+00:00
[2025-03-19T00:11:51.981+0000] {processor.py:208} INFO - Processing /home/airflow/.local/lib/python3.12/site-packages/airflow/example_dags/example_sla_dag.py took 0.195 seconds
[2025-03-19T00:12:22.715+0000] {processor.py:186} INFO - Started process (PID=3787) to work on /home/airflow/.local/lib/python3.12/site-packages/airflow/example_dags/example_sla_dag.py
[2025-03-19T00:12:22.716+0000] {processor.py:914} INFO - Processing file /home/airflow/.local/lib/python3.12/site-packages/airflow/example_dags/example_sla_dag.py for tasks to queue
[2025-03-19T00:12:22.718+0000] {logging_mixin.py:190} INFO - [2025-03-19T00:12:22.717+0000] {dagbag.py:588} INFO - Filling up the DagBag from /home/airflow/.local/lib/python3.12/site-packages/airflow/example_dags/example_sla_dag.py
[2025-03-19T00:12:22.724+0000] {processor.py:925} INFO - DAG(s) 'example_sla_dag' retrieved from /home/airflow/.local/lib/python3.12/site-packages/airflow/example_dags/example_sla_dag.py
[2025-03-19T00:12:22.733+0000] {logging_mixin.py:190} INFO - [2025-03-19T00:12:22.733+0000] {dag.py:3239} INFO - Sync 1 DAGs
[2025-03-19T00:12:22.745+0000] {logging_mixin.py:190} INFO - [2025-03-19T00:12:22.745+0000] {dag.py:4180} INFO - Setting next_dagrun for example_sla_dag to 2025-03-19 00:10:00+00:00, run_after=2025-03-19 00:12:00+00:00
[2025-03-19T00:12:22.753+0000] {processor.py:208} INFO - Processing /home/airflow/.local/lib/python3.12/site-packages/airflow/example_dags/example_sla_dag.py took 0.043 seconds
[2025-03-19T00:12:53.172+0000] {processor.py:186} INFO - Started process (PID=3859) to work on /home/airflow/.local/lib/python3.12/site-packages/airflow/example_dags/example_sla_dag.py
[2025-03-19T00:12:53.173+0000] {processor.py:914} INFO - Processing file /home/airflow/.local/lib/python3.12/site-packages/airflow/example_dags/example_sla_dag.py for tasks to queue
[2025-03-19T00:12:53.176+0000] {logging_mixin.py:190} INFO - [2025-03-19T00:12:53.175+0000] {dagbag.py:588} INFO - Filling up the DagBag from /home/airflow/.local/lib/python3.12/site-packages/airflow/example_dags/example_sla_dag.py
[2025-03-19T00:12:53.185+0000] {processor.py:925} INFO - DAG(s) 'example_sla_dag' retrieved from /home/airflow/.local/lib/python3.12/site-packages/airflow/example_dags/example_sla_dag.py
[2025-03-19T00:12:53.206+0000] {logging_mixin.py:190} INFO - [2025-03-19T00:12:53.206+0000] {dag.py:3239} INFO - Sync 1 DAGs
[2025-03-19T00:12:53.244+0000] {logging_mixin.py:190} INFO - [2025-03-19T00:12:53.243+0000] {dag.py:4180} INFO - Setting next_dagrun for example_sla_dag to 2025-03-19 00:10:00+00:00, run_after=2025-03-19 00:12:00+00:00
[2025-03-19T00:12:53.298+0000] {processor.py:208} INFO - Processing /home/airflow/.local/lib/python3.12/site-packages/airflow/example_dags/example_sla_dag.py took 0.133 seconds
[2025-03-19T00:13:23.443+0000] {processor.py:186} INFO - Started process (PID=3931) to work on /home/airflow/.local/lib/python3.12/site-packages/airflow/example_dags/example_sla_dag.py
[2025-03-19T00:13:23.446+0000] {processor.py:914} INFO - Processing file /home/airflow/.local/lib/python3.12/site-packages/airflow/example_dags/example_sla_dag.py for tasks to queue
[2025-03-19T00:13:23.452+0000] {logging_mixin.py:190} INFO - [2025-03-19T00:13:23.450+0000] {dagbag.py:588} INFO - Filling up the DagBag from /home/airflow/.local/lib/python3.12/site-packages/airflow/example_dags/example_sla_dag.py
[2025-03-19T00:13:23.466+0000] {processor.py:925} INFO - DAG(s) 'example_sla_dag' retrieved from /home/airflow/.local/lib/python3.12/site-packages/airflow/example_dags/example_sla_dag.py
[2025-03-19T00:13:23.500+0000] {logging_mixin.py:190} INFO - [2025-03-19T00:13:23.500+0000] {dag.py:3239} INFO - Sync 1 DAGs
[2025-03-19T00:13:23.534+0000] {logging_mixin.py:190} INFO - [2025-03-19T00:13:23.534+0000] {dag.py:4180} INFO - Setting next_dagrun for example_sla_dag to 2025-03-19 00:10:00+00:00, run_after=2025-03-19 00:12:00+00:00
[2025-03-19T00:13:23.552+0000] {processor.py:208} INFO - Processing /home/airflow/.local/lib/python3.12/site-packages/airflow/example_dags/example_sla_dag.py took 0.116 seconds
[2025-03-19T00:13:54.317+0000] {processor.py:186} INFO - Started process (PID=4001) to work on /home/airflow/.local/lib/python3.12/site-packages/airflow/example_dags/example_sla_dag.py
[2025-03-19T00:13:54.318+0000] {processor.py:914} INFO - Processing file /home/airflow/.local/lib/python3.12/site-packages/airflow/example_dags/example_sla_dag.py for tasks to queue
[2025-03-19T00:13:54.324+0000] {logging_mixin.py:190} INFO - [2025-03-19T00:13:54.323+0000] {dagbag.py:588} INFO - Filling up the DagBag from /home/airflow/.local/lib/python3.12/site-packages/airflow/example_dags/example_sla_dag.py
[2025-03-19T00:13:54.343+0000] {processor.py:925} INFO - DAG(s) 'example_sla_dag' retrieved from /home/airflow/.local/lib/python3.12/site-packages/airflow/example_dags/example_sla_dag.py
[2025-03-19T00:13:54.391+0000] {logging_mixin.py:190} INFO - [2025-03-19T00:13:54.391+0000] {dag.py:3239} INFO - Sync 1 DAGs
[2025-03-19T00:13:54.457+0000] {logging_mixin.py:190} INFO - [2025-03-19T00:13:54.457+0000] {dag.py:4180} INFO - Setting next_dagrun for example_sla_dag to 2025-03-19 00:10:00+00:00, run_after=2025-03-19 00:12:00+00:00
[2025-03-19T00:13:54.495+0000] {processor.py:208} INFO - Processing /home/airflow/.local/lib/python3.12/site-packages/airflow/example_dags/example_sla_dag.py took 0.187 seconds
[2025-03-19T00:14:24.686+0000] {processor.py:186} INFO - Started process (PID=4073) to work on /home/airflow/.local/lib/python3.12/site-packages/airflow/example_dags/example_sla_dag.py
[2025-03-19T00:14:24.691+0000] {processor.py:914} INFO - Processing file /home/airflow/.local/lib/python3.12/site-packages/airflow/example_dags/example_sla_dag.py for tasks to queue
[2025-03-19T00:14:24.692+0000] {logging_mixin.py:190} INFO - [2025-03-19T00:14:24.692+0000] {dagbag.py:588} INFO - Filling up the DagBag from /home/airflow/.local/lib/python3.12/site-packages/airflow/example_dags/example_sla_dag.py
[2025-03-19T00:14:24.708+0000] {processor.py:925} INFO - DAG(s) 'example_sla_dag' retrieved from /home/airflow/.local/lib/python3.12/site-packages/airflow/example_dags/example_sla_dag.py
[2025-03-19T00:14:24.737+0000] {logging_mixin.py:190} INFO - [2025-03-19T00:14:24.736+0000] {dag.py:3239} INFO - Sync 1 DAGs
[2025-03-19T00:14:24.754+0000] {logging_mixin.py:190} INFO - [2025-03-19T00:14:24.754+0000] {dag.py:4180} INFO - Setting next_dagrun for example_sla_dag to 2025-03-19 00:12:00+00:00, run_after=2025-03-19 00:14:00+00:00
[2025-03-19T00:14:24.796+0000] {processor.py:208} INFO - Processing /home/airflow/.local/lib/python3.12/site-packages/airflow/example_dags/example_sla_dag.py took 0.118 seconds
[2025-03-19T00:14:55.919+0000] {processor.py:186} INFO - Started process (PID=4144) to work on /home/airflow/.local/lib/python3.12/site-packages/airflow/example_dags/example_sla_dag.py
[2025-03-19T00:14:55.941+0000] {processor.py:914} INFO - Processing file /home/airflow/.local/lib/python3.12/site-packages/airflow/example_dags/example_sla_dag.py for tasks to queue
[2025-03-19T00:14:55.953+0000] {logging_mixin.py:190} INFO - [2025-03-19T00:14:55.952+0000] {dagbag.py:588} INFO - Filling up the DagBag from /home/airflow/.local/lib/python3.12/site-packages/airflow/example_dags/example_sla_dag.py
[2025-03-19T00:14:56.003+0000] {processor.py:925} INFO - DAG(s) 'example_sla_dag' retrieved from /home/airflow/.local/lib/python3.12/site-packages/airflow/example_dags/example_sla_dag.py
[2025-03-19T00:14:56.047+0000] {logging_mixin.py:190} INFO - [2025-03-19T00:14:56.047+0000] {dag.py:3239} INFO - Sync 1 DAGs
[2025-03-19T00:14:56.118+0000] {logging_mixin.py:190} INFO - [2025-03-19T00:14:56.118+0000] {dag.py:4180} INFO - Setting next_dagrun for example_sla_dag to 2025-03-19 00:12:00+00:00, run_after=2025-03-19 00:14:00+00:00
[2025-03-19T00:14:56.183+0000] {processor.py:208} INFO - Processing /home/airflow/.local/lib/python3.12/site-packages/airflow/example_dags/example_sla_dag.py took 0.273 seconds
[2025-03-19T00:15:26.998+0000] {processor.py:186} INFO - Started process (PID=4216) to work on /home/airflow/.local/lib/python3.12/site-packages/airflow/example_dags/example_sla_dag.py
[2025-03-19T00:15:26.999+0000] {processor.py:914} INFO - Processing file /home/airflow/.local/lib/python3.12/site-packages/airflow/example_dags/example_sla_dag.py for tasks to queue
[2025-03-19T00:15:27.000+0000] {logging_mixin.py:190} INFO - [2025-03-19T00:15:27.000+0000] {dagbag.py:588} INFO - Filling up the DagBag from /home/airflow/.local/lib/python3.12/site-packages/airflow/example_dags/example_sla_dag.py
[2025-03-19T00:15:27.007+0000] {processor.py:925} INFO - DAG(s) 'example_sla_dag' retrieved from /home/airflow/.local/lib/python3.12/site-packages/airflow/example_dags/example_sla_dag.py
[2025-03-19T00:15:27.019+0000] {logging_mixin.py:190} INFO - [2025-03-19T00:15:27.019+0000] {dag.py:3239} INFO - Sync 1 DAGs
[2025-03-19T00:15:27.031+0000] {logging_mixin.py:190} INFO - [2025-03-19T00:15:27.031+0000] {dag.py:4180} INFO - Setting next_dagrun for example_sla_dag to 2025-03-19 00:12:00+00:00, run_after=2025-03-19 00:14:00+00:00
[2025-03-19T00:15:27.042+0000] {processor.py:208} INFO - Processing /home/airflow/.local/lib/python3.12/site-packages/airflow/example_dags/example_sla_dag.py took 0.047 seconds
[2025-03-19T00:15:59.449+0000] {processor.py:186} INFO - Started process (PID=4292) to work on /home/airflow/.local/lib/python3.12/site-packages/airflow/example_dags/example_sla_dag.py
[2025-03-19T00:15:59.450+0000] {processor.py:914} INFO - Processing file /home/airflow/.local/lib/python3.12/site-packages/airflow/example_dags/example_sla_dag.py for tasks to queue
[2025-03-19T00:15:59.451+0000] {logging_mixin.py:190} INFO - [2025-03-19T00:15:59.451+0000] {dagbag.py:588} INFO - Filling up the DagBag from /home/airflow/.local/lib/python3.12/site-packages/airflow/example_dags/example_sla_dag.py
[2025-03-19T00:15:59.458+0000] {processor.py:925} INFO - DAG(s) 'example_sla_dag' retrieved from /home/airflow/.local/lib/python3.12/site-packages/airflow/example_dags/example_sla_dag.py
[2025-03-19T00:15:59.474+0000] {logging_mixin.py:190} INFO - [2025-03-19T00:15:59.474+0000] {dag.py:3239} INFO - Sync 1 DAGs
[2025-03-19T00:15:59.491+0000] {logging_mixin.py:190} INFO - [2025-03-19T00:15:59.491+0000] {dag.py:4180} INFO - Setting next_dagrun for example_sla_dag to 2025-03-19 00:12:00+00:00, run_after=2025-03-19 00:14:00+00:00
[2025-03-19T00:15:59.508+0000] {processor.py:208} INFO - Processing /home/airflow/.local/lib/python3.12/site-packages/airflow/example_dags/example_sla_dag.py took 0.064 seconds
[2025-03-19T00:16:30.150+0000] {processor.py:186} INFO - Started process (PID=4364) to work on /home/airflow/.local/lib/python3.12/site-packages/airflow/example_dags/example_sla_dag.py
[2025-03-19T00:16:30.150+0000] {processor.py:914} INFO - Processing file /home/airflow/.local/lib/python3.12/site-packages/airflow/example_dags/example_sla_dag.py for tasks to queue
[2025-03-19T00:16:30.152+0000] {logging_mixin.py:190} INFO - [2025-03-19T00:16:30.152+0000] {dagbag.py:588} INFO - Filling up the DagBag from /home/airflow/.local/lib/python3.12/site-packages/airflow/example_dags/example_sla_dag.py
[2025-03-19T00:16:30.159+0000] {processor.py:925} INFO - DAG(s) 'example_sla_dag' retrieved from /home/airflow/.local/lib/python3.12/site-packages/airflow/example_dags/example_sla_dag.py
[2025-03-19T00:16:30.170+0000] {logging_mixin.py:190} INFO - [2025-03-19T00:16:30.170+0000] {dag.py:3239} INFO - Sync 1 DAGs
[2025-03-19T00:16:30.183+0000] {logging_mixin.py:190} INFO - [2025-03-19T00:16:30.183+0000] {dag.py:4180} INFO - Setting next_dagrun for example_sla_dag to 2025-03-19 00:14:00+00:00, run_after=2025-03-19 00:16:00+00:00
[2025-03-19T00:16:30.192+0000] {processor.py:208} INFO - Processing /home/airflow/.local/lib/python3.12/site-packages/airflow/example_dags/example_sla_dag.py took 0.046 seconds
[2025-03-19T00:17:03.590+0000] {processor.py:186} INFO - Started process (PID=4439) to work on /home/airflow/.local/lib/python3.12/site-packages/airflow/example_dags/example_sla_dag.py
[2025-03-19T00:17:03.591+0000] {processor.py:914} INFO - Processing file /home/airflow/.local/lib/python3.12/site-packages/airflow/example_dags/example_sla_dag.py for tasks to queue
[2025-03-19T00:17:03.593+0000] {logging_mixin.py:190} INFO - [2025-03-19T00:17:03.593+0000] {dagbag.py:588} INFO - Filling up the DagBag from /home/airflow/.local/lib/python3.12/site-packages/airflow/example_dags/example_sla_dag.py
[2025-03-19T00:17:03.601+0000] {processor.py:925} INFO - DAG(s) 'example_sla_dag' retrieved from /home/airflow/.local/lib/python3.12/site-packages/airflow/example_dags/example_sla_dag.py
[2025-03-19T00:17:03.615+0000] {logging_mixin.py:190} INFO - [2025-03-19T00:17:03.615+0000] {dag.py:3239} INFO - Sync 1 DAGs
[2025-03-19T00:17:03.631+0000] {logging_mixin.py:190} INFO - [2025-03-19T00:17:03.631+0000] {dag.py:4180} INFO - Setting next_dagrun for example_sla_dag to 2025-03-19 00:14:00+00:00, run_after=2025-03-19 00:16:00+00:00
[2025-03-19T00:17:03.642+0000] {processor.py:208} INFO - Processing /home/airflow/.local/lib/python3.12/site-packages/airflow/example_dags/example_sla_dag.py took 0.056 seconds
[2025-03-19T00:17:33.997+0000] {processor.py:186} INFO - Started process (PID=4511) to work on /home/airflow/.local/lib/python3.12/site-packages/airflow/example_dags/example_sla_dag.py
[2025-03-19T00:17:33.998+0000] {processor.py:914} INFO - Processing file /home/airflow/.local/lib/python3.12/site-packages/airflow/example_dags/example_sla_dag.py for tasks to queue
[2025-03-19T00:17:33.999+0000] {logging_mixin.py:190} INFO - [2025-03-19T00:17:33.999+0000] {dagbag.py:588} INFO - Filling up the DagBag from /home/airflow/.local/lib/python3.12/site-packages/airflow/example_dags/example_sla_dag.py
[2025-03-19T00:17:34.003+0000] {processor.py:925} INFO - DAG(s) 'example_sla_dag' retrieved from /home/airflow/.local/lib/python3.12/site-packages/airflow/example_dags/example_sla_dag.py
[2025-03-19T00:17:34.012+0000] {logging_mixin.py:190} INFO - [2025-03-19T00:17:34.012+0000] {dag.py:3239} INFO - Sync 1 DAGs
[2025-03-19T00:17:34.021+0000] {logging_mixin.py:190} INFO - [2025-03-19T00:17:34.021+0000] {dag.py:4180} INFO - Setting next_dagrun for example_sla_dag to 2025-03-19 00:14:00+00:00, run_after=2025-03-19 00:16:00+00:00
[2025-03-19T00:17:34.027+0000] {processor.py:208} INFO - Processing /home/airflow/.local/lib/python3.12/site-packages/airflow/example_dags/example_sla_dag.py took 0.032 seconds
[2025-03-19T00:18:04.691+0000] {processor.py:186} INFO - Started process (PID=4582) to work on /home/airflow/.local/lib/python3.12/site-packages/airflow/example_dags/example_sla_dag.py
[2025-03-19T00:18:04.692+0000] {processor.py:914} INFO - Processing file /home/airflow/.local/lib/python3.12/site-packages/airflow/example_dags/example_sla_dag.py for tasks to queue
[2025-03-19T00:18:04.693+0000] {logging_mixin.py:190} INFO - [2025-03-19T00:18:04.693+0000] {dagbag.py:588} INFO - Filling up the DagBag from /home/airflow/.local/lib/python3.12/site-packages/airflow/example_dags/example_sla_dag.py
[2025-03-19T00:18:04.698+0000] {processor.py:925} INFO - DAG(s) 'example_sla_dag' retrieved from /home/airflow/.local/lib/python3.12/site-packages/airflow/example_dags/example_sla_dag.py
[2025-03-19T00:18:04.709+0000] {logging_mixin.py:190} INFO - [2025-03-19T00:18:04.709+0000] {dag.py:3239} INFO - Sync 1 DAGs
[2025-03-19T00:18:04.719+0000] {logging_mixin.py:190} INFO - [2025-03-19T00:18:04.719+0000] {dag.py:4180} INFO - Setting next_dagrun for example_sla_dag to 2025-03-19 00:16:00+00:00, run_after=2025-03-19 00:18:00+00:00
[2025-03-19T00:18:04.727+0000] {processor.py:208} INFO - Processing /home/airflow/.local/lib/python3.12/site-packages/airflow/example_dags/example_sla_dag.py took 0.039 seconds
[2025-03-19T00:18:35.726+0000] {processor.py:186} INFO - Started process (PID=4654) to work on /home/airflow/.local/lib/python3.12/site-packages/airflow/example_dags/example_sla_dag.py
[2025-03-19T00:18:35.728+0000] {processor.py:914} INFO - Processing file /home/airflow/.local/lib/python3.12/site-packages/airflow/example_dags/example_sla_dag.py for tasks to queue
[2025-03-19T00:18:35.733+0000] {logging_mixin.py:190} INFO - [2025-03-19T00:18:35.732+0000] {dagbag.py:588} INFO - Filling up the DagBag from /home/airflow/.local/lib/python3.12/site-packages/airflow/example_dags/example_sla_dag.py
[2025-03-19T00:18:35.746+0000] {processor.py:925} INFO - DAG(s) 'example_sla_dag' retrieved from /home/airflow/.local/lib/python3.12/site-packages/airflow/example_dags/example_sla_dag.py
[2025-03-19T00:18:35.777+0000] {logging_mixin.py:190} INFO - [2025-03-19T00:18:35.776+0000] {dag.py:3239} INFO - Sync 1 DAGs
[2025-03-19T00:18:35.818+0000] {logging_mixin.py:190} INFO - [2025-03-19T00:18:35.818+0000] {dag.py:4180} INFO - Setting next_dagrun for example_sla_dag to 2025-03-19 00:16:00+00:00, run_after=2025-03-19 00:18:00+00:00
[2025-03-19T00:18:35.845+0000] {processor.py:208} INFO - Processing /home/airflow/.local/lib/python3.12/site-packages/airflow/example_dags/example_sla_dag.py took 0.127 seconds
[2025-03-19T00:19:06.645+0000] {processor.py:186} INFO - Started process (PID=4726) to work on /home/airflow/.local/lib/python3.12/site-packages/airflow/example_dags/example_sla_dag.py
[2025-03-19T00:19:06.645+0000] {processor.py:914} INFO - Processing file /home/airflow/.local/lib/python3.12/site-packages/airflow/example_dags/example_sla_dag.py for tasks to queue
[2025-03-19T00:19:06.647+0000] {logging_mixin.py:190} INFO - [2025-03-19T00:19:06.647+0000] {dagbag.py:588} INFO - Filling up the DagBag from /home/airflow/.local/lib/python3.12/site-packages/airflow/example_dags/example_sla_dag.py
[2025-03-19T00:19:06.654+0000] {processor.py:925} INFO - DAG(s) 'example_sla_dag' retrieved from /home/airflow/.local/lib/python3.12/site-packages/airflow/example_dags/example_sla_dag.py
[2025-03-19T00:19:06.664+0000] {logging_mixin.py:190} INFO - [2025-03-19T00:19:06.664+0000] {dag.py:3239} INFO - Sync 1 DAGs
[2025-03-19T00:19:06.679+0000] {logging_mixin.py:190} INFO - [2025-03-19T00:19:06.679+0000] {dag.py:4180} INFO - Setting next_dagrun for example_sla_dag to 2025-03-19 00:16:00+00:00, run_after=2025-03-19 00:18:00+00:00
[2025-03-19T00:19:06.687+0000] {processor.py:208} INFO - Processing /home/airflow/.local/lib/python3.12/site-packages/airflow/example_dags/example_sla_dag.py took 0.046 seconds
[2025-03-19T00:22:10.276+0000] {processor.py:186} INFO - Started process (PID=5160) to work on /home/airflow/.local/lib/python3.12/site-packages/airflow/example_dags/example_sla_dag.py
[2025-03-19T00:22:10.277+0000] {processor.py:914} INFO - Processing file /home/airflow/.local/lib/python3.12/site-packages/airflow/example_dags/example_sla_dag.py for tasks to queue
[2025-03-19T00:22:10.278+0000] {logging_mixin.py:190} INFO - [2025-03-19T00:22:10.278+0000] {dagbag.py:588} INFO - Filling up the DagBag from /home/airflow/.local/lib/python3.12/site-packages/airflow/example_dags/example_sla_dag.py
[2025-03-19T00:22:10.282+0000] {processor.py:925} INFO - DAG(s) 'example_sla_dag' retrieved from /home/airflow/.local/lib/python3.12/site-packages/airflow/example_dags/example_sla_dag.py
[2025-03-19T00:22:10.293+0000] {logging_mixin.py:190} INFO - [2025-03-19T00:22:10.293+0000] {dag.py:3239} INFO - Sync 1 DAGs
[2025-03-19T00:22:10.304+0000] {logging_mixin.py:190} INFO - [2025-03-19T00:22:10.304+0000] {dag.py:4180} INFO - Setting next_dagrun for example_sla_dag to 2025-03-19 00:20:00+00:00, run_after=2025-03-19 00:22:00+00:00
[2025-03-19T00:22:10.312+0000] {processor.py:208} INFO - Processing /home/airflow/.local/lib/python3.12/site-packages/airflow/example_dags/example_sla_dag.py took 0.039 seconds
