[2025-03-19T00:00:22.286+0000] {processor.py:186} INFO - Started process (PID=2111) to work on /home/airflow/.local/lib/python3.12/site-packages/airflow/example_dags/example_xcomargs.py
[2025-03-19T00:00:22.288+0000] {processor.py:914} INFO - Processing file /home/airflow/.local/lib/python3.12/site-packages/airflow/example_dags/example_xcomargs.py for tasks to queue
[2025-03-19T00:00:22.293+0000] {logging_mixin.py:190} INFO - [2025-03-19T00:00:22.293+0000] {dagbag.py:588} INFO - Filling up the DagBag from /home/airflow/.local/lib/python3.12/site-packages/airflow/example_dags/example_xcomargs.py
[2025-03-19T00:00:22.336+0000] {processor.py:925} INFO - DAG(s) 'example_xcom_args_with_operators', 'example_xcom_args' retrieved from /home/airflow/.local/lib/python3.12/site-packages/airflow/example_dags/example_xcomargs.py
[2025-03-19T00:00:22.373+0000] {logging_mixin.py:190} INFO - [2025-03-19T00:00:22.372+0000] {dag.py:3239} INFO - Sync 2 DAGs
[2025-03-19T00:00:22.404+0000] {logging_mixin.py:190} INFO - [2025-03-19T00:00:22.403+0000] {dag.py:4180} INFO - Setting next_dagrun for example_xcom_args to None, run_after=None
[2025-03-19T00:00:22.419+0000] {logging_mixin.py:190} INFO - [2025-03-19T00:00:22.418+0000] {dag.py:4180} INFO - Setting next_dagrun for example_xcom_args_with_operators to None, run_after=None
[2025-03-19T00:00:22.486+0000] {processor.py:208} INFO - Processing /home/airflow/.local/lib/python3.12/site-packages/airflow/example_dags/example_xcomargs.py took 0.205 seconds
[2025-03-19T00:00:53.505+0000] {processor.py:186} INFO - Started process (PID=2175) to work on /home/airflow/.local/lib/python3.12/site-packages/airflow/example_dags/example_xcomargs.py
[2025-03-19T00:00:53.523+0000] {processor.py:914} INFO - Processing file /home/airflow/.local/lib/python3.12/site-packages/airflow/example_dags/example_xcomargs.py for tasks to queue
[2025-03-19T00:00:53.549+0000] {logging_mixin.py:190} INFO - [2025-03-19T00:00:53.549+0000] {dagbag.py:588} INFO - Filling up the DagBag from /home/airflow/.local/lib/python3.12/site-packages/airflow/example_dags/example_xcomargs.py
[2025-03-19T00:00:53.575+0000] {processor.py:925} INFO - DAG(s) 'example_xcom_args_with_operators', 'example_xcom_args' retrieved from /home/airflow/.local/lib/python3.12/site-packages/airflow/example_dags/example_xcomargs.py
[2025-03-19T00:00:53.618+0000] {logging_mixin.py:190} INFO - [2025-03-19T00:00:53.618+0000] {dag.py:3239} INFO - Sync 2 DAGs
[2025-03-19T00:00:53.655+0000] {logging_mixin.py:190} INFO - [2025-03-19T00:00:53.655+0000] {dag.py:4180} INFO - Setting next_dagrun for example_xcom_args to None, run_after=None
[2025-03-19T00:00:53.663+0000] {logging_mixin.py:190} INFO - [2025-03-19T00:00:53.662+0000] {dag.py:4180} INFO - Setting next_dagrun for example_xcom_args_with_operators to None, run_after=None
[2025-03-19T00:00:53.698+0000] {processor.py:208} INFO - Processing /home/airflow/.local/lib/python3.12/site-packages/airflow/example_dags/example_xcomargs.py took 0.212 seconds
[2025-03-19T00:01:24.518+0000] {processor.py:186} INFO - Started process (PID=2246) to work on /home/airflow/.local/lib/python3.12/site-packages/airflow/example_dags/example_xcomargs.py
[2025-03-19T00:01:24.519+0000] {processor.py:914} INFO - Processing file /home/airflow/.local/lib/python3.12/site-packages/airflow/example_dags/example_xcomargs.py for tasks to queue
[2025-03-19T00:01:24.521+0000] {logging_mixin.py:190} INFO - [2025-03-19T00:01:24.521+0000] {dagbag.py:588} INFO - Filling up the DagBag from /home/airflow/.local/lib/python3.12/site-packages/airflow/example_dags/example_xcomargs.py
[2025-03-19T00:01:24.530+0000] {processor.py:925} INFO - DAG(s) 'example_xcom_args_with_operators', 'example_xcom_args' retrieved from /home/airflow/.local/lib/python3.12/site-packages/airflow/example_dags/example_xcomargs.py
[2025-03-19T00:01:24.544+0000] {logging_mixin.py:190} INFO - [2025-03-19T00:01:24.544+0000] {dag.py:3239} INFO - Sync 2 DAGs
[2025-03-19T00:01:24.551+0000] {logging_mixin.py:190} INFO - [2025-03-19T00:01:24.551+0000] {dag.py:4180} INFO - Setting next_dagrun for example_xcom_args to None, run_after=None
[2025-03-19T00:01:24.553+0000] {logging_mixin.py:190} INFO - [2025-03-19T00:01:24.553+0000] {dag.py:4180} INFO - Setting next_dagrun for example_xcom_args_with_operators to None, run_after=None
[2025-03-19T00:01:24.560+0000] {processor.py:208} INFO - Processing /home/airflow/.local/lib/python3.12/site-packages/airflow/example_dags/example_xcomargs.py took 0.048 seconds
[2025-03-19T00:01:59.329+0000] {processor.py:186} INFO - Started process (PID=2326) to work on /home/airflow/.local/lib/python3.12/site-packages/airflow/example_dags/example_xcomargs.py
[2025-03-19T00:01:59.330+0000] {processor.py:914} INFO - Processing file /home/airflow/.local/lib/python3.12/site-packages/airflow/example_dags/example_xcomargs.py for tasks to queue
[2025-03-19T00:01:59.336+0000] {logging_mixin.py:190} INFO - [2025-03-19T00:01:59.335+0000] {dagbag.py:588} INFO - Filling up the DagBag from /home/airflow/.local/lib/python3.12/site-packages/airflow/example_dags/example_xcomargs.py
[2025-03-19T00:01:59.355+0000] {processor.py:925} INFO - DAG(s) 'example_xcom_args', 'example_xcom_args_with_operators' retrieved from /home/airflow/.local/lib/python3.12/site-packages/airflow/example_dags/example_xcomargs.py
[2025-03-19T00:01:59.418+0000] {logging_mixin.py:190} INFO - [2025-03-19T00:01:59.417+0000] {dag.py:3239} INFO - Sync 2 DAGs
[2025-03-19T00:01:59.497+0000] {logging_mixin.py:190} INFO - [2025-03-19T00:01:59.496+0000] {dag.py:4180} INFO - Setting next_dagrun for example_xcom_args to None, run_after=None
[2025-03-19T00:01:59.503+0000] {logging_mixin.py:190} INFO - [2025-03-19T00:01:59.503+0000] {dag.py:4180} INFO - Setting next_dagrun for example_xcom_args_with_operators to None, run_after=None
[2025-03-19T00:01:59.542+0000] {processor.py:208} INFO - Processing /home/airflow/.local/lib/python3.12/site-packages/airflow/example_dags/example_xcomargs.py took 0.238 seconds
[2025-03-19T00:02:30.653+0000] {processor.py:186} INFO - Started process (PID=2395) to work on /home/airflow/.local/lib/python3.12/site-packages/airflow/example_dags/example_xcomargs.py
[2025-03-19T00:02:30.657+0000] {processor.py:914} INFO - Processing file /home/airflow/.local/lib/python3.12/site-packages/airflow/example_dags/example_xcomargs.py for tasks to queue
[2025-03-19T00:02:30.666+0000] {logging_mixin.py:190} INFO - [2025-03-19T00:02:30.664+0000] {dagbag.py:588} INFO - Filling up the DagBag from /home/airflow/.local/lib/python3.12/site-packages/airflow/example_dags/example_xcomargs.py
[2025-03-19T00:02:30.684+0000] {processor.py:925} INFO - DAG(s) 'example_xcom_args_with_operators', 'example_xcom_args' retrieved from /home/airflow/.local/lib/python3.12/site-packages/airflow/example_dags/example_xcomargs.py
[2025-03-19T00:02:30.741+0000] {logging_mixin.py:190} INFO - [2025-03-19T00:02:30.741+0000] {dag.py:3239} INFO - Sync 2 DAGs
[2025-03-19T00:02:30.775+0000] {logging_mixin.py:190} INFO - [2025-03-19T00:02:30.775+0000] {dag.py:4180} INFO - Setting next_dagrun for example_xcom_args to None, run_after=None
[2025-03-19T00:02:30.780+0000] {logging_mixin.py:190} INFO - [2025-03-19T00:02:30.780+0000] {dag.py:4180} INFO - Setting next_dagrun for example_xcom_args_with_operators to None, run_after=None
[2025-03-19T00:02:30.803+0000] {processor.py:208} INFO - Processing /home/airflow/.local/lib/python3.12/site-packages/airflow/example_dags/example_xcomargs.py took 0.164 seconds
[2025-03-19T00:03:01.037+0000] {processor.py:186} INFO - Started process (PID=2467) to work on /home/airflow/.local/lib/python3.12/site-packages/airflow/example_dags/example_xcomargs.py
[2025-03-19T00:03:01.038+0000] {processor.py:914} INFO - Processing file /home/airflow/.local/lib/python3.12/site-packages/airflow/example_dags/example_xcomargs.py for tasks to queue
[2025-03-19T00:03:01.039+0000] {logging_mixin.py:190} INFO - [2025-03-19T00:03:01.039+0000] {dagbag.py:588} INFO - Filling up the DagBag from /home/airflow/.local/lib/python3.12/site-packages/airflow/example_dags/example_xcomargs.py
[2025-03-19T00:03:01.043+0000] {processor.py:925} INFO - DAG(s) 'example_xcom_args', 'example_xcom_args_with_operators' retrieved from /home/airflow/.local/lib/python3.12/site-packages/airflow/example_dags/example_xcomargs.py
[2025-03-19T00:03:01.054+0000] {logging_mixin.py:190} INFO - [2025-03-19T00:03:01.054+0000] {dag.py:3239} INFO - Sync 2 DAGs
[2025-03-19T00:03:01.059+0000] {logging_mixin.py:190} INFO - [2025-03-19T00:03:01.059+0000] {dag.py:4180} INFO - Setting next_dagrun for example_xcom_args to None, run_after=None
[2025-03-19T00:03:01.061+0000] {logging_mixin.py:190} INFO - [2025-03-19T00:03:01.061+0000] {dag.py:4180} INFO - Setting next_dagrun for example_xcom_args_with_operators to None, run_after=None
[2025-03-19T00:03:01.066+0000] {processor.py:208} INFO - Processing /home/airflow/.local/lib/python3.12/site-packages/airflow/example_dags/example_xcomargs.py took 0.032 seconds
[2025-03-19T00:03:31.577+0000] {processor.py:186} INFO - Started process (PID=2537) to work on /home/airflow/.local/lib/python3.12/site-packages/airflow/example_dags/example_xcomargs.py
[2025-03-19T00:03:31.591+0000] {processor.py:914} INFO - Processing file /home/airflow/.local/lib/python3.12/site-packages/airflow/example_dags/example_xcomargs.py for tasks to queue
[2025-03-19T00:03:31.604+0000] {logging_mixin.py:190} INFO - [2025-03-19T00:03:31.599+0000] {dagbag.py:588} INFO - Filling up the DagBag from /home/airflow/.local/lib/python3.12/site-packages/airflow/example_dags/example_xcomargs.py
[2025-03-19T00:03:31.677+0000] {processor.py:925} INFO - DAG(s) 'example_xcom_args_with_operators', 'example_xcom_args' retrieved from /home/airflow/.local/lib/python3.12/site-packages/airflow/example_dags/example_xcomargs.py
[2025-03-19T00:03:31.777+0000] {logging_mixin.py:190} INFO - [2025-03-19T00:03:31.777+0000] {dag.py:3239} INFO - Sync 2 DAGs
[2025-03-19T00:03:31.805+0000] {logging_mixin.py:190} INFO - [2025-03-19T00:03:31.805+0000] {dag.py:4180} INFO - Setting next_dagrun for example_xcom_args to None, run_after=None
[2025-03-19T00:03:31.810+0000] {logging_mixin.py:190} INFO - [2025-03-19T00:03:31.810+0000] {dag.py:4180} INFO - Setting next_dagrun for example_xcom_args_with_operators to None, run_after=None
[2025-03-19T00:03:31.847+0000] {processor.py:208} INFO - Processing /home/airflow/.local/lib/python3.12/site-packages/airflow/example_dags/example_xcomargs.py took 0.289 seconds
[2025-03-19T00:04:02.349+0000] {processor.py:186} INFO - Started process (PID=2609) to work on /home/airflow/.local/lib/python3.12/site-packages/airflow/example_dags/example_xcomargs.py
[2025-03-19T00:04:02.350+0000] {processor.py:914} INFO - Processing file /home/airflow/.local/lib/python3.12/site-packages/airflow/example_dags/example_xcomargs.py for tasks to queue
[2025-03-19T00:04:02.352+0000] {logging_mixin.py:190} INFO - [2025-03-19T00:04:02.352+0000] {dagbag.py:588} INFO - Filling up the DagBag from /home/airflow/.local/lib/python3.12/site-packages/airflow/example_dags/example_xcomargs.py
[2025-03-19T00:04:02.361+0000] {processor.py:925} INFO - DAG(s) 'example_xcom_args_with_operators', 'example_xcom_args' retrieved from /home/airflow/.local/lib/python3.12/site-packages/airflow/example_dags/example_xcomargs.py
[2025-03-19T00:04:02.374+0000] {logging_mixin.py:190} INFO - [2025-03-19T00:04:02.374+0000] {dag.py:3239} INFO - Sync 2 DAGs
[2025-03-19T00:04:02.381+0000] {logging_mixin.py:190} INFO - [2025-03-19T00:04:02.381+0000] {dag.py:4180} INFO - Setting next_dagrun for example_xcom_args to None, run_after=None
[2025-03-19T00:04:02.383+0000] {logging_mixin.py:190} INFO - [2025-03-19T00:04:02.383+0000] {dag.py:4180} INFO - Setting next_dagrun for example_xcom_args_with_operators to None, run_after=None
[2025-03-19T00:04:02.389+0000] {processor.py:208} INFO - Processing /home/airflow/.local/lib/python3.12/site-packages/airflow/example_dags/example_xcomargs.py took 0.046 seconds
[2025-03-19T00:04:33.308+0000] {processor.py:186} INFO - Started process (PID=2681) to work on /home/airflow/.local/lib/python3.12/site-packages/airflow/example_dags/example_xcomargs.py
[2025-03-19T00:04:33.310+0000] {processor.py:914} INFO - Processing file /home/airflow/.local/lib/python3.12/site-packages/airflow/example_dags/example_xcomargs.py for tasks to queue
[2025-03-19T00:04:33.315+0000] {logging_mixin.py:190} INFO - [2025-03-19T00:04:33.314+0000] {dagbag.py:588} INFO - Filling up the DagBag from /home/airflow/.local/lib/python3.12/site-packages/airflow/example_dags/example_xcomargs.py
[2025-03-19T00:04:33.343+0000] {processor.py:925} INFO - DAG(s) 'example_xcom_args', 'example_xcom_args_with_operators' retrieved from /home/airflow/.local/lib/python3.12/site-packages/airflow/example_dags/example_xcomargs.py
[2025-03-19T00:04:33.375+0000] {logging_mixin.py:190} INFO - [2025-03-19T00:04:33.375+0000] {dag.py:3239} INFO - Sync 2 DAGs
[2025-03-19T00:04:33.390+0000] {logging_mixin.py:190} INFO - [2025-03-19T00:04:33.390+0000] {dag.py:4180} INFO - Setting next_dagrun for example_xcom_args to None, run_after=None
[2025-03-19T00:04:33.398+0000] {logging_mixin.py:190} INFO - [2025-03-19T00:04:33.397+0000] {dag.py:4180} INFO - Setting next_dagrun for example_xcom_args_with_operators to None, run_after=None
[2025-03-19T00:04:33.419+0000] {processor.py:208} INFO - Processing /home/airflow/.local/lib/python3.12/site-packages/airflow/example_dags/example_xcomargs.py took 0.115 seconds
[2025-03-19T00:05:03.550+0000] {processor.py:186} INFO - Started process (PID=2753) to work on /home/airflow/.local/lib/python3.12/site-packages/airflow/example_dags/example_xcomargs.py
[2025-03-19T00:05:03.552+0000] {processor.py:914} INFO - Processing file /home/airflow/.local/lib/python3.12/site-packages/airflow/example_dags/example_xcomargs.py for tasks to queue
[2025-03-19T00:05:03.554+0000] {logging_mixin.py:190} INFO - [2025-03-19T00:05:03.554+0000] {dagbag.py:588} INFO - Filling up the DagBag from /home/airflow/.local/lib/python3.12/site-packages/airflow/example_dags/example_xcomargs.py
[2025-03-19T00:05:03.566+0000] {processor.py:925} INFO - DAG(s) 'example_xcom_args', 'example_xcom_args_with_operators' retrieved from /home/airflow/.local/lib/python3.12/site-packages/airflow/example_dags/example_xcomargs.py
[2025-03-19T00:05:03.585+0000] {logging_mixin.py:190} INFO - [2025-03-19T00:05:03.585+0000] {dag.py:3239} INFO - Sync 2 DAGs
[2025-03-19T00:05:03.596+0000] {logging_mixin.py:190} INFO - [2025-03-19T00:05:03.596+0000] {dag.py:4180} INFO - Setting next_dagrun for example_xcom_args to None, run_after=None
[2025-03-19T00:05:03.599+0000] {logging_mixin.py:190} INFO - [2025-03-19T00:05:03.599+0000] {dag.py:4180} INFO - Setting next_dagrun for example_xcom_args_with_operators to None, run_after=None
[2025-03-19T00:05:03.609+0000] {processor.py:208} INFO - Processing /home/airflow/.local/lib/python3.12/site-packages/airflow/example_dags/example_xcomargs.py took 0.065 seconds
[2025-03-19T00:05:34.093+0000] {processor.py:186} INFO - Started process (PID=2825) to work on /home/airflow/.local/lib/python3.12/site-packages/airflow/example_dags/example_xcomargs.py
[2025-03-19T00:05:34.094+0000] {processor.py:914} INFO - Processing file /home/airflow/.local/lib/python3.12/site-packages/airflow/example_dags/example_xcomargs.py for tasks to queue
[2025-03-19T00:05:34.101+0000] {logging_mixin.py:190} INFO - [2025-03-19T00:05:34.101+0000] {dagbag.py:588} INFO - Filling up the DagBag from /home/airflow/.local/lib/python3.12/site-packages/airflow/example_dags/example_xcomargs.py
[2025-03-19T00:05:34.120+0000] {processor.py:925} INFO - DAG(s) 'example_xcom_args', 'example_xcom_args_with_operators' retrieved from /home/airflow/.local/lib/python3.12/site-packages/airflow/example_dags/example_xcomargs.py
[2025-03-19T00:05:34.153+0000] {logging_mixin.py:190} INFO - [2025-03-19T00:05:34.153+0000] {dag.py:3239} INFO - Sync 2 DAGs
[2025-03-19T00:05:34.183+0000] {logging_mixin.py:190} INFO - [2025-03-19T00:05:34.183+0000] {dag.py:4180} INFO - Setting next_dagrun for example_xcom_args to None, run_after=None
[2025-03-19T00:05:34.191+0000] {logging_mixin.py:190} INFO - [2025-03-19T00:05:34.190+0000] {dag.py:4180} INFO - Setting next_dagrun for example_xcom_args_with_operators to None, run_after=None
[2025-03-19T00:05:34.214+0000] {processor.py:208} INFO - Processing /home/airflow/.local/lib/python3.12/site-packages/airflow/example_dags/example_xcomargs.py took 0.127 seconds
[2025-03-19T00:06:04.621+0000] {processor.py:186} INFO - Started process (PID=2897) to work on /home/airflow/.local/lib/python3.12/site-packages/airflow/example_dags/example_xcomargs.py
[2025-03-19T00:06:04.622+0000] {processor.py:914} INFO - Processing file /home/airflow/.local/lib/python3.12/site-packages/airflow/example_dags/example_xcomargs.py for tasks to queue
[2025-03-19T00:06:04.624+0000] {logging_mixin.py:190} INFO - [2025-03-19T00:06:04.623+0000] {dagbag.py:588} INFO - Filling up the DagBag from /home/airflow/.local/lib/python3.12/site-packages/airflow/example_dags/example_xcomargs.py
[2025-03-19T00:06:04.631+0000] {processor.py:925} INFO - DAG(s) 'example_xcom_args_with_operators', 'example_xcom_args' retrieved from /home/airflow/.local/lib/python3.12/site-packages/airflow/example_dags/example_xcomargs.py
[2025-03-19T00:06:04.643+0000] {logging_mixin.py:190} INFO - [2025-03-19T00:06:04.642+0000] {dag.py:3239} INFO - Sync 2 DAGs
[2025-03-19T00:06:04.650+0000] {logging_mixin.py:190} INFO - [2025-03-19T00:06:04.650+0000] {dag.py:4180} INFO - Setting next_dagrun for example_xcom_args to None, run_after=None
[2025-03-19T00:06:04.651+0000] {logging_mixin.py:190} INFO - [2025-03-19T00:06:04.651+0000] {dag.py:4180} INFO - Setting next_dagrun for example_xcom_args_with_operators to None, run_after=None
[2025-03-19T00:06:04.819+0000] {processor.py:208} INFO - Processing /home/airflow/.local/lib/python3.12/site-packages/airflow/example_dags/example_xcomargs.py took 0.205 seconds
[2025-03-19T00:06:35.567+0000] {processor.py:186} INFO - Started process (PID=2969) to work on /home/airflow/.local/lib/python3.12/site-packages/airflow/example_dags/example_xcomargs.py
[2025-03-19T00:06:35.568+0000] {processor.py:914} INFO - Processing file /home/airflow/.local/lib/python3.12/site-packages/airflow/example_dags/example_xcomargs.py for tasks to queue
[2025-03-19T00:06:35.574+0000] {logging_mixin.py:190} INFO - [2025-03-19T00:06:35.573+0000] {dagbag.py:588} INFO - Filling up the DagBag from /home/airflow/.local/lib/python3.12/site-packages/airflow/example_dags/example_xcomargs.py
[2025-03-19T00:06:35.599+0000] {processor.py:925} INFO - DAG(s) 'example_xcom_args', 'example_xcom_args_with_operators' retrieved from /home/airflow/.local/lib/python3.12/site-packages/airflow/example_dags/example_xcomargs.py
[2025-03-19T00:06:35.657+0000] {logging_mixin.py:190} INFO - [2025-03-19T00:06:35.656+0000] {dag.py:3239} INFO - Sync 2 DAGs
[2025-03-19T00:06:36.059+0000] {logging_mixin.py:190} INFO - [2025-03-19T00:06:36.059+0000] {dag.py:4180} INFO - Setting next_dagrun for example_xcom_args to None, run_after=None
[2025-03-19T00:06:36.066+0000] {logging_mixin.py:190} INFO - [2025-03-19T00:06:36.066+0000] {dag.py:4180} INFO - Setting next_dagrun for example_xcom_args_with_operators to None, run_after=None
[2025-03-19T00:06:36.091+0000] {processor.py:208} INFO - Processing /home/airflow/.local/lib/python3.12/site-packages/airflow/example_dags/example_xcomargs.py took 0.541 seconds
[2025-03-19T00:07:06.259+0000] {processor.py:186} INFO - Started process (PID=3041) to work on /home/airflow/.local/lib/python3.12/site-packages/airflow/example_dags/example_xcomargs.py
[2025-03-19T00:07:06.261+0000] {processor.py:914} INFO - Processing file /home/airflow/.local/lib/python3.12/site-packages/airflow/example_dags/example_xcomargs.py for tasks to queue
[2025-03-19T00:07:06.262+0000] {logging_mixin.py:190} INFO - [2025-03-19T00:07:06.262+0000] {dagbag.py:588} INFO - Filling up the DagBag from /home/airflow/.local/lib/python3.12/site-packages/airflow/example_dags/example_xcomargs.py
[2025-03-19T00:07:06.275+0000] {processor.py:925} INFO - DAG(s) 'example_xcom_args', 'example_xcom_args_with_operators' retrieved from /home/airflow/.local/lib/python3.12/site-packages/airflow/example_dags/example_xcomargs.py
[2025-03-19T00:07:06.334+0000] {logging_mixin.py:190} INFO - [2025-03-19T00:07:06.333+0000] {dag.py:3239} INFO - Sync 2 DAGs
[2025-03-19T00:07:06.504+0000] {logging_mixin.py:190} INFO - [2025-03-19T00:07:06.504+0000] {dag.py:4180} INFO - Setting next_dagrun for example_xcom_args to None, run_after=None
[2025-03-19T00:07:06.507+0000] {logging_mixin.py:190} INFO - [2025-03-19T00:07:06.507+0000] {dag.py:4180} INFO - Setting next_dagrun for example_xcom_args_with_operators to None, run_after=None
[2025-03-19T00:07:06.557+0000] {processor.py:208} INFO - Processing /home/airflow/.local/lib/python3.12/site-packages/airflow/example_dags/example_xcomargs.py took 0.302 seconds
[2025-03-19T00:07:37.432+0000] {processor.py:186} INFO - Started process (PID=3113) to work on /home/airflow/.local/lib/python3.12/site-packages/airflow/example_dags/example_xcomargs.py
[2025-03-19T00:07:37.435+0000] {processor.py:914} INFO - Processing file /home/airflow/.local/lib/python3.12/site-packages/airflow/example_dags/example_xcomargs.py for tasks to queue
[2025-03-19T00:07:37.440+0000] {logging_mixin.py:190} INFO - [2025-03-19T00:07:37.440+0000] {dagbag.py:588} INFO - Filling up the DagBag from /home/airflow/.local/lib/python3.12/site-packages/airflow/example_dags/example_xcomargs.py
[2025-03-19T00:07:37.485+0000] {processor.py:925} INFO - DAG(s) 'example_xcom_args_with_operators', 'example_xcom_args' retrieved from /home/airflow/.local/lib/python3.12/site-packages/airflow/example_dags/example_xcomargs.py
[2025-03-19T00:07:37.528+0000] {logging_mixin.py:190} INFO - [2025-03-19T00:07:37.527+0000] {dag.py:3239} INFO - Sync 2 DAGs
[2025-03-19T00:07:37.560+0000] {logging_mixin.py:190} INFO - [2025-03-19T00:07:37.560+0000] {dag.py:4180} INFO - Setting next_dagrun for example_xcom_args to None, run_after=None
[2025-03-19T00:07:37.565+0000] {logging_mixin.py:190} INFO - [2025-03-19T00:07:37.565+0000] {dag.py:4180} INFO - Setting next_dagrun for example_xcom_args_with_operators to None, run_after=None
[2025-03-19T00:07:37.595+0000] {processor.py:208} INFO - Processing /home/airflow/.local/lib/python3.12/site-packages/airflow/example_dags/example_xcomargs.py took 0.172 seconds
[2025-03-19T00:08:07.994+0000] {processor.py:186} INFO - Started process (PID=3185) to work on /home/airflow/.local/lib/python3.12/site-packages/airflow/example_dags/example_xcomargs.py
[2025-03-19T00:08:07.994+0000] {processor.py:914} INFO - Processing file /home/airflow/.local/lib/python3.12/site-packages/airflow/example_dags/example_xcomargs.py for tasks to queue
[2025-03-19T00:08:07.996+0000] {logging_mixin.py:190} INFO - [2025-03-19T00:08:07.996+0000] {dagbag.py:588} INFO - Filling up the DagBag from /home/airflow/.local/lib/python3.12/site-packages/airflow/example_dags/example_xcomargs.py
[2025-03-19T00:08:08.007+0000] {processor.py:925} INFO - DAG(s) 'example_xcom_args', 'example_xcom_args_with_operators' retrieved from /home/airflow/.local/lib/python3.12/site-packages/airflow/example_dags/example_xcomargs.py
[2025-03-19T00:08:08.024+0000] {logging_mixin.py:190} INFO - [2025-03-19T00:08:08.024+0000] {dag.py:3239} INFO - Sync 2 DAGs
[2025-03-19T00:08:08.032+0000] {logging_mixin.py:190} INFO - [2025-03-19T00:08:08.032+0000] {dag.py:4180} INFO - Setting next_dagrun for example_xcom_args to None, run_after=None
[2025-03-19T00:08:08.034+0000] {logging_mixin.py:190} INFO - [2025-03-19T00:08:08.034+0000] {dag.py:4180} INFO - Setting next_dagrun for example_xcom_args_with_operators to None, run_after=None
[2025-03-19T00:08:08.040+0000] {processor.py:208} INFO - Processing /home/airflow/.local/lib/python3.12/site-packages/airflow/example_dags/example_xcomargs.py took 0.050 seconds
[2025-03-19T00:08:38.928+0000] {processor.py:186} INFO - Started process (PID=3257) to work on /home/airflow/.local/lib/python3.12/site-packages/airflow/example_dags/example_xcomargs.py
[2025-03-19T00:08:38.931+0000] {processor.py:914} INFO - Processing file /home/airflow/.local/lib/python3.12/site-packages/airflow/example_dags/example_xcomargs.py for tasks to queue
[2025-03-19T00:08:38.939+0000] {logging_mixin.py:190} INFO - [2025-03-19T00:08:38.939+0000] {dagbag.py:588} INFO - Filling up the DagBag from /home/airflow/.local/lib/python3.12/site-packages/airflow/example_dags/example_xcomargs.py
[2025-03-19T00:08:38.954+0000] {processor.py:925} INFO - DAG(s) 'example_xcom_args', 'example_xcom_args_with_operators' retrieved from /home/airflow/.local/lib/python3.12/site-packages/airflow/example_dags/example_xcomargs.py
[2025-03-19T00:08:38.993+0000] {logging_mixin.py:190} INFO - [2025-03-19T00:08:38.993+0000] {dag.py:3239} INFO - Sync 2 DAGs
[2025-03-19T00:08:39.022+0000] {logging_mixin.py:190} INFO - [2025-03-19T00:08:39.021+0000] {dag.py:4180} INFO - Setting next_dagrun for example_xcom_args to None, run_after=None
[2025-03-19T00:08:39.035+0000] {logging_mixin.py:190} INFO - [2025-03-19T00:08:39.034+0000] {dag.py:4180} INFO - Setting next_dagrun for example_xcom_args_with_operators to None, run_after=None
[2025-03-19T00:08:39.080+0000] {processor.py:208} INFO - Processing /home/airflow/.local/lib/python3.12/site-packages/airflow/example_dags/example_xcomargs.py took 0.160 seconds
[2025-03-19T00:09:09.750+0000] {processor.py:186} INFO - Started process (PID=3329) to work on /home/airflow/.local/lib/python3.12/site-packages/airflow/example_dags/example_xcomargs.py
[2025-03-19T00:09:09.751+0000] {processor.py:914} INFO - Processing file /home/airflow/.local/lib/python3.12/site-packages/airflow/example_dags/example_xcomargs.py for tasks to queue
[2025-03-19T00:09:09.753+0000] {logging_mixin.py:190} INFO - [2025-03-19T00:09:09.753+0000] {dagbag.py:588} INFO - Filling up the DagBag from /home/airflow/.local/lib/python3.12/site-packages/airflow/example_dags/example_xcomargs.py
[2025-03-19T00:09:09.760+0000] {processor.py:925} INFO - DAG(s) 'example_xcom_args_with_operators', 'example_xcom_args' retrieved from /home/airflow/.local/lib/python3.12/site-packages/airflow/example_dags/example_xcomargs.py
[2025-03-19T00:09:09.779+0000] {logging_mixin.py:190} INFO - [2025-03-19T00:09:09.779+0000] {dag.py:3239} INFO - Sync 2 DAGs
[2025-03-19T00:09:09.786+0000] {logging_mixin.py:190} INFO - [2025-03-19T00:09:09.786+0000] {dag.py:4180} INFO - Setting next_dagrun for example_xcom_args to None, run_after=None
[2025-03-19T00:09:09.790+0000] {logging_mixin.py:190} INFO - [2025-03-19T00:09:09.789+0000] {dag.py:4180} INFO - Setting next_dagrun for example_xcom_args_with_operators to None, run_after=None
[2025-03-19T00:09:09.799+0000] {processor.py:208} INFO - Processing /home/airflow/.local/lib/python3.12/site-packages/airflow/example_dags/example_xcomargs.py took 0.054 seconds
[2025-03-19T00:09:40.298+0000] {processor.py:186} INFO - Started process (PID=3399) to work on /home/airflow/.local/lib/python3.12/site-packages/airflow/example_dags/example_xcomargs.py
[2025-03-19T00:09:40.300+0000] {processor.py:914} INFO - Processing file /home/airflow/.local/lib/python3.12/site-packages/airflow/example_dags/example_xcomargs.py for tasks to queue
[2025-03-19T00:09:40.345+0000] {logging_mixin.py:190} INFO - [2025-03-19T00:09:40.343+0000] {dagbag.py:588} INFO - Filling up the DagBag from /home/airflow/.local/lib/python3.12/site-packages/airflow/example_dags/example_xcomargs.py
[2025-03-19T00:09:40.385+0000] {processor.py:925} INFO - DAG(s) 'example_xcom_args', 'example_xcom_args_with_operators' retrieved from /home/airflow/.local/lib/python3.12/site-packages/airflow/example_dags/example_xcomargs.py
[2025-03-19T00:09:40.439+0000] {logging_mixin.py:190} INFO - [2025-03-19T00:09:40.439+0000] {dag.py:3239} INFO - Sync 2 DAGs
[2025-03-19T00:09:40.485+0000] {logging_mixin.py:190} INFO - [2025-03-19T00:09:40.485+0000] {dag.py:4180} INFO - Setting next_dagrun for example_xcom_args to None, run_after=None
[2025-03-19T00:09:40.493+0000] {logging_mixin.py:190} INFO - [2025-03-19T00:09:40.493+0000] {dag.py:4180} INFO - Setting next_dagrun for example_xcom_args_with_operators to None, run_after=None
[2025-03-19T00:09:40.537+0000] {processor.py:208} INFO - Processing /home/airflow/.local/lib/python3.12/site-packages/airflow/example_dags/example_xcomargs.py took 0.250 seconds
[2025-03-19T00:10:11.595+0000] {processor.py:186} INFO - Started process (PID=3471) to work on /home/airflow/.local/lib/python3.12/site-packages/airflow/example_dags/example_xcomargs.py
[2025-03-19T00:10:11.607+0000] {processor.py:914} INFO - Processing file /home/airflow/.local/lib/python3.12/site-packages/airflow/example_dags/example_xcomargs.py for tasks to queue
[2025-03-19T00:10:11.618+0000] {logging_mixin.py:190} INFO - [2025-03-19T00:10:11.618+0000] {dagbag.py:588} INFO - Filling up the DagBag from /home/airflow/.local/lib/python3.12/site-packages/airflow/example_dags/example_xcomargs.py
[2025-03-19T00:10:11.629+0000] {processor.py:925} INFO - DAG(s) 'example_xcom_args_with_operators', 'example_xcom_args' retrieved from /home/airflow/.local/lib/python3.12/site-packages/airflow/example_dags/example_xcomargs.py
[2025-03-19T00:10:11.720+0000] {logging_mixin.py:190} INFO - [2025-03-19T00:10:11.720+0000] {dag.py:3239} INFO - Sync 2 DAGs
[2025-03-19T00:10:11.785+0000] {logging_mixin.py:190} INFO - [2025-03-19T00:10:11.784+0000] {dag.py:4180} INFO - Setting next_dagrun for example_xcom_args to None, run_after=None
[2025-03-19T00:10:11.793+0000] {logging_mixin.py:190} INFO - [2025-03-19T00:10:11.793+0000] {dag.py:4180} INFO - Setting next_dagrun for example_xcom_args_with_operators to None, run_after=None
[2025-03-19T00:10:11.834+0000] {processor.py:208} INFO - Processing /home/airflow/.local/lib/python3.12/site-packages/airflow/example_dags/example_xcomargs.py took 0.251 seconds
[2025-03-19T00:10:42.081+0000] {processor.py:186} INFO - Started process (PID=3543) to work on /home/airflow/.local/lib/python3.12/site-packages/airflow/example_dags/example_xcomargs.py
[2025-03-19T00:10:42.081+0000] {processor.py:914} INFO - Processing file /home/airflow/.local/lib/python3.12/site-packages/airflow/example_dags/example_xcomargs.py for tasks to queue
[2025-03-19T00:10:42.082+0000] {logging_mixin.py:190} INFO - [2025-03-19T00:10:42.082+0000] {dagbag.py:588} INFO - Filling up the DagBag from /home/airflow/.local/lib/python3.12/site-packages/airflow/example_dags/example_xcomargs.py
[2025-03-19T00:10:42.087+0000] {processor.py:925} INFO - DAG(s) 'example_xcom_args', 'example_xcom_args_with_operators' retrieved from /home/airflow/.local/lib/python3.12/site-packages/airflow/example_dags/example_xcomargs.py
[2025-03-19T00:10:42.096+0000] {logging_mixin.py:190} INFO - [2025-03-19T00:10:42.096+0000] {dag.py:3239} INFO - Sync 2 DAGs
[2025-03-19T00:10:42.102+0000] {logging_mixin.py:190} INFO - [2025-03-19T00:10:42.102+0000] {dag.py:4180} INFO - Setting next_dagrun for example_xcom_args to None, run_after=None
[2025-03-19T00:10:42.103+0000] {logging_mixin.py:190} INFO - [2025-03-19T00:10:42.103+0000] {dag.py:4180} INFO - Setting next_dagrun for example_xcom_args_with_operators to None, run_after=None
[2025-03-19T00:10:42.109+0000] {processor.py:208} INFO - Processing /home/airflow/.local/lib/python3.12/site-packages/airflow/example_dags/example_xcomargs.py took 0.030 seconds
[2025-03-19T00:11:42.640+0000] {processor.py:186} INFO - Started process (PID=3684) to work on /home/airflow/.local/lib/python3.12/site-packages/airflow/example_dags/example_xcomargs.py
[2025-03-19T00:11:42.651+0000] {processor.py:914} INFO - Processing file /home/airflow/.local/lib/python3.12/site-packages/airflow/example_dags/example_xcomargs.py for tasks to queue
[2025-03-19T00:11:42.660+0000] {logging_mixin.py:190} INFO - [2025-03-19T00:11:42.660+0000] {dagbag.py:588} INFO - Filling up the DagBag from /home/airflow/.local/lib/python3.12/site-packages/airflow/example_dags/example_xcomargs.py
[2025-03-19T00:11:42.694+0000] {processor.py:925} INFO - DAG(s) 'example_xcom_args_with_operators', 'example_xcom_args' retrieved from /home/airflow/.local/lib/python3.12/site-packages/airflow/example_dags/example_xcomargs.py
[2025-03-19T00:11:42.766+0000] {logging_mixin.py:190} INFO - [2025-03-19T00:11:42.766+0000] {dag.py:3239} INFO - Sync 2 DAGs
[2025-03-19T00:11:42.795+0000] {logging_mixin.py:190} INFO - [2025-03-19T00:11:42.794+0000] {dag.py:4180} INFO - Setting next_dagrun for example_xcom_args to None, run_after=None
[2025-03-19T00:11:42.799+0000] {logging_mixin.py:190} INFO - [2025-03-19T00:11:42.799+0000] {dag.py:4180} INFO - Setting next_dagrun for example_xcom_args_with_operators to None, run_after=None
[2025-03-19T00:11:42.821+0000] {processor.py:208} INFO - Processing /home/airflow/.local/lib/python3.12/site-packages/airflow/example_dags/example_xcomargs.py took 0.203 seconds
[2025-03-19T00:12:13.403+0000] {processor.py:186} INFO - Started process (PID=3756) to work on /home/airflow/.local/lib/python3.12/site-packages/airflow/example_dags/example_xcomargs.py
[2025-03-19T00:12:13.404+0000] {processor.py:914} INFO - Processing file /home/airflow/.local/lib/python3.12/site-packages/airflow/example_dags/example_xcomargs.py for tasks to queue
[2025-03-19T00:12:13.405+0000] {logging_mixin.py:190} INFO - [2025-03-19T00:12:13.405+0000] {dagbag.py:588} INFO - Filling up the DagBag from /home/airflow/.local/lib/python3.12/site-packages/airflow/example_dags/example_xcomargs.py
[2025-03-19T00:12:13.418+0000] {processor.py:925} INFO - DAG(s) 'example_xcom_args', 'example_xcom_args_with_operators' retrieved from /home/airflow/.local/lib/python3.12/site-packages/airflow/example_dags/example_xcomargs.py
[2025-03-19T00:12:13.439+0000] {logging_mixin.py:190} INFO - [2025-03-19T00:12:13.438+0000] {dag.py:3239} INFO - Sync 2 DAGs
[2025-03-19T00:12:13.455+0000] {logging_mixin.py:190} INFO - [2025-03-19T00:12:13.455+0000] {dag.py:4180} INFO - Setting next_dagrun for example_xcom_args to None, run_after=None
[2025-03-19T00:12:13.458+0000] {logging_mixin.py:190} INFO - [2025-03-19T00:12:13.458+0000] {dag.py:4180} INFO - Setting next_dagrun for example_xcom_args_with_operators to None, run_after=None
[2025-03-19T00:12:13.468+0000] {processor.py:208} INFO - Processing /home/airflow/.local/lib/python3.12/site-packages/airflow/example_dags/example_xcomargs.py took 0.069 seconds
[2025-03-19T00:12:43.680+0000] {processor.py:186} INFO - Started process (PID=3828) to work on /home/airflow/.local/lib/python3.12/site-packages/airflow/example_dags/example_xcomargs.py
[2025-03-19T00:12:43.684+0000] {processor.py:914} INFO - Processing file /home/airflow/.local/lib/python3.12/site-packages/airflow/example_dags/example_xcomargs.py for tasks to queue
[2025-03-19T00:12:43.693+0000] {logging_mixin.py:190} INFO - [2025-03-19T00:12:43.692+0000] {dagbag.py:588} INFO - Filling up the DagBag from /home/airflow/.local/lib/python3.12/site-packages/airflow/example_dags/example_xcomargs.py
[2025-03-19T00:12:43.775+0000] {processor.py:925} INFO - DAG(s) 'example_xcom_args', 'example_xcom_args_with_operators' retrieved from /home/airflow/.local/lib/python3.12/site-packages/airflow/example_dags/example_xcomargs.py
[2025-03-19T00:12:43.825+0000] {logging_mixin.py:190} INFO - [2025-03-19T00:12:43.825+0000] {dag.py:3239} INFO - Sync 2 DAGs
[2025-03-19T00:12:43.899+0000] {logging_mixin.py:190} INFO - [2025-03-19T00:12:43.899+0000] {dag.py:4180} INFO - Setting next_dagrun for example_xcom_args to None, run_after=None
[2025-03-19T00:12:43.929+0000] {logging_mixin.py:190} INFO - [2025-03-19T00:12:43.929+0000] {dag.py:4180} INFO - Setting next_dagrun for example_xcom_args_with_operators to None, run_after=None
[2025-03-19T00:12:43.965+0000] {processor.py:208} INFO - Processing /home/airflow/.local/lib/python3.12/site-packages/airflow/example_dags/example_xcomargs.py took 0.303 seconds
[2025-03-19T00:13:14.783+0000] {processor.py:186} INFO - Started process (PID=3900) to work on /home/airflow/.local/lib/python3.12/site-packages/airflow/example_dags/example_xcomargs.py
[2025-03-19T00:13:14.785+0000] {processor.py:914} INFO - Processing file /home/airflow/.local/lib/python3.12/site-packages/airflow/example_dags/example_xcomargs.py for tasks to queue
[2025-03-19T00:13:14.786+0000] {logging_mixin.py:190} INFO - [2025-03-19T00:13:14.786+0000] {dagbag.py:588} INFO - Filling up the DagBag from /home/airflow/.local/lib/python3.12/site-packages/airflow/example_dags/example_xcomargs.py
[2025-03-19T00:13:14.796+0000] {processor.py:925} INFO - DAG(s) 'example_xcom_args_with_operators', 'example_xcom_args' retrieved from /home/airflow/.local/lib/python3.12/site-packages/airflow/example_dags/example_xcomargs.py
[2025-03-19T00:13:14.809+0000] {logging_mixin.py:190} INFO - [2025-03-19T00:13:14.809+0000] {dag.py:3239} INFO - Sync 2 DAGs
[2025-03-19T00:13:14.816+0000] {logging_mixin.py:190} INFO - [2025-03-19T00:13:14.816+0000] {dag.py:4180} INFO - Setting next_dagrun for example_xcom_args to None, run_after=None
[2025-03-19T00:13:14.817+0000] {logging_mixin.py:190} INFO - [2025-03-19T00:13:14.817+0000] {dag.py:4180} INFO - Setting next_dagrun for example_xcom_args_with_operators to None, run_after=None
[2025-03-19T00:13:14.823+0000] {processor.py:208} INFO - Processing /home/airflow/.local/lib/python3.12/site-packages/airflow/example_dags/example_xcomargs.py took 0.045 seconds
[2025-03-19T00:13:45.038+0000] {processor.py:186} INFO - Started process (PID=3971) to work on /home/airflow/.local/lib/python3.12/site-packages/airflow/example_dags/example_xcomargs.py
[2025-03-19T00:13:45.041+0000] {processor.py:914} INFO - Processing file /home/airflow/.local/lib/python3.12/site-packages/airflow/example_dags/example_xcomargs.py for tasks to queue
[2025-03-19T00:13:45.046+0000] {logging_mixin.py:190} INFO - [2025-03-19T00:13:45.046+0000] {dagbag.py:588} INFO - Filling up the DagBag from /home/airflow/.local/lib/python3.12/site-packages/airflow/example_dags/example_xcomargs.py
[2025-03-19T00:13:45.060+0000] {processor.py:925} INFO - DAG(s) 'example_xcom_args_with_operators', 'example_xcom_args' retrieved from /home/airflow/.local/lib/python3.12/site-packages/airflow/example_dags/example_xcomargs.py
[2025-03-19T00:13:45.092+0000] {logging_mixin.py:190} INFO - [2025-03-19T00:13:45.091+0000] {dag.py:3239} INFO - Sync 2 DAGs
[2025-03-19T00:13:45.107+0000] {logging_mixin.py:190} INFO - [2025-03-19T00:13:45.107+0000] {dag.py:4180} INFO - Setting next_dagrun for example_xcom_args to None, run_after=None
[2025-03-19T00:13:45.115+0000] {logging_mixin.py:190} INFO - [2025-03-19T00:13:45.115+0000] {dag.py:4180} INFO - Setting next_dagrun for example_xcom_args_with_operators to None, run_after=None
[2025-03-19T00:13:45.140+0000] {processor.py:208} INFO - Processing /home/airflow/.local/lib/python3.12/site-packages/airflow/example_dags/example_xcomargs.py took 0.113 seconds
[2025-03-19T00:14:15.739+0000] {processor.py:186} INFO - Started process (PID=4043) to work on /home/airflow/.local/lib/python3.12/site-packages/airflow/example_dags/example_xcomargs.py
[2025-03-19T00:14:15.740+0000] {processor.py:914} INFO - Processing file /home/airflow/.local/lib/python3.12/site-packages/airflow/example_dags/example_xcomargs.py for tasks to queue
[2025-03-19T00:14:15.741+0000] {logging_mixin.py:190} INFO - [2025-03-19T00:14:15.741+0000] {dagbag.py:588} INFO - Filling up the DagBag from /home/airflow/.local/lib/python3.12/site-packages/airflow/example_dags/example_xcomargs.py
[2025-03-19T00:14:15.749+0000] {processor.py:925} INFO - DAG(s) 'example_xcom_args', 'example_xcom_args_with_operators' retrieved from /home/airflow/.local/lib/python3.12/site-packages/airflow/example_dags/example_xcomargs.py
[2025-03-19T00:14:15.760+0000] {logging_mixin.py:190} INFO - [2025-03-19T00:14:15.760+0000] {dag.py:3239} INFO - Sync 2 DAGs
[2025-03-19T00:14:15.768+0000] {logging_mixin.py:190} INFO - [2025-03-19T00:14:15.768+0000] {dag.py:4180} INFO - Setting next_dagrun for example_xcom_args to None, run_after=None
[2025-03-19T00:14:15.770+0000] {logging_mixin.py:190} INFO - [2025-03-19T00:14:15.770+0000] {dag.py:4180} INFO - Setting next_dagrun for example_xcom_args_with_operators to None, run_after=None
[2025-03-19T00:14:15.776+0000] {processor.py:208} INFO - Processing /home/airflow/.local/lib/python3.12/site-packages/airflow/example_dags/example_xcomargs.py took 0.042 seconds
[2025-03-19T00:14:46.212+0000] {processor.py:186} INFO - Started process (PID=4114) to work on /home/airflow/.local/lib/python3.12/site-packages/airflow/example_dags/example_xcomargs.py
[2025-03-19T00:14:46.225+0000] {processor.py:914} INFO - Processing file /home/airflow/.local/lib/python3.12/site-packages/airflow/example_dags/example_xcomargs.py for tasks to queue
[2025-03-19T00:14:46.228+0000] {logging_mixin.py:190} INFO - [2025-03-19T00:14:46.228+0000] {dagbag.py:588} INFO - Filling up the DagBag from /home/airflow/.local/lib/python3.12/site-packages/airflow/example_dags/example_xcomargs.py
[2025-03-19T00:14:46.240+0000] {processor.py:925} INFO - DAG(s) 'example_xcom_args_with_operators', 'example_xcom_args' retrieved from /home/airflow/.local/lib/python3.12/site-packages/airflow/example_dags/example_xcomargs.py
[2025-03-19T00:14:46.270+0000] {logging_mixin.py:190} INFO - [2025-03-19T00:14:46.270+0000] {dag.py:3239} INFO - Sync 2 DAGs
[2025-03-19T00:14:46.292+0000] {logging_mixin.py:190} INFO - [2025-03-19T00:14:46.292+0000] {dag.py:4180} INFO - Setting next_dagrun for example_xcom_args to None, run_after=None
[2025-03-19T00:14:46.295+0000] {logging_mixin.py:190} INFO - [2025-03-19T00:14:46.295+0000] {dag.py:4180} INFO - Setting next_dagrun for example_xcom_args_with_operators to None, run_after=None
[2025-03-19T00:14:46.322+0000] {processor.py:208} INFO - Processing /home/airflow/.local/lib/python3.12/site-packages/airflow/example_dags/example_xcomargs.py took 0.121 seconds
[2025-03-19T00:15:16.583+0000] {processor.py:186} INFO - Started process (PID=4186) to work on /home/airflow/.local/lib/python3.12/site-packages/airflow/example_dags/example_xcomargs.py
[2025-03-19T00:15:16.583+0000] {processor.py:914} INFO - Processing file /home/airflow/.local/lib/python3.12/site-packages/airflow/example_dags/example_xcomargs.py for tasks to queue
[2025-03-19T00:15:16.585+0000] {logging_mixin.py:190} INFO - [2025-03-19T00:15:16.585+0000] {dagbag.py:588} INFO - Filling up the DagBag from /home/airflow/.local/lib/python3.12/site-packages/airflow/example_dags/example_xcomargs.py
[2025-03-19T00:15:16.596+0000] {processor.py:925} INFO - DAG(s) 'example_xcom_args_with_operators', 'example_xcom_args' retrieved from /home/airflow/.local/lib/python3.12/site-packages/airflow/example_dags/example_xcomargs.py
[2025-03-19T00:15:16.609+0000] {logging_mixin.py:190} INFO - [2025-03-19T00:15:16.609+0000] {dag.py:3239} INFO - Sync 2 DAGs
[2025-03-19T00:15:16.616+0000] {logging_mixin.py:190} INFO - [2025-03-19T00:15:16.616+0000] {dag.py:4180} INFO - Setting next_dagrun for example_xcom_args to None, run_after=None
[2025-03-19T00:15:16.618+0000] {logging_mixin.py:190} INFO - [2025-03-19T00:15:16.618+0000] {dag.py:4180} INFO - Setting next_dagrun for example_xcom_args_with_operators to None, run_after=None
[2025-03-19T00:15:16.624+0000] {processor.py:208} INFO - Processing /home/airflow/.local/lib/python3.12/site-packages/airflow/example_dags/example_xcomargs.py took 0.046 seconds
[2025-03-19T00:15:47.267+0000] {processor.py:186} INFO - Started process (PID=4258) to work on /home/airflow/.local/lib/python3.12/site-packages/airflow/example_dags/example_xcomargs.py
[2025-03-19T00:15:47.275+0000] {processor.py:914} INFO - Processing file /home/airflow/.local/lib/python3.12/site-packages/airflow/example_dags/example_xcomargs.py for tasks to queue
[2025-03-19T00:15:47.281+0000] {logging_mixin.py:190} INFO - [2025-03-19T00:15:47.281+0000] {dagbag.py:588} INFO - Filling up the DagBag from /home/airflow/.local/lib/python3.12/site-packages/airflow/example_dags/example_xcomargs.py
[2025-03-19T00:15:47.325+0000] {processor.py:925} INFO - DAG(s) 'example_xcom_args_with_operators', 'example_xcom_args' retrieved from /home/airflow/.local/lib/python3.12/site-packages/airflow/example_dags/example_xcomargs.py
[2025-03-19T00:15:47.376+0000] {logging_mixin.py:190} INFO - [2025-03-19T00:15:47.375+0000] {dag.py:3239} INFO - Sync 2 DAGs
[2025-03-19T00:15:47.410+0000] {logging_mixin.py:190} INFO - [2025-03-19T00:15:47.410+0000] {dag.py:4180} INFO - Setting next_dagrun for example_xcom_args to None, run_after=None
[2025-03-19T00:15:47.431+0000] {logging_mixin.py:190} INFO - [2025-03-19T00:15:47.430+0000] {dag.py:4180} INFO - Setting next_dagrun for example_xcom_args_with_operators to None, run_after=None
[2025-03-19T00:15:47.484+0000] {processor.py:208} INFO - Processing /home/airflow/.local/lib/python3.12/site-packages/airflow/example_dags/example_xcomargs.py took 0.249 seconds
[2025-03-19T00:16:17.992+0000] {processor.py:186} INFO - Started process (PID=4329) to work on /home/airflow/.local/lib/python3.12/site-packages/airflow/example_dags/example_xcomargs.py
[2025-03-19T00:16:17.994+0000] {processor.py:914} INFO - Processing file /home/airflow/.local/lib/python3.12/site-packages/airflow/example_dags/example_xcomargs.py for tasks to queue
[2025-03-19T00:16:18.000+0000] {logging_mixin.py:190} INFO - [2025-03-19T00:16:17.999+0000] {dagbag.py:588} INFO - Filling up the DagBag from /home/airflow/.local/lib/python3.12/site-packages/airflow/example_dags/example_xcomargs.py
[2025-03-19T00:16:18.037+0000] {processor.py:925} INFO - DAG(s) 'example_xcom_args_with_operators', 'example_xcom_args' retrieved from /home/airflow/.local/lib/python3.12/site-packages/airflow/example_dags/example_xcomargs.py
[2025-03-19T00:16:18.083+0000] {logging_mixin.py:190} INFO - [2025-03-19T00:16:18.083+0000] {dag.py:3239} INFO - Sync 2 DAGs
[2025-03-19T00:16:18.110+0000] {logging_mixin.py:190} INFO - [2025-03-19T00:16:18.110+0000] {dag.py:4180} INFO - Setting next_dagrun for example_xcom_args to None, run_after=None
[2025-03-19T00:16:18.115+0000] {logging_mixin.py:190} INFO - [2025-03-19T00:16:18.115+0000] {dag.py:4180} INFO - Setting next_dagrun for example_xcom_args_with_operators to None, run_after=None
[2025-03-19T00:16:18.140+0000] {processor.py:208} INFO - Processing /home/airflow/.local/lib/python3.12/site-packages/airflow/example_dags/example_xcomargs.py took 0.169 seconds
[2025-03-19T00:16:48.416+0000] {processor.py:186} INFO - Started process (PID=4401) to work on /home/airflow/.local/lib/python3.12/site-packages/airflow/example_dags/example_xcomargs.py
[2025-03-19T00:16:48.417+0000] {processor.py:914} INFO - Processing file /home/airflow/.local/lib/python3.12/site-packages/airflow/example_dags/example_xcomargs.py for tasks to queue
[2025-03-19T00:16:48.423+0000] {logging_mixin.py:190} INFO - [2025-03-19T00:16:48.422+0000] {dagbag.py:588} INFO - Filling up the DagBag from /home/airflow/.local/lib/python3.12/site-packages/airflow/example_dags/example_xcomargs.py
[2025-03-19T00:16:48.487+0000] {processor.py:925} INFO - DAG(s) 'example_xcom_args', 'example_xcom_args_with_operators' retrieved from /home/airflow/.local/lib/python3.12/site-packages/airflow/example_dags/example_xcomargs.py
[2025-03-19T00:16:48.716+0000] {logging_mixin.py:190} INFO - [2025-03-19T00:16:48.716+0000] {dag.py:3239} INFO - Sync 2 DAGs
[2025-03-19T00:16:48.822+0000] {logging_mixin.py:190} INFO - [2025-03-19T00:16:48.822+0000] {dag.py:4180} INFO - Setting next_dagrun for example_xcom_args to None, run_after=None
[2025-03-19T00:16:48.830+0000] {logging_mixin.py:190} INFO - [2025-03-19T00:16:48.830+0000] {dag.py:4180} INFO - Setting next_dagrun for example_xcom_args_with_operators to None, run_after=None
[2025-03-19T00:16:48.880+0000] {processor.py:208} INFO - Processing /home/airflow/.local/lib/python3.12/site-packages/airflow/example_dags/example_xcomargs.py took 0.497 seconds
[2025-03-19T00:17:19.431+0000] {processor.py:186} INFO - Started process (PID=4473) to work on /home/airflow/.local/lib/python3.12/site-packages/airflow/example_dags/example_xcomargs.py
[2025-03-19T00:17:19.451+0000] {processor.py:914} INFO - Processing file /home/airflow/.local/lib/python3.12/site-packages/airflow/example_dags/example_xcomargs.py for tasks to queue
[2025-03-19T00:17:19.457+0000] {logging_mixin.py:190} INFO - [2025-03-19T00:17:19.457+0000] {dagbag.py:588} INFO - Filling up the DagBag from /home/airflow/.local/lib/python3.12/site-packages/airflow/example_dags/example_xcomargs.py
[2025-03-19T00:17:19.482+0000] {processor.py:925} INFO - DAG(s) 'example_xcom_args_with_operators', 'example_xcom_args' retrieved from /home/airflow/.local/lib/python3.12/site-packages/airflow/example_dags/example_xcomargs.py
[2025-03-19T00:17:19.516+0000] {logging_mixin.py:190} INFO - [2025-03-19T00:17:19.515+0000] {dag.py:3239} INFO - Sync 2 DAGs
[2025-03-19T00:17:19.539+0000] {logging_mixin.py:190} INFO - [2025-03-19T00:17:19.539+0000] {dag.py:4180} INFO - Setting next_dagrun for example_xcom_args to None, run_after=None
[2025-03-19T00:17:19.547+0000] {logging_mixin.py:190} INFO - [2025-03-19T00:17:19.547+0000] {dag.py:4180} INFO - Setting next_dagrun for example_xcom_args_with_operators to None, run_after=None
[2025-03-19T00:17:19.572+0000] {processor.py:208} INFO - Processing /home/airflow/.local/lib/python3.12/site-packages/airflow/example_dags/example_xcomargs.py took 0.166 seconds
[2025-03-19T00:17:50.119+0000] {processor.py:186} INFO - Started process (PID=4545) to work on /home/airflow/.local/lib/python3.12/site-packages/airflow/example_dags/example_xcomargs.py
[2025-03-19T00:17:50.120+0000] {processor.py:914} INFO - Processing file /home/airflow/.local/lib/python3.12/site-packages/airflow/example_dags/example_xcomargs.py for tasks to queue
[2025-03-19T00:17:50.122+0000] {logging_mixin.py:190} INFO - [2025-03-19T00:17:50.121+0000] {dagbag.py:588} INFO - Filling up the DagBag from /home/airflow/.local/lib/python3.12/site-packages/airflow/example_dags/example_xcomargs.py
[2025-03-19T00:17:50.133+0000] {processor.py:925} INFO - DAG(s) 'example_xcom_args_with_operators', 'example_xcom_args' retrieved from /home/airflow/.local/lib/python3.12/site-packages/airflow/example_dags/example_xcomargs.py
[2025-03-19T00:17:50.163+0000] {logging_mixin.py:190} INFO - [2025-03-19T00:17:50.162+0000] {dag.py:3239} INFO - Sync 2 DAGs
[2025-03-19T00:17:50.191+0000] {logging_mixin.py:190} INFO - [2025-03-19T00:17:50.190+0000] {dag.py:4180} INFO - Setting next_dagrun for example_xcom_args to None, run_after=None
[2025-03-19T00:17:50.208+0000] {logging_mixin.py:190} INFO - [2025-03-19T00:17:50.207+0000] {dag.py:4180} INFO - Setting next_dagrun for example_xcom_args_with_operators to None, run_after=None
[2025-03-19T00:17:50.224+0000] {processor.py:208} INFO - Processing /home/airflow/.local/lib/python3.12/site-packages/airflow/example_dags/example_xcomargs.py took 0.116 seconds
[2025-03-19T00:18:20.554+0000] {processor.py:186} INFO - Started process (PID=4617) to work on /home/airflow/.local/lib/python3.12/site-packages/airflow/example_dags/example_xcomargs.py
[2025-03-19T00:18:20.557+0000] {processor.py:914} INFO - Processing file /home/airflow/.local/lib/python3.12/site-packages/airflow/example_dags/example_xcomargs.py for tasks to queue
[2025-03-19T00:18:20.562+0000] {logging_mixin.py:190} INFO - [2025-03-19T00:18:20.561+0000] {dagbag.py:588} INFO - Filling up the DagBag from /home/airflow/.local/lib/python3.12/site-packages/airflow/example_dags/example_xcomargs.py
[2025-03-19T00:18:20.577+0000] {processor.py:925} INFO - DAG(s) 'example_xcom_args', 'example_xcom_args_with_operators' retrieved from /home/airflow/.local/lib/python3.12/site-packages/airflow/example_dags/example_xcomargs.py
[2025-03-19T00:18:20.600+0000] {logging_mixin.py:190} INFO - [2025-03-19T00:18:20.600+0000] {dag.py:3239} INFO - Sync 2 DAGs
[2025-03-19T00:18:20.619+0000] {logging_mixin.py:190} INFO - [2025-03-19T00:18:20.618+0000] {dag.py:4180} INFO - Setting next_dagrun for example_xcom_args to None, run_after=None
[2025-03-19T00:18:20.622+0000] {logging_mixin.py:190} INFO - [2025-03-19T00:18:20.622+0000] {dag.py:4180} INFO - Setting next_dagrun for example_xcom_args_with_operators to None, run_after=None
[2025-03-19T00:18:20.636+0000] {processor.py:208} INFO - Processing /home/airflow/.local/lib/python3.12/site-packages/airflow/example_dags/example_xcomargs.py took 0.092 seconds
[2025-03-19T00:18:51.204+0000] {processor.py:186} INFO - Started process (PID=4689) to work on /home/airflow/.local/lib/python3.12/site-packages/airflow/example_dags/example_xcomargs.py
[2025-03-19T00:18:51.204+0000] {processor.py:914} INFO - Processing file /home/airflow/.local/lib/python3.12/site-packages/airflow/example_dags/example_xcomargs.py for tasks to queue
[2025-03-19T00:18:51.208+0000] {logging_mixin.py:190} INFO - [2025-03-19T00:18:51.208+0000] {dagbag.py:588} INFO - Filling up the DagBag from /home/airflow/.local/lib/python3.12/site-packages/airflow/example_dags/example_xcomargs.py
[2025-03-19T00:18:51.218+0000] {processor.py:925} INFO - DAG(s) 'example_xcom_args', 'example_xcom_args_with_operators' retrieved from /home/airflow/.local/lib/python3.12/site-packages/airflow/example_dags/example_xcomargs.py
[2025-03-19T00:18:51.232+0000] {logging_mixin.py:190} INFO - [2025-03-19T00:18:51.232+0000] {dag.py:3239} INFO - Sync 2 DAGs
[2025-03-19T00:18:51.244+0000] {logging_mixin.py:190} INFO - [2025-03-19T00:18:51.244+0000] {dag.py:4180} INFO - Setting next_dagrun for example_xcom_args to None, run_after=None
[2025-03-19T00:18:51.246+0000] {logging_mixin.py:190} INFO - [2025-03-19T00:18:51.246+0000] {dag.py:4180} INFO - Setting next_dagrun for example_xcom_args_with_operators to None, run_after=None
[2025-03-19T00:18:51.253+0000] {processor.py:208} INFO - Processing /home/airflow/.local/lib/python3.12/site-packages/airflow/example_dags/example_xcomargs.py took 0.054 seconds
