[2025-03-19T00:00:15.136+0000] {processor.py:186} INFO - Started process (PID=2084) to work on /home/airflow/.local/lib/python3.12/site-packages/airflow/example_dags/example_inlet_event_extra.py
[2025-03-19T00:00:15.137+0000] {processor.py:914} INFO - Processing file /home/airflow/.local/lib/python3.12/site-packages/airflow/example_dags/example_inlet_event_extra.py for tasks to queue
[2025-03-19T00:00:15.139+0000] {logging_mixin.py:190} INFO - [2025-03-19T00:00:15.138+0000] {dagbag.py:588} INFO - Filling up the DagBag from /home/airflow/.local/lib/python3.12/site-packages/airflow/example_dags/example_inlet_event_extra.py
[2025-03-19T00:00:15.564+0000] {processor.py:925} INFO - DAG(s) 'read_dataset_event_from_classic', 'read_dataset_event' retrieved from /home/airflow/.local/lib/python3.12/site-packages/airflow/example_dags/example_inlet_event_extra.py
[2025-03-19T00:00:15.573+0000] {logging_mixin.py:190} INFO - [2025-03-19T00:00:15.573+0000] {dag.py:3239} INFO - Sync 2 DAGs
[2025-03-19T00:00:15.582+0000] {logging_mixin.py:190} INFO - [2025-03-19T00:00:15.582+0000] {dag.py:4180} INFO - Setting next_dagrun for read_dataset_event to 2025-03-18 00:00:00+00:00, run_after=2025-03-19 00:00:00+00:00
[2025-03-19T00:00:15.585+0000] {logging_mixin.py:190} INFO - [2025-03-19T00:00:15.584+0000] {dag.py:4180} INFO - Setting next_dagrun for read_dataset_event_from_classic to 2025-03-18 00:00:00+00:00, run_after=2025-03-19 00:00:00+00:00
[2025-03-19T00:00:15.592+0000] {processor.py:208} INFO - Processing /home/airflow/.local/lib/python3.12/site-packages/airflow/example_dags/example_inlet_event_extra.py took 0.459 seconds
[2025-03-19T00:00:46.136+0000] {processor.py:186} INFO - Started process (PID=2156) to work on /home/airflow/.local/lib/python3.12/site-packages/airflow/example_dags/example_inlet_event_extra.py
[2025-03-19T00:00:46.138+0000] {processor.py:914} INFO - Processing file /home/airflow/.local/lib/python3.12/site-packages/airflow/example_dags/example_inlet_event_extra.py for tasks to queue
[2025-03-19T00:00:46.141+0000] {logging_mixin.py:190} INFO - [2025-03-19T00:00:46.140+0000] {dagbag.py:588} INFO - Filling up the DagBag from /home/airflow/.local/lib/python3.12/site-packages/airflow/example_dags/example_inlet_event_extra.py
[2025-03-19T00:00:46.622+0000] {processor.py:925} INFO - DAG(s) 'read_dataset_event', 'read_dataset_event_from_classic' retrieved from /home/airflow/.local/lib/python3.12/site-packages/airflow/example_dags/example_inlet_event_extra.py
[2025-03-19T00:00:46.635+0000] {logging_mixin.py:190} INFO - [2025-03-19T00:00:46.635+0000] {dag.py:3239} INFO - Sync 2 DAGs
[2025-03-19T00:00:46.648+0000] {logging_mixin.py:190} INFO - [2025-03-19T00:00:46.648+0000] {dag.py:4180} INFO - Setting next_dagrun for read_dataset_event to 2025-03-18 00:00:00+00:00, run_after=2025-03-19 00:00:00+00:00
[2025-03-19T00:00:46.650+0000] {logging_mixin.py:190} INFO - [2025-03-19T00:00:46.650+0000] {dag.py:4180} INFO - Setting next_dagrun for read_dataset_event_from_classic to 2025-03-18 00:00:00+00:00, run_after=2025-03-19 00:00:00+00:00
[2025-03-19T00:00:46.657+0000] {processor.py:208} INFO - Processing /home/airflow/.local/lib/python3.12/site-packages/airflow/example_dags/example_inlet_event_extra.py took 0.527 seconds
[2025-03-19T00:01:17.806+0000] {processor.py:186} INFO - Started process (PID=2228) to work on /home/airflow/.local/lib/python3.12/site-packages/airflow/example_dags/example_inlet_event_extra.py
[2025-03-19T00:01:17.808+0000] {processor.py:914} INFO - Processing file /home/airflow/.local/lib/python3.12/site-packages/airflow/example_dags/example_inlet_event_extra.py for tasks to queue
[2025-03-19T00:01:17.814+0000] {logging_mixin.py:190} INFO - [2025-03-19T00:01:17.813+0000] {dagbag.py:588} INFO - Filling up the DagBag from /home/airflow/.local/lib/python3.12/site-packages/airflow/example_dags/example_inlet_event_extra.py
[2025-03-19T00:01:18.905+0000] {processor.py:925} INFO - DAG(s) 'read_dataset_event_from_classic', 'read_dataset_event' retrieved from /home/airflow/.local/lib/python3.12/site-packages/airflow/example_dags/example_inlet_event_extra.py
[2025-03-19T00:01:18.960+0000] {logging_mixin.py:190} INFO - [2025-03-19T00:01:18.960+0000] {dag.py:3239} INFO - Sync 2 DAGs
[2025-03-19T00:01:19.011+0000] {logging_mixin.py:190} INFO - [2025-03-19T00:01:19.010+0000] {dag.py:4180} INFO - Setting next_dagrun for read_dataset_event to 2025-03-18 00:00:00+00:00, run_after=2025-03-19 00:00:00+00:00
[2025-03-19T00:01:19.033+0000] {logging_mixin.py:190} INFO - [2025-03-19T00:01:19.032+0000] {dag.py:4180} INFO - Setting next_dagrun for read_dataset_event_from_classic to 2025-03-18 00:00:00+00:00, run_after=2025-03-19 00:00:00+00:00
[2025-03-19T00:01:19.101+0000] {processor.py:208} INFO - Processing /home/airflow/.local/lib/python3.12/site-packages/airflow/example_dags/example_inlet_event_extra.py took 1.307 seconds
[2025-03-19T00:01:49.559+0000] {processor.py:186} INFO - Started process (PID=2300) to work on /home/airflow/.local/lib/python3.12/site-packages/airflow/example_dags/example_inlet_event_extra.py
[2025-03-19T00:01:49.560+0000] {processor.py:914} INFO - Processing file /home/airflow/.local/lib/python3.12/site-packages/airflow/example_dags/example_inlet_event_extra.py for tasks to queue
[2025-03-19T00:01:49.561+0000] {logging_mixin.py:190} INFO - [2025-03-19T00:01:49.561+0000] {dagbag.py:588} INFO - Filling up the DagBag from /home/airflow/.local/lib/python3.12/site-packages/airflow/example_dags/example_inlet_event_extra.py
[2025-03-19T00:01:49.856+0000] {processor.py:925} INFO - DAG(s) 'read_dataset_event', 'read_dataset_event_from_classic' retrieved from /home/airflow/.local/lib/python3.12/site-packages/airflow/example_dags/example_inlet_event_extra.py
[2025-03-19T00:01:49.866+0000] {logging_mixin.py:190} INFO - [2025-03-19T00:01:49.866+0000] {dag.py:3239} INFO - Sync 2 DAGs
[2025-03-19T00:01:49.876+0000] {logging_mixin.py:190} INFO - [2025-03-19T00:01:49.876+0000] {dag.py:4180} INFO - Setting next_dagrun for read_dataset_event to 2025-03-18 00:00:00+00:00, run_after=2025-03-19 00:00:00+00:00
[2025-03-19T00:01:49.878+0000] {logging_mixin.py:190} INFO - [2025-03-19T00:01:49.878+0000] {dag.py:4180} INFO - Setting next_dagrun for read_dataset_event_from_classic to 2025-03-18 00:00:00+00:00, run_after=2025-03-19 00:00:00+00:00
[2025-03-19T00:01:49.885+0000] {processor.py:208} INFO - Processing /home/airflow/.local/lib/python3.12/site-packages/airflow/example_dags/example_inlet_event_extra.py took 0.330 seconds
[2025-03-19T00:02:20.288+0000] {processor.py:186} INFO - Started process (PID=2374) to work on /home/airflow/.local/lib/python3.12/site-packages/airflow/example_dags/example_inlet_event_extra.py
[2025-03-19T00:02:20.289+0000] {processor.py:914} INFO - Processing file /home/airflow/.local/lib/python3.12/site-packages/airflow/example_dags/example_inlet_event_extra.py for tasks to queue
[2025-03-19T00:02:20.290+0000] {logging_mixin.py:190} INFO - [2025-03-19T00:02:20.290+0000] {dagbag.py:588} INFO - Filling up the DagBag from /home/airflow/.local/lib/python3.12/site-packages/airflow/example_dags/example_inlet_event_extra.py
[2025-03-19T00:02:20.684+0000] {processor.py:925} INFO - DAG(s) 'read_dataset_event_from_classic', 'read_dataset_event' retrieved from /home/airflow/.local/lib/python3.12/site-packages/airflow/example_dags/example_inlet_event_extra.py
[2025-03-19T00:02:20.694+0000] {logging_mixin.py:190} INFO - [2025-03-19T00:02:20.694+0000] {dag.py:3239} INFO - Sync 2 DAGs
[2025-03-19T00:02:20.704+0000] {logging_mixin.py:190} INFO - [2025-03-19T00:02:20.703+0000] {dag.py:4180} INFO - Setting next_dagrun for read_dataset_event to 2025-03-18 00:00:00+00:00, run_after=2025-03-19 00:00:00+00:00
[2025-03-19T00:02:20.706+0000] {logging_mixin.py:190} INFO - [2025-03-19T00:02:20.706+0000] {dag.py:4180} INFO - Setting next_dagrun for read_dataset_event_from_classic to 2025-03-18 00:00:00+00:00, run_after=2025-03-19 00:00:00+00:00
[2025-03-19T00:02:20.712+0000] {processor.py:208} INFO - Processing /home/airflow/.local/lib/python3.12/site-packages/airflow/example_dags/example_inlet_event_extra.py took 0.428 seconds
[2025-03-19T00:02:51.069+0000] {processor.py:186} INFO - Started process (PID=2445) to work on /home/airflow/.local/lib/python3.12/site-packages/airflow/example_dags/example_inlet_event_extra.py
[2025-03-19T00:02:51.070+0000] {processor.py:914} INFO - Processing file /home/airflow/.local/lib/python3.12/site-packages/airflow/example_dags/example_inlet_event_extra.py for tasks to queue
[2025-03-19T00:02:51.072+0000] {logging_mixin.py:190} INFO - [2025-03-19T00:02:51.071+0000] {dagbag.py:588} INFO - Filling up the DagBag from /home/airflow/.local/lib/python3.12/site-packages/airflow/example_dags/example_inlet_event_extra.py
[2025-03-19T00:02:51.531+0000] {processor.py:925} INFO - DAG(s) 'read_dataset_event_from_classic', 'read_dataset_event' retrieved from /home/airflow/.local/lib/python3.12/site-packages/airflow/example_dags/example_inlet_event_extra.py
[2025-03-19T00:02:51.541+0000] {logging_mixin.py:190} INFO - [2025-03-19T00:02:51.541+0000] {dag.py:3239} INFO - Sync 2 DAGs
[2025-03-19T00:02:51.555+0000] {logging_mixin.py:190} INFO - [2025-03-19T00:02:51.554+0000] {dag.py:4180} INFO - Setting next_dagrun for read_dataset_event to 2025-03-18 00:00:00+00:00, run_after=2025-03-19 00:00:00+00:00
[2025-03-19T00:02:51.557+0000] {logging_mixin.py:190} INFO - [2025-03-19T00:02:51.557+0000] {dag.py:4180} INFO - Setting next_dagrun for read_dataset_event_from_classic to 2025-03-18 00:00:00+00:00, run_after=2025-03-19 00:00:00+00:00
[2025-03-19T00:02:51.564+0000] {processor.py:208} INFO - Processing /home/airflow/.local/lib/python3.12/site-packages/airflow/example_dags/example_inlet_event_extra.py took 0.500 seconds
[2025-03-19T00:03:23.452+0000] {processor.py:186} INFO - Started process (PID=2521) to work on /home/airflow/.local/lib/python3.12/site-packages/airflow/example_dags/example_inlet_event_extra.py
[2025-03-19T00:03:23.456+0000] {processor.py:914} INFO - Processing file /home/airflow/.local/lib/python3.12/site-packages/airflow/example_dags/example_inlet_event_extra.py for tasks to queue
[2025-03-19T00:03:23.464+0000] {logging_mixin.py:190} INFO - [2025-03-19T00:03:23.464+0000] {dagbag.py:588} INFO - Filling up the DagBag from /home/airflow/.local/lib/python3.12/site-packages/airflow/example_dags/example_inlet_event_extra.py
[2025-03-19T00:03:24.536+0000] {processor.py:925} INFO - DAG(s) 'read_dataset_event_from_classic', 'read_dataset_event' retrieved from /home/airflow/.local/lib/python3.12/site-packages/airflow/example_dags/example_inlet_event_extra.py
[2025-03-19T00:03:24.601+0000] {logging_mixin.py:190} INFO - [2025-03-19T00:03:24.600+0000] {dag.py:3239} INFO - Sync 2 DAGs
[2025-03-19T00:03:24.629+0000] {logging_mixin.py:190} INFO - [2025-03-19T00:03:24.629+0000] {dag.py:4180} INFO - Setting next_dagrun for read_dataset_event to 2025-03-18 00:00:00+00:00, run_after=2025-03-19 00:00:00+00:00
[2025-03-19T00:03:24.647+0000] {logging_mixin.py:190} INFO - [2025-03-19T00:03:24.647+0000] {dag.py:4180} INFO - Setting next_dagrun for read_dataset_event_from_classic to 2025-03-18 00:00:00+00:00, run_after=2025-03-19 00:00:00+00:00
[2025-03-19T00:03:24.669+0000] {processor.py:208} INFO - Processing /home/airflow/.local/lib/python3.12/site-packages/airflow/example_dags/example_inlet_event_extra.py took 1.241 seconds
[2025-03-19T00:03:55.647+0000] {processor.py:186} INFO - Started process (PID=2594) to work on /home/airflow/.local/lib/python3.12/site-packages/airflow/example_dags/example_inlet_event_extra.py
[2025-03-19T00:03:55.648+0000] {processor.py:914} INFO - Processing file /home/airflow/.local/lib/python3.12/site-packages/airflow/example_dags/example_inlet_event_extra.py for tasks to queue
[2025-03-19T00:03:55.649+0000] {logging_mixin.py:190} INFO - [2025-03-19T00:03:55.649+0000] {dagbag.py:588} INFO - Filling up the DagBag from /home/airflow/.local/lib/python3.12/site-packages/airflow/example_dags/example_inlet_event_extra.py
[2025-03-19T00:03:55.935+0000] {processor.py:925} INFO - DAG(s) 'read_dataset_event', 'read_dataset_event_from_classic' retrieved from /home/airflow/.local/lib/python3.12/site-packages/airflow/example_dags/example_inlet_event_extra.py
[2025-03-19T00:03:55.942+0000] {logging_mixin.py:190} INFO - [2025-03-19T00:03:55.942+0000] {dag.py:3239} INFO - Sync 2 DAGs
[2025-03-19T00:03:55.952+0000] {logging_mixin.py:190} INFO - [2025-03-19T00:03:55.952+0000] {dag.py:4180} INFO - Setting next_dagrun for read_dataset_event to 2025-03-18 00:00:00+00:00, run_after=2025-03-19 00:00:00+00:00
[2025-03-19T00:03:55.955+0000] {logging_mixin.py:190} INFO - [2025-03-19T00:03:55.955+0000] {dag.py:4180} INFO - Setting next_dagrun for read_dataset_event_from_classic to 2025-03-18 00:00:00+00:00, run_after=2025-03-19 00:00:00+00:00
[2025-03-19T00:03:55.960+0000] {processor.py:208} INFO - Processing /home/airflow/.local/lib/python3.12/site-packages/airflow/example_dags/example_inlet_event_extra.py took 0.317 seconds
[2025-03-19T00:04:26.422+0000] {processor.py:186} INFO - Started process (PID=2666) to work on /home/airflow/.local/lib/python3.12/site-packages/airflow/example_dags/example_inlet_event_extra.py
[2025-03-19T00:04:26.427+0000] {processor.py:914} INFO - Processing file /home/airflow/.local/lib/python3.12/site-packages/airflow/example_dags/example_inlet_event_extra.py for tasks to queue
[2025-03-19T00:04:26.433+0000] {logging_mixin.py:190} INFO - [2025-03-19T00:04:26.432+0000] {dagbag.py:588} INFO - Filling up the DagBag from /home/airflow/.local/lib/python3.12/site-packages/airflow/example_dags/example_inlet_event_extra.py
[2025-03-19T00:04:26.896+0000] {processor.py:925} INFO - DAG(s) 'read_dataset_event_from_classic', 'read_dataset_event' retrieved from /home/airflow/.local/lib/python3.12/site-packages/airflow/example_dags/example_inlet_event_extra.py
[2025-03-19T00:04:26.913+0000] {logging_mixin.py:190} INFO - [2025-03-19T00:04:26.912+0000] {dag.py:3239} INFO - Sync 2 DAGs
[2025-03-19T00:04:26.937+0000] {logging_mixin.py:190} INFO - [2025-03-19T00:04:26.936+0000] {dag.py:4180} INFO - Setting next_dagrun for read_dataset_event to 2025-03-18 00:00:00+00:00, run_after=2025-03-19 00:00:00+00:00
[2025-03-19T00:04:26.941+0000] {logging_mixin.py:190} INFO - [2025-03-19T00:04:26.940+0000] {dag.py:4180} INFO - Setting next_dagrun for read_dataset_event_from_classic to 2025-03-18 00:00:00+00:00, run_after=2025-03-19 00:00:00+00:00
[2025-03-19T00:04:26.952+0000] {processor.py:208} INFO - Processing /home/airflow/.local/lib/python3.12/site-packages/airflow/example_dags/example_inlet_event_extra.py took 0.535 seconds
[2025-03-19T00:04:57.550+0000] {processor.py:186} INFO - Started process (PID=2744) to work on /home/airflow/.local/lib/python3.12/site-packages/airflow/example_dags/example_inlet_event_extra.py
[2025-03-19T00:04:57.559+0000] {processor.py:914} INFO - Processing file /home/airflow/.local/lib/python3.12/site-packages/airflow/example_dags/example_inlet_event_extra.py for tasks to queue
[2025-03-19T00:04:57.561+0000] {logging_mixin.py:190} INFO - [2025-03-19T00:04:57.560+0000] {dagbag.py:588} INFO - Filling up the DagBag from /home/airflow/.local/lib/python3.12/site-packages/airflow/example_dags/example_inlet_event_extra.py
[2025-03-19T00:04:58.485+0000] {processor.py:925} INFO - DAG(s) 'read_dataset_event_from_classic', 'read_dataset_event' retrieved from /home/airflow/.local/lib/python3.12/site-packages/airflow/example_dags/example_inlet_event_extra.py
[2025-03-19T00:04:58.509+0000] {logging_mixin.py:190} INFO - [2025-03-19T00:04:58.508+0000] {dag.py:3239} INFO - Sync 2 DAGs
[2025-03-19T00:04:58.551+0000] {logging_mixin.py:190} INFO - [2025-03-19T00:04:58.551+0000] {dag.py:4180} INFO - Setting next_dagrun for read_dataset_event to 2025-03-18 00:00:00+00:00, run_after=2025-03-19 00:00:00+00:00
[2025-03-19T00:04:58.554+0000] {logging_mixin.py:190} INFO - [2025-03-19T00:04:58.554+0000] {dag.py:4180} INFO - Setting next_dagrun for read_dataset_event_from_classic to 2025-03-18 00:00:00+00:00, run_after=2025-03-19 00:00:00+00:00
[2025-03-19T00:04:58.564+0000] {processor.py:208} INFO - Processing /home/airflow/.local/lib/python3.12/site-packages/airflow/example_dags/example_inlet_event_extra.py took 1.020 seconds
[2025-03-19T00:05:29.047+0000] {processor.py:186} INFO - Started process (PID=2816) to work on /home/airflow/.local/lib/python3.12/site-packages/airflow/example_dags/example_inlet_event_extra.py
[2025-03-19T00:05:29.065+0000] {processor.py:914} INFO - Processing file /home/airflow/.local/lib/python3.12/site-packages/airflow/example_dags/example_inlet_event_extra.py for tasks to queue
[2025-03-19T00:05:29.067+0000] {logging_mixin.py:190} INFO - [2025-03-19T00:05:29.067+0000] {dagbag.py:588} INFO - Filling up the DagBag from /home/airflow/.local/lib/python3.12/site-packages/airflow/example_dags/example_inlet_event_extra.py
[2025-03-19T00:05:29.896+0000] {processor.py:925} INFO - DAG(s) 'read_dataset_event_from_classic', 'read_dataset_event' retrieved from /home/airflow/.local/lib/python3.12/site-packages/airflow/example_dags/example_inlet_event_extra.py
[2025-03-19T00:05:29.936+0000] {logging_mixin.py:190} INFO - [2025-03-19T00:05:29.935+0000] {dag.py:3239} INFO - Sync 2 DAGs
[2025-03-19T00:05:29.964+0000] {logging_mixin.py:190} INFO - [2025-03-19T00:05:29.964+0000] {dag.py:4180} INFO - Setting next_dagrun for read_dataset_event to 2025-03-18 00:00:00+00:00, run_after=2025-03-19 00:00:00+00:00
[2025-03-19T00:05:29.978+0000] {logging_mixin.py:190} INFO - [2025-03-19T00:05:29.978+0000] {dag.py:4180} INFO - Setting next_dagrun for read_dataset_event_from_classic to 2025-03-18 00:00:00+00:00, run_after=2025-03-19 00:00:00+00:00
[2025-03-19T00:05:30.012+0000] {processor.py:208} INFO - Processing /home/airflow/.local/lib/python3.12/site-packages/airflow/example_dags/example_inlet_event_extra.py took 0.990 seconds
[2025-03-19T00:06:00.199+0000] {processor.py:186} INFO - Started process (PID=2888) to work on /home/airflow/.local/lib/python3.12/site-packages/airflow/example_dags/example_inlet_event_extra.py
[2025-03-19T00:06:00.211+0000] {processor.py:914} INFO - Processing file /home/airflow/.local/lib/python3.12/site-packages/airflow/example_dags/example_inlet_event_extra.py for tasks to queue
[2025-03-19T00:06:00.224+0000] {logging_mixin.py:190} INFO - [2025-03-19T00:06:00.224+0000] {dagbag.py:588} INFO - Filling up the DagBag from /home/airflow/.local/lib/python3.12/site-packages/airflow/example_dags/example_inlet_event_extra.py
[2025-03-19T00:06:01.156+0000] {processor.py:925} INFO - DAG(s) 'read_dataset_event', 'read_dataset_event_from_classic' retrieved from /home/airflow/.local/lib/python3.12/site-packages/airflow/example_dags/example_inlet_event_extra.py
[2025-03-19T00:06:01.207+0000] {logging_mixin.py:190} INFO - [2025-03-19T00:06:01.206+0000] {dag.py:3239} INFO - Sync 2 DAGs
[2025-03-19T00:06:01.250+0000] {logging_mixin.py:190} INFO - [2025-03-19T00:06:01.250+0000] {dag.py:4180} INFO - Setting next_dagrun for read_dataset_event to 2025-03-18 00:00:00+00:00, run_after=2025-03-19 00:00:00+00:00
[2025-03-19T00:06:01.262+0000] {logging_mixin.py:190} INFO - [2025-03-19T00:06:01.262+0000] {dag.py:4180} INFO - Setting next_dagrun for read_dataset_event_from_classic to 2025-03-18 00:00:00+00:00, run_after=2025-03-19 00:00:00+00:00
[2025-03-19T00:06:01.310+0000] {processor.py:208} INFO - Processing /home/airflow/.local/lib/python3.12/site-packages/airflow/example_dags/example_inlet_event_extra.py took 1.118 seconds
[2025-03-19T00:06:31.418+0000] {processor.py:186} INFO - Started process (PID=2960) to work on /home/airflow/.local/lib/python3.12/site-packages/airflow/example_dags/example_inlet_event_extra.py
[2025-03-19T00:06:31.419+0000] {processor.py:914} INFO - Processing file /home/airflow/.local/lib/python3.12/site-packages/airflow/example_dags/example_inlet_event_extra.py for tasks to queue
[2025-03-19T00:06:31.422+0000] {logging_mixin.py:190} INFO - [2025-03-19T00:06:31.422+0000] {dagbag.py:588} INFO - Filling up the DagBag from /home/airflow/.local/lib/python3.12/site-packages/airflow/example_dags/example_inlet_event_extra.py
[2025-03-19T00:06:31.802+0000] {processor.py:925} INFO - DAG(s) 'read_dataset_event', 'read_dataset_event_from_classic' retrieved from /home/airflow/.local/lib/python3.12/site-packages/airflow/example_dags/example_inlet_event_extra.py
[2025-03-19T00:06:31.815+0000] {logging_mixin.py:190} INFO - [2025-03-19T00:06:31.814+0000] {dag.py:3239} INFO - Sync 2 DAGs
[2025-03-19T00:06:31.828+0000] {logging_mixin.py:190} INFO - [2025-03-19T00:06:31.828+0000] {dag.py:4180} INFO - Setting next_dagrun for read_dataset_event to 2025-03-18 00:00:00+00:00, run_after=2025-03-19 00:00:00+00:00
[2025-03-19T00:06:31.830+0000] {logging_mixin.py:190} INFO - [2025-03-19T00:06:31.830+0000] {dag.py:4180} INFO - Setting next_dagrun for read_dataset_event_from_classic to 2025-03-18 00:00:00+00:00, run_after=2025-03-19 00:00:00+00:00
[2025-03-19T00:06:31.844+0000] {processor.py:208} INFO - Processing /home/airflow/.local/lib/python3.12/site-packages/airflow/example_dags/example_inlet_event_extra.py took 0.429 seconds
[2025-03-19T00:07:04.452+0000] {processor.py:186} INFO - Started process (PID=3035) to work on /home/airflow/.local/lib/python3.12/site-packages/airflow/example_dags/example_inlet_event_extra.py
[2025-03-19T00:07:04.453+0000] {processor.py:914} INFO - Processing file /home/airflow/.local/lib/python3.12/site-packages/airflow/example_dags/example_inlet_event_extra.py for tasks to queue
[2025-03-19T00:07:04.457+0000] {logging_mixin.py:190} INFO - [2025-03-19T00:07:04.456+0000] {dagbag.py:588} INFO - Filling up the DagBag from /home/airflow/.local/lib/python3.12/site-packages/airflow/example_dags/example_inlet_event_extra.py
[2025-03-19T00:07:05.285+0000] {processor.py:925} INFO - DAG(s) 'read_dataset_event', 'read_dataset_event_from_classic' retrieved from /home/airflow/.local/lib/python3.12/site-packages/airflow/example_dags/example_inlet_event_extra.py
[2025-03-19T00:07:05.338+0000] {logging_mixin.py:190} INFO - [2025-03-19T00:07:05.337+0000] {dag.py:3239} INFO - Sync 2 DAGs
[2025-03-19T00:07:05.401+0000] {logging_mixin.py:190} INFO - [2025-03-19T00:07:05.401+0000] {dag.py:4180} INFO - Setting next_dagrun for read_dataset_event to 2025-03-18 00:00:00+00:00, run_after=2025-03-19 00:00:00+00:00
[2025-03-19T00:07:05.414+0000] {logging_mixin.py:190} INFO - [2025-03-19T00:07:05.414+0000] {dag.py:4180} INFO - Setting next_dagrun for read_dataset_event_from_classic to 2025-03-18 00:00:00+00:00, run_after=2025-03-19 00:00:00+00:00
[2025-03-19T00:07:05.455+0000] {processor.py:208} INFO - Processing /home/airflow/.local/lib/python3.12/site-packages/airflow/example_dags/example_inlet_event_extra.py took 1.008 seconds
[2025-03-19T00:07:36.065+0000] {processor.py:186} INFO - Started process (PID=3107) to work on /home/airflow/.local/lib/python3.12/site-packages/airflow/example_dags/example_inlet_event_extra.py
[2025-03-19T00:07:36.068+0000] {processor.py:914} INFO - Processing file /home/airflow/.local/lib/python3.12/site-packages/airflow/example_dags/example_inlet_event_extra.py for tasks to queue
[2025-03-19T00:07:36.070+0000] {logging_mixin.py:190} INFO - [2025-03-19T00:07:36.070+0000] {dagbag.py:588} INFO - Filling up the DagBag from /home/airflow/.local/lib/python3.12/site-packages/airflow/example_dags/example_inlet_event_extra.py
[2025-03-19T00:07:36.236+0000] {processor.py:925} INFO - DAG(s) 'read_dataset_event', 'read_dataset_event_from_classic' retrieved from /home/airflow/.local/lib/python3.12/site-packages/airflow/example_dags/example_inlet_event_extra.py
[2025-03-19T00:07:36.248+0000] {logging_mixin.py:190} INFO - [2025-03-19T00:07:36.248+0000] {dag.py:3239} INFO - Sync 2 DAGs
[2025-03-19T00:07:36.259+0000] {logging_mixin.py:190} INFO - [2025-03-19T00:07:36.259+0000] {dag.py:4180} INFO - Setting next_dagrun for read_dataset_event to 2025-03-18 00:00:00+00:00, run_after=2025-03-19 00:00:00+00:00
[2025-03-19T00:07:36.262+0000] {logging_mixin.py:190} INFO - [2025-03-19T00:07:36.262+0000] {dag.py:4180} INFO - Setting next_dagrun for read_dataset_event_from_classic to 2025-03-18 00:00:00+00:00, run_after=2025-03-19 00:00:00+00:00
[2025-03-19T00:07:36.270+0000] {processor.py:208} INFO - Processing /home/airflow/.local/lib/python3.12/site-packages/airflow/example_dags/example_inlet_event_extra.py took 0.209 seconds
