[2025-03-19T00:00:27.355+0000] {processor.py:186} INFO - Started process (PID=2150) to work on /home/airflow/.local/lib/python3.12/site-packages/airflow/example_dags/example_dataset_alias.py
[2025-03-19T00:00:27.359+0000] {processor.py:914} INFO - Processing file /home/airflow/.local/lib/python3.12/site-packages/airflow/example_dags/example_dataset_alias.py for tasks to queue
[2025-03-19T00:00:27.366+0000] {logging_mixin.py:190} INFO - [2025-03-19T00:00:27.365+0000] {dagbag.py:588} INFO - Filling up the DagBag from /home/airflow/.local/lib/python3.12/site-packages/airflow/example_dags/example_dataset_alias.py
[2025-03-19T00:00:27.859+0000] {processor.py:925} INFO - DAG(s) 'dataset_alias_example_alias_producer', 'dataset_alias_example_alias_consumer', 'dataset_s3_bucket_producer', 'dataset_s3_bucket_consumer' retrieved from /home/airflow/.local/lib/python3.12/site-packages/airflow/example_dags/example_dataset_alias.py
[2025-03-19T00:00:27.868+0000] {logging_mixin.py:190} INFO - [2025-03-19T00:00:27.868+0000] {dag.py:3239} INFO - Sync 4 DAGs
[2025-03-19T00:00:27.878+0000] {logging_mixin.py:190} INFO - [2025-03-19T00:00:27.878+0000] {dag.py:4180} INFO - Setting next_dagrun for dataset_alias_example_alias_consumer to None, run_after=None
[2025-03-19T00:00:27.879+0000] {logging_mixin.py:190} INFO - [2025-03-19T00:00:27.879+0000] {dag.py:4180} INFO - Setting next_dagrun for dataset_alias_example_alias_producer to None, run_after=None
[2025-03-19T00:00:27.880+0000] {logging_mixin.py:190} INFO - [2025-03-19T00:00:27.880+0000] {dag.py:4180} INFO - Setting next_dagrun for dataset_s3_bucket_consumer to None, run_after=None
[2025-03-19T00:00:27.881+0000] {logging_mixin.py:190} INFO - [2025-03-19T00:00:27.881+0000] {dag.py:4180} INFO - Setting next_dagrun for dataset_s3_bucket_producer to None, run_after=None
[2025-03-19T00:00:27.898+0000] {processor.py:208} INFO - Processing /home/airflow/.local/lib/python3.12/site-packages/airflow/example_dags/example_dataset_alias.py took 0.553 seconds
[2025-03-19T00:00:58.647+0000] {processor.py:186} INFO - Started process (PID=2221) to work on /home/airflow/.local/lib/python3.12/site-packages/airflow/example_dags/example_dataset_alias.py
[2025-03-19T00:00:58.648+0000] {processor.py:914} INFO - Processing file /home/airflow/.local/lib/python3.12/site-packages/airflow/example_dags/example_dataset_alias.py for tasks to queue
[2025-03-19T00:00:58.652+0000] {logging_mixin.py:190} INFO - [2025-03-19T00:00:58.651+0000] {dagbag.py:588} INFO - Filling up the DagBag from /home/airflow/.local/lib/python3.12/site-packages/airflow/example_dags/example_dataset_alias.py
[2025-03-19T00:00:59.148+0000] {processor.py:925} INFO - DAG(s) 'dataset_s3_bucket_producer', 'dataset_alias_example_alias_consumer', 'dataset_alias_example_alias_producer', 'dataset_s3_bucket_consumer' retrieved from /home/airflow/.local/lib/python3.12/site-packages/airflow/example_dags/example_dataset_alias.py
[2025-03-19T00:00:59.157+0000] {logging_mixin.py:190} INFO - [2025-03-19T00:00:59.157+0000] {dag.py:3239} INFO - Sync 4 DAGs
[2025-03-19T00:00:59.168+0000] {logging_mixin.py:190} INFO - [2025-03-19T00:00:59.168+0000] {dag.py:4180} INFO - Setting next_dagrun for dataset_alias_example_alias_consumer to None, run_after=None
[2025-03-19T00:00:59.170+0000] {logging_mixin.py:190} INFO - [2025-03-19T00:00:59.170+0000] {dag.py:4180} INFO - Setting next_dagrun for dataset_alias_example_alias_producer to None, run_after=None
[2025-03-19T00:00:59.170+0000] {logging_mixin.py:190} INFO - [2025-03-19T00:00:59.170+0000] {dag.py:4180} INFO - Setting next_dagrun for dataset_s3_bucket_consumer to None, run_after=None
[2025-03-19T00:00:59.171+0000] {logging_mixin.py:190} INFO - [2025-03-19T00:00:59.171+0000] {dag.py:4180} INFO - Setting next_dagrun for dataset_s3_bucket_producer to None, run_after=None
[2025-03-19T00:00:59.181+0000] {processor.py:208} INFO - Processing /home/airflow/.local/lib/python3.12/site-packages/airflow/example_dags/example_dataset_alias.py took 0.537 seconds
[2025-03-19T00:01:29.925+0000] {processor.py:186} INFO - Started process (PID=2293) to work on /home/airflow/.local/lib/python3.12/site-packages/airflow/example_dags/example_dataset_alias.py
[2025-03-19T00:01:29.939+0000] {processor.py:914} INFO - Processing file /home/airflow/.local/lib/python3.12/site-packages/airflow/example_dags/example_dataset_alias.py for tasks to queue
[2025-03-19T00:01:29.948+0000] {logging_mixin.py:190} INFO - [2025-03-19T00:01:29.947+0000] {dagbag.py:588} INFO - Filling up the DagBag from /home/airflow/.local/lib/python3.12/site-packages/airflow/example_dags/example_dataset_alias.py
[2025-03-19T00:01:31.383+0000] {processor.py:925} INFO - DAG(s) 'dataset_alias_example_alias_consumer', 'dataset_alias_example_alias_producer', 'dataset_s3_bucket_consumer', 'dataset_s3_bucket_producer' retrieved from /home/airflow/.local/lib/python3.12/site-packages/airflow/example_dags/example_dataset_alias.py
[2025-03-19T00:01:31.420+0000] {logging_mixin.py:190} INFO - [2025-03-19T00:01:31.419+0000] {dag.py:3239} INFO - Sync 4 DAGs
[2025-03-19T00:01:31.496+0000] {logging_mixin.py:190} INFO - [2025-03-19T00:01:31.496+0000] {dag.py:4180} INFO - Setting next_dagrun for dataset_alias_example_alias_consumer to None, run_after=None
[2025-03-19T00:01:31.503+0000] {logging_mixin.py:190} INFO - [2025-03-19T00:01:31.502+0000] {dag.py:4180} INFO - Setting next_dagrun for dataset_alias_example_alias_producer to None, run_after=None
[2025-03-19T00:01:31.507+0000] {logging_mixin.py:190} INFO - [2025-03-19T00:01:31.507+0000] {dag.py:4180} INFO - Setting next_dagrun for dataset_s3_bucket_consumer to None, run_after=None
[2025-03-19T00:01:31.508+0000] {logging_mixin.py:190} INFO - [2025-03-19T00:01:31.508+0000] {dag.py:4180} INFO - Setting next_dagrun for dataset_s3_bucket_producer to None, run_after=None
[2025-03-19T00:01:31.568+0000] {processor.py:208} INFO - Processing /home/airflow/.local/lib/python3.12/site-packages/airflow/example_dags/example_dataset_alias.py took 1.660 seconds
[2025-03-19T00:02:03.517+0000] {processor.py:186} INFO - Started process (PID=2365) to work on /home/airflow/.local/lib/python3.12/site-packages/airflow/example_dags/example_dataset_alias.py
[2025-03-19T00:02:03.518+0000] {processor.py:914} INFO - Processing file /home/airflow/.local/lib/python3.12/site-packages/airflow/example_dags/example_dataset_alias.py for tasks to queue
[2025-03-19T00:02:03.519+0000] {logging_mixin.py:190} INFO - [2025-03-19T00:02:03.519+0000] {dagbag.py:588} INFO - Filling up the DagBag from /home/airflow/.local/lib/python3.12/site-packages/airflow/example_dags/example_dataset_alias.py
[2025-03-19T00:02:03.983+0000] {processor.py:925} INFO - DAG(s) 'dataset_alias_example_alias_consumer', 'dataset_alias_example_alias_producer', 'dataset_s3_bucket_consumer', 'dataset_s3_bucket_producer' retrieved from /home/airflow/.local/lib/python3.12/site-packages/airflow/example_dags/example_dataset_alias.py
[2025-03-19T00:02:03.993+0000] {logging_mixin.py:190} INFO - [2025-03-19T00:02:03.993+0000] {dag.py:3239} INFO - Sync 4 DAGs
[2025-03-19T00:02:04.005+0000] {logging_mixin.py:190} INFO - [2025-03-19T00:02:04.004+0000] {dag.py:4180} INFO - Setting next_dagrun for dataset_alias_example_alias_consumer to None, run_after=None
[2025-03-19T00:02:04.006+0000] {logging_mixin.py:190} INFO - [2025-03-19T00:02:04.006+0000] {dag.py:4180} INFO - Setting next_dagrun for dataset_alias_example_alias_producer to None, run_after=None
[2025-03-19T00:02:04.006+0000] {logging_mixin.py:190} INFO - [2025-03-19T00:02:04.006+0000] {dag.py:4180} INFO - Setting next_dagrun for dataset_s3_bucket_consumer to None, run_after=None
[2025-03-19T00:02:04.007+0000] {logging_mixin.py:190} INFO - [2025-03-19T00:02:04.007+0000] {dag.py:4180} INFO - Setting next_dagrun for dataset_s3_bucket_producer to None, run_after=None
[2025-03-19T00:02:04.015+0000] {processor.py:208} INFO - Processing /home/airflow/.local/lib/python3.12/site-packages/airflow/example_dags/example_dataset_alias.py took 0.501 seconds
[2025-03-19T00:02:34.834+0000] {processor.py:186} INFO - Started process (PID=2436) to work on /home/airflow/.local/lib/python3.12/site-packages/airflow/example_dags/example_dataset_alias.py
[2025-03-19T00:02:34.835+0000] {processor.py:914} INFO - Processing file /home/airflow/.local/lib/python3.12/site-packages/airflow/example_dags/example_dataset_alias.py for tasks to queue
[2025-03-19T00:02:34.837+0000] {logging_mixin.py:190} INFO - [2025-03-19T00:02:34.837+0000] {dagbag.py:588} INFO - Filling up the DagBag from /home/airflow/.local/lib/python3.12/site-packages/airflow/example_dags/example_dataset_alias.py
[2025-03-19T00:02:35.215+0000] {processor.py:925} INFO - DAG(s) 'dataset_alias_example_alias_producer', 'dataset_s3_bucket_consumer', 'dataset_alias_example_alias_consumer', 'dataset_s3_bucket_producer' retrieved from /home/airflow/.local/lib/python3.12/site-packages/airflow/example_dags/example_dataset_alias.py
[2025-03-19T00:02:35.222+0000] {logging_mixin.py:190} INFO - [2025-03-19T00:02:35.222+0000] {dag.py:3239} INFO - Sync 4 DAGs
[2025-03-19T00:02:35.232+0000] {logging_mixin.py:190} INFO - [2025-03-19T00:02:35.231+0000] {dag.py:4180} INFO - Setting next_dagrun for dataset_alias_example_alias_consumer to None, run_after=None
[2025-03-19T00:02:35.232+0000] {logging_mixin.py:190} INFO - [2025-03-19T00:02:35.232+0000] {dag.py:4180} INFO - Setting next_dagrun for dataset_alias_example_alias_producer to None, run_after=None
[2025-03-19T00:02:35.233+0000] {logging_mixin.py:190} INFO - [2025-03-19T00:02:35.233+0000] {dag.py:4180} INFO - Setting next_dagrun for dataset_s3_bucket_consumer to None, run_after=None
[2025-03-19T00:02:35.233+0000] {logging_mixin.py:190} INFO - [2025-03-19T00:02:35.233+0000] {dag.py:4180} INFO - Setting next_dagrun for dataset_s3_bucket_producer to None, run_after=None
[2025-03-19T00:02:35.240+0000] {processor.py:208} INFO - Processing /home/airflow/.local/lib/python3.12/site-packages/airflow/example_dags/example_dataset_alias.py took 0.411 seconds
[2025-03-19T00:03:05.949+0000] {processor.py:186} INFO - Started process (PID=2508) to work on /home/airflow/.local/lib/python3.12/site-packages/airflow/example_dags/example_dataset_alias.py
[2025-03-19T00:03:05.951+0000] {processor.py:914} INFO - Processing file /home/airflow/.local/lib/python3.12/site-packages/airflow/example_dags/example_dataset_alias.py for tasks to queue
[2025-03-19T00:03:05.954+0000] {logging_mixin.py:190} INFO - [2025-03-19T00:03:05.953+0000] {dagbag.py:588} INFO - Filling up the DagBag from /home/airflow/.local/lib/python3.12/site-packages/airflow/example_dags/example_dataset_alias.py
[2025-03-19T00:03:06.444+0000] {processor.py:925} INFO - DAG(s) 'dataset_s3_bucket_consumer', 'dataset_alias_example_alias_consumer', 'dataset_s3_bucket_producer', 'dataset_alias_example_alias_producer' retrieved from /home/airflow/.local/lib/python3.12/site-packages/airflow/example_dags/example_dataset_alias.py
[2025-03-19T00:03:06.457+0000] {logging_mixin.py:190} INFO - [2025-03-19T00:03:06.457+0000] {dag.py:3239} INFO - Sync 4 DAGs
[2025-03-19T00:03:06.468+0000] {logging_mixin.py:190} INFO - [2025-03-19T00:03:06.468+0000] {dag.py:4180} INFO - Setting next_dagrun for dataset_alias_example_alias_consumer to None, run_after=None
[2025-03-19T00:03:06.469+0000] {logging_mixin.py:190} INFO - [2025-03-19T00:03:06.469+0000] {dag.py:4180} INFO - Setting next_dagrun for dataset_alias_example_alias_producer to None, run_after=None
[2025-03-19T00:03:06.470+0000] {logging_mixin.py:190} INFO - [2025-03-19T00:03:06.470+0000] {dag.py:4180} INFO - Setting next_dagrun for dataset_s3_bucket_consumer to None, run_after=None
[2025-03-19T00:03:06.471+0000] {logging_mixin.py:190} INFO - [2025-03-19T00:03:06.471+0000] {dag.py:4180} INFO - Setting next_dagrun for dataset_s3_bucket_producer to None, run_after=None
[2025-03-19T00:03:06.479+0000] {processor.py:208} INFO - Processing /home/airflow/.local/lib/python3.12/site-packages/airflow/example_dags/example_dataset_alias.py took 0.536 seconds
[2025-03-19T00:03:36.500+0000] {processor.py:186} INFO - Started process (PID=2580) to work on /home/airflow/.local/lib/python3.12/site-packages/airflow/example_dags/example_dataset_alias.py
[2025-03-19T00:03:36.500+0000] {processor.py:914} INFO - Processing file /home/airflow/.local/lib/python3.12/site-packages/airflow/example_dags/example_dataset_alias.py for tasks to queue
[2025-03-19T00:03:36.501+0000] {logging_mixin.py:190} INFO - [2025-03-19T00:03:36.501+0000] {dagbag.py:588} INFO - Filling up the DagBag from /home/airflow/.local/lib/python3.12/site-packages/airflow/example_dags/example_dataset_alias.py
[2025-03-19T00:03:36.832+0000] {processor.py:925} INFO - DAG(s) 'dataset_alias_example_alias_producer', 'dataset_s3_bucket_consumer', 'dataset_alias_example_alias_consumer', 'dataset_s3_bucket_producer' retrieved from /home/airflow/.local/lib/python3.12/site-packages/airflow/example_dags/example_dataset_alias.py
[2025-03-19T00:03:36.838+0000] {logging_mixin.py:190} INFO - [2025-03-19T00:03:36.838+0000] {dag.py:3239} INFO - Sync 4 DAGs
[2025-03-19T00:03:36.847+0000] {logging_mixin.py:190} INFO - [2025-03-19T00:03:36.847+0000] {dag.py:4180} INFO - Setting next_dagrun for dataset_alias_example_alias_consumer to None, run_after=None
[2025-03-19T00:03:36.848+0000] {logging_mixin.py:190} INFO - [2025-03-19T00:03:36.848+0000] {dag.py:4180} INFO - Setting next_dagrun for dataset_alias_example_alias_producer to None, run_after=None
[2025-03-19T00:03:36.849+0000] {logging_mixin.py:190} INFO - [2025-03-19T00:03:36.849+0000] {dag.py:4180} INFO - Setting next_dagrun for dataset_s3_bucket_consumer to None, run_after=None
[2025-03-19T00:03:36.849+0000] {logging_mixin.py:190} INFO - [2025-03-19T00:03:36.849+0000] {dag.py:4180} INFO - Setting next_dagrun for dataset_s3_bucket_producer to None, run_after=None
[2025-03-19T00:03:36.856+0000] {processor.py:208} INFO - Processing /home/airflow/.local/lib/python3.12/site-packages/airflow/example_dags/example_dataset_alias.py took 0.358 seconds
[2025-03-19T00:04:07.509+0000] {processor.py:186} INFO - Started process (PID=2645) to work on /home/airflow/.local/lib/python3.12/site-packages/airflow/example_dags/example_dataset_alias.py
[2025-03-19T00:04:07.510+0000] {processor.py:914} INFO - Processing file /home/airflow/.local/lib/python3.12/site-packages/airflow/example_dags/example_dataset_alias.py for tasks to queue
[2025-03-19T00:04:07.513+0000] {logging_mixin.py:190} INFO - [2025-03-19T00:04:07.513+0000] {dagbag.py:588} INFO - Filling up the DagBag from /home/airflow/.local/lib/python3.12/site-packages/airflow/example_dags/example_dataset_alias.py
[2025-03-19T00:04:08.104+0000] {processor.py:925} INFO - DAG(s) 'dataset_s3_bucket_producer', 'dataset_alias_example_alias_producer', 'dataset_s3_bucket_consumer', 'dataset_alias_example_alias_consumer' retrieved from /home/airflow/.local/lib/python3.12/site-packages/airflow/example_dags/example_dataset_alias.py
[2025-03-19T00:04:08.128+0000] {logging_mixin.py:190} INFO - [2025-03-19T00:04:08.128+0000] {dag.py:3239} INFO - Sync 4 DAGs
[2025-03-19T00:04:08.158+0000] {logging_mixin.py:190} INFO - [2025-03-19T00:04:08.157+0000] {dag.py:4180} INFO - Setting next_dagrun for dataset_alias_example_alias_consumer to None, run_after=None
[2025-03-19T00:04:08.165+0000] {logging_mixin.py:190} INFO - [2025-03-19T00:04:08.165+0000] {dag.py:4180} INFO - Setting next_dagrun for dataset_alias_example_alias_producer to None, run_after=None
[2025-03-19T00:04:08.167+0000] {logging_mixin.py:190} INFO - [2025-03-19T00:04:08.167+0000] {dag.py:4180} INFO - Setting next_dagrun for dataset_s3_bucket_consumer to None, run_after=None
[2025-03-19T00:04:08.169+0000] {logging_mixin.py:190} INFO - [2025-03-19T00:04:08.169+0000] {dag.py:4180} INFO - Setting next_dagrun for dataset_s3_bucket_producer to None, run_after=None
[2025-03-19T00:04:08.194+0000] {processor.py:208} INFO - Processing /home/airflow/.local/lib/python3.12/site-packages/airflow/example_dags/example_dataset_alias.py took 0.691 seconds
[2025-03-19T00:04:38.554+0000] {processor.py:186} INFO - Started process (PID=2717) to work on /home/airflow/.local/lib/python3.12/site-packages/airflow/example_dags/example_dataset_alias.py
[2025-03-19T00:04:38.554+0000] {processor.py:914} INFO - Processing file /home/airflow/.local/lib/python3.12/site-packages/airflow/example_dags/example_dataset_alias.py for tasks to queue
[2025-03-19T00:04:38.556+0000] {logging_mixin.py:190} INFO - [2025-03-19T00:04:38.556+0000] {dagbag.py:588} INFO - Filling up the DagBag from /home/airflow/.local/lib/python3.12/site-packages/airflow/example_dags/example_dataset_alias.py
[2025-03-19T00:04:38.853+0000] {processor.py:925} INFO - DAG(s) 'dataset_alias_example_alias_producer', 'dataset_s3_bucket_consumer', 'dataset_s3_bucket_producer', 'dataset_alias_example_alias_consumer' retrieved from /home/airflow/.local/lib/python3.12/site-packages/airflow/example_dags/example_dataset_alias.py
[2025-03-19T00:04:38.860+0000] {logging_mixin.py:190} INFO - [2025-03-19T00:04:38.860+0000] {dag.py:3239} INFO - Sync 4 DAGs
[2025-03-19T00:04:38.867+0000] {logging_mixin.py:190} INFO - [2025-03-19T00:04:38.867+0000] {dag.py:4180} INFO - Setting next_dagrun for dataset_alias_example_alias_consumer to None, run_after=None
[2025-03-19T00:04:38.867+0000] {logging_mixin.py:190} INFO - [2025-03-19T00:04:38.867+0000] {dag.py:4180} INFO - Setting next_dagrun for dataset_alias_example_alias_producer to None, run_after=None
[2025-03-19T00:04:38.868+0000] {logging_mixin.py:190} INFO - [2025-03-19T00:04:38.868+0000] {dag.py:4180} INFO - Setting next_dagrun for dataset_s3_bucket_consumer to None, run_after=None
[2025-03-19T00:04:38.869+0000] {logging_mixin.py:190} INFO - [2025-03-19T00:04:38.869+0000] {dag.py:4180} INFO - Setting next_dagrun for dataset_s3_bucket_producer to None, run_after=None
[2025-03-19T00:04:38.875+0000] {processor.py:208} INFO - Processing /home/airflow/.local/lib/python3.12/site-packages/airflow/example_dags/example_dataset_alias.py took 0.326 seconds
[2025-03-19T00:05:10.580+0000] {processor.py:186} INFO - Started process (PID=2789) to work on /home/airflow/.local/lib/python3.12/site-packages/airflow/example_dags/example_dataset_alias.py
[2025-03-19T00:05:10.581+0000] {processor.py:914} INFO - Processing file /home/airflow/.local/lib/python3.12/site-packages/airflow/example_dags/example_dataset_alias.py for tasks to queue
[2025-03-19T00:05:10.583+0000] {logging_mixin.py:190} INFO - [2025-03-19T00:05:10.583+0000] {dagbag.py:588} INFO - Filling up the DagBag from /home/airflow/.local/lib/python3.12/site-packages/airflow/example_dags/example_dataset_alias.py
[2025-03-19T00:05:11.097+0000] {processor.py:925} INFO - DAG(s) 'dataset_s3_bucket_producer', 'dataset_alias_example_alias_consumer', 'dataset_alias_example_alias_producer', 'dataset_s3_bucket_consumer' retrieved from /home/airflow/.local/lib/python3.12/site-packages/airflow/example_dags/example_dataset_alias.py
[2025-03-19T00:05:11.109+0000] {logging_mixin.py:190} INFO - [2025-03-19T00:05:11.109+0000] {dag.py:3239} INFO - Sync 4 DAGs
[2025-03-19T00:05:11.125+0000] {logging_mixin.py:190} INFO - [2025-03-19T00:05:11.125+0000] {dag.py:4180} INFO - Setting next_dagrun for dataset_alias_example_alias_consumer to None, run_after=None
[2025-03-19T00:05:11.130+0000] {logging_mixin.py:190} INFO - [2025-03-19T00:05:11.130+0000] {dag.py:4180} INFO - Setting next_dagrun for dataset_alias_example_alias_producer to None, run_after=None
[2025-03-19T00:05:11.132+0000] {logging_mixin.py:190} INFO - [2025-03-19T00:05:11.132+0000] {dag.py:4180} INFO - Setting next_dagrun for dataset_s3_bucket_consumer to None, run_after=None
[2025-03-19T00:05:11.133+0000] {logging_mixin.py:190} INFO - [2025-03-19T00:05:11.133+0000] {dag.py:4180} INFO - Setting next_dagrun for dataset_s3_bucket_producer to None, run_after=None
[2025-03-19T00:05:11.159+0000] {processor.py:208} INFO - Processing /home/airflow/.local/lib/python3.12/site-packages/airflow/example_dags/example_dataset_alias.py took 0.586 seconds
[2025-03-19T00:05:41.592+0000] {processor.py:186} INFO - Started process (PID=2861) to work on /home/airflow/.local/lib/python3.12/site-packages/airflow/example_dags/example_dataset_alias.py
[2025-03-19T00:05:41.596+0000] {processor.py:914} INFO - Processing file /home/airflow/.local/lib/python3.12/site-packages/airflow/example_dags/example_dataset_alias.py for tasks to queue
[2025-03-19T00:05:41.598+0000] {logging_mixin.py:190} INFO - [2025-03-19T00:05:41.598+0000] {dagbag.py:588} INFO - Filling up the DagBag from /home/airflow/.local/lib/python3.12/site-packages/airflow/example_dags/example_dataset_alias.py
[2025-03-19T00:05:42.082+0000] {processor.py:925} INFO - DAG(s) 'dataset_alias_example_alias_producer', 'dataset_s3_bucket_consumer', 'dataset_s3_bucket_producer', 'dataset_alias_example_alias_consumer' retrieved from /home/airflow/.local/lib/python3.12/site-packages/airflow/example_dags/example_dataset_alias.py
[2025-03-19T00:05:42.130+0000] {logging_mixin.py:190} INFO - [2025-03-19T00:05:42.130+0000] {dag.py:3239} INFO - Sync 4 DAGs
[2025-03-19T00:05:42.175+0000] {logging_mixin.py:190} INFO - [2025-03-19T00:05:42.175+0000] {dag.py:4180} INFO - Setting next_dagrun for dataset_alias_example_alias_consumer to None, run_after=None
[2025-03-19T00:05:42.184+0000] {logging_mixin.py:190} INFO - [2025-03-19T00:05:42.184+0000] {dag.py:4180} INFO - Setting next_dagrun for dataset_alias_example_alias_producer to None, run_after=None
[2025-03-19T00:05:42.187+0000] {logging_mixin.py:190} INFO - [2025-03-19T00:05:42.187+0000] {dag.py:4180} INFO - Setting next_dagrun for dataset_s3_bucket_consumer to None, run_after=None
[2025-03-19T00:05:42.190+0000] {logging_mixin.py:190} INFO - [2025-03-19T00:05:42.190+0000] {dag.py:4180} INFO - Setting next_dagrun for dataset_s3_bucket_producer to None, run_after=None
[2025-03-19T00:05:42.245+0000] {processor.py:208} INFO - Processing /home/airflow/.local/lib/python3.12/site-packages/airflow/example_dags/example_dataset_alias.py took 0.655 seconds
[2025-03-19T00:06:13.903+0000] {processor.py:186} INFO - Started process (PID=2938) to work on /home/airflow/.local/lib/python3.12/site-packages/airflow/example_dags/example_dataset_alias.py
[2025-03-19T00:06:13.911+0000] {processor.py:914} INFO - Processing file /home/airflow/.local/lib/python3.12/site-packages/airflow/example_dags/example_dataset_alias.py for tasks to queue
[2025-03-19T00:06:13.915+0000] {logging_mixin.py:190} INFO - [2025-03-19T00:06:13.915+0000] {dagbag.py:588} INFO - Filling up the DagBag from /home/airflow/.local/lib/python3.12/site-packages/airflow/example_dags/example_dataset_alias.py
[2025-03-19T00:06:14.723+0000] {processor.py:925} INFO - DAG(s) 'dataset_alias_example_alias_consumer', 'dataset_alias_example_alias_producer', 'dataset_s3_bucket_consumer', 'dataset_s3_bucket_producer' retrieved from /home/airflow/.local/lib/python3.12/site-packages/airflow/example_dags/example_dataset_alias.py
[2025-03-19T00:06:14.733+0000] {logging_mixin.py:190} INFO - [2025-03-19T00:06:14.733+0000] {dag.py:3239} INFO - Sync 4 DAGs
[2025-03-19T00:06:14.757+0000] {logging_mixin.py:190} INFO - [2025-03-19T00:06:14.756+0000] {dag.py:4180} INFO - Setting next_dagrun for dataset_alias_example_alias_consumer to None, run_after=None
[2025-03-19T00:06:14.763+0000] {logging_mixin.py:190} INFO - [2025-03-19T00:06:14.763+0000] {dag.py:4180} INFO - Setting next_dagrun for dataset_alias_example_alias_producer to None, run_after=None
[2025-03-19T00:06:14.767+0000] {logging_mixin.py:190} INFO - [2025-03-19T00:06:14.767+0000] {dag.py:4180} INFO - Setting next_dagrun for dataset_s3_bucket_consumer to None, run_after=None
[2025-03-19T00:06:14.768+0000] {logging_mixin.py:190} INFO - [2025-03-19T00:06:14.768+0000] {dag.py:4180} INFO - Setting next_dagrun for dataset_s3_bucket_producer to None, run_after=None
[2025-03-19T00:06:14.781+0000] {processor.py:208} INFO - Processing /home/airflow/.local/lib/python3.12/site-packages/airflow/example_dags/example_dataset_alias.py took 0.884 seconds
[2025-03-19T00:06:45.471+0000] {processor.py:186} INFO - Started process (PID=3011) to work on /home/airflow/.local/lib/python3.12/site-packages/airflow/example_dags/example_dataset_alias.py
[2025-03-19T00:06:45.476+0000] {processor.py:914} INFO - Processing file /home/airflow/.local/lib/python3.12/site-packages/airflow/example_dags/example_dataset_alias.py for tasks to queue
[2025-03-19T00:06:45.486+0000] {logging_mixin.py:190} INFO - [2025-03-19T00:06:45.486+0000] {dagbag.py:588} INFO - Filling up the DagBag from /home/airflow/.local/lib/python3.12/site-packages/airflow/example_dags/example_dataset_alias.py
[2025-03-19T00:06:46.501+0000] {processor.py:925} INFO - DAG(s) 'dataset_alias_example_alias_consumer', 'dataset_alias_example_alias_producer', 'dataset_s3_bucket_consumer', 'dataset_s3_bucket_producer' retrieved from /home/airflow/.local/lib/python3.12/site-packages/airflow/example_dags/example_dataset_alias.py
[2025-03-19T00:06:46.540+0000] {logging_mixin.py:190} INFO - [2025-03-19T00:06:46.540+0000] {dag.py:3239} INFO - Sync 4 DAGs
[2025-03-19T00:06:46.570+0000] {logging_mixin.py:190} INFO - [2025-03-19T00:06:46.567+0000] {dag.py:4180} INFO - Setting next_dagrun for dataset_alias_example_alias_consumer to None, run_after=None
[2025-03-19T00:06:46.589+0000] {logging_mixin.py:190} INFO - [2025-03-19T00:06:46.588+0000] {dag.py:4180} INFO - Setting next_dagrun for dataset_alias_example_alias_producer to None, run_after=None
[2025-03-19T00:06:46.595+0000] {logging_mixin.py:190} INFO - [2025-03-19T00:06:46.595+0000] {dag.py:4180} INFO - Setting next_dagrun for dataset_s3_bucket_consumer to None, run_after=None
[2025-03-19T00:06:46.596+0000] {logging_mixin.py:190} INFO - [2025-03-19T00:06:46.596+0000] {dag.py:4180} INFO - Setting next_dagrun for dataset_s3_bucket_producer to None, run_after=None
[2025-03-19T00:06:46.624+0000] {processor.py:208} INFO - Processing /home/airflow/.local/lib/python3.12/site-packages/airflow/example_dags/example_dataset_alias.py took 1.163 seconds
[2025-03-19T00:07:17.312+0000] {processor.py:186} INFO - Started process (PID=3085) to work on /home/airflow/.local/lib/python3.12/site-packages/airflow/example_dags/example_dataset_alias.py
[2025-03-19T00:07:17.312+0000] {processor.py:914} INFO - Processing file /home/airflow/.local/lib/python3.12/site-packages/airflow/example_dags/example_dataset_alias.py for tasks to queue
[2025-03-19T00:07:17.314+0000] {logging_mixin.py:190} INFO - [2025-03-19T00:07:17.313+0000] {dagbag.py:588} INFO - Filling up the DagBag from /home/airflow/.local/lib/python3.12/site-packages/airflow/example_dags/example_dataset_alias.py
[2025-03-19T00:07:17.590+0000] {processor.py:925} INFO - DAG(s) 'dataset_s3_bucket_consumer', 'dataset_alias_example_alias_consumer', 'dataset_alias_example_alias_producer', 'dataset_s3_bucket_producer' retrieved from /home/airflow/.local/lib/python3.12/site-packages/airflow/example_dags/example_dataset_alias.py
[2025-03-19T00:07:17.604+0000] {logging_mixin.py:190} INFO - [2025-03-19T00:07:17.603+0000] {dag.py:3239} INFO - Sync 4 DAGs
[2025-03-19T00:07:17.619+0000] {logging_mixin.py:190} INFO - [2025-03-19T00:07:17.619+0000] {dag.py:4180} INFO - Setting next_dagrun for dataset_alias_example_alias_consumer to None, run_after=None
[2025-03-19T00:07:17.621+0000] {logging_mixin.py:190} INFO - [2025-03-19T00:07:17.620+0000] {dag.py:4180} INFO - Setting next_dagrun for dataset_alias_example_alias_producer to None, run_after=None
[2025-03-19T00:07:17.621+0000] {logging_mixin.py:190} INFO - [2025-03-19T00:07:17.621+0000] {dag.py:4180} INFO - Setting next_dagrun for dataset_s3_bucket_consumer to None, run_after=None
[2025-03-19T00:07:17.622+0000] {logging_mixin.py:190} INFO - [2025-03-19T00:07:17.622+0000] {dag.py:4180} INFO - Setting next_dagrun for dataset_s3_bucket_producer to None, run_after=None
[2025-03-19T00:07:17.633+0000] {processor.py:208} INFO - Processing /home/airflow/.local/lib/python3.12/site-packages/airflow/example_dags/example_dataset_alias.py took 0.324 seconds
[2025-03-19T00:07:48.187+0000] {processor.py:186} INFO - Started process (PID=3157) to work on /home/airflow/.local/lib/python3.12/site-packages/airflow/example_dags/example_dataset_alias.py
[2025-03-19T00:07:48.188+0000] {processor.py:914} INFO - Processing file /home/airflow/.local/lib/python3.12/site-packages/airflow/example_dags/example_dataset_alias.py for tasks to queue
[2025-03-19T00:07:48.194+0000] {logging_mixin.py:190} INFO - [2025-03-19T00:07:48.194+0000] {dagbag.py:588} INFO - Filling up the DagBag from /home/airflow/.local/lib/python3.12/site-packages/airflow/example_dags/example_dataset_alias.py
[2025-03-19T00:07:48.663+0000] {processor.py:925} INFO - DAG(s) 'dataset_s3_bucket_producer', 'dataset_s3_bucket_consumer', 'dataset_alias_example_alias_consumer', 'dataset_alias_example_alias_producer' retrieved from /home/airflow/.local/lib/python3.12/site-packages/airflow/example_dags/example_dataset_alias.py
[2025-03-19T00:07:48.685+0000] {logging_mixin.py:190} INFO - [2025-03-19T00:07:48.684+0000] {dag.py:3239} INFO - Sync 4 DAGs
[2025-03-19T00:07:48.707+0000] {logging_mixin.py:190} INFO - [2025-03-19T00:07:48.707+0000] {dag.py:4180} INFO - Setting next_dagrun for dataset_alias_example_alias_consumer to None, run_after=None
[2025-03-19T00:07:48.709+0000] {logging_mixin.py:190} INFO - [2025-03-19T00:07:48.709+0000] {dag.py:4180} INFO - Setting next_dagrun for dataset_alias_example_alias_producer to None, run_after=None
[2025-03-19T00:07:48.711+0000] {logging_mixin.py:190} INFO - [2025-03-19T00:07:48.711+0000] {dag.py:4180} INFO - Setting next_dagrun for dataset_s3_bucket_consumer to None, run_after=None
[2025-03-19T00:07:48.713+0000] {logging_mixin.py:190} INFO - [2025-03-19T00:07:48.713+0000] {dag.py:4180} INFO - Setting next_dagrun for dataset_s3_bucket_producer to None, run_after=None
[2025-03-19T00:07:48.732+0000] {processor.py:208} INFO - Processing /home/airflow/.local/lib/python3.12/site-packages/airflow/example_dags/example_dataset_alias.py took 0.563 seconds
[2025-03-19T00:08:19.510+0000] {processor.py:186} INFO - Started process (PID=3229) to work on /home/airflow/.local/lib/python3.12/site-packages/airflow/example_dags/example_dataset_alias.py
[2025-03-19T00:08:19.511+0000] {processor.py:914} INFO - Processing file /home/airflow/.local/lib/python3.12/site-packages/airflow/example_dags/example_dataset_alias.py for tasks to queue
[2025-03-19T00:08:19.512+0000] {logging_mixin.py:190} INFO - [2025-03-19T00:08:19.512+0000] {dagbag.py:588} INFO - Filling up the DagBag from /home/airflow/.local/lib/python3.12/site-packages/airflow/example_dags/example_dataset_alias.py
[2025-03-19T00:08:19.750+0000] {processor.py:925} INFO - DAG(s) 'dataset_alias_example_alias_consumer', 'dataset_s3_bucket_producer', 'dataset_alias_example_alias_producer', 'dataset_s3_bucket_consumer' retrieved from /home/airflow/.local/lib/python3.12/site-packages/airflow/example_dags/example_dataset_alias.py
[2025-03-19T00:08:19.768+0000] {logging_mixin.py:190} INFO - [2025-03-19T00:08:19.768+0000] {dag.py:3239} INFO - Sync 4 DAGs
[2025-03-19T00:08:19.781+0000] {logging_mixin.py:190} INFO - [2025-03-19T00:08:19.781+0000] {dag.py:4180} INFO - Setting next_dagrun for dataset_alias_example_alias_consumer to None, run_after=None
[2025-03-19T00:08:19.783+0000] {logging_mixin.py:190} INFO - [2025-03-19T00:08:19.782+0000] {dag.py:4180} INFO - Setting next_dagrun for dataset_alias_example_alias_producer to None, run_after=None
[2025-03-19T00:08:19.784+0000] {logging_mixin.py:190} INFO - [2025-03-19T00:08:19.784+0000] {dag.py:4180} INFO - Setting next_dagrun for dataset_s3_bucket_consumer to None, run_after=None
[2025-03-19T00:08:19.785+0000] {logging_mixin.py:190} INFO - [2025-03-19T00:08:19.785+0000] {dag.py:4180} INFO - Setting next_dagrun for dataset_s3_bucket_producer to None, run_after=None
[2025-03-19T00:08:19.799+0000] {processor.py:208} INFO - Processing /home/airflow/.local/lib/python3.12/site-packages/airflow/example_dags/example_dataset_alias.py took 0.292 seconds
[2025-03-19T00:08:50.413+0000] {processor.py:186} INFO - Started process (PID=3301) to work on /home/airflow/.local/lib/python3.12/site-packages/airflow/example_dags/example_dataset_alias.py
[2025-03-19T00:08:50.416+0000] {processor.py:914} INFO - Processing file /home/airflow/.local/lib/python3.12/site-packages/airflow/example_dags/example_dataset_alias.py for tasks to queue
[2025-03-19T00:08:50.423+0000] {logging_mixin.py:190} INFO - [2025-03-19T00:08:50.423+0000] {dagbag.py:588} INFO - Filling up the DagBag from /home/airflow/.local/lib/python3.12/site-packages/airflow/example_dags/example_dataset_alias.py
[2025-03-19T00:08:50.846+0000] {processor.py:925} INFO - DAG(s) 'dataset_alias_example_alias_consumer', 'dataset_s3_bucket_consumer', 'dataset_s3_bucket_producer', 'dataset_alias_example_alias_producer' retrieved from /home/airflow/.local/lib/python3.12/site-packages/airflow/example_dags/example_dataset_alias.py
[2025-03-19T00:08:50.869+0000] {logging_mixin.py:190} INFO - [2025-03-19T00:08:50.868+0000] {dag.py:3239} INFO - Sync 4 DAGs
[2025-03-19T00:08:50.889+0000] {logging_mixin.py:190} INFO - [2025-03-19T00:08:50.888+0000] {dag.py:4180} INFO - Setting next_dagrun for dataset_alias_example_alias_consumer to None, run_after=None
[2025-03-19T00:08:50.890+0000] {logging_mixin.py:190} INFO - [2025-03-19T00:08:50.890+0000] {dag.py:4180} INFO - Setting next_dagrun for dataset_alias_example_alias_producer to None, run_after=None
[2025-03-19T00:08:50.891+0000] {logging_mixin.py:190} INFO - [2025-03-19T00:08:50.891+0000] {dag.py:4180} INFO - Setting next_dagrun for dataset_s3_bucket_consumer to None, run_after=None
[2025-03-19T00:08:50.892+0000] {logging_mixin.py:190} INFO - [2025-03-19T00:08:50.892+0000] {dag.py:4180} INFO - Setting next_dagrun for dataset_s3_bucket_producer to None, run_after=None
[2025-03-19T00:08:50.908+0000] {processor.py:208} INFO - Processing /home/airflow/.local/lib/python3.12/site-packages/airflow/example_dags/example_dataset_alias.py took 0.508 seconds
[2025-03-19T00:09:20.975+0000] {processor.py:186} INFO - Started process (PID=3366) to work on /home/airflow/.local/lib/python3.12/site-packages/airflow/example_dags/example_dataset_alias.py
[2025-03-19T00:09:20.977+0000] {processor.py:914} INFO - Processing file /home/airflow/.local/lib/python3.12/site-packages/airflow/example_dags/example_dataset_alias.py for tasks to queue
[2025-03-19T00:09:20.985+0000] {logging_mixin.py:190} INFO - [2025-03-19T00:09:20.984+0000] {dagbag.py:588} INFO - Filling up the DagBag from /home/airflow/.local/lib/python3.12/site-packages/airflow/example_dags/example_dataset_alias.py
[2025-03-19T00:09:21.540+0000] {processor.py:925} INFO - DAG(s) 'dataset_alias_example_alias_consumer', 'dataset_alias_example_alias_producer', 'dataset_s3_bucket_consumer', 'dataset_s3_bucket_producer' retrieved from /home/airflow/.local/lib/python3.12/site-packages/airflow/example_dags/example_dataset_alias.py
[2025-03-19T00:09:21.596+0000] {logging_mixin.py:190} INFO - [2025-03-19T00:09:21.596+0000] {dag.py:3239} INFO - Sync 4 DAGs
[2025-03-19T00:09:21.652+0000] {logging_mixin.py:190} INFO - [2025-03-19T00:09:21.652+0000] {dag.py:4180} INFO - Setting next_dagrun for dataset_alias_example_alias_consumer to None, run_after=None
[2025-03-19T00:09:21.664+0000] {logging_mixin.py:190} INFO - [2025-03-19T00:09:21.663+0000] {dag.py:4180} INFO - Setting next_dagrun for dataset_alias_example_alias_producer to None, run_after=None
[2025-03-19T00:09:21.671+0000] {logging_mixin.py:190} INFO - [2025-03-19T00:09:21.671+0000] {dag.py:4180} INFO - Setting next_dagrun for dataset_s3_bucket_consumer to None, run_after=None
[2025-03-19T00:09:21.672+0000] {logging_mixin.py:190} INFO - [2025-03-19T00:09:21.672+0000] {dag.py:4180} INFO - Setting next_dagrun for dataset_s3_bucket_producer to None, run_after=None
[2025-03-19T00:09:21.708+0000] {processor.py:208} INFO - Processing /home/airflow/.local/lib/python3.12/site-packages/airflow/example_dags/example_dataset_alias.py took 0.745 seconds
[2025-03-19T00:09:51.794+0000] {processor.py:186} INFO - Started process (PID=3441) to work on /home/airflow/.local/lib/python3.12/site-packages/airflow/example_dags/example_dataset_alias.py
[2025-03-19T00:09:51.795+0000] {processor.py:914} INFO - Processing file /home/airflow/.local/lib/python3.12/site-packages/airflow/example_dags/example_dataset_alias.py for tasks to queue
[2025-03-19T00:09:51.799+0000] {logging_mixin.py:190} INFO - [2025-03-19T00:09:51.798+0000] {dagbag.py:588} INFO - Filling up the DagBag from /home/airflow/.local/lib/python3.12/site-packages/airflow/example_dags/example_dataset_alias.py
[2025-03-19T00:09:52.059+0000] {processor.py:925} INFO - DAG(s) 'dataset_s3_bucket_producer', 'dataset_alias_example_alias_consumer', 'dataset_alias_example_alias_producer', 'dataset_s3_bucket_consumer' retrieved from /home/airflow/.local/lib/python3.12/site-packages/airflow/example_dags/example_dataset_alias.py
[2025-03-19T00:09:52.070+0000] {logging_mixin.py:190} INFO - [2025-03-19T00:09:52.070+0000] {dag.py:3239} INFO - Sync 4 DAGs
[2025-03-19T00:09:52.082+0000] {logging_mixin.py:190} INFO - [2025-03-19T00:09:52.082+0000] {dag.py:4180} INFO - Setting next_dagrun for dataset_alias_example_alias_consumer to None, run_after=None
[2025-03-19T00:09:52.083+0000] {logging_mixin.py:190} INFO - [2025-03-19T00:09:52.083+0000] {dag.py:4180} INFO - Setting next_dagrun for dataset_alias_example_alias_producer to None, run_after=None
[2025-03-19T00:09:52.084+0000] {logging_mixin.py:190} INFO - [2025-03-19T00:09:52.084+0000] {dag.py:4180} INFO - Setting next_dagrun for dataset_s3_bucket_consumer to None, run_after=None
[2025-03-19T00:09:52.085+0000] {logging_mixin.py:190} INFO - [2025-03-19T00:09:52.084+0000] {dag.py:4180} INFO - Setting next_dagrun for dataset_s3_bucket_producer to None, run_after=None
[2025-03-19T00:09:52.094+0000] {processor.py:208} INFO - Processing /home/airflow/.local/lib/python3.12/site-packages/airflow/example_dags/example_dataset_alias.py took 0.304 seconds
[2025-03-19T00:10:22.738+0000] {processor.py:186} INFO - Started process (PID=3510) to work on /home/airflow/.local/lib/python3.12/site-packages/airflow/example_dags/example_dataset_alias.py
[2025-03-19T00:10:22.744+0000] {processor.py:914} INFO - Processing file /home/airflow/.local/lib/python3.12/site-packages/airflow/example_dags/example_dataset_alias.py for tasks to queue
[2025-03-19T00:10:22.748+0000] {logging_mixin.py:190} INFO - [2025-03-19T00:10:22.748+0000] {dagbag.py:588} INFO - Filling up the DagBag from /home/airflow/.local/lib/python3.12/site-packages/airflow/example_dags/example_dataset_alias.py
[2025-03-19T00:10:23.403+0000] {processor.py:925} INFO - DAG(s) 'dataset_s3_bucket_producer', 'dataset_alias_example_alias_producer', 'dataset_s3_bucket_consumer', 'dataset_alias_example_alias_consumer' retrieved from /home/airflow/.local/lib/python3.12/site-packages/airflow/example_dags/example_dataset_alias.py
[2025-03-19T00:10:23.425+0000] {logging_mixin.py:190} INFO - [2025-03-19T00:10:23.425+0000] {dag.py:3239} INFO - Sync 4 DAGs
[2025-03-19T00:10:23.463+0000] {logging_mixin.py:190} INFO - [2025-03-19T00:10:23.463+0000] {dag.py:4180} INFO - Setting next_dagrun for dataset_alias_example_alias_consumer to None, run_after=None
[2025-03-19T00:10:23.468+0000] {logging_mixin.py:190} INFO - [2025-03-19T00:10:23.468+0000] {dag.py:4180} INFO - Setting next_dagrun for dataset_alias_example_alias_producer to None, run_after=None
[2025-03-19T00:10:23.475+0000] {logging_mixin.py:190} INFO - [2025-03-19T00:10:23.475+0000] {dag.py:4180} INFO - Setting next_dagrun for dataset_s3_bucket_consumer to None, run_after=None
[2025-03-19T00:10:23.477+0000] {logging_mixin.py:190} INFO - [2025-03-19T00:10:23.477+0000] {dag.py:4180} INFO - Setting next_dagrun for dataset_s3_bucket_producer to None, run_after=None
[2025-03-19T00:10:23.508+0000] {processor.py:208} INFO - Processing /home/airflow/.local/lib/python3.12/site-packages/airflow/example_dags/example_dataset_alias.py took 0.784 seconds
[2025-03-19T00:10:53.899+0000] {processor.py:186} INFO - Started process (PID=3582) to work on /home/airflow/.local/lib/python3.12/site-packages/airflow/example_dags/example_dataset_alias.py
[2025-03-19T00:10:53.900+0000] {processor.py:914} INFO - Processing file /home/airflow/.local/lib/python3.12/site-packages/airflow/example_dags/example_dataset_alias.py for tasks to queue
[2025-03-19T00:10:53.901+0000] {logging_mixin.py:190} INFO - [2025-03-19T00:10:53.900+0000] {dagbag.py:588} INFO - Filling up the DagBag from /home/airflow/.local/lib/python3.12/site-packages/airflow/example_dags/example_dataset_alias.py
[2025-03-19T00:10:54.073+0000] {processor.py:925} INFO - DAG(s) 'dataset_alias_example_alias_consumer', 'dataset_s3_bucket_producer', 'dataset_alias_example_alias_producer', 'dataset_s3_bucket_consumer' retrieved from /home/airflow/.local/lib/python3.12/site-packages/airflow/example_dags/example_dataset_alias.py
[2025-03-19T00:10:54.086+0000] {logging_mixin.py:190} INFO - [2025-03-19T00:10:54.085+0000] {dag.py:3239} INFO - Sync 4 DAGs
[2025-03-19T00:10:54.097+0000] {logging_mixin.py:190} INFO - [2025-03-19T00:10:54.097+0000] {dag.py:4180} INFO - Setting next_dagrun for dataset_alias_example_alias_consumer to None, run_after=None
[2025-03-19T00:10:54.101+0000] {logging_mixin.py:190} INFO - [2025-03-19T00:10:54.101+0000] {dag.py:4180} INFO - Setting next_dagrun for dataset_alias_example_alias_producer to None, run_after=None
[2025-03-19T00:10:54.104+0000] {logging_mixin.py:190} INFO - [2025-03-19T00:10:54.103+0000] {dag.py:4180} INFO - Setting next_dagrun for dataset_s3_bucket_consumer to None, run_after=None
[2025-03-19T00:10:54.105+0000] {logging_mixin.py:190} INFO - [2025-03-19T00:10:54.105+0000] {dag.py:4180} INFO - Setting next_dagrun for dataset_s3_bucket_producer to None, run_after=None
[2025-03-19T00:10:54.134+0000] {processor.py:208} INFO - Processing /home/airflow/.local/lib/python3.12/site-packages/airflow/example_dags/example_dataset_alias.py took 0.237 seconds
[2025-03-19T00:11:56.033+0000] {processor.py:186} INFO - Started process (PID=3728) to work on /home/airflow/.local/lib/python3.12/site-packages/airflow/example_dags/example_dataset_alias.py
[2025-03-19T00:11:56.035+0000] {processor.py:914} INFO - Processing file /home/airflow/.local/lib/python3.12/site-packages/airflow/example_dags/example_dataset_alias.py for tasks to queue
[2025-03-19T00:11:56.036+0000] {logging_mixin.py:190} INFO - [2025-03-19T00:11:56.036+0000] {dagbag.py:588} INFO - Filling up the DagBag from /home/airflow/.local/lib/python3.12/site-packages/airflow/example_dags/example_dataset_alias.py
[2025-03-19T00:11:56.217+0000] {processor.py:925} INFO - DAG(s) 'dataset_alias_example_alias_consumer', 'dataset_s3_bucket_consumer', 'dataset_alias_example_alias_producer', 'dataset_s3_bucket_producer' retrieved from /home/airflow/.local/lib/python3.12/site-packages/airflow/example_dags/example_dataset_alias.py
[2025-03-19T00:11:56.226+0000] {logging_mixin.py:190} INFO - [2025-03-19T00:11:56.225+0000] {dag.py:3239} INFO - Sync 4 DAGs
[2025-03-19T00:11:56.236+0000] {logging_mixin.py:190} INFO - [2025-03-19T00:11:56.236+0000] {dag.py:4180} INFO - Setting next_dagrun for dataset_alias_example_alias_consumer to None, run_after=None
[2025-03-19T00:11:56.237+0000] {logging_mixin.py:190} INFO - [2025-03-19T00:11:56.237+0000] {dag.py:4180} INFO - Setting next_dagrun for dataset_alias_example_alias_producer to None, run_after=None
[2025-03-19T00:11:56.238+0000] {logging_mixin.py:190} INFO - [2025-03-19T00:11:56.238+0000] {dag.py:4180} INFO - Setting next_dagrun for dataset_s3_bucket_consumer to None, run_after=None
[2025-03-19T00:11:56.238+0000] {logging_mixin.py:190} INFO - [2025-03-19T00:11:56.238+0000] {dag.py:4180} INFO - Setting next_dagrun for dataset_s3_bucket_producer to None, run_after=None
[2025-03-19T00:11:56.246+0000] {processor.py:208} INFO - Processing /home/airflow/.local/lib/python3.12/site-packages/airflow/example_dags/example_dataset_alias.py took 0.220 seconds
[2025-03-19T00:12:26.308+0000] {processor.py:186} INFO - Started process (PID=3800) to work on /home/airflow/.local/lib/python3.12/site-packages/airflow/example_dags/example_dataset_alias.py
[2025-03-19T00:12:26.309+0000] {processor.py:914} INFO - Processing file /home/airflow/.local/lib/python3.12/site-packages/airflow/example_dags/example_dataset_alias.py for tasks to queue
[2025-03-19T00:12:26.311+0000] {logging_mixin.py:190} INFO - [2025-03-19T00:12:26.310+0000] {dagbag.py:588} INFO - Filling up the DagBag from /home/airflow/.local/lib/python3.12/site-packages/airflow/example_dags/example_dataset_alias.py
[2025-03-19T00:12:26.531+0000] {processor.py:925} INFO - DAG(s) 'dataset_s3_bucket_consumer', 'dataset_s3_bucket_producer', 'dataset_alias_example_alias_consumer', 'dataset_alias_example_alias_producer' retrieved from /home/airflow/.local/lib/python3.12/site-packages/airflow/example_dags/example_dataset_alias.py
[2025-03-19T00:12:26.538+0000] {logging_mixin.py:190} INFO - [2025-03-19T00:12:26.538+0000] {dag.py:3239} INFO - Sync 4 DAGs
[2025-03-19T00:12:26.549+0000] {logging_mixin.py:190} INFO - [2025-03-19T00:12:26.548+0000] {dag.py:4180} INFO - Setting next_dagrun for dataset_alias_example_alias_consumer to None, run_after=None
[2025-03-19T00:12:26.550+0000] {logging_mixin.py:190} INFO - [2025-03-19T00:12:26.549+0000] {dag.py:4180} INFO - Setting next_dagrun for dataset_alias_example_alias_producer to None, run_after=None
[2025-03-19T00:12:26.550+0000] {logging_mixin.py:190} INFO - [2025-03-19T00:12:26.550+0000] {dag.py:4180} INFO - Setting next_dagrun for dataset_s3_bucket_consumer to None, run_after=None
[2025-03-19T00:12:26.551+0000] {logging_mixin.py:190} INFO - [2025-03-19T00:12:26.551+0000] {dag.py:4180} INFO - Setting next_dagrun for dataset_s3_bucket_producer to None, run_after=None
[2025-03-19T00:12:26.561+0000] {processor.py:208} INFO - Processing /home/airflow/.local/lib/python3.12/site-packages/airflow/example_dags/example_dataset_alias.py took 0.257 seconds
[2025-03-19T00:12:56.604+0000] {processor.py:186} INFO - Started process (PID=3879) to work on /home/airflow/.local/lib/python3.12/site-packages/airflow/example_dags/example_dataset_alias.py
[2025-03-19T00:12:56.605+0000] {processor.py:914} INFO - Processing file /home/airflow/.local/lib/python3.12/site-packages/airflow/example_dags/example_dataset_alias.py for tasks to queue
[2025-03-19T00:12:56.606+0000] {logging_mixin.py:190} INFO - [2025-03-19T00:12:56.606+0000] {dagbag.py:588} INFO - Filling up the DagBag from /home/airflow/.local/lib/python3.12/site-packages/airflow/example_dags/example_dataset_alias.py
[2025-03-19T00:12:56.787+0000] {processor.py:925} INFO - DAG(s) 'dataset_alias_example_alias_producer', 'dataset_s3_bucket_producer', 'dataset_alias_example_alias_consumer', 'dataset_s3_bucket_consumer' retrieved from /home/airflow/.local/lib/python3.12/site-packages/airflow/example_dags/example_dataset_alias.py
[2025-03-19T00:12:56.795+0000] {logging_mixin.py:190} INFO - [2025-03-19T00:12:56.794+0000] {dag.py:3239} INFO - Sync 4 DAGs
[2025-03-19T00:12:56.805+0000] {logging_mixin.py:190} INFO - [2025-03-19T00:12:56.805+0000] {dag.py:4180} INFO - Setting next_dagrun for dataset_alias_example_alias_consumer to None, run_after=None
[2025-03-19T00:12:56.806+0000] {logging_mixin.py:190} INFO - [2025-03-19T00:12:56.806+0000] {dag.py:4180} INFO - Setting next_dagrun for dataset_alias_example_alias_producer to None, run_after=None
[2025-03-19T00:12:56.806+0000] {logging_mixin.py:190} INFO - [2025-03-19T00:12:56.806+0000] {dag.py:4180} INFO - Setting next_dagrun for dataset_s3_bucket_consumer to None, run_after=None
[2025-03-19T00:12:56.807+0000] {logging_mixin.py:190} INFO - [2025-03-19T00:12:56.807+0000] {dag.py:4180} INFO - Setting next_dagrun for dataset_s3_bucket_producer to None, run_after=None
[2025-03-19T00:12:56.814+0000] {processor.py:208} INFO - Processing /home/airflow/.local/lib/python3.12/site-packages/airflow/example_dags/example_dataset_alias.py took 0.213 seconds
[2025-03-19T00:13:27.496+0000] {processor.py:186} INFO - Started process (PID=3944) to work on /home/airflow/.local/lib/python3.12/site-packages/airflow/example_dags/example_dataset_alias.py
[2025-03-19T00:13:27.497+0000] {processor.py:914} INFO - Processing file /home/airflow/.local/lib/python3.12/site-packages/airflow/example_dags/example_dataset_alias.py for tasks to queue
[2025-03-19T00:13:27.500+0000] {logging_mixin.py:190} INFO - [2025-03-19T00:13:27.499+0000] {dagbag.py:588} INFO - Filling up the DagBag from /home/airflow/.local/lib/python3.12/site-packages/airflow/example_dags/example_dataset_alias.py
[2025-03-19T00:13:27.856+0000] {processor.py:925} INFO - DAG(s) 'dataset_s3_bucket_consumer', 'dataset_alias_example_alias_producer', 'dataset_alias_example_alias_consumer', 'dataset_s3_bucket_producer' retrieved from /home/airflow/.local/lib/python3.12/site-packages/airflow/example_dags/example_dataset_alias.py
[2025-03-19T00:13:27.891+0000] {logging_mixin.py:190} INFO - [2025-03-19T00:13:27.890+0000] {dag.py:3239} INFO - Sync 4 DAGs
[2025-03-19T00:13:27.938+0000] {logging_mixin.py:190} INFO - [2025-03-19T00:13:27.938+0000] {dag.py:4180} INFO - Setting next_dagrun for dataset_alias_example_alias_consumer to None, run_after=None
[2025-03-19T00:13:27.945+0000] {logging_mixin.py:190} INFO - [2025-03-19T00:13:27.945+0000] {dag.py:4180} INFO - Setting next_dagrun for dataset_alias_example_alias_producer to None, run_after=None
[2025-03-19T00:13:27.948+0000] {logging_mixin.py:190} INFO - [2025-03-19T00:13:27.948+0000] {dag.py:4180} INFO - Setting next_dagrun for dataset_s3_bucket_consumer to None, run_after=None
[2025-03-19T00:13:27.951+0000] {logging_mixin.py:190} INFO - [2025-03-19T00:13:27.950+0000] {dag.py:4180} INFO - Setting next_dagrun for dataset_s3_bucket_producer to None, run_after=None
[2025-03-19T00:13:27.975+0000] {processor.py:208} INFO - Processing /home/airflow/.local/lib/python3.12/site-packages/airflow/example_dags/example_dataset_alias.py took 0.483 seconds
[2025-03-19T00:13:58.585+0000] {processor.py:186} INFO - Started process (PID=4022) to work on /home/airflow/.local/lib/python3.12/site-packages/airflow/example_dags/example_dataset_alias.py
[2025-03-19T00:13:58.586+0000] {processor.py:914} INFO - Processing file /home/airflow/.local/lib/python3.12/site-packages/airflow/example_dags/example_dataset_alias.py for tasks to queue
[2025-03-19T00:13:58.589+0000] {logging_mixin.py:190} INFO - [2025-03-19T00:13:58.588+0000] {dagbag.py:588} INFO - Filling up the DagBag from /home/airflow/.local/lib/python3.12/site-packages/airflow/example_dags/example_dataset_alias.py
[2025-03-19T00:13:58.857+0000] {processor.py:925} INFO - DAG(s) 'dataset_s3_bucket_producer', 'dataset_alias_example_alias_consumer', 'dataset_alias_example_alias_producer', 'dataset_s3_bucket_consumer' retrieved from /home/airflow/.local/lib/python3.12/site-packages/airflow/example_dags/example_dataset_alias.py
[2025-03-19T00:13:58.867+0000] {logging_mixin.py:190} INFO - [2025-03-19T00:13:58.867+0000] {dag.py:3239} INFO - Sync 4 DAGs
[2025-03-19T00:13:58.879+0000] {logging_mixin.py:190} INFO - [2025-03-19T00:13:58.879+0000] {dag.py:4180} INFO - Setting next_dagrun for dataset_alias_example_alias_consumer to None, run_after=None
[2025-03-19T00:13:58.880+0000] {logging_mixin.py:190} INFO - [2025-03-19T00:13:58.880+0000] {dag.py:4180} INFO - Setting next_dagrun for dataset_alias_example_alias_producer to None, run_after=None
[2025-03-19T00:13:58.881+0000] {logging_mixin.py:190} INFO - [2025-03-19T00:13:58.881+0000] {dag.py:4180} INFO - Setting next_dagrun for dataset_s3_bucket_consumer to None, run_after=None
[2025-03-19T00:13:58.882+0000] {logging_mixin.py:190} INFO - [2025-03-19T00:13:58.882+0000] {dag.py:4180} INFO - Setting next_dagrun for dataset_s3_bucket_producer to None, run_after=None
[2025-03-19T00:13:58.891+0000] {processor.py:208} INFO - Processing /home/airflow/.local/lib/python3.12/site-packages/airflow/example_dags/example_dataset_alias.py took 0.310 seconds
[2025-03-19T00:14:29.530+0000] {processor.py:186} INFO - Started process (PID=4095) to work on /home/airflow/.local/lib/python3.12/site-packages/airflow/example_dags/example_dataset_alias.py
[2025-03-19T00:14:29.640+0000] {processor.py:914} INFO - Processing file /home/airflow/.local/lib/python3.12/site-packages/airflow/example_dags/example_dataset_alias.py for tasks to queue
[2025-03-19T00:14:29.654+0000] {logging_mixin.py:190} INFO - [2025-03-19T00:14:29.653+0000] {dagbag.py:588} INFO - Filling up the DagBag from /home/airflow/.local/lib/python3.12/site-packages/airflow/example_dags/example_dataset_alias.py
[2025-03-19T00:14:30.250+0000] {processor.py:925} INFO - DAG(s) 'dataset_alias_example_alias_producer', 'dataset_alias_example_alias_consumer', 'dataset_s3_bucket_producer', 'dataset_s3_bucket_consumer' retrieved from /home/airflow/.local/lib/python3.12/site-packages/airflow/example_dags/example_dataset_alias.py
[2025-03-19T00:14:30.290+0000] {logging_mixin.py:190} INFO - [2025-03-19T00:14:30.289+0000] {dag.py:3239} INFO - Sync 4 DAGs
[2025-03-19T00:14:30.350+0000] {logging_mixin.py:190} INFO - [2025-03-19T00:14:30.350+0000] {dag.py:4180} INFO - Setting next_dagrun for dataset_alias_example_alias_consumer to None, run_after=None
[2025-03-19T00:14:30.355+0000] {logging_mixin.py:190} INFO - [2025-03-19T00:14:30.355+0000] {dag.py:4180} INFO - Setting next_dagrun for dataset_alias_example_alias_producer to None, run_after=None
[2025-03-19T00:14:30.362+0000] {logging_mixin.py:190} INFO - [2025-03-19T00:14:30.361+0000] {dag.py:4180} INFO - Setting next_dagrun for dataset_s3_bucket_consumer to None, run_after=None
[2025-03-19T00:14:30.363+0000] {logging_mixin.py:190} INFO - [2025-03-19T00:14:30.362+0000] {dag.py:4180} INFO - Setting next_dagrun for dataset_s3_bucket_producer to None, run_after=None
[2025-03-19T00:14:30.403+0000] {processor.py:208} INFO - Processing /home/airflow/.local/lib/python3.12/site-packages/airflow/example_dags/example_dataset_alias.py took 0.878 seconds
[2025-03-19T00:15:01.282+0000] {processor.py:186} INFO - Started process (PID=4167) to work on /home/airflow/.local/lib/python3.12/site-packages/airflow/example_dags/example_dataset_alias.py
[2025-03-19T00:15:01.299+0000] {processor.py:914} INFO - Processing file /home/airflow/.local/lib/python3.12/site-packages/airflow/example_dags/example_dataset_alias.py for tasks to queue
[2025-03-19T00:15:01.316+0000] {logging_mixin.py:190} INFO - [2025-03-19T00:15:01.315+0000] {dagbag.py:588} INFO - Filling up the DagBag from /home/airflow/.local/lib/python3.12/site-packages/airflow/example_dags/example_dataset_alias.py
[2025-03-19T00:15:02.145+0000] {processor.py:925} INFO - DAG(s) 'dataset_alias_example_alias_producer', 'dataset_s3_bucket_consumer', 'dataset_alias_example_alias_consumer', 'dataset_s3_bucket_producer' retrieved from /home/airflow/.local/lib/python3.12/site-packages/airflow/example_dags/example_dataset_alias.py
[2025-03-19T00:15:02.221+0000] {logging_mixin.py:190} INFO - [2025-03-19T00:15:02.220+0000] {dag.py:3239} INFO - Sync 4 DAGs
[2025-03-19T00:15:02.254+0000] {logging_mixin.py:190} INFO - [2025-03-19T00:15:02.253+0000] {dag.py:4180} INFO - Setting next_dagrun for dataset_alias_example_alias_consumer to None, run_after=None
[2025-03-19T00:15:02.272+0000] {logging_mixin.py:190} INFO - [2025-03-19T00:15:02.272+0000] {dag.py:4180} INFO - Setting next_dagrun for dataset_alias_example_alias_producer to None, run_after=None
[2025-03-19T00:15:02.294+0000] {logging_mixin.py:190} INFO - [2025-03-19T00:15:02.294+0000] {dag.py:4180} INFO - Setting next_dagrun for dataset_s3_bucket_consumer to None, run_after=None
[2025-03-19T00:15:02.316+0000] {logging_mixin.py:190} INFO - [2025-03-19T00:15:02.315+0000] {dag.py:4180} INFO - Setting next_dagrun for dataset_s3_bucket_producer to None, run_after=None
[2025-03-19T00:15:02.369+0000] {processor.py:208} INFO - Processing /home/airflow/.local/lib/python3.12/site-packages/airflow/example_dags/example_dataset_alias.py took 1.109 seconds
[2025-03-19T00:15:32.474+0000] {processor.py:186} INFO - Started process (PID=4244) to work on /home/airflow/.local/lib/python3.12/site-packages/airflow/example_dags/example_dataset_alias.py
[2025-03-19T00:15:32.476+0000] {processor.py:914} INFO - Processing file /home/airflow/.local/lib/python3.12/site-packages/airflow/example_dags/example_dataset_alias.py for tasks to queue
[2025-03-19T00:15:32.479+0000] {logging_mixin.py:190} INFO - [2025-03-19T00:15:32.479+0000] {dagbag.py:588} INFO - Filling up the DagBag from /home/airflow/.local/lib/python3.12/site-packages/airflow/example_dags/example_dataset_alias.py
[2025-03-19T00:15:33.260+0000] {processor.py:925} INFO - DAG(s) 'dataset_s3_bucket_producer', 'dataset_alias_example_alias_producer', 'dataset_alias_example_alias_consumer', 'dataset_s3_bucket_consumer' retrieved from /home/airflow/.local/lib/python3.12/site-packages/airflow/example_dags/example_dataset_alias.py
[2025-03-19T00:15:33.295+0000] {logging_mixin.py:190} INFO - [2025-03-19T00:15:33.294+0000] {dag.py:3239} INFO - Sync 4 DAGs
[2025-03-19T00:15:33.405+0000] {logging_mixin.py:190} INFO - [2025-03-19T00:15:33.405+0000] {dag.py:4180} INFO - Setting next_dagrun for dataset_alias_example_alias_consumer to None, run_after=None
[2025-03-19T00:15:33.432+0000] {logging_mixin.py:190} INFO - [2025-03-19T00:15:33.432+0000] {dag.py:4180} INFO - Setting next_dagrun for dataset_alias_example_alias_producer to None, run_after=None
[2025-03-19T00:15:34.506+0000] {logging_mixin.py:190} INFO - [2025-03-19T00:15:34.502+0000] {dag.py:4180} INFO - Setting next_dagrun for dataset_s3_bucket_consumer to None, run_after=None
[2025-03-19T00:15:34.515+0000] {logging_mixin.py:190} INFO - [2025-03-19T00:15:34.515+0000] {dag.py:4180} INFO - Setting next_dagrun for dataset_s3_bucket_producer to None, run_after=None
[2025-03-19T00:15:34.627+0000] {processor.py:208} INFO - Processing /home/airflow/.local/lib/python3.12/site-packages/airflow/example_dags/example_dataset_alias.py took 2.158 seconds
[2025-03-19T00:16:05.209+0000] {processor.py:186} INFO - Started process (PID=4315) to work on /home/airflow/.local/lib/python3.12/site-packages/airflow/example_dags/example_dataset_alias.py
[2025-03-19T00:16:05.214+0000] {processor.py:914} INFO - Processing file /home/airflow/.local/lib/python3.12/site-packages/airflow/example_dags/example_dataset_alias.py for tasks to queue
[2025-03-19T00:16:05.219+0000] {logging_mixin.py:190} INFO - [2025-03-19T00:16:05.219+0000] {dagbag.py:588} INFO - Filling up the DagBag from /home/airflow/.local/lib/python3.12/site-packages/airflow/example_dags/example_dataset_alias.py
[2025-03-19T00:16:06.149+0000] {processor.py:925} INFO - DAG(s) 'dataset_s3_bucket_producer', 'dataset_alias_example_alias_producer', 'dataset_alias_example_alias_consumer', 'dataset_s3_bucket_consumer' retrieved from /home/airflow/.local/lib/python3.12/site-packages/airflow/example_dags/example_dataset_alias.py
[2025-03-19T00:16:06.209+0000] {logging_mixin.py:190} INFO - [2025-03-19T00:16:06.208+0000] {dag.py:3239} INFO - Sync 4 DAGs
[2025-03-19T00:16:06.976+0000] {logging_mixin.py:190} INFO - [2025-03-19T00:16:06.976+0000] {dag.py:4180} INFO - Setting next_dagrun for dataset_alias_example_alias_consumer to None, run_after=None
[2025-03-19T00:16:06.978+0000] {logging_mixin.py:190} INFO - [2025-03-19T00:16:06.978+0000] {dag.py:4180} INFO - Setting next_dagrun for dataset_alias_example_alias_producer to None, run_after=None
[2025-03-19T00:16:06.979+0000] {logging_mixin.py:190} INFO - [2025-03-19T00:16:06.979+0000] {dag.py:4180} INFO - Setting next_dagrun for dataset_s3_bucket_consumer to None, run_after=None
[2025-03-19T00:16:06.980+0000] {logging_mixin.py:190} INFO - [2025-03-19T00:16:06.980+0000] {dag.py:4180} INFO - Setting next_dagrun for dataset_s3_bucket_producer to None, run_after=None
[2025-03-19T00:16:07.001+0000] {processor.py:208} INFO - Processing /home/airflow/.local/lib/python3.12/site-packages/airflow/example_dags/example_dataset_alias.py took 1.805 seconds
[2025-03-19T00:16:38.484+0000] {processor.py:186} INFO - Started process (PID=4390) to work on /home/airflow/.local/lib/python3.12/site-packages/airflow/example_dags/example_dataset_alias.py
[2025-03-19T00:16:38.486+0000] {processor.py:914} INFO - Processing file /home/airflow/.local/lib/python3.12/site-packages/airflow/example_dags/example_dataset_alias.py for tasks to queue
[2025-03-19T00:16:38.492+0000] {logging_mixin.py:190} INFO - [2025-03-19T00:16:38.491+0000] {dagbag.py:588} INFO - Filling up the DagBag from /home/airflow/.local/lib/python3.12/site-packages/airflow/example_dags/example_dataset_alias.py
[2025-03-19T00:16:39.280+0000] {processor.py:925} INFO - DAG(s) 'dataset_s3_bucket_consumer', 'dataset_alias_example_alias_producer', 'dataset_s3_bucket_producer', 'dataset_alias_example_alias_consumer' retrieved from /home/airflow/.local/lib/python3.12/site-packages/airflow/example_dags/example_dataset_alias.py
[2025-03-19T00:16:39.367+0000] {logging_mixin.py:190} INFO - [2025-03-19T00:16:39.366+0000] {dag.py:3239} INFO - Sync 4 DAGs
[2025-03-19T00:16:39.908+0000] {logging_mixin.py:190} INFO - [2025-03-19T00:16:39.908+0000] {dag.py:4180} INFO - Setting next_dagrun for dataset_alias_example_alias_consumer to None, run_after=None
[2025-03-19T00:16:39.914+0000] {logging_mixin.py:190} INFO - [2025-03-19T00:16:39.914+0000] {dag.py:4180} INFO - Setting next_dagrun for dataset_alias_example_alias_producer to None, run_after=None
[2025-03-19T00:16:39.916+0000] {logging_mixin.py:190} INFO - [2025-03-19T00:16:39.916+0000] {dag.py:4180} INFO - Setting next_dagrun for dataset_s3_bucket_consumer to None, run_after=None
[2025-03-19T00:16:39.919+0000] {logging_mixin.py:190} INFO - [2025-03-19T00:16:39.918+0000] {dag.py:4180} INFO - Setting next_dagrun for dataset_s3_bucket_producer to None, run_after=None
[2025-03-19T00:16:39.941+0000] {processor.py:208} INFO - Processing /home/airflow/.local/lib/python3.12/site-packages/airflow/example_dags/example_dataset_alias.py took 1.470 seconds
[2025-03-19T00:17:10.519+0000] {processor.py:186} INFO - Started process (PID=4466) to work on /home/airflow/.local/lib/python3.12/site-packages/airflow/example_dags/example_dataset_alias.py
[2025-03-19T00:17:10.527+0000] {processor.py:914} INFO - Processing file /home/airflow/.local/lib/python3.12/site-packages/airflow/example_dags/example_dataset_alias.py for tasks to queue
[2025-03-19T00:17:10.533+0000] {logging_mixin.py:190} INFO - [2025-03-19T00:17:10.532+0000] {dagbag.py:588} INFO - Filling up the DagBag from /home/airflow/.local/lib/python3.12/site-packages/airflow/example_dags/example_dataset_alias.py
[2025-03-19T00:17:11.128+0000] {processor.py:925} INFO - DAG(s) 'dataset_alias_example_alias_consumer', 'dataset_s3_bucket_consumer', 'dataset_alias_example_alias_producer', 'dataset_s3_bucket_producer' retrieved from /home/airflow/.local/lib/python3.12/site-packages/airflow/example_dags/example_dataset_alias.py
[2025-03-19T00:17:11.801+0000] {logging_mixin.py:190} INFO - [2025-03-19T00:17:11.800+0000] {dag.py:3239} INFO - Sync 4 DAGs
[2025-03-19T00:17:11.822+0000] {logging_mixin.py:190} INFO - [2025-03-19T00:17:11.822+0000] {dag.py:4180} INFO - Setting next_dagrun for dataset_alias_example_alias_consumer to None, run_after=None
[2025-03-19T00:17:11.836+0000] {logging_mixin.py:190} INFO - [2025-03-19T00:17:11.836+0000] {dag.py:4180} INFO - Setting next_dagrun for dataset_alias_example_alias_producer to None, run_after=None
[2025-03-19T00:17:11.842+0000] {logging_mixin.py:190} INFO - [2025-03-19T00:17:11.841+0000] {dag.py:4180} INFO - Setting next_dagrun for dataset_s3_bucket_consumer to None, run_after=None
[2025-03-19T00:17:11.844+0000] {logging_mixin.py:190} INFO - [2025-03-19T00:17:11.844+0000] {dag.py:4180} INFO - Setting next_dagrun for dataset_s3_bucket_producer to None, run_after=None
[2025-03-19T00:17:11.873+0000] {processor.py:208} INFO - Processing /home/airflow/.local/lib/python3.12/site-packages/airflow/example_dags/example_dataset_alias.py took 1.359 seconds
[2025-03-19T00:17:42.473+0000] {processor.py:186} INFO - Started process (PID=4539) to work on /home/airflow/.local/lib/python3.12/site-packages/airflow/example_dags/example_dataset_alias.py
[2025-03-19T00:17:42.474+0000] {processor.py:914} INFO - Processing file /home/airflow/.local/lib/python3.12/site-packages/airflow/example_dags/example_dataset_alias.py for tasks to queue
[2025-03-19T00:17:42.475+0000] {logging_mixin.py:190} INFO - [2025-03-19T00:17:42.475+0000] {dagbag.py:588} INFO - Filling up the DagBag from /home/airflow/.local/lib/python3.12/site-packages/airflow/example_dags/example_dataset_alias.py
[2025-03-19T00:17:42.684+0000] {processor.py:925} INFO - DAG(s) 'dataset_alias_example_alias_producer', 'dataset_s3_bucket_consumer', 'dataset_s3_bucket_producer', 'dataset_alias_example_alias_consumer' retrieved from /home/airflow/.local/lib/python3.12/site-packages/airflow/example_dags/example_dataset_alias.py
[2025-03-19T00:17:42.810+0000] {logging_mixin.py:190} INFO - [2025-03-19T00:17:42.810+0000] {dag.py:3239} INFO - Sync 4 DAGs
[2025-03-19T00:17:42.819+0000] {logging_mixin.py:190} INFO - [2025-03-19T00:17:42.819+0000] {dag.py:4180} INFO - Setting next_dagrun for dataset_alias_example_alias_consumer to None, run_after=None
[2025-03-19T00:17:42.820+0000] {logging_mixin.py:190} INFO - [2025-03-19T00:17:42.820+0000] {dag.py:4180} INFO - Setting next_dagrun for dataset_alias_example_alias_producer to None, run_after=None
[2025-03-19T00:17:42.821+0000] {logging_mixin.py:190} INFO - [2025-03-19T00:17:42.821+0000] {dag.py:4180} INFO - Setting next_dagrun for dataset_s3_bucket_consumer to None, run_after=None
[2025-03-19T00:17:42.821+0000] {logging_mixin.py:190} INFO - [2025-03-19T00:17:42.821+0000] {dag.py:4180} INFO - Setting next_dagrun for dataset_s3_bucket_producer to None, run_after=None
[2025-03-19T00:17:42.829+0000] {processor.py:208} INFO - Processing /home/airflow/.local/lib/python3.12/site-packages/airflow/example_dags/example_dataset_alias.py took 0.360 seconds
[2025-03-19T00:18:13.625+0000] {processor.py:186} INFO - Started process (PID=4611) to work on /home/airflow/.local/lib/python3.12/site-packages/airflow/example_dags/example_dataset_alias.py
[2025-03-19T00:18:13.626+0000] {processor.py:914} INFO - Processing file /home/airflow/.local/lib/python3.12/site-packages/airflow/example_dags/example_dataset_alias.py for tasks to queue
[2025-03-19T00:18:13.628+0000] {logging_mixin.py:190} INFO - [2025-03-19T00:18:13.628+0000] {dagbag.py:588} INFO - Filling up the DagBag from /home/airflow/.local/lib/python3.12/site-packages/airflow/example_dags/example_dataset_alias.py
[2025-03-19T00:18:13.899+0000] {processor.py:925} INFO - DAG(s) 'dataset_s3_bucket_consumer', 'dataset_s3_bucket_producer', 'dataset_alias_example_alias_consumer', 'dataset_alias_example_alias_producer' retrieved from /home/airflow/.local/lib/python3.12/site-packages/airflow/example_dags/example_dataset_alias.py
[2025-03-19T00:18:13.907+0000] {logging_mixin.py:190} INFO - [2025-03-19T00:18:13.907+0000] {dag.py:3239} INFO - Sync 4 DAGs
[2025-03-19T00:18:13.915+0000] {logging_mixin.py:190} INFO - [2025-03-19T00:18:13.915+0000] {dag.py:4180} INFO - Setting next_dagrun for dataset_alias_example_alias_consumer to None, run_after=None
[2025-03-19T00:18:13.916+0000] {logging_mixin.py:190} INFO - [2025-03-19T00:18:13.916+0000] {dag.py:4180} INFO - Setting next_dagrun for dataset_alias_example_alias_producer to None, run_after=None
[2025-03-19T00:18:13.916+0000] {logging_mixin.py:190} INFO - [2025-03-19T00:18:13.916+0000] {dag.py:4180} INFO - Setting next_dagrun for dataset_s3_bucket_consumer to None, run_after=None
[2025-03-19T00:18:13.916+0000] {logging_mixin.py:190} INFO - [2025-03-19T00:18:13.916+0000] {dag.py:4180} INFO - Setting next_dagrun for dataset_s3_bucket_producer to None, run_after=None
[2025-03-19T00:18:13.923+0000] {processor.py:208} INFO - Processing /home/airflow/.local/lib/python3.12/site-packages/airflow/example_dags/example_dataset_alias.py took 0.302 seconds
[2025-03-19T00:18:44.049+0000] {processor.py:186} INFO - Started process (PID=4683) to work on /home/airflow/.local/lib/python3.12/site-packages/airflow/example_dags/example_dataset_alias.py
[2025-03-19T00:18:44.050+0000] {processor.py:914} INFO - Processing file /home/airflow/.local/lib/python3.12/site-packages/airflow/example_dags/example_dataset_alias.py for tasks to queue
[2025-03-19T00:18:44.051+0000] {logging_mixin.py:190} INFO - [2025-03-19T00:18:44.051+0000] {dagbag.py:588} INFO - Filling up the DagBag from /home/airflow/.local/lib/python3.12/site-packages/airflow/example_dags/example_dataset_alias.py
[2025-03-19T00:18:44.335+0000] {processor.py:925} INFO - DAG(s) 'dataset_s3_bucket_producer', 'dataset_alias_example_alias_producer', 'dataset_alias_example_alias_consumer', 'dataset_s3_bucket_consumer' retrieved from /home/airflow/.local/lib/python3.12/site-packages/airflow/example_dags/example_dataset_alias.py
[2025-03-19T00:18:44.342+0000] {logging_mixin.py:190} INFO - [2025-03-19T00:18:44.342+0000] {dag.py:3239} INFO - Sync 4 DAGs
[2025-03-19T00:18:44.349+0000] {logging_mixin.py:190} INFO - [2025-03-19T00:18:44.349+0000] {dag.py:4180} INFO - Setting next_dagrun for dataset_alias_example_alias_consumer to None, run_after=None
[2025-03-19T00:18:44.350+0000] {logging_mixin.py:190} INFO - [2025-03-19T00:18:44.350+0000] {dag.py:4180} INFO - Setting next_dagrun for dataset_alias_example_alias_producer to None, run_after=None
[2025-03-19T00:18:44.350+0000] {logging_mixin.py:190} INFO - [2025-03-19T00:18:44.350+0000] {dag.py:4180} INFO - Setting next_dagrun for dataset_s3_bucket_consumer to None, run_after=None
[2025-03-19T00:18:44.351+0000] {logging_mixin.py:190} INFO - [2025-03-19T00:18:44.351+0000] {dag.py:4180} INFO - Setting next_dagrun for dataset_s3_bucket_producer to None, run_after=None
[2025-03-19T00:18:44.357+0000] {processor.py:208} INFO - Processing /home/airflow/.local/lib/python3.12/site-packages/airflow/example_dags/example_dataset_alias.py took 0.310 seconds
[2025-03-19T00:22:21.203+0000] {processor.py:186} INFO - Started process (PID=5187) to work on /home/airflow/.local/lib/python3.12/site-packages/airflow/example_dags/example_dataset_alias.py
[2025-03-19T00:22:21.205+0000] {processor.py:914} INFO - Processing file /home/airflow/.local/lib/python3.12/site-packages/airflow/example_dags/example_dataset_alias.py for tasks to queue
[2025-03-19T00:22:21.208+0000] {logging_mixin.py:190} INFO - [2025-03-19T00:22:21.207+0000] {dagbag.py:588} INFO - Filling up the DagBag from /home/airflow/.local/lib/python3.12/site-packages/airflow/example_dags/example_dataset_alias.py
[2025-03-19T00:22:21.935+0000] {processor.py:925} INFO - DAG(s) 'dataset_s3_bucket_producer', 'dataset_alias_example_alias_producer', 'dataset_alias_example_alias_consumer', 'dataset_s3_bucket_consumer' retrieved from /home/airflow/.local/lib/python3.12/site-packages/airflow/example_dags/example_dataset_alias.py
[2025-03-19T00:22:22.004+0000] {logging_mixin.py:190} INFO - [2025-03-19T00:22:22.004+0000] {dag.py:3239} INFO - Sync 4 DAGs
[2025-03-19T00:22:22.035+0000] {logging_mixin.py:190} INFO - [2025-03-19T00:22:22.035+0000] {dag.py:4180} INFO - Setting next_dagrun for dataset_alias_example_alias_consumer to None, run_after=None
[2025-03-19T00:22:22.041+0000] {logging_mixin.py:190} INFO - [2025-03-19T00:22:22.041+0000] {dag.py:4180} INFO - Setting next_dagrun for dataset_alias_example_alias_producer to None, run_after=None
[2025-03-19T00:22:22.043+0000] {logging_mixin.py:190} INFO - [2025-03-19T00:22:22.043+0000] {dag.py:4180} INFO - Setting next_dagrun for dataset_s3_bucket_consumer to None, run_after=None
[2025-03-19T00:22:22.047+0000] {logging_mixin.py:190} INFO - [2025-03-19T00:22:22.046+0000] {dag.py:4180} INFO - Setting next_dagrun for dataset_s3_bucket_producer to None, run_after=None
[2025-03-19T00:22:22.107+0000] {processor.py:208} INFO - Processing /home/airflow/.local/lib/python3.12/site-packages/airflow/example_dags/example_dataset_alias.py took 0.913 seconds
