[2025-03-19T00:00:24.927+0000] {processor.py:186} INFO - Started process (PID=2119) to work on /home/airflow/.local/lib/python3.12/site-packages/airflow/example_dags/example_nested_branch_dag.py
[2025-03-19T00:00:24.927+0000] {processor.py:914} INFO - Processing file /home/airflow/.local/lib/python3.12/site-packages/airflow/example_dags/example_nested_branch_dag.py for tasks to queue
[2025-03-19T00:00:24.929+0000] {logging_mixin.py:190} INFO - [2025-03-19T00:00:24.929+0000] {dagbag.py:588} INFO - Filling up the DagBag from /home/airflow/.local/lib/python3.12/site-packages/airflow/example_dags/example_nested_branch_dag.py
[2025-03-19T00:00:24.955+0000] {processor.py:925} INFO - DAG(s) 'example_nested_branch_dag' retrieved from /home/airflow/.local/lib/python3.12/site-packages/airflow/example_dags/example_nested_branch_dag.py
[2025-03-19T00:00:24.989+0000] {logging_mixin.py:190} INFO - [2025-03-19T00:00:24.989+0000] {dag.py:3239} INFO - Sync 1 DAGs
[2025-03-19T00:00:25.018+0000] {logging_mixin.py:190} INFO - [2025-03-19T00:00:25.018+0000] {dag.py:4180} INFO - Setting next_dagrun for example_nested_branch_dag to 2025-03-18 00:00:00+00:00, run_after=2025-03-19 00:00:00+00:00
[2025-03-19T00:00:25.035+0000] {processor.py:208} INFO - Processing /home/airflow/.local/lib/python3.12/site-packages/airflow/example_dags/example_nested_branch_dag.py took 0.114 seconds
[2025-03-19T00:00:56.000+0000] {processor.py:186} INFO - Started process (PID=2196) to work on /home/airflow/.local/lib/python3.12/site-packages/airflow/example_dags/example_nested_branch_dag.py
[2025-03-19T00:00:56.005+0000] {processor.py:914} INFO - Processing file /home/airflow/.local/lib/python3.12/site-packages/airflow/example_dags/example_nested_branch_dag.py for tasks to queue
[2025-03-19T00:00:56.020+0000] {logging_mixin.py:190} INFO - [2025-03-19T00:00:56.019+0000] {dagbag.py:588} INFO - Filling up the DagBag from /home/airflow/.local/lib/python3.12/site-packages/airflow/example_dags/example_nested_branch_dag.py
[2025-03-19T00:00:56.043+0000] {processor.py:925} INFO - DAG(s) 'example_nested_branch_dag' retrieved from /home/airflow/.local/lib/python3.12/site-packages/airflow/example_dags/example_nested_branch_dag.py
[2025-03-19T00:00:56.096+0000] {logging_mixin.py:190} INFO - [2025-03-19T00:00:56.095+0000] {dag.py:3239} INFO - Sync 1 DAGs
[2025-03-19T00:00:56.121+0000] {logging_mixin.py:190} INFO - [2025-03-19T00:00:56.121+0000] {dag.py:4180} INFO - Setting next_dagrun for example_nested_branch_dag to 2025-03-18 00:00:00+00:00, run_after=2025-03-19 00:00:00+00:00
[2025-03-19T00:00:56.176+0000] {processor.py:208} INFO - Processing /home/airflow/.local/lib/python3.12/site-packages/airflow/example_dags/example_nested_branch_dag.py took 0.185 seconds
[2025-03-19T00:01:27.032+0000] {processor.py:186} INFO - Started process (PID=2268) to work on /home/airflow/.local/lib/python3.12/site-packages/airflow/example_dags/example_nested_branch_dag.py
[2025-03-19T00:01:27.032+0000] {processor.py:914} INFO - Processing file /home/airflow/.local/lib/python3.12/site-packages/airflow/example_dags/example_nested_branch_dag.py for tasks to queue
[2025-03-19T00:01:27.034+0000] {logging_mixin.py:190} INFO - [2025-03-19T00:01:27.034+0000] {dagbag.py:588} INFO - Filling up the DagBag from /home/airflow/.local/lib/python3.12/site-packages/airflow/example_dags/example_nested_branch_dag.py
[2025-03-19T00:01:27.044+0000] {processor.py:925} INFO - DAG(s) 'example_nested_branch_dag' retrieved from /home/airflow/.local/lib/python3.12/site-packages/airflow/example_dags/example_nested_branch_dag.py
[2025-03-19T00:01:27.058+0000] {logging_mixin.py:190} INFO - [2025-03-19T00:01:27.058+0000] {dag.py:3239} INFO - Sync 1 DAGs
[2025-03-19T00:01:27.072+0000] {logging_mixin.py:190} INFO - [2025-03-19T00:01:27.072+0000] {dag.py:4180} INFO - Setting next_dagrun for example_nested_branch_dag to 2025-03-18 00:00:00+00:00, run_after=2025-03-19 00:00:00+00:00
[2025-03-19T00:01:27.081+0000] {processor.py:208} INFO - Processing /home/airflow/.local/lib/python3.12/site-packages/airflow/example_dags/example_nested_branch_dag.py took 0.054 seconds
[2025-03-19T00:02:01.631+0000] {processor.py:186} INFO - Started process (PID=2334) to work on /home/airflow/.local/lib/python3.12/site-packages/airflow/example_dags/example_nested_branch_dag.py
[2025-03-19T00:02:01.635+0000] {processor.py:914} INFO - Processing file /home/airflow/.local/lib/python3.12/site-packages/airflow/example_dags/example_nested_branch_dag.py for tasks to queue
[2025-03-19T00:02:01.640+0000] {logging_mixin.py:190} INFO - [2025-03-19T00:02:01.638+0000] {dagbag.py:588} INFO - Filling up the DagBag from /home/airflow/.local/lib/python3.12/site-packages/airflow/example_dags/example_nested_branch_dag.py
[2025-03-19T00:02:01.653+0000] {processor.py:925} INFO - DAG(s) 'example_nested_branch_dag' retrieved from /home/airflow/.local/lib/python3.12/site-packages/airflow/example_dags/example_nested_branch_dag.py
[2025-03-19T00:02:01.683+0000] {logging_mixin.py:190} INFO - [2025-03-19T00:02:01.683+0000] {dag.py:3239} INFO - Sync 1 DAGs
[2025-03-19T00:02:01.781+0000] {logging_mixin.py:190} INFO - [2025-03-19T00:02:01.781+0000] {dag.py:4180} INFO - Setting next_dagrun for example_nested_branch_dag to 2025-03-18 00:00:00+00:00, run_after=2025-03-19 00:00:00+00:00
[2025-03-19T00:02:01.817+0000] {processor.py:208} INFO - Processing /home/airflow/.local/lib/python3.12/site-packages/airflow/example_dags/example_nested_branch_dag.py took 0.190 seconds
[2025-03-19T00:02:31.863+0000] {processor.py:186} INFO - Started process (PID=2405) to work on /home/airflow/.local/lib/python3.12/site-packages/airflow/example_dags/example_nested_branch_dag.py
[2025-03-19T00:02:31.864+0000] {processor.py:914} INFO - Processing file /home/airflow/.local/lib/python3.12/site-packages/airflow/example_dags/example_nested_branch_dag.py for tasks to queue
[2025-03-19T00:02:31.866+0000] {logging_mixin.py:190} INFO - [2025-03-19T00:02:31.866+0000] {dagbag.py:588} INFO - Filling up the DagBag from /home/airflow/.local/lib/python3.12/site-packages/airflow/example_dags/example_nested_branch_dag.py
[2025-03-19T00:02:31.876+0000] {processor.py:925} INFO - DAG(s) 'example_nested_branch_dag' retrieved from /home/airflow/.local/lib/python3.12/site-packages/airflow/example_dags/example_nested_branch_dag.py
[2025-03-19T00:02:31.907+0000] {logging_mixin.py:190} INFO - [2025-03-19T00:02:31.907+0000] {dag.py:3239} INFO - Sync 1 DAGs
[2025-03-19T00:02:31.932+0000] {logging_mixin.py:190} INFO - [2025-03-19T00:02:31.931+0000] {dag.py:4180} INFO - Setting next_dagrun for example_nested_branch_dag to 2025-03-18 00:00:00+00:00, run_after=2025-03-19 00:00:00+00:00
[2025-03-19T00:02:31.957+0000] {processor.py:208} INFO - Processing /home/airflow/.local/lib/python3.12/site-packages/airflow/example_dags/example_nested_branch_dag.py took 0.099 seconds
