[2025-03-19T00:00:15.678+0000] {processor.py:186} INFO - Started process (PID=2088) to work on /home/airflow/.local/lib/python3.12/site-packages/airflow/example_dags/example_task_group.py
[2025-03-19T00:00:15.678+0000] {processor.py:914} INFO - Processing file /home/airflow/.local/lib/python3.12/site-packages/airflow/example_dags/example_task_group.py for tasks to queue
[2025-03-19T00:00:15.680+0000] {logging_mixin.py:190} INFO - [2025-03-19T00:00:15.679+0000] {dagbag.py:588} INFO - Filling up the DagBag from /home/airflow/.local/lib/python3.12/site-packages/airflow/example_dags/example_task_group.py
[2025-03-19T00:00:15.685+0000] {processor.py:925} INFO - DAG(s) 'example_task_group' retrieved from /home/airflow/.local/lib/python3.12/site-packages/airflow/example_dags/example_task_group.py
[2025-03-19T00:00:15.723+0000] {logging_mixin.py:190} INFO - [2025-03-19T00:00:15.723+0000] {dag.py:3239} INFO - Sync 1 DAGs
[2025-03-19T00:00:15.732+0000] {logging_mixin.py:190} INFO - [2025-03-19T00:00:15.732+0000] {dag.py:4180} INFO - Setting next_dagrun for example_task_group to None, run_after=None
[2025-03-19T00:00:15.742+0000] {processor.py:208} INFO - Processing /home/airflow/.local/lib/python3.12/site-packages/airflow/example_dags/example_task_group.py took 0.066 seconds
[2025-03-19T00:00:46.748+0000] {processor.py:186} INFO - Started process (PID=2160) to work on /home/airflow/.local/lib/python3.12/site-packages/airflow/example_dags/example_task_group.py
[2025-03-19T00:00:46.748+0000] {processor.py:914} INFO - Processing file /home/airflow/.local/lib/python3.12/site-packages/airflow/example_dags/example_task_group.py for tasks to queue
[2025-03-19T00:00:46.750+0000] {logging_mixin.py:190} INFO - [2025-03-19T00:00:46.749+0000] {dagbag.py:588} INFO - Filling up the DagBag from /home/airflow/.local/lib/python3.12/site-packages/airflow/example_dags/example_task_group.py
[2025-03-19T00:00:46.754+0000] {processor.py:925} INFO - DAG(s) 'example_task_group' retrieved from /home/airflow/.local/lib/python3.12/site-packages/airflow/example_dags/example_task_group.py
[2025-03-19T00:00:46.765+0000] {logging_mixin.py:190} INFO - [2025-03-19T00:00:46.765+0000] {dag.py:3239} INFO - Sync 1 DAGs
[2025-03-19T00:00:46.771+0000] {logging_mixin.py:190} INFO - [2025-03-19T00:00:46.771+0000] {dag.py:4180} INFO - Setting next_dagrun for example_task_group to None, run_after=None
[2025-03-19T00:00:46.780+0000] {processor.py:208} INFO - Processing /home/airflow/.local/lib/python3.12/site-packages/airflow/example_dags/example_task_group.py took 0.037 seconds
[2025-03-19T00:01:19.576+0000] {processor.py:186} INFO - Started process (PID=2232) to work on /home/airflow/.local/lib/python3.12/site-packages/airflow/example_dags/example_task_group.py
[2025-03-19T00:01:19.578+0000] {processor.py:914} INFO - Processing file /home/airflow/.local/lib/python3.12/site-packages/airflow/example_dags/example_task_group.py for tasks to queue
[2025-03-19T00:01:19.586+0000] {logging_mixin.py:190} INFO - [2025-03-19T00:01:19.583+0000] {dagbag.py:588} INFO - Filling up the DagBag from /home/airflow/.local/lib/python3.12/site-packages/airflow/example_dags/example_task_group.py
[2025-03-19T00:01:19.627+0000] {processor.py:925} INFO - DAG(s) 'example_task_group' retrieved from /home/airflow/.local/lib/python3.12/site-packages/airflow/example_dags/example_task_group.py
[2025-03-19T00:01:19.700+0000] {logging_mixin.py:190} INFO - [2025-03-19T00:01:19.699+0000] {dag.py:3239} INFO - Sync 1 DAGs
[2025-03-19T00:01:19.721+0000] {logging_mixin.py:190} INFO - [2025-03-19T00:01:19.720+0000] {dag.py:4180} INFO - Setting next_dagrun for example_task_group to None, run_after=None
[2025-03-19T00:01:19.754+0000] {processor.py:208} INFO - Processing /home/airflow/.local/lib/python3.12/site-packages/airflow/example_dags/example_task_group.py took 0.185 seconds
[2025-03-19T00:01:49.903+0000] {processor.py:186} INFO - Started process (PID=2304) to work on /home/airflow/.local/lib/python3.12/site-packages/airflow/example_dags/example_task_group.py
[2025-03-19T00:01:49.903+0000] {processor.py:914} INFO - Processing file /home/airflow/.local/lib/python3.12/site-packages/airflow/example_dags/example_task_group.py for tasks to queue
[2025-03-19T00:01:49.904+0000] {logging_mixin.py:190} INFO - [2025-03-19T00:01:49.904+0000] {dagbag.py:588} INFO - Filling up the DagBag from /home/airflow/.local/lib/python3.12/site-packages/airflow/example_dags/example_task_group.py
[2025-03-19T00:01:49.908+0000] {processor.py:925} INFO - DAG(s) 'example_task_group' retrieved from /home/airflow/.local/lib/python3.12/site-packages/airflow/example_dags/example_task_group.py
[2025-03-19T00:01:49.918+0000] {logging_mixin.py:190} INFO - [2025-03-19T00:01:49.918+0000] {dag.py:3239} INFO - Sync 1 DAGs
[2025-03-19T00:01:49.924+0000] {logging_mixin.py:190} INFO - [2025-03-19T00:01:49.924+0000] {dag.py:4180} INFO - Setting next_dagrun for example_task_group to None, run_after=None
[2025-03-19T00:01:49.932+0000] {processor.py:208} INFO - Processing /home/airflow/.local/lib/python3.12/site-packages/airflow/example_dags/example_task_group.py took 0.032 seconds
[2025-03-19T00:02:20.377+0000] {processor.py:186} INFO - Started process (PID=2376) to work on /home/airflow/.local/lib/python3.12/site-packages/airflow/example_dags/example_task_group.py
[2025-03-19T00:02:20.383+0000] {processor.py:914} INFO - Processing file /home/airflow/.local/lib/python3.12/site-packages/airflow/example_dags/example_task_group.py for tasks to queue
[2025-03-19T00:02:20.389+0000] {logging_mixin.py:190} INFO - [2025-03-19T00:02:20.388+0000] {dagbag.py:588} INFO - Filling up the DagBag from /home/airflow/.local/lib/python3.12/site-packages/airflow/example_dags/example_task_group.py
[2025-03-19T00:02:20.399+0000] {processor.py:925} INFO - DAG(s) 'example_task_group' retrieved from /home/airflow/.local/lib/python3.12/site-packages/airflow/example_dags/example_task_group.py
[2025-03-19T00:02:20.428+0000] {logging_mixin.py:190} INFO - [2025-03-19T00:02:20.428+0000] {dag.py:3239} INFO - Sync 1 DAGs
[2025-03-19T00:02:20.447+0000] {logging_mixin.py:190} INFO - [2025-03-19T00:02:20.447+0000] {dag.py:4180} INFO - Setting next_dagrun for example_task_group to None, run_after=None
[2025-03-19T00:02:20.468+0000] {processor.py:208} INFO - Processing /home/airflow/.local/lib/python3.12/site-packages/airflow/example_dags/example_task_group.py took 0.100 seconds
[2025-03-19T00:02:51.594+0000] {processor.py:186} INFO - Started process (PID=2447) to work on /home/airflow/.local/lib/python3.12/site-packages/airflow/example_dags/example_task_group.py
[2025-03-19T00:02:51.595+0000] {processor.py:914} INFO - Processing file /home/airflow/.local/lib/python3.12/site-packages/airflow/example_dags/example_task_group.py for tasks to queue
[2025-03-19T00:02:51.596+0000] {logging_mixin.py:190} INFO - [2025-03-19T00:02:51.595+0000] {dagbag.py:588} INFO - Filling up the DagBag from /home/airflow/.local/lib/python3.12/site-packages/airflow/example_dags/example_task_group.py
[2025-03-19T00:02:51.600+0000] {processor.py:925} INFO - DAG(s) 'example_task_group' retrieved from /home/airflow/.local/lib/python3.12/site-packages/airflow/example_dags/example_task_group.py
[2025-03-19T00:02:51.610+0000] {logging_mixin.py:190} INFO - [2025-03-19T00:02:51.610+0000] {dag.py:3239} INFO - Sync 1 DAGs
[2025-03-19T00:02:51.616+0000] {logging_mixin.py:190} INFO - [2025-03-19T00:02:51.616+0000] {dag.py:4180} INFO - Setting next_dagrun for example_task_group to None, run_after=None
[2025-03-19T00:02:51.623+0000] {processor.py:208} INFO - Processing /home/airflow/.local/lib/python3.12/site-packages/airflow/example_dags/example_task_group.py took 0.032 seconds
[2025-03-19T00:03:24.754+0000] {processor.py:186} INFO - Started process (PID=2523) to work on /home/airflow/.local/lib/python3.12/site-packages/airflow/example_dags/example_task_group.py
[2025-03-19T00:03:24.756+0000] {processor.py:914} INFO - Processing file /home/airflow/.local/lib/python3.12/site-packages/airflow/example_dags/example_task_group.py for tasks to queue
[2025-03-19T00:03:24.762+0000] {logging_mixin.py:190} INFO - [2025-03-19T00:03:24.762+0000] {dagbag.py:588} INFO - Filling up the DagBag from /home/airflow/.local/lib/python3.12/site-packages/airflow/example_dags/example_task_group.py
[2025-03-19T00:03:24.781+0000] {processor.py:925} INFO - DAG(s) 'example_task_group' retrieved from /home/airflow/.local/lib/python3.12/site-packages/airflow/example_dags/example_task_group.py
[2025-03-19T00:03:24.801+0000] {logging_mixin.py:190} INFO - [2025-03-19T00:03:24.801+0000] {dag.py:3239} INFO - Sync 1 DAGs
[2025-03-19T00:03:24.850+0000] {logging_mixin.py:190} INFO - [2025-03-19T00:03:24.850+0000] {dag.py:4180} INFO - Setting next_dagrun for example_task_group to None, run_after=None
[2025-03-19T00:03:24.908+0000] {processor.py:208} INFO - Processing /home/airflow/.local/lib/python3.12/site-packages/airflow/example_dags/example_task_group.py took 0.167 seconds
[2025-03-19T00:03:56.019+0000] {processor.py:186} INFO - Started process (PID=2596) to work on /home/airflow/.local/lib/python3.12/site-packages/airflow/example_dags/example_task_group.py
[2025-03-19T00:03:56.020+0000] {processor.py:914} INFO - Processing file /home/airflow/.local/lib/python3.12/site-packages/airflow/example_dags/example_task_group.py for tasks to queue
[2025-03-19T00:03:56.021+0000] {logging_mixin.py:190} INFO - [2025-03-19T00:03:56.020+0000] {dagbag.py:588} INFO - Filling up the DagBag from /home/airflow/.local/lib/python3.12/site-packages/airflow/example_dags/example_task_group.py
[2025-03-19T00:03:56.025+0000] {processor.py:925} INFO - DAG(s) 'example_task_group' retrieved from /home/airflow/.local/lib/python3.12/site-packages/airflow/example_dags/example_task_group.py
[2025-03-19T00:03:56.034+0000] {logging_mixin.py:190} INFO - [2025-03-19T00:03:56.034+0000] {dag.py:3239} INFO - Sync 1 DAGs
[2025-03-19T00:03:56.040+0000] {logging_mixin.py:190} INFO - [2025-03-19T00:03:56.040+0000] {dag.py:4180} INFO - Setting next_dagrun for example_task_group to None, run_after=None
[2025-03-19T00:03:56.046+0000] {processor.py:208} INFO - Processing /home/airflow/.local/lib/python3.12/site-packages/airflow/example_dags/example_task_group.py took 0.030 seconds
[2025-03-19T00:04:26.991+0000] {processor.py:186} INFO - Started process (PID=2674) to work on /home/airflow/.local/lib/python3.12/site-packages/airflow/example_dags/example_task_group.py
[2025-03-19T00:04:26.992+0000] {processor.py:914} INFO - Processing file /home/airflow/.local/lib/python3.12/site-packages/airflow/example_dags/example_task_group.py for tasks to queue
[2025-03-19T00:04:26.995+0000] {logging_mixin.py:190} INFO - [2025-03-19T00:04:26.995+0000] {dagbag.py:588} INFO - Filling up the DagBag from /home/airflow/.local/lib/python3.12/site-packages/airflow/example_dags/example_task_group.py
[2025-03-19T00:04:27.006+0000] {processor.py:925} INFO - DAG(s) 'example_task_group' retrieved from /home/airflow/.local/lib/python3.12/site-packages/airflow/example_dags/example_task_group.py
[2025-03-19T00:04:27.032+0000] {logging_mixin.py:190} INFO - [2025-03-19T00:04:27.032+0000] {dag.py:3239} INFO - Sync 1 DAGs
[2025-03-19T00:04:27.048+0000] {logging_mixin.py:190} INFO - [2025-03-19T00:04:27.048+0000] {dag.py:4180} INFO - Setting next_dagrun for example_task_group to None, run_after=None
[2025-03-19T00:04:27.071+0000] {processor.py:208} INFO - Processing /home/airflow/.local/lib/python3.12/site-packages/airflow/example_dags/example_task_group.py took 0.084 seconds
[2025-03-19T00:04:58.653+0000] {processor.py:186} INFO - Started process (PID=2746) to work on /home/airflow/.local/lib/python3.12/site-packages/airflow/example_dags/example_task_group.py
[2025-03-19T00:04:58.658+0000] {processor.py:914} INFO - Processing file /home/airflow/.local/lib/python3.12/site-packages/airflow/example_dags/example_task_group.py for tasks to queue
[2025-03-19T00:04:58.682+0000] {logging_mixin.py:190} INFO - [2025-03-19T00:04:58.681+0000] {dagbag.py:588} INFO - Filling up the DagBag from /home/airflow/.local/lib/python3.12/site-packages/airflow/example_dags/example_task_group.py
[2025-03-19T00:04:58.712+0000] {processor.py:925} INFO - DAG(s) 'example_task_group' retrieved from /home/airflow/.local/lib/python3.12/site-packages/airflow/example_dags/example_task_group.py
[2025-03-19T00:04:58.755+0000] {logging_mixin.py:190} INFO - [2025-03-19T00:04:58.755+0000] {dag.py:3239} INFO - Sync 1 DAGs
[2025-03-19T00:04:58.779+0000] {logging_mixin.py:190} INFO - [2025-03-19T00:04:58.779+0000] {dag.py:4180} INFO - Setting next_dagrun for example_task_group to None, run_after=None
[2025-03-19T00:04:58.821+0000] {processor.py:208} INFO - Processing /home/airflow/.local/lib/python3.12/site-packages/airflow/example_dags/example_task_group.py took 0.181 seconds
[2025-03-19T00:05:30.212+0000] {processor.py:186} INFO - Started process (PID=2818) to work on /home/airflow/.local/lib/python3.12/site-packages/airflow/example_dags/example_task_group.py
[2025-03-19T00:05:30.218+0000] {processor.py:914} INFO - Processing file /home/airflow/.local/lib/python3.12/site-packages/airflow/example_dags/example_task_group.py for tasks to queue
[2025-03-19T00:05:30.232+0000] {logging_mixin.py:190} INFO - [2025-03-19T00:05:30.230+0000] {dagbag.py:588} INFO - Filling up the DagBag from /home/airflow/.local/lib/python3.12/site-packages/airflow/example_dags/example_task_group.py
[2025-03-19T00:05:30.270+0000] {processor.py:925} INFO - DAG(s) 'example_task_group' retrieved from /home/airflow/.local/lib/python3.12/site-packages/airflow/example_dags/example_task_group.py
[2025-03-19T00:05:30.376+0000] {logging_mixin.py:190} INFO - [2025-03-19T00:05:30.376+0000] {dag.py:3239} INFO - Sync 1 DAGs
[2025-03-19T00:05:30.438+0000] {logging_mixin.py:190} INFO - [2025-03-19T00:05:30.437+0000] {dag.py:4180} INFO - Setting next_dagrun for example_task_group to None, run_after=None
[2025-03-19T00:05:30.511+0000] {processor.py:208} INFO - Processing /home/airflow/.local/lib/python3.12/site-packages/airflow/example_dags/example_task_group.py took 0.314 seconds
[2025-03-19T00:06:01.639+0000] {processor.py:186} INFO - Started process (PID=2891) to work on /home/airflow/.local/lib/python3.12/site-packages/airflow/example_dags/example_task_group.py
[2025-03-19T00:06:01.649+0000] {processor.py:914} INFO - Processing file /home/airflow/.local/lib/python3.12/site-packages/airflow/example_dags/example_task_group.py for tasks to queue
[2025-03-19T00:06:01.654+0000] {logging_mixin.py:190} INFO - [2025-03-19T00:06:01.654+0000] {dagbag.py:588} INFO - Filling up the DagBag from /home/airflow/.local/lib/python3.12/site-packages/airflow/example_dags/example_task_group.py
[2025-03-19T00:06:01.679+0000] {processor.py:925} INFO - DAG(s) 'example_task_group' retrieved from /home/airflow/.local/lib/python3.12/site-packages/airflow/example_dags/example_task_group.py
[2025-03-19T00:06:01.718+0000] {logging_mixin.py:190} INFO - [2025-03-19T00:06:01.711+0000] {dag.py:3239} INFO - Sync 1 DAGs
[2025-03-19T00:06:01.753+0000] {logging_mixin.py:190} INFO - [2025-03-19T00:06:01.753+0000] {dag.py:4180} INFO - Setting next_dagrun for example_task_group to None, run_after=None
[2025-03-19T00:06:01.801+0000] {processor.py:208} INFO - Processing /home/airflow/.local/lib/python3.12/site-packages/airflow/example_dags/example_task_group.py took 0.182 seconds
[2025-03-19T00:06:31.888+0000] {processor.py:186} INFO - Started process (PID=2962) to work on /home/airflow/.local/lib/python3.12/site-packages/airflow/example_dags/example_task_group.py
[2025-03-19T00:06:31.888+0000] {processor.py:914} INFO - Processing file /home/airflow/.local/lib/python3.12/site-packages/airflow/example_dags/example_task_group.py for tasks to queue
[2025-03-19T00:06:31.890+0000] {logging_mixin.py:190} INFO - [2025-03-19T00:06:31.890+0000] {dagbag.py:588} INFO - Filling up the DagBag from /home/airflow/.local/lib/python3.12/site-packages/airflow/example_dags/example_task_group.py
[2025-03-19T00:06:31.898+0000] {processor.py:925} INFO - DAG(s) 'example_task_group' retrieved from /home/airflow/.local/lib/python3.12/site-packages/airflow/example_dags/example_task_group.py
[2025-03-19T00:06:31.914+0000] {logging_mixin.py:190} INFO - [2025-03-19T00:06:31.914+0000] {dag.py:3239} INFO - Sync 1 DAGs
[2025-03-19T00:06:31.929+0000] {logging_mixin.py:190} INFO - [2025-03-19T00:06:31.929+0000] {dag.py:4180} INFO - Setting next_dagrun for example_task_group to None, run_after=None
[2025-03-19T00:06:32.070+0000] {processor.py:208} INFO - Processing /home/airflow/.local/lib/python3.12/site-packages/airflow/example_dags/example_task_group.py took 0.186 seconds
[2025-03-19T00:07:05.575+0000] {processor.py:186} INFO - Started process (PID=3037) to work on /home/airflow/.local/lib/python3.12/site-packages/airflow/example_dags/example_task_group.py
[2025-03-19T00:07:05.577+0000] {processor.py:914} INFO - Processing file /home/airflow/.local/lib/python3.12/site-packages/airflow/example_dags/example_task_group.py for tasks to queue
[2025-03-19T00:07:05.581+0000] {logging_mixin.py:190} INFO - [2025-03-19T00:07:05.581+0000] {dagbag.py:588} INFO - Filling up the DagBag from /home/airflow/.local/lib/python3.12/site-packages/airflow/example_dags/example_task_group.py
[2025-03-19T00:07:05.601+0000] {processor.py:925} INFO - DAG(s) 'example_task_group' retrieved from /home/airflow/.local/lib/python3.12/site-packages/airflow/example_dags/example_task_group.py
[2025-03-19T00:07:05.649+0000] {logging_mixin.py:190} INFO - [2025-03-19T00:07:05.649+0000] {dag.py:3239} INFO - Sync 1 DAGs
[2025-03-19T00:07:05.902+0000] {logging_mixin.py:190} INFO - [2025-03-19T00:07:05.901+0000] {dag.py:4180} INFO - Setting next_dagrun for example_task_group to None, run_after=None
[2025-03-19T00:07:05.928+0000] {processor.py:208} INFO - Processing /home/airflow/.local/lib/python3.12/site-packages/airflow/example_dags/example_task_group.py took 0.365 seconds
[2025-03-19T00:07:36.301+0000] {processor.py:186} INFO - Started process (PID=3109) to work on /home/airflow/.local/lib/python3.12/site-packages/airflow/example_dags/example_task_group.py
[2025-03-19T00:07:36.301+0000] {processor.py:914} INFO - Processing file /home/airflow/.local/lib/python3.12/site-packages/airflow/example_dags/example_task_group.py for tasks to queue
[2025-03-19T00:07:36.302+0000] {logging_mixin.py:190} INFO - [2025-03-19T00:07:36.302+0000] {dagbag.py:588} INFO - Filling up the DagBag from /home/airflow/.local/lib/python3.12/site-packages/airflow/example_dags/example_task_group.py
[2025-03-19T00:07:36.306+0000] {processor.py:925} INFO - DAG(s) 'example_task_group' retrieved from /home/airflow/.local/lib/python3.12/site-packages/airflow/example_dags/example_task_group.py
[2025-03-19T00:07:36.319+0000] {logging_mixin.py:190} INFO - [2025-03-19T00:07:36.319+0000] {dag.py:3239} INFO - Sync 1 DAGs
[2025-03-19T00:07:36.327+0000] {logging_mixin.py:190} INFO - [2025-03-19T00:07:36.327+0000] {dag.py:4180} INFO - Setting next_dagrun for example_task_group to None, run_after=None
[2025-03-19T00:07:36.334+0000] {processor.py:208} INFO - Processing /home/airflow/.local/lib/python3.12/site-packages/airflow/example_dags/example_task_group.py took 0.037 seconds
