[2025-03-19T00:00:24.761+0000] {processor.py:186} INFO - Started process (PID=2118) to work on /home/airflow/.local/lib/python3.12/site-packages/airflow/example_dags/example_branch_labels.py
[2025-03-19T00:00:24.763+0000] {processor.py:914} INFO - Processing file /home/airflow/.local/lib/python3.12/site-packages/airflow/example_dags/example_branch_labels.py for tasks to queue
[2025-03-19T00:00:24.774+0000] {logging_mixin.py:190} INFO - [2025-03-19T00:00:24.772+0000] {dagbag.py:588} INFO - Filling up the DagBag from /home/airflow/.local/lib/python3.12/site-packages/airflow/example_dags/example_branch_labels.py
[2025-03-19T00:00:24.789+0000] {processor.py:925} INFO - DAG(s) 'example_branch_labels' retrieved from /home/airflow/.local/lib/python3.12/site-packages/airflow/example_dags/example_branch_labels.py
[2025-03-19T00:00:24.820+0000] {logging_mixin.py:190} INFO - [2025-03-19T00:00:24.820+0000] {dag.py:3239} INFO - Sync 1 DAGs
[2025-03-19T00:00:24.854+0000] {logging_mixin.py:190} INFO - [2025-03-19T00:00:24.853+0000] {dag.py:4180} INFO - Setting next_dagrun for example_branch_labels to 2025-03-18 00:00:00+00:00, run_after=2025-03-19 00:00:00+00:00
[2025-03-19T00:00:24.868+0000] {processor.py:208} INFO - Processing /home/airflow/.local/lib/python3.12/site-packages/airflow/example_dags/example_branch_labels.py took 0.117 seconds
[2025-03-19T00:00:55.909+0000] {processor.py:186} INFO - Started process (PID=2195) to work on /home/airflow/.local/lib/python3.12/site-packages/airflow/example_dags/example_branch_labels.py
[2025-03-19T00:00:55.913+0000] {processor.py:914} INFO - Processing file /home/airflow/.local/lib/python3.12/site-packages/airflow/example_dags/example_branch_labels.py for tasks to queue
[2025-03-19T00:00:55.928+0000] {logging_mixin.py:190} INFO - [2025-03-19T00:00:55.926+0000] {dagbag.py:588} INFO - Filling up the DagBag from /home/airflow/.local/lib/python3.12/site-packages/airflow/example_dags/example_branch_labels.py
[2025-03-19T00:00:55.963+0000] {processor.py:925} INFO - DAG(s) 'example_branch_labels' retrieved from /home/airflow/.local/lib/python3.12/site-packages/airflow/example_dags/example_branch_labels.py
[2025-03-19T00:00:55.997+0000] {logging_mixin.py:190} INFO - [2025-03-19T00:00:55.997+0000] {dag.py:3239} INFO - Sync 1 DAGs
[2025-03-19T00:00:56.034+0000] {logging_mixin.py:190} INFO - [2025-03-19T00:00:56.034+0000] {dag.py:4180} INFO - Setting next_dagrun for example_branch_labels to 2025-03-18 00:00:00+00:00, run_after=2025-03-19 00:00:00+00:00
[2025-03-19T00:00:56.055+0000] {processor.py:208} INFO - Processing /home/airflow/.local/lib/python3.12/site-packages/airflow/example_dags/example_branch_labels.py took 0.154 seconds
[2025-03-19T00:01:27.027+0000] {processor.py:186} INFO - Started process (PID=2267) to work on /home/airflow/.local/lib/python3.12/site-packages/airflow/example_dags/example_branch_labels.py
[2025-03-19T00:01:27.028+0000] {processor.py:914} INFO - Processing file /home/airflow/.local/lib/python3.12/site-packages/airflow/example_dags/example_branch_labels.py for tasks to queue
[2025-03-19T00:01:27.031+0000] {logging_mixin.py:190} INFO - [2025-03-19T00:01:27.030+0000] {dagbag.py:588} INFO - Filling up the DagBag from /home/airflow/.local/lib/python3.12/site-packages/airflow/example_dags/example_branch_labels.py
[2025-03-19T00:01:27.040+0000] {processor.py:925} INFO - DAG(s) 'example_branch_labels' retrieved from /home/airflow/.local/lib/python3.12/site-packages/airflow/example_dags/example_branch_labels.py
[2025-03-19T00:01:27.058+0000] {logging_mixin.py:190} INFO - [2025-03-19T00:01:27.058+0000] {dag.py:3239} INFO - Sync 1 DAGs
[2025-03-19T00:01:27.072+0000] {logging_mixin.py:190} INFO - [2025-03-19T00:01:27.072+0000] {dag.py:4180} INFO - Setting next_dagrun for example_branch_labels to 2025-03-18 00:00:00+00:00, run_after=2025-03-19 00:00:00+00:00
[2025-03-19T00:01:27.081+0000] {processor.py:208} INFO - Processing /home/airflow/.local/lib/python3.12/site-packages/airflow/example_dags/example_branch_labels.py took 0.061 seconds
[2025-03-19T00:02:01.543+0000] {processor.py:186} INFO - Started process (PID=2333) to work on /home/airflow/.local/lib/python3.12/site-packages/airflow/example_dags/example_branch_labels.py
[2025-03-19T00:02:01.549+0000] {processor.py:914} INFO - Processing file /home/airflow/.local/lib/python3.12/site-packages/airflow/example_dags/example_branch_labels.py for tasks to queue
[2025-03-19T00:02:01.553+0000] {logging_mixin.py:190} INFO - [2025-03-19T00:02:01.553+0000] {dagbag.py:588} INFO - Filling up the DagBag from /home/airflow/.local/lib/python3.12/site-packages/airflow/example_dags/example_branch_labels.py
[2025-03-19T00:02:01.574+0000] {processor.py:925} INFO - DAG(s) 'example_branch_labels' retrieved from /home/airflow/.local/lib/python3.12/site-packages/airflow/example_dags/example_branch_labels.py
[2025-03-19T00:02:01.611+0000] {logging_mixin.py:190} INFO - [2025-03-19T00:02:01.610+0000] {dag.py:3239} INFO - Sync 1 DAGs
[2025-03-19T00:02:01.659+0000] {logging_mixin.py:190} INFO - [2025-03-19T00:02:01.658+0000] {dag.py:4180} INFO - Setting next_dagrun for example_branch_labels to 2025-03-18 00:00:00+00:00, run_after=2025-03-19 00:00:00+00:00
[2025-03-19T00:02:01.696+0000] {processor.py:208} INFO - Processing /home/airflow/.local/lib/python3.12/site-packages/airflow/example_dags/example_branch_labels.py took 0.172 seconds
[2025-03-19T00:02:31.856+0000] {processor.py:186} INFO - Started process (PID=2404) to work on /home/airflow/.local/lib/python3.12/site-packages/airflow/example_dags/example_branch_labels.py
[2025-03-19T00:02:31.858+0000] {processor.py:914} INFO - Processing file /home/airflow/.local/lib/python3.12/site-packages/airflow/example_dags/example_branch_labels.py for tasks to queue
[2025-03-19T00:02:31.860+0000] {logging_mixin.py:190} INFO - [2025-03-19T00:02:31.859+0000] {dagbag.py:588} INFO - Filling up the DagBag from /home/airflow/.local/lib/python3.12/site-packages/airflow/example_dags/example_branch_labels.py
[2025-03-19T00:02:31.869+0000] {processor.py:925} INFO - DAG(s) 'example_branch_labels' retrieved from /home/airflow/.local/lib/python3.12/site-packages/airflow/example_dags/example_branch_labels.py
[2025-03-19T00:02:31.901+0000] {logging_mixin.py:190} INFO - [2025-03-19T00:02:31.900+0000] {dag.py:3239} INFO - Sync 1 DAGs
[2025-03-19T00:02:31.917+0000] {logging_mixin.py:190} INFO - [2025-03-19T00:02:31.917+0000] {dag.py:4180} INFO - Setting next_dagrun for example_branch_labels to 2025-03-18 00:00:00+00:00, run_after=2025-03-19 00:00:00+00:00
[2025-03-19T00:02:31.942+0000] {processor.py:208} INFO - Processing /home/airflow/.local/lib/python3.12/site-packages/airflow/example_dags/example_branch_labels.py took 0.096 seconds
[2025-03-19T00:03:03.186+0000] {processor.py:186} INFO - Started process (PID=2476) to work on /home/airflow/.local/lib/python3.12/site-packages/airflow/example_dags/example_branch_labels.py
[2025-03-19T00:03:03.188+0000] {processor.py:914} INFO - Processing file /home/airflow/.local/lib/python3.12/site-packages/airflow/example_dags/example_branch_labels.py for tasks to queue
[2025-03-19T00:03:03.191+0000] {logging_mixin.py:190} INFO - [2025-03-19T00:03:03.191+0000] {dagbag.py:588} INFO - Filling up the DagBag from /home/airflow/.local/lib/python3.12/site-packages/airflow/example_dags/example_branch_labels.py
[2025-03-19T00:03:03.207+0000] {processor.py:925} INFO - DAG(s) 'example_branch_labels' retrieved from /home/airflow/.local/lib/python3.12/site-packages/airflow/example_dags/example_branch_labels.py
[2025-03-19T00:03:03.247+0000] {logging_mixin.py:190} INFO - [2025-03-19T00:03:03.247+0000] {dag.py:3239} INFO - Sync 1 DAGs
[2025-03-19T00:03:03.280+0000] {logging_mixin.py:190} INFO - [2025-03-19T00:03:03.280+0000] {dag.py:4180} INFO - Setting next_dagrun for example_branch_labels to 2025-03-18 00:00:00+00:00, run_after=2025-03-19 00:00:00+00:00
[2025-03-19T00:03:03.321+0000] {processor.py:208} INFO - Processing /home/airflow/.local/lib/python3.12/site-packages/airflow/example_dags/example_branch_labels.py took 0.154 seconds
[2025-03-19T00:03:34.190+0000] {processor.py:186} INFO - Started process (PID=2548) to work on /home/airflow/.local/lib/python3.12/site-packages/airflow/example_dags/example_branch_labels.py
[2025-03-19T00:03:34.191+0000] {processor.py:914} INFO - Processing file /home/airflow/.local/lib/python3.12/site-packages/airflow/example_dags/example_branch_labels.py for tasks to queue
[2025-03-19T00:03:34.193+0000] {logging_mixin.py:190} INFO - [2025-03-19T00:03:34.193+0000] {dagbag.py:588} INFO - Filling up the DagBag from /home/airflow/.local/lib/python3.12/site-packages/airflow/example_dags/example_branch_labels.py
[2025-03-19T00:03:34.204+0000] {processor.py:925} INFO - DAG(s) 'example_branch_labels' retrieved from /home/airflow/.local/lib/python3.12/site-packages/airflow/example_dags/example_branch_labels.py
[2025-03-19T00:03:34.230+0000] {logging_mixin.py:190} INFO - [2025-03-19T00:03:34.230+0000] {dag.py:3239} INFO - Sync 1 DAGs
[2025-03-19T00:03:34.259+0000] {logging_mixin.py:190} INFO - [2025-03-19T00:03:34.259+0000] {dag.py:4180} INFO - Setting next_dagrun for example_branch_labels to 2025-03-18 00:00:00+00:00, run_after=2025-03-19 00:00:00+00:00
[2025-03-19T00:03:34.286+0000] {processor.py:208} INFO - Processing /home/airflow/.local/lib/python3.12/site-packages/airflow/example_dags/example_branch_labels.py took 0.105 seconds
[2025-03-19T00:04:04.456+0000] {processor.py:186} INFO - Started process (PID=2620) to work on /home/airflow/.local/lib/python3.12/site-packages/airflow/example_dags/example_branch_labels.py
[2025-03-19T00:04:04.458+0000] {processor.py:914} INFO - Processing file /home/airflow/.local/lib/python3.12/site-packages/airflow/example_dags/example_branch_labels.py for tasks to queue
[2025-03-19T00:04:04.461+0000] {logging_mixin.py:190} INFO - [2025-03-19T00:04:04.461+0000] {dagbag.py:588} INFO - Filling up the DagBag from /home/airflow/.local/lib/python3.12/site-packages/airflow/example_dags/example_branch_labels.py
[2025-03-19T00:04:04.469+0000] {processor.py:925} INFO - DAG(s) 'example_branch_labels' retrieved from /home/airflow/.local/lib/python3.12/site-packages/airflow/example_dags/example_branch_labels.py
[2025-03-19T00:04:04.488+0000] {logging_mixin.py:190} INFO - [2025-03-19T00:04:04.488+0000] {dag.py:3239} INFO - Sync 1 DAGs
[2025-03-19T00:04:04.520+0000] {logging_mixin.py:190} INFO - [2025-03-19T00:04:04.520+0000] {dag.py:4180} INFO - Setting next_dagrun for example_branch_labels to 2025-03-18 00:00:00+00:00, run_after=2025-03-19 00:00:00+00:00
[2025-03-19T00:04:04.542+0000] {processor.py:208} INFO - Processing /home/airflow/.local/lib/python3.12/site-packages/airflow/example_dags/example_branch_labels.py took 0.092 seconds
[2025-03-19T00:04:35.437+0000] {processor.py:186} INFO - Started process (PID=2692) to work on /home/airflow/.local/lib/python3.12/site-packages/airflow/example_dags/example_branch_labels.py
[2025-03-19T00:04:35.437+0000] {processor.py:914} INFO - Processing file /home/airflow/.local/lib/python3.12/site-packages/airflow/example_dags/example_branch_labels.py for tasks to queue
[2025-03-19T00:04:35.439+0000] {logging_mixin.py:190} INFO - [2025-03-19T00:04:35.439+0000] {dagbag.py:588} INFO - Filling up the DagBag from /home/airflow/.local/lib/python3.12/site-packages/airflow/example_dags/example_branch_labels.py
[2025-03-19T00:04:35.446+0000] {processor.py:925} INFO - DAG(s) 'example_branch_labels' retrieved from /home/airflow/.local/lib/python3.12/site-packages/airflow/example_dags/example_branch_labels.py
[2025-03-19T00:04:35.461+0000] {logging_mixin.py:190} INFO - [2025-03-19T00:04:35.460+0000] {dag.py:3239} INFO - Sync 1 DAGs
[2025-03-19T00:04:35.473+0000] {logging_mixin.py:190} INFO - [2025-03-19T00:04:35.473+0000] {dag.py:4180} INFO - Setting next_dagrun for example_branch_labels to 2025-03-18 00:00:00+00:00, run_after=2025-03-19 00:00:00+00:00
[2025-03-19T00:04:35.483+0000] {processor.py:208} INFO - Processing /home/airflow/.local/lib/python3.12/site-packages/airflow/example_dags/example_branch_labels.py took 0.050 seconds
[2025-03-19T00:05:06.100+0000] {processor.py:186} INFO - Started process (PID=2762) to work on /home/airflow/.local/lib/python3.12/site-packages/airflow/example_dags/example_branch_labels.py
[2025-03-19T00:05:06.103+0000] {processor.py:914} INFO - Processing file /home/airflow/.local/lib/python3.12/site-packages/airflow/example_dags/example_branch_labels.py for tasks to queue
[2025-03-19T00:05:06.105+0000] {logging_mixin.py:190} INFO - [2025-03-19T00:05:06.105+0000] {dagbag.py:588} INFO - Filling up the DagBag from /home/airflow/.local/lib/python3.12/site-packages/airflow/example_dags/example_branch_labels.py
[2025-03-19T00:05:06.117+0000] {processor.py:925} INFO - DAG(s) 'example_branch_labels' retrieved from /home/airflow/.local/lib/python3.12/site-packages/airflow/example_dags/example_branch_labels.py
[2025-03-19T00:05:06.133+0000] {logging_mixin.py:190} INFO - [2025-03-19T00:05:06.133+0000] {dag.py:3239} INFO - Sync 1 DAGs
[2025-03-19T00:05:06.153+0000] {logging_mixin.py:190} INFO - [2025-03-19T00:05:06.152+0000] {dag.py:4180} INFO - Setting next_dagrun for example_branch_labels to 2025-03-18 00:00:00+00:00, run_after=2025-03-19 00:00:00+00:00
[2025-03-19T00:05:06.177+0000] {processor.py:208} INFO - Processing /home/airflow/.local/lib/python3.12/site-packages/airflow/example_dags/example_branch_labels.py took 0.081 seconds
[2025-03-19T00:05:36.673+0000] {processor.py:186} INFO - Started process (PID=2834) to work on /home/airflow/.local/lib/python3.12/site-packages/airflow/example_dags/example_branch_labels.py
[2025-03-19T00:05:36.673+0000] {processor.py:914} INFO - Processing file /home/airflow/.local/lib/python3.12/site-packages/airflow/example_dags/example_branch_labels.py for tasks to queue
[2025-03-19T00:05:36.675+0000] {logging_mixin.py:190} INFO - [2025-03-19T00:05:36.675+0000] {dagbag.py:588} INFO - Filling up the DagBag from /home/airflow/.local/lib/python3.12/site-packages/airflow/example_dags/example_branch_labels.py
[2025-03-19T00:05:36.681+0000] {processor.py:925} INFO - DAG(s) 'example_branch_labels' retrieved from /home/airflow/.local/lib/python3.12/site-packages/airflow/example_dags/example_branch_labels.py
[2025-03-19T00:05:36.693+0000] {logging_mixin.py:190} INFO - [2025-03-19T00:05:36.693+0000] {dag.py:3239} INFO - Sync 1 DAGs
[2025-03-19T00:05:36.702+0000] {logging_mixin.py:190} INFO - [2025-03-19T00:05:36.702+0000] {dag.py:4180} INFO - Setting next_dagrun for example_branch_labels to 2025-03-18 00:00:00+00:00, run_after=2025-03-19 00:00:00+00:00
[2025-03-19T00:05:36.853+0000] {processor.py:208} INFO - Processing /home/airflow/.local/lib/python3.12/site-packages/airflow/example_dags/example_branch_labels.py took 0.184 seconds
[2025-03-19T00:06:07.364+0000] {processor.py:186} INFO - Started process (PID=2906) to work on /home/airflow/.local/lib/python3.12/site-packages/airflow/example_dags/example_branch_labels.py
[2025-03-19T00:06:07.364+0000] {processor.py:914} INFO - Processing file /home/airflow/.local/lib/python3.12/site-packages/airflow/example_dags/example_branch_labels.py for tasks to queue
[2025-03-19T00:06:07.366+0000] {logging_mixin.py:190} INFO - [2025-03-19T00:06:07.365+0000] {dagbag.py:588} INFO - Filling up the DagBag from /home/airflow/.local/lib/python3.12/site-packages/airflow/example_dags/example_branch_labels.py
[2025-03-19T00:06:07.373+0000] {processor.py:925} INFO - DAG(s) 'example_branch_labels' retrieved from /home/airflow/.local/lib/python3.12/site-packages/airflow/example_dags/example_branch_labels.py
[2025-03-19T00:06:07.389+0000] {logging_mixin.py:190} INFO - [2025-03-19T00:06:07.389+0000] {dag.py:3239} INFO - Sync 1 DAGs
[2025-03-19T00:06:07.533+0000] {logging_mixin.py:190} INFO - [2025-03-19T00:06:07.533+0000] {dag.py:4180} INFO - Setting next_dagrun for example_branch_labels to 2025-03-18 00:00:00+00:00, run_after=2025-03-19 00:00:00+00:00
[2025-03-19T00:06:07.557+0000] {processor.py:208} INFO - Processing /home/airflow/.local/lib/python3.12/site-packages/airflow/example_dags/example_branch_labels.py took 0.199 seconds
[2025-03-19T00:06:38.720+0000] {processor.py:186} INFO - Started process (PID=2978) to work on /home/airflow/.local/lib/python3.12/site-packages/airflow/example_dags/example_branch_labels.py
[2025-03-19T00:06:38.720+0000] {processor.py:914} INFO - Processing file /home/airflow/.local/lib/python3.12/site-packages/airflow/example_dags/example_branch_labels.py for tasks to queue
[2025-03-19T00:06:38.722+0000] {logging_mixin.py:190} INFO - [2025-03-19T00:06:38.722+0000] {dagbag.py:588} INFO - Filling up the DagBag from /home/airflow/.local/lib/python3.12/site-packages/airflow/example_dags/example_branch_labels.py
[2025-03-19T00:06:38.738+0000] {processor.py:925} INFO - DAG(s) 'example_branch_labels' retrieved from /home/airflow/.local/lib/python3.12/site-packages/airflow/example_dags/example_branch_labels.py
[2025-03-19T00:06:38.764+0000] {logging_mixin.py:190} INFO - [2025-03-19T00:06:38.764+0000] {dag.py:3239} INFO - Sync 1 DAGs
[2025-03-19T00:06:38.952+0000] {logging_mixin.py:190} INFO - [2025-03-19T00:06:38.952+0000] {dag.py:4180} INFO - Setting next_dagrun for example_branch_labels to 2025-03-18 00:00:00+00:00, run_after=2025-03-19 00:00:00+00:00
[2025-03-19T00:06:38.995+0000] {processor.py:208} INFO - Processing /home/airflow/.local/lib/python3.12/site-packages/airflow/example_dags/example_branch_labels.py took 0.283 seconds
[2025-03-19T00:07:09.353+0000] {processor.py:186} INFO - Started process (PID=3050) to work on /home/airflow/.local/lib/python3.12/site-packages/airflow/example_dags/example_branch_labels.py
[2025-03-19T00:07:09.354+0000] {processor.py:914} INFO - Processing file /home/airflow/.local/lib/python3.12/site-packages/airflow/example_dags/example_branch_labels.py for tasks to queue
[2025-03-19T00:07:09.356+0000] {logging_mixin.py:190} INFO - [2025-03-19T00:07:09.355+0000] {dagbag.py:588} INFO - Filling up the DagBag from /home/airflow/.local/lib/python3.12/site-packages/airflow/example_dags/example_branch_labels.py
[2025-03-19T00:07:09.360+0000] {processor.py:925} INFO - DAG(s) 'example_branch_labels' retrieved from /home/airflow/.local/lib/python3.12/site-packages/airflow/example_dags/example_branch_labels.py
[2025-03-19T00:07:09.372+0000] {logging_mixin.py:190} INFO - [2025-03-19T00:07:09.372+0000] {dag.py:3239} INFO - Sync 1 DAGs
[2025-03-19T00:07:09.496+0000] {logging_mixin.py:190} INFO - [2025-03-19T00:07:09.496+0000] {dag.py:4180} INFO - Setting next_dagrun for example_branch_labels to 2025-03-18 00:00:00+00:00, run_after=2025-03-19 00:00:00+00:00
[2025-03-19T00:07:09.504+0000] {processor.py:208} INFO - Processing /home/airflow/.local/lib/python3.12/site-packages/airflow/example_dags/example_branch_labels.py took 0.153 seconds
[2025-03-19T00:07:40.345+0000] {processor.py:186} INFO - Started process (PID=3122) to work on /home/airflow/.local/lib/python3.12/site-packages/airflow/example_dags/example_branch_labels.py
[2025-03-19T00:07:40.379+0000] {processor.py:914} INFO - Processing file /home/airflow/.local/lib/python3.12/site-packages/airflow/example_dags/example_branch_labels.py for tasks to queue
[2025-03-19T00:07:40.415+0000] {logging_mixin.py:190} INFO - [2025-03-19T00:07:40.415+0000] {dagbag.py:588} INFO - Filling up the DagBag from /home/airflow/.local/lib/python3.12/site-packages/airflow/example_dags/example_branch_labels.py
[2025-03-19T00:07:40.450+0000] {processor.py:925} INFO - DAG(s) 'example_branch_labels' retrieved from /home/airflow/.local/lib/python3.12/site-packages/airflow/example_dags/example_branch_labels.py
[2025-03-19T00:07:40.584+0000] {logging_mixin.py:190} INFO - [2025-03-19T00:07:40.584+0000] {dag.py:3239} INFO - Sync 1 DAGs
[2025-03-19T00:07:40.653+0000] {logging_mixin.py:190} INFO - [2025-03-19T00:07:40.652+0000] {dag.py:4180} INFO - Setting next_dagrun for example_branch_labels to 2025-03-18 00:00:00+00:00, run_after=2025-03-19 00:00:00+00:00
[2025-03-19T00:07:40.706+0000] {processor.py:208} INFO - Processing /home/airflow/.local/lib/python3.12/site-packages/airflow/example_dags/example_branch_labels.py took 0.365 seconds
[2025-03-19T00:08:11.226+0000] {processor.py:186} INFO - Started process (PID=3194) to work on /home/airflow/.local/lib/python3.12/site-packages/airflow/example_dags/example_branch_labels.py
[2025-03-19T00:08:11.229+0000] {processor.py:914} INFO - Processing file /home/airflow/.local/lib/python3.12/site-packages/airflow/example_dags/example_branch_labels.py for tasks to queue
[2025-03-19T00:08:11.234+0000] {logging_mixin.py:190} INFO - [2025-03-19T00:08:11.233+0000] {dagbag.py:588} INFO - Filling up the DagBag from /home/airflow/.local/lib/python3.12/site-packages/airflow/example_dags/example_branch_labels.py
[2025-03-19T00:08:11.262+0000] {processor.py:925} INFO - DAG(s) 'example_branch_labels' retrieved from /home/airflow/.local/lib/python3.12/site-packages/airflow/example_dags/example_branch_labels.py
[2025-03-19T00:08:11.313+0000] {logging_mixin.py:190} INFO - [2025-03-19T00:08:11.313+0000] {dag.py:3239} INFO - Sync 1 DAGs
[2025-03-19T00:08:11.342+0000] {logging_mixin.py:190} INFO - [2025-03-19T00:08:11.342+0000] {dag.py:4180} INFO - Setting next_dagrun for example_branch_labels to 2025-03-18 00:00:00+00:00, run_after=2025-03-19 00:00:00+00:00
[2025-03-19T00:08:11.407+0000] {processor.py:208} INFO - Processing /home/airflow/.local/lib/python3.12/site-packages/airflow/example_dags/example_branch_labels.py took 0.186 seconds
[2025-03-19T00:08:41.914+0000] {processor.py:186} INFO - Started process (PID=3266) to work on /home/airflow/.local/lib/python3.12/site-packages/airflow/example_dags/example_branch_labels.py
[2025-03-19T00:08:41.916+0000] {processor.py:914} INFO - Processing file /home/airflow/.local/lib/python3.12/site-packages/airflow/example_dags/example_branch_labels.py for tasks to queue
[2025-03-19T00:08:41.920+0000] {logging_mixin.py:190} INFO - [2025-03-19T00:08:41.920+0000] {dagbag.py:588} INFO - Filling up the DagBag from /home/airflow/.local/lib/python3.12/site-packages/airflow/example_dags/example_branch_labels.py
[2025-03-19T00:08:41.937+0000] {processor.py:925} INFO - DAG(s) 'example_branch_labels' retrieved from /home/airflow/.local/lib/python3.12/site-packages/airflow/example_dags/example_branch_labels.py
[2025-03-19T00:08:41.963+0000] {logging_mixin.py:190} INFO - [2025-03-19T00:08:41.962+0000] {dag.py:3239} INFO - Sync 1 DAGs
[2025-03-19T00:08:42.001+0000] {logging_mixin.py:190} INFO - [2025-03-19T00:08:42.001+0000] {dag.py:4180} INFO - Setting next_dagrun for example_branch_labels to 2025-03-18 00:00:00+00:00, run_after=2025-03-19 00:00:00+00:00
[2025-03-19T00:08:42.058+0000] {processor.py:208} INFO - Processing /home/airflow/.local/lib/python3.12/site-packages/airflow/example_dags/example_branch_labels.py took 0.153 seconds
[2025-03-19T00:09:12.930+0000] {processor.py:186} INFO - Started process (PID=3338) to work on /home/airflow/.local/lib/python3.12/site-packages/airflow/example_dags/example_branch_labels.py
[2025-03-19T00:09:12.938+0000] {processor.py:914} INFO - Processing file /home/airflow/.local/lib/python3.12/site-packages/airflow/example_dags/example_branch_labels.py for tasks to queue
[2025-03-19T00:09:12.959+0000] {logging_mixin.py:190} INFO - [2025-03-19T00:09:12.958+0000] {dagbag.py:588} INFO - Filling up the DagBag from /home/airflow/.local/lib/python3.12/site-packages/airflow/example_dags/example_branch_labels.py
[2025-03-19T00:09:12.995+0000] {processor.py:925} INFO - DAG(s) 'example_branch_labels' retrieved from /home/airflow/.local/lib/python3.12/site-packages/airflow/example_dags/example_branch_labels.py
[2025-03-19T00:09:13.039+0000] {logging_mixin.py:190} INFO - [2025-03-19T00:09:13.039+0000] {dag.py:3239} INFO - Sync 1 DAGs
[2025-03-19T00:09:13.088+0000] {logging_mixin.py:190} INFO - [2025-03-19T00:09:13.088+0000] {dag.py:4180} INFO - Setting next_dagrun for example_branch_labels to 2025-03-18 00:00:00+00:00, run_after=2025-03-19 00:00:00+00:00
[2025-03-19T00:09:13.116+0000] {processor.py:208} INFO - Processing /home/airflow/.local/lib/python3.12/site-packages/airflow/example_dags/example_branch_labels.py took 0.191 seconds
[2025-03-19T00:09:43.426+0000] {processor.py:186} INFO - Started process (PID=3409) to work on /home/airflow/.local/lib/python3.12/site-packages/airflow/example_dags/example_branch_labels.py
[2025-03-19T00:09:43.429+0000] {processor.py:914} INFO - Processing file /home/airflow/.local/lib/python3.12/site-packages/airflow/example_dags/example_branch_labels.py for tasks to queue
[2025-03-19T00:09:43.431+0000] {logging_mixin.py:190} INFO - [2025-03-19T00:09:43.431+0000] {dagbag.py:588} INFO - Filling up the DagBag from /home/airflow/.local/lib/python3.12/site-packages/airflow/example_dags/example_branch_labels.py
[2025-03-19T00:09:43.439+0000] {processor.py:925} INFO - DAG(s) 'example_branch_labels' retrieved from /home/airflow/.local/lib/python3.12/site-packages/airflow/example_dags/example_branch_labels.py
[2025-03-19T00:09:43.453+0000] {logging_mixin.py:190} INFO - [2025-03-19T00:09:43.453+0000] {dag.py:3239} INFO - Sync 1 DAGs
[2025-03-19T00:09:43.465+0000] {logging_mixin.py:190} INFO - [2025-03-19T00:09:43.464+0000] {dag.py:4180} INFO - Setting next_dagrun for example_branch_labels to 2025-03-18 00:00:00+00:00, run_after=2025-03-19 00:00:00+00:00
[2025-03-19T00:09:43.472+0000] {processor.py:208} INFO - Processing /home/airflow/.local/lib/python3.12/site-packages/airflow/example_dags/example_branch_labels.py took 0.048 seconds
[2025-03-19T00:10:15.002+0000] {processor.py:186} INFO - Started process (PID=3481) to work on /home/airflow/.local/lib/python3.12/site-packages/airflow/example_dags/example_branch_labels.py
[2025-03-19T00:10:15.009+0000] {processor.py:914} INFO - Processing file /home/airflow/.local/lib/python3.12/site-packages/airflow/example_dags/example_branch_labels.py for tasks to queue
[2025-03-19T00:10:15.015+0000] {logging_mixin.py:190} INFO - [2025-03-19T00:10:15.015+0000] {dagbag.py:588} INFO - Filling up the DagBag from /home/airflow/.local/lib/python3.12/site-packages/airflow/example_dags/example_branch_labels.py
[2025-03-19T00:10:15.065+0000] {processor.py:925} INFO - DAG(s) 'example_branch_labels' retrieved from /home/airflow/.local/lib/python3.12/site-packages/airflow/example_dags/example_branch_labels.py
[2025-03-19T00:10:15.116+0000] {logging_mixin.py:190} INFO - [2025-03-19T00:10:15.115+0000] {dag.py:3239} INFO - Sync 1 DAGs
[2025-03-19T00:10:15.189+0000] {logging_mixin.py:190} INFO - [2025-03-19T00:10:15.189+0000] {dag.py:4180} INFO - Setting next_dagrun for example_branch_labels to 2025-03-18 00:00:00+00:00, run_after=2025-03-19 00:00:00+00:00
[2025-03-19T00:10:15.206+0000] {processor.py:208} INFO - Processing /home/airflow/.local/lib/python3.12/site-packages/airflow/example_dags/example_branch_labels.py took 0.224 seconds
[2025-03-19T00:10:46.160+0000] {processor.py:186} INFO - Started process (PID=3553) to work on /home/airflow/.local/lib/python3.12/site-packages/airflow/example_dags/example_branch_labels.py
[2025-03-19T00:10:46.161+0000] {processor.py:914} INFO - Processing file /home/airflow/.local/lib/python3.12/site-packages/airflow/example_dags/example_branch_labels.py for tasks to queue
[2025-03-19T00:10:46.164+0000] {logging_mixin.py:190} INFO - [2025-03-19T00:10:46.163+0000] {dagbag.py:588} INFO - Filling up the DagBag from /home/airflow/.local/lib/python3.12/site-packages/airflow/example_dags/example_branch_labels.py
[2025-03-19T00:10:46.187+0000] {processor.py:925} INFO - DAG(s) 'example_branch_labels' retrieved from /home/airflow/.local/lib/python3.12/site-packages/airflow/example_dags/example_branch_labels.py
[2025-03-19T00:10:46.218+0000] {logging_mixin.py:190} INFO - [2025-03-19T00:10:46.217+0000] {dag.py:3239} INFO - Sync 1 DAGs
[2025-03-19T00:10:46.288+0000] {logging_mixin.py:190} INFO - [2025-03-19T00:10:46.288+0000] {dag.py:4180} INFO - Setting next_dagrun for example_branch_labels to 2025-03-18 00:00:00+00:00, run_after=2025-03-19 00:00:00+00:00
[2025-03-19T00:10:46.313+0000] {processor.py:208} INFO - Processing /home/airflow/.local/lib/python3.12/site-packages/airflow/example_dags/example_branch_labels.py took 0.162 seconds
[2025-03-19T00:11:47.821+0000] {processor.py:186} INFO - Started process (PID=3697) to work on /home/airflow/.local/lib/python3.12/site-packages/airflow/example_dags/example_branch_labels.py
[2025-03-19T00:11:47.822+0000] {processor.py:914} INFO - Processing file /home/airflow/.local/lib/python3.12/site-packages/airflow/example_dags/example_branch_labels.py for tasks to queue
[2025-03-19T00:11:47.826+0000] {logging_mixin.py:190} INFO - [2025-03-19T00:11:47.826+0000] {dagbag.py:588} INFO - Filling up the DagBag from /home/airflow/.local/lib/python3.12/site-packages/airflow/example_dags/example_branch_labels.py
[2025-03-19T00:11:47.839+0000] {processor.py:925} INFO - DAG(s) 'example_branch_labels' retrieved from /home/airflow/.local/lib/python3.12/site-packages/airflow/example_dags/example_branch_labels.py
[2025-03-19T00:11:47.865+0000] {logging_mixin.py:190} INFO - [2025-03-19T00:11:47.865+0000] {dag.py:3239} INFO - Sync 1 DAGs
[2025-03-19T00:11:47.882+0000] {logging_mixin.py:190} INFO - [2025-03-19T00:11:47.882+0000] {dag.py:4180} INFO - Setting next_dagrun for example_branch_labels to 2025-03-18 00:00:00+00:00, run_after=2025-03-19 00:00:00+00:00
[2025-03-19T00:11:47.892+0000] {processor.py:208} INFO - Processing /home/airflow/.local/lib/python3.12/site-packages/airflow/example_dags/example_branch_labels.py took 0.093 seconds
[2025-03-19T00:12:18.225+0000] {processor.py:186} INFO - Started process (PID=3769) to work on /home/airflow/.local/lib/python3.12/site-packages/airflow/example_dags/example_branch_labels.py
[2025-03-19T00:12:18.226+0000] {processor.py:914} INFO - Processing file /home/airflow/.local/lib/python3.12/site-packages/airflow/example_dags/example_branch_labels.py for tasks to queue
[2025-03-19T00:12:18.227+0000] {logging_mixin.py:190} INFO - [2025-03-19T00:12:18.227+0000] {dagbag.py:588} INFO - Filling up the DagBag from /home/airflow/.local/lib/python3.12/site-packages/airflow/example_dags/example_branch_labels.py
[2025-03-19T00:12:18.232+0000] {processor.py:925} INFO - DAG(s) 'example_branch_labels' retrieved from /home/airflow/.local/lib/python3.12/site-packages/airflow/example_dags/example_branch_labels.py
[2025-03-19T00:12:18.243+0000] {logging_mixin.py:190} INFO - [2025-03-19T00:12:18.243+0000] {dag.py:3239} INFO - Sync 1 DAGs
[2025-03-19T00:12:18.263+0000] {logging_mixin.py:190} INFO - [2025-03-19T00:12:18.263+0000] {dag.py:4180} INFO - Setting next_dagrun for example_branch_labels to 2025-03-18 00:00:00+00:00, run_after=2025-03-19 00:00:00+00:00
[2025-03-19T00:12:18.283+0000] {processor.py:208} INFO - Processing /home/airflow/.local/lib/python3.12/site-packages/airflow/example_dags/example_branch_labels.py took 0.060 seconds
[2025-03-19T00:12:49.329+0000] {processor.py:186} INFO - Started process (PID=3841) to work on /home/airflow/.local/lib/python3.12/site-packages/airflow/example_dags/example_branch_labels.py
[2025-03-19T00:12:49.351+0000] {processor.py:914} INFO - Processing file /home/airflow/.local/lib/python3.12/site-packages/airflow/example_dags/example_branch_labels.py for tasks to queue
[2025-03-19T00:12:49.357+0000] {logging_mixin.py:190} INFO - [2025-03-19T00:12:49.357+0000] {dagbag.py:588} INFO - Filling up the DagBag from /home/airflow/.local/lib/python3.12/site-packages/airflow/example_dags/example_branch_labels.py
[2025-03-19T00:12:49.399+0000] {processor.py:925} INFO - DAG(s) 'example_branch_labels' retrieved from /home/airflow/.local/lib/python3.12/site-packages/airflow/example_dags/example_branch_labels.py
[2025-03-19T00:12:49.449+0000] {logging_mixin.py:190} INFO - [2025-03-19T00:12:49.449+0000] {dag.py:3239} INFO - Sync 1 DAGs
[2025-03-19T00:12:49.499+0000] {logging_mixin.py:190} INFO - [2025-03-19T00:12:49.499+0000] {dag.py:4180} INFO - Setting next_dagrun for example_branch_labels to 2025-03-18 00:00:00+00:00, run_after=2025-03-19 00:00:00+00:00
[2025-03-19T00:12:49.525+0000] {processor.py:208} INFO - Processing /home/airflow/.local/lib/python3.12/site-packages/airflow/example_dags/example_branch_labels.py took 0.206 seconds
[2025-03-19T00:13:19.690+0000] {processor.py:186} INFO - Started process (PID=3913) to work on /home/airflow/.local/lib/python3.12/site-packages/airflow/example_dags/example_branch_labels.py
[2025-03-19T00:13:19.694+0000] {processor.py:914} INFO - Processing file /home/airflow/.local/lib/python3.12/site-packages/airflow/example_dags/example_branch_labels.py for tasks to queue
[2025-03-19T00:13:19.697+0000] {logging_mixin.py:190} INFO - [2025-03-19T00:13:19.697+0000] {dagbag.py:588} INFO - Filling up the DagBag from /home/airflow/.local/lib/python3.12/site-packages/airflow/example_dags/example_branch_labels.py
[2025-03-19T00:13:19.719+0000] {processor.py:925} INFO - DAG(s) 'example_branch_labels' retrieved from /home/airflow/.local/lib/python3.12/site-packages/airflow/example_dags/example_branch_labels.py
[2025-03-19T00:13:19.756+0000] {logging_mixin.py:190} INFO - [2025-03-19T00:13:19.756+0000] {dag.py:3239} INFO - Sync 1 DAGs
[2025-03-19T00:13:19.835+0000] {logging_mixin.py:190} INFO - [2025-03-19T00:13:19.834+0000] {dag.py:4180} INFO - Setting next_dagrun for example_branch_labels to 2025-03-18 00:00:00+00:00, run_after=2025-03-19 00:00:00+00:00
[2025-03-19T00:13:19.882+0000] {processor.py:208} INFO - Processing /home/airflow/.local/lib/python3.12/site-packages/airflow/example_dags/example_branch_labels.py took 0.197 seconds
[2025-03-19T00:13:50.112+0000] {processor.py:186} INFO - Started process (PID=3984) to work on /home/airflow/.local/lib/python3.12/site-packages/airflow/example_dags/example_branch_labels.py
[2025-03-19T00:13:50.112+0000] {processor.py:914} INFO - Processing file /home/airflow/.local/lib/python3.12/site-packages/airflow/example_dags/example_branch_labels.py for tasks to queue
[2025-03-19T00:13:50.114+0000] {logging_mixin.py:190} INFO - [2025-03-19T00:13:50.113+0000] {dagbag.py:588} INFO - Filling up the DagBag from /home/airflow/.local/lib/python3.12/site-packages/airflow/example_dags/example_branch_labels.py
[2025-03-19T00:13:50.119+0000] {processor.py:925} INFO - DAG(s) 'example_branch_labels' retrieved from /home/airflow/.local/lib/python3.12/site-packages/airflow/example_dags/example_branch_labels.py
[2025-03-19T00:13:50.130+0000] {logging_mixin.py:190} INFO - [2025-03-19T00:13:50.130+0000] {dag.py:3239} INFO - Sync 1 DAGs
[2025-03-19T00:13:50.143+0000] {logging_mixin.py:190} INFO - [2025-03-19T00:13:50.143+0000] {dag.py:4180} INFO - Setting next_dagrun for example_branch_labels to 2025-03-18 00:00:00+00:00, run_after=2025-03-19 00:00:00+00:00
[2025-03-19T00:13:50.152+0000] {processor.py:208} INFO - Processing /home/airflow/.local/lib/python3.12/site-packages/airflow/example_dags/example_branch_labels.py took 0.044 seconds
[2025-03-19T00:14:21.079+0000] {processor.py:186} INFO - Started process (PID=4056) to work on /home/airflow/.local/lib/python3.12/site-packages/airflow/example_dags/example_branch_labels.py
[2025-03-19T00:14:21.083+0000] {processor.py:914} INFO - Processing file /home/airflow/.local/lib/python3.12/site-packages/airflow/example_dags/example_branch_labels.py for tasks to queue
[2025-03-19T00:14:21.087+0000] {logging_mixin.py:190} INFO - [2025-03-19T00:14:21.087+0000] {dagbag.py:588} INFO - Filling up the DagBag from /home/airflow/.local/lib/python3.12/site-packages/airflow/example_dags/example_branch_labels.py
[2025-03-19T00:14:21.112+0000] {processor.py:925} INFO - DAG(s) 'example_branch_labels' retrieved from /home/airflow/.local/lib/python3.12/site-packages/airflow/example_dags/example_branch_labels.py
[2025-03-19T00:14:21.145+0000] {logging_mixin.py:190} INFO - [2025-03-19T00:14:21.144+0000] {dag.py:3239} INFO - Sync 1 DAGs
[2025-03-19T00:14:21.197+0000] {logging_mixin.py:190} INFO - [2025-03-19T00:14:21.196+0000] {dag.py:4180} INFO - Setting next_dagrun for example_branch_labels to 2025-03-18 00:00:00+00:00, run_after=2025-03-19 00:00:00+00:00
[2025-03-19T00:14:21.232+0000] {processor.py:208} INFO - Processing /home/airflow/.local/lib/python3.12/site-packages/airflow/example_dags/example_branch_labels.py took 0.172 seconds
[2025-03-19T00:14:52.828+0000] {processor.py:186} INFO - Started process (PID=4126) to work on /home/airflow/.local/lib/python3.12/site-packages/airflow/example_dags/example_branch_labels.py
[2025-03-19T00:14:52.829+0000] {processor.py:914} INFO - Processing file /home/airflow/.local/lib/python3.12/site-packages/airflow/example_dags/example_branch_labels.py for tasks to queue
[2025-03-19T00:14:52.833+0000] {logging_mixin.py:190} INFO - [2025-03-19T00:14:52.832+0000] {dagbag.py:588} INFO - Filling up the DagBag from /home/airflow/.local/lib/python3.12/site-packages/airflow/example_dags/example_branch_labels.py
[2025-03-19T00:14:52.841+0000] {processor.py:925} INFO - DAG(s) 'example_branch_labels' retrieved from /home/airflow/.local/lib/python3.12/site-packages/airflow/example_dags/example_branch_labels.py
[2025-03-19T00:14:52.875+0000] {logging_mixin.py:190} INFO - [2025-03-19T00:14:52.874+0000] {dag.py:3239} INFO - Sync 1 DAGs
[2025-03-19T00:14:52.895+0000] {logging_mixin.py:190} INFO - [2025-03-19T00:14:52.895+0000] {dag.py:4180} INFO - Setting next_dagrun for example_branch_labels to 2025-03-18 00:00:00+00:00, run_after=2025-03-19 00:00:00+00:00
[2025-03-19T00:14:52.917+0000] {processor.py:208} INFO - Processing /home/airflow/.local/lib/python3.12/site-packages/airflow/example_dags/example_branch_labels.py took 0.107 seconds
[2025-03-19T00:15:24.363+0000] {processor.py:186} INFO - Started process (PID=4197) to work on /home/airflow/.local/lib/python3.12/site-packages/airflow/example_dags/example_branch_labels.py
[2025-03-19T00:15:24.378+0000] {processor.py:914} INFO - Processing file /home/airflow/.local/lib/python3.12/site-packages/airflow/example_dags/example_branch_labels.py for tasks to queue
[2025-03-19T00:15:24.387+0000] {logging_mixin.py:190} INFO - [2025-03-19T00:15:24.386+0000] {dagbag.py:588} INFO - Filling up the DagBag from /home/airflow/.local/lib/python3.12/site-packages/airflow/example_dags/example_branch_labels.py
[2025-03-19T00:15:24.402+0000] {processor.py:925} INFO - DAG(s) 'example_branch_labels' retrieved from /home/airflow/.local/lib/python3.12/site-packages/airflow/example_dags/example_branch_labels.py
[2025-03-19T00:15:24.430+0000] {logging_mixin.py:190} INFO - [2025-03-19T00:15:24.430+0000] {dag.py:3239} INFO - Sync 1 DAGs
[2025-03-19T00:15:24.463+0000] {logging_mixin.py:190} INFO - [2025-03-19T00:15:24.462+0000] {dag.py:4180} INFO - Setting next_dagrun for example_branch_labels to 2025-03-18 00:00:00+00:00, run_after=2025-03-19 00:00:00+00:00
[2025-03-19T00:15:24.498+0000] {processor.py:208} INFO - Processing /home/airflow/.local/lib/python3.12/site-packages/airflow/example_dags/example_branch_labels.py took 0.147 seconds
[2025-03-19T00:15:55.174+0000] {processor.py:186} INFO - Started process (PID=4268) to work on /home/airflow/.local/lib/python3.12/site-packages/airflow/example_dags/example_branch_labels.py
[2025-03-19T00:15:55.191+0000] {processor.py:914} INFO - Processing file /home/airflow/.local/lib/python3.12/site-packages/airflow/example_dags/example_branch_labels.py for tasks to queue
[2025-03-19T00:15:55.197+0000] {logging_mixin.py:190} INFO - [2025-03-19T00:15:55.196+0000] {dagbag.py:588} INFO - Filling up the DagBag from /home/airflow/.local/lib/python3.12/site-packages/airflow/example_dags/example_branch_labels.py
[2025-03-19T00:15:55.321+0000] {processor.py:925} INFO - DAG(s) 'example_branch_labels' retrieved from /home/airflow/.local/lib/python3.12/site-packages/airflow/example_dags/example_branch_labels.py
[2025-03-19T00:15:55.369+0000] {logging_mixin.py:190} INFO - [2025-03-19T00:15:55.368+0000] {dag.py:3239} INFO - Sync 1 DAGs
[2025-03-19T00:15:55.413+0000] {logging_mixin.py:190} INFO - [2025-03-19T00:15:55.412+0000] {dag.py:4180} INFO - Setting next_dagrun for example_branch_labels to 2025-03-18 00:00:00+00:00, run_after=2025-03-19 00:00:00+00:00
[2025-03-19T00:15:55.450+0000] {processor.py:208} INFO - Processing /home/airflow/.local/lib/python3.12/site-packages/airflow/example_dags/example_branch_labels.py took 0.295 seconds
[2025-03-19T00:16:26.055+0000] {processor.py:186} INFO - Started process (PID=4338) to work on /home/airflow/.local/lib/python3.12/site-packages/airflow/example_dags/example_branch_labels.py
[2025-03-19T00:16:26.070+0000] {processor.py:914} INFO - Processing file /home/airflow/.local/lib/python3.12/site-packages/airflow/example_dags/example_branch_labels.py for tasks to queue
[2025-03-19T00:16:26.075+0000] {logging_mixin.py:190} INFO - [2025-03-19T00:16:26.075+0000] {dagbag.py:588} INFO - Filling up the DagBag from /home/airflow/.local/lib/python3.12/site-packages/airflow/example_dags/example_branch_labels.py
[2025-03-19T00:16:26.087+0000] {processor.py:925} INFO - DAG(s) 'example_branch_labels' retrieved from /home/airflow/.local/lib/python3.12/site-packages/airflow/example_dags/example_branch_labels.py
[2025-03-19T00:16:26.186+0000] {logging_mixin.py:190} INFO - [2025-03-19T00:16:26.183+0000] {dag.py:3239} INFO - Sync 1 DAGs
[2025-03-19T00:16:26.236+0000] {logging_mixin.py:190} INFO - [2025-03-19T00:16:26.236+0000] {dag.py:4180} INFO - Setting next_dagrun for example_branch_labels to 2025-03-18 00:00:00+00:00, run_after=2025-03-19 00:00:00+00:00
[2025-03-19T00:16:26.274+0000] {processor.py:208} INFO - Processing /home/airflow/.local/lib/python3.12/site-packages/airflow/example_dags/example_branch_labels.py took 0.237 seconds
[2025-03-19T00:16:56.875+0000] {processor.py:186} INFO - Started process (PID=4410) to work on /home/airflow/.local/lib/python3.12/site-packages/airflow/example_dags/example_branch_labels.py
[2025-03-19T00:16:56.878+0000] {processor.py:914} INFO - Processing file /home/airflow/.local/lib/python3.12/site-packages/airflow/example_dags/example_branch_labels.py for tasks to queue
[2025-03-19T00:16:56.886+0000] {logging_mixin.py:190} INFO - [2025-03-19T00:16:56.886+0000] {dagbag.py:588} INFO - Filling up the DagBag from /home/airflow/.local/lib/python3.12/site-packages/airflow/example_dags/example_branch_labels.py
[2025-03-19T00:16:56.924+0000] {processor.py:925} INFO - DAG(s) 'example_branch_labels' retrieved from /home/airflow/.local/lib/python3.12/site-packages/airflow/example_dags/example_branch_labels.py
[2025-03-19T00:16:56.973+0000] {logging_mixin.py:190} INFO - [2025-03-19T00:16:56.973+0000] {dag.py:3239} INFO - Sync 1 DAGs
[2025-03-19T00:16:57.034+0000] {logging_mixin.py:190} INFO - [2025-03-19T00:16:57.034+0000] {dag.py:4180} INFO - Setting next_dagrun for example_branch_labels to 2025-03-18 00:00:00+00:00, run_after=2025-03-19 00:00:00+00:00
[2025-03-19T00:16:57.103+0000] {processor.py:208} INFO - Processing /home/airflow/.local/lib/python3.12/site-packages/airflow/example_dags/example_branch_labels.py took 0.244 seconds
[2025-03-19T00:17:27.379+0000] {processor.py:186} INFO - Started process (PID=4482) to work on /home/airflow/.local/lib/python3.12/site-packages/airflow/example_dags/example_branch_labels.py
[2025-03-19T00:17:27.394+0000] {processor.py:914} INFO - Processing file /home/airflow/.local/lib/python3.12/site-packages/airflow/example_dags/example_branch_labels.py for tasks to queue
[2025-03-19T00:17:27.429+0000] {logging_mixin.py:190} INFO - [2025-03-19T00:17:27.425+0000] {dagbag.py:588} INFO - Filling up the DagBag from /home/airflow/.local/lib/python3.12/site-packages/airflow/example_dags/example_branch_labels.py
[2025-03-19T00:17:27.476+0000] {processor.py:925} INFO - DAG(s) 'example_branch_labels' retrieved from /home/airflow/.local/lib/python3.12/site-packages/airflow/example_dags/example_branch_labels.py
[2025-03-19T00:17:27.565+0000] {logging_mixin.py:190} INFO - [2025-03-19T00:17:27.563+0000] {dag.py:3239} INFO - Sync 1 DAGs
[2025-03-19T00:17:27.638+0000] {logging_mixin.py:190} INFO - [2025-03-19T00:17:27.637+0000] {dag.py:4180} INFO - Setting next_dagrun for example_branch_labels to 2025-03-18 00:00:00+00:00, run_after=2025-03-19 00:00:00+00:00
[2025-03-19T00:17:27.720+0000] {processor.py:208} INFO - Processing /home/airflow/.local/lib/python3.12/site-packages/airflow/example_dags/example_branch_labels.py took 0.375 seconds
[2025-03-19T00:17:58.050+0000] {processor.py:186} INFO - Started process (PID=4554) to work on /home/airflow/.local/lib/python3.12/site-packages/airflow/example_dags/example_branch_labels.py
[2025-03-19T00:17:58.053+0000] {processor.py:914} INFO - Processing file /home/airflow/.local/lib/python3.12/site-packages/airflow/example_dags/example_branch_labels.py for tasks to queue
[2025-03-19T00:17:58.063+0000] {logging_mixin.py:190} INFO - [2025-03-19T00:17:58.063+0000] {dagbag.py:588} INFO - Filling up the DagBag from /home/airflow/.local/lib/python3.12/site-packages/airflow/example_dags/example_branch_labels.py
[2025-03-19T00:17:58.089+0000] {processor.py:925} INFO - DAG(s) 'example_branch_labels' retrieved from /home/airflow/.local/lib/python3.12/site-packages/airflow/example_dags/example_branch_labels.py
[2025-03-19T00:17:58.158+0000] {logging_mixin.py:190} INFO - [2025-03-19T00:17:58.158+0000] {dag.py:3239} INFO - Sync 1 DAGs
[2025-03-19T00:17:58.206+0000] {logging_mixin.py:190} INFO - [2025-03-19T00:17:58.206+0000] {dag.py:4180} INFO - Setting next_dagrun for example_branch_labels to 2025-03-18 00:00:00+00:00, run_after=2025-03-19 00:00:00+00:00
[2025-03-19T00:17:58.273+0000] {processor.py:208} INFO - Processing /home/airflow/.local/lib/python3.12/site-packages/airflow/example_dags/example_branch_labels.py took 0.232 seconds
[2025-03-19T00:18:28.893+0000] {processor.py:186} INFO - Started process (PID=4626) to work on /home/airflow/.local/lib/python3.12/site-packages/airflow/example_dags/example_branch_labels.py
[2025-03-19T00:18:28.894+0000] {processor.py:914} INFO - Processing file /home/airflow/.local/lib/python3.12/site-packages/airflow/example_dags/example_branch_labels.py for tasks to queue
[2025-03-19T00:18:28.896+0000] {logging_mixin.py:190} INFO - [2025-03-19T00:18:28.896+0000] {dagbag.py:588} INFO - Filling up the DagBag from /home/airflow/.local/lib/python3.12/site-packages/airflow/example_dags/example_branch_labels.py
[2025-03-19T00:18:28.903+0000] {processor.py:925} INFO - DAG(s) 'example_branch_labels' retrieved from /home/airflow/.local/lib/python3.12/site-packages/airflow/example_dags/example_branch_labels.py
[2025-03-19T00:18:28.915+0000] {logging_mixin.py:190} INFO - [2025-03-19T00:18:28.915+0000] {dag.py:3239} INFO - Sync 1 DAGs
[2025-03-19T00:18:28.927+0000] {logging_mixin.py:190} INFO - [2025-03-19T00:18:28.927+0000] {dag.py:4180} INFO - Setting next_dagrun for example_branch_labels to 2025-03-18 00:00:00+00:00, run_after=2025-03-19 00:00:00+00:00
[2025-03-19T00:18:28.934+0000] {processor.py:208} INFO - Processing /home/airflow/.local/lib/python3.12/site-packages/airflow/example_dags/example_branch_labels.py took 0.046 seconds
[2025-03-19T00:18:59.743+0000] {processor.py:186} INFO - Started process (PID=4704) to work on /home/airflow/.local/lib/python3.12/site-packages/airflow/example_dags/example_branch_labels.py
[2025-03-19T00:18:59.744+0000] {processor.py:914} INFO - Processing file /home/airflow/.local/lib/python3.12/site-packages/airflow/example_dags/example_branch_labels.py for tasks to queue
[2025-03-19T00:18:59.748+0000] {logging_mixin.py:190} INFO - [2025-03-19T00:18:59.747+0000] {dagbag.py:588} INFO - Filling up the DagBag from /home/airflow/.local/lib/python3.12/site-packages/airflow/example_dags/example_branch_labels.py
[2025-03-19T00:18:59.755+0000] {processor.py:925} INFO - DAG(s) 'example_branch_labels' retrieved from /home/airflow/.local/lib/python3.12/site-packages/airflow/example_dags/example_branch_labels.py
[2025-03-19T00:18:59.776+0000] {logging_mixin.py:190} INFO - [2025-03-19T00:18:59.776+0000] {dag.py:3239} INFO - Sync 1 DAGs
[2025-03-19T00:18:59.810+0000] {logging_mixin.py:190} INFO - [2025-03-19T00:18:59.810+0000] {dag.py:4180} INFO - Setting next_dagrun for example_branch_labels to 2025-03-18 00:00:00+00:00, run_after=2025-03-19 00:00:00+00:00
[2025-03-19T00:18:59.823+0000] {processor.py:208} INFO - Processing /home/airflow/.local/lib/python3.12/site-packages/airflow/example_dags/example_branch_labels.py took 0.087 seconds
