[2025-03-19T00:00:25.827+0000] {processor.py:186} INFO - Started process (PID=2138) to work on /home/airflow/.local/lib/python3.12/site-packages/airflow/example_dags/example_latest_only_with_trigger.py
[2025-03-19T00:00:25.827+0000] {processor.py:914} INFO - Processing file /home/airflow/.local/lib/python3.12/site-packages/airflow/example_dags/example_latest_only_with_trigger.py for tasks to queue
[2025-03-19T00:00:25.829+0000] {logging_mixin.py:190} INFO - [2025-03-19T00:00:25.829+0000] {dagbag.py:588} INFO - Filling up the DagBag from /home/airflow/.local/lib/python3.12/site-packages/airflow/example_dags/example_latest_only_with_trigger.py
[2025-03-19T00:00:25.834+0000] {processor.py:925} INFO - DAG(s) 'latest_only_with_trigger' retrieved from /home/airflow/.local/lib/python3.12/site-packages/airflow/example_dags/example_latest_only_with_trigger.py
[2025-03-19T00:00:25.852+0000] {logging_mixin.py:190} INFO - [2025-03-19T00:00:25.852+0000] {dag.py:3239} INFO - Sync 1 DAGs
[2025-03-19T00:00:25.868+0000] {logging_mixin.py:190} INFO - [2025-03-19T00:00:25.868+0000] {dag.py:4180} INFO - Setting next_dagrun for latest_only_with_trigger to 2025-03-18 20:00:00+00:00, run_after=2025-03-19 00:00:00+00:00
[2025-03-19T00:00:25.880+0000] {processor.py:208} INFO - Processing /home/airflow/.local/lib/python3.12/site-packages/airflow/example_dags/example_latest_only_with_trigger.py took 0.062 seconds
[2025-03-19T00:00:57.094+0000] {processor.py:186} INFO - Started process (PID=2209) to work on /home/airflow/.local/lib/python3.12/site-packages/airflow/example_dags/example_latest_only_with_trigger.py
[2025-03-19T00:00:57.095+0000] {processor.py:914} INFO - Processing file /home/airflow/.local/lib/python3.12/site-packages/airflow/example_dags/example_latest_only_with_trigger.py for tasks to queue
[2025-03-19T00:00:57.098+0000] {logging_mixin.py:190} INFO - [2025-03-19T00:00:57.098+0000] {dagbag.py:588} INFO - Filling up the DagBag from /home/airflow/.local/lib/python3.12/site-packages/airflow/example_dags/example_latest_only_with_trigger.py
[2025-03-19T00:00:57.106+0000] {processor.py:925} INFO - DAG(s) 'latest_only_with_trigger' retrieved from /home/airflow/.local/lib/python3.12/site-packages/airflow/example_dags/example_latest_only_with_trigger.py
[2025-03-19T00:00:57.123+0000] {logging_mixin.py:190} INFO - [2025-03-19T00:00:57.123+0000] {dag.py:3239} INFO - Sync 1 DAGs
[2025-03-19T00:00:57.135+0000] {logging_mixin.py:190} INFO - [2025-03-19T00:00:57.135+0000] {dag.py:4180} INFO - Setting next_dagrun for latest_only_with_trigger to 2025-03-18 20:00:00+00:00, run_after=2025-03-19 00:00:00+00:00
[2025-03-19T00:00:57.155+0000] {processor.py:208} INFO - Processing /home/airflow/.local/lib/python3.12/site-packages/airflow/example_dags/example_latest_only_with_trigger.py took 0.065 seconds
[2025-03-19T00:01:27.554+0000] {processor.py:186} INFO - Started process (PID=2282) to work on /home/airflow/.local/lib/python3.12/site-packages/airflow/example_dags/example_latest_only_with_trigger.py
[2025-03-19T00:01:27.561+0000] {processor.py:914} INFO - Processing file /home/airflow/.local/lib/python3.12/site-packages/airflow/example_dags/example_latest_only_with_trigger.py for tasks to queue
[2025-03-19T00:01:27.566+0000] {logging_mixin.py:190} INFO - [2025-03-19T00:01:27.566+0000] {dagbag.py:588} INFO - Filling up the DagBag from /home/airflow/.local/lib/python3.12/site-packages/airflow/example_dags/example_latest_only_with_trigger.py
[2025-03-19T00:01:27.570+0000] {processor.py:925} INFO - DAG(s) 'latest_only_with_trigger' retrieved from /home/airflow/.local/lib/python3.12/site-packages/airflow/example_dags/example_latest_only_with_trigger.py
[2025-03-19T00:01:27.589+0000] {logging_mixin.py:190} INFO - [2025-03-19T00:01:27.589+0000] {dag.py:3239} INFO - Sync 1 DAGs
[2025-03-19T00:01:27.616+0000] {logging_mixin.py:190} INFO - [2025-03-19T00:01:27.616+0000] {dag.py:4180} INFO - Setting next_dagrun for latest_only_with_trigger to 2025-03-18 20:00:00+00:00, run_after=2025-03-19 00:00:00+00:00
[2025-03-19T00:01:27.634+0000] {processor.py:208} INFO - Processing /home/airflow/.local/lib/python3.12/site-packages/airflow/example_dags/example_latest_only_with_trigger.py took 0.085 seconds
[2025-03-19T00:02:02.912+0000] {processor.py:186} INFO - Started process (PID=2347) to work on /home/airflow/.local/lib/python3.12/site-packages/airflow/example_dags/example_latest_only_with_trigger.py
[2025-03-19T00:02:02.913+0000] {processor.py:914} INFO - Processing file /home/airflow/.local/lib/python3.12/site-packages/airflow/example_dags/example_latest_only_with_trigger.py for tasks to queue
[2025-03-19T00:02:02.916+0000] {logging_mixin.py:190} INFO - [2025-03-19T00:02:02.916+0000] {dagbag.py:588} INFO - Filling up the DagBag from /home/airflow/.local/lib/python3.12/site-packages/airflow/example_dags/example_latest_only_with_trigger.py
[2025-03-19T00:02:02.925+0000] {processor.py:925} INFO - DAG(s) 'latest_only_with_trigger' retrieved from /home/airflow/.local/lib/python3.12/site-packages/airflow/example_dags/example_latest_only_with_trigger.py
[2025-03-19T00:02:02.940+0000] {logging_mixin.py:190} INFO - [2025-03-19T00:02:02.939+0000] {dag.py:3239} INFO - Sync 1 DAGs
[2025-03-19T00:02:02.964+0000] {logging_mixin.py:190} INFO - [2025-03-19T00:02:02.964+0000] {dag.py:4180} INFO - Setting next_dagrun for latest_only_with_trigger to 2025-03-18 20:00:00+00:00, run_after=2025-03-19 00:00:00+00:00
[2025-03-19T00:02:02.985+0000] {processor.py:208} INFO - Processing /home/airflow/.local/lib/python3.12/site-packages/airflow/example_dags/example_latest_only_with_trigger.py took 0.076 seconds
[2025-03-19T00:02:33.361+0000] {processor.py:186} INFO - Started process (PID=2418) to work on /home/airflow/.local/lib/python3.12/site-packages/airflow/example_dags/example_latest_only_with_trigger.py
[2025-03-19T00:02:33.361+0000] {processor.py:914} INFO - Processing file /home/airflow/.local/lib/python3.12/site-packages/airflow/example_dags/example_latest_only_with_trigger.py for tasks to queue
[2025-03-19T00:02:33.363+0000] {logging_mixin.py:190} INFO - [2025-03-19T00:02:33.363+0000] {dagbag.py:588} INFO - Filling up the DagBag from /home/airflow/.local/lib/python3.12/site-packages/airflow/example_dags/example_latest_only_with_trigger.py
[2025-03-19T00:02:33.371+0000] {processor.py:925} INFO - DAG(s) 'latest_only_with_trigger' retrieved from /home/airflow/.local/lib/python3.12/site-packages/airflow/example_dags/example_latest_only_with_trigger.py
[2025-03-19T00:02:33.385+0000] {logging_mixin.py:190} INFO - [2025-03-19T00:02:33.384+0000] {dag.py:3239} INFO - Sync 1 DAGs
[2025-03-19T00:02:33.410+0000] {logging_mixin.py:190} INFO - [2025-03-19T00:02:33.409+0000] {dag.py:4180} INFO - Setting next_dagrun for latest_only_with_trigger to 2025-03-18 20:00:00+00:00, run_after=2025-03-19 00:00:00+00:00
[2025-03-19T00:02:33.426+0000] {processor.py:208} INFO - Processing /home/airflow/.local/lib/python3.12/site-packages/airflow/example_dags/example_latest_only_with_trigger.py took 0.069 seconds
