[2025-03-19T00:00:26.144+0000] {processor.py:186} INFO - Started process (PID=2144) to work on /home/airflow/.local/lib/python3.12/site-packages/airflow/example_dags/example_python_decorator.py
[2025-03-19T00:00:26.147+0000] {processor.py:914} INFO - Processing file /home/airflow/.local/lib/python3.12/site-packages/airflow/example_dags/example_python_decorator.py for tasks to queue
[2025-03-19T00:00:26.148+0000] {logging_mixin.py:190} INFO - [2025-03-19T00:00:26.148+0000] {dagbag.py:588} INFO - Filling up the DagBag from /home/airflow/.local/lib/python3.12/site-packages/airflow/example_dags/example_python_decorator.py
[2025-03-19T00:00:26.156+0000] {processor.py:925} INFO - DAG(s) 'example_python_decorator' retrieved from /home/airflow/.local/lib/python3.12/site-packages/airflow/example_dags/example_python_decorator.py
[2025-03-19T00:00:26.167+0000] {logging_mixin.py:190} INFO - [2025-03-19T00:00:26.167+0000] {dag.py:3239} INFO - Sync 1 DAGs
[2025-03-19T00:00:26.174+0000] {logging_mixin.py:190} INFO - [2025-03-19T00:00:26.174+0000] {dag.py:4180} INFO - Setting next_dagrun for example_python_decorator to None, run_after=None
[2025-03-19T00:00:26.181+0000] {processor.py:208} INFO - Processing /home/airflow/.local/lib/python3.12/site-packages/airflow/example_dags/example_python_decorator.py took 0.040 seconds
[2025-03-19T00:00:57.409+0000] {processor.py:186} INFO - Started process (PID=2215) to work on /home/airflow/.local/lib/python3.12/site-packages/airflow/example_dags/example_python_decorator.py
[2025-03-19T00:00:57.410+0000] {processor.py:914} INFO - Processing file /home/airflow/.local/lib/python3.12/site-packages/airflow/example_dags/example_python_decorator.py for tasks to queue
[2025-03-19T00:00:57.413+0000] {logging_mixin.py:190} INFO - [2025-03-19T00:00:57.413+0000] {dagbag.py:588} INFO - Filling up the DagBag from /home/airflow/.local/lib/python3.12/site-packages/airflow/example_dags/example_python_decorator.py
[2025-03-19T00:00:57.424+0000] {processor.py:925} INFO - DAG(s) 'example_python_decorator' retrieved from /home/airflow/.local/lib/python3.12/site-packages/airflow/example_dags/example_python_decorator.py
[2025-03-19T00:00:57.440+0000] {logging_mixin.py:190} INFO - [2025-03-19T00:00:57.440+0000] {dag.py:3239} INFO - Sync 1 DAGs
[2025-03-19T00:00:57.449+0000] {logging_mixin.py:190} INFO - [2025-03-19T00:00:57.449+0000] {dag.py:4180} INFO - Setting next_dagrun for example_python_decorator to None, run_after=None
[2025-03-19T00:00:57.460+0000] {processor.py:208} INFO - Processing /home/airflow/.local/lib/python3.12/site-packages/airflow/example_dags/example_python_decorator.py took 0.054 seconds
[2025-03-19T00:01:28.111+0000] {processor.py:186} INFO - Started process (PID=2287) to work on /home/airflow/.local/lib/python3.12/site-packages/airflow/example_dags/example_python_decorator.py
[2025-03-19T00:01:28.112+0000] {processor.py:914} INFO - Processing file /home/airflow/.local/lib/python3.12/site-packages/airflow/example_dags/example_python_decorator.py for tasks to queue
[2025-03-19T00:01:28.117+0000] {logging_mixin.py:190} INFO - [2025-03-19T00:01:28.116+0000] {dagbag.py:588} INFO - Filling up the DagBag from /home/airflow/.local/lib/python3.12/site-packages/airflow/example_dags/example_python_decorator.py
[2025-03-19T00:01:28.145+0000] {processor.py:925} INFO - DAG(s) 'example_python_decorator' retrieved from /home/airflow/.local/lib/python3.12/site-packages/airflow/example_dags/example_python_decorator.py
[2025-03-19T00:01:28.180+0000] {logging_mixin.py:190} INFO - [2025-03-19T00:01:28.180+0000] {dag.py:3239} INFO - Sync 1 DAGs
[2025-03-19T00:01:28.210+0000] {logging_mixin.py:190} INFO - [2025-03-19T00:01:28.210+0000] {dag.py:4180} INFO - Setting next_dagrun for example_python_decorator to None, run_after=None
[2025-03-19T00:01:28.234+0000] {processor.py:208} INFO - Processing /home/airflow/.local/lib/python3.12/site-packages/airflow/example_dags/example_python_decorator.py took 0.134 seconds
[2025-03-19T00:02:03.157+0000] {processor.py:186} INFO - Started process (PID=2352) to work on /home/airflow/.local/lib/python3.12/site-packages/airflow/example_dags/example_python_decorator.py
[2025-03-19T00:02:03.157+0000] {processor.py:914} INFO - Processing file /home/airflow/.local/lib/python3.12/site-packages/airflow/example_dags/example_python_decorator.py for tasks to queue
[2025-03-19T00:02:03.159+0000] {logging_mixin.py:190} INFO - [2025-03-19T00:02:03.158+0000] {dagbag.py:588} INFO - Filling up the DagBag from /home/airflow/.local/lib/python3.12/site-packages/airflow/example_dags/example_python_decorator.py
[2025-03-19T00:02:03.166+0000] {processor.py:925} INFO - DAG(s) 'example_python_decorator' retrieved from /home/airflow/.local/lib/python3.12/site-packages/airflow/example_dags/example_python_decorator.py
[2025-03-19T00:02:03.182+0000] {logging_mixin.py:190} INFO - [2025-03-19T00:02:03.182+0000] {dag.py:3239} INFO - Sync 1 DAGs
[2025-03-19T00:02:03.190+0000] {logging_mixin.py:190} INFO - [2025-03-19T00:02:03.189+0000] {dag.py:4180} INFO - Setting next_dagrun for example_python_decorator to None, run_after=None
[2025-03-19T00:02:03.198+0000] {processor.py:208} INFO - Processing /home/airflow/.local/lib/python3.12/site-packages/airflow/example_dags/example_python_decorator.py took 0.044 seconds
[2025-03-19T00:02:33.542+0000] {processor.py:186} INFO - Started process (PID=2423) to work on /home/airflow/.local/lib/python3.12/site-packages/airflow/example_dags/example_python_decorator.py
[2025-03-19T00:02:33.543+0000] {processor.py:914} INFO - Processing file /home/airflow/.local/lib/python3.12/site-packages/airflow/example_dags/example_python_decorator.py for tasks to queue
[2025-03-19T00:02:33.544+0000] {logging_mixin.py:190} INFO - [2025-03-19T00:02:33.544+0000] {dagbag.py:588} INFO - Filling up the DagBag from /home/airflow/.local/lib/python3.12/site-packages/airflow/example_dags/example_python_decorator.py
[2025-03-19T00:02:33.551+0000] {processor.py:925} INFO - DAG(s) 'example_python_decorator' retrieved from /home/airflow/.local/lib/python3.12/site-packages/airflow/example_dags/example_python_decorator.py
[2025-03-19T00:02:33.562+0000] {logging_mixin.py:190} INFO - [2025-03-19T00:02:33.562+0000] {dag.py:3239} INFO - Sync 1 DAGs
[2025-03-19T00:02:33.569+0000] {logging_mixin.py:190} INFO - [2025-03-19T00:02:33.569+0000] {dag.py:4180} INFO - Setting next_dagrun for example_python_decorator to None, run_after=None
[2025-03-19T00:02:33.577+0000] {processor.py:208} INFO - Processing /home/airflow/.local/lib/python3.12/site-packages/airflow/example_dags/example_python_decorator.py took 0.038 seconds
