[2025-03-19T00:00:26.302+0000] {processor.py:186} INFO - Started process (PID=2149) to work on /home/airflow/.local/lib/python3.12/site-packages/airflow/example_dags/example_bash_operator.py
[2025-03-19T00:00:26.302+0000] {processor.py:914} INFO - Processing file /home/airflow/.local/lib/python3.12/site-packages/airflow/example_dags/example_bash_operator.py for tasks to queue
[2025-03-19T00:00:26.304+0000] {logging_mixin.py:190} INFO - [2025-03-19T00:00:26.303+0000] {dagbag.py:588} INFO - Filling up the DagBag from /home/airflow/.local/lib/python3.12/site-packages/airflow/example_dags/example_bash_operator.py
[2025-03-19T00:00:26.311+0000] {processor.py:925} INFO - DAG(s) 'example_bash_operator' retrieved from /home/airflow/.local/lib/python3.12/site-packages/airflow/example_dags/example_bash_operator.py
[2025-03-19T00:00:26.326+0000] {logging_mixin.py:190} INFO - [2025-03-19T00:00:26.325+0000] {dag.py:3239} INFO - Sync 1 DAGs
[2025-03-19T00:00:26.337+0000] {logging_mixin.py:190} INFO - [2025-03-19T00:00:26.337+0000] {dag.py:4180} INFO - Setting next_dagrun for example_bash_operator to 2025-03-18 00:00:00+00:00, run_after=2025-03-19 00:00:00+00:00
[2025-03-19T00:00:26.347+0000] {processor.py:208} INFO - Processing /home/airflow/.local/lib/python3.12/site-packages/airflow/example_dags/example_bash_operator.py took 0.047 seconds
[2025-03-19T00:00:57.589+0000] {processor.py:186} INFO - Started process (PID=2220) to work on /home/airflow/.local/lib/python3.12/site-packages/airflow/example_dags/example_bash_operator.py
[2025-03-19T00:00:57.590+0000] {processor.py:914} INFO - Processing file /home/airflow/.local/lib/python3.12/site-packages/airflow/example_dags/example_bash_operator.py for tasks to queue
[2025-03-19T00:00:57.592+0000] {logging_mixin.py:190} INFO - [2025-03-19T00:00:57.591+0000] {dagbag.py:588} INFO - Filling up the DagBag from /home/airflow/.local/lib/python3.12/site-packages/airflow/example_dags/example_bash_operator.py
[2025-03-19T00:00:57.601+0000] {processor.py:925} INFO - DAG(s) 'example_bash_operator' retrieved from /home/airflow/.local/lib/python3.12/site-packages/airflow/example_dags/example_bash_operator.py
[2025-03-19T00:00:57.618+0000] {logging_mixin.py:190} INFO - [2025-03-19T00:00:57.618+0000] {dag.py:3239} INFO - Sync 1 DAGs
[2025-03-19T00:00:57.643+0000] {logging_mixin.py:190} INFO - [2025-03-19T00:00:57.642+0000] {dag.py:4180} INFO - Setting next_dagrun for example_bash_operator to 2025-03-18 00:00:00+00:00, run_after=2025-03-19 00:00:00+00:00
[2025-03-19T00:00:57.656+0000] {processor.py:208} INFO - Processing /home/airflow/.local/lib/python3.12/site-packages/airflow/example_dags/example_bash_operator.py took 0.071 seconds
[2025-03-19T00:01:28.691+0000] {processor.py:186} INFO - Started process (PID=2292) to work on /home/airflow/.local/lib/python3.12/site-packages/airflow/example_dags/example_bash_operator.py
[2025-03-19T00:01:28.692+0000] {processor.py:914} INFO - Processing file /home/airflow/.local/lib/python3.12/site-packages/airflow/example_dags/example_bash_operator.py for tasks to queue
[2025-03-19T00:01:28.697+0000] {logging_mixin.py:190} INFO - [2025-03-19T00:01:28.697+0000] {dagbag.py:588} INFO - Filling up the DagBag from /home/airflow/.local/lib/python3.12/site-packages/airflow/example_dags/example_bash_operator.py
[2025-03-19T00:01:28.747+0000] {processor.py:925} INFO - DAG(s) 'example_bash_operator' retrieved from /home/airflow/.local/lib/python3.12/site-packages/airflow/example_dags/example_bash_operator.py
[2025-03-19T00:01:28.809+0000] {logging_mixin.py:190} INFO - [2025-03-19T00:01:28.809+0000] {dag.py:3239} INFO - Sync 1 DAGs
[2025-03-19T00:01:28.841+0000] {logging_mixin.py:190} INFO - [2025-03-19T00:01:28.841+0000] {dag.py:4180} INFO - Setting next_dagrun for example_bash_operator to 2025-03-18 00:00:00+00:00, run_after=2025-03-19 00:00:00+00:00
[2025-03-19T00:01:28.885+0000] {processor.py:208} INFO - Processing /home/airflow/.local/lib/python3.12/site-packages/airflow/example_dags/example_bash_operator.py took 0.201 seconds
[2025-03-19T00:02:03.486+0000] {processor.py:186} INFO - Started process (PID=2364) to work on /home/airflow/.local/lib/python3.12/site-packages/airflow/example_dags/example_bash_operator.py
[2025-03-19T00:02:03.487+0000] {processor.py:914} INFO - Processing file /home/airflow/.local/lib/python3.12/site-packages/airflow/example_dags/example_bash_operator.py for tasks to queue
[2025-03-19T00:02:03.488+0000] {logging_mixin.py:190} INFO - [2025-03-19T00:02:03.488+0000] {dagbag.py:588} INFO - Filling up the DagBag from /home/airflow/.local/lib/python3.12/site-packages/airflow/example_dags/example_bash_operator.py
[2025-03-19T00:02:03.497+0000] {processor.py:925} INFO - DAG(s) 'example_bash_operator' retrieved from /home/airflow/.local/lib/python3.12/site-packages/airflow/example_dags/example_bash_operator.py
[2025-03-19T00:02:03.513+0000] {logging_mixin.py:190} INFO - [2025-03-19T00:02:03.513+0000] {dag.py:3239} INFO - Sync 1 DAGs
[2025-03-19T00:02:03.526+0000] {logging_mixin.py:190} INFO - [2025-03-19T00:02:03.526+0000] {dag.py:4180} INFO - Setting next_dagrun for example_bash_operator to 2025-03-18 00:00:00+00:00, run_after=2025-03-19 00:00:00+00:00
[2025-03-19T00:02:03.534+0000] {processor.py:208} INFO - Processing /home/airflow/.local/lib/python3.12/site-packages/airflow/example_dags/example_bash_operator.py took 0.051 seconds
[2025-03-19T00:02:33.697+0000] {processor.py:186} INFO - Started process (PID=2430) to work on /home/airflow/.local/lib/python3.12/site-packages/airflow/example_dags/example_bash_operator.py
[2025-03-19T00:02:33.697+0000] {processor.py:914} INFO - Processing file /home/airflow/.local/lib/python3.12/site-packages/airflow/example_dags/example_bash_operator.py for tasks to queue
[2025-03-19T00:02:33.698+0000] {logging_mixin.py:190} INFO - [2025-03-19T00:02:33.698+0000] {dagbag.py:588} INFO - Filling up the DagBag from /home/airflow/.local/lib/python3.12/site-packages/airflow/example_dags/example_bash_operator.py
[2025-03-19T00:02:33.704+0000] {processor.py:925} INFO - DAG(s) 'example_bash_operator' retrieved from /home/airflow/.local/lib/python3.12/site-packages/airflow/example_dags/example_bash_operator.py
[2025-03-19T00:02:33.715+0000] {logging_mixin.py:190} INFO - [2025-03-19T00:02:33.715+0000] {dag.py:3239} INFO - Sync 1 DAGs
[2025-03-19T00:02:33.724+0000] {logging_mixin.py:190} INFO - [2025-03-19T00:02:33.724+0000] {dag.py:4180} INFO - Setting next_dagrun for example_bash_operator to 2025-03-18 00:00:00+00:00, run_after=2025-03-19 00:00:00+00:00
[2025-03-19T00:02:33.730+0000] {processor.py:208} INFO - Processing /home/airflow/.local/lib/python3.12/site-packages/airflow/example_dags/example_bash_operator.py took 0.036 seconds
[2025-03-19T00:03:05.493+0000] {processor.py:186} INFO - Started process (PID=2500) to work on /home/airflow/.local/lib/python3.12/site-packages/airflow/example_dags/example_bash_operator.py
[2025-03-19T00:03:05.494+0000] {processor.py:914} INFO - Processing file /home/airflow/.local/lib/python3.12/site-packages/airflow/example_dags/example_bash_operator.py for tasks to queue
[2025-03-19T00:03:05.506+0000] {logging_mixin.py:190} INFO - [2025-03-19T00:03:05.505+0000] {dagbag.py:588} INFO - Filling up the DagBag from /home/airflow/.local/lib/python3.12/site-packages/airflow/example_dags/example_bash_operator.py
[2025-03-19T00:03:05.532+0000] {processor.py:925} INFO - DAG(s) 'example_bash_operator' retrieved from /home/airflow/.local/lib/python3.12/site-packages/airflow/example_dags/example_bash_operator.py
[2025-03-19T00:03:05.572+0000] {logging_mixin.py:190} INFO - [2025-03-19T00:03:05.571+0000] {dag.py:3239} INFO - Sync 1 DAGs
[2025-03-19T00:03:05.603+0000] {logging_mixin.py:190} INFO - [2025-03-19T00:03:05.603+0000] {dag.py:4180} INFO - Setting next_dagrun for example_bash_operator to 2025-03-18 00:00:00+00:00, run_after=2025-03-19 00:00:00+00:00
[2025-03-19T00:03:05.634+0000] {processor.py:208} INFO - Processing /home/airflow/.local/lib/python3.12/site-packages/airflow/example_dags/example_bash_operator.py took 0.149 seconds
[2025-03-19T00:03:36.344+0000] {processor.py:186} INFO - Started process (PID=2572) to work on /home/airflow/.local/lib/python3.12/site-packages/airflow/example_dags/example_bash_operator.py
[2025-03-19T00:03:36.345+0000] {processor.py:914} INFO - Processing file /home/airflow/.local/lib/python3.12/site-packages/airflow/example_dags/example_bash_operator.py for tasks to queue
[2025-03-19T00:03:36.346+0000] {logging_mixin.py:190} INFO - [2025-03-19T00:03:36.346+0000] {dagbag.py:588} INFO - Filling up the DagBag from /home/airflow/.local/lib/python3.12/site-packages/airflow/example_dags/example_bash_operator.py
[2025-03-19T00:03:36.354+0000] {processor.py:925} INFO - DAG(s) 'example_bash_operator' retrieved from /home/airflow/.local/lib/python3.12/site-packages/airflow/example_dags/example_bash_operator.py
[2025-03-19T00:03:36.366+0000] {logging_mixin.py:190} INFO - [2025-03-19T00:03:36.366+0000] {dag.py:3239} INFO - Sync 1 DAGs
[2025-03-19T00:03:36.385+0000] {logging_mixin.py:190} INFO - [2025-03-19T00:03:36.385+0000] {dag.py:4180} INFO - Setting next_dagrun for example_bash_operator to 2025-03-18 00:00:00+00:00, run_after=2025-03-19 00:00:00+00:00
[2025-03-19T00:03:36.396+0000] {processor.py:208} INFO - Processing /home/airflow/.local/lib/python3.12/site-packages/airflow/example_dags/example_bash_operator.py took 0.055 seconds
[2025-03-19T00:04:07.414+0000] {processor.py:186} INFO - Started process (PID=2644) to work on /home/airflow/.local/lib/python3.12/site-packages/airflow/example_dags/example_bash_operator.py
[2025-03-19T00:04:07.415+0000] {processor.py:914} INFO - Processing file /home/airflow/.local/lib/python3.12/site-packages/airflow/example_dags/example_bash_operator.py for tasks to queue
[2025-03-19T00:04:07.417+0000] {logging_mixin.py:190} INFO - [2025-03-19T00:04:07.417+0000] {dagbag.py:588} INFO - Filling up the DagBag from /home/airflow/.local/lib/python3.12/site-packages/airflow/example_dags/example_bash_operator.py
[2025-03-19T00:04:07.430+0000] {processor.py:925} INFO - DAG(s) 'example_bash_operator' retrieved from /home/airflow/.local/lib/python3.12/site-packages/airflow/example_dags/example_bash_operator.py
[2025-03-19T00:04:07.462+0000] {logging_mixin.py:190} INFO - [2025-03-19T00:04:07.462+0000] {dag.py:3239} INFO - Sync 1 DAGs
[2025-03-19T00:04:07.486+0000] {logging_mixin.py:190} INFO - [2025-03-19T00:04:07.486+0000] {dag.py:4180} INFO - Setting next_dagrun for example_bash_operator to 2025-03-18 00:00:00+00:00, run_after=2025-03-19 00:00:00+00:00
[2025-03-19T00:04:07.530+0000] {processor.py:208} INFO - Processing /home/airflow/.local/lib/python3.12/site-packages/airflow/example_dags/example_bash_operator.py took 0.125 seconds
[2025-03-19T00:04:38.549+0000] {processor.py:186} INFO - Started process (PID=2716) to work on /home/airflow/.local/lib/python3.12/site-packages/airflow/example_dags/example_bash_operator.py
[2025-03-19T00:04:38.550+0000] {processor.py:914} INFO - Processing file /home/airflow/.local/lib/python3.12/site-packages/airflow/example_dags/example_bash_operator.py for tasks to queue
[2025-03-19T00:04:38.552+0000] {logging_mixin.py:190} INFO - [2025-03-19T00:04:38.552+0000] {dagbag.py:588} INFO - Filling up the DagBag from /home/airflow/.local/lib/python3.12/site-packages/airflow/example_dags/example_bash_operator.py
[2025-03-19T00:04:38.563+0000] {processor.py:925} INFO - DAG(s) 'example_bash_operator' retrieved from /home/airflow/.local/lib/python3.12/site-packages/airflow/example_dags/example_bash_operator.py
[2025-03-19T00:04:38.578+0000] {logging_mixin.py:190} INFO - [2025-03-19T00:04:38.578+0000] {dag.py:3239} INFO - Sync 1 DAGs
[2025-03-19T00:04:38.591+0000] {logging_mixin.py:190} INFO - [2025-03-19T00:04:38.591+0000] {dag.py:4180} INFO - Setting next_dagrun for example_bash_operator to 2025-03-18 00:00:00+00:00, run_after=2025-03-19 00:00:00+00:00
[2025-03-19T00:04:38.599+0000] {processor.py:208} INFO - Processing /home/airflow/.local/lib/python3.12/site-packages/airflow/example_dags/example_bash_operator.py took 0.057 seconds
[2025-03-19T00:05:10.571+0000] {processor.py:186} INFO - Started process (PID=2788) to work on /home/airflow/.local/lib/python3.12/site-packages/airflow/example_dags/example_bash_operator.py
[2025-03-19T00:05:10.575+0000] {processor.py:914} INFO - Processing file /home/airflow/.local/lib/python3.12/site-packages/airflow/example_dags/example_bash_operator.py for tasks to queue
[2025-03-19T00:05:10.580+0000] {logging_mixin.py:190} INFO - [2025-03-19T00:05:10.580+0000] {dagbag.py:588} INFO - Filling up the DagBag from /home/airflow/.local/lib/python3.12/site-packages/airflow/example_dags/example_bash_operator.py
[2025-03-19T00:05:10.595+0000] {processor.py:925} INFO - DAG(s) 'example_bash_operator' retrieved from /home/airflow/.local/lib/python3.12/site-packages/airflow/example_dags/example_bash_operator.py
[2025-03-19T00:05:10.625+0000] {logging_mixin.py:190} INFO - [2025-03-19T00:05:10.625+0000] {dag.py:3239} INFO - Sync 1 DAGs
[2025-03-19T00:05:10.649+0000] {logging_mixin.py:190} INFO - [2025-03-19T00:05:10.648+0000] {dag.py:4180} INFO - Setting next_dagrun for example_bash_operator to 2025-03-18 00:00:00+00:00, run_after=2025-03-19 00:00:00+00:00
[2025-03-19T00:05:10.680+0000] {processor.py:208} INFO - Processing /home/airflow/.local/lib/python3.12/site-packages/airflow/example_dags/example_bash_operator.py took 0.114 seconds
[2025-03-19T00:05:41.590+0000] {processor.py:186} INFO - Started process (PID=2860) to work on /home/airflow/.local/lib/python3.12/site-packages/airflow/example_dags/example_bash_operator.py
[2025-03-19T00:05:41.590+0000] {processor.py:914} INFO - Processing file /home/airflow/.local/lib/python3.12/site-packages/airflow/example_dags/example_bash_operator.py for tasks to queue
[2025-03-19T00:05:41.592+0000] {logging_mixin.py:190} INFO - [2025-03-19T00:05:41.591+0000] {dagbag.py:588} INFO - Filling up the DagBag from /home/airflow/.local/lib/python3.12/site-packages/airflow/example_dags/example_bash_operator.py
[2025-03-19T00:05:41.600+0000] {processor.py:925} INFO - DAG(s) 'example_bash_operator' retrieved from /home/airflow/.local/lib/python3.12/site-packages/airflow/example_dags/example_bash_operator.py
[2025-03-19T00:05:41.619+0000] {logging_mixin.py:190} INFO - [2025-03-19T00:05:41.619+0000] {dag.py:3239} INFO - Sync 1 DAGs
[2025-03-19T00:05:41.633+0000] {logging_mixin.py:190} INFO - [2025-03-19T00:05:41.633+0000] {dag.py:4180} INFO - Setting next_dagrun for example_bash_operator to 2025-03-18 00:00:00+00:00, run_after=2025-03-19 00:00:00+00:00
[2025-03-19T00:05:41.643+0000] {processor.py:208} INFO - Processing /home/airflow/.local/lib/python3.12/site-packages/airflow/example_dags/example_bash_operator.py took 0.057 seconds
[2025-03-19T00:06:13.068+0000] {processor.py:186} INFO - Started process (PID=2932) to work on /home/airflow/.local/lib/python3.12/site-packages/airflow/example_dags/example_bash_operator.py
[2025-03-19T00:06:13.090+0000] {processor.py:914} INFO - Processing file /home/airflow/.local/lib/python3.12/site-packages/airflow/example_dags/example_bash_operator.py for tasks to queue
[2025-03-19T00:06:13.108+0000] {logging_mixin.py:190} INFO - [2025-03-19T00:06:13.108+0000] {dagbag.py:588} INFO - Filling up the DagBag from /home/airflow/.local/lib/python3.12/site-packages/airflow/example_dags/example_bash_operator.py
[2025-03-19T00:06:13.140+0000] {processor.py:925} INFO - DAG(s) 'example_bash_operator' retrieved from /home/airflow/.local/lib/python3.12/site-packages/airflow/example_dags/example_bash_operator.py
[2025-03-19T00:06:13.188+0000] {logging_mixin.py:190} INFO - [2025-03-19T00:06:13.187+0000] {dag.py:3239} INFO - Sync 1 DAGs
[2025-03-19T00:06:13.236+0000] {logging_mixin.py:190} INFO - [2025-03-19T00:06:13.236+0000] {dag.py:4180} INFO - Setting next_dagrun for example_bash_operator to 2025-03-18 00:00:00+00:00, run_after=2025-03-19 00:00:00+00:00
[2025-03-19T00:06:13.294+0000] {processor.py:208} INFO - Processing /home/airflow/.local/lib/python3.12/site-packages/airflow/example_dags/example_bash_operator.py took 0.231 seconds
[2025-03-19T00:06:44.104+0000] {processor.py:186} INFO - Started process (PID=3004) to work on /home/airflow/.local/lib/python3.12/site-packages/airflow/example_dags/example_bash_operator.py
[2025-03-19T00:06:44.105+0000] {processor.py:914} INFO - Processing file /home/airflow/.local/lib/python3.12/site-packages/airflow/example_dags/example_bash_operator.py for tasks to queue
[2025-03-19T00:06:44.107+0000] {logging_mixin.py:190} INFO - [2025-03-19T00:06:44.107+0000] {dagbag.py:588} INFO - Filling up the DagBag from /home/airflow/.local/lib/python3.12/site-packages/airflow/example_dags/example_bash_operator.py
[2025-03-19T00:06:44.143+0000] {processor.py:925} INFO - DAG(s) 'example_bash_operator' retrieved from /home/airflow/.local/lib/python3.12/site-packages/airflow/example_dags/example_bash_operator.py
[2025-03-19T00:06:44.218+0000] {logging_mixin.py:190} INFO - [2025-03-19T00:06:44.218+0000] {dag.py:3239} INFO - Sync 1 DAGs
[2025-03-19T00:06:44.264+0000] {logging_mixin.py:190} INFO - [2025-03-19T00:06:44.263+0000] {dag.py:4180} INFO - Setting next_dagrun for example_bash_operator to 2025-03-18 00:00:00+00:00, run_after=2025-03-19 00:00:00+00:00
[2025-03-19T00:06:44.326+0000] {processor.py:208} INFO - Processing /home/airflow/.local/lib/python3.12/site-packages/airflow/example_dags/example_bash_operator.py took 0.229 seconds
[2025-03-19T00:07:15.004+0000] {processor.py:186} INFO - Started process (PID=3076) to work on /home/airflow/.local/lib/python3.12/site-packages/airflow/example_dags/example_bash_operator.py
[2025-03-19T00:07:15.007+0000] {processor.py:914} INFO - Processing file /home/airflow/.local/lib/python3.12/site-packages/airflow/example_dags/example_bash_operator.py for tasks to queue
[2025-03-19T00:07:15.013+0000] {logging_mixin.py:190} INFO - [2025-03-19T00:07:15.013+0000] {dagbag.py:588} INFO - Filling up the DagBag from /home/airflow/.local/lib/python3.12/site-packages/airflow/example_dags/example_bash_operator.py
[2025-03-19T00:07:15.040+0000] {processor.py:925} INFO - DAG(s) 'example_bash_operator' retrieved from /home/airflow/.local/lib/python3.12/site-packages/airflow/example_dags/example_bash_operator.py
[2025-03-19T00:07:15.098+0000] {logging_mixin.py:190} INFO - [2025-03-19T00:07:15.098+0000] {dag.py:3239} INFO - Sync 1 DAGs
[2025-03-19T00:07:15.148+0000] {logging_mixin.py:190} INFO - [2025-03-19T00:07:15.148+0000] {dag.py:4180} INFO - Setting next_dagrun for example_bash_operator to 2025-03-18 00:00:00+00:00, run_after=2025-03-19 00:00:00+00:00
[2025-03-19T00:07:15.193+0000] {processor.py:208} INFO - Processing /home/airflow/.local/lib/python3.12/site-packages/airflow/example_dags/example_bash_operator.py took 0.199 seconds
[2025-03-19T00:07:46.215+0000] {processor.py:186} INFO - Started process (PID=3149) to work on /home/airflow/.local/lib/python3.12/site-packages/airflow/example_dags/example_bash_operator.py
[2025-03-19T00:07:46.219+0000] {processor.py:914} INFO - Processing file /home/airflow/.local/lib/python3.12/site-packages/airflow/example_dags/example_bash_operator.py for tasks to queue
[2025-03-19T00:07:46.231+0000] {logging_mixin.py:190} INFO - [2025-03-19T00:07:46.224+0000] {dagbag.py:588} INFO - Filling up the DagBag from /home/airflow/.local/lib/python3.12/site-packages/airflow/example_dags/example_bash_operator.py
[2025-03-19T00:07:46.258+0000] {processor.py:925} INFO - DAG(s) 'example_bash_operator' retrieved from /home/airflow/.local/lib/python3.12/site-packages/airflow/example_dags/example_bash_operator.py
[2025-03-19T00:07:46.356+0000] {logging_mixin.py:190} INFO - [2025-03-19T00:07:46.355+0000] {dag.py:3239} INFO - Sync 1 DAGs
[2025-03-19T00:07:46.408+0000] {logging_mixin.py:190} INFO - [2025-03-19T00:07:46.408+0000] {dag.py:4180} INFO - Setting next_dagrun for example_bash_operator to 2025-03-18 00:00:00+00:00, run_after=2025-03-19 00:00:00+00:00
[2025-03-19T00:07:46.443+0000] {processor.py:208} INFO - Processing /home/airflow/.local/lib/python3.12/site-packages/airflow/example_dags/example_bash_operator.py took 0.240 seconds
[2025-03-19T00:08:18.074+0000] {processor.py:186} INFO - Started process (PID=3221) to work on /home/airflow/.local/lib/python3.12/site-packages/airflow/example_dags/example_bash_operator.py
[2025-03-19T00:08:18.078+0000] {processor.py:914} INFO - Processing file /home/airflow/.local/lib/python3.12/site-packages/airflow/example_dags/example_bash_operator.py for tasks to queue
[2025-03-19T00:08:18.080+0000] {logging_mixin.py:190} INFO - [2025-03-19T00:08:18.080+0000] {dagbag.py:588} INFO - Filling up the DagBag from /home/airflow/.local/lib/python3.12/site-packages/airflow/example_dags/example_bash_operator.py
[2025-03-19T00:08:18.095+0000] {processor.py:925} INFO - DAG(s) 'example_bash_operator' retrieved from /home/airflow/.local/lib/python3.12/site-packages/airflow/example_dags/example_bash_operator.py
[2025-03-19T00:08:18.116+0000] {logging_mixin.py:190} INFO - [2025-03-19T00:08:18.116+0000] {dag.py:3239} INFO - Sync 1 DAGs
[2025-03-19T00:08:18.153+0000] {logging_mixin.py:190} INFO - [2025-03-19T00:08:18.152+0000] {dag.py:4180} INFO - Setting next_dagrun for example_bash_operator to 2025-03-18 00:00:00+00:00, run_after=2025-03-19 00:00:00+00:00
[2025-03-19T00:08:18.198+0000] {processor.py:208} INFO - Processing /home/airflow/.local/lib/python3.12/site-packages/airflow/example_dags/example_bash_operator.py took 0.130 seconds
[2025-03-19T00:08:49.617+0000] {processor.py:186} INFO - Started process (PID=3293) to work on /home/airflow/.local/lib/python3.12/site-packages/airflow/example_dags/example_bash_operator.py
[2025-03-19T00:08:49.618+0000] {processor.py:914} INFO - Processing file /home/airflow/.local/lib/python3.12/site-packages/airflow/example_dags/example_bash_operator.py for tasks to queue
[2025-03-19T00:08:49.623+0000] {logging_mixin.py:190} INFO - [2025-03-19T00:08:49.623+0000] {dagbag.py:588} INFO - Filling up the DagBag from /home/airflow/.local/lib/python3.12/site-packages/airflow/example_dags/example_bash_operator.py
[2025-03-19T00:08:49.637+0000] {processor.py:925} INFO - DAG(s) 'example_bash_operator' retrieved from /home/airflow/.local/lib/python3.12/site-packages/airflow/example_dags/example_bash_operator.py
[2025-03-19T00:08:49.707+0000] {logging_mixin.py:190} INFO - [2025-03-19T00:08:49.707+0000] {dag.py:3239} INFO - Sync 1 DAGs
[2025-03-19T00:08:49.803+0000] {logging_mixin.py:190} INFO - [2025-03-19T00:08:49.803+0000] {dag.py:4180} INFO - Setting next_dagrun for example_bash_operator to 2025-03-18 00:00:00+00:00, run_after=2025-03-19 00:00:00+00:00
[2025-03-19T00:08:49.835+0000] {processor.py:208} INFO - Processing /home/airflow/.local/lib/python3.12/site-packages/airflow/example_dags/example_bash_operator.py took 0.226 seconds
[2025-03-19T00:09:19.893+0000] {processor.py:186} INFO - Started process (PID=3365) to work on /home/airflow/.local/lib/python3.12/site-packages/airflow/example_dags/example_bash_operator.py
[2025-03-19T00:09:19.893+0000] {processor.py:914} INFO - Processing file /home/airflow/.local/lib/python3.12/site-packages/airflow/example_dags/example_bash_operator.py for tasks to queue
[2025-03-19T00:09:19.894+0000] {logging_mixin.py:190} INFO - [2025-03-19T00:09:19.894+0000] {dagbag.py:588} INFO - Filling up the DagBag from /home/airflow/.local/lib/python3.12/site-packages/airflow/example_dags/example_bash_operator.py
[2025-03-19T00:09:19.902+0000] {processor.py:925} INFO - DAG(s) 'example_bash_operator' retrieved from /home/airflow/.local/lib/python3.12/site-packages/airflow/example_dags/example_bash_operator.py
[2025-03-19T00:09:19.917+0000] {logging_mixin.py:190} INFO - [2025-03-19T00:09:19.917+0000] {dag.py:3239} INFO - Sync 1 DAGs
[2025-03-19T00:09:19.926+0000] {logging_mixin.py:190} INFO - [2025-03-19T00:09:19.926+0000] {dag.py:4180} INFO - Setting next_dagrun for example_bash_operator to 2025-03-18 00:00:00+00:00, run_after=2025-03-19 00:00:00+00:00
[2025-03-19T00:09:19.934+0000] {processor.py:208} INFO - Processing /home/airflow/.local/lib/python3.12/site-packages/airflow/example_dags/example_bash_operator.py took 0.044 seconds
[2025-03-19T00:09:50.531+0000] {processor.py:186} INFO - Started process (PID=3437) to work on /home/airflow/.local/lib/python3.12/site-packages/airflow/example_dags/example_bash_operator.py
[2025-03-19T00:09:50.556+0000] {processor.py:914} INFO - Processing file /home/airflow/.local/lib/python3.12/site-packages/airflow/example_dags/example_bash_operator.py for tasks to queue
[2025-03-19T00:09:50.571+0000] {logging_mixin.py:190} INFO - [2025-03-19T00:09:50.571+0000] {dagbag.py:588} INFO - Filling up the DagBag from /home/airflow/.local/lib/python3.12/site-packages/airflow/example_dags/example_bash_operator.py
[2025-03-19T00:09:50.589+0000] {processor.py:925} INFO - DAG(s) 'example_bash_operator' retrieved from /home/airflow/.local/lib/python3.12/site-packages/airflow/example_dags/example_bash_operator.py
[2025-03-19T00:09:50.608+0000] {logging_mixin.py:190} INFO - [2025-03-19T00:09:50.608+0000] {dag.py:3239} INFO - Sync 1 DAGs
[2025-03-19T00:09:50.637+0000] {logging_mixin.py:190} INFO - [2025-03-19T00:09:50.636+0000] {dag.py:4180} INFO - Setting next_dagrun for example_bash_operator to 2025-03-18 00:00:00+00:00, run_after=2025-03-19 00:00:00+00:00
[2025-03-19T00:09:50.665+0000] {processor.py:208} INFO - Processing /home/airflow/.local/lib/python3.12/site-packages/airflow/example_dags/example_bash_operator.py took 0.140 seconds
[2025-03-19T00:10:21.583+0000] {processor.py:186} INFO - Started process (PID=3509) to work on /home/airflow/.local/lib/python3.12/site-packages/airflow/example_dags/example_bash_operator.py
[2025-03-19T00:10:21.592+0000] {processor.py:914} INFO - Processing file /home/airflow/.local/lib/python3.12/site-packages/airflow/example_dags/example_bash_operator.py for tasks to queue
[2025-03-19T00:10:21.594+0000] {logging_mixin.py:190} INFO - [2025-03-19T00:10:21.594+0000] {dagbag.py:588} INFO - Filling up the DagBag from /home/airflow/.local/lib/python3.12/site-packages/airflow/example_dags/example_bash_operator.py
[2025-03-19T00:10:21.616+0000] {processor.py:925} INFO - DAG(s) 'example_bash_operator' retrieved from /home/airflow/.local/lib/python3.12/site-packages/airflow/example_dags/example_bash_operator.py
[2025-03-19T00:10:21.644+0000] {logging_mixin.py:190} INFO - [2025-03-19T00:10:21.644+0000] {dag.py:3239} INFO - Sync 1 DAGs
[2025-03-19T00:10:21.663+0000] {logging_mixin.py:190} INFO - [2025-03-19T00:10:21.663+0000] {dag.py:4180} INFO - Setting next_dagrun for example_bash_operator to 2025-03-18 00:00:00+00:00, run_after=2025-03-19 00:00:00+00:00
[2025-03-19T00:10:21.689+0000] {processor.py:208} INFO - Processing /home/airflow/.local/lib/python3.12/site-packages/airflow/example_dags/example_bash_operator.py took 0.115 seconds
[2025-03-19T00:10:51.821+0000] {processor.py:186} INFO - Started process (PID=3581) to work on /home/airflow/.local/lib/python3.12/site-packages/airflow/example_dags/example_bash_operator.py
[2025-03-19T00:10:51.822+0000] {processor.py:914} INFO - Processing file /home/airflow/.local/lib/python3.12/site-packages/airflow/example_dags/example_bash_operator.py for tasks to queue
[2025-03-19T00:10:51.824+0000] {logging_mixin.py:190} INFO - [2025-03-19T00:10:51.824+0000] {dagbag.py:588} INFO - Filling up the DagBag from /home/airflow/.local/lib/python3.12/site-packages/airflow/example_dags/example_bash_operator.py
[2025-03-19T00:10:51.834+0000] {processor.py:925} INFO - DAG(s) 'example_bash_operator' retrieved from /home/airflow/.local/lib/python3.12/site-packages/airflow/example_dags/example_bash_operator.py
[2025-03-19T00:10:51.851+0000] {logging_mixin.py:190} INFO - [2025-03-19T00:10:51.851+0000] {dag.py:3239} INFO - Sync 1 DAGs
[2025-03-19T00:10:51.863+0000] {logging_mixin.py:190} INFO - [2025-03-19T00:10:51.863+0000] {dag.py:4180} INFO - Setting next_dagrun for example_bash_operator to 2025-03-18 00:00:00+00:00, run_after=2025-03-19 00:00:00+00:00
[2025-03-19T00:10:51.874+0000] {processor.py:208} INFO - Processing /home/airflow/.local/lib/python3.12/site-packages/airflow/example_dags/example_bash_operator.py took 0.057 seconds
[2025-03-19T00:11:52.825+0000] {processor.py:186} INFO - Started process (PID=3724) to work on /home/airflow/.local/lib/python3.12/site-packages/airflow/example_dags/example_bash_operator.py
[2025-03-19T00:11:52.827+0000] {processor.py:914} INFO - Processing file /home/airflow/.local/lib/python3.12/site-packages/airflow/example_dags/example_bash_operator.py for tasks to queue
[2025-03-19T00:11:52.829+0000] {logging_mixin.py:190} INFO - [2025-03-19T00:11:52.829+0000] {dagbag.py:588} INFO - Filling up the DagBag from /home/airflow/.local/lib/python3.12/site-packages/airflow/example_dags/example_bash_operator.py
[2025-03-19T00:11:52.843+0000] {processor.py:925} INFO - DAG(s) 'example_bash_operator' retrieved from /home/airflow/.local/lib/python3.12/site-packages/airflow/example_dags/example_bash_operator.py
[2025-03-19T00:11:52.872+0000] {logging_mixin.py:190} INFO - [2025-03-19T00:11:52.871+0000] {dag.py:3239} INFO - Sync 1 DAGs
[2025-03-19T00:11:52.892+0000] {logging_mixin.py:190} INFO - [2025-03-19T00:11:52.892+0000] {dag.py:4180} INFO - Setting next_dagrun for example_bash_operator to 2025-03-18 00:00:00+00:00, run_after=2025-03-19 00:00:00+00:00
[2025-03-19T00:11:52.916+0000] {processor.py:208} INFO - Processing /home/airflow/.local/lib/python3.12/site-packages/airflow/example_dags/example_bash_operator.py took 0.098 seconds
[2025-03-19T00:12:22.947+0000] {processor.py:186} INFO - Started process (PID=3796) to work on /home/airflow/.local/lib/python3.12/site-packages/airflow/example_dags/example_bash_operator.py
[2025-03-19T00:12:22.947+0000] {processor.py:914} INFO - Processing file /home/airflow/.local/lib/python3.12/site-packages/airflow/example_dags/example_bash_operator.py for tasks to queue
[2025-03-19T00:12:22.948+0000] {logging_mixin.py:190} INFO - [2025-03-19T00:12:22.948+0000] {dagbag.py:588} INFO - Filling up the DagBag from /home/airflow/.local/lib/python3.12/site-packages/airflow/example_dags/example_bash_operator.py
[2025-03-19T00:12:22.954+0000] {processor.py:925} INFO - DAG(s) 'example_bash_operator' retrieved from /home/airflow/.local/lib/python3.12/site-packages/airflow/example_dags/example_bash_operator.py
[2025-03-19T00:12:22.965+0000] {logging_mixin.py:190} INFO - [2025-03-19T00:12:22.965+0000] {dag.py:3239} INFO - Sync 1 DAGs
[2025-03-19T00:12:22.978+0000] {logging_mixin.py:190} INFO - [2025-03-19T00:12:22.978+0000] {dag.py:4180} INFO - Setting next_dagrun for example_bash_operator to 2025-03-18 00:00:00+00:00, run_after=2025-03-19 00:00:00+00:00
[2025-03-19T00:12:22.989+0000] {processor.py:208} INFO - Processing /home/airflow/.local/lib/python3.12/site-packages/airflow/example_dags/example_bash_operator.py took 0.044 seconds
[2025-03-19T00:12:53.920+0000] {processor.py:186} INFO - Started process (PID=3867) to work on /home/airflow/.local/lib/python3.12/site-packages/airflow/example_dags/example_bash_operator.py
[2025-03-19T00:12:53.924+0000] {processor.py:914} INFO - Processing file /home/airflow/.local/lib/python3.12/site-packages/airflow/example_dags/example_bash_operator.py for tasks to queue
[2025-03-19T00:12:53.928+0000] {logging_mixin.py:190} INFO - [2025-03-19T00:12:53.927+0000] {dagbag.py:588} INFO - Filling up the DagBag from /home/airflow/.local/lib/python3.12/site-packages/airflow/example_dags/example_bash_operator.py
[2025-03-19T00:12:53.937+0000] {processor.py:925} INFO - DAG(s) 'example_bash_operator' retrieved from /home/airflow/.local/lib/python3.12/site-packages/airflow/example_dags/example_bash_operator.py
[2025-03-19T00:12:53.965+0000] {logging_mixin.py:190} INFO - [2025-03-19T00:12:53.965+0000] {dag.py:3239} INFO - Sync 1 DAGs
[2025-03-19T00:12:53.985+0000] {logging_mixin.py:190} INFO - [2025-03-19T00:12:53.985+0000] {dag.py:4180} INFO - Setting next_dagrun for example_bash_operator to 2025-03-18 00:00:00+00:00, run_after=2025-03-19 00:00:00+00:00
[2025-03-19T00:12:54.006+0000] {processor.py:208} INFO - Processing /home/airflow/.local/lib/python3.12/site-packages/airflow/example_dags/example_bash_operator.py took 0.091 seconds
[2025-03-19T00:13:24.120+0000] {processor.py:186} INFO - Started process (PID=3939) to work on /home/airflow/.local/lib/python3.12/site-packages/airflow/example_dags/example_bash_operator.py
[2025-03-19T00:13:24.121+0000] {processor.py:914} INFO - Processing file /home/airflow/.local/lib/python3.12/site-packages/airflow/example_dags/example_bash_operator.py for tasks to queue
[2025-03-19T00:13:24.123+0000] {logging_mixin.py:190} INFO - [2025-03-19T00:13:24.122+0000] {dagbag.py:588} INFO - Filling up the DagBag from /home/airflow/.local/lib/python3.12/site-packages/airflow/example_dags/example_bash_operator.py
[2025-03-19T00:13:24.133+0000] {processor.py:925} INFO - DAG(s) 'example_bash_operator' retrieved from /home/airflow/.local/lib/python3.12/site-packages/airflow/example_dags/example_bash_operator.py
[2025-03-19T00:13:24.152+0000] {logging_mixin.py:190} INFO - [2025-03-19T00:13:24.152+0000] {dag.py:3239} INFO - Sync 1 DAGs
[2025-03-19T00:13:24.173+0000] {logging_mixin.py:190} INFO - [2025-03-19T00:13:24.172+0000] {dag.py:4180} INFO - Setting next_dagrun for example_bash_operator to 2025-03-18 00:00:00+00:00, run_after=2025-03-19 00:00:00+00:00
[2025-03-19T00:13:24.193+0000] {processor.py:208} INFO - Processing /home/airflow/.local/lib/python3.12/site-packages/airflow/example_dags/example_bash_operator.py took 0.078 seconds
[2025-03-19T00:13:55.535+0000] {processor.py:186} INFO - Started process (PID=4010) to work on /home/airflow/.local/lib/python3.12/site-packages/airflow/example_dags/example_bash_operator.py
[2025-03-19T00:13:55.570+0000] {processor.py:914} INFO - Processing file /home/airflow/.local/lib/python3.12/site-packages/airflow/example_dags/example_bash_operator.py for tasks to queue
[2025-03-19T00:13:55.574+0000] {logging_mixin.py:190} INFO - [2025-03-19T00:13:55.573+0000] {dagbag.py:588} INFO - Filling up the DagBag from /home/airflow/.local/lib/python3.12/site-packages/airflow/example_dags/example_bash_operator.py
[2025-03-19T00:13:55.592+0000] {processor.py:925} INFO - DAG(s) 'example_bash_operator' retrieved from /home/airflow/.local/lib/python3.12/site-packages/airflow/example_dags/example_bash_operator.py
[2025-03-19T00:13:55.633+0000] {logging_mixin.py:190} INFO - [2025-03-19T00:13:55.633+0000] {dag.py:3239} INFO - Sync 1 DAGs
[2025-03-19T00:13:55.668+0000] {logging_mixin.py:190} INFO - [2025-03-19T00:13:55.668+0000] {dag.py:4180} INFO - Setting next_dagrun for example_bash_operator to 2025-03-18 00:00:00+00:00, run_after=2025-03-19 00:00:00+00:00
[2025-03-19T00:13:55.698+0000] {processor.py:208} INFO - Processing /home/airflow/.local/lib/python3.12/site-packages/airflow/example_dags/example_bash_operator.py took 0.175 seconds
[2025-03-19T00:14:26.209+0000] {processor.py:186} INFO - Started process (PID=4082) to work on /home/airflow/.local/lib/python3.12/site-packages/airflow/example_dags/example_bash_operator.py
[2025-03-19T00:14:26.210+0000] {processor.py:914} INFO - Processing file /home/airflow/.local/lib/python3.12/site-packages/airflow/example_dags/example_bash_operator.py for tasks to queue
[2025-03-19T00:14:26.211+0000] {logging_mixin.py:190} INFO - [2025-03-19T00:14:26.211+0000] {dagbag.py:588} INFO - Filling up the DagBag from /home/airflow/.local/lib/python3.12/site-packages/airflow/example_dags/example_bash_operator.py
[2025-03-19T00:14:26.218+0000] {processor.py:925} INFO - DAG(s) 'example_bash_operator' retrieved from /home/airflow/.local/lib/python3.12/site-packages/airflow/example_dags/example_bash_operator.py
[2025-03-19T00:14:26.228+0000] {logging_mixin.py:190} INFO - [2025-03-19T00:14:26.228+0000] {dag.py:3239} INFO - Sync 1 DAGs
[2025-03-19T00:14:26.237+0000] {logging_mixin.py:190} INFO - [2025-03-19T00:14:26.237+0000] {dag.py:4180} INFO - Setting next_dagrun for example_bash_operator to 2025-03-18 00:00:00+00:00, run_after=2025-03-19 00:00:00+00:00
[2025-03-19T00:14:26.244+0000] {processor.py:208} INFO - Processing /home/airflow/.local/lib/python3.12/site-packages/airflow/example_dags/example_bash_operator.py took 0.037 seconds
[2025-03-19T00:14:57.225+0000] {processor.py:186} INFO - Started process (PID=4153) to work on /home/airflow/.local/lib/python3.12/site-packages/airflow/example_dags/example_bash_operator.py
[2025-03-19T00:14:57.250+0000] {processor.py:914} INFO - Processing file /home/airflow/.local/lib/python3.12/site-packages/airflow/example_dags/example_bash_operator.py for tasks to queue
[2025-03-19T00:14:57.261+0000] {logging_mixin.py:190} INFO - [2025-03-19T00:14:57.261+0000] {dagbag.py:588} INFO - Filling up the DagBag from /home/airflow/.local/lib/python3.12/site-packages/airflow/example_dags/example_bash_operator.py
[2025-03-19T00:14:57.294+0000] {processor.py:925} INFO - DAG(s) 'example_bash_operator' retrieved from /home/airflow/.local/lib/python3.12/site-packages/airflow/example_dags/example_bash_operator.py
[2025-03-19T00:14:57.338+0000] {logging_mixin.py:190} INFO - [2025-03-19T00:14:57.338+0000] {dag.py:3239} INFO - Sync 1 DAGs
[2025-03-19T00:14:57.392+0000] {logging_mixin.py:190} INFO - [2025-03-19T00:14:57.392+0000] {dag.py:4180} INFO - Setting next_dagrun for example_bash_operator to 2025-03-18 00:00:00+00:00, run_after=2025-03-19 00:00:00+00:00
[2025-03-19T00:14:57.412+0000] {processor.py:208} INFO - Processing /home/airflow/.local/lib/python3.12/site-packages/airflow/example_dags/example_bash_operator.py took 0.193 seconds
[2025-03-19T00:15:28.288+0000] {processor.py:186} INFO - Started process (PID=4231) to work on /home/airflow/.local/lib/python3.12/site-packages/airflow/example_dags/example_bash_operator.py
[2025-03-19T00:15:28.290+0000] {processor.py:914} INFO - Processing file /home/airflow/.local/lib/python3.12/site-packages/airflow/example_dags/example_bash_operator.py for tasks to queue
[2025-03-19T00:15:28.293+0000] {logging_mixin.py:190} INFO - [2025-03-19T00:15:28.293+0000] {dagbag.py:588} INFO - Filling up the DagBag from /home/airflow/.local/lib/python3.12/site-packages/airflow/example_dags/example_bash_operator.py
[2025-03-19T00:15:28.306+0000] {processor.py:925} INFO - DAG(s) 'example_bash_operator' retrieved from /home/airflow/.local/lib/python3.12/site-packages/airflow/example_dags/example_bash_operator.py
[2025-03-19T00:15:28.340+0000] {logging_mixin.py:190} INFO - [2025-03-19T00:15:28.339+0000] {dag.py:3239} INFO - Sync 1 DAGs
[2025-03-19T00:15:28.358+0000] {logging_mixin.py:190} INFO - [2025-03-19T00:15:28.358+0000] {dag.py:4180} INFO - Setting next_dagrun for example_bash_operator to 2025-03-18 00:00:00+00:00, run_after=2025-03-19 00:00:00+00:00
[2025-03-19T00:15:28.376+0000] {processor.py:208} INFO - Processing /home/airflow/.local/lib/python3.12/site-packages/airflow/example_dags/example_bash_operator.py took 0.094 seconds
[2025-03-19T00:16:00.117+0000] {processor.py:186} INFO - Started process (PID=4302) to work on /home/airflow/.local/lib/python3.12/site-packages/airflow/example_dags/example_bash_operator.py
[2025-03-19T00:16:00.118+0000] {processor.py:914} INFO - Processing file /home/airflow/.local/lib/python3.12/site-packages/airflow/example_dags/example_bash_operator.py for tasks to queue
[2025-03-19T00:16:00.119+0000] {logging_mixin.py:190} INFO - [2025-03-19T00:16:00.119+0000] {dagbag.py:588} INFO - Filling up the DagBag from /home/airflow/.local/lib/python3.12/site-packages/airflow/example_dags/example_bash_operator.py
[2025-03-19T00:16:00.127+0000] {processor.py:925} INFO - DAG(s) 'example_bash_operator' retrieved from /home/airflow/.local/lib/python3.12/site-packages/airflow/example_dags/example_bash_operator.py
[2025-03-19T00:16:00.152+0000] {logging_mixin.py:190} INFO - [2025-03-19T00:16:00.151+0000] {dag.py:3239} INFO - Sync 1 DAGs
[2025-03-19T00:16:00.188+0000] {logging_mixin.py:190} INFO - [2025-03-19T00:16:00.188+0000] {dag.py:4180} INFO - Setting next_dagrun for example_bash_operator to 2025-03-18 00:00:00+00:00, run_after=2025-03-19 00:00:00+00:00
[2025-03-19T00:16:00.219+0000] {processor.py:208} INFO - Processing /home/airflow/.local/lib/python3.12/site-packages/airflow/example_dags/example_bash_operator.py took 0.105 seconds
[2025-03-19T00:16:30.495+0000] {processor.py:186} INFO - Started process (PID=4372) to work on /home/airflow/.local/lib/python3.12/site-packages/airflow/example_dags/example_bash_operator.py
[2025-03-19T00:16:30.496+0000] {processor.py:914} INFO - Processing file /home/airflow/.local/lib/python3.12/site-packages/airflow/example_dags/example_bash_operator.py for tasks to queue
[2025-03-19T00:16:30.497+0000] {logging_mixin.py:190} INFO - [2025-03-19T00:16:30.497+0000] {dagbag.py:588} INFO - Filling up the DagBag from /home/airflow/.local/lib/python3.12/site-packages/airflow/example_dags/example_bash_operator.py
[2025-03-19T00:16:30.505+0000] {processor.py:925} INFO - DAG(s) 'example_bash_operator' retrieved from /home/airflow/.local/lib/python3.12/site-packages/airflow/example_dags/example_bash_operator.py
[2025-03-19T00:16:30.524+0000] {logging_mixin.py:190} INFO - [2025-03-19T00:16:30.523+0000] {dag.py:3239} INFO - Sync 1 DAGs
[2025-03-19T00:16:30.536+0000] {logging_mixin.py:190} INFO - [2025-03-19T00:16:30.536+0000] {dag.py:4180} INFO - Setting next_dagrun for example_bash_operator to 2025-03-18 00:00:00+00:00, run_after=2025-03-19 00:00:00+00:00
[2025-03-19T00:16:30.546+0000] {processor.py:208} INFO - Processing /home/airflow/.local/lib/python3.12/site-packages/airflow/example_dags/example_bash_operator.py took 0.054 seconds
[2025-03-19T00:17:03.977+0000] {processor.py:186} INFO - Started process (PID=4447) to work on /home/airflow/.local/lib/python3.12/site-packages/airflow/example_dags/example_bash_operator.py
[2025-03-19T00:17:03.978+0000] {processor.py:914} INFO - Processing file /home/airflow/.local/lib/python3.12/site-packages/airflow/example_dags/example_bash_operator.py for tasks to queue
[2025-03-19T00:17:03.979+0000] {logging_mixin.py:190} INFO - [2025-03-19T00:17:03.979+0000] {dagbag.py:588} INFO - Filling up the DagBag from /home/airflow/.local/lib/python3.12/site-packages/airflow/example_dags/example_bash_operator.py
[2025-03-19T00:17:03.987+0000] {processor.py:925} INFO - DAG(s) 'example_bash_operator' retrieved from /home/airflow/.local/lib/python3.12/site-packages/airflow/example_dags/example_bash_operator.py
[2025-03-19T00:17:04.004+0000] {logging_mixin.py:190} INFO - [2025-03-19T00:17:04.004+0000] {dag.py:3239} INFO - Sync 1 DAGs
[2025-03-19T00:17:04.020+0000] {logging_mixin.py:190} INFO - [2025-03-19T00:17:04.020+0000] {dag.py:4180} INFO - Setting next_dagrun for example_bash_operator to 2025-03-18 00:00:00+00:00, run_after=2025-03-19 00:00:00+00:00
[2025-03-19T00:17:04.032+0000] {processor.py:208} INFO - Processing /home/airflow/.local/lib/python3.12/site-packages/airflow/example_dags/example_bash_operator.py took 0.059 seconds
[2025-03-19T00:17:34.195+0000] {processor.py:186} INFO - Started process (PID=4519) to work on /home/airflow/.local/lib/python3.12/site-packages/airflow/example_dags/example_bash_operator.py
[2025-03-19T00:17:34.196+0000] {processor.py:914} INFO - Processing file /home/airflow/.local/lib/python3.12/site-packages/airflow/example_dags/example_bash_operator.py for tasks to queue
[2025-03-19T00:17:34.197+0000] {logging_mixin.py:190} INFO - [2025-03-19T00:17:34.197+0000] {dagbag.py:588} INFO - Filling up the DagBag from /home/airflow/.local/lib/python3.12/site-packages/airflow/example_dags/example_bash_operator.py
[2025-03-19T00:17:34.202+0000] {processor.py:925} INFO - DAG(s) 'example_bash_operator' retrieved from /home/airflow/.local/lib/python3.12/site-packages/airflow/example_dags/example_bash_operator.py
[2025-03-19T00:17:34.213+0000] {logging_mixin.py:190} INFO - [2025-03-19T00:17:34.213+0000] {dag.py:3239} INFO - Sync 1 DAGs
[2025-03-19T00:17:34.221+0000] {logging_mixin.py:190} INFO - [2025-03-19T00:17:34.221+0000] {dag.py:4180} INFO - Setting next_dagrun for example_bash_operator to 2025-03-18 00:00:00+00:00, run_after=2025-03-19 00:00:00+00:00
[2025-03-19T00:17:34.228+0000] {processor.py:208} INFO - Processing /home/airflow/.local/lib/python3.12/site-packages/airflow/example_dags/example_bash_operator.py took 0.035 seconds
[2025-03-19T00:18:05.679+0000] {processor.py:186} INFO - Started process (PID=4591) to work on /home/airflow/.local/lib/python3.12/site-packages/airflow/example_dags/example_bash_operator.py
[2025-03-19T00:18:05.681+0000] {processor.py:914} INFO - Processing file /home/airflow/.local/lib/python3.12/site-packages/airflow/example_dags/example_bash_operator.py for tasks to queue
[2025-03-19T00:18:05.687+0000] {logging_mixin.py:190} INFO - [2025-03-19T00:18:05.686+0000] {dagbag.py:588} INFO - Filling up the DagBag from /home/airflow/.local/lib/python3.12/site-packages/airflow/example_dags/example_bash_operator.py
[2025-03-19T00:18:05.719+0000] {processor.py:925} INFO - DAG(s) 'example_bash_operator' retrieved from /home/airflow/.local/lib/python3.12/site-packages/airflow/example_dags/example_bash_operator.py
[2025-03-19T00:18:05.772+0000] {logging_mixin.py:190} INFO - [2025-03-19T00:18:05.772+0000] {dag.py:3239} INFO - Sync 1 DAGs
[2025-03-19T00:18:05.842+0000] {logging_mixin.py:190} INFO - [2025-03-19T00:18:05.842+0000] {dag.py:4180} INFO - Setting next_dagrun for example_bash_operator to 2025-03-18 00:00:00+00:00, run_after=2025-03-19 00:00:00+00:00
[2025-03-19T00:18:05.874+0000] {processor.py:208} INFO - Processing /home/airflow/.local/lib/python3.12/site-packages/airflow/example_dags/example_bash_operator.py took 0.209 seconds
[2025-03-19T00:18:36.375+0000] {processor.py:186} INFO - Started process (PID=4663) to work on /home/airflow/.local/lib/python3.12/site-packages/airflow/example_dags/example_bash_operator.py
[2025-03-19T00:18:36.379+0000] {processor.py:914} INFO - Processing file /home/airflow/.local/lib/python3.12/site-packages/airflow/example_dags/example_bash_operator.py for tasks to queue
[2025-03-19T00:18:36.382+0000] {logging_mixin.py:190} INFO - [2025-03-19T00:18:36.382+0000] {dagbag.py:588} INFO - Filling up the DagBag from /home/airflow/.local/lib/python3.12/site-packages/airflow/example_dags/example_bash_operator.py
[2025-03-19T00:18:36.390+0000] {processor.py:925} INFO - DAG(s) 'example_bash_operator' retrieved from /home/airflow/.local/lib/python3.12/site-packages/airflow/example_dags/example_bash_operator.py
[2025-03-19T00:18:36.407+0000] {logging_mixin.py:190} INFO - [2025-03-19T00:18:36.407+0000] {dag.py:3239} INFO - Sync 1 DAGs
[2025-03-19T00:18:36.421+0000] {logging_mixin.py:190} INFO - [2025-03-19T00:18:36.421+0000] {dag.py:4180} INFO - Setting next_dagrun for example_bash_operator to 2025-03-18 00:00:00+00:00, run_after=2025-03-19 00:00:00+00:00
[2025-03-19T00:18:36.434+0000] {processor.py:208} INFO - Processing /home/airflow/.local/lib/python3.12/site-packages/airflow/example_dags/example_bash_operator.py took 0.062 seconds
[2025-03-19T00:19:07.088+0000] {processor.py:186} INFO - Started process (PID=4734) to work on /home/airflow/.local/lib/python3.12/site-packages/airflow/example_dags/example_bash_operator.py
[2025-03-19T00:19:07.088+0000] {processor.py:914} INFO - Processing file /home/airflow/.local/lib/python3.12/site-packages/airflow/example_dags/example_bash_operator.py for tasks to queue
[2025-03-19T00:19:07.089+0000] {logging_mixin.py:190} INFO - [2025-03-19T00:19:07.089+0000] {dagbag.py:588} INFO - Filling up the DagBag from /home/airflow/.local/lib/python3.12/site-packages/airflow/example_dags/example_bash_operator.py
[2025-03-19T00:19:07.095+0000] {processor.py:925} INFO - DAG(s) 'example_bash_operator' retrieved from /home/airflow/.local/lib/python3.12/site-packages/airflow/example_dags/example_bash_operator.py
[2025-03-19T00:19:07.105+0000] {logging_mixin.py:190} INFO - [2025-03-19T00:19:07.105+0000] {dag.py:3239} INFO - Sync 1 DAGs
[2025-03-19T00:19:07.114+0000] {logging_mixin.py:190} INFO - [2025-03-19T00:19:07.114+0000] {dag.py:4180} INFO - Setting next_dagrun for example_bash_operator to 2025-03-18 00:00:00+00:00, run_after=2025-03-19 00:00:00+00:00
[2025-03-19T00:19:07.121+0000] {processor.py:208} INFO - Processing /home/airflow/.local/lib/python3.12/site-packages/airflow/example_dags/example_bash_operator.py took 0.036 seconds
