[2025-03-19T00:00:25.874+0000] {processor.py:186} INFO - Started process (PID=2139) to work on /home/airflow/.local/lib/python3.12/site-packages/airflow/example_dags/example_subdag_operator.py
[2025-03-19T00:00:25.874+0000] {processor.py:914} INFO - Processing file /home/airflow/.local/lib/python3.12/site-packages/airflow/example_dags/example_subdag_operator.py for tasks to queue
[2025-03-19T00:00:25.876+0000] {logging_mixin.py:190} INFO - [2025-03-19T00:00:25.876+0000] {dagbag.py:588} INFO - Filling up the DagBag from /home/airflow/.local/lib/python3.12/site-packages/airflow/example_dags/example_subdag_operator.py
[2025-03-19T00:00:25.893+0000] {processor.py:925} INFO - DAG(s) 'example_subdag_operator.section-1', 'example_subdag_operator.section-2', 'example_subdag_operator' retrieved from /home/airflow/.local/lib/python3.12/site-packages/airflow/example_dags/example_subdag_operator.py
[2025-03-19T00:00:25.904+0000] {logging_mixin.py:190} INFO - [2025-03-19T00:00:25.904+0000] {dag.py:3239} INFO - Sync 3 DAGs
[2025-03-19T00:00:25.919+0000] {logging_mixin.py:190} INFO - [2025-03-19T00:00:25.918+0000] {dag.py:4180} INFO - Setting next_dagrun for example_subdag_operator to 2022-01-01 00:00:00+00:00, run_after=2022-01-01 00:00:00+00:00
[2025-03-19T00:00:25.925+0000] {logging_mixin.py:190} INFO - [2025-03-19T00:00:25.925+0000] {dag.py:4180} INFO - Setting next_dagrun for example_subdag_operator.section-1 to None, run_after=None
[2025-03-19T00:00:25.930+0000] {logging_mixin.py:190} INFO - [2025-03-19T00:00:25.930+0000] {dag.py:4180} INFO - Setting next_dagrun for example_subdag_operator.section-2 to None, run_after=None
[2025-03-19T00:00:25.937+0000] {logging_mixin.py:190} INFO - [2025-03-19T00:00:25.937+0000] {dag.py:3239} INFO - Sync 2 DAGs
[2025-03-19T00:00:25.944+0000] {logging_mixin.py:190} INFO - [2025-03-19T00:00:25.944+0000] {dag.py:4180} INFO - Setting next_dagrun for example_subdag_operator.section-1 to None, run_after=None
[2025-03-19T00:00:25.945+0000] {logging_mixin.py:190} INFO - [2025-03-19T00:00:25.945+0000] {dag.py:4180} INFO - Setting next_dagrun for example_subdag_operator.section-2 to None, run_after=None
[2025-03-19T00:00:25.975+0000] {processor.py:208} INFO - Processing /home/airflow/.local/lib/python3.12/site-packages/airflow/example_dags/example_subdag_operator.py took 0.105 seconds
[2025-03-19T00:00:57.185+0000] {processor.py:186} INFO - Started process (PID=2211) to work on /home/airflow/.local/lib/python3.12/site-packages/airflow/example_dags/example_subdag_operator.py
[2025-03-19T00:00:57.187+0000] {processor.py:914} INFO - Processing file /home/airflow/.local/lib/python3.12/site-packages/airflow/example_dags/example_subdag_operator.py for tasks to queue
[2025-03-19T00:00:57.192+0000] {logging_mixin.py:190} INFO - [2025-03-19T00:00:57.191+0000] {dagbag.py:588} INFO - Filling up the DagBag from /home/airflow/.local/lib/python3.12/site-packages/airflow/example_dags/example_subdag_operator.py
[2025-03-19T00:00:57.218+0000] {processor.py:925} INFO - DAG(s) 'example_subdag_operator.section-1', 'example_subdag_operator.section-2', 'example_subdag_operator' retrieved from /home/airflow/.local/lib/python3.12/site-packages/airflow/example_dags/example_subdag_operator.py
[2025-03-19T00:00:57.240+0000] {logging_mixin.py:190} INFO - [2025-03-19T00:00:57.240+0000] {dag.py:3239} INFO - Sync 3 DAGs
[2025-03-19T00:00:57.263+0000] {logging_mixin.py:190} INFO - [2025-03-19T00:00:57.262+0000] {dag.py:4180} INFO - Setting next_dagrun for example_subdag_operator to 2022-01-01 00:00:00+00:00, run_after=2022-01-01 00:00:00+00:00
[2025-03-19T00:00:57.266+0000] {logging_mixin.py:190} INFO - [2025-03-19T00:00:57.266+0000] {dag.py:4180} INFO - Setting next_dagrun for example_subdag_operator.section-1 to None, run_after=None
[2025-03-19T00:00:57.269+0000] {logging_mixin.py:190} INFO - [2025-03-19T00:00:57.269+0000] {dag.py:4180} INFO - Setting next_dagrun for example_subdag_operator.section-2 to None, run_after=None
[2025-03-19T00:00:57.274+0000] {logging_mixin.py:190} INFO - [2025-03-19T00:00:57.274+0000] {dag.py:3239} INFO - Sync 2 DAGs
[2025-03-19T00:00:57.280+0000] {logging_mixin.py:190} INFO - [2025-03-19T00:00:57.280+0000] {dag.py:4180} INFO - Setting next_dagrun for example_subdag_operator.section-1 to None, run_after=None
[2025-03-19T00:00:57.280+0000] {logging_mixin.py:190} INFO - [2025-03-19T00:00:57.280+0000] {dag.py:4180} INFO - Setting next_dagrun for example_subdag_operator.section-2 to None, run_after=None
[2025-03-19T00:00:57.290+0000] {processor.py:208} INFO - Processing /home/airflow/.local/lib/python3.12/site-packages/airflow/example_dags/example_subdag_operator.py took 0.116 seconds
[2025-03-19T00:01:27.661+0000] {processor.py:186} INFO - Started process (PID=2283) to work on /home/airflow/.local/lib/python3.12/site-packages/airflow/example_dags/example_subdag_operator.py
[2025-03-19T00:01:27.662+0000] {processor.py:914} INFO - Processing file /home/airflow/.local/lib/python3.12/site-packages/airflow/example_dags/example_subdag_operator.py for tasks to queue
[2025-03-19T00:01:27.664+0000] {logging_mixin.py:190} INFO - [2025-03-19T00:01:27.664+0000] {dagbag.py:588} INFO - Filling up the DagBag from /home/airflow/.local/lib/python3.12/site-packages/airflow/example_dags/example_subdag_operator.py
[2025-03-19T00:01:27.682+0000] {processor.py:925} INFO - DAG(s) 'example_subdag_operator.section-1', 'example_subdag_operator.section-2', 'example_subdag_operator' retrieved from /home/airflow/.local/lib/python3.12/site-packages/airflow/example_dags/example_subdag_operator.py
[2025-03-19T00:01:27.699+0000] {logging_mixin.py:190} INFO - [2025-03-19T00:01:27.699+0000] {dag.py:3239} INFO - Sync 3 DAGs
[2025-03-19T00:01:27.726+0000] {logging_mixin.py:190} INFO - [2025-03-19T00:01:27.725+0000] {dag.py:4180} INFO - Setting next_dagrun for example_subdag_operator to 2022-01-01 00:00:00+00:00, run_after=2022-01-01 00:00:00+00:00
[2025-03-19T00:01:27.729+0000] {logging_mixin.py:190} INFO - [2025-03-19T00:01:27.728+0000] {dag.py:4180} INFO - Setting next_dagrun for example_subdag_operator.section-1 to None, run_after=None
[2025-03-19T00:01:27.731+0000] {logging_mixin.py:190} INFO - [2025-03-19T00:01:27.731+0000] {dag.py:4180} INFO - Setting next_dagrun for example_subdag_operator.section-2 to None, run_after=None
[2025-03-19T00:01:27.741+0000] {logging_mixin.py:190} INFO - [2025-03-19T00:01:27.741+0000] {dag.py:3239} INFO - Sync 2 DAGs
[2025-03-19T00:01:27.748+0000] {logging_mixin.py:190} INFO - [2025-03-19T00:01:27.748+0000] {dag.py:4180} INFO - Setting next_dagrun for example_subdag_operator.section-1 to None, run_after=None
[2025-03-19T00:01:27.749+0000] {logging_mixin.py:190} INFO - [2025-03-19T00:01:27.749+0000] {dag.py:4180} INFO - Setting next_dagrun for example_subdag_operator.section-2 to None, run_after=None
[2025-03-19T00:01:27.759+0000] {processor.py:208} INFO - Processing /home/airflow/.local/lib/python3.12/site-packages/airflow/example_dags/example_subdag_operator.py took 0.105 seconds
[2025-03-19T00:02:02.935+0000] {processor.py:186} INFO - Started process (PID=2348) to work on /home/airflow/.local/lib/python3.12/site-packages/airflow/example_dags/example_subdag_operator.py
[2025-03-19T00:02:02.935+0000] {processor.py:914} INFO - Processing file /home/airflow/.local/lib/python3.12/site-packages/airflow/example_dags/example_subdag_operator.py for tasks to queue
[2025-03-19T00:02:02.937+0000] {logging_mixin.py:190} INFO - [2025-03-19T00:02:02.936+0000] {dagbag.py:588} INFO - Filling up the DagBag from /home/airflow/.local/lib/python3.12/site-packages/airflow/example_dags/example_subdag_operator.py
[2025-03-19T00:02:02.959+0000] {processor.py:925} INFO - DAG(s) 'example_subdag_operator.section-1', 'example_subdag_operator.section-2', 'example_subdag_operator' retrieved from /home/airflow/.local/lib/python3.12/site-packages/airflow/example_dags/example_subdag_operator.py
[2025-03-19T00:02:02.970+0000] {logging_mixin.py:190} INFO - [2025-03-19T00:02:02.970+0000] {dag.py:3239} INFO - Sync 3 DAGs
[2025-03-19T00:02:03.007+0000] {logging_mixin.py:190} INFO - [2025-03-19T00:02:03.007+0000] {dag.py:4180} INFO - Setting next_dagrun for example_subdag_operator to 2022-01-01 00:00:00+00:00, run_after=2022-01-01 00:00:00+00:00
[2025-03-19T00:02:03.013+0000] {logging_mixin.py:190} INFO - [2025-03-19T00:02:03.012+0000] {dag.py:4180} INFO - Setting next_dagrun for example_subdag_operator.section-1 to None, run_after=None
[2025-03-19T00:02:03.017+0000] {logging_mixin.py:190} INFO - [2025-03-19T00:02:03.016+0000] {dag.py:4180} INFO - Setting next_dagrun for example_subdag_operator.section-2 to None, run_after=None
[2025-03-19T00:02:03.023+0000] {logging_mixin.py:190} INFO - [2025-03-19T00:02:03.023+0000] {dag.py:3239} INFO - Sync 2 DAGs
[2025-03-19T00:02:03.028+0000] {logging_mixin.py:190} INFO - [2025-03-19T00:02:03.027+0000] {dag.py:4180} INFO - Setting next_dagrun for example_subdag_operator.section-1 to None, run_after=None
[2025-03-19T00:02:03.029+0000] {logging_mixin.py:190} INFO - [2025-03-19T00:02:03.029+0000] {dag.py:4180} INFO - Setting next_dagrun for example_subdag_operator.section-2 to None, run_after=None
[2025-03-19T00:02:03.041+0000] {processor.py:208} INFO - Processing /home/airflow/.local/lib/python3.12/site-packages/airflow/example_dags/example_subdag_operator.py took 0.110 seconds
[2025-03-19T00:02:33.386+0000] {processor.py:186} INFO - Started process (PID=2419) to work on /home/airflow/.local/lib/python3.12/site-packages/airflow/example_dags/example_subdag_operator.py
[2025-03-19T00:02:33.387+0000] {processor.py:914} INFO - Processing file /home/airflow/.local/lib/python3.12/site-packages/airflow/example_dags/example_subdag_operator.py for tasks to queue
[2025-03-19T00:02:33.388+0000] {logging_mixin.py:190} INFO - [2025-03-19T00:02:33.388+0000] {dagbag.py:588} INFO - Filling up the DagBag from /home/airflow/.local/lib/python3.12/site-packages/airflow/example_dags/example_subdag_operator.py
[2025-03-19T00:02:33.422+0000] {processor.py:925} INFO - DAG(s) 'example_subdag_operator.section-1', 'example_subdag_operator.section-2', 'example_subdag_operator' retrieved from /home/airflow/.local/lib/python3.12/site-packages/airflow/example_dags/example_subdag_operator.py
[2025-03-19T00:02:33.434+0000] {logging_mixin.py:190} INFO - [2025-03-19T00:02:33.434+0000] {dag.py:3239} INFO - Sync 3 DAGs
[2025-03-19T00:02:33.446+0000] {logging_mixin.py:190} INFO - [2025-03-19T00:02:33.446+0000] {dag.py:4180} INFO - Setting next_dagrun for example_subdag_operator to 2022-01-01 00:00:00+00:00, run_after=2022-01-01 00:00:00+00:00
[2025-03-19T00:02:33.448+0000] {logging_mixin.py:190} INFO - [2025-03-19T00:02:33.448+0000] {dag.py:4180} INFO - Setting next_dagrun for example_subdag_operator.section-1 to None, run_after=None
[2025-03-19T00:02:33.449+0000] {logging_mixin.py:190} INFO - [2025-03-19T00:02:33.449+0000] {dag.py:4180} INFO - Setting next_dagrun for example_subdag_operator.section-2 to None, run_after=None
[2025-03-19T00:02:33.452+0000] {logging_mixin.py:190} INFO - [2025-03-19T00:02:33.452+0000] {dag.py:3239} INFO - Sync 2 DAGs
[2025-03-19T00:02:33.454+0000] {logging_mixin.py:190} INFO - [2025-03-19T00:02:33.454+0000] {dag.py:4180} INFO - Setting next_dagrun for example_subdag_operator.section-1 to None, run_after=None
[2025-03-19T00:02:33.454+0000] {logging_mixin.py:190} INFO - [2025-03-19T00:02:33.454+0000] {dag.py:4180} INFO - Setting next_dagrun for example_subdag_operator.section-2 to None, run_after=None
[2025-03-19T00:02:33.458+0000] {processor.py:208} INFO - Processing /home/airflow/.local/lib/python3.12/site-packages/airflow/example_dags/example_subdag_operator.py took 0.074 seconds
[2025-03-19T00:03:04.774+0000] {processor.py:186} INFO - Started process (PID=2491) to work on /home/airflow/.local/lib/python3.12/site-packages/airflow/example_dags/example_subdag_operator.py
[2025-03-19T00:03:04.776+0000] {processor.py:914} INFO - Processing file /home/airflow/.local/lib/python3.12/site-packages/airflow/example_dags/example_subdag_operator.py for tasks to queue
[2025-03-19T00:03:04.779+0000] {logging_mixin.py:190} INFO - [2025-03-19T00:03:04.779+0000] {dagbag.py:588} INFO - Filling up the DagBag from /home/airflow/.local/lib/python3.12/site-packages/airflow/example_dags/example_subdag_operator.py
[2025-03-19T00:03:04.815+0000] {processor.py:925} INFO - DAG(s) 'example_subdag_operator.section-1', 'example_subdag_operator.section-2', 'example_subdag_operator' retrieved from /home/airflow/.local/lib/python3.12/site-packages/airflow/example_dags/example_subdag_operator.py
[2025-03-19T00:03:04.828+0000] {logging_mixin.py:190} INFO - [2025-03-19T00:03:04.828+0000] {dag.py:3239} INFO - Sync 3 DAGs
[2025-03-19T00:03:04.841+0000] {logging_mixin.py:190} INFO - [2025-03-19T00:03:04.841+0000] {dag.py:4180} INFO - Setting next_dagrun for example_subdag_operator to 2022-01-01 00:00:00+00:00, run_after=2022-01-01 00:00:00+00:00
[2025-03-19T00:03:04.844+0000] {logging_mixin.py:190} INFO - [2025-03-19T00:03:04.844+0000] {dag.py:4180} INFO - Setting next_dagrun for example_subdag_operator.section-1 to None, run_after=None
[2025-03-19T00:03:04.845+0000] {logging_mixin.py:190} INFO - [2025-03-19T00:03:04.845+0000] {dag.py:4180} INFO - Setting next_dagrun for example_subdag_operator.section-2 to None, run_after=None
[2025-03-19T00:03:04.854+0000] {logging_mixin.py:190} INFO - [2025-03-19T00:03:04.854+0000] {dag.py:3239} INFO - Sync 2 DAGs
[2025-03-19T00:03:04.863+0000] {logging_mixin.py:190} INFO - [2025-03-19T00:03:04.863+0000] {dag.py:4180} INFO - Setting next_dagrun for example_subdag_operator.section-1 to None, run_after=None
[2025-03-19T00:03:04.866+0000] {logging_mixin.py:190} INFO - [2025-03-19T00:03:04.866+0000] {dag.py:4180} INFO - Setting next_dagrun for example_subdag_operator.section-2 to None, run_after=None
[2025-03-19T00:03:04.881+0000] {processor.py:208} INFO - Processing /home/airflow/.local/lib/python3.12/site-packages/airflow/example_dags/example_subdag_operator.py took 0.118 seconds
[2025-03-19T00:03:35.074+0000] {processor.py:186} INFO - Started process (PID=2563) to work on /home/airflow/.local/lib/python3.12/site-packages/airflow/example_dags/example_subdag_operator.py
[2025-03-19T00:03:35.076+0000] {processor.py:914} INFO - Processing file /home/airflow/.local/lib/python3.12/site-packages/airflow/example_dags/example_subdag_operator.py for tasks to queue
[2025-03-19T00:03:35.077+0000] {logging_mixin.py:190} INFO - [2025-03-19T00:03:35.077+0000] {dagbag.py:588} INFO - Filling up the DagBag from /home/airflow/.local/lib/python3.12/site-packages/airflow/example_dags/example_subdag_operator.py
[2025-03-19T00:03:35.097+0000] {processor.py:925} INFO - DAG(s) 'example_subdag_operator.section-1', 'example_subdag_operator.section-2', 'example_subdag_operator' retrieved from /home/airflow/.local/lib/python3.12/site-packages/airflow/example_dags/example_subdag_operator.py
[2025-03-19T00:03:35.108+0000] {logging_mixin.py:190} INFO - [2025-03-19T00:03:35.108+0000] {dag.py:3239} INFO - Sync 3 DAGs
[2025-03-19T00:03:35.122+0000] {logging_mixin.py:190} INFO - [2025-03-19T00:03:35.122+0000] {dag.py:4180} INFO - Setting next_dagrun for example_subdag_operator to 2022-01-01 00:00:00+00:00, run_after=2022-01-01 00:00:00+00:00
[2025-03-19T00:03:35.124+0000] {logging_mixin.py:190} INFO - [2025-03-19T00:03:35.124+0000] {dag.py:4180} INFO - Setting next_dagrun for example_subdag_operator.section-1 to None, run_after=None
[2025-03-19T00:03:35.124+0000] {logging_mixin.py:190} INFO - [2025-03-19T00:03:35.124+0000] {dag.py:4180} INFO - Setting next_dagrun for example_subdag_operator.section-2 to None, run_after=None
[2025-03-19T00:03:35.128+0000] {logging_mixin.py:190} INFO - [2025-03-19T00:03:35.128+0000] {dag.py:3239} INFO - Sync 2 DAGs
[2025-03-19T00:03:35.130+0000] {logging_mixin.py:190} INFO - [2025-03-19T00:03:35.130+0000] {dag.py:4180} INFO - Setting next_dagrun for example_subdag_operator.section-1 to None, run_after=None
[2025-03-19T00:03:35.130+0000] {logging_mixin.py:190} INFO - [2025-03-19T00:03:35.130+0000] {dag.py:4180} INFO - Setting next_dagrun for example_subdag_operator.section-2 to None, run_after=None
[2025-03-19T00:03:35.135+0000] {processor.py:208} INFO - Processing /home/airflow/.local/lib/python3.12/site-packages/airflow/example_dags/example_subdag_operator.py took 0.064 seconds
[2025-03-19T00:04:05.555+0000] {processor.py:186} INFO - Started process (PID=2635) to work on /home/airflow/.local/lib/python3.12/site-packages/airflow/example_dags/example_subdag_operator.py
[2025-03-19T00:04:05.562+0000] {processor.py:914} INFO - Processing file /home/airflow/.local/lib/python3.12/site-packages/airflow/example_dags/example_subdag_operator.py for tasks to queue
[2025-03-19T00:04:05.567+0000] {logging_mixin.py:190} INFO - [2025-03-19T00:04:05.566+0000] {dagbag.py:588} INFO - Filling up the DagBag from /home/airflow/.local/lib/python3.12/site-packages/airflow/example_dags/example_subdag_operator.py
[2025-03-19T00:04:05.606+0000] {processor.py:925} INFO - DAG(s) 'example_subdag_operator.section-1', 'example_subdag_operator.section-2', 'example_subdag_operator' retrieved from /home/airflow/.local/lib/python3.12/site-packages/airflow/example_dags/example_subdag_operator.py
[2025-03-19T00:04:05.630+0000] {logging_mixin.py:190} INFO - [2025-03-19T00:04:05.630+0000] {dag.py:3239} INFO - Sync 3 DAGs
[2025-03-19T00:04:05.655+0000] {logging_mixin.py:190} INFO - [2025-03-19T00:04:05.655+0000] {dag.py:4180} INFO - Setting next_dagrun for example_subdag_operator to 2022-01-01 00:00:00+00:00, run_after=2022-01-01 00:00:00+00:00
[2025-03-19T00:04:05.661+0000] {logging_mixin.py:190} INFO - [2025-03-19T00:04:05.661+0000] {dag.py:4180} INFO - Setting next_dagrun for example_subdag_operator.section-1 to None, run_after=None
[2025-03-19T00:04:05.665+0000] {logging_mixin.py:190} INFO - [2025-03-19T00:04:05.665+0000] {dag.py:4180} INFO - Setting next_dagrun for example_subdag_operator.section-2 to None, run_after=None
[2025-03-19T00:04:05.684+0000] {logging_mixin.py:190} INFO - [2025-03-19T00:04:05.684+0000] {dag.py:3239} INFO - Sync 2 DAGs
[2025-03-19T00:04:05.697+0000] {logging_mixin.py:190} INFO - [2025-03-19T00:04:05.697+0000] {dag.py:4180} INFO - Setting next_dagrun for example_subdag_operator.section-1 to None, run_after=None
[2025-03-19T00:04:05.699+0000] {logging_mixin.py:190} INFO - [2025-03-19T00:04:05.698+0000] {dag.py:4180} INFO - Setting next_dagrun for example_subdag_operator.section-2 to None, run_after=None
[2025-03-19T00:04:05.712+0000] {processor.py:208} INFO - Processing /home/airflow/.local/lib/python3.12/site-packages/airflow/example_dags/example_subdag_operator.py took 0.163 seconds
[2025-03-19T00:04:35.993+0000] {processor.py:186} INFO - Started process (PID=2707) to work on /home/airflow/.local/lib/python3.12/site-packages/airflow/example_dags/example_subdag_operator.py
[2025-03-19T00:04:35.994+0000] {processor.py:914} INFO - Processing file /home/airflow/.local/lib/python3.12/site-packages/airflow/example_dags/example_subdag_operator.py for tasks to queue
[2025-03-19T00:04:35.995+0000] {logging_mixin.py:190} INFO - [2025-03-19T00:04:35.995+0000] {dagbag.py:588} INFO - Filling up the DagBag from /home/airflow/.local/lib/python3.12/site-packages/airflow/example_dags/example_subdag_operator.py
[2025-03-19T00:04:36.008+0000] {processor.py:925} INFO - DAG(s) 'example_subdag_operator.section-1', 'example_subdag_operator.section-2', 'example_subdag_operator' retrieved from /home/airflow/.local/lib/python3.12/site-packages/airflow/example_dags/example_subdag_operator.py
[2025-03-19T00:04:36.015+0000] {logging_mixin.py:190} INFO - [2025-03-19T00:04:36.014+0000] {dag.py:3239} INFO - Sync 3 DAGs
[2025-03-19T00:04:36.027+0000] {logging_mixin.py:190} INFO - [2025-03-19T00:04:36.027+0000] {dag.py:4180} INFO - Setting next_dagrun for example_subdag_operator to 2022-01-01 00:00:00+00:00, run_after=2022-01-01 00:00:00+00:00
[2025-03-19T00:04:36.029+0000] {logging_mixin.py:190} INFO - [2025-03-19T00:04:36.029+0000] {dag.py:4180} INFO - Setting next_dagrun for example_subdag_operator.section-1 to None, run_after=None
[2025-03-19T00:04:36.153+0000] {logging_mixin.py:190} INFO - [2025-03-19T00:04:36.153+0000] {dag.py:4180} INFO - Setting next_dagrun for example_subdag_operator.section-2 to None, run_after=None
[2025-03-19T00:04:36.157+0000] {logging_mixin.py:190} INFO - [2025-03-19T00:04:36.156+0000] {dag.py:3239} INFO - Sync 2 DAGs
[2025-03-19T00:04:36.161+0000] {logging_mixin.py:190} INFO - [2025-03-19T00:04:36.161+0000] {dag.py:4180} INFO - Setting next_dagrun for example_subdag_operator.section-1 to None, run_after=None
[2025-03-19T00:04:36.162+0000] {logging_mixin.py:190} INFO - [2025-03-19T00:04:36.162+0000] {dag.py:4180} INFO - Setting next_dagrun for example_subdag_operator.section-2 to None, run_after=None
[2025-03-19T00:04:36.166+0000] {processor.py:208} INFO - Processing /home/airflow/.local/lib/python3.12/site-packages/airflow/example_dags/example_subdag_operator.py took 0.175 seconds
[2025-03-19T00:05:09.641+0000] {processor.py:186} INFO - Started process (PID=2779) to work on /home/airflow/.local/lib/python3.12/site-packages/airflow/example_dags/example_subdag_operator.py
[2025-03-19T00:05:09.674+0000] {processor.py:914} INFO - Processing file /home/airflow/.local/lib/python3.12/site-packages/airflow/example_dags/example_subdag_operator.py for tasks to queue
[2025-03-19T00:05:09.677+0000] {logging_mixin.py:190} INFO - [2025-03-19T00:05:09.677+0000] {dagbag.py:588} INFO - Filling up the DagBag from /home/airflow/.local/lib/python3.12/site-packages/airflow/example_dags/example_subdag_operator.py
[2025-03-19T00:05:09.725+0000] {processor.py:925} INFO - DAG(s) 'example_subdag_operator.section-1', 'example_subdag_operator.section-2', 'example_subdag_operator' retrieved from /home/airflow/.local/lib/python3.12/site-packages/airflow/example_dags/example_subdag_operator.py
[2025-03-19T00:05:09.738+0000] {logging_mixin.py:190} INFO - [2025-03-19T00:05:09.738+0000] {dag.py:3239} INFO - Sync 3 DAGs
[2025-03-19T00:05:09.777+0000] {logging_mixin.py:190} INFO - [2025-03-19T00:05:09.777+0000] {dag.py:4180} INFO - Setting next_dagrun for example_subdag_operator to 2022-01-01 00:00:00+00:00, run_after=2022-01-01 00:00:00+00:00
[2025-03-19T00:05:09.792+0000] {logging_mixin.py:190} INFO - [2025-03-19T00:05:09.791+0000] {dag.py:4180} INFO - Setting next_dagrun for example_subdag_operator.section-1 to None, run_after=None
[2025-03-19T00:05:09.794+0000] {logging_mixin.py:190} INFO - [2025-03-19T00:05:09.794+0000] {dag.py:4180} INFO - Setting next_dagrun for example_subdag_operator.section-2 to None, run_after=None
[2025-03-19T00:05:09.810+0000] {logging_mixin.py:190} INFO - [2025-03-19T00:05:09.810+0000] {dag.py:3239} INFO - Sync 2 DAGs
[2025-03-19T00:05:09.824+0000] {logging_mixin.py:190} INFO - [2025-03-19T00:05:09.824+0000] {dag.py:4180} INFO - Setting next_dagrun for example_subdag_operator.section-1 to None, run_after=None
[2025-03-19T00:05:09.828+0000] {logging_mixin.py:190} INFO - [2025-03-19T00:05:09.827+0000] {dag.py:4180} INFO - Setting next_dagrun for example_subdag_operator.section-2 to None, run_after=None
[2025-03-19T00:05:09.851+0000] {processor.py:208} INFO - Processing /home/airflow/.local/lib/python3.12/site-packages/airflow/example_dags/example_subdag_operator.py took 0.217 seconds
[2025-03-19T00:05:40.276+0000] {processor.py:186} INFO - Started process (PID=2851) to work on /home/airflow/.local/lib/python3.12/site-packages/airflow/example_dags/example_subdag_operator.py
[2025-03-19T00:05:40.277+0000] {processor.py:914} INFO - Processing file /home/airflow/.local/lib/python3.12/site-packages/airflow/example_dags/example_subdag_operator.py for tasks to queue
[2025-03-19T00:05:40.277+0000] {logging_mixin.py:190} INFO - [2025-03-19T00:05:40.277+0000] {dagbag.py:588} INFO - Filling up the DagBag from /home/airflow/.local/lib/python3.12/site-packages/airflow/example_dags/example_subdag_operator.py
[2025-03-19T00:05:40.289+0000] {processor.py:925} INFO - DAG(s) 'example_subdag_operator.section-1', 'example_subdag_operator.section-2', 'example_subdag_operator' retrieved from /home/airflow/.local/lib/python3.12/site-packages/airflow/example_dags/example_subdag_operator.py
[2025-03-19T00:05:40.299+0000] {logging_mixin.py:190} INFO - [2025-03-19T00:05:40.299+0000] {dag.py:3239} INFO - Sync 3 DAGs
[2025-03-19T00:05:40.309+0000] {logging_mixin.py:190} INFO - [2025-03-19T00:05:40.309+0000] {dag.py:4180} INFO - Setting next_dagrun for example_subdag_operator to 2022-01-01 00:00:00+00:00, run_after=2022-01-01 00:00:00+00:00
[2025-03-19T00:05:40.311+0000] {logging_mixin.py:190} INFO - [2025-03-19T00:05:40.311+0000] {dag.py:4180} INFO - Setting next_dagrun for example_subdag_operator.section-1 to None, run_after=None
[2025-03-19T00:05:40.311+0000] {logging_mixin.py:190} INFO - [2025-03-19T00:05:40.311+0000] {dag.py:4180} INFO - Setting next_dagrun for example_subdag_operator.section-2 to None, run_after=None
[2025-03-19T00:05:40.314+0000] {logging_mixin.py:190} INFO - [2025-03-19T00:05:40.314+0000] {dag.py:3239} INFO - Sync 2 DAGs
[2025-03-19T00:05:40.316+0000] {logging_mixin.py:190} INFO - [2025-03-19T00:05:40.316+0000] {dag.py:4180} INFO - Setting next_dagrun for example_subdag_operator.section-1 to None, run_after=None
[2025-03-19T00:05:40.316+0000] {logging_mixin.py:190} INFO - [2025-03-19T00:05:40.316+0000] {dag.py:4180} INFO - Setting next_dagrun for example_subdag_operator.section-2 to None, run_after=None
[2025-03-19T00:05:40.320+0000] {processor.py:208} INFO - Processing /home/airflow/.local/lib/python3.12/site-packages/airflow/example_dags/example_subdag_operator.py took 0.048 seconds
[2025-03-19T00:06:11.488+0000] {processor.py:186} INFO - Started process (PID=2923) to work on /home/airflow/.local/lib/python3.12/site-packages/airflow/example_dags/example_subdag_operator.py
[2025-03-19T00:06:11.502+0000] {processor.py:914} INFO - Processing file /home/airflow/.local/lib/python3.12/site-packages/airflow/example_dags/example_subdag_operator.py for tasks to queue
[2025-03-19T00:06:11.508+0000] {logging_mixin.py:190} INFO - [2025-03-19T00:06:11.508+0000] {dagbag.py:588} INFO - Filling up the DagBag from /home/airflow/.local/lib/python3.12/site-packages/airflow/example_dags/example_subdag_operator.py
[2025-03-19T00:06:11.578+0000] {processor.py:925} INFO - DAG(s) 'example_subdag_operator.section-1', 'example_subdag_operator.section-2', 'example_subdag_operator' retrieved from /home/airflow/.local/lib/python3.12/site-packages/airflow/example_dags/example_subdag_operator.py
[2025-03-19T00:06:11.605+0000] {logging_mixin.py:190} INFO - [2025-03-19T00:06:11.604+0000] {dag.py:3239} INFO - Sync 3 DAGs
[2025-03-19T00:06:11.646+0000] {logging_mixin.py:190} INFO - [2025-03-19T00:06:11.646+0000] {dag.py:4180} INFO - Setting next_dagrun for example_subdag_operator to 2022-01-01 00:00:00+00:00, run_after=2022-01-01 00:00:00+00:00
[2025-03-19T00:06:11.659+0000] {logging_mixin.py:190} INFO - [2025-03-19T00:06:11.659+0000] {dag.py:4180} INFO - Setting next_dagrun for example_subdag_operator.section-1 to None, run_after=None
[2025-03-19T00:06:11.661+0000] {logging_mixin.py:190} INFO - [2025-03-19T00:06:11.661+0000] {dag.py:4180} INFO - Setting next_dagrun for example_subdag_operator.section-2 to None, run_after=None
[2025-03-19T00:06:11.674+0000] {logging_mixin.py:190} INFO - [2025-03-19T00:06:11.674+0000] {dag.py:3239} INFO - Sync 2 DAGs
[2025-03-19T00:06:11.688+0000] {logging_mixin.py:190} INFO - [2025-03-19T00:06:11.688+0000] {dag.py:4180} INFO - Setting next_dagrun for example_subdag_operator.section-1 to None, run_after=None
[2025-03-19T00:06:11.694+0000] {logging_mixin.py:190} INFO - [2025-03-19T00:06:11.689+0000] {dag.py:4180} INFO - Setting next_dagrun for example_subdag_operator.section-2 to None, run_after=None
[2025-03-19T00:06:11.726+0000] {processor.py:208} INFO - Processing /home/airflow/.local/lib/python3.12/site-packages/airflow/example_dags/example_subdag_operator.py took 0.250 seconds
[2025-03-19T00:06:42.530+0000] {processor.py:186} INFO - Started process (PID=2995) to work on /home/airflow/.local/lib/python3.12/site-packages/airflow/example_dags/example_subdag_operator.py
[2025-03-19T00:06:42.533+0000] {processor.py:914} INFO - Processing file /home/airflow/.local/lib/python3.12/site-packages/airflow/example_dags/example_subdag_operator.py for tasks to queue
[2025-03-19T00:06:42.538+0000] {logging_mixin.py:190} INFO - [2025-03-19T00:06:42.537+0000] {dagbag.py:588} INFO - Filling up the DagBag from /home/airflow/.local/lib/python3.12/site-packages/airflow/example_dags/example_subdag_operator.py
[2025-03-19T00:06:42.587+0000] {processor.py:925} INFO - DAG(s) 'example_subdag_operator.section-1', 'example_subdag_operator.section-2', 'example_subdag_operator' retrieved from /home/airflow/.local/lib/python3.12/site-packages/airflow/example_dags/example_subdag_operator.py
[2025-03-19T00:06:42.603+0000] {logging_mixin.py:190} INFO - [2025-03-19T00:06:42.602+0000] {dag.py:3239} INFO - Sync 3 DAGs
[2025-03-19T00:06:42.637+0000] {logging_mixin.py:190} INFO - [2025-03-19T00:06:42.637+0000] {dag.py:4180} INFO - Setting next_dagrun for example_subdag_operator to 2022-01-01 00:00:00+00:00, run_after=2022-01-01 00:00:00+00:00
[2025-03-19T00:06:42.648+0000] {logging_mixin.py:190} INFO - [2025-03-19T00:06:42.648+0000] {dag.py:4180} INFO - Setting next_dagrun for example_subdag_operator.section-1 to None, run_after=None
[2025-03-19T00:06:42.655+0000] {logging_mixin.py:190} INFO - [2025-03-19T00:06:42.655+0000] {dag.py:4180} INFO - Setting next_dagrun for example_subdag_operator.section-2 to None, run_after=None
[2025-03-19T00:06:42.663+0000] {logging_mixin.py:190} INFO - [2025-03-19T00:06:42.663+0000] {dag.py:3239} INFO - Sync 2 DAGs
[2025-03-19T00:06:42.667+0000] {logging_mixin.py:190} INFO - [2025-03-19T00:06:42.666+0000] {dag.py:4180} INFO - Setting next_dagrun for example_subdag_operator.section-1 to None, run_after=None
[2025-03-19T00:06:42.667+0000] {logging_mixin.py:190} INFO - [2025-03-19T00:06:42.667+0000] {dag.py:4180} INFO - Setting next_dagrun for example_subdag_operator.section-2 to None, run_after=None
[2025-03-19T00:06:42.674+0000] {processor.py:208} INFO - Processing /home/airflow/.local/lib/python3.12/site-packages/airflow/example_dags/example_subdag_operator.py took 0.151 seconds
[2025-03-19T00:07:13.275+0000] {processor.py:186} INFO - Started process (PID=3067) to work on /home/airflow/.local/lib/python3.12/site-packages/airflow/example_dags/example_subdag_operator.py
[2025-03-19T00:07:13.283+0000] {processor.py:914} INFO - Processing file /home/airflow/.local/lib/python3.12/site-packages/airflow/example_dags/example_subdag_operator.py for tasks to queue
[2025-03-19T00:07:13.316+0000] {logging_mixin.py:190} INFO - [2025-03-19T00:07:13.316+0000] {dagbag.py:588} INFO - Filling up the DagBag from /home/airflow/.local/lib/python3.12/site-packages/airflow/example_dags/example_subdag_operator.py
[2025-03-19T00:07:13.416+0000] {processor.py:925} INFO - DAG(s) 'example_subdag_operator.section-1', 'example_subdag_operator.section-2', 'example_subdag_operator' retrieved from /home/airflow/.local/lib/python3.12/site-packages/airflow/example_dags/example_subdag_operator.py
[2025-03-19T00:07:13.468+0000] {logging_mixin.py:190} INFO - [2025-03-19T00:07:13.468+0000] {dag.py:3239} INFO - Sync 3 DAGs
[2025-03-19T00:07:13.507+0000] {logging_mixin.py:190} INFO - [2025-03-19T00:07:13.506+0000] {dag.py:4180} INFO - Setting next_dagrun for example_subdag_operator to 2022-01-01 00:00:00+00:00, run_after=2022-01-01 00:00:00+00:00
[2025-03-19T00:07:13.552+0000] {logging_mixin.py:190} INFO - [2025-03-19T00:07:13.552+0000] {dag.py:4180} INFO - Setting next_dagrun for example_subdag_operator.section-1 to None, run_after=None
[2025-03-19T00:07:13.613+0000] {logging_mixin.py:190} INFO - [2025-03-19T00:07:13.613+0000] {dag.py:4180} INFO - Setting next_dagrun for example_subdag_operator.section-2 to None, run_after=None
[2025-03-19T00:07:13.630+0000] {logging_mixin.py:190} INFO - [2025-03-19T00:07:13.630+0000] {dag.py:3239} INFO - Sync 2 DAGs
[2025-03-19T00:07:13.637+0000] {logging_mixin.py:190} INFO - [2025-03-19T00:07:13.637+0000] {dag.py:4180} INFO - Setting next_dagrun for example_subdag_operator.section-1 to None, run_after=None
[2025-03-19T00:07:13.679+0000] {logging_mixin.py:190} INFO - [2025-03-19T00:07:13.679+0000] {dag.py:4180} INFO - Setting next_dagrun for example_subdag_operator.section-2 to None, run_after=None
[2025-03-19T00:07:13.703+0000] {processor.py:208} INFO - Processing /home/airflow/.local/lib/python3.12/site-packages/airflow/example_dags/example_subdag_operator.py took 0.434 seconds
[2025-03-19T00:07:44.520+0000] {processor.py:186} INFO - Started process (PID=3139) to work on /home/airflow/.local/lib/python3.12/site-packages/airflow/example_dags/example_subdag_operator.py
[2025-03-19T00:07:44.520+0000] {processor.py:914} INFO - Processing file /home/airflow/.local/lib/python3.12/site-packages/airflow/example_dags/example_subdag_operator.py for tasks to queue
[2025-03-19T00:07:44.522+0000] {logging_mixin.py:190} INFO - [2025-03-19T00:07:44.522+0000] {dagbag.py:588} INFO - Filling up the DagBag from /home/airflow/.local/lib/python3.12/site-packages/airflow/example_dags/example_subdag_operator.py
[2025-03-19T00:07:44.544+0000] {processor.py:925} INFO - DAG(s) 'example_subdag_operator.section-1', 'example_subdag_operator.section-2', 'example_subdag_operator' retrieved from /home/airflow/.local/lib/python3.12/site-packages/airflow/example_dags/example_subdag_operator.py
[2025-03-19T00:07:44.554+0000] {logging_mixin.py:190} INFO - [2025-03-19T00:07:44.554+0000] {dag.py:3239} INFO - Sync 3 DAGs
[2025-03-19T00:07:44.566+0000] {logging_mixin.py:190} INFO - [2025-03-19T00:07:44.566+0000] {dag.py:4180} INFO - Setting next_dagrun for example_subdag_operator to 2022-01-01 00:00:00+00:00, run_after=2022-01-01 00:00:00+00:00
[2025-03-19T00:07:44.568+0000] {logging_mixin.py:190} INFO - [2025-03-19T00:07:44.568+0000] {dag.py:4180} INFO - Setting next_dagrun for example_subdag_operator.section-1 to None, run_after=None
[2025-03-19T00:07:44.569+0000] {logging_mixin.py:190} INFO - [2025-03-19T00:07:44.569+0000] {dag.py:4180} INFO - Setting next_dagrun for example_subdag_operator.section-2 to None, run_after=None
[2025-03-19T00:07:44.575+0000] {logging_mixin.py:190} INFO - [2025-03-19T00:07:44.575+0000] {dag.py:3239} INFO - Sync 2 DAGs
[2025-03-19T00:07:44.579+0000] {logging_mixin.py:190} INFO - [2025-03-19T00:07:44.579+0000] {dag.py:4180} INFO - Setting next_dagrun for example_subdag_operator.section-1 to None, run_after=None
[2025-03-19T00:07:44.579+0000] {logging_mixin.py:190} INFO - [2025-03-19T00:07:44.579+0000] {dag.py:4180} INFO - Setting next_dagrun for example_subdag_operator.section-2 to None, run_after=None
[2025-03-19T00:07:44.586+0000] {processor.py:208} INFO - Processing /home/airflow/.local/lib/python3.12/site-packages/airflow/example_dags/example_subdag_operator.py took 0.069 seconds
[2025-03-19T00:08:16.624+0000] {processor.py:186} INFO - Started process (PID=3212) to work on /home/airflow/.local/lib/python3.12/site-packages/airflow/example_dags/example_subdag_operator.py
[2025-03-19T00:08:16.629+0000] {processor.py:914} INFO - Processing file /home/airflow/.local/lib/python3.12/site-packages/airflow/example_dags/example_subdag_operator.py for tasks to queue
[2025-03-19T00:08:16.638+0000] {logging_mixin.py:190} INFO - [2025-03-19T00:08:16.638+0000] {dagbag.py:588} INFO - Filling up the DagBag from /home/airflow/.local/lib/python3.12/site-packages/airflow/example_dags/example_subdag_operator.py
[2025-03-19T00:08:16.681+0000] {processor.py:925} INFO - DAG(s) 'example_subdag_operator.section-1', 'example_subdag_operator.section-2', 'example_subdag_operator' retrieved from /home/airflow/.local/lib/python3.12/site-packages/airflow/example_dags/example_subdag_operator.py
[2025-03-19T00:08:16.731+0000] {logging_mixin.py:190} INFO - [2025-03-19T00:08:16.730+0000] {dag.py:3239} INFO - Sync 3 DAGs
[2025-03-19T00:08:16.783+0000] {logging_mixin.py:190} INFO - [2025-03-19T00:08:16.782+0000] {dag.py:4180} INFO - Setting next_dagrun for example_subdag_operator to 2022-01-01 00:00:00+00:00, run_after=2022-01-01 00:00:00+00:00
[2025-03-19T00:08:16.791+0000] {logging_mixin.py:190} INFO - [2025-03-19T00:08:16.791+0000] {dag.py:4180} INFO - Setting next_dagrun for example_subdag_operator.section-1 to None, run_after=None
[2025-03-19T00:08:16.805+0000] {logging_mixin.py:190} INFO - [2025-03-19T00:08:16.805+0000] {dag.py:4180} INFO - Setting next_dagrun for example_subdag_operator.section-2 to None, run_after=None
[2025-03-19T00:08:16.816+0000] {logging_mixin.py:190} INFO - [2025-03-19T00:08:16.816+0000] {dag.py:3239} INFO - Sync 2 DAGs
[2025-03-19T00:08:16.844+0000] {logging_mixin.py:190} INFO - [2025-03-19T00:08:16.844+0000] {dag.py:4180} INFO - Setting next_dagrun for example_subdag_operator.section-1 to None, run_after=None
[2025-03-19T00:08:16.854+0000] {logging_mixin.py:190} INFO - [2025-03-19T00:08:16.852+0000] {dag.py:4180} INFO - Setting next_dagrun for example_subdag_operator.section-2 to None, run_after=None
[2025-03-19T00:08:16.921+0000] {processor.py:208} INFO - Processing /home/airflow/.local/lib/python3.12/site-packages/airflow/example_dags/example_subdag_operator.py took 0.327 seconds
[2025-03-19T00:08:47.160+0000] {processor.py:186} INFO - Started process (PID=3284) to work on /home/airflow/.local/lib/python3.12/site-packages/airflow/example_dags/example_subdag_operator.py
[2025-03-19T00:08:47.228+0000] {processor.py:914} INFO - Processing file /home/airflow/.local/lib/python3.12/site-packages/airflow/example_dags/example_subdag_operator.py for tasks to queue
[2025-03-19T00:08:47.247+0000] {logging_mixin.py:190} INFO - [2025-03-19T00:08:47.246+0000] {dagbag.py:588} INFO - Filling up the DagBag from /home/airflow/.local/lib/python3.12/site-packages/airflow/example_dags/example_subdag_operator.py
[2025-03-19T00:08:47.292+0000] {processor.py:925} INFO - DAG(s) 'example_subdag_operator.section-1', 'example_subdag_operator.section-2', 'example_subdag_operator' retrieved from /home/airflow/.local/lib/python3.12/site-packages/airflow/example_dags/example_subdag_operator.py
[2025-03-19T00:08:47.371+0000] {logging_mixin.py:190} INFO - [2025-03-19T00:08:47.370+0000] {dag.py:3239} INFO - Sync 3 DAGs
[2025-03-19T00:08:47.433+0000] {logging_mixin.py:190} INFO - [2025-03-19T00:08:47.432+0000] {dag.py:4180} INFO - Setting next_dagrun for example_subdag_operator to 2022-01-01 00:00:00+00:00, run_after=2022-01-01 00:00:00+00:00
[2025-03-19T00:08:47.442+0000] {logging_mixin.py:190} INFO - [2025-03-19T00:08:47.442+0000] {dag.py:4180} INFO - Setting next_dagrun for example_subdag_operator.section-1 to None, run_after=None
[2025-03-19T00:08:47.452+0000] {logging_mixin.py:190} INFO - [2025-03-19T00:08:47.452+0000] {dag.py:4180} INFO - Setting next_dagrun for example_subdag_operator.section-2 to None, run_after=None
[2025-03-19T00:08:47.464+0000] {logging_mixin.py:190} INFO - [2025-03-19T00:08:47.462+0000] {dag.py:3239} INFO - Sync 2 DAGs
[2025-03-19T00:08:47.481+0000] {logging_mixin.py:190} INFO - [2025-03-19T00:08:47.481+0000] {dag.py:4180} INFO - Setting next_dagrun for example_subdag_operator.section-1 to None, run_after=None
[2025-03-19T00:08:47.486+0000] {logging_mixin.py:190} INFO - [2025-03-19T00:08:47.486+0000] {dag.py:4180} INFO - Setting next_dagrun for example_subdag_operator.section-2 to None, run_after=None
[2025-03-19T00:08:47.512+0000] {processor.py:208} INFO - Processing /home/airflow/.local/lib/python3.12/site-packages/airflow/example_dags/example_subdag_operator.py took 0.358 seconds
[2025-03-19T00:09:17.646+0000] {processor.py:186} INFO - Started process (PID=3356) to work on /home/airflow/.local/lib/python3.12/site-packages/airflow/example_dags/example_subdag_operator.py
[2025-03-19T00:09:17.646+0000] {processor.py:914} INFO - Processing file /home/airflow/.local/lib/python3.12/site-packages/airflow/example_dags/example_subdag_operator.py for tasks to queue
[2025-03-19T00:09:17.647+0000] {logging_mixin.py:190} INFO - [2025-03-19T00:09:17.647+0000] {dagbag.py:588} INFO - Filling up the DagBag from /home/airflow/.local/lib/python3.12/site-packages/airflow/example_dags/example_subdag_operator.py
[2025-03-19T00:09:17.663+0000] {processor.py:925} INFO - DAG(s) 'example_subdag_operator.section-1', 'example_subdag_operator.section-2', 'example_subdag_operator' retrieved from /home/airflow/.local/lib/python3.12/site-packages/airflow/example_dags/example_subdag_operator.py
[2025-03-19T00:09:17.672+0000] {logging_mixin.py:190} INFO - [2025-03-19T00:09:17.672+0000] {dag.py:3239} INFO - Sync 3 DAGs
[2025-03-19T00:09:17.682+0000] {logging_mixin.py:190} INFO - [2025-03-19T00:09:17.682+0000] {dag.py:4180} INFO - Setting next_dagrun for example_subdag_operator to 2022-01-01 00:00:00+00:00, run_after=2022-01-01 00:00:00+00:00
[2025-03-19T00:09:17.684+0000] {logging_mixin.py:190} INFO - [2025-03-19T00:09:17.684+0000] {dag.py:4180} INFO - Setting next_dagrun for example_subdag_operator.section-1 to None, run_after=None
[2025-03-19T00:09:17.686+0000] {logging_mixin.py:190} INFO - [2025-03-19T00:09:17.686+0000] {dag.py:4180} INFO - Setting next_dagrun for example_subdag_operator.section-2 to None, run_after=None
[2025-03-19T00:09:17.688+0000] {logging_mixin.py:190} INFO - [2025-03-19T00:09:17.688+0000] {dag.py:3239} INFO - Sync 2 DAGs
[2025-03-19T00:09:17.691+0000] {logging_mixin.py:190} INFO - [2025-03-19T00:09:17.691+0000] {dag.py:4180} INFO - Setting next_dagrun for example_subdag_operator.section-1 to None, run_after=None
[2025-03-19T00:09:17.692+0000] {logging_mixin.py:190} INFO - [2025-03-19T00:09:17.692+0000] {dag.py:4180} INFO - Setting next_dagrun for example_subdag_operator.section-2 to None, run_after=None
[2025-03-19T00:09:17.702+0000] {processor.py:208} INFO - Processing /home/airflow/.local/lib/python3.12/site-packages/airflow/example_dags/example_subdag_operator.py took 0.059 seconds
[2025-03-19T00:09:48.543+0000] {processor.py:186} INFO - Started process (PID=3427) to work on /home/airflow/.local/lib/python3.12/site-packages/airflow/example_dags/example_subdag_operator.py
[2025-03-19T00:09:48.545+0000] {processor.py:914} INFO - Processing file /home/airflow/.local/lib/python3.12/site-packages/airflow/example_dags/example_subdag_operator.py for tasks to queue
[2025-03-19T00:09:48.553+0000] {logging_mixin.py:190} INFO - [2025-03-19T00:09:48.552+0000] {dagbag.py:588} INFO - Filling up the DagBag from /home/airflow/.local/lib/python3.12/site-packages/airflow/example_dags/example_subdag_operator.py
[2025-03-19T00:09:48.643+0000] {processor.py:925} INFO - DAG(s) 'example_subdag_operator.section-1', 'example_subdag_operator.section-2', 'example_subdag_operator' retrieved from /home/airflow/.local/lib/python3.12/site-packages/airflow/example_dags/example_subdag_operator.py
[2025-03-19T00:09:48.689+0000] {logging_mixin.py:190} INFO - [2025-03-19T00:09:48.689+0000] {dag.py:3239} INFO - Sync 3 DAGs
[2025-03-19T00:09:48.744+0000] {logging_mixin.py:190} INFO - [2025-03-19T00:09:48.743+0000] {dag.py:4180} INFO - Setting next_dagrun for example_subdag_operator to 2022-01-01 00:00:00+00:00, run_after=2022-01-01 00:00:00+00:00
[2025-03-19T00:09:48.782+0000] {logging_mixin.py:190} INFO - [2025-03-19T00:09:48.781+0000] {dag.py:4180} INFO - Setting next_dagrun for example_subdag_operator.section-1 to None, run_after=None
[2025-03-19T00:09:48.828+0000] {logging_mixin.py:190} INFO - [2025-03-19T00:09:48.828+0000] {dag.py:4180} INFO - Setting next_dagrun for example_subdag_operator.section-2 to None, run_after=None
[2025-03-19T00:09:48.846+0000] {logging_mixin.py:190} INFO - [2025-03-19T00:09:48.845+0000] {dag.py:3239} INFO - Sync 2 DAGs
[2025-03-19T00:09:48.881+0000] {logging_mixin.py:190} INFO - [2025-03-19T00:09:48.881+0000] {dag.py:4180} INFO - Setting next_dagrun for example_subdag_operator.section-1 to None, run_after=None
[2025-03-19T00:09:48.882+0000] {logging_mixin.py:190} INFO - [2025-03-19T00:09:48.881+0000] {dag.py:4180} INFO - Setting next_dagrun for example_subdag_operator.section-2 to None, run_after=None
[2025-03-19T00:09:48.896+0000] {processor.py:208} INFO - Processing /home/airflow/.local/lib/python3.12/site-packages/airflow/example_dags/example_subdag_operator.py took 0.371 seconds
[2025-03-19T00:10:19.032+0000] {processor.py:186} INFO - Started process (PID=3499) to work on /home/airflow/.local/lib/python3.12/site-packages/airflow/example_dags/example_subdag_operator.py
[2025-03-19T00:10:19.032+0000] {processor.py:914} INFO - Processing file /home/airflow/.local/lib/python3.12/site-packages/airflow/example_dags/example_subdag_operator.py for tasks to queue
[2025-03-19T00:10:19.034+0000] {logging_mixin.py:190} INFO - [2025-03-19T00:10:19.034+0000] {dagbag.py:588} INFO - Filling up the DagBag from /home/airflow/.local/lib/python3.12/site-packages/airflow/example_dags/example_subdag_operator.py
[2025-03-19T00:10:19.047+0000] {processor.py:925} INFO - DAG(s) 'example_subdag_operator.section-1', 'example_subdag_operator.section-2', 'example_subdag_operator' retrieved from /home/airflow/.local/lib/python3.12/site-packages/airflow/example_dags/example_subdag_operator.py
[2025-03-19T00:10:19.054+0000] {logging_mixin.py:190} INFO - [2025-03-19T00:10:19.053+0000] {dag.py:3239} INFO - Sync 3 DAGs
[2025-03-19T00:10:19.064+0000] {logging_mixin.py:190} INFO - [2025-03-19T00:10:19.064+0000] {dag.py:4180} INFO - Setting next_dagrun for example_subdag_operator to 2022-01-01 00:00:00+00:00, run_after=2022-01-01 00:00:00+00:00
[2025-03-19T00:10:19.065+0000] {logging_mixin.py:190} INFO - [2025-03-19T00:10:19.065+0000] {dag.py:4180} INFO - Setting next_dagrun for example_subdag_operator.section-1 to None, run_after=None
[2025-03-19T00:10:19.066+0000] {logging_mixin.py:190} INFO - [2025-03-19T00:10:19.066+0000] {dag.py:4180} INFO - Setting next_dagrun for example_subdag_operator.section-2 to None, run_after=None
[2025-03-19T00:10:19.069+0000] {logging_mixin.py:190} INFO - [2025-03-19T00:10:19.069+0000] {dag.py:3239} INFO - Sync 2 DAGs
[2025-03-19T00:10:19.071+0000] {logging_mixin.py:190} INFO - [2025-03-19T00:10:19.071+0000] {dag.py:4180} INFO - Setting next_dagrun for example_subdag_operator.section-1 to None, run_after=None
[2025-03-19T00:10:19.072+0000] {logging_mixin.py:190} INFO - [2025-03-19T00:10:19.071+0000] {dag.py:4180} INFO - Setting next_dagrun for example_subdag_operator.section-2 to None, run_after=None
[2025-03-19T00:10:19.076+0000] {processor.py:208} INFO - Processing /home/airflow/.local/lib/python3.12/site-packages/airflow/example_dags/example_subdag_operator.py took 0.047 seconds
[2025-03-19T00:10:49.145+0000] {processor.py:186} INFO - Started process (PID=3570) to work on /home/airflow/.local/lib/python3.12/site-packages/airflow/example_dags/example_subdag_operator.py
[2025-03-19T00:10:49.145+0000] {processor.py:914} INFO - Processing file /home/airflow/.local/lib/python3.12/site-packages/airflow/example_dags/example_subdag_operator.py for tasks to queue
[2025-03-19T00:10:49.146+0000] {logging_mixin.py:190} INFO - [2025-03-19T00:10:49.146+0000] {dagbag.py:588} INFO - Filling up the DagBag from /home/airflow/.local/lib/python3.12/site-packages/airflow/example_dags/example_subdag_operator.py
[2025-03-19T00:10:49.159+0000] {processor.py:925} INFO - DAG(s) 'example_subdag_operator.section-1', 'example_subdag_operator.section-2', 'example_subdag_operator' retrieved from /home/airflow/.local/lib/python3.12/site-packages/airflow/example_dags/example_subdag_operator.py
[2025-03-19T00:10:49.166+0000] {logging_mixin.py:190} INFO - [2025-03-19T00:10:49.166+0000] {dag.py:3239} INFO - Sync 3 DAGs
[2025-03-19T00:10:49.176+0000] {logging_mixin.py:190} INFO - [2025-03-19T00:10:49.176+0000] {dag.py:4180} INFO - Setting next_dagrun for example_subdag_operator to 2022-01-01 00:00:00+00:00, run_after=2022-01-01 00:00:00+00:00
[2025-03-19T00:10:49.177+0000] {logging_mixin.py:190} INFO - [2025-03-19T00:10:49.177+0000] {dag.py:4180} INFO - Setting next_dagrun for example_subdag_operator.section-1 to None, run_after=None
[2025-03-19T00:10:49.178+0000] {logging_mixin.py:190} INFO - [2025-03-19T00:10:49.178+0000] {dag.py:4180} INFO - Setting next_dagrun for example_subdag_operator.section-2 to None, run_after=None
[2025-03-19T00:10:49.181+0000] {logging_mixin.py:190} INFO - [2025-03-19T00:10:49.181+0000] {dag.py:3239} INFO - Sync 2 DAGs
[2025-03-19T00:10:49.183+0000] {logging_mixin.py:190} INFO - [2025-03-19T00:10:49.183+0000] {dag.py:4180} INFO - Setting next_dagrun for example_subdag_operator.section-1 to None, run_after=None
[2025-03-19T00:10:49.183+0000] {logging_mixin.py:190} INFO - [2025-03-19T00:10:49.183+0000] {dag.py:4180} INFO - Setting next_dagrun for example_subdag_operator.section-2 to None, run_after=None
[2025-03-19T00:10:49.187+0000] {processor.py:208} INFO - Processing /home/airflow/.local/lib/python3.12/site-packages/airflow/example_dags/example_subdag_operator.py took 0.045 seconds
[2025-03-19T00:11:51.520+0000] {processor.py:186} INFO - Started process (PID=3714) to work on /home/airflow/.local/lib/python3.12/site-packages/airflow/example_dags/example_subdag_operator.py
[2025-03-19T00:11:51.521+0000] {processor.py:914} INFO - Processing file /home/airflow/.local/lib/python3.12/site-packages/airflow/example_dags/example_subdag_operator.py for tasks to queue
[2025-03-19T00:11:51.533+0000] {logging_mixin.py:190} INFO - [2025-03-19T00:11:51.532+0000] {dagbag.py:588} INFO - Filling up the DagBag from /home/airflow/.local/lib/python3.12/site-packages/airflow/example_dags/example_subdag_operator.py
[2025-03-19T00:11:51.621+0000] {processor.py:925} INFO - DAG(s) 'example_subdag_operator.section-1', 'example_subdag_operator.section-2', 'example_subdag_operator' retrieved from /home/airflow/.local/lib/python3.12/site-packages/airflow/example_dags/example_subdag_operator.py
[2025-03-19T00:11:51.647+0000] {logging_mixin.py:190} INFO - [2025-03-19T00:11:51.647+0000] {dag.py:3239} INFO - Sync 3 DAGs
[2025-03-19T00:11:51.682+0000] {logging_mixin.py:190} INFO - [2025-03-19T00:11:51.682+0000] {dag.py:4180} INFO - Setting next_dagrun for example_subdag_operator to 2022-01-01 00:00:00+00:00, run_after=2022-01-01 00:00:00+00:00
[2025-03-19T00:11:51.695+0000] {logging_mixin.py:190} INFO - [2025-03-19T00:11:51.695+0000] {dag.py:4180} INFO - Setting next_dagrun for example_subdag_operator.section-1 to None, run_after=None
[2025-03-19T00:11:51.698+0000] {logging_mixin.py:190} INFO - [2025-03-19T00:11:51.697+0000] {dag.py:4180} INFO - Setting next_dagrun for example_subdag_operator.section-2 to None, run_after=None
[2025-03-19T00:11:51.715+0000] {logging_mixin.py:190} INFO - [2025-03-19T00:11:51.714+0000] {dag.py:3239} INFO - Sync 2 DAGs
[2025-03-19T00:11:51.725+0000] {logging_mixin.py:190} INFO - [2025-03-19T00:11:51.724+0000] {dag.py:4180} INFO - Setting next_dagrun for example_subdag_operator.section-1 to None, run_after=None
[2025-03-19T00:11:51.731+0000] {logging_mixin.py:190} INFO - [2025-03-19T00:11:51.731+0000] {dag.py:4180} INFO - Setting next_dagrun for example_subdag_operator.section-2 to None, run_after=None
[2025-03-19T00:11:51.755+0000] {processor.py:208} INFO - Processing /home/airflow/.local/lib/python3.12/site-packages/airflow/example_dags/example_subdag_operator.py took 0.245 seconds
[2025-03-19T00:12:22.710+0000] {processor.py:186} INFO - Started process (PID=3786) to work on /home/airflow/.local/lib/python3.12/site-packages/airflow/example_dags/example_subdag_operator.py
[2025-03-19T00:12:22.711+0000] {processor.py:914} INFO - Processing file /home/airflow/.local/lib/python3.12/site-packages/airflow/example_dags/example_subdag_operator.py for tasks to queue
[2025-03-19T00:12:22.713+0000] {logging_mixin.py:190} INFO - [2025-03-19T00:12:22.713+0000] {dagbag.py:588} INFO - Filling up the DagBag from /home/airflow/.local/lib/python3.12/site-packages/airflow/example_dags/example_subdag_operator.py
[2025-03-19T00:12:22.730+0000] {processor.py:925} INFO - DAG(s) 'example_subdag_operator.section-1', 'example_subdag_operator.section-2', 'example_subdag_operator' retrieved from /home/airflow/.local/lib/python3.12/site-packages/airflow/example_dags/example_subdag_operator.py
[2025-03-19T00:12:22.737+0000] {logging_mixin.py:190} INFO - [2025-03-19T00:12:22.737+0000] {dag.py:3239} INFO - Sync 3 DAGs
[2025-03-19T00:12:22.747+0000] {logging_mixin.py:190} INFO - [2025-03-19T00:12:22.746+0000] {dag.py:4180} INFO - Setting next_dagrun for example_subdag_operator to 2022-01-01 00:00:00+00:00, run_after=2022-01-01 00:00:00+00:00
[2025-03-19T00:12:22.748+0000] {logging_mixin.py:190} INFO - [2025-03-19T00:12:22.748+0000] {dag.py:4180} INFO - Setting next_dagrun for example_subdag_operator.section-1 to None, run_after=None
[2025-03-19T00:12:22.749+0000] {logging_mixin.py:190} INFO - [2025-03-19T00:12:22.749+0000] {dag.py:4180} INFO - Setting next_dagrun for example_subdag_operator.section-2 to None, run_after=None
[2025-03-19T00:12:22.752+0000] {logging_mixin.py:190} INFO - [2025-03-19T00:12:22.752+0000] {dag.py:3239} INFO - Sync 2 DAGs
[2025-03-19T00:12:22.754+0000] {logging_mixin.py:190} INFO - [2025-03-19T00:12:22.754+0000] {dag.py:4180} INFO - Setting next_dagrun for example_subdag_operator.section-1 to None, run_after=None
[2025-03-19T00:12:22.754+0000] {logging_mixin.py:190} INFO - [2025-03-19T00:12:22.754+0000] {dag.py:4180} INFO - Setting next_dagrun for example_subdag_operator.section-2 to None, run_after=None
[2025-03-19T00:12:22.758+0000] {processor.py:208} INFO - Processing /home/airflow/.local/lib/python3.12/site-packages/airflow/example_dags/example_subdag_operator.py took 0.054 seconds
[2025-03-19T00:12:53.088+0000] {processor.py:186} INFO - Started process (PID=3858) to work on /home/airflow/.local/lib/python3.12/site-packages/airflow/example_dags/example_subdag_operator.py
[2025-03-19T00:12:53.089+0000] {processor.py:914} INFO - Processing file /home/airflow/.local/lib/python3.12/site-packages/airflow/example_dags/example_subdag_operator.py for tasks to queue
[2025-03-19T00:12:53.093+0000] {logging_mixin.py:190} INFO - [2025-03-19T00:12:53.092+0000] {dagbag.py:588} INFO - Filling up the DagBag from /home/airflow/.local/lib/python3.12/site-packages/airflow/example_dags/example_subdag_operator.py
[2025-03-19T00:12:53.130+0000] {processor.py:925} INFO - DAG(s) 'example_subdag_operator.section-1', 'example_subdag_operator.section-2', 'example_subdag_operator' retrieved from /home/airflow/.local/lib/python3.12/site-packages/airflow/example_dags/example_subdag_operator.py
[2025-03-19T00:12:53.140+0000] {logging_mixin.py:190} INFO - [2025-03-19T00:12:53.140+0000] {dag.py:3239} INFO - Sync 3 DAGs
[2025-03-19T00:12:53.186+0000] {logging_mixin.py:190} INFO - [2025-03-19T00:12:53.186+0000] {dag.py:4180} INFO - Setting next_dagrun for example_subdag_operator to 2022-01-01 00:00:00+00:00, run_after=2022-01-01 00:00:00+00:00
[2025-03-19T00:12:53.192+0000] {logging_mixin.py:190} INFO - [2025-03-19T00:12:53.191+0000] {dag.py:4180} INFO - Setting next_dagrun for example_subdag_operator.section-1 to None, run_after=None
[2025-03-19T00:12:53.195+0000] {logging_mixin.py:190} INFO - [2025-03-19T00:12:53.195+0000] {dag.py:4180} INFO - Setting next_dagrun for example_subdag_operator.section-2 to None, run_after=None
[2025-03-19T00:12:53.223+0000] {logging_mixin.py:190} INFO - [2025-03-19T00:12:53.223+0000] {dag.py:3239} INFO - Sync 2 DAGs
[2025-03-19T00:12:53.237+0000] {logging_mixin.py:190} INFO - [2025-03-19T00:12:53.237+0000] {dag.py:4180} INFO - Setting next_dagrun for example_subdag_operator.section-1 to None, run_after=None
[2025-03-19T00:12:53.238+0000] {logging_mixin.py:190} INFO - [2025-03-19T00:12:53.238+0000] {dag.py:4180} INFO - Setting next_dagrun for example_subdag_operator.section-2 to None, run_after=None
[2025-03-19T00:12:53.273+0000] {processor.py:208} INFO - Processing /home/airflow/.local/lib/python3.12/site-packages/airflow/example_dags/example_subdag_operator.py took 0.206 seconds
[2025-03-19T00:13:23.446+0000] {processor.py:186} INFO - Started process (PID=3930) to work on /home/airflow/.local/lib/python3.12/site-packages/airflow/example_dags/example_subdag_operator.py
[2025-03-19T00:13:23.448+0000] {processor.py:914} INFO - Processing file /home/airflow/.local/lib/python3.12/site-packages/airflow/example_dags/example_subdag_operator.py for tasks to queue
[2025-03-19T00:13:23.450+0000] {logging_mixin.py:190} INFO - [2025-03-19T00:13:23.450+0000] {dagbag.py:588} INFO - Filling up the DagBag from /home/airflow/.local/lib/python3.12/site-packages/airflow/example_dags/example_subdag_operator.py
[2025-03-19T00:13:23.494+0000] {processor.py:925} INFO - DAG(s) 'example_subdag_operator.section-1', 'example_subdag_operator.section-2', 'example_subdag_operator' retrieved from /home/airflow/.local/lib/python3.12/site-packages/airflow/example_dags/example_subdag_operator.py
[2025-03-19T00:13:23.525+0000] {logging_mixin.py:190} INFO - [2025-03-19T00:13:23.524+0000] {dag.py:3239} INFO - Sync 3 DAGs
[2025-03-19T00:13:23.555+0000] {logging_mixin.py:190} INFO - [2025-03-19T00:13:23.555+0000] {dag.py:4180} INFO - Setting next_dagrun for example_subdag_operator to 2022-01-01 00:00:00+00:00, run_after=2022-01-01 00:00:00+00:00
[2025-03-19T00:13:23.559+0000] {logging_mixin.py:190} INFO - [2025-03-19T00:13:23.559+0000] {dag.py:4180} INFO - Setting next_dagrun for example_subdag_operator.section-1 to None, run_after=None
[2025-03-19T00:13:23.562+0000] {logging_mixin.py:190} INFO - [2025-03-19T00:13:23.562+0000] {dag.py:4180} INFO - Setting next_dagrun for example_subdag_operator.section-2 to None, run_after=None
[2025-03-19T00:13:23.578+0000] {logging_mixin.py:190} INFO - [2025-03-19T00:13:23.578+0000] {dag.py:3239} INFO - Sync 2 DAGs
[2025-03-19T00:13:23.588+0000] {logging_mixin.py:190} INFO - [2025-03-19T00:13:23.588+0000] {dag.py:4180} INFO - Setting next_dagrun for example_subdag_operator.section-1 to None, run_after=None
[2025-03-19T00:13:23.589+0000] {logging_mixin.py:190} INFO - [2025-03-19T00:13:23.588+0000] {dag.py:4180} INFO - Setting next_dagrun for example_subdag_operator.section-2 to None, run_after=None
[2025-03-19T00:13:23.610+0000] {processor.py:208} INFO - Processing /home/airflow/.local/lib/python3.12/site-packages/airflow/example_dags/example_subdag_operator.py took 0.175 seconds
[2025-03-19T00:13:54.120+0000] {processor.py:186} INFO - Started process (PID=4000) to work on /home/airflow/.local/lib/python3.12/site-packages/airflow/example_dags/example_subdag_operator.py
[2025-03-19T00:13:54.124+0000] {processor.py:914} INFO - Processing file /home/airflow/.local/lib/python3.12/site-packages/airflow/example_dags/example_subdag_operator.py for tasks to queue
[2025-03-19T00:13:54.128+0000] {logging_mixin.py:190} INFO - [2025-03-19T00:13:54.127+0000] {dagbag.py:588} INFO - Filling up the DagBag from /home/airflow/.local/lib/python3.12/site-packages/airflow/example_dags/example_subdag_operator.py
[2025-03-19T00:13:54.176+0000] {processor.py:925} INFO - DAG(s) 'example_subdag_operator.section-1', 'example_subdag_operator.section-2', 'example_subdag_operator' retrieved from /home/airflow/.local/lib/python3.12/site-packages/airflow/example_dags/example_subdag_operator.py
[2025-03-19T00:13:54.194+0000] {logging_mixin.py:190} INFO - [2025-03-19T00:13:54.193+0000] {dag.py:3239} INFO - Sync 3 DAGs
[2025-03-19T00:13:54.236+0000] {logging_mixin.py:190} INFO - [2025-03-19T00:13:54.236+0000] {dag.py:4180} INFO - Setting next_dagrun for example_subdag_operator to 2022-01-01 00:00:00+00:00, run_after=2022-01-01 00:00:00+00:00
[2025-03-19T00:13:54.244+0000] {logging_mixin.py:190} INFO - [2025-03-19T00:13:54.244+0000] {dag.py:4180} INFO - Setting next_dagrun for example_subdag_operator.section-1 to None, run_after=None
[2025-03-19T00:13:54.247+0000] {logging_mixin.py:190} INFO - [2025-03-19T00:13:54.246+0000] {dag.py:4180} INFO - Setting next_dagrun for example_subdag_operator.section-2 to None, run_after=None
[2025-03-19T00:13:54.264+0000] {logging_mixin.py:190} INFO - [2025-03-19T00:13:54.263+0000] {dag.py:3239} INFO - Sync 2 DAGs
[2025-03-19T00:13:54.273+0000] {logging_mixin.py:190} INFO - [2025-03-19T00:13:54.272+0000] {dag.py:4180} INFO - Setting next_dagrun for example_subdag_operator.section-1 to None, run_after=None
[2025-03-19T00:13:54.274+0000] {logging_mixin.py:190} INFO - [2025-03-19T00:13:54.273+0000] {dag.py:4180} INFO - Setting next_dagrun for example_subdag_operator.section-2 to None, run_after=None
[2025-03-19T00:13:54.296+0000] {processor.py:208} INFO - Processing /home/airflow/.local/lib/python3.12/site-packages/airflow/example_dags/example_subdag_operator.py took 0.183 seconds
[2025-03-19T00:14:24.682+0000] {processor.py:186} INFO - Started process (PID=4072) to work on /home/airflow/.local/lib/python3.12/site-packages/airflow/example_dags/example_subdag_operator.py
[2025-03-19T00:14:24.683+0000] {processor.py:914} INFO - Processing file /home/airflow/.local/lib/python3.12/site-packages/airflow/example_dags/example_subdag_operator.py for tasks to queue
[2025-03-19T00:14:24.686+0000] {logging_mixin.py:190} INFO - [2025-03-19T00:14:24.685+0000] {dagbag.py:588} INFO - Filling up the DagBag from /home/airflow/.local/lib/python3.12/site-packages/airflow/example_dags/example_subdag_operator.py
[2025-03-19T00:14:24.724+0000] {processor.py:925} INFO - DAG(s) 'example_subdag_operator.section-1', 'example_subdag_operator.section-2', 'example_subdag_operator' retrieved from /home/airflow/.local/lib/python3.12/site-packages/airflow/example_dags/example_subdag_operator.py
[2025-03-19T00:14:24.751+0000] {logging_mixin.py:190} INFO - [2025-03-19T00:14:24.751+0000] {dag.py:3239} INFO - Sync 3 DAGs
[2025-03-19T00:14:24.792+0000] {logging_mixin.py:190} INFO - [2025-03-19T00:14:24.792+0000] {dag.py:4180} INFO - Setting next_dagrun for example_subdag_operator to 2022-01-01 00:00:00+00:00, run_after=2022-01-01 00:00:00+00:00
[2025-03-19T00:14:24.799+0000] {logging_mixin.py:190} INFO - [2025-03-19T00:14:24.798+0000] {dag.py:4180} INFO - Setting next_dagrun for example_subdag_operator.section-1 to None, run_after=None
[2025-03-19T00:14:24.805+0000] {logging_mixin.py:190} INFO - [2025-03-19T00:14:24.805+0000] {dag.py:4180} INFO - Setting next_dagrun for example_subdag_operator.section-2 to None, run_after=None
[2025-03-19T00:14:24.819+0000] {logging_mixin.py:190} INFO - [2025-03-19T00:14:24.819+0000] {dag.py:3239} INFO - Sync 2 DAGs
[2025-03-19T00:14:24.830+0000] {logging_mixin.py:190} INFO - [2025-03-19T00:14:24.829+0000] {dag.py:4180} INFO - Setting next_dagrun for example_subdag_operator.section-1 to None, run_after=None
[2025-03-19T00:14:24.831+0000] {logging_mixin.py:190} INFO - [2025-03-19T00:14:24.831+0000] {dag.py:4180} INFO - Setting next_dagrun for example_subdag_operator.section-2 to None, run_after=None
[2025-03-19T00:14:24.845+0000] {processor.py:208} INFO - Processing /home/airflow/.local/lib/python3.12/site-packages/airflow/example_dags/example_subdag_operator.py took 0.171 seconds
[2025-03-19T00:14:55.727+0000] {processor.py:186} INFO - Started process (PID=4143) to work on /home/airflow/.local/lib/python3.12/site-packages/airflow/example_dags/example_subdag_operator.py
[2025-03-19T00:14:55.731+0000] {processor.py:914} INFO - Processing file /home/airflow/.local/lib/python3.12/site-packages/airflow/example_dags/example_subdag_operator.py for tasks to queue
[2025-03-19T00:14:55.733+0000] {logging_mixin.py:190} INFO - [2025-03-19T00:14:55.733+0000] {dagbag.py:588} INFO - Filling up the DagBag from /home/airflow/.local/lib/python3.12/site-packages/airflow/example_dags/example_subdag_operator.py
[2025-03-19T00:14:55.761+0000] {processor.py:925} INFO - DAG(s) 'example_subdag_operator.section-1', 'example_subdag_operator.section-2', 'example_subdag_operator' retrieved from /home/airflow/.local/lib/python3.12/site-packages/airflow/example_dags/example_subdag_operator.py
[2025-03-19T00:14:55.787+0000] {logging_mixin.py:190} INFO - [2025-03-19T00:14:55.786+0000] {dag.py:3239} INFO - Sync 3 DAGs
[2025-03-19T00:14:55.810+0000] {logging_mixin.py:190} INFO - [2025-03-19T00:14:55.810+0000] {dag.py:4180} INFO - Setting next_dagrun for example_subdag_operator to 2022-01-01 00:00:00+00:00, run_after=2022-01-01 00:00:00+00:00
[2025-03-19T00:14:55.815+0000] {logging_mixin.py:190} INFO - [2025-03-19T00:14:55.815+0000] {dag.py:4180} INFO - Setting next_dagrun for example_subdag_operator.section-1 to None, run_after=None
[2025-03-19T00:14:55.819+0000] {logging_mixin.py:190} INFO - [2025-03-19T00:14:55.818+0000] {dag.py:4180} INFO - Setting next_dagrun for example_subdag_operator.section-2 to None, run_after=None
[2025-03-19T00:14:55.828+0000] {logging_mixin.py:190} INFO - [2025-03-19T00:14:55.828+0000] {dag.py:3239} INFO - Sync 2 DAGs
[2025-03-19T00:14:55.836+0000] {logging_mixin.py:190} INFO - [2025-03-19T00:14:55.836+0000] {dag.py:4180} INFO - Setting next_dagrun for example_subdag_operator.section-1 to None, run_after=None
[2025-03-19T00:14:55.841+0000] {logging_mixin.py:190} INFO - [2025-03-19T00:14:55.841+0000] {dag.py:4180} INFO - Setting next_dagrun for example_subdag_operator.section-2 to None, run_after=None
[2025-03-19T00:14:55.858+0000] {processor.py:208} INFO - Processing /home/airflow/.local/lib/python3.12/site-packages/airflow/example_dags/example_subdag_operator.py took 0.138 seconds
[2025-03-19T00:15:26.972+0000] {processor.py:186} INFO - Started process (PID=4215) to work on /home/airflow/.local/lib/python3.12/site-packages/airflow/example_dags/example_subdag_operator.py
[2025-03-19T00:15:26.973+0000] {processor.py:914} INFO - Processing file /home/airflow/.local/lib/python3.12/site-packages/airflow/example_dags/example_subdag_operator.py for tasks to queue
[2025-03-19T00:15:26.975+0000] {logging_mixin.py:190} INFO - [2025-03-19T00:15:26.974+0000] {dagbag.py:588} INFO - Filling up the DagBag from /home/airflow/.local/lib/python3.12/site-packages/airflow/example_dags/example_subdag_operator.py
[2025-03-19T00:15:26.993+0000] {processor.py:925} INFO - DAG(s) 'example_subdag_operator.section-1', 'example_subdag_operator.section-2', 'example_subdag_operator' retrieved from /home/airflow/.local/lib/python3.12/site-packages/airflow/example_dags/example_subdag_operator.py
[2025-03-19T00:15:27.001+0000] {logging_mixin.py:190} INFO - [2025-03-19T00:15:27.001+0000] {dag.py:3239} INFO - Sync 3 DAGs
[2025-03-19T00:15:27.014+0000] {logging_mixin.py:190} INFO - [2025-03-19T00:15:27.014+0000] {dag.py:4180} INFO - Setting next_dagrun for example_subdag_operator to 2022-01-01 00:00:00+00:00, run_after=2022-01-01 00:00:00+00:00
[2025-03-19T00:15:27.018+0000] {logging_mixin.py:190} INFO - [2025-03-19T00:15:27.018+0000] {dag.py:4180} INFO - Setting next_dagrun for example_subdag_operator.section-1 to None, run_after=None
[2025-03-19T00:15:27.019+0000] {logging_mixin.py:190} INFO - [2025-03-19T00:15:27.019+0000] {dag.py:4180} INFO - Setting next_dagrun for example_subdag_operator.section-2 to None, run_after=None
[2025-03-19T00:15:27.022+0000] {logging_mixin.py:190} INFO - [2025-03-19T00:15:27.022+0000] {dag.py:3239} INFO - Sync 2 DAGs
[2025-03-19T00:15:27.025+0000] {logging_mixin.py:190} INFO - [2025-03-19T00:15:27.025+0000] {dag.py:4180} INFO - Setting next_dagrun for example_subdag_operator.section-1 to None, run_after=None
[2025-03-19T00:15:27.026+0000] {logging_mixin.py:190} INFO - [2025-03-19T00:15:27.026+0000] {dag.py:4180} INFO - Setting next_dagrun for example_subdag_operator.section-2 to None, run_after=None
[2025-03-19T00:15:27.031+0000] {processor.py:208} INFO - Processing /home/airflow/.local/lib/python3.12/site-packages/airflow/example_dags/example_subdag_operator.py took 0.062 seconds
[2025-03-19T00:15:59.430+0000] {processor.py:186} INFO - Started process (PID=4291) to work on /home/airflow/.local/lib/python3.12/site-packages/airflow/example_dags/example_subdag_operator.py
[2025-03-19T00:15:59.431+0000] {processor.py:914} INFO - Processing file /home/airflow/.local/lib/python3.12/site-packages/airflow/example_dags/example_subdag_operator.py for tasks to queue
[2025-03-19T00:15:59.436+0000] {logging_mixin.py:190} INFO - [2025-03-19T00:15:59.435+0000] {dagbag.py:588} INFO - Filling up the DagBag from /home/airflow/.local/lib/python3.12/site-packages/airflow/example_dags/example_subdag_operator.py
[2025-03-19T00:15:59.460+0000] {processor.py:925} INFO - DAG(s) 'example_subdag_operator.section-1', 'example_subdag_operator.section-2', 'example_subdag_operator' retrieved from /home/airflow/.local/lib/python3.12/site-packages/airflow/example_dags/example_subdag_operator.py
[2025-03-19T00:15:59.474+0000] {logging_mixin.py:190} INFO - [2025-03-19T00:15:59.474+0000] {dag.py:3239} INFO - Sync 3 DAGs
[2025-03-19T00:15:59.494+0000] {logging_mixin.py:190} INFO - [2025-03-19T00:15:59.494+0000] {dag.py:4180} INFO - Setting next_dagrun for example_subdag_operator to 2022-01-01 00:00:00+00:00, run_after=2022-01-01 00:00:00+00:00
[2025-03-19T00:15:59.496+0000] {logging_mixin.py:190} INFO - [2025-03-19T00:15:59.496+0000] {dag.py:4180} INFO - Setting next_dagrun for example_subdag_operator.section-1 to None, run_after=None
[2025-03-19T00:15:59.502+0000] {logging_mixin.py:190} INFO - [2025-03-19T00:15:59.502+0000] {dag.py:4180} INFO - Setting next_dagrun for example_subdag_operator.section-2 to None, run_after=None
[2025-03-19T00:15:59.508+0000] {logging_mixin.py:190} INFO - [2025-03-19T00:15:59.508+0000] {dag.py:3239} INFO - Sync 2 DAGs
[2025-03-19T00:15:59.515+0000] {logging_mixin.py:190} INFO - [2025-03-19T00:15:59.515+0000] {dag.py:4180} INFO - Setting next_dagrun for example_subdag_operator.section-1 to None, run_after=None
[2025-03-19T00:15:59.515+0000] {logging_mixin.py:190} INFO - [2025-03-19T00:15:59.515+0000] {dag.py:4180} INFO - Setting next_dagrun for example_subdag_operator.section-2 to None, run_after=None
[2025-03-19T00:15:59.523+0000] {processor.py:208} INFO - Processing /home/airflow/.local/lib/python3.12/site-packages/airflow/example_dags/example_subdag_operator.py took 0.097 seconds
[2025-03-19T00:16:30.077+0000] {processor.py:186} INFO - Started process (PID=4363) to work on /home/airflow/.local/lib/python3.12/site-packages/airflow/example_dags/example_subdag_operator.py
[2025-03-19T00:16:30.078+0000] {processor.py:914} INFO - Processing file /home/airflow/.local/lib/python3.12/site-packages/airflow/example_dags/example_subdag_operator.py for tasks to queue
[2025-03-19T00:16:30.080+0000] {logging_mixin.py:190} INFO - [2025-03-19T00:16:30.080+0000] {dagbag.py:588} INFO - Filling up the DagBag from /home/airflow/.local/lib/python3.12/site-packages/airflow/example_dags/example_subdag_operator.py
[2025-03-19T00:16:30.096+0000] {processor.py:925} INFO - DAG(s) 'example_subdag_operator.section-1', 'example_subdag_operator.section-2', 'example_subdag_operator' retrieved from /home/airflow/.local/lib/python3.12/site-packages/airflow/example_dags/example_subdag_operator.py
[2025-03-19T00:16:30.105+0000] {logging_mixin.py:190} INFO - [2025-03-19T00:16:30.105+0000] {dag.py:3239} INFO - Sync 3 DAGs
[2025-03-19T00:16:30.117+0000] {logging_mixin.py:190} INFO - [2025-03-19T00:16:30.117+0000] {dag.py:4180} INFO - Setting next_dagrun for example_subdag_operator to 2022-01-01 00:00:00+00:00, run_after=2022-01-01 00:00:00+00:00
[2025-03-19T00:16:30.119+0000] {logging_mixin.py:190} INFO - [2025-03-19T00:16:30.119+0000] {dag.py:4180} INFO - Setting next_dagrun for example_subdag_operator.section-1 to None, run_after=None
[2025-03-19T00:16:30.119+0000] {logging_mixin.py:190} INFO - [2025-03-19T00:16:30.119+0000] {dag.py:4180} INFO - Setting next_dagrun for example_subdag_operator.section-2 to None, run_after=None
[2025-03-19T00:16:30.123+0000] {logging_mixin.py:190} INFO - [2025-03-19T00:16:30.123+0000] {dag.py:3239} INFO - Sync 2 DAGs
[2025-03-19T00:16:30.127+0000] {logging_mixin.py:190} INFO - [2025-03-19T00:16:30.127+0000] {dag.py:4180} INFO - Setting next_dagrun for example_subdag_operator.section-1 to None, run_after=None
[2025-03-19T00:16:30.128+0000] {logging_mixin.py:190} INFO - [2025-03-19T00:16:30.127+0000] {dag.py:4180} INFO - Setting next_dagrun for example_subdag_operator.section-2 to None, run_after=None
[2025-03-19T00:16:30.133+0000] {processor.py:208} INFO - Processing /home/airflow/.local/lib/python3.12/site-packages/airflow/example_dags/example_subdag_operator.py took 0.059 seconds
[2025-03-19T00:17:03.565+0000] {processor.py:186} INFO - Started process (PID=4438) to work on /home/airflow/.local/lib/python3.12/site-packages/airflow/example_dags/example_subdag_operator.py
[2025-03-19T00:17:03.566+0000] {processor.py:914} INFO - Processing file /home/airflow/.local/lib/python3.12/site-packages/airflow/example_dags/example_subdag_operator.py for tasks to queue
[2025-03-19T00:17:03.568+0000] {logging_mixin.py:190} INFO - [2025-03-19T00:17:03.568+0000] {dagbag.py:588} INFO - Filling up the DagBag from /home/airflow/.local/lib/python3.12/site-packages/airflow/example_dags/example_subdag_operator.py
[2025-03-19T00:17:03.593+0000] {processor.py:925} INFO - DAG(s) 'example_subdag_operator.section-1', 'example_subdag_operator.section-2', 'example_subdag_operator' retrieved from /home/airflow/.local/lib/python3.12/site-packages/airflow/example_dags/example_subdag_operator.py
[2025-03-19T00:17:03.602+0000] {logging_mixin.py:190} INFO - [2025-03-19T00:17:03.602+0000] {dag.py:3239} INFO - Sync 3 DAGs
[2025-03-19T00:17:03.618+0000] {logging_mixin.py:190} INFO - [2025-03-19T00:17:03.618+0000] {dag.py:4180} INFO - Setting next_dagrun for example_subdag_operator to 2022-01-01 00:00:00+00:00, run_after=2022-01-01 00:00:00+00:00
[2025-03-19T00:17:03.621+0000] {logging_mixin.py:190} INFO - [2025-03-19T00:17:03.621+0000] {dag.py:4180} INFO - Setting next_dagrun for example_subdag_operator.section-1 to None, run_after=None
[2025-03-19T00:17:03.622+0000] {logging_mixin.py:190} INFO - [2025-03-19T00:17:03.622+0000] {dag.py:4180} INFO - Setting next_dagrun for example_subdag_operator.section-2 to None, run_after=None
[2025-03-19T00:17:03.626+0000] {logging_mixin.py:190} INFO - [2025-03-19T00:17:03.626+0000] {dag.py:3239} INFO - Sync 2 DAGs
[2025-03-19T00:17:03.629+0000] {logging_mixin.py:190} INFO - [2025-03-19T00:17:03.629+0000] {dag.py:4180} INFO - Setting next_dagrun for example_subdag_operator.section-1 to None, run_after=None
[2025-03-19T00:17:03.630+0000] {logging_mixin.py:190} INFO - [2025-03-19T00:17:03.630+0000] {dag.py:4180} INFO - Setting next_dagrun for example_subdag_operator.section-2 to None, run_after=None
[2025-03-19T00:17:03.637+0000] {processor.py:208} INFO - Processing /home/airflow/.local/lib/python3.12/site-packages/airflow/example_dags/example_subdag_operator.py took 0.076 seconds
[2025-03-19T00:17:33.954+0000] {processor.py:186} INFO - Started process (PID=4510) to work on /home/airflow/.local/lib/python3.12/site-packages/airflow/example_dags/example_subdag_operator.py
[2025-03-19T00:17:33.955+0000] {processor.py:914} INFO - Processing file /home/airflow/.local/lib/python3.12/site-packages/airflow/example_dags/example_subdag_operator.py for tasks to queue
[2025-03-19T00:17:33.956+0000] {logging_mixin.py:190} INFO - [2025-03-19T00:17:33.955+0000] {dagbag.py:588} INFO - Filling up the DagBag from /home/airflow/.local/lib/python3.12/site-packages/airflow/example_dags/example_subdag_operator.py
[2025-03-19T00:17:33.965+0000] {processor.py:925} INFO - DAG(s) 'example_subdag_operator.section-1', 'example_subdag_operator.section-2', 'example_subdag_operator' retrieved from /home/airflow/.local/lib/python3.12/site-packages/airflow/example_dags/example_subdag_operator.py
[2025-03-19T00:17:33.970+0000] {logging_mixin.py:190} INFO - [2025-03-19T00:17:33.970+0000] {dag.py:3239} INFO - Sync 3 DAGs
[2025-03-19T00:17:33.978+0000] {logging_mixin.py:190} INFO - [2025-03-19T00:17:33.978+0000] {dag.py:4180} INFO - Setting next_dagrun for example_subdag_operator to 2022-01-01 00:00:00+00:00, run_after=2022-01-01 00:00:00+00:00
[2025-03-19T00:17:33.979+0000] {logging_mixin.py:190} INFO - [2025-03-19T00:17:33.979+0000] {dag.py:4180} INFO - Setting next_dagrun for example_subdag_operator.section-1 to None, run_after=None
[2025-03-19T00:17:33.979+0000] {logging_mixin.py:190} INFO - [2025-03-19T00:17:33.979+0000] {dag.py:4180} INFO - Setting next_dagrun for example_subdag_operator.section-2 to None, run_after=None
[2025-03-19T00:17:33.982+0000] {logging_mixin.py:190} INFO - [2025-03-19T00:17:33.982+0000] {dag.py:3239} INFO - Sync 2 DAGs
[2025-03-19T00:17:33.983+0000] {logging_mixin.py:190} INFO - [2025-03-19T00:17:33.983+0000] {dag.py:4180} INFO - Setting next_dagrun for example_subdag_operator.section-1 to None, run_after=None
[2025-03-19T00:17:33.983+0000] {logging_mixin.py:190} INFO - [2025-03-19T00:17:33.983+0000] {dag.py:4180} INFO - Setting next_dagrun for example_subdag_operator.section-2 to None, run_after=None
[2025-03-19T00:17:33.987+0000] {processor.py:208} INFO - Processing /home/airflow/.local/lib/python3.12/site-packages/airflow/example_dags/example_subdag_operator.py took 0.034 seconds
[2025-03-19T00:18:04.585+0000] {processor.py:186} INFO - Started process (PID=4581) to work on /home/airflow/.local/lib/python3.12/site-packages/airflow/example_dags/example_subdag_operator.py
[2025-03-19T00:18:04.586+0000] {processor.py:914} INFO - Processing file /home/airflow/.local/lib/python3.12/site-packages/airflow/example_dags/example_subdag_operator.py for tasks to queue
[2025-03-19T00:18:04.589+0000] {logging_mixin.py:190} INFO - [2025-03-19T00:18:04.588+0000] {dagbag.py:588} INFO - Filling up the DagBag from /home/airflow/.local/lib/python3.12/site-packages/airflow/example_dags/example_subdag_operator.py
[2025-03-19T00:18:04.618+0000] {processor.py:925} INFO - DAG(s) 'example_subdag_operator.section-1', 'example_subdag_operator.section-2', 'example_subdag_operator' retrieved from /home/airflow/.local/lib/python3.12/site-packages/airflow/example_dags/example_subdag_operator.py
[2025-03-19T00:18:04.633+0000] {logging_mixin.py:190} INFO - [2025-03-19T00:18:04.633+0000] {dag.py:3239} INFO - Sync 3 DAGs
[2025-03-19T00:18:04.651+0000] {logging_mixin.py:190} INFO - [2025-03-19T00:18:04.650+0000] {dag.py:4180} INFO - Setting next_dagrun for example_subdag_operator to 2022-01-01 00:00:00+00:00, run_after=2022-01-01 00:00:00+00:00
[2025-03-19T00:18:04.655+0000] {logging_mixin.py:190} INFO - [2025-03-19T00:18:04.655+0000] {dag.py:4180} INFO - Setting next_dagrun for example_subdag_operator.section-1 to None, run_after=None
[2025-03-19T00:18:04.656+0000] {logging_mixin.py:190} INFO - [2025-03-19T00:18:04.656+0000] {dag.py:4180} INFO - Setting next_dagrun for example_subdag_operator.section-2 to None, run_after=None
[2025-03-19T00:18:04.662+0000] {logging_mixin.py:190} INFO - [2025-03-19T00:18:04.662+0000] {dag.py:3239} INFO - Sync 2 DAGs
[2025-03-19T00:18:04.665+0000] {logging_mixin.py:190} INFO - [2025-03-19T00:18:04.665+0000] {dag.py:4180} INFO - Setting next_dagrun for example_subdag_operator.section-1 to None, run_after=None
[2025-03-19T00:18:04.666+0000] {logging_mixin.py:190} INFO - [2025-03-19T00:18:04.666+0000] {dag.py:4180} INFO - Setting next_dagrun for example_subdag_operator.section-2 to None, run_after=None
[2025-03-19T00:18:04.674+0000] {processor.py:208} INFO - Processing /home/airflow/.local/lib/python3.12/site-packages/airflow/example_dags/example_subdag_operator.py took 0.094 seconds
[2025-03-19T00:18:35.547+0000] {processor.py:186} INFO - Started process (PID=4653) to work on /home/airflow/.local/lib/python3.12/site-packages/airflow/example_dags/example_subdag_operator.py
[2025-03-19T00:18:35.562+0000] {processor.py:914} INFO - Processing file /home/airflow/.local/lib/python3.12/site-packages/airflow/example_dags/example_subdag_operator.py for tasks to queue
[2025-03-19T00:18:35.567+0000] {logging_mixin.py:190} INFO - [2025-03-19T00:18:35.566+0000] {dagbag.py:588} INFO - Filling up the DagBag from /home/airflow/.local/lib/python3.12/site-packages/airflow/example_dags/example_subdag_operator.py
[2025-03-19T00:18:35.596+0000] {processor.py:925} INFO - DAG(s) 'example_subdag_operator.section-1', 'example_subdag_operator.section-2', 'example_subdag_operator' retrieved from /home/airflow/.local/lib/python3.12/site-packages/airflow/example_dags/example_subdag_operator.py
[2025-03-19T00:18:35.619+0000] {logging_mixin.py:190} INFO - [2025-03-19T00:18:35.619+0000] {dag.py:3239} INFO - Sync 3 DAGs
[2025-03-19T00:18:35.640+0000] {logging_mixin.py:190} INFO - [2025-03-19T00:18:35.640+0000] {dag.py:4180} INFO - Setting next_dagrun for example_subdag_operator to 2022-01-01 00:00:00+00:00, run_after=2022-01-01 00:00:00+00:00
[2025-03-19T00:18:35.643+0000] {logging_mixin.py:190} INFO - [2025-03-19T00:18:35.643+0000] {dag.py:4180} INFO - Setting next_dagrun for example_subdag_operator.section-1 to None, run_after=None
[2025-03-19T00:18:35.645+0000] {logging_mixin.py:190} INFO - [2025-03-19T00:18:35.645+0000] {dag.py:4180} INFO - Setting next_dagrun for example_subdag_operator.section-2 to None, run_after=None
[2025-03-19T00:18:35.653+0000] {logging_mixin.py:190} INFO - [2025-03-19T00:18:35.653+0000] {dag.py:3239} INFO - Sync 2 DAGs
[2025-03-19T00:18:35.661+0000] {logging_mixin.py:190} INFO - [2025-03-19T00:18:35.661+0000] {dag.py:4180} INFO - Setting next_dagrun for example_subdag_operator.section-1 to None, run_after=None
[2025-03-19T00:18:35.665+0000] {logging_mixin.py:190} INFO - [2025-03-19T00:18:35.665+0000] {dag.py:4180} INFO - Setting next_dagrun for example_subdag_operator.section-2 to None, run_after=None
[2025-03-19T00:18:35.672+0000] {processor.py:208} INFO - Processing /home/airflow/.local/lib/python3.12/site-packages/airflow/example_dags/example_subdag_operator.py took 0.130 seconds
[2025-03-19T00:19:06.578+0000] {processor.py:186} INFO - Started process (PID=4725) to work on /home/airflow/.local/lib/python3.12/site-packages/airflow/example_dags/example_subdag_operator.py
[2025-03-19T00:19:06.578+0000] {processor.py:914} INFO - Processing file /home/airflow/.local/lib/python3.12/site-packages/airflow/example_dags/example_subdag_operator.py for tasks to queue
[2025-03-19T00:19:06.579+0000] {logging_mixin.py:190} INFO - [2025-03-19T00:19:06.579+0000] {dagbag.py:588} INFO - Filling up the DagBag from /home/airflow/.local/lib/python3.12/site-packages/airflow/example_dags/example_subdag_operator.py
[2025-03-19T00:19:06.598+0000] {processor.py:925} INFO - DAG(s) 'example_subdag_operator.section-1', 'example_subdag_operator.section-2', 'example_subdag_operator' retrieved from /home/airflow/.local/lib/python3.12/site-packages/airflow/example_dags/example_subdag_operator.py
[2025-03-19T00:19:06.606+0000] {logging_mixin.py:190} INFO - [2025-03-19T00:19:06.606+0000] {dag.py:3239} INFO - Sync 3 DAGs
[2025-03-19T00:19:06.618+0000] {logging_mixin.py:190} INFO - [2025-03-19T00:19:06.618+0000] {dag.py:4180} INFO - Setting next_dagrun for example_subdag_operator to 2022-01-01 00:00:00+00:00, run_after=2022-01-01 00:00:00+00:00
[2025-03-19T00:19:06.620+0000] {logging_mixin.py:190} INFO - [2025-03-19T00:19:06.620+0000] {dag.py:4180} INFO - Setting next_dagrun for example_subdag_operator.section-1 to None, run_after=None
[2025-03-19T00:19:06.621+0000] {logging_mixin.py:190} INFO - [2025-03-19T00:19:06.621+0000] {dag.py:4180} INFO - Setting next_dagrun for example_subdag_operator.section-2 to None, run_after=None
[2025-03-19T00:19:06.624+0000] {logging_mixin.py:190} INFO - [2025-03-19T00:19:06.624+0000] {dag.py:3239} INFO - Sync 2 DAGs
[2025-03-19T00:19:06.626+0000] {logging_mixin.py:190} INFO - [2025-03-19T00:19:06.626+0000] {dag.py:4180} INFO - Setting next_dagrun for example_subdag_operator.section-1 to None, run_after=None
[2025-03-19T00:19:06.627+0000] {logging_mixin.py:190} INFO - [2025-03-19T00:19:06.627+0000] {dag.py:4180} INFO - Setting next_dagrun for example_subdag_operator.section-2 to None, run_after=None
[2025-03-19T00:19:06.631+0000] {processor.py:208} INFO - Processing /home/airflow/.local/lib/python3.12/site-packages/airflow/example_dags/example_subdag_operator.py took 0.057 seconds
