[2025-03-19T00:00:25.201+0000] {processor.py:186} INFO - Started process (PID=2122) to work on /home/airflow/.local/lib/python3.12/site-packages/airflow/example_dags/example_skip_dag.py
[2025-03-19T00:00:25.202+0000] {processor.py:914} INFO - Processing file /home/airflow/.local/lib/python3.12/site-packages/airflow/example_dags/example_skip_dag.py for tasks to queue
[2025-03-19T00:00:25.203+0000] {logging_mixin.py:190} INFO - [2025-03-19T00:00:25.203+0000] {dagbag.py:588} INFO - Filling up the DagBag from /home/airflow/.local/lib/python3.12/site-packages/airflow/example_dags/example_skip_dag.py
[2025-03-19T00:00:25.218+0000] {processor.py:925} INFO - DAG(s) 'example_skip_dag' retrieved from /home/airflow/.local/lib/python3.12/site-packages/airflow/example_dags/example_skip_dag.py
[2025-03-19T00:00:25.233+0000] {logging_mixin.py:190} INFO - [2025-03-19T00:00:25.233+0000] {dag.py:3239} INFO - Sync 1 DAGs
[2025-03-19T00:00:25.247+0000] {logging_mixin.py:190} INFO - [2025-03-19T00:00:25.247+0000] {dag.py:4180} INFO - Setting next_dagrun for example_skip_dag to 2025-03-18 00:00:00+00:00, run_after=2025-03-19 00:00:00+00:00
[2025-03-19T00:00:25.267+0000] {processor.py:208} INFO - Processing /home/airflow/.local/lib/python3.12/site-packages/airflow/example_dags/example_skip_dag.py took 0.071 seconds
[2025-03-19T00:00:56.370+0000] {processor.py:186} INFO - Started process (PID=2199) to work on /home/airflow/.local/lib/python3.12/site-packages/airflow/example_dags/example_skip_dag.py
[2025-03-19T00:00:56.373+0000] {processor.py:914} INFO - Processing file /home/airflow/.local/lib/python3.12/site-packages/airflow/example_dags/example_skip_dag.py for tasks to queue
[2025-03-19T00:00:56.379+0000] {logging_mixin.py:190} INFO - [2025-03-19T00:00:56.378+0000] {dagbag.py:588} INFO - Filling up the DagBag from /home/airflow/.local/lib/python3.12/site-packages/airflow/example_dags/example_skip_dag.py
[2025-03-19T00:00:56.392+0000] {processor.py:925} INFO - DAG(s) 'example_skip_dag' retrieved from /home/airflow/.local/lib/python3.12/site-packages/airflow/example_dags/example_skip_dag.py
[2025-03-19T00:00:56.434+0000] {logging_mixin.py:190} INFO - [2025-03-19T00:00:56.434+0000] {dag.py:3239} INFO - Sync 1 DAGs
[2025-03-19T00:00:56.479+0000] {logging_mixin.py:190} INFO - [2025-03-19T00:00:56.478+0000] {dag.py:4180} INFO - Setting next_dagrun for example_skip_dag to 2025-03-18 00:00:00+00:00, run_after=2025-03-19 00:00:00+00:00
[2025-03-19T00:00:56.510+0000] {processor.py:208} INFO - Processing /home/airflow/.local/lib/python3.12/site-packages/airflow/example_dags/example_skip_dag.py took 0.151 seconds
[2025-03-19T00:01:27.145+0000] {processor.py:186} INFO - Started process (PID=2271) to work on /home/airflow/.local/lib/python3.12/site-packages/airflow/example_dags/example_skip_dag.py
[2025-03-19T00:01:27.146+0000] {processor.py:914} INFO - Processing file /home/airflow/.local/lib/python3.12/site-packages/airflow/example_dags/example_skip_dag.py for tasks to queue
[2025-03-19T00:01:27.147+0000] {logging_mixin.py:190} INFO - [2025-03-19T00:01:27.147+0000] {dagbag.py:588} INFO - Filling up the DagBag from /home/airflow/.local/lib/python3.12/site-packages/airflow/example_dags/example_skip_dag.py
[2025-03-19T00:01:27.152+0000] {processor.py:925} INFO - DAG(s) 'example_skip_dag' retrieved from /home/airflow/.local/lib/python3.12/site-packages/airflow/example_dags/example_skip_dag.py
[2025-03-19T00:01:27.164+0000] {logging_mixin.py:190} INFO - [2025-03-19T00:01:27.164+0000] {dag.py:3239} INFO - Sync 1 DAGs
[2025-03-19T00:01:27.174+0000] {logging_mixin.py:190} INFO - [2025-03-19T00:01:27.174+0000] {dag.py:4180} INFO - Setting next_dagrun for example_skip_dag to 2025-03-18 00:00:00+00:00, run_after=2025-03-19 00:00:00+00:00
[2025-03-19T00:01:27.181+0000] {processor.py:208} INFO - Processing /home/airflow/.local/lib/python3.12/site-packages/airflow/example_dags/example_skip_dag.py took 0.039 seconds
[2025-03-19T00:02:02.011+0000] {processor.py:186} INFO - Started process (PID=2337) to work on /home/airflow/.local/lib/python3.12/site-packages/airflow/example_dags/example_skip_dag.py
[2025-03-19T00:02:02.015+0000] {processor.py:914} INFO - Processing file /home/airflow/.local/lib/python3.12/site-packages/airflow/example_dags/example_skip_dag.py for tasks to queue
[2025-03-19T00:02:02.021+0000] {logging_mixin.py:190} INFO - [2025-03-19T00:02:02.020+0000] {dagbag.py:588} INFO - Filling up the DagBag from /home/airflow/.local/lib/python3.12/site-packages/airflow/example_dags/example_skip_dag.py
[2025-03-19T00:02:02.032+0000] {processor.py:925} INFO - DAG(s) 'example_skip_dag' retrieved from /home/airflow/.local/lib/python3.12/site-packages/airflow/example_dags/example_skip_dag.py
[2025-03-19T00:02:02.076+0000] {logging_mixin.py:190} INFO - [2025-03-19T00:02:02.076+0000] {dag.py:3239} INFO - Sync 1 DAGs
[2025-03-19T00:02:02.109+0000] {logging_mixin.py:190} INFO - [2025-03-19T00:02:02.109+0000] {dag.py:4180} INFO - Setting next_dagrun for example_skip_dag to 2025-03-18 00:00:00+00:00, run_after=2025-03-19 00:00:00+00:00
[2025-03-19T00:02:02.146+0000] {processor.py:208} INFO - Processing /home/airflow/.local/lib/python3.12/site-packages/airflow/example_dags/example_skip_dag.py took 0.151 seconds
[2025-03-19T00:02:33.107+0000] {processor.py:186} INFO - Started process (PID=2408) to work on /home/airflow/.local/lib/python3.12/site-packages/airflow/example_dags/example_skip_dag.py
[2025-03-19T00:02:33.108+0000] {processor.py:914} INFO - Processing file /home/airflow/.local/lib/python3.12/site-packages/airflow/example_dags/example_skip_dag.py for tasks to queue
[2025-03-19T00:02:33.109+0000] {logging_mixin.py:190} INFO - [2025-03-19T00:02:33.109+0000] {dagbag.py:588} INFO - Filling up the DagBag from /home/airflow/.local/lib/python3.12/site-packages/airflow/example_dags/example_skip_dag.py
[2025-03-19T00:02:33.113+0000] {processor.py:925} INFO - DAG(s) 'example_skip_dag' retrieved from /home/airflow/.local/lib/python3.12/site-packages/airflow/example_dags/example_skip_dag.py
[2025-03-19T00:02:33.122+0000] {logging_mixin.py:190} INFO - [2025-03-19T00:02:33.122+0000] {dag.py:3239} INFO - Sync 1 DAGs
[2025-03-19T00:02:33.132+0000] {logging_mixin.py:190} INFO - [2025-03-19T00:02:33.132+0000] {dag.py:4180} INFO - Setting next_dagrun for example_skip_dag to 2025-03-18 00:00:00+00:00, run_after=2025-03-19 00:00:00+00:00
[2025-03-19T00:02:33.139+0000] {processor.py:208} INFO - Processing /home/airflow/.local/lib/python3.12/site-packages/airflow/example_dags/example_skip_dag.py took 0.035 seconds
[2025-03-19T00:03:03.569+0000] {processor.py:186} INFO - Started process (PID=2480) to work on /home/airflow/.local/lib/python3.12/site-packages/airflow/example_dags/example_skip_dag.py
[2025-03-19T00:03:03.576+0000] {processor.py:914} INFO - Processing file /home/airflow/.local/lib/python3.12/site-packages/airflow/example_dags/example_skip_dag.py for tasks to queue
[2025-03-19T00:03:03.579+0000] {logging_mixin.py:190} INFO - [2025-03-19T00:03:03.579+0000] {dagbag.py:588} INFO - Filling up the DagBag from /home/airflow/.local/lib/python3.12/site-packages/airflow/example_dags/example_skip_dag.py
[2025-03-19T00:03:03.593+0000] {processor.py:925} INFO - DAG(s) 'example_skip_dag' retrieved from /home/airflow/.local/lib/python3.12/site-packages/airflow/example_dags/example_skip_dag.py
[2025-03-19T00:03:03.634+0000] {logging_mixin.py:190} INFO - [2025-03-19T00:03:03.634+0000] {dag.py:3239} INFO - Sync 1 DAGs
[2025-03-19T00:03:03.672+0000] {logging_mixin.py:190} INFO - [2025-03-19T00:03:03.672+0000] {dag.py:4180} INFO - Setting next_dagrun for example_skip_dag to 2025-03-18 00:00:00+00:00, run_after=2025-03-19 00:00:00+00:00
[2025-03-19T00:03:03.703+0000] {processor.py:208} INFO - Processing /home/airflow/.local/lib/python3.12/site-packages/airflow/example_dags/example_skip_dag.py took 0.140 seconds
[2025-03-19T00:03:34.568+0000] {processor.py:186} INFO - Started process (PID=2552) to work on /home/airflow/.local/lib/python3.12/site-packages/airflow/example_dags/example_skip_dag.py
[2025-03-19T00:03:34.570+0000] {processor.py:914} INFO - Processing file /home/airflow/.local/lib/python3.12/site-packages/airflow/example_dags/example_skip_dag.py for tasks to queue
[2025-03-19T00:03:34.574+0000] {logging_mixin.py:190} INFO - [2025-03-19T00:03:34.573+0000] {dagbag.py:588} INFO - Filling up the DagBag from /home/airflow/.local/lib/python3.12/site-packages/airflow/example_dags/example_skip_dag.py
[2025-03-19T00:03:34.582+0000] {processor.py:925} INFO - DAG(s) 'example_skip_dag' retrieved from /home/airflow/.local/lib/python3.12/site-packages/airflow/example_dags/example_skip_dag.py
[2025-03-19T00:03:34.600+0000] {logging_mixin.py:190} INFO - [2025-03-19T00:03:34.600+0000] {dag.py:3239} INFO - Sync 1 DAGs
[2025-03-19T00:03:34.622+0000] {logging_mixin.py:190} INFO - [2025-03-19T00:03:34.622+0000] {dag.py:4180} INFO - Setting next_dagrun for example_skip_dag to 2025-03-18 00:00:00+00:00, run_after=2025-03-19 00:00:00+00:00
[2025-03-19T00:03:34.641+0000] {processor.py:208} INFO - Processing /home/airflow/.local/lib/python3.12/site-packages/airflow/example_dags/example_skip_dag.py took 0.077 seconds
[2025-03-19T00:04:04.752+0000] {processor.py:186} INFO - Started process (PID=2624) to work on /home/airflow/.local/lib/python3.12/site-packages/airflow/example_dags/example_skip_dag.py
[2025-03-19T00:04:04.753+0000] {processor.py:914} INFO - Processing file /home/airflow/.local/lib/python3.12/site-packages/airflow/example_dags/example_skip_dag.py for tasks to queue
[2025-03-19T00:04:04.754+0000] {logging_mixin.py:190} INFO - [2025-03-19T00:04:04.754+0000] {dagbag.py:588} INFO - Filling up the DagBag from /home/airflow/.local/lib/python3.12/site-packages/airflow/example_dags/example_skip_dag.py
[2025-03-19T00:04:04.760+0000] {processor.py:925} INFO - DAG(s) 'example_skip_dag' retrieved from /home/airflow/.local/lib/python3.12/site-packages/airflow/example_dags/example_skip_dag.py
[2025-03-19T00:04:04.772+0000] {logging_mixin.py:190} INFO - [2025-03-19T00:04:04.772+0000] {dag.py:3239} INFO - Sync 1 DAGs
[2025-03-19T00:04:04.784+0000] {logging_mixin.py:190} INFO - [2025-03-19T00:04:04.783+0000] {dag.py:4180} INFO - Setting next_dagrun for example_skip_dag to 2025-03-18 00:00:00+00:00, run_after=2025-03-19 00:00:00+00:00
[2025-03-19T00:04:04.794+0000] {processor.py:208} INFO - Processing /home/airflow/.local/lib/python3.12/site-packages/airflow/example_dags/example_skip_dag.py took 0.054 seconds
