[2025-03-19T00:00:15.755+0000] {processor.py:186} INFO - Started process (PID=2089) to work on /home/airflow/.local/lib/python3.12/site-packages/airflow/example_dags/example_branch_operator.py
[2025-03-19T00:00:15.755+0000] {processor.py:914} INFO - Processing file /home/airflow/.local/lib/python3.12/site-packages/airflow/example_dags/example_branch_operator.py for tasks to queue
[2025-03-19T00:00:15.756+0000] {logging_mixin.py:190} INFO - [2025-03-19T00:00:15.756+0000] {dagbag.py:588} INFO - Filling up the DagBag from /home/airflow/.local/lib/python3.12/site-packages/airflow/example_dags/example_branch_operator.py
[2025-03-19T00:00:15.764+0000] {processor.py:925} INFO - DAG(s) 'example_branch_operator' retrieved from /home/airflow/.local/lib/python3.12/site-packages/airflow/example_dags/example_branch_operator.py
[2025-03-19T00:00:15.780+0000] {logging_mixin.py:190} INFO - [2025-03-19T00:00:15.780+0000] {dag.py:3239} INFO - Sync 1 DAGs
[2025-03-19T00:00:15.790+0000] {logging_mixin.py:190} INFO - [2025-03-19T00:00:15.789+0000] {dag.py:4180} INFO - Setting next_dagrun for example_branch_operator to 2025-03-18 00:00:00+00:00, run_after=2025-03-19 00:00:00+00:00
[2025-03-19T00:00:15.797+0000] {processor.py:208} INFO - Processing /home/airflow/.local/lib/python3.12/site-packages/airflow/example_dags/example_branch_operator.py took 0.045 seconds
[2025-03-19T00:00:46.786+0000] {processor.py:186} INFO - Started process (PID=2161) to work on /home/airflow/.local/lib/python3.12/site-packages/airflow/example_dags/example_branch_operator.py
[2025-03-19T00:00:46.786+0000] {processor.py:914} INFO - Processing file /home/airflow/.local/lib/python3.12/site-packages/airflow/example_dags/example_branch_operator.py for tasks to queue
[2025-03-19T00:00:46.788+0000] {logging_mixin.py:190} INFO - [2025-03-19T00:00:46.787+0000] {dagbag.py:588} INFO - Filling up the DagBag from /home/airflow/.local/lib/python3.12/site-packages/airflow/example_dags/example_branch_operator.py
[2025-03-19T00:00:46.796+0000] {processor.py:925} INFO - DAG(s) 'example_branch_operator' retrieved from /home/airflow/.local/lib/python3.12/site-packages/airflow/example_dags/example_branch_operator.py
[2025-03-19T00:00:46.809+0000] {logging_mixin.py:190} INFO - [2025-03-19T00:00:46.809+0000] {dag.py:3239} INFO - Sync 1 DAGs
[2025-03-19T00:00:46.833+0000] {logging_mixin.py:190} INFO - [2025-03-19T00:00:46.832+0000] {dag.py:4180} INFO - Setting next_dagrun for example_branch_operator to 2025-03-18 00:00:00+00:00, run_after=2025-03-19 00:00:00+00:00
[2025-03-19T00:00:46.845+0000] {processor.py:208} INFO - Processing /home/airflow/.local/lib/python3.12/site-packages/airflow/example_dags/example_branch_operator.py took 0.063 seconds
[2025-03-19T00:01:19.778+0000] {processor.py:186} INFO - Started process (PID=2233) to work on /home/airflow/.local/lib/python3.12/site-packages/airflow/example_dags/example_branch_operator.py
[2025-03-19T00:01:19.794+0000] {processor.py:914} INFO - Processing file /home/airflow/.local/lib/python3.12/site-packages/airflow/example_dags/example_branch_operator.py for tasks to queue
[2025-03-19T00:01:19.835+0000] {logging_mixin.py:190} INFO - [2025-03-19T00:01:19.803+0000] {dagbag.py:588} INFO - Filling up the DagBag from /home/airflow/.local/lib/python3.12/site-packages/airflow/example_dags/example_branch_operator.py
[2025-03-19T00:01:19.902+0000] {processor.py:925} INFO - DAG(s) 'example_branch_operator' retrieved from /home/airflow/.local/lib/python3.12/site-packages/airflow/example_dags/example_branch_operator.py
[2025-03-19T00:01:19.958+0000] {logging_mixin.py:190} INFO - [2025-03-19T00:01:19.958+0000] {dag.py:3239} INFO - Sync 1 DAGs
[2025-03-19T00:01:19.999+0000] {logging_mixin.py:190} INFO - [2025-03-19T00:01:19.998+0000] {dag.py:4180} INFO - Setting next_dagrun for example_branch_operator to 2025-03-18 00:00:00+00:00, run_after=2025-03-19 00:00:00+00:00
[2025-03-19T00:01:20.017+0000] {processor.py:208} INFO - Processing /home/airflow/.local/lib/python3.12/site-packages/airflow/example_dags/example_branch_operator.py took 0.268 seconds
[2025-03-19T00:01:51.897+0000] {processor.py:186} INFO - Started process (PID=2310) to work on /home/airflow/.local/lib/python3.12/site-packages/airflow/example_dags/example_branch_operator.py
[2025-03-19T00:01:51.899+0000] {processor.py:914} INFO - Processing file /home/airflow/.local/lib/python3.12/site-packages/airflow/example_dags/example_branch_operator.py for tasks to queue
[2025-03-19T00:01:51.904+0000] {logging_mixin.py:190} INFO - [2025-03-19T00:01:51.903+0000] {dagbag.py:588} INFO - Filling up the DagBag from /home/airflow/.local/lib/python3.12/site-packages/airflow/example_dags/example_branch_operator.py
[2025-03-19T00:01:51.936+0000] {processor.py:925} INFO - DAG(s) 'example_branch_operator' retrieved from /home/airflow/.local/lib/python3.12/site-packages/airflow/example_dags/example_branch_operator.py
[2025-03-19T00:01:52.010+0000] {logging_mixin.py:190} INFO - [2025-03-19T00:01:52.010+0000] {dag.py:3239} INFO - Sync 1 DAGs
[2025-03-19T00:01:52.063+0000] {logging_mixin.py:190} INFO - [2025-03-19T00:01:52.063+0000] {dag.py:4180} INFO - Setting next_dagrun for example_branch_operator to 2025-03-18 00:00:00+00:00, run_after=2025-03-19 00:00:00+00:00
[2025-03-19T00:01:52.120+0000] {processor.py:208} INFO - Processing /home/airflow/.local/lib/python3.12/site-packages/airflow/example_dags/example_branch_operator.py took 0.241 seconds
[2025-03-19T00:02:22.663+0000] {processor.py:186} INFO - Started process (PID=2382) to work on /home/airflow/.local/lib/python3.12/site-packages/airflow/example_dags/example_branch_operator.py
[2025-03-19T00:02:22.664+0000] {processor.py:914} INFO - Processing file /home/airflow/.local/lib/python3.12/site-packages/airflow/example_dags/example_branch_operator.py for tasks to queue
[2025-03-19T00:02:22.665+0000] {logging_mixin.py:190} INFO - [2025-03-19T00:02:22.665+0000] {dagbag.py:588} INFO - Filling up the DagBag from /home/airflow/.local/lib/python3.12/site-packages/airflow/example_dags/example_branch_operator.py
[2025-03-19T00:02:22.678+0000] {processor.py:925} INFO - DAG(s) 'example_branch_operator' retrieved from /home/airflow/.local/lib/python3.12/site-packages/airflow/example_dags/example_branch_operator.py
[2025-03-19T00:02:22.695+0000] {logging_mixin.py:190} INFO - [2025-03-19T00:02:22.695+0000] {dag.py:3239} INFO - Sync 1 DAGs
[2025-03-19T00:02:22.710+0000] {logging_mixin.py:190} INFO - [2025-03-19T00:02:22.710+0000] {dag.py:4180} INFO - Setting next_dagrun for example_branch_operator to 2025-03-18 00:00:00+00:00, run_after=2025-03-19 00:00:00+00:00
[2025-03-19T00:02:22.720+0000] {processor.py:208} INFO - Processing /home/airflow/.local/lib/python3.12/site-packages/airflow/example_dags/example_branch_operator.py took 0.061 seconds
[2025-03-19T00:02:52.824+0000] {processor.py:186} INFO - Started process (PID=2453) to work on /home/airflow/.local/lib/python3.12/site-packages/airflow/example_dags/example_branch_operator.py
[2025-03-19T00:02:52.827+0000] {processor.py:914} INFO - Processing file /home/airflow/.local/lib/python3.12/site-packages/airflow/example_dags/example_branch_operator.py for tasks to queue
[2025-03-19T00:02:52.832+0000] {logging_mixin.py:190} INFO - [2025-03-19T00:02:52.831+0000] {dagbag.py:588} INFO - Filling up the DagBag from /home/airflow/.local/lib/python3.12/site-packages/airflow/example_dags/example_branch_operator.py
[2025-03-19T00:02:52.874+0000] {processor.py:925} INFO - DAG(s) 'example_branch_operator' retrieved from /home/airflow/.local/lib/python3.12/site-packages/airflow/example_dags/example_branch_operator.py
[2025-03-19T00:02:52.925+0000] {logging_mixin.py:190} INFO - [2025-03-19T00:02:52.925+0000] {dag.py:3239} INFO - Sync 1 DAGs
[2025-03-19T00:02:52.983+0000] {logging_mixin.py:190} INFO - [2025-03-19T00:02:52.983+0000] {dag.py:4180} INFO - Setting next_dagrun for example_branch_operator to 2025-03-18 00:00:00+00:00, run_after=2025-03-19 00:00:00+00:00
[2025-03-19T00:02:53.008+0000] {processor.py:208} INFO - Processing /home/airflow/.local/lib/python3.12/site-packages/airflow/example_dags/example_branch_operator.py took 0.200 seconds
[2025-03-19T00:03:25.038+0000] {processor.py:186} INFO - Started process (PID=2525) to work on /home/airflow/.local/lib/python3.12/site-packages/airflow/example_dags/example_branch_operator.py
[2025-03-19T00:03:25.041+0000] {processor.py:914} INFO - Processing file /home/airflow/.local/lib/python3.12/site-packages/airflow/example_dags/example_branch_operator.py for tasks to queue
[2025-03-19T00:03:25.046+0000] {logging_mixin.py:190} INFO - [2025-03-19T00:03:25.046+0000] {dagbag.py:588} INFO - Filling up the DagBag from /home/airflow/.local/lib/python3.12/site-packages/airflow/example_dags/example_branch_operator.py
[2025-03-19T00:03:25.061+0000] {processor.py:925} INFO - DAG(s) 'example_branch_operator' retrieved from /home/airflow/.local/lib/python3.12/site-packages/airflow/example_dags/example_branch_operator.py
[2025-03-19T00:03:25.097+0000] {logging_mixin.py:190} INFO - [2025-03-19T00:03:25.097+0000] {dag.py:3239} INFO - Sync 1 DAGs
[2025-03-19T00:03:25.126+0000] {logging_mixin.py:190} INFO - [2025-03-19T00:03:25.125+0000] {dag.py:4180} INFO - Setting next_dagrun for example_branch_operator to 2025-03-18 00:00:00+00:00, run_after=2025-03-19 00:00:00+00:00
[2025-03-19T00:03:25.148+0000] {processor.py:208} INFO - Processing /home/airflow/.local/lib/python3.12/site-packages/airflow/example_dags/example_branch_operator.py took 0.120 seconds
[2025-03-19T00:03:56.022+0000] {processor.py:186} INFO - Started process (PID=2597) to work on /home/airflow/.local/lib/python3.12/site-packages/airflow/example_dags/example_branch_operator.py
[2025-03-19T00:03:56.023+0000] {processor.py:914} INFO - Processing file /home/airflow/.local/lib/python3.12/site-packages/airflow/example_dags/example_branch_operator.py for tasks to queue
[2025-03-19T00:03:56.024+0000] {logging_mixin.py:190} INFO - [2025-03-19T00:03:56.024+0000] {dagbag.py:588} INFO - Filling up the DagBag from /home/airflow/.local/lib/python3.12/site-packages/airflow/example_dags/example_branch_operator.py
[2025-03-19T00:03:56.032+0000] {processor.py:925} INFO - DAG(s) 'example_branch_operator' retrieved from /home/airflow/.local/lib/python3.12/site-packages/airflow/example_dags/example_branch_operator.py
[2025-03-19T00:03:56.044+0000] {logging_mixin.py:190} INFO - [2025-03-19T00:03:56.043+0000] {dag.py:3239} INFO - Sync 1 DAGs
[2025-03-19T00:03:56.053+0000] {logging_mixin.py:190} INFO - [2025-03-19T00:03:56.053+0000] {dag.py:4180} INFO - Setting next_dagrun for example_branch_operator to 2025-03-18 00:00:00+00:00, run_after=2025-03-19 00:00:00+00:00
[2025-03-19T00:03:56.059+0000] {processor.py:208} INFO - Processing /home/airflow/.local/lib/python3.12/site-packages/airflow/example_dags/example_branch_operator.py took 0.039 seconds
[2025-03-19T00:04:27.040+0000] {processor.py:186} INFO - Started process (PID=2675) to work on /home/airflow/.local/lib/python3.12/site-packages/airflow/example_dags/example_branch_operator.py
[2025-03-19T00:04:27.042+0000] {processor.py:914} INFO - Processing file /home/airflow/.local/lib/python3.12/site-packages/airflow/example_dags/example_branch_operator.py for tasks to queue
[2025-03-19T00:04:27.048+0000] {logging_mixin.py:190} INFO - [2025-03-19T00:04:27.048+0000] {dagbag.py:588} INFO - Filling up the DagBag from /home/airflow/.local/lib/python3.12/site-packages/airflow/example_dags/example_branch_operator.py
[2025-03-19T00:04:27.066+0000] {processor.py:925} INFO - DAG(s) 'example_branch_operator' retrieved from /home/airflow/.local/lib/python3.12/site-packages/airflow/example_dags/example_branch_operator.py
[2025-03-19T00:04:27.093+0000] {logging_mixin.py:190} INFO - [2025-03-19T00:04:27.093+0000] {dag.py:3239} INFO - Sync 1 DAGs
[2025-03-19T00:04:27.117+0000] {logging_mixin.py:190} INFO - [2025-03-19T00:04:27.116+0000] {dag.py:4180} INFO - Setting next_dagrun for example_branch_operator to 2025-03-18 00:00:00+00:00, run_after=2025-03-19 00:00:00+00:00
[2025-03-19T00:04:27.132+0000] {processor.py:208} INFO - Processing /home/airflow/.local/lib/python3.12/site-packages/airflow/example_dags/example_branch_operator.py took 0.096 seconds
[2025-03-19T00:04:58.856+0000] {processor.py:186} INFO - Started process (PID=2747) to work on /home/airflow/.local/lib/python3.12/site-packages/airflow/example_dags/example_branch_operator.py
[2025-03-19T00:04:58.863+0000] {processor.py:914} INFO - Processing file /home/airflow/.local/lib/python3.12/site-packages/airflow/example_dags/example_branch_operator.py for tasks to queue
[2025-03-19T00:04:58.869+0000] {logging_mixin.py:190} INFO - [2025-03-19T00:04:58.869+0000] {dagbag.py:588} INFO - Filling up the DagBag from /home/airflow/.local/lib/python3.12/site-packages/airflow/example_dags/example_branch_operator.py
[2025-03-19T00:04:58.995+0000] {processor.py:925} INFO - DAG(s) 'example_branch_operator' retrieved from /home/airflow/.local/lib/python3.12/site-packages/airflow/example_dags/example_branch_operator.py
[2025-03-19T00:04:59.106+0000] {logging_mixin.py:190} INFO - [2025-03-19T00:04:59.106+0000] {dag.py:3239} INFO - Sync 1 DAGs
[2025-03-19T00:04:59.177+0000] {logging_mixin.py:190} INFO - [2025-03-19T00:04:59.177+0000] {dag.py:4180} INFO - Setting next_dagrun for example_branch_operator to 2025-03-18 00:00:00+00:00, run_after=2025-03-19 00:00:00+00:00
[2025-03-19T00:04:59.225+0000] {processor.py:208} INFO - Processing /home/airflow/.local/lib/python3.12/site-packages/airflow/example_dags/example_branch_operator.py took 0.376 seconds
[2025-03-19T00:05:31.290+0000] {processor.py:186} INFO - Started process (PID=2822) to work on /home/airflow/.local/lib/python3.12/site-packages/airflow/example_dags/example_branch_operator.py
[2025-03-19T00:05:31.291+0000] {processor.py:914} INFO - Processing file /home/airflow/.local/lib/python3.12/site-packages/airflow/example_dags/example_branch_operator.py for tasks to queue
[2025-03-19T00:05:31.294+0000] {logging_mixin.py:190} INFO - [2025-03-19T00:05:31.294+0000] {dagbag.py:588} INFO - Filling up the DagBag from /home/airflow/.local/lib/python3.12/site-packages/airflow/example_dags/example_branch_operator.py
[2025-03-19T00:05:31.342+0000] {processor.py:925} INFO - DAG(s) 'example_branch_operator' retrieved from /home/airflow/.local/lib/python3.12/site-packages/airflow/example_dags/example_branch_operator.py
[2025-03-19T00:05:31.395+0000] {logging_mixin.py:190} INFO - [2025-03-19T00:05:31.394+0000] {dag.py:3239} INFO - Sync 1 DAGs
[2025-03-19T00:05:31.458+0000] {logging_mixin.py:190} INFO - [2025-03-19T00:05:31.457+0000] {dag.py:4180} INFO - Setting next_dagrun for example_branch_operator to 2025-03-18 00:00:00+00:00, run_after=2025-03-19 00:00:00+00:00
[2025-03-19T00:05:32.013+0000] {processor.py:208} INFO - Processing /home/airflow/.local/lib/python3.12/site-packages/airflow/example_dags/example_branch_operator.py took 0.733 seconds
[2025-03-19T00:06:02.154+0000] {processor.py:186} INFO - Started process (PID=2894) to work on /home/airflow/.local/lib/python3.12/site-packages/airflow/example_dags/example_branch_operator.py
[2025-03-19T00:06:02.176+0000] {processor.py:914} INFO - Processing file /home/airflow/.local/lib/python3.12/site-packages/airflow/example_dags/example_branch_operator.py for tasks to queue
[2025-03-19T00:06:02.182+0000] {logging_mixin.py:190} INFO - [2025-03-19T00:06:02.181+0000] {dagbag.py:588} INFO - Filling up the DagBag from /home/airflow/.local/lib/python3.12/site-packages/airflow/example_dags/example_branch_operator.py
[2025-03-19T00:06:02.224+0000] {processor.py:925} INFO - DAG(s) 'example_branch_operator' retrieved from /home/airflow/.local/lib/python3.12/site-packages/airflow/example_dags/example_branch_operator.py
[2025-03-19T00:06:02.248+0000] {logging_mixin.py:190} INFO - [2025-03-19T00:06:02.248+0000] {dag.py:3239} INFO - Sync 1 DAGs
[2025-03-19T00:06:02.526+0000] {logging_mixin.py:190} INFO - [2025-03-19T00:06:02.526+0000] {dag.py:4180} INFO - Setting next_dagrun for example_branch_operator to 2025-03-18 00:00:00+00:00, run_after=2025-03-19 00:00:00+00:00
[2025-03-19T00:06:02.562+0000] {processor.py:208} INFO - Processing /home/airflow/.local/lib/python3.12/site-packages/airflow/example_dags/example_branch_operator.py took 0.422 seconds
[2025-03-19T00:06:33.316+0000] {processor.py:186} INFO - Started process (PID=2967) to work on /home/airflow/.local/lib/python3.12/site-packages/airflow/example_dags/example_branch_operator.py
[2025-03-19T00:06:33.321+0000] {processor.py:914} INFO - Processing file /home/airflow/.local/lib/python3.12/site-packages/airflow/example_dags/example_branch_operator.py for tasks to queue
[2025-03-19T00:06:33.322+0000] {logging_mixin.py:190} INFO - [2025-03-19T00:06:33.322+0000] {dagbag.py:588} INFO - Filling up the DagBag from /home/airflow/.local/lib/python3.12/site-packages/airflow/example_dags/example_branch_operator.py
[2025-03-19T00:06:33.334+0000] {processor.py:925} INFO - DAG(s) 'example_branch_operator' retrieved from /home/airflow/.local/lib/python3.12/site-packages/airflow/example_dags/example_branch_operator.py
[2025-03-19T00:06:33.351+0000] {logging_mixin.py:190} INFO - [2025-03-19T00:06:33.350+0000] {dag.py:3239} INFO - Sync 1 DAGs
[2025-03-19T00:06:33.463+0000] {logging_mixin.py:190} INFO - [2025-03-19T00:06:33.463+0000] {dag.py:4180} INFO - Setting next_dagrun for example_branch_operator to 2025-03-18 00:00:00+00:00, run_after=2025-03-19 00:00:00+00:00
[2025-03-19T00:06:33.471+0000] {processor.py:208} INFO - Processing /home/airflow/.local/lib/python3.12/site-packages/airflow/example_dags/example_branch_operator.py took 0.160 seconds
[2025-03-19T00:07:05.982+0000] {processor.py:186} INFO - Started process (PID=3039) to work on /home/airflow/.local/lib/python3.12/site-packages/airflow/example_dags/example_branch_operator.py
[2025-03-19T00:07:05.983+0000] {processor.py:914} INFO - Processing file /home/airflow/.local/lib/python3.12/site-packages/airflow/example_dags/example_branch_operator.py for tasks to queue
[2025-03-19T00:07:05.985+0000] {logging_mixin.py:190} INFO - [2025-03-19T00:07:05.985+0000] {dagbag.py:588} INFO - Filling up the DagBag from /home/airflow/.local/lib/python3.12/site-packages/airflow/example_dags/example_branch_operator.py
[2025-03-19T00:07:06.014+0000] {processor.py:925} INFO - DAG(s) 'example_branch_operator' retrieved from /home/airflow/.local/lib/python3.12/site-packages/airflow/example_dags/example_branch_operator.py
[2025-03-19T00:07:06.180+0000] {logging_mixin.py:190} INFO - [2025-03-19T00:07:06.180+0000] {dag.py:3239} INFO - Sync 1 DAGs
[2025-03-19T00:07:06.205+0000] {logging_mixin.py:190} INFO - [2025-03-19T00:07:06.205+0000] {dag.py:4180} INFO - Setting next_dagrun for example_branch_operator to 2025-03-18 00:00:00+00:00, run_after=2025-03-19 00:00:00+00:00
[2025-03-19T00:07:06.219+0000] {processor.py:208} INFO - Processing /home/airflow/.local/lib/python3.12/site-packages/airflow/example_dags/example_branch_operator.py took 0.241 seconds
[2025-03-19T00:07:36.350+0000] {processor.py:186} INFO - Started process (PID=3111) to work on /home/airflow/.local/lib/python3.12/site-packages/airflow/example_dags/example_branch_operator.py
[2025-03-19T00:07:36.353+0000] {processor.py:914} INFO - Processing file /home/airflow/.local/lib/python3.12/site-packages/airflow/example_dags/example_branch_operator.py for tasks to queue
[2025-03-19T00:07:36.357+0000] {logging_mixin.py:190} INFO - [2025-03-19T00:07:36.357+0000] {dagbag.py:588} INFO - Filling up the DagBag from /home/airflow/.local/lib/python3.12/site-packages/airflow/example_dags/example_branch_operator.py
[2025-03-19T00:07:36.364+0000] {processor.py:925} INFO - DAG(s) 'example_branch_operator' retrieved from /home/airflow/.local/lib/python3.12/site-packages/airflow/example_dags/example_branch_operator.py
[2025-03-19T00:07:36.380+0000] {logging_mixin.py:190} INFO - [2025-03-19T00:07:36.380+0000] {dag.py:3239} INFO - Sync 1 DAGs
[2025-03-19T00:07:36.388+0000] {logging_mixin.py:190} INFO - [2025-03-19T00:07:36.388+0000] {dag.py:4180} INFO - Setting next_dagrun for example_branch_operator to 2025-03-18 00:00:00+00:00, run_after=2025-03-19 00:00:00+00:00
[2025-03-19T00:07:36.394+0000] {processor.py:208} INFO - Processing /home/airflow/.local/lib/python3.12/site-packages/airflow/example_dags/example_branch_operator.py took 0.047 seconds
[2025-03-19T00:08:06.971+0000] {processor.py:186} INFO - Started process (PID=3183) to work on /home/airflow/.local/lib/python3.12/site-packages/airflow/example_dags/example_branch_operator.py
[2025-03-19T00:08:06.971+0000] {processor.py:914} INFO - Processing file /home/airflow/.local/lib/python3.12/site-packages/airflow/example_dags/example_branch_operator.py for tasks to queue
[2025-03-19T00:08:06.973+0000] {logging_mixin.py:190} INFO - [2025-03-19T00:08:06.973+0000] {dagbag.py:588} INFO - Filling up the DagBag from /home/airflow/.local/lib/python3.12/site-packages/airflow/example_dags/example_branch_operator.py
[2025-03-19T00:08:06.988+0000] {processor.py:925} INFO - DAG(s) 'example_branch_operator' retrieved from /home/airflow/.local/lib/python3.12/site-packages/airflow/example_dags/example_branch_operator.py
[2025-03-19T00:08:07.004+0000] {logging_mixin.py:190} INFO - [2025-03-19T00:08:07.004+0000] {dag.py:3239} INFO - Sync 1 DAGs
[2025-03-19T00:08:07.020+0000] {logging_mixin.py:190} INFO - [2025-03-19T00:08:07.020+0000] {dag.py:4180} INFO - Setting next_dagrun for example_branch_operator to 2025-03-18 00:00:00+00:00, run_after=2025-03-19 00:00:00+00:00
[2025-03-19T00:08:07.032+0000] {processor.py:208} INFO - Processing /home/airflow/.local/lib/python3.12/site-packages/airflow/example_dags/example_branch_operator.py took 0.065 seconds
[2025-03-19T00:08:37.868+0000] {processor.py:186} INFO - Started process (PID=3255) to work on /home/airflow/.local/lib/python3.12/site-packages/airflow/example_dags/example_branch_operator.py
[2025-03-19T00:08:37.868+0000] {processor.py:914} INFO - Processing file /home/airflow/.local/lib/python3.12/site-packages/airflow/example_dags/example_branch_operator.py for tasks to queue
[2025-03-19T00:08:37.869+0000] {logging_mixin.py:190} INFO - [2025-03-19T00:08:37.869+0000] {dagbag.py:588} INFO - Filling up the DagBag from /home/airflow/.local/lib/python3.12/site-packages/airflow/example_dags/example_branch_operator.py
[2025-03-19T00:08:37.877+0000] {processor.py:925} INFO - DAG(s) 'example_branch_operator' retrieved from /home/airflow/.local/lib/python3.12/site-packages/airflow/example_dags/example_branch_operator.py
[2025-03-19T00:08:37.888+0000] {logging_mixin.py:190} INFO - [2025-03-19T00:08:37.888+0000] {dag.py:3239} INFO - Sync 1 DAGs
[2025-03-19T00:08:37.896+0000] {logging_mixin.py:190} INFO - [2025-03-19T00:08:37.896+0000] {dag.py:4180} INFO - Setting next_dagrun for example_branch_operator to 2025-03-18 00:00:00+00:00, run_after=2025-03-19 00:00:00+00:00
[2025-03-19T00:08:37.902+0000] {processor.py:208} INFO - Processing /home/airflow/.local/lib/python3.12/site-packages/airflow/example_dags/example_branch_operator.py took 0.038 seconds
[2025-03-19T00:09:08.672+0000] {processor.py:186} INFO - Started process (PID=3327) to work on /home/airflow/.local/lib/python3.12/site-packages/airflow/example_dags/example_branch_operator.py
[2025-03-19T00:09:08.675+0000] {processor.py:914} INFO - Processing file /home/airflow/.local/lib/python3.12/site-packages/airflow/example_dags/example_branch_operator.py for tasks to queue
[2025-03-19T00:09:08.677+0000] {logging_mixin.py:190} INFO - [2025-03-19T00:09:08.677+0000] {dagbag.py:588} INFO - Filling up the DagBag from /home/airflow/.local/lib/python3.12/site-packages/airflow/example_dags/example_branch_operator.py
[2025-03-19T00:09:08.692+0000] {processor.py:925} INFO - DAG(s) 'example_branch_operator' retrieved from /home/airflow/.local/lib/python3.12/site-packages/airflow/example_dags/example_branch_operator.py
[2025-03-19T00:09:08.715+0000] {logging_mixin.py:190} INFO - [2025-03-19T00:09:08.715+0000] {dag.py:3239} INFO - Sync 1 DAGs
[2025-03-19T00:09:08.730+0000] {logging_mixin.py:190} INFO - [2025-03-19T00:09:08.730+0000] {dag.py:4180} INFO - Setting next_dagrun for example_branch_operator to 2025-03-18 00:00:00+00:00, run_after=2025-03-19 00:00:00+00:00
[2025-03-19T00:09:08.740+0000] {processor.py:208} INFO - Processing /home/airflow/.local/lib/python3.12/site-packages/airflow/example_dags/example_branch_operator.py took 0.072 seconds
[2025-03-19T00:09:40.783+0000] {processor.py:186} INFO - Started process (PID=3401) to work on /home/airflow/.local/lib/python3.12/site-packages/airflow/example_dags/example_branch_operator.py
[2025-03-19T00:09:40.847+0000] {processor.py:914} INFO - Processing file /home/airflow/.local/lib/python3.12/site-packages/airflow/example_dags/example_branch_operator.py for tasks to queue
[2025-03-19T00:09:40.889+0000] {logging_mixin.py:190} INFO - [2025-03-19T00:09:40.889+0000] {dagbag.py:588} INFO - Filling up the DagBag from /home/airflow/.local/lib/python3.12/site-packages/airflow/example_dags/example_branch_operator.py
[2025-03-19T00:09:40.906+0000] {processor.py:925} INFO - DAG(s) 'example_branch_operator' retrieved from /home/airflow/.local/lib/python3.12/site-packages/airflow/example_dags/example_branch_operator.py
[2025-03-19T00:09:40.981+0000] {logging_mixin.py:190} INFO - [2025-03-19T00:09:40.981+0000] {dag.py:3239} INFO - Sync 1 DAGs
[2025-03-19T00:09:41.024+0000] {logging_mixin.py:190} INFO - [2025-03-19T00:09:41.024+0000] {dag.py:4180} INFO - Setting next_dagrun for example_branch_operator to 2025-03-18 00:00:00+00:00, run_after=2025-03-19 00:00:00+00:00
[2025-03-19T00:09:41.091+0000] {processor.py:208} INFO - Processing /home/airflow/.local/lib/python3.12/site-packages/airflow/example_dags/example_branch_operator.py took 0.318 seconds
[2025-03-19T00:10:11.939+0000] {processor.py:186} INFO - Started process (PID=3473) to work on /home/airflow/.local/lib/python3.12/site-packages/airflow/example_dags/example_branch_operator.py
[2025-03-19T00:10:11.944+0000] {processor.py:914} INFO - Processing file /home/airflow/.local/lib/python3.12/site-packages/airflow/example_dags/example_branch_operator.py for tasks to queue
[2025-03-19T00:10:11.954+0000] {logging_mixin.py:190} INFO - [2025-03-19T00:10:11.949+0000] {dagbag.py:588} INFO - Filling up the DagBag from /home/airflow/.local/lib/python3.12/site-packages/airflow/example_dags/example_branch_operator.py
[2025-03-19T00:10:11.984+0000] {processor.py:925} INFO - DAG(s) 'example_branch_operator' retrieved from /home/airflow/.local/lib/python3.12/site-packages/airflow/example_dags/example_branch_operator.py
[2025-03-19T00:10:12.035+0000] {logging_mixin.py:190} INFO - [2025-03-19T00:10:12.035+0000] {dag.py:3239} INFO - Sync 1 DAGs
[2025-03-19T00:10:12.089+0000] {logging_mixin.py:190} INFO - [2025-03-19T00:10:12.089+0000] {dag.py:4180} INFO - Setting next_dagrun for example_branch_operator to 2025-03-18 00:00:00+00:00, run_after=2025-03-19 00:00:00+00:00
[2025-03-19T00:10:12.301+0000] {processor.py:208} INFO - Processing /home/airflow/.local/lib/python3.12/site-packages/airflow/example_dags/example_branch_operator.py took 0.384 seconds
