[2025-03-19T00:00:26.253+0000] {processor.py:186} INFO - Started process (PID=2147) to work on /home/airflow/.local/lib/python3.12/site-packages/airflow/example_dags/example_sensor_decorator.py
[2025-03-19T00:00:26.253+0000] {processor.py:914} INFO - Processing file /home/airflow/.local/lib/python3.12/site-packages/airflow/example_dags/example_sensor_decorator.py for tasks to queue
[2025-03-19T00:00:26.254+0000] {logging_mixin.py:190} INFO - [2025-03-19T00:00:26.254+0000] {dagbag.py:588} INFO - Filling up the DagBag from /home/airflow/.local/lib/python3.12/site-packages/airflow/example_dags/example_sensor_decorator.py
[2025-03-19T00:00:26.259+0000] {processor.py:925} INFO - DAG(s) 'example_sensor_decorator' retrieved from /home/airflow/.local/lib/python3.12/site-packages/airflow/example_dags/example_sensor_decorator.py
[2025-03-19T00:00:26.270+0000] {logging_mixin.py:190} INFO - [2025-03-19T00:00:26.270+0000] {dag.py:3239} INFO - Sync 1 DAGs
[2025-03-19T00:00:26.278+0000] {logging_mixin.py:190} INFO - [2025-03-19T00:00:26.278+0000] {dag.py:4180} INFO - Setting next_dagrun for example_sensor_decorator to None, run_after=None
[2025-03-19T00:00:26.286+0000] {processor.py:208} INFO - Processing /home/airflow/.local/lib/python3.12/site-packages/airflow/example_dags/example_sensor_decorator.py took 0.036 seconds
[2025-03-19T00:00:57.518+0000] {processor.py:186} INFO - Started process (PID=2218) to work on /home/airflow/.local/lib/python3.12/site-packages/airflow/example_dags/example_sensor_decorator.py
[2025-03-19T00:00:57.519+0000] {processor.py:914} INFO - Processing file /home/airflow/.local/lib/python3.12/site-packages/airflow/example_dags/example_sensor_decorator.py for tasks to queue
[2025-03-19T00:00:57.520+0000] {logging_mixin.py:190} INFO - [2025-03-19T00:00:57.520+0000] {dagbag.py:588} INFO - Filling up the DagBag from /home/airflow/.local/lib/python3.12/site-packages/airflow/example_dags/example_sensor_decorator.py
[2025-03-19T00:00:57.525+0000] {processor.py:925} INFO - DAG(s) 'example_sensor_decorator' retrieved from /home/airflow/.local/lib/python3.12/site-packages/airflow/example_dags/example_sensor_decorator.py
[2025-03-19T00:00:57.538+0000] {logging_mixin.py:190} INFO - [2025-03-19T00:00:57.538+0000] {dag.py:3239} INFO - Sync 1 DAGs
[2025-03-19T00:00:57.547+0000] {logging_mixin.py:190} INFO - [2025-03-19T00:00:57.547+0000] {dag.py:4180} INFO - Setting next_dagrun for example_sensor_decorator to None, run_after=None
[2025-03-19T00:00:57.567+0000] {processor.py:208} INFO - Processing /home/airflow/.local/lib/python3.12/site-packages/airflow/example_dags/example_sensor_decorator.py took 0.052 seconds
[2025-03-19T00:01:28.432+0000] {processor.py:186} INFO - Started process (PID=2290) to work on /home/airflow/.local/lib/python3.12/site-packages/airflow/example_dags/example_sensor_decorator.py
[2025-03-19T00:01:28.446+0000] {processor.py:914} INFO - Processing file /home/airflow/.local/lib/python3.12/site-packages/airflow/example_dags/example_sensor_decorator.py for tasks to queue
[2025-03-19T00:01:28.456+0000] {logging_mixin.py:190} INFO - [2025-03-19T00:01:28.455+0000] {dagbag.py:588} INFO - Filling up the DagBag from /home/airflow/.local/lib/python3.12/site-packages/airflow/example_dags/example_sensor_decorator.py
[2025-03-19T00:01:28.479+0000] {processor.py:925} INFO - DAG(s) 'example_sensor_decorator' retrieved from /home/airflow/.local/lib/python3.12/site-packages/airflow/example_dags/example_sensor_decorator.py
[2025-03-19T00:01:28.518+0000] {logging_mixin.py:190} INFO - [2025-03-19T00:01:28.518+0000] {dag.py:3239} INFO - Sync 1 DAGs
[2025-03-19T00:01:28.564+0000] {logging_mixin.py:190} INFO - [2025-03-19T00:01:28.563+0000] {dag.py:4180} INFO - Setting next_dagrun for example_sensor_decorator to None, run_after=None
[2025-03-19T00:01:28.622+0000] {processor.py:208} INFO - Processing /home/airflow/.local/lib/python3.12/site-packages/airflow/example_dags/example_sensor_decorator.py took 0.216 seconds
[2025-03-19T00:02:03.436+0000] {processor.py:186} INFO - Started process (PID=2362) to work on /home/airflow/.local/lib/python3.12/site-packages/airflow/example_dags/example_sensor_decorator.py
[2025-03-19T00:02:03.437+0000] {processor.py:914} INFO - Processing file /home/airflow/.local/lib/python3.12/site-packages/airflow/example_dags/example_sensor_decorator.py for tasks to queue
[2025-03-19T00:02:03.439+0000] {logging_mixin.py:190} INFO - [2025-03-19T00:02:03.439+0000] {dagbag.py:588} INFO - Filling up the DagBag from /home/airflow/.local/lib/python3.12/site-packages/airflow/example_dags/example_sensor_decorator.py
[2025-03-19T00:02:03.444+0000] {processor.py:925} INFO - DAG(s) 'example_sensor_decorator' retrieved from /home/airflow/.local/lib/python3.12/site-packages/airflow/example_dags/example_sensor_decorator.py
[2025-03-19T00:02:03.457+0000] {logging_mixin.py:190} INFO - [2025-03-19T00:02:03.457+0000] {dag.py:3239} INFO - Sync 1 DAGs
[2025-03-19T00:02:03.464+0000] {logging_mixin.py:190} INFO - [2025-03-19T00:02:03.464+0000] {dag.py:4180} INFO - Setting next_dagrun for example_sensor_decorator to None, run_after=None
[2025-03-19T00:02:03.472+0000] {processor.py:208} INFO - Processing /home/airflow/.local/lib/python3.12/site-packages/airflow/example_dags/example_sensor_decorator.py took 0.039 seconds
[2025-03-19T00:02:33.655+0000] {processor.py:186} INFO - Started process (PID=2428) to work on /home/airflow/.local/lib/python3.12/site-packages/airflow/example_dags/example_sensor_decorator.py
[2025-03-19T00:02:33.656+0000] {processor.py:914} INFO - Processing file /home/airflow/.local/lib/python3.12/site-packages/airflow/example_dags/example_sensor_decorator.py for tasks to queue
[2025-03-19T00:02:33.657+0000] {logging_mixin.py:190} INFO - [2025-03-19T00:02:33.657+0000] {dagbag.py:588} INFO - Filling up the DagBag from /home/airflow/.local/lib/python3.12/site-packages/airflow/example_dags/example_sensor_decorator.py
[2025-03-19T00:02:33.661+0000] {processor.py:925} INFO - DAG(s) 'example_sensor_decorator' retrieved from /home/airflow/.local/lib/python3.12/site-packages/airflow/example_dags/example_sensor_decorator.py
[2025-03-19T00:02:33.670+0000] {logging_mixin.py:190} INFO - [2025-03-19T00:02:33.670+0000] {dag.py:3239} INFO - Sync 1 DAGs
[2025-03-19T00:02:33.677+0000] {logging_mixin.py:190} INFO - [2025-03-19T00:02:33.677+0000] {dag.py:4180} INFO - Setting next_dagrun for example_sensor_decorator to None, run_after=None
[2025-03-19T00:02:33.685+0000] {processor.py:208} INFO - Processing /home/airflow/.local/lib/python3.12/site-packages/airflow/example_dags/example_sensor_decorator.py took 0.032 seconds
[2025-03-19T00:03:05.308+0000] {processor.py:186} INFO - Started process (PID=2498) to work on /home/airflow/.local/lib/python3.12/site-packages/airflow/example_dags/example_sensor_decorator.py
[2025-03-19T00:03:05.310+0000] {processor.py:914} INFO - Processing file /home/airflow/.local/lib/python3.12/site-packages/airflow/example_dags/example_sensor_decorator.py for tasks to queue
[2025-03-19T00:03:05.313+0000] {logging_mixin.py:190} INFO - [2025-03-19T00:03:05.313+0000] {dagbag.py:588} INFO - Filling up the DagBag from /home/airflow/.local/lib/python3.12/site-packages/airflow/example_dags/example_sensor_decorator.py
[2025-03-19T00:03:05.326+0000] {processor.py:925} INFO - DAG(s) 'example_sensor_decorator' retrieved from /home/airflow/.local/lib/python3.12/site-packages/airflow/example_dags/example_sensor_decorator.py
[2025-03-19T00:03:05.347+0000] {logging_mixin.py:190} INFO - [2025-03-19T00:03:05.347+0000] {dag.py:3239} INFO - Sync 1 DAGs
[2025-03-19T00:03:05.378+0000] {logging_mixin.py:190} INFO - [2025-03-19T00:03:05.378+0000] {dag.py:4180} INFO - Setting next_dagrun for example_sensor_decorator to None, run_after=None
[2025-03-19T00:03:05.400+0000] {processor.py:208} INFO - Processing /home/airflow/.local/lib/python3.12/site-packages/airflow/example_dags/example_sensor_decorator.py took 0.101 seconds
[2025-03-19T00:03:36.300+0000] {processor.py:186} INFO - Started process (PID=2570) to work on /home/airflow/.local/lib/python3.12/site-packages/airflow/example_dags/example_sensor_decorator.py
[2025-03-19T00:03:36.300+0000] {processor.py:914} INFO - Processing file /home/airflow/.local/lib/python3.12/site-packages/airflow/example_dags/example_sensor_decorator.py for tasks to queue
[2025-03-19T00:03:36.301+0000] {logging_mixin.py:190} INFO - [2025-03-19T00:03:36.301+0000] {dagbag.py:588} INFO - Filling up the DagBag from /home/airflow/.local/lib/python3.12/site-packages/airflow/example_dags/example_sensor_decorator.py
[2025-03-19T00:03:36.306+0000] {processor.py:925} INFO - DAG(s) 'example_sensor_decorator' retrieved from /home/airflow/.local/lib/python3.12/site-packages/airflow/example_dags/example_sensor_decorator.py
[2025-03-19T00:03:36.315+0000] {logging_mixin.py:190} INFO - [2025-03-19T00:03:36.315+0000] {dag.py:3239} INFO - Sync 1 DAGs
[2025-03-19T00:03:36.321+0000] {logging_mixin.py:190} INFO - [2025-03-19T00:03:36.321+0000] {dag.py:4180} INFO - Setting next_dagrun for example_sensor_decorator to None, run_after=None
[2025-03-19T00:03:36.329+0000] {processor.py:208} INFO - Processing /home/airflow/.local/lib/python3.12/site-packages/airflow/example_dags/example_sensor_decorator.py took 0.032 seconds
[2025-03-19T00:04:07.270+0000] {processor.py:186} INFO - Started process (PID=2642) to work on /home/airflow/.local/lib/python3.12/site-packages/airflow/example_dags/example_sensor_decorator.py
[2025-03-19T00:04:07.274+0000] {processor.py:914} INFO - Processing file /home/airflow/.local/lib/python3.12/site-packages/airflow/example_dags/example_sensor_decorator.py for tasks to queue
[2025-03-19T00:04:07.281+0000] {logging_mixin.py:190} INFO - [2025-03-19T00:04:07.281+0000] {dagbag.py:588} INFO - Filling up the DagBag from /home/airflow/.local/lib/python3.12/site-packages/airflow/example_dags/example_sensor_decorator.py
[2025-03-19T00:04:07.304+0000] {processor.py:925} INFO - DAG(s) 'example_sensor_decorator' retrieved from /home/airflow/.local/lib/python3.12/site-packages/airflow/example_dags/example_sensor_decorator.py
[2025-03-19T00:04:07.330+0000] {logging_mixin.py:190} INFO - [2025-03-19T00:04:07.330+0000] {dag.py:3239} INFO - Sync 1 DAGs
[2025-03-19T00:04:07.344+0000] {logging_mixin.py:190} INFO - [2025-03-19T00:04:07.344+0000] {dag.py:4180} INFO - Setting next_dagrun for example_sensor_decorator to None, run_after=None
[2025-03-19T00:04:07.359+0000] {processor.py:208} INFO - Processing /home/airflow/.local/lib/python3.12/site-packages/airflow/example_dags/example_sensor_decorator.py took 0.095 seconds
[2025-03-19T00:04:37.478+0000] {processor.py:186} INFO - Started process (PID=2714) to work on /home/airflow/.local/lib/python3.12/site-packages/airflow/example_dags/example_sensor_decorator.py
[2025-03-19T00:04:37.479+0000] {processor.py:914} INFO - Processing file /home/airflow/.local/lib/python3.12/site-packages/airflow/example_dags/example_sensor_decorator.py for tasks to queue
[2025-03-19T00:04:37.481+0000] {logging_mixin.py:190} INFO - [2025-03-19T00:04:37.481+0000] {dagbag.py:588} INFO - Filling up the DagBag from /home/airflow/.local/lib/python3.12/site-packages/airflow/example_dags/example_sensor_decorator.py
[2025-03-19T00:04:37.485+0000] {processor.py:925} INFO - DAG(s) 'example_sensor_decorator' retrieved from /home/airflow/.local/lib/python3.12/site-packages/airflow/example_dags/example_sensor_decorator.py
[2025-03-19T00:04:37.495+0000] {logging_mixin.py:190} INFO - [2025-03-19T00:04:37.495+0000] {dag.py:3239} INFO - Sync 1 DAGs
[2025-03-19T00:04:37.501+0000] {logging_mixin.py:190} INFO - [2025-03-19T00:04:37.501+0000] {dag.py:4180} INFO - Setting next_dagrun for example_sensor_decorator to None, run_after=None
[2025-03-19T00:04:37.509+0000] {processor.py:208} INFO - Processing /home/airflow/.local/lib/python3.12/site-packages/airflow/example_dags/example_sensor_decorator.py took 0.033 seconds
[2025-03-19T00:05:10.213+0000] {processor.py:186} INFO - Started process (PID=2786) to work on /home/airflow/.local/lib/python3.12/site-packages/airflow/example_dags/example_sensor_decorator.py
[2025-03-19T00:05:10.214+0000] {processor.py:914} INFO - Processing file /home/airflow/.local/lib/python3.12/site-packages/airflow/example_dags/example_sensor_decorator.py for tasks to queue
[2025-03-19T00:05:10.219+0000] {logging_mixin.py:190} INFO - [2025-03-19T00:05:10.219+0000] {dagbag.py:588} INFO - Filling up the DagBag from /home/airflow/.local/lib/python3.12/site-packages/airflow/example_dags/example_sensor_decorator.py
[2025-03-19T00:05:10.233+0000] {processor.py:925} INFO - DAG(s) 'example_sensor_decorator' retrieved from /home/airflow/.local/lib/python3.12/site-packages/airflow/example_dags/example_sensor_decorator.py
[2025-03-19T00:05:10.257+0000] {logging_mixin.py:190} INFO - [2025-03-19T00:05:10.257+0000] {dag.py:3239} INFO - Sync 1 DAGs
[2025-03-19T00:05:10.272+0000] {logging_mixin.py:190} INFO - [2025-03-19T00:05:10.271+0000] {dag.py:4180} INFO - Setting next_dagrun for example_sensor_decorator to None, run_after=None
[2025-03-19T00:05:10.293+0000] {processor.py:208} INFO - Processing /home/airflow/.local/lib/python3.12/site-packages/airflow/example_dags/example_sensor_decorator.py took 0.094 seconds
[2025-03-19T00:05:40.529+0000] {processor.py:186} INFO - Started process (PID=2858) to work on /home/airflow/.local/lib/python3.12/site-packages/airflow/example_dags/example_sensor_decorator.py
[2025-03-19T00:05:40.530+0000] {processor.py:914} INFO - Processing file /home/airflow/.local/lib/python3.12/site-packages/airflow/example_dags/example_sensor_decorator.py for tasks to queue
[2025-03-19T00:05:40.532+0000] {logging_mixin.py:190} INFO - [2025-03-19T00:05:40.532+0000] {dagbag.py:588} INFO - Filling up the DagBag from /home/airflow/.local/lib/python3.12/site-packages/airflow/example_dags/example_sensor_decorator.py
[2025-03-19T00:05:40.536+0000] {processor.py:925} INFO - DAG(s) 'example_sensor_decorator' retrieved from /home/airflow/.local/lib/python3.12/site-packages/airflow/example_dags/example_sensor_decorator.py
[2025-03-19T00:05:40.549+0000] {logging_mixin.py:190} INFO - [2025-03-19T00:05:40.549+0000] {dag.py:3239} INFO - Sync 1 DAGs
[2025-03-19T00:05:40.555+0000] {logging_mixin.py:190} INFO - [2025-03-19T00:05:40.555+0000] {dag.py:4180} INFO - Setting next_dagrun for example_sensor_decorator to None, run_after=None
[2025-03-19T00:05:40.562+0000] {processor.py:208} INFO - Processing /home/airflow/.local/lib/python3.12/site-packages/airflow/example_dags/example_sensor_decorator.py took 0.035 seconds
[2025-03-19T00:06:12.560+0000] {processor.py:186} INFO - Started process (PID=2930) to work on /home/airflow/.local/lib/python3.12/site-packages/airflow/example_dags/example_sensor_decorator.py
[2025-03-19T00:06:12.690+0000] {processor.py:914} INFO - Processing file /home/airflow/.local/lib/python3.12/site-packages/airflow/example_dags/example_sensor_decorator.py for tasks to queue
[2025-03-19T00:06:12.712+0000] {logging_mixin.py:190} INFO - [2025-03-19T00:06:12.711+0000] {dagbag.py:588} INFO - Filling up the DagBag from /home/airflow/.local/lib/python3.12/site-packages/airflow/example_dags/example_sensor_decorator.py
[2025-03-19T00:06:12.734+0000] {processor.py:925} INFO - DAG(s) 'example_sensor_decorator' retrieved from /home/airflow/.local/lib/python3.12/site-packages/airflow/example_dags/example_sensor_decorator.py
[2025-03-19T00:06:12.768+0000] {logging_mixin.py:190} INFO - [2025-03-19T00:06:12.767+0000] {dag.py:3239} INFO - Sync 1 DAGs
[2025-03-19T00:06:12.805+0000] {logging_mixin.py:190} INFO - [2025-03-19T00:06:12.805+0000] {dag.py:4180} INFO - Setting next_dagrun for example_sensor_decorator to None, run_after=None
[2025-03-19T00:06:12.848+0000] {processor.py:208} INFO - Processing /home/airflow/.local/lib/python3.12/site-packages/airflow/example_dags/example_sensor_decorator.py took 0.308 seconds
[2025-03-19T00:06:43.898+0000] {processor.py:186} INFO - Started process (PID=3002) to work on /home/airflow/.local/lib/python3.12/site-packages/airflow/example_dags/example_sensor_decorator.py
[2025-03-19T00:06:43.899+0000] {processor.py:914} INFO - Processing file /home/airflow/.local/lib/python3.12/site-packages/airflow/example_dags/example_sensor_decorator.py for tasks to queue
[2025-03-19T00:06:43.901+0000] {logging_mixin.py:190} INFO - [2025-03-19T00:06:43.901+0000] {dagbag.py:588} INFO - Filling up the DagBag from /home/airflow/.local/lib/python3.12/site-packages/airflow/example_dags/example_sensor_decorator.py
[2025-03-19T00:06:43.936+0000] {processor.py:925} INFO - DAG(s) 'example_sensor_decorator' retrieved from /home/airflow/.local/lib/python3.12/site-packages/airflow/example_dags/example_sensor_decorator.py
[2025-03-19T00:06:43.959+0000] {logging_mixin.py:190} INFO - [2025-03-19T00:06:43.959+0000] {dag.py:3239} INFO - Sync 1 DAGs
[2025-03-19T00:06:43.973+0000] {logging_mixin.py:190} INFO - [2025-03-19T00:06:43.972+0000] {dag.py:4180} INFO - Setting next_dagrun for example_sensor_decorator to None, run_after=None
[2025-03-19T00:06:44.006+0000] {processor.py:208} INFO - Processing /home/airflow/.local/lib/python3.12/site-packages/airflow/example_dags/example_sensor_decorator.py took 0.113 seconds
[2025-03-19T00:07:14.573+0000] {processor.py:186} INFO - Started process (PID=3074) to work on /home/airflow/.local/lib/python3.12/site-packages/airflow/example_dags/example_sensor_decorator.py
[2025-03-19T00:07:14.575+0000] {processor.py:914} INFO - Processing file /home/airflow/.local/lib/python3.12/site-packages/airflow/example_dags/example_sensor_decorator.py for tasks to queue
[2025-03-19T00:07:14.592+0000] {logging_mixin.py:190} INFO - [2025-03-19T00:07:14.590+0000] {dagbag.py:588} INFO - Filling up the DagBag from /home/airflow/.local/lib/python3.12/site-packages/airflow/example_dags/example_sensor_decorator.py
[2025-03-19T00:07:14.624+0000] {processor.py:925} INFO - DAG(s) 'example_sensor_decorator' retrieved from /home/airflow/.local/lib/python3.12/site-packages/airflow/example_dags/example_sensor_decorator.py
[2025-03-19T00:07:14.671+0000] {logging_mixin.py:190} INFO - [2025-03-19T00:07:14.671+0000] {dag.py:3239} INFO - Sync 1 DAGs
[2025-03-19T00:07:14.891+0000] {logging_mixin.py:190} INFO - [2025-03-19T00:07:14.890+0000] {dag.py:4180} INFO - Setting next_dagrun for example_sensor_decorator to None, run_after=None
[2025-03-19T00:07:14.941+0000] {processor.py:208} INFO - Processing /home/airflow/.local/lib/python3.12/site-packages/airflow/example_dags/example_sensor_decorator.py took 0.386 seconds
[2025-03-19T00:07:45.811+0000] {processor.py:186} INFO - Started process (PID=3147) to work on /home/airflow/.local/lib/python3.12/site-packages/airflow/example_dags/example_sensor_decorator.py
[2025-03-19T00:07:45.813+0000] {processor.py:914} INFO - Processing file /home/airflow/.local/lib/python3.12/site-packages/airflow/example_dags/example_sensor_decorator.py for tasks to queue
[2025-03-19T00:07:45.820+0000] {logging_mixin.py:190} INFO - [2025-03-19T00:07:45.820+0000] {dagbag.py:588} INFO - Filling up the DagBag from /home/airflow/.local/lib/python3.12/site-packages/airflow/example_dags/example_sensor_decorator.py
[2025-03-19T00:07:45.843+0000] {processor.py:925} INFO - DAG(s) 'example_sensor_decorator' retrieved from /home/airflow/.local/lib/python3.12/site-packages/airflow/example_dags/example_sensor_decorator.py
[2025-03-19T00:07:45.872+0000] {logging_mixin.py:190} INFO - [2025-03-19T00:07:45.872+0000] {dag.py:3239} INFO - Sync 1 DAGs
[2025-03-19T00:07:45.896+0000] {logging_mixin.py:190} INFO - [2025-03-19T00:07:45.896+0000] {dag.py:4180} INFO - Setting next_dagrun for example_sensor_decorator to None, run_after=None
[2025-03-19T00:07:45.939+0000] {processor.py:208} INFO - Processing /home/airflow/.local/lib/python3.12/site-packages/airflow/example_dags/example_sensor_decorator.py took 0.136 seconds
