[2025-03-19T00:00:22.167+0000] {processor.py:186} INFO - Started process (PID=2110) to work on /home/airflow/.local/lib/python3.12/site-packages/airflow/example_dags/example_dag_decorator.py
[2025-03-19T00:00:22.169+0000] {processor.py:914} INFO - Processing file /home/airflow/.local/lib/python3.12/site-packages/airflow/example_dags/example_dag_decorator.py for tasks to queue
[2025-03-19T00:00:22.182+0000] {logging_mixin.py:190} INFO - [2025-03-19T00:00:22.181+0000] {dagbag.py:588} INFO - Filling up the DagBag from /home/airflow/.local/lib/python3.12/site-packages/airflow/example_dags/example_dag_decorator.py
[2025-03-19T00:00:22.409+0000] {processor.py:925} INFO - DAG(s) 'example_dag_decorator' retrieved from /home/airflow/.local/lib/python3.12/site-packages/airflow/example_dags/example_dag_decorator.py
[2025-03-19T00:00:23.474+0000] {logging_mixin.py:190} INFO - [2025-03-19T00:00:23.474+0000] {dag.py:3239} INFO - Sync 1 DAGs
[2025-03-19T00:00:23.503+0000] {logging_mixin.py:190} INFO - [2025-03-19T00:00:23.503+0000] {dag.py:4180} INFO - Setting next_dagrun for example_dag_decorator to None, run_after=None
[2025-03-19T00:00:23.578+0000] {processor.py:208} INFO - Processing /home/airflow/.local/lib/python3.12/site-packages/airflow/example_dags/example_dag_decorator.py took 1.421 seconds
[2025-03-19T00:00:54.343+0000] {processor.py:186} INFO - Started process (PID=2183) to work on /home/airflow/.local/lib/python3.12/site-packages/airflow/example_dags/example_dag_decorator.py
[2025-03-19T00:00:54.356+0000] {processor.py:914} INFO - Processing file /home/airflow/.local/lib/python3.12/site-packages/airflow/example_dags/example_dag_decorator.py for tasks to queue
[2025-03-19T00:00:54.371+0000] {logging_mixin.py:190} INFO - [2025-03-19T00:00:54.371+0000] {dagbag.py:588} INFO - Filling up the DagBag from /home/airflow/.local/lib/python3.12/site-packages/airflow/example_dags/example_dag_decorator.py
[2025-03-19T00:00:54.694+0000] {processor.py:925} INFO - DAG(s) 'example_dag_decorator' retrieved from /home/airflow/.local/lib/python3.12/site-packages/airflow/example_dags/example_dag_decorator.py
[2025-03-19T00:00:55.483+0000] {logging_mixin.py:190} INFO - [2025-03-19T00:00:55.482+0000] {dag.py:3239} INFO - Sync 1 DAGs
[2025-03-19T00:00:55.501+0000] {logging_mixin.py:190} INFO - [2025-03-19T00:00:55.501+0000] {dag.py:4180} INFO - Setting next_dagrun for example_dag_decorator to None, run_after=None
[2025-03-19T00:00:55.559+0000] {processor.py:208} INFO - Processing /home/airflow/.local/lib/python3.12/site-packages/airflow/example_dags/example_dag_decorator.py took 1.231 seconds
[2025-03-19T00:01:25.736+0000] {processor.py:186} INFO - Started process (PID=2255) to work on /home/airflow/.local/lib/python3.12/site-packages/airflow/example_dags/example_dag_decorator.py
[2025-03-19T00:01:25.737+0000] {processor.py:914} INFO - Processing file /home/airflow/.local/lib/python3.12/site-packages/airflow/example_dags/example_dag_decorator.py for tasks to queue
[2025-03-19T00:01:25.739+0000] {logging_mixin.py:190} INFO - [2025-03-19T00:01:25.739+0000] {dagbag.py:588} INFO - Filling up the DagBag from /home/airflow/.local/lib/python3.12/site-packages/airflow/example_dags/example_dag_decorator.py
[2025-03-19T00:01:25.808+0000] {processor.py:925} INFO - DAG(s) 'example_dag_decorator' retrieved from /home/airflow/.local/lib/python3.12/site-packages/airflow/example_dags/example_dag_decorator.py
[2025-03-19T00:01:25.997+0000] {logging_mixin.py:190} INFO - [2025-03-19T00:01:25.997+0000] {dag.py:3239} INFO - Sync 1 DAGs
[2025-03-19T00:01:26.004+0000] {logging_mixin.py:190} INFO - [2025-03-19T00:01:26.003+0000] {dag.py:4180} INFO - Setting next_dagrun for example_dag_decorator to None, run_after=None
[2025-03-19T00:01:26.010+0000] {processor.py:208} INFO - Processing /home/airflow/.local/lib/python3.12/site-packages/airflow/example_dags/example_dag_decorator.py took 0.280 seconds
[2025-03-19T00:01:59.176+0000] {processor.py:186} INFO - Started process (PID=2325) to work on /home/airflow/.local/lib/python3.12/site-packages/airflow/example_dags/example_dag_decorator.py
[2025-03-19T00:01:59.183+0000] {processor.py:914} INFO - Processing file /home/airflow/.local/lib/python3.12/site-packages/airflow/example_dags/example_dag_decorator.py for tasks to queue
[2025-03-19T00:01:59.193+0000] {logging_mixin.py:190} INFO - [2025-03-19T00:01:59.192+0000] {dagbag.py:588} INFO - Filling up the DagBag from /home/airflow/.local/lib/python3.12/site-packages/airflow/example_dags/example_dag_decorator.py
[2025-03-19T00:01:59.470+0000] {processor.py:925} INFO - DAG(s) 'example_dag_decorator' retrieved from /home/airflow/.local/lib/python3.12/site-packages/airflow/example_dags/example_dag_decorator.py
[2025-03-19T00:02:01.071+0000] {logging_mixin.py:190} INFO - [2025-03-19T00:02:01.071+0000] {dag.py:3239} INFO - Sync 1 DAGs
[2025-03-19T00:02:01.101+0000] {logging_mixin.py:190} INFO - [2025-03-19T00:02:01.101+0000] {dag.py:4180} INFO - Setting next_dagrun for example_dag_decorator to None, run_after=None
[2025-03-19T00:02:01.137+0000] {processor.py:208} INFO - Processing /home/airflow/.local/lib/python3.12/site-packages/airflow/example_dags/example_dag_decorator.py took 1.968 seconds
[2025-03-19T00:02:31.247+0000] {processor.py:186} INFO - Started process (PID=2400) to work on /home/airflow/.local/lib/python3.12/site-packages/airflow/example_dags/example_dag_decorator.py
[2025-03-19T00:02:31.247+0000] {processor.py:914} INFO - Processing file /home/airflow/.local/lib/python3.12/site-packages/airflow/example_dags/example_dag_decorator.py for tasks to queue
[2025-03-19T00:02:31.250+0000] {logging_mixin.py:190} INFO - [2025-03-19T00:02:31.249+0000] {dagbag.py:588} INFO - Filling up the DagBag from /home/airflow/.local/lib/python3.12/site-packages/airflow/example_dags/example_dag_decorator.py
[2025-03-19T00:02:31.392+0000] {processor.py:925} INFO - DAG(s) 'example_dag_decorator' retrieved from /home/airflow/.local/lib/python3.12/site-packages/airflow/example_dags/example_dag_decorator.py
[2025-03-19T00:02:31.434+0000] {logging_mixin.py:190} INFO - [2025-03-19T00:02:31.433+0000] {dag.py:3239} INFO - Sync 1 DAGs
[2025-03-19T00:02:31.514+0000] {logging_mixin.py:190} INFO - [2025-03-19T00:02:31.513+0000] {dag.py:4180} INFO - Setting next_dagrun for example_dag_decorator to None, run_after=None
[2025-03-19T00:02:31.540+0000] {processor.py:208} INFO - Processing /home/airflow/.local/lib/python3.12/site-packages/airflow/example_dags/example_dag_decorator.py took 0.298 seconds
