[2025-03-19T00:00:22.752+0000] {processor.py:186} INFO - Started process (PID=2112) to work on /home/airflow/.local/lib/python3.12/site-packages/airflow/example_dags/example_complex.py
[2025-03-19T00:00:22.766+0000] {processor.py:914} INFO - Processing file /home/airflow/.local/lib/python3.12/site-packages/airflow/example_dags/example_complex.py for tasks to queue
[2025-03-19T00:00:22.785+0000] {logging_mixin.py:190} INFO - [2025-03-19T00:00:22.784+0000] {dagbag.py:588} INFO - Filling up the DagBag from /home/airflow/.local/lib/python3.12/site-packages/airflow/example_dags/example_complex.py
[2025-03-19T00:00:22.917+0000] {processor.py:925} INFO - DAG(s) 'example_complex' retrieved from /home/airflow/.local/lib/python3.12/site-packages/airflow/example_dags/example_complex.py
[2025-03-19T00:00:22.999+0000] {logging_mixin.py:190} INFO - [2025-03-19T00:00:22.998+0000] {dag.py:3239} INFO - Sync 1 DAGs
[2025-03-19T00:00:23.051+0000] {logging_mixin.py:190} INFO - [2025-03-19T00:00:23.051+0000] {dag.py:4180} INFO - Setting next_dagrun for example_complex to None, run_after=None
[2025-03-19T00:00:23.102+0000] {processor.py:208} INFO - Processing /home/airflow/.local/lib/python3.12/site-packages/airflow/example_dags/example_complex.py took 0.377 seconds
[2025-03-19T00:00:54.453+0000] {processor.py:186} INFO - Started process (PID=2184) to work on /home/airflow/.local/lib/python3.12/site-packages/airflow/example_dags/example_complex.py
[2025-03-19T00:00:54.454+0000] {processor.py:914} INFO - Processing file /home/airflow/.local/lib/python3.12/site-packages/airflow/example_dags/example_complex.py for tasks to queue
[2025-03-19T00:00:54.459+0000] {logging_mixin.py:190} INFO - [2025-03-19T00:00:54.458+0000] {dagbag.py:588} INFO - Filling up the DagBag from /home/airflow/.local/lib/python3.12/site-packages/airflow/example_dags/example_complex.py
[2025-03-19T00:00:54.488+0000] {processor.py:925} INFO - DAG(s) 'example_complex' retrieved from /home/airflow/.local/lib/python3.12/site-packages/airflow/example_dags/example_complex.py
[2025-03-19T00:00:54.531+0000] {logging_mixin.py:190} INFO - [2025-03-19T00:00:54.531+0000] {dag.py:3239} INFO - Sync 1 DAGs
[2025-03-19T00:00:54.610+0000] {logging_mixin.py:190} INFO - [2025-03-19T00:00:54.610+0000] {dag.py:4180} INFO - Setting next_dagrun for example_complex to None, run_after=None
[2025-03-19T00:00:54.663+0000] {processor.py:208} INFO - Processing /home/airflow/.local/lib/python3.12/site-packages/airflow/example_dags/example_complex.py took 0.242 seconds
[2025-03-19T00:01:24.698+0000] {processor.py:186} INFO - Started process (PID=2254) to work on /home/airflow/.local/lib/python3.12/site-packages/airflow/example_dags/example_complex.py
[2025-03-19T00:01:24.699+0000] {processor.py:914} INFO - Processing file /home/airflow/.local/lib/python3.12/site-packages/airflow/example_dags/example_complex.py for tasks to queue
[2025-03-19T00:01:24.699+0000] {logging_mixin.py:190} INFO - [2025-03-19T00:01:24.699+0000] {dagbag.py:588} INFO - Filling up the DagBag from /home/airflow/.local/lib/python3.12/site-packages/airflow/example_dags/example_complex.py
[2025-03-19T00:01:24.704+0000] {processor.py:925} INFO - DAG(s) 'example_complex' retrieved from /home/airflow/.local/lib/python3.12/site-packages/airflow/example_dags/example_complex.py
[2025-03-19T00:01:24.717+0000] {logging_mixin.py:190} INFO - [2025-03-19T00:01:24.717+0000] {dag.py:3239} INFO - Sync 1 DAGs
[2025-03-19T00:01:24.724+0000] {logging_mixin.py:190} INFO - [2025-03-19T00:01:24.724+0000] {dag.py:4180} INFO - Setting next_dagrun for example_complex to None, run_after=None
[2025-03-19T00:01:24.731+0000] {processor.py:208} INFO - Processing /home/airflow/.local/lib/python3.12/site-packages/airflow/example_dags/example_complex.py took 0.035 seconds
[2025-03-19T00:01:59.647+0000] {processor.py:186} INFO - Started process (PID=2327) to work on /home/airflow/.local/lib/python3.12/site-packages/airflow/example_dags/example_complex.py
[2025-03-19T00:01:59.648+0000] {processor.py:914} INFO - Processing file /home/airflow/.local/lib/python3.12/site-packages/airflow/example_dags/example_complex.py for tasks to queue
[2025-03-19T00:01:59.656+0000] {logging_mixin.py:190} INFO - [2025-03-19T00:01:59.655+0000] {dagbag.py:588} INFO - Filling up the DagBag from /home/airflow/.local/lib/python3.12/site-packages/airflow/example_dags/example_complex.py
[2025-03-19T00:01:59.703+0000] {processor.py:925} INFO - DAG(s) 'example_complex' retrieved from /home/airflow/.local/lib/python3.12/site-packages/airflow/example_dags/example_complex.py
[2025-03-19T00:01:59.823+0000] {logging_mixin.py:190} INFO - [2025-03-19T00:01:59.823+0000] {dag.py:3239} INFO - Sync 1 DAGs
[2025-03-19T00:01:59.858+0000] {logging_mixin.py:190} INFO - [2025-03-19T00:01:59.858+0000] {dag.py:4180} INFO - Setting next_dagrun for example_complex to None, run_after=None
[2025-03-19T00:01:59.931+0000] {processor.py:208} INFO - Processing /home/airflow/.local/lib/python3.12/site-packages/airflow/example_dags/example_complex.py took 0.318 seconds
[2025-03-19T00:02:31.022+0000] {processor.py:186} INFO - Started process (PID=2397) to work on /home/airflow/.local/lib/python3.12/site-packages/airflow/example_dags/example_complex.py
[2025-03-19T00:02:31.023+0000] {processor.py:914} INFO - Processing file /home/airflow/.local/lib/python3.12/site-packages/airflow/example_dags/example_complex.py for tasks to queue
[2025-03-19T00:02:31.029+0000] {logging_mixin.py:190} INFO - [2025-03-19T00:02:31.028+0000] {dagbag.py:588} INFO - Filling up the DagBag from /home/airflow/.local/lib/python3.12/site-packages/airflow/example_dags/example_complex.py
[2025-03-19T00:02:31.040+0000] {processor.py:925} INFO - DAG(s) 'example_complex' retrieved from /home/airflow/.local/lib/python3.12/site-packages/airflow/example_dags/example_complex.py
[2025-03-19T00:02:31.075+0000] {logging_mixin.py:190} INFO - [2025-03-19T00:02:31.075+0000] {dag.py:3239} INFO - Sync 1 DAGs
[2025-03-19T00:02:31.095+0000] {logging_mixin.py:190} INFO - [2025-03-19T00:02:31.095+0000] {dag.py:4180} INFO - Setting next_dagrun for example_complex to None, run_after=None
[2025-03-19T00:02:31.118+0000] {processor.py:208} INFO - Processing /home/airflow/.local/lib/python3.12/site-packages/airflow/example_dags/example_complex.py took 0.104 seconds
[2025-03-19T00:03:02.100+0000] {processor.py:186} INFO - Started process (PID=2470) to work on /home/airflow/.local/lib/python3.12/site-packages/airflow/example_dags/example_complex.py
[2025-03-19T00:03:02.103+0000] {processor.py:914} INFO - Processing file /home/airflow/.local/lib/python3.12/site-packages/airflow/example_dags/example_complex.py for tasks to queue
[2025-03-19T00:03:02.121+0000] {logging_mixin.py:190} INFO - [2025-03-19T00:03:02.121+0000] {dagbag.py:588} INFO - Filling up the DagBag from /home/airflow/.local/lib/python3.12/site-packages/airflow/example_dags/example_complex.py
[2025-03-19T00:03:02.140+0000] {processor.py:925} INFO - DAG(s) 'example_complex' retrieved from /home/airflow/.local/lib/python3.12/site-packages/airflow/example_dags/example_complex.py
[2025-03-19T00:03:02.203+0000] {logging_mixin.py:190} INFO - [2025-03-19T00:03:02.203+0000] {dag.py:3239} INFO - Sync 1 DAGs
[2025-03-19T00:03:02.237+0000] {logging_mixin.py:190} INFO - [2025-03-19T00:03:02.237+0000] {dag.py:4180} INFO - Setting next_dagrun for example_complex to None, run_after=None
[2025-03-19T00:03:02.263+0000] {processor.py:208} INFO - Processing /home/airflow/.local/lib/python3.12/site-packages/airflow/example_dags/example_complex.py took 0.170 seconds
[2025-03-19T00:03:33.614+0000] {processor.py:186} INFO - Started process (PID=2542) to work on /home/airflow/.local/lib/python3.12/site-packages/airflow/example_dags/example_complex.py
[2025-03-19T00:03:33.615+0000] {processor.py:914} INFO - Processing file /home/airflow/.local/lib/python3.12/site-packages/airflow/example_dags/example_complex.py for tasks to queue
[2025-03-19T00:03:33.617+0000] {logging_mixin.py:190} INFO - [2025-03-19T00:03:33.617+0000] {dagbag.py:588} INFO - Filling up the DagBag from /home/airflow/.local/lib/python3.12/site-packages/airflow/example_dags/example_complex.py
[2025-03-19T00:03:33.720+0000] {processor.py:925} INFO - DAG(s) 'example_complex' retrieved from /home/airflow/.local/lib/python3.12/site-packages/airflow/example_dags/example_complex.py
[2025-03-19T00:03:33.780+0000] {logging_mixin.py:190} INFO - [2025-03-19T00:03:33.780+0000] {dag.py:3239} INFO - Sync 1 DAGs
[2025-03-19T00:03:33.806+0000] {logging_mixin.py:190} INFO - [2025-03-19T00:03:33.806+0000] {dag.py:4180} INFO - Setting next_dagrun for example_complex to None, run_after=None
[2025-03-19T00:03:33.824+0000] {processor.py:208} INFO - Processing /home/airflow/.local/lib/python3.12/site-packages/airflow/example_dags/example_complex.py took 0.219 seconds
[2025-03-19T00:04:04.050+0000] {processor.py:186} INFO - Started process (PID=2614) to work on /home/airflow/.local/lib/python3.12/site-packages/airflow/example_dags/example_complex.py
[2025-03-19T00:04:04.050+0000] {processor.py:914} INFO - Processing file /home/airflow/.local/lib/python3.12/site-packages/airflow/example_dags/example_complex.py for tasks to queue
[2025-03-19T00:04:04.052+0000] {logging_mixin.py:190} INFO - [2025-03-19T00:04:04.052+0000] {dagbag.py:588} INFO - Filling up the DagBag from /home/airflow/.local/lib/python3.12/site-packages/airflow/example_dags/example_complex.py
[2025-03-19T00:04:04.061+0000] {processor.py:925} INFO - DAG(s) 'example_complex' retrieved from /home/airflow/.local/lib/python3.12/site-packages/airflow/example_dags/example_complex.py
[2025-03-19T00:04:04.083+0000] {logging_mixin.py:190} INFO - [2025-03-19T00:04:04.083+0000] {dag.py:3239} INFO - Sync 1 DAGs
[2025-03-19T00:04:04.093+0000] {logging_mixin.py:190} INFO - [2025-03-19T00:04:04.093+0000] {dag.py:4180} INFO - Setting next_dagrun for example_complex to None, run_after=None
[2025-03-19T00:04:04.104+0000] {processor.py:208} INFO - Processing /home/airflow/.local/lib/python3.12/site-packages/airflow/example_dags/example_complex.py took 0.059 seconds
[2025-03-19T00:04:34.547+0000] {processor.py:186} INFO - Started process (PID=2684) to work on /home/airflow/.local/lib/python3.12/site-packages/airflow/example_dags/example_complex.py
[2025-03-19T00:04:34.549+0000] {processor.py:914} INFO - Processing file /home/airflow/.local/lib/python3.12/site-packages/airflow/example_dags/example_complex.py for tasks to queue
[2025-03-19T00:04:34.555+0000] {logging_mixin.py:190} INFO - [2025-03-19T00:04:34.555+0000] {dagbag.py:588} INFO - Filling up the DagBag from /home/airflow/.local/lib/python3.12/site-packages/airflow/example_dags/example_complex.py
[2025-03-19T00:04:34.572+0000] {processor.py:925} INFO - DAG(s) 'example_complex' retrieved from /home/airflow/.local/lib/python3.12/site-packages/airflow/example_dags/example_complex.py
[2025-03-19T00:04:34.614+0000] {logging_mixin.py:190} INFO - [2025-03-19T00:04:34.614+0000] {dag.py:3239} INFO - Sync 1 DAGs
[2025-03-19T00:04:34.631+0000] {logging_mixin.py:190} INFO - [2025-03-19T00:04:34.631+0000] {dag.py:4180} INFO - Setting next_dagrun for example_complex to None, run_after=None
[2025-03-19T00:04:34.662+0000] {processor.py:208} INFO - Processing /home/airflow/.local/lib/python3.12/site-packages/airflow/example_dags/example_complex.py took 0.124 seconds
[2025-03-19T00:05:05.664+0000] {processor.py:186} INFO - Started process (PID=2756) to work on /home/airflow/.local/lib/python3.12/site-packages/airflow/example_dags/example_complex.py
[2025-03-19T00:05:05.664+0000] {processor.py:914} INFO - Processing file /home/airflow/.local/lib/python3.12/site-packages/airflow/example_dags/example_complex.py for tasks to queue
[2025-03-19T00:05:05.666+0000] {logging_mixin.py:190} INFO - [2025-03-19T00:05:05.666+0000] {dagbag.py:588} INFO - Filling up the DagBag from /home/airflow/.local/lib/python3.12/site-packages/airflow/example_dags/example_complex.py
[2025-03-19T00:05:05.677+0000] {processor.py:925} INFO - DAG(s) 'example_complex' retrieved from /home/airflow/.local/lib/python3.12/site-packages/airflow/example_dags/example_complex.py
[2025-03-19T00:05:05.697+0000] {logging_mixin.py:190} INFO - [2025-03-19T00:05:05.697+0000] {dag.py:3239} INFO - Sync 1 DAGs
[2025-03-19T00:05:05.706+0000] {logging_mixin.py:190} INFO - [2025-03-19T00:05:05.706+0000] {dag.py:4180} INFO - Setting next_dagrun for example_complex to None, run_after=None
[2025-03-19T00:05:05.716+0000] {processor.py:208} INFO - Processing /home/airflow/.local/lib/python3.12/site-packages/airflow/example_dags/example_complex.py took 0.058 seconds
[2025-03-19T00:05:36.258+0000] {processor.py:186} INFO - Started process (PID=2828) to work on /home/airflow/.local/lib/python3.12/site-packages/airflow/example_dags/example_complex.py
[2025-03-19T00:05:36.261+0000] {processor.py:914} INFO - Processing file /home/airflow/.local/lib/python3.12/site-packages/airflow/example_dags/example_complex.py for tasks to queue
[2025-03-19T00:05:36.265+0000] {logging_mixin.py:190} INFO - [2025-03-19T00:05:36.265+0000] {dagbag.py:588} INFO - Filling up the DagBag from /home/airflow/.local/lib/python3.12/site-packages/airflow/example_dags/example_complex.py
[2025-03-19T00:05:36.272+0000] {processor.py:925} INFO - DAG(s) 'example_complex' retrieved from /home/airflow/.local/lib/python3.12/site-packages/airflow/example_dags/example_complex.py
[2025-03-19T00:05:36.289+0000] {logging_mixin.py:190} INFO - [2025-03-19T00:05:36.289+0000] {dag.py:3239} INFO - Sync 1 DAGs
[2025-03-19T00:05:36.298+0000] {logging_mixin.py:190} INFO - [2025-03-19T00:05:36.298+0000] {dag.py:4180} INFO - Setting next_dagrun for example_complex to None, run_after=None
[2025-03-19T00:05:36.311+0000] {processor.py:208} INFO - Processing /home/airflow/.local/lib/python3.12/site-packages/airflow/example_dags/example_complex.py took 0.058 seconds
[2025-03-19T00:06:06.706+0000] {processor.py:186} INFO - Started process (PID=2900) to work on /home/airflow/.local/lib/python3.12/site-packages/airflow/example_dags/example_complex.py
[2025-03-19T00:06:06.707+0000] {processor.py:914} INFO - Processing file /home/airflow/.local/lib/python3.12/site-packages/airflow/example_dags/example_complex.py for tasks to queue
[2025-03-19T00:06:06.712+0000] {logging_mixin.py:190} INFO - [2025-03-19T00:06:06.712+0000] {dagbag.py:588} INFO - Filling up the DagBag from /home/airflow/.local/lib/python3.12/site-packages/airflow/example_dags/example_complex.py
[2025-03-19T00:06:06.719+0000] {processor.py:925} INFO - DAG(s) 'example_complex' retrieved from /home/airflow/.local/lib/python3.12/site-packages/airflow/example_dags/example_complex.py
[2025-03-19T00:06:06.741+0000] {logging_mixin.py:190} INFO - [2025-03-19T00:06:06.741+0000] {dag.py:3239} INFO - Sync 1 DAGs
[2025-03-19T00:06:06.878+0000] {logging_mixin.py:190} INFO - [2025-03-19T00:06:06.877+0000] {dag.py:4180} INFO - Setting next_dagrun for example_complex to None, run_after=None
[2025-03-19T00:06:06.891+0000] {processor.py:208} INFO - Processing /home/airflow/.local/lib/python3.12/site-packages/airflow/example_dags/example_complex.py took 0.191 seconds
[2025-03-19T00:06:37.210+0000] {processor.py:186} INFO - Started process (PID=2972) to work on /home/airflow/.local/lib/python3.12/site-packages/airflow/example_dags/example_complex.py
[2025-03-19T00:06:37.213+0000] {processor.py:914} INFO - Processing file /home/airflow/.local/lib/python3.12/site-packages/airflow/example_dags/example_complex.py for tasks to queue
[2025-03-19T00:06:37.218+0000] {logging_mixin.py:190} INFO - [2025-03-19T00:06:37.218+0000] {dagbag.py:588} INFO - Filling up the DagBag from /home/airflow/.local/lib/python3.12/site-packages/airflow/example_dags/example_complex.py
[2025-03-19T00:06:37.237+0000] {processor.py:925} INFO - DAG(s) 'example_complex' retrieved from /home/airflow/.local/lib/python3.12/site-packages/airflow/example_dags/example_complex.py
[2025-03-19T00:06:37.302+0000] {logging_mixin.py:190} INFO - [2025-03-19T00:06:37.301+0000] {dag.py:3239} INFO - Sync 1 DAGs
[2025-03-19T00:06:37.517+0000] {logging_mixin.py:190} INFO - [2025-03-19T00:06:37.517+0000] {dag.py:4180} INFO - Setting next_dagrun for example_complex to None, run_after=None
[2025-03-19T00:06:37.589+0000] {processor.py:208} INFO - Processing /home/airflow/.local/lib/python3.12/site-packages/airflow/example_dags/example_complex.py took 0.390 seconds
[2025-03-19T00:07:07.711+0000] {processor.py:186} INFO - Started process (PID=3044) to work on /home/airflow/.local/lib/python3.12/site-packages/airflow/example_dags/example_complex.py
[2025-03-19T00:07:07.716+0000] {processor.py:914} INFO - Processing file /home/airflow/.local/lib/python3.12/site-packages/airflow/example_dags/example_complex.py for tasks to queue
[2025-03-19T00:07:07.717+0000] {logging_mixin.py:190} INFO - [2025-03-19T00:07:07.717+0000] {dagbag.py:588} INFO - Filling up the DagBag from /home/airflow/.local/lib/python3.12/site-packages/airflow/example_dags/example_complex.py
[2025-03-19T00:07:07.724+0000] {processor.py:925} INFO - DAG(s) 'example_complex' retrieved from /home/airflow/.local/lib/python3.12/site-packages/airflow/example_dags/example_complex.py
[2025-03-19T00:07:07.852+0000] {logging_mixin.py:190} INFO - [2025-03-19T00:07:07.852+0000] {dag.py:3239} INFO - Sync 1 DAGs
[2025-03-19T00:07:07.858+0000] {logging_mixin.py:190} INFO - [2025-03-19T00:07:07.858+0000] {dag.py:4180} INFO - Setting next_dagrun for example_complex to None, run_after=None
[2025-03-19T00:07:07.865+0000] {processor.py:208} INFO - Processing /home/airflow/.local/lib/python3.12/site-packages/airflow/example_dags/example_complex.py took 0.158 seconds
[2025-03-19T00:07:38.857+0000] {processor.py:186} INFO - Started process (PID=3115) to work on /home/airflow/.local/lib/python3.12/site-packages/airflow/example_dags/example_complex.py
[2025-03-19T00:07:38.878+0000] {processor.py:914} INFO - Processing file /home/airflow/.local/lib/python3.12/site-packages/airflow/example_dags/example_complex.py for tasks to queue
[2025-03-19T00:07:38.888+0000] {logging_mixin.py:190} INFO - [2025-03-19T00:07:38.888+0000] {dagbag.py:588} INFO - Filling up the DagBag from /home/airflow/.local/lib/python3.12/site-packages/airflow/example_dags/example_complex.py
[2025-03-19T00:07:38.930+0000] {processor.py:925} INFO - DAG(s) 'example_complex' retrieved from /home/airflow/.local/lib/python3.12/site-packages/airflow/example_dags/example_complex.py
[2025-03-19T00:07:39.021+0000] {logging_mixin.py:190} INFO - [2025-03-19T00:07:39.020+0000] {dag.py:3239} INFO - Sync 1 DAGs
[2025-03-19T00:07:39.048+0000] {logging_mixin.py:190} INFO - [2025-03-19T00:07:39.047+0000] {dag.py:4180} INFO - Setting next_dagrun for example_complex to None, run_after=None
[2025-03-19T00:07:39.113+0000] {processor.py:208} INFO - Processing /home/airflow/.local/lib/python3.12/site-packages/airflow/example_dags/example_complex.py took 0.274 seconds
