[2025-03-19T00:00:18.500+0000] {processor.py:186} INFO - Started process (PID=2096) to work on /home/airflow/.local/lib/python3.12/site-packages/airflow/example_dags/example_datasets.py
[2025-03-19T00:00:18.501+0000] {processor.py:914} INFO - Processing file /home/airflow/.local/lib/python3.12/site-packages/airflow/example_dags/example_datasets.py for tasks to queue
[2025-03-19T00:00:18.507+0000] {logging_mixin.py:190} INFO - [2025-03-19T00:00:18.506+0000] {dagbag.py:588} INFO - Filling up the DagBag from /home/airflow/.local/lib/python3.12/site-packages/airflow/example_dags/example_datasets.py
[2025-03-19T00:00:19.750+0000] {processor.py:925} INFO - DAG(s) 'dataset_produces_1', 'dataset_consumes_1_never_scheduled', 'dataset_produces_2', 'dataset_consumes_unknown_never_scheduled', 'conditional_dataset_and_time_based_timetable', 'consume_1_or_both_2_and_3_with_dataset_expressions', 'consume_1_or_2_with_dataset_expressions', 'dataset_consumes_1', 'dataset_consumes_1_and_2', 'consume_1_and_2_with_dataset_expressions' retrieved from /home/airflow/.local/lib/python3.12/site-packages/airflow/example_dags/example_datasets.py
[2025-03-19T00:00:19.898+0000] {logging_mixin.py:190} INFO - [2025-03-19T00:00:19.898+0000] {dag.py:3239} INFO - Sync 10 DAGs
[2025-03-19T00:00:19.964+0000] {logging_mixin.py:190} INFO - [2025-03-19T00:00:19.964+0000] {dag.py:4180} INFO - Setting next_dagrun for conditional_dataset_and_time_based_timetable to 2025-03-12 01:00:00+00:00, run_after=2025-03-12 01:00:00+00:00
[2025-03-19T00:00:19.980+0000] {logging_mixin.py:190} INFO - [2025-03-19T00:00:19.980+0000] {dag.py:4180} INFO - Setting next_dagrun for consume_1_and_2_with_dataset_expressions to None, run_after=None
[2025-03-19T00:00:19.992+0000] {logging_mixin.py:190} INFO - [2025-03-19T00:00:19.991+0000] {dag.py:4180} INFO - Setting next_dagrun for consume_1_or_2_with_dataset_expressions to None, run_after=None
[2025-03-19T00:00:19.998+0000] {logging_mixin.py:190} INFO - [2025-03-19T00:00:19.998+0000] {dag.py:4180} INFO - Setting next_dagrun for consume_1_or_both_2_and_3_with_dataset_expressions to None, run_after=None
[2025-03-19T00:00:20.005+0000] {logging_mixin.py:190} INFO - [2025-03-19T00:00:20.004+0000] {dag.py:4180} INFO - Setting next_dagrun for dataset_consumes_1 to None, run_after=None
[2025-03-19T00:00:20.013+0000] {logging_mixin.py:190} INFO - [2025-03-19T00:00:20.013+0000] {dag.py:4180} INFO - Setting next_dagrun for dataset_consumes_1_and_2 to None, run_after=None
[2025-03-19T00:00:20.015+0000] {logging_mixin.py:190} INFO - [2025-03-19T00:00:20.014+0000] {dag.py:4180} INFO - Setting next_dagrun for dataset_consumes_1_never_scheduled to None, run_after=None
[2025-03-19T00:00:20.017+0000] {logging_mixin.py:190} INFO - [2025-03-19T00:00:20.017+0000] {dag.py:4180} INFO - Setting next_dagrun for dataset_consumes_unknown_never_scheduled to None, run_after=None
[2025-03-19T00:00:20.020+0000] {logging_mixin.py:190} INFO - [2025-03-19T00:00:20.019+0000] {dag.py:4180} INFO - Setting next_dagrun for dataset_produces_1 to 2025-03-18 00:00:00+00:00, run_after=2025-03-19 00:00:00+00:00
[2025-03-19T00:00:20.025+0000] {logging_mixin.py:190} INFO - [2025-03-19T00:00:20.025+0000] {dag.py:4180} INFO - Setting next_dagrun for dataset_produces_2 to None, run_after=None
[2025-03-19T00:00:20.118+0000] {processor.py:208} INFO - Processing /home/airflow/.local/lib/python3.12/site-packages/airflow/example_dags/example_datasets.py took 1.624 seconds
[2025-03-19T00:00:50.462+0000] {processor.py:186} INFO - Started process (PID=2168) to work on /home/airflow/.local/lib/python3.12/site-packages/airflow/example_dags/example_datasets.py
[2025-03-19T00:00:50.465+0000] {processor.py:914} INFO - Processing file /home/airflow/.local/lib/python3.12/site-packages/airflow/example_dags/example_datasets.py for tasks to queue
[2025-03-19T00:00:50.481+0000] {logging_mixin.py:190} INFO - [2025-03-19T00:00:50.477+0000] {dagbag.py:588} INFO - Filling up the DagBag from /home/airflow/.local/lib/python3.12/site-packages/airflow/example_dags/example_datasets.py
[2025-03-19T00:00:52.009+0000] {processor.py:925} INFO - DAG(s) 'dataset_produces_2', 'dataset_consumes_1_and_2', 'conditional_dataset_and_time_based_timetable', 'dataset_produces_1', 'dataset_consumes_1', 'dataset_consumes_unknown_never_scheduled', 'dataset_consumes_1_never_scheduled', 'consume_1_or_both_2_and_3_with_dataset_expressions', 'consume_1_and_2_with_dataset_expressions', 'consume_1_or_2_with_dataset_expressions' retrieved from /home/airflow/.local/lib/python3.12/site-packages/airflow/example_dags/example_datasets.py
[2025-03-19T00:00:52.136+0000] {logging_mixin.py:190} INFO - [2025-03-19T00:00:52.136+0000] {dag.py:3239} INFO - Sync 10 DAGs
[2025-03-19T00:00:52.192+0000] {logging_mixin.py:190} INFO - [2025-03-19T00:00:52.192+0000] {dag.py:4180} INFO - Setting next_dagrun for conditional_dataset_and_time_based_timetable to 2025-03-12 01:00:00+00:00, run_after=2025-03-12 01:00:00+00:00
[2025-03-19T00:00:52.213+0000] {logging_mixin.py:190} INFO - [2025-03-19T00:00:52.213+0000] {dag.py:4180} INFO - Setting next_dagrun for consume_1_and_2_with_dataset_expressions to None, run_after=None
[2025-03-19T00:00:52.214+0000] {logging_mixin.py:190} INFO - [2025-03-19T00:00:52.214+0000] {dag.py:4180} INFO - Setting next_dagrun for consume_1_or_2_with_dataset_expressions to None, run_after=None
[2025-03-19T00:00:52.215+0000] {logging_mixin.py:190} INFO - [2025-03-19T00:00:52.215+0000] {dag.py:4180} INFO - Setting next_dagrun for consume_1_or_both_2_and_3_with_dataset_expressions to None, run_after=None
[2025-03-19T00:00:52.216+0000] {logging_mixin.py:190} INFO - [2025-03-19T00:00:52.216+0000] {dag.py:4180} INFO - Setting next_dagrun for dataset_consumes_1 to None, run_after=None
[2025-03-19T00:00:52.217+0000] {logging_mixin.py:190} INFO - [2025-03-19T00:00:52.217+0000] {dag.py:4180} INFO - Setting next_dagrun for dataset_consumes_1_and_2 to None, run_after=None
[2025-03-19T00:00:52.225+0000] {logging_mixin.py:190} INFO - [2025-03-19T00:00:52.224+0000] {dag.py:4180} INFO - Setting next_dagrun for dataset_consumes_1_never_scheduled to None, run_after=None
[2025-03-19T00:00:52.232+0000] {logging_mixin.py:190} INFO - [2025-03-19T00:00:52.232+0000] {dag.py:4180} INFO - Setting next_dagrun for dataset_consumes_unknown_never_scheduled to None, run_after=None
[2025-03-19T00:00:52.252+0000] {logging_mixin.py:190} INFO - [2025-03-19T00:00:52.251+0000] {dag.py:4180} INFO - Setting next_dagrun for dataset_produces_1 to 2025-03-18 00:00:00+00:00, run_after=2025-03-19 00:00:00+00:00
[2025-03-19T00:00:52.283+0000] {logging_mixin.py:190} INFO - [2025-03-19T00:00:52.283+0000] {dag.py:4180} INFO - Setting next_dagrun for dataset_produces_2 to None, run_after=None
[2025-03-19T00:00:52.368+0000] {processor.py:208} INFO - Processing /home/airflow/.local/lib/python3.12/site-packages/airflow/example_dags/example_datasets.py took 1.914 seconds
[2025-03-19T00:01:22.778+0000] {processor.py:186} INFO - Started process (PID=2239) to work on /home/airflow/.local/lib/python3.12/site-packages/airflow/example_dags/example_datasets.py
[2025-03-19T00:01:22.782+0000] {processor.py:914} INFO - Processing file /home/airflow/.local/lib/python3.12/site-packages/airflow/example_dags/example_datasets.py for tasks to queue
[2025-03-19T00:01:22.792+0000] {logging_mixin.py:190} INFO - [2025-03-19T00:01:22.791+0000] {dagbag.py:588} INFO - Filling up the DagBag from /home/airflow/.local/lib/python3.12/site-packages/airflow/example_dags/example_datasets.py
[2025-03-19T00:01:23.270+0000] {processor.py:925} INFO - DAG(s) 'dataset_produces_2', 'dataset_consumes_1_never_scheduled', 'consume_1_or_2_with_dataset_expressions', 'consume_1_or_both_2_and_3_with_dataset_expressions', 'conditional_dataset_and_time_based_timetable', 'dataset_produces_1', 'consume_1_and_2_with_dataset_expressions', 'dataset_consumes_1', 'dataset_consumes_unknown_never_scheduled', 'dataset_consumes_1_and_2' retrieved from /home/airflow/.local/lib/python3.12/site-packages/airflow/example_dags/example_datasets.py
[2025-03-19T00:01:23.292+0000] {logging_mixin.py:190} INFO - [2025-03-19T00:01:23.292+0000] {dag.py:3239} INFO - Sync 10 DAGs
[2025-03-19T00:01:23.304+0000] {logging_mixin.py:190} INFO - [2025-03-19T00:01:23.304+0000] {dag.py:4180} INFO - Setting next_dagrun for conditional_dataset_and_time_based_timetable to 2025-03-12 01:00:00+00:00, run_after=2025-03-12 01:00:00+00:00
[2025-03-19T00:01:23.306+0000] {logging_mixin.py:190} INFO - [2025-03-19T00:01:23.306+0000] {dag.py:4180} INFO - Setting next_dagrun for consume_1_and_2_with_dataset_expressions to None, run_after=None
[2025-03-19T00:01:23.307+0000] {logging_mixin.py:190} INFO - [2025-03-19T00:01:23.307+0000] {dag.py:4180} INFO - Setting next_dagrun for consume_1_or_2_with_dataset_expressions to None, run_after=None
[2025-03-19T00:01:23.307+0000] {logging_mixin.py:190} INFO - [2025-03-19T00:01:23.307+0000] {dag.py:4180} INFO - Setting next_dagrun for consume_1_or_both_2_and_3_with_dataset_expressions to None, run_after=None
[2025-03-19T00:01:23.308+0000] {logging_mixin.py:190} INFO - [2025-03-19T00:01:23.308+0000] {dag.py:4180} INFO - Setting next_dagrun for dataset_consumes_1 to None, run_after=None
[2025-03-19T00:01:23.309+0000] {logging_mixin.py:190} INFO - [2025-03-19T00:01:23.308+0000] {dag.py:4180} INFO - Setting next_dagrun for dataset_consumes_1_and_2 to None, run_after=None
[2025-03-19T00:01:23.309+0000] {logging_mixin.py:190} INFO - [2025-03-19T00:01:23.309+0000] {dag.py:4180} INFO - Setting next_dagrun for dataset_consumes_1_never_scheduled to None, run_after=None
[2025-03-19T00:01:23.310+0000] {logging_mixin.py:190} INFO - [2025-03-19T00:01:23.309+0000] {dag.py:4180} INFO - Setting next_dagrun for dataset_consumes_unknown_never_scheduled to None, run_after=None
[2025-03-19T00:01:23.310+0000] {logging_mixin.py:190} INFO - [2025-03-19T00:01:23.310+0000] {dag.py:4180} INFO - Setting next_dagrun for dataset_produces_1 to 2025-03-18 00:00:00+00:00, run_after=2025-03-19 00:00:00+00:00
[2025-03-19T00:01:23.311+0000] {logging_mixin.py:190} INFO - [2025-03-19T00:01:23.311+0000] {dag.py:4180} INFO - Setting next_dagrun for dataset_produces_2 to None, run_after=None
[2025-03-19T00:01:23.324+0000] {processor.py:208} INFO - Processing /home/airflow/.local/lib/python3.12/site-packages/airflow/example_dags/example_datasets.py took 0.555 seconds
[2025-03-19T00:01:55.455+0000] {processor.py:186} INFO - Started process (PID=2315) to work on /home/airflow/.local/lib/python3.12/site-packages/airflow/example_dags/example_datasets.py
[2025-03-19T00:01:55.459+0000] {processor.py:914} INFO - Processing file /home/airflow/.local/lib/python3.12/site-packages/airflow/example_dags/example_datasets.py for tasks to queue
[2025-03-19T00:01:55.467+0000] {logging_mixin.py:190} INFO - [2025-03-19T00:01:55.467+0000] {dagbag.py:588} INFO - Filling up the DagBag from /home/airflow/.local/lib/python3.12/site-packages/airflow/example_dags/example_datasets.py
[2025-03-19T00:01:58.216+0000] {processor.py:925} INFO - DAG(s) 'consume_1_or_both_2_and_3_with_dataset_expressions', 'dataset_produces_2', 'conditional_dataset_and_time_based_timetable', 'dataset_consumes_1_never_scheduled', 'dataset_consumes_1', 'dataset_consumes_unknown_never_scheduled', 'consume_1_and_2_with_dataset_expressions', 'dataset_consumes_1_and_2', 'dataset_produces_1', 'consume_1_or_2_with_dataset_expressions' retrieved from /home/airflow/.local/lib/python3.12/site-packages/airflow/example_dags/example_datasets.py
[2025-03-19T00:01:58.380+0000] {logging_mixin.py:190} INFO - [2025-03-19T00:01:58.380+0000] {dag.py:3239} INFO - Sync 10 DAGs
[2025-03-19T00:01:58.454+0000] {logging_mixin.py:190} INFO - [2025-03-19T00:01:58.454+0000] {dag.py:4180} INFO - Setting next_dagrun for conditional_dataset_and_time_based_timetable to 2025-03-12 01:00:00+00:00, run_after=2025-03-12 01:00:00+00:00
[2025-03-19T00:01:58.460+0000] {logging_mixin.py:190} INFO - [2025-03-19T00:01:58.460+0000] {dag.py:4180} INFO - Setting next_dagrun for consume_1_and_2_with_dataset_expressions to None, run_after=None
[2025-03-19T00:01:58.462+0000] {logging_mixin.py:190} INFO - [2025-03-19T00:01:58.462+0000] {dag.py:4180} INFO - Setting next_dagrun for consume_1_or_2_with_dataset_expressions to None, run_after=None
[2025-03-19T00:01:58.467+0000] {logging_mixin.py:190} INFO - [2025-03-19T00:01:58.467+0000] {dag.py:4180} INFO - Setting next_dagrun for consume_1_or_both_2_and_3_with_dataset_expressions to None, run_after=None
[2025-03-19T00:01:58.473+0000] {logging_mixin.py:190} INFO - [2025-03-19T00:01:58.473+0000] {dag.py:4180} INFO - Setting next_dagrun for dataset_consumes_1 to None, run_after=None
[2025-03-19T00:01:58.487+0000] {logging_mixin.py:190} INFO - [2025-03-19T00:01:58.486+0000] {dag.py:4180} INFO - Setting next_dagrun for dataset_consumes_1_and_2 to None, run_after=None
[2025-03-19T00:01:58.488+0000] {logging_mixin.py:190} INFO - [2025-03-19T00:01:58.488+0000] {dag.py:4180} INFO - Setting next_dagrun for dataset_consumes_1_never_scheduled to None, run_after=None
[2025-03-19T00:01:58.490+0000] {logging_mixin.py:190} INFO - [2025-03-19T00:01:58.490+0000] {dag.py:4180} INFO - Setting next_dagrun for dataset_consumes_unknown_never_scheduled to None, run_after=None
[2025-03-19T00:01:58.491+0000] {logging_mixin.py:190} INFO - [2025-03-19T00:01:58.491+0000] {dag.py:4180} INFO - Setting next_dagrun for dataset_produces_1 to 2025-03-18 00:00:00+00:00, run_after=2025-03-19 00:00:00+00:00
[2025-03-19T00:01:58.492+0000] {logging_mixin.py:190} INFO - [2025-03-19T00:01:58.492+0000] {dag.py:4180} INFO - Setting next_dagrun for dataset_produces_2 to None, run_after=None
[2025-03-19T00:01:58.539+0000] {processor.py:208} INFO - Processing /home/airflow/.local/lib/python3.12/site-packages/airflow/example_dags/example_datasets.py took 3.115 seconds
[2025-03-19T00:02:28.805+0000] {processor.py:186} INFO - Started process (PID=2393) to work on /home/airflow/.local/lib/python3.12/site-packages/airflow/example_dags/example_datasets.py
[2025-03-19T00:02:28.806+0000] {processor.py:914} INFO - Processing file /home/airflow/.local/lib/python3.12/site-packages/airflow/example_dags/example_datasets.py for tasks to queue
[2025-03-19T00:02:28.824+0000] {logging_mixin.py:190} INFO - [2025-03-19T00:02:28.824+0000] {dagbag.py:588} INFO - Filling up the DagBag from /home/airflow/.local/lib/python3.12/site-packages/airflow/example_dags/example_datasets.py
[2025-03-19T00:02:30.092+0000] {processor.py:925} INFO - DAG(s) 'dataset_produces_1', 'dataset_consumes_unknown_never_scheduled', 'consume_1_or_both_2_and_3_with_dataset_expressions', 'consume_1_or_2_with_dataset_expressions', 'consume_1_and_2_with_dataset_expressions', 'dataset_consumes_1_never_scheduled', 'dataset_consumes_1', 'dataset_consumes_1_and_2', 'conditional_dataset_and_time_based_timetable', 'dataset_produces_2' retrieved from /home/airflow/.local/lib/python3.12/site-packages/airflow/example_dags/example_datasets.py
[2025-03-19T00:02:30.322+0000] {logging_mixin.py:190} INFO - [2025-03-19T00:02:30.321+0000] {dag.py:3239} INFO - Sync 10 DAGs
[2025-03-19T00:02:30.377+0000] {logging_mixin.py:190} INFO - [2025-03-19T00:02:30.377+0000] {dag.py:4180} INFO - Setting next_dagrun for conditional_dataset_and_time_based_timetable to 2025-03-12 01:00:00+00:00, run_after=2025-03-12 01:00:00+00:00
[2025-03-19T00:02:30.401+0000] {logging_mixin.py:190} INFO - [2025-03-19T00:02:30.401+0000] {dag.py:4180} INFO - Setting next_dagrun for consume_1_and_2_with_dataset_expressions to None, run_after=None
[2025-03-19T00:02:30.404+0000] {logging_mixin.py:190} INFO - [2025-03-19T00:02:30.404+0000] {dag.py:4180} INFO - Setting next_dagrun for consume_1_or_2_with_dataset_expressions to None, run_after=None
[2025-03-19T00:02:30.407+0000] {logging_mixin.py:190} INFO - [2025-03-19T00:02:30.407+0000] {dag.py:4180} INFO - Setting next_dagrun for consume_1_or_both_2_and_3_with_dataset_expressions to None, run_after=None
[2025-03-19T00:02:30.417+0000] {logging_mixin.py:190} INFO - [2025-03-19T00:02:30.416+0000] {dag.py:4180} INFO - Setting next_dagrun for dataset_consumes_1 to None, run_after=None
[2025-03-19T00:02:30.421+0000] {logging_mixin.py:190} INFO - [2025-03-19T00:02:30.421+0000] {dag.py:4180} INFO - Setting next_dagrun for dataset_consumes_1_and_2 to None, run_after=None
[2025-03-19T00:02:30.441+0000] {logging_mixin.py:190} INFO - [2025-03-19T00:02:30.441+0000] {dag.py:4180} INFO - Setting next_dagrun for dataset_consumes_1_never_scheduled to None, run_after=None
[2025-03-19T00:02:30.449+0000] {logging_mixin.py:190} INFO - [2025-03-19T00:02:30.449+0000] {dag.py:4180} INFO - Setting next_dagrun for dataset_consumes_unknown_never_scheduled to None, run_after=None
[2025-03-19T00:02:30.466+0000] {logging_mixin.py:190} INFO - [2025-03-19T00:02:30.464+0000] {dag.py:4180} INFO - Setting next_dagrun for dataset_produces_1 to 2025-03-18 00:00:00+00:00, run_after=2025-03-19 00:00:00+00:00
[2025-03-19T00:02:30.469+0000] {logging_mixin.py:190} INFO - [2025-03-19T00:02:30.469+0000] {dag.py:4180} INFO - Setting next_dagrun for dataset_produces_2 to None, run_after=None
[2025-03-19T00:02:30.561+0000] {processor.py:208} INFO - Processing /home/airflow/.local/lib/python3.12/site-packages/airflow/example_dags/example_datasets.py took 1.767 seconds
