[2025-03-19T00:00:25.068+0000] {processor.py:186} INFO - Started process (PID=2120) to work on /home/airflow/.local/lib/python3.12/site-packages/airflow/example_dags/example_latest_only.py
[2025-03-19T00:00:25.069+0000] {processor.py:914} INFO - Processing file /home/airflow/.local/lib/python3.12/site-packages/airflow/example_dags/example_latest_only.py for tasks to queue
[2025-03-19T00:00:25.072+0000] {logging_mixin.py:190} INFO - [2025-03-19T00:00:25.072+0000] {dagbag.py:588} INFO - Filling up the DagBag from /home/airflow/.local/lib/python3.12/site-packages/airflow/example_dags/example_latest_only.py
[2025-03-19T00:00:25.081+0000] {processor.py:925} INFO - DAG(s) 'latest_only' retrieved from /home/airflow/.local/lib/python3.12/site-packages/airflow/example_dags/example_latest_only.py
[2025-03-19T00:00:25.107+0000] {logging_mixin.py:190} INFO - [2025-03-19T00:00:25.106+0000] {dag.py:3239} INFO - Sync 1 DAGs
[2025-03-19T00:00:25.140+0000] {logging_mixin.py:190} INFO - [2025-03-19T00:00:25.140+0000] {dag.py:4180} INFO - Setting next_dagrun for latest_only to 2025-03-18 20:00:00+00:00, run_after=2025-03-19 00:00:00+00:00
[2025-03-19T00:00:25.164+0000] {processor.py:208} INFO - Processing /home/airflow/.local/lib/python3.12/site-packages/airflow/example_dags/example_latest_only.py took 0.099 seconds
[2025-03-19T00:00:56.120+0000] {processor.py:186} INFO - Started process (PID=2197) to work on /home/airflow/.local/lib/python3.12/site-packages/airflow/example_dags/example_latest_only.py
[2025-03-19T00:00:56.130+0000] {processor.py:914} INFO - Processing file /home/airflow/.local/lib/python3.12/site-packages/airflow/example_dags/example_latest_only.py for tasks to queue
[2025-03-19T00:00:56.134+0000] {logging_mixin.py:190} INFO - [2025-03-19T00:00:56.133+0000] {dagbag.py:588} INFO - Filling up the DagBag from /home/airflow/.local/lib/python3.12/site-packages/airflow/example_dags/example_latest_only.py
[2025-03-19T00:00:56.150+0000] {processor.py:925} INFO - DAG(s) 'latest_only' retrieved from /home/airflow/.local/lib/python3.12/site-packages/airflow/example_dags/example_latest_only.py
[2025-03-19T00:00:56.180+0000] {logging_mixin.py:190} INFO - [2025-03-19T00:00:56.180+0000] {dag.py:3239} INFO - Sync 1 DAGs
[2025-03-19T00:00:56.225+0000] {logging_mixin.py:190} INFO - [2025-03-19T00:00:56.224+0000] {dag.py:4180} INFO - Setting next_dagrun for latest_only to 2025-03-18 20:00:00+00:00, run_after=2025-03-19 00:00:00+00:00
[2025-03-19T00:00:56.262+0000] {processor.py:208} INFO - Processing /home/airflow/.local/lib/python3.12/site-packages/airflow/example_dags/example_latest_only.py took 0.150 seconds
[2025-03-19T00:01:27.095+0000] {processor.py:186} INFO - Started process (PID=2269) to work on /home/airflow/.local/lib/python3.12/site-packages/airflow/example_dags/example_latest_only.py
[2025-03-19T00:01:27.095+0000] {processor.py:914} INFO - Processing file /home/airflow/.local/lib/python3.12/site-packages/airflow/example_dags/example_latest_only.py for tasks to queue
[2025-03-19T00:01:27.096+0000] {logging_mixin.py:190} INFO - [2025-03-19T00:01:27.096+0000] {dagbag.py:588} INFO - Filling up the DagBag from /home/airflow/.local/lib/python3.12/site-packages/airflow/example_dags/example_latest_only.py
[2025-03-19T00:01:27.101+0000] {processor.py:925} INFO - DAG(s) 'latest_only' retrieved from /home/airflow/.local/lib/python3.12/site-packages/airflow/example_dags/example_latest_only.py
[2025-03-19T00:01:27.112+0000] {logging_mixin.py:190} INFO - [2025-03-19T00:01:27.112+0000] {dag.py:3239} INFO - Sync 1 DAGs
[2025-03-19T00:01:27.123+0000] {logging_mixin.py:190} INFO - [2025-03-19T00:01:27.123+0000] {dag.py:4180} INFO - Setting next_dagrun for latest_only to 2025-03-18 20:00:00+00:00, run_after=2025-03-19 00:00:00+00:00
[2025-03-19T00:01:27.130+0000] {processor.py:208} INFO - Processing /home/airflow/.local/lib/python3.12/site-packages/airflow/example_dags/example_latest_only.py took 0.038 seconds
[2025-03-19T00:02:01.781+0000] {processor.py:186} INFO - Started process (PID=2335) to work on /home/airflow/.local/lib/python3.12/site-packages/airflow/example_dags/example_latest_only.py
[2025-03-19T00:02:01.783+0000] {processor.py:914} INFO - Processing file /home/airflow/.local/lib/python3.12/site-packages/airflow/example_dags/example_latest_only.py for tasks to queue
[2025-03-19T00:02:01.788+0000] {logging_mixin.py:190} INFO - [2025-03-19T00:02:01.788+0000] {dagbag.py:588} INFO - Filling up the DagBag from /home/airflow/.local/lib/python3.12/site-packages/airflow/example_dags/example_latest_only.py
[2025-03-19T00:02:01.819+0000] {processor.py:925} INFO - DAG(s) 'latest_only' retrieved from /home/airflow/.local/lib/python3.12/site-packages/airflow/example_dags/example_latest_only.py
[2025-03-19T00:02:01.863+0000] {logging_mixin.py:190} INFO - [2025-03-19T00:02:01.863+0000] {dag.py:3239} INFO - Sync 1 DAGs
[2025-03-19T00:02:01.921+0000] {logging_mixin.py:190} INFO - [2025-03-19T00:02:01.920+0000] {dag.py:4180} INFO - Setting next_dagrun for latest_only to 2025-03-18 20:00:00+00:00, run_after=2025-03-19 00:00:00+00:00
[2025-03-19T00:02:01.963+0000] {processor.py:208} INFO - Processing /home/airflow/.local/lib/python3.12/site-packages/airflow/example_dags/example_latest_only.py took 0.197 seconds
[2025-03-19T00:02:32.992+0000] {processor.py:186} INFO - Started process (PID=2406) to work on /home/airflow/.local/lib/python3.12/site-packages/airflow/example_dags/example_latest_only.py
[2025-03-19T00:02:32.994+0000] {processor.py:914} INFO - Processing file /home/airflow/.local/lib/python3.12/site-packages/airflow/example_dags/example_latest_only.py for tasks to queue
[2025-03-19T00:02:33.012+0000] {logging_mixin.py:190} INFO - [2025-03-19T00:02:33.009+0000] {dagbag.py:588} INFO - Filling up the DagBag from /home/airflow/.local/lib/python3.12/site-packages/airflow/example_dags/example_latest_only.py
[2025-03-19T00:02:33.038+0000] {processor.py:925} INFO - DAG(s) 'latest_only' retrieved from /home/airflow/.local/lib/python3.12/site-packages/airflow/example_dags/example_latest_only.py
[2025-03-19T00:02:33.060+0000] {logging_mixin.py:190} INFO - [2025-03-19T00:02:33.060+0000] {dag.py:3239} INFO - Sync 1 DAGs
[2025-03-19T00:02:33.079+0000] {logging_mixin.py:190} INFO - [2025-03-19T00:02:33.079+0000] {dag.py:4180} INFO - Setting next_dagrun for latest_only to 2025-03-18 20:00:00+00:00, run_after=2025-03-19 00:00:00+00:00
[2025-03-19T00:02:33.093+0000] {processor.py:208} INFO - Processing /home/airflow/.local/lib/python3.12/site-packages/airflow/example_dags/example_latest_only.py took 0.112 seconds
[2025-03-19T00:03:03.379+0000] {processor.py:186} INFO - Started process (PID=2478) to work on /home/airflow/.local/lib/python3.12/site-packages/airflow/example_dags/example_latest_only.py
[2025-03-19T00:03:03.380+0000] {processor.py:914} INFO - Processing file /home/airflow/.local/lib/python3.12/site-packages/airflow/example_dags/example_latest_only.py for tasks to queue
[2025-03-19T00:03:03.389+0000] {logging_mixin.py:190} INFO - [2025-03-19T00:03:03.388+0000] {dagbag.py:588} INFO - Filling up the DagBag from /home/airflow/.local/lib/python3.12/site-packages/airflow/example_dags/example_latest_only.py
[2025-03-19T00:03:03.401+0000] {processor.py:925} INFO - DAG(s) 'latest_only' retrieved from /home/airflow/.local/lib/python3.12/site-packages/airflow/example_dags/example_latest_only.py
[2025-03-19T00:03:03.427+0000] {logging_mixin.py:190} INFO - [2025-03-19T00:03:03.427+0000] {dag.py:3239} INFO - Sync 1 DAGs
[2025-03-19T00:03:03.462+0000] {logging_mixin.py:190} INFO - [2025-03-19T00:03:03.462+0000] {dag.py:4180} INFO - Setting next_dagrun for latest_only to 2025-03-18 20:00:00+00:00, run_after=2025-03-19 00:00:00+00:00
[2025-03-19T00:03:03.476+0000] {processor.py:208} INFO - Processing /home/airflow/.local/lib/python3.12/site-packages/airflow/example_dags/example_latest_only.py took 0.112 seconds
[2025-03-19T00:03:34.325+0000] {processor.py:186} INFO - Started process (PID=2550) to work on /home/airflow/.local/lib/python3.12/site-packages/airflow/example_dags/example_latest_only.py
[2025-03-19T00:03:34.326+0000] {processor.py:914} INFO - Processing file /home/airflow/.local/lib/python3.12/site-packages/airflow/example_dags/example_latest_only.py for tasks to queue
[2025-03-19T00:03:34.329+0000] {logging_mixin.py:190} INFO - [2025-03-19T00:03:34.329+0000] {dagbag.py:588} INFO - Filling up the DagBag from /home/airflow/.local/lib/python3.12/site-packages/airflow/example_dags/example_latest_only.py
[2025-03-19T00:03:34.337+0000] {processor.py:925} INFO - DAG(s) 'latest_only' retrieved from /home/airflow/.local/lib/python3.12/site-packages/airflow/example_dags/example_latest_only.py
[2025-03-19T00:03:34.355+0000] {logging_mixin.py:190} INFO - [2025-03-19T00:03:34.355+0000] {dag.py:3239} INFO - Sync 1 DAGs
[2025-03-19T00:03:34.399+0000] {logging_mixin.py:190} INFO - [2025-03-19T00:03:34.399+0000] {dag.py:4180} INFO - Setting next_dagrun for latest_only to 2025-03-18 20:00:00+00:00, run_after=2025-03-19 00:00:00+00:00
[2025-03-19T00:03:34.423+0000] {processor.py:208} INFO - Processing /home/airflow/.local/lib/python3.12/site-packages/airflow/example_dags/example_latest_only.py took 0.104 seconds
[2025-03-19T00:04:04.604+0000] {processor.py:186} INFO - Started process (PID=2622) to work on /home/airflow/.local/lib/python3.12/site-packages/airflow/example_dags/example_latest_only.py
[2025-03-19T00:04:04.608+0000] {processor.py:914} INFO - Processing file /home/airflow/.local/lib/python3.12/site-packages/airflow/example_dags/example_latest_only.py for tasks to queue
[2025-03-19T00:04:04.609+0000] {logging_mixin.py:190} INFO - [2025-03-19T00:04:04.609+0000] {dagbag.py:588} INFO - Filling up the DagBag from /home/airflow/.local/lib/python3.12/site-packages/airflow/example_dags/example_latest_only.py
[2025-03-19T00:04:04.619+0000] {processor.py:925} INFO - DAG(s) 'latest_only' retrieved from /home/airflow/.local/lib/python3.12/site-packages/airflow/example_dags/example_latest_only.py
[2025-03-19T00:04:04.649+0000] {logging_mixin.py:190} INFO - [2025-03-19T00:04:04.648+0000] {dag.py:3239} INFO - Sync 1 DAGs
[2025-03-19T00:04:04.679+0000] {logging_mixin.py:190} INFO - [2025-03-19T00:04:04.679+0000] {dag.py:4180} INFO - Setting next_dagrun for latest_only to 2025-03-18 20:00:00+00:00, run_after=2025-03-19 00:00:00+00:00
[2025-03-19T00:04:04.714+0000] {processor.py:208} INFO - Processing /home/airflow/.local/lib/python3.12/site-packages/airflow/example_dags/example_latest_only.py took 0.122 seconds
[2025-03-19T00:04:35.498+0000] {processor.py:186} INFO - Started process (PID=2694) to work on /home/airflow/.local/lib/python3.12/site-packages/airflow/example_dags/example_latest_only.py
[2025-03-19T00:04:35.499+0000] {processor.py:914} INFO - Processing file /home/airflow/.local/lib/python3.12/site-packages/airflow/example_dags/example_latest_only.py for tasks to queue
[2025-03-19T00:04:35.501+0000] {logging_mixin.py:190} INFO - [2025-03-19T00:04:35.500+0000] {dagbag.py:588} INFO - Filling up the DagBag from /home/airflow/.local/lib/python3.12/site-packages/airflow/example_dags/example_latest_only.py
[2025-03-19T00:04:35.505+0000] {processor.py:925} INFO - DAG(s) 'latest_only' retrieved from /home/airflow/.local/lib/python3.12/site-packages/airflow/example_dags/example_latest_only.py
[2025-03-19T00:04:35.521+0000] {logging_mixin.py:190} INFO - [2025-03-19T00:04:35.520+0000] {dag.py:3239} INFO - Sync 1 DAGs
[2025-03-19T00:04:35.533+0000] {logging_mixin.py:190} INFO - [2025-03-19T00:04:35.533+0000] {dag.py:4180} INFO - Setting next_dagrun for latest_only to 2025-03-18 20:00:00+00:00, run_after=2025-03-19 00:00:00+00:00
[2025-03-19T00:04:35.543+0000] {processor.py:208} INFO - Processing /home/airflow/.local/lib/python3.12/site-packages/airflow/example_dags/example_latest_only.py took 0.048 seconds
[2025-03-19T00:05:06.205+0000] {processor.py:186} INFO - Started process (PID=2764) to work on /home/airflow/.local/lib/python3.12/site-packages/airflow/example_dags/example_latest_only.py
[2025-03-19T00:05:06.205+0000] {processor.py:914} INFO - Processing file /home/airflow/.local/lib/python3.12/site-packages/airflow/example_dags/example_latest_only.py for tasks to queue
[2025-03-19T00:05:06.207+0000] {logging_mixin.py:190} INFO - [2025-03-19T00:05:06.207+0000] {dagbag.py:588} INFO - Filling up the DagBag from /home/airflow/.local/lib/python3.12/site-packages/airflow/example_dags/example_latest_only.py
[2025-03-19T00:05:06.212+0000] {processor.py:925} INFO - DAG(s) 'latest_only' retrieved from /home/airflow/.local/lib/python3.12/site-packages/airflow/example_dags/example_latest_only.py
[2025-03-19T00:05:06.225+0000] {logging_mixin.py:190} INFO - [2025-03-19T00:05:06.225+0000] {dag.py:3239} INFO - Sync 1 DAGs
[2025-03-19T00:05:06.252+0000] {logging_mixin.py:190} INFO - [2025-03-19T00:05:06.252+0000] {dag.py:4180} INFO - Setting next_dagrun for latest_only to 2025-03-18 20:00:00+00:00, run_after=2025-03-19 00:00:00+00:00
[2025-03-19T00:05:06.265+0000] {processor.py:208} INFO - Processing /home/airflow/.local/lib/python3.12/site-packages/airflow/example_dags/example_latest_only.py took 0.064 seconds
[2025-03-19T00:05:36.871+0000] {processor.py:186} INFO - Started process (PID=2836) to work on /home/airflow/.local/lib/python3.12/site-packages/airflow/example_dags/example_latest_only.py
[2025-03-19T00:05:36.872+0000] {processor.py:914} INFO - Processing file /home/airflow/.local/lib/python3.12/site-packages/airflow/example_dags/example_latest_only.py for tasks to queue
[2025-03-19T00:05:36.876+0000] {logging_mixin.py:190} INFO - [2025-03-19T00:05:36.875+0000] {dagbag.py:588} INFO - Filling up the DagBag from /home/airflow/.local/lib/python3.12/site-packages/airflow/example_dags/example_latest_only.py
[2025-03-19T00:05:36.881+0000] {processor.py:925} INFO - DAG(s) 'latest_only' retrieved from /home/airflow/.local/lib/python3.12/site-packages/airflow/example_dags/example_latest_only.py
[2025-03-19T00:05:36.892+0000] {logging_mixin.py:190} INFO - [2025-03-19T00:05:36.891+0000] {dag.py:3239} INFO - Sync 1 DAGs
[2025-03-19T00:05:36.905+0000] {logging_mixin.py:190} INFO - [2025-03-19T00:05:36.905+0000] {dag.py:4180} INFO - Setting next_dagrun for latest_only to 2025-03-18 20:00:00+00:00, run_after=2025-03-19 00:00:00+00:00
[2025-03-19T00:05:37.016+0000] {processor.py:208} INFO - Processing /home/airflow/.local/lib/python3.12/site-packages/airflow/example_dags/example_latest_only.py took 0.148 seconds
[2025-03-19T00:06:07.576+0000] {processor.py:186} INFO - Started process (PID=2908) to work on /home/airflow/.local/lib/python3.12/site-packages/airflow/example_dags/example_latest_only.py
[2025-03-19T00:06:07.576+0000] {processor.py:914} INFO - Processing file /home/airflow/.local/lib/python3.12/site-packages/airflow/example_dags/example_latest_only.py for tasks to queue
[2025-03-19T00:06:07.578+0000] {logging_mixin.py:190} INFO - [2025-03-19T00:06:07.577+0000] {dagbag.py:588} INFO - Filling up the DagBag from /home/airflow/.local/lib/python3.12/site-packages/airflow/example_dags/example_latest_only.py
[2025-03-19T00:06:07.582+0000] {processor.py:925} INFO - DAG(s) 'latest_only' retrieved from /home/airflow/.local/lib/python3.12/site-packages/airflow/example_dags/example_latest_only.py
[2025-03-19T00:06:07.593+0000] {logging_mixin.py:190} INFO - [2025-03-19T00:06:07.593+0000] {dag.py:3239} INFO - Sync 1 DAGs
[2025-03-19T00:06:07.737+0000] {logging_mixin.py:190} INFO - [2025-03-19T00:06:07.736+0000] {dag.py:4180} INFO - Setting next_dagrun for latest_only to 2025-03-18 20:00:00+00:00, run_after=2025-03-19 00:00:00+00:00
[2025-03-19T00:06:07.753+0000] {processor.py:208} INFO - Processing /home/airflow/.local/lib/python3.12/site-packages/airflow/example_dags/example_latest_only.py took 0.180 seconds
[2025-03-19T00:06:39.020+0000] {processor.py:186} INFO - Started process (PID=2980) to work on /home/airflow/.local/lib/python3.12/site-packages/airflow/example_dags/example_latest_only.py
[2025-03-19T00:06:39.021+0000] {processor.py:914} INFO - Processing file /home/airflow/.local/lib/python3.12/site-packages/airflow/example_dags/example_latest_only.py for tasks to queue
[2025-03-19T00:06:39.024+0000] {logging_mixin.py:190} INFO - [2025-03-19T00:06:39.024+0000] {dagbag.py:588} INFO - Filling up the DagBag from /home/airflow/.local/lib/python3.12/site-packages/airflow/example_dags/example_latest_only.py
[2025-03-19T00:06:39.034+0000] {processor.py:925} INFO - DAG(s) 'latest_only' retrieved from /home/airflow/.local/lib/python3.12/site-packages/airflow/example_dags/example_latest_only.py
[2025-03-19T00:06:39.056+0000] {logging_mixin.py:190} INFO - [2025-03-19T00:06:39.056+0000] {dag.py:3239} INFO - Sync 1 DAGs
[2025-03-19T00:06:39.247+0000] {logging_mixin.py:190} INFO - [2025-03-19T00:06:39.247+0000] {dag.py:4180} INFO - Setting next_dagrun for latest_only to 2025-03-18 20:00:00+00:00, run_after=2025-03-19 00:00:00+00:00
[2025-03-19T00:06:39.264+0000] {processor.py:208} INFO - Processing /home/airflow/.local/lib/python3.12/site-packages/airflow/example_dags/example_latest_only.py took 0.248 seconds
[2025-03-19T00:07:09.523+0000] {processor.py:186} INFO - Started process (PID=3052) to work on /home/airflow/.local/lib/python3.12/site-packages/airflow/example_dags/example_latest_only.py
[2025-03-19T00:07:09.524+0000] {processor.py:914} INFO - Processing file /home/airflow/.local/lib/python3.12/site-packages/airflow/example_dags/example_latest_only.py for tasks to queue
[2025-03-19T00:07:09.526+0000] {logging_mixin.py:190} INFO - [2025-03-19T00:07:09.526+0000] {dagbag.py:588} INFO - Filling up the DagBag from /home/airflow/.local/lib/python3.12/site-packages/airflow/example_dags/example_latest_only.py
[2025-03-19T00:07:09.530+0000] {processor.py:925} INFO - DAG(s) 'latest_only' retrieved from /home/airflow/.local/lib/python3.12/site-packages/airflow/example_dags/example_latest_only.py
[2025-03-19T00:07:09.677+0000] {logging_mixin.py:190} INFO - [2025-03-19T00:07:09.677+0000] {dag.py:3239} INFO - Sync 1 DAGs
[2025-03-19T00:07:09.695+0000] {logging_mixin.py:190} INFO - [2025-03-19T00:07:09.695+0000] {dag.py:4180} INFO - Setting next_dagrun for latest_only to 2025-03-18 20:00:00+00:00, run_after=2025-03-19 00:00:00+00:00
[2025-03-19T00:07:09.715+0000] {processor.py:208} INFO - Processing /home/airflow/.local/lib/python3.12/site-packages/airflow/example_dags/example_latest_only.py took 0.194 seconds
[2025-03-19T00:07:40.720+0000] {processor.py:186} INFO - Started process (PID=3124) to work on /home/airflow/.local/lib/python3.12/site-packages/airflow/example_dags/example_latest_only.py
[2025-03-19T00:07:40.723+0000] {processor.py:914} INFO - Processing file /home/airflow/.local/lib/python3.12/site-packages/airflow/example_dags/example_latest_only.py for tasks to queue
[2025-03-19T00:07:40.727+0000] {logging_mixin.py:190} INFO - [2025-03-19T00:07:40.725+0000] {dagbag.py:588} INFO - Filling up the DagBag from /home/airflow/.local/lib/python3.12/site-packages/airflow/example_dags/example_latest_only.py
[2025-03-19T00:07:40.745+0000] {processor.py:925} INFO - DAG(s) 'latest_only' retrieved from /home/airflow/.local/lib/python3.12/site-packages/airflow/example_dags/example_latest_only.py
[2025-03-19T00:07:40.784+0000] {logging_mixin.py:190} INFO - [2025-03-19T00:07:40.783+0000] {dag.py:3239} INFO - Sync 1 DAGs
[2025-03-19T00:07:40.900+0000] {logging_mixin.py:190} INFO - [2025-03-19T00:07:40.900+0000] {dag.py:4180} INFO - Setting next_dagrun for latest_only to 2025-03-18 20:00:00+00:00, run_after=2025-03-19 00:00:00+00:00
[2025-03-19T00:07:41.040+0000] {processor.py:208} INFO - Processing /home/airflow/.local/lib/python3.12/site-packages/airflow/example_dags/example_latest_only.py took 0.330 seconds
[2025-03-19T00:08:11.546+0000] {processor.py:186} INFO - Started process (PID=3196) to work on /home/airflow/.local/lib/python3.12/site-packages/airflow/example_dags/example_latest_only.py
[2025-03-19T00:08:11.550+0000] {processor.py:914} INFO - Processing file /home/airflow/.local/lib/python3.12/site-packages/airflow/example_dags/example_latest_only.py for tasks to queue
[2025-03-19T00:08:11.570+0000] {logging_mixin.py:190} INFO - [2025-03-19T00:08:11.569+0000] {dagbag.py:588} INFO - Filling up the DagBag from /home/airflow/.local/lib/python3.12/site-packages/airflow/example_dags/example_latest_only.py
[2025-03-19T00:08:11.593+0000] {processor.py:925} INFO - DAG(s) 'latest_only' retrieved from /home/airflow/.local/lib/python3.12/site-packages/airflow/example_dags/example_latest_only.py
[2025-03-19T00:08:11.631+0000] {logging_mixin.py:190} INFO - [2025-03-19T00:08:11.631+0000] {dag.py:3239} INFO - Sync 1 DAGs
[2025-03-19T00:08:11.695+0000] {logging_mixin.py:190} INFO - [2025-03-19T00:08:11.695+0000] {dag.py:4180} INFO - Setting next_dagrun for latest_only to 2025-03-18 20:00:00+00:00, run_after=2025-03-19 00:00:00+00:00
[2025-03-19T00:08:11.714+0000] {processor.py:208} INFO - Processing /home/airflow/.local/lib/python3.12/site-packages/airflow/example_dags/example_latest_only.py took 0.181 seconds
[2025-03-19T00:08:42.138+0000] {processor.py:186} INFO - Started process (PID=3268) to work on /home/airflow/.local/lib/python3.12/site-packages/airflow/example_dags/example_latest_only.py
[2025-03-19T00:08:42.139+0000] {processor.py:914} INFO - Processing file /home/airflow/.local/lib/python3.12/site-packages/airflow/example_dags/example_latest_only.py for tasks to queue
[2025-03-19T00:08:42.144+0000] {logging_mixin.py:190} INFO - [2025-03-19T00:08:42.144+0000] {dagbag.py:588} INFO - Filling up the DagBag from /home/airflow/.local/lib/python3.12/site-packages/airflow/example_dags/example_latest_only.py
[2025-03-19T00:08:42.152+0000] {processor.py:925} INFO - DAG(s) 'latest_only' retrieved from /home/airflow/.local/lib/python3.12/site-packages/airflow/example_dags/example_latest_only.py
[2025-03-19T00:08:42.179+0000] {logging_mixin.py:190} INFO - [2025-03-19T00:08:42.179+0000] {dag.py:3239} INFO - Sync 1 DAGs
[2025-03-19T00:08:42.207+0000] {logging_mixin.py:190} INFO - [2025-03-19T00:08:42.207+0000] {dag.py:4180} INFO - Setting next_dagrun for latest_only to 2025-03-18 20:00:00+00:00, run_after=2025-03-19 00:00:00+00:00
[2025-03-19T00:08:42.347+0000] {processor.py:208} INFO - Processing /home/airflow/.local/lib/python3.12/site-packages/airflow/example_dags/example_latest_only.py took 0.223 seconds
[2025-03-19T00:09:13.213+0000] {processor.py:186} INFO - Started process (PID=3340) to work on /home/airflow/.local/lib/python3.12/site-packages/airflow/example_dags/example_latest_only.py
[2025-03-19T00:09:13.221+0000] {processor.py:914} INFO - Processing file /home/airflow/.local/lib/python3.12/site-packages/airflow/example_dags/example_latest_only.py for tasks to queue
[2025-03-19T00:09:13.232+0000] {logging_mixin.py:190} INFO - [2025-03-19T00:09:13.231+0000] {dagbag.py:588} INFO - Filling up the DagBag from /home/airflow/.local/lib/python3.12/site-packages/airflow/example_dags/example_latest_only.py
[2025-03-19T00:09:13.282+0000] {processor.py:925} INFO - DAG(s) 'latest_only' retrieved from /home/airflow/.local/lib/python3.12/site-packages/airflow/example_dags/example_latest_only.py
[2025-03-19T00:09:13.349+0000] {logging_mixin.py:190} INFO - [2025-03-19T00:09:13.349+0000] {dag.py:3239} INFO - Sync 1 DAGs
[2025-03-19T00:09:13.393+0000] {logging_mixin.py:190} INFO - [2025-03-19T00:09:13.393+0000] {dag.py:4180} INFO - Setting next_dagrun for latest_only to 2025-03-18 20:00:00+00:00, run_after=2025-03-19 00:00:00+00:00
[2025-03-19T00:09:13.437+0000] {processor.py:208} INFO - Processing /home/airflow/.local/lib/python3.12/site-packages/airflow/example_dags/example_latest_only.py took 0.233 seconds
[2025-03-19T00:09:43.541+0000] {processor.py:186} INFO - Started process (PID=3412) to work on /home/airflow/.local/lib/python3.12/site-packages/airflow/example_dags/example_latest_only.py
[2025-03-19T00:09:43.543+0000] {processor.py:914} INFO - Processing file /home/airflow/.local/lib/python3.12/site-packages/airflow/example_dags/example_latest_only.py for tasks to queue
[2025-03-19T00:09:43.545+0000] {logging_mixin.py:190} INFO - [2025-03-19T00:09:43.545+0000] {dagbag.py:588} INFO - Filling up the DagBag from /home/airflow/.local/lib/python3.12/site-packages/airflow/example_dags/example_latest_only.py
[2025-03-19T00:09:43.548+0000] {processor.py:925} INFO - DAG(s) 'latest_only' retrieved from /home/airflow/.local/lib/python3.12/site-packages/airflow/example_dags/example_latest_only.py
[2025-03-19T00:09:43.556+0000] {logging_mixin.py:190} INFO - [2025-03-19T00:09:43.556+0000] {dag.py:3239} INFO - Sync 1 DAGs
[2025-03-19T00:09:43.566+0000] {logging_mixin.py:190} INFO - [2025-03-19T00:09:43.566+0000] {dag.py:4180} INFO - Setting next_dagrun for latest_only to 2025-03-18 20:00:00+00:00, run_after=2025-03-19 00:00:00+00:00
[2025-03-19T00:09:43.572+0000] {processor.py:208} INFO - Processing /home/airflow/.local/lib/python3.12/site-packages/airflow/example_dags/example_latest_only.py took 0.034 seconds
[2025-03-19T00:10:15.283+0000] {processor.py:186} INFO - Started process (PID=3483) to work on /home/airflow/.local/lib/python3.12/site-packages/airflow/example_dags/example_latest_only.py
[2025-03-19T00:10:15.284+0000] {processor.py:914} INFO - Processing file /home/airflow/.local/lib/python3.12/site-packages/airflow/example_dags/example_latest_only.py for tasks to queue
[2025-03-19T00:10:15.301+0000] {logging_mixin.py:190} INFO - [2025-03-19T00:10:15.300+0000] {dagbag.py:588} INFO - Filling up the DagBag from /home/airflow/.local/lib/python3.12/site-packages/airflow/example_dags/example_latest_only.py
[2025-03-19T00:10:15.331+0000] {processor.py:925} INFO - DAG(s) 'latest_only' retrieved from /home/airflow/.local/lib/python3.12/site-packages/airflow/example_dags/example_latest_only.py
[2025-03-19T00:10:15.388+0000] {logging_mixin.py:190} INFO - [2025-03-19T00:10:15.387+0000] {dag.py:3239} INFO - Sync 1 DAGs
[2025-03-19T00:10:15.425+0000] {logging_mixin.py:190} INFO - [2025-03-19T00:10:15.425+0000] {dag.py:4180} INFO - Setting next_dagrun for latest_only to 2025-03-18 20:00:00+00:00, run_after=2025-03-19 00:00:00+00:00
[2025-03-19T00:10:15.460+0000] {processor.py:208} INFO - Processing /home/airflow/.local/lib/python3.12/site-packages/airflow/example_dags/example_latest_only.py took 0.192 seconds
[2025-03-19T00:10:46.391+0000] {processor.py:186} INFO - Started process (PID=3555) to work on /home/airflow/.local/lib/python3.12/site-packages/airflow/example_dags/example_latest_only.py
[2025-03-19T00:10:46.394+0000] {processor.py:914} INFO - Processing file /home/airflow/.local/lib/python3.12/site-packages/airflow/example_dags/example_latest_only.py for tasks to queue
[2025-03-19T00:10:46.408+0000] {logging_mixin.py:190} INFO - [2025-03-19T00:10:46.407+0000] {dagbag.py:588} INFO - Filling up the DagBag from /home/airflow/.local/lib/python3.12/site-packages/airflow/example_dags/example_latest_only.py
[2025-03-19T00:10:46.419+0000] {processor.py:925} INFO - DAG(s) 'latest_only' retrieved from /home/airflow/.local/lib/python3.12/site-packages/airflow/example_dags/example_latest_only.py
[2025-03-19T00:10:46.469+0000] {logging_mixin.py:190} INFO - [2025-03-19T00:10:46.468+0000] {dag.py:3239} INFO - Sync 1 DAGs
[2025-03-19T00:10:46.525+0000] {logging_mixin.py:190} INFO - [2025-03-19T00:10:46.525+0000] {dag.py:4180} INFO - Setting next_dagrun for latest_only to 2025-03-18 20:00:00+00:00, run_after=2025-03-19 00:00:00+00:00
[2025-03-19T00:10:46.569+0000] {processor.py:208} INFO - Processing /home/airflow/.local/lib/python3.12/site-packages/airflow/example_dags/example_latest_only.py took 0.190 seconds
[2025-03-19T00:11:48.210+0000] {processor.py:186} INFO - Started process (PID=3699) to work on /home/airflow/.local/lib/python3.12/site-packages/airflow/example_dags/example_latest_only.py
[2025-03-19T00:11:48.222+0000] {processor.py:914} INFO - Processing file /home/airflow/.local/lib/python3.12/site-packages/airflow/example_dags/example_latest_only.py for tasks to queue
[2025-03-19T00:11:48.239+0000] {logging_mixin.py:190} INFO - [2025-03-19T00:11:48.238+0000] {dagbag.py:588} INFO - Filling up the DagBag from /home/airflow/.local/lib/python3.12/site-packages/airflow/example_dags/example_latest_only.py
[2025-03-19T00:11:48.292+0000] {processor.py:925} INFO - DAG(s) 'latest_only' retrieved from /home/airflow/.local/lib/python3.12/site-packages/airflow/example_dags/example_latest_only.py
[2025-03-19T00:11:48.394+0000] {logging_mixin.py:190} INFO - [2025-03-19T00:11:48.394+0000] {dag.py:3239} INFO - Sync 1 DAGs
[2025-03-19T00:11:48.448+0000] {logging_mixin.py:190} INFO - [2025-03-19T00:11:48.448+0000] {dag.py:4180} INFO - Setting next_dagrun for latest_only to 2025-03-18 20:00:00+00:00, run_after=2025-03-19 00:00:00+00:00
[2025-03-19T00:11:48.504+0000] {processor.py:208} INFO - Processing /home/airflow/.local/lib/python3.12/site-packages/airflow/example_dags/example_latest_only.py took 0.300 seconds
[2025-03-19T00:12:19.329+0000] {processor.py:186} INFO - Started process (PID=3771) to work on /home/airflow/.local/lib/python3.12/site-packages/airflow/example_dags/example_latest_only.py
[2025-03-19T00:12:19.330+0000] {processor.py:914} INFO - Processing file /home/airflow/.local/lib/python3.12/site-packages/airflow/example_dags/example_latest_only.py for tasks to queue
[2025-03-19T00:12:19.332+0000] {logging_mixin.py:190} INFO - [2025-03-19T00:12:19.332+0000] {dagbag.py:588} INFO - Filling up the DagBag from /home/airflow/.local/lib/python3.12/site-packages/airflow/example_dags/example_latest_only.py
[2025-03-19T00:12:19.337+0000] {processor.py:925} INFO - DAG(s) 'latest_only' retrieved from /home/airflow/.local/lib/python3.12/site-packages/airflow/example_dags/example_latest_only.py
[2025-03-19T00:12:19.351+0000] {logging_mixin.py:190} INFO - [2025-03-19T00:12:19.350+0000] {dag.py:3239} INFO - Sync 1 DAGs
[2025-03-19T00:12:19.362+0000] {logging_mixin.py:190} INFO - [2025-03-19T00:12:19.362+0000] {dag.py:4180} INFO - Setting next_dagrun for latest_only to 2025-03-18 20:00:00+00:00, run_after=2025-03-19 00:00:00+00:00
[2025-03-19T00:12:19.373+0000] {processor.py:208} INFO - Processing /home/airflow/.local/lib/python3.12/site-packages/airflow/example_dags/example_latest_only.py took 0.050 seconds
[2025-03-19T00:12:49.591+0000] {processor.py:186} INFO - Started process (PID=3843) to work on /home/airflow/.local/lib/python3.12/site-packages/airflow/example_dags/example_latest_only.py
[2025-03-19T00:12:49.593+0000] {processor.py:914} INFO - Processing file /home/airflow/.local/lib/python3.12/site-packages/airflow/example_dags/example_latest_only.py for tasks to queue
[2025-03-19T00:12:49.601+0000] {logging_mixin.py:190} INFO - [2025-03-19T00:12:49.601+0000] {dagbag.py:588} INFO - Filling up the DagBag from /home/airflow/.local/lib/python3.12/site-packages/airflow/example_dags/example_latest_only.py
[2025-03-19T00:12:49.612+0000] {processor.py:925} INFO - DAG(s) 'latest_only' retrieved from /home/airflow/.local/lib/python3.12/site-packages/airflow/example_dags/example_latest_only.py
[2025-03-19T00:12:49.639+0000] {logging_mixin.py:190} INFO - [2025-03-19T00:12:49.639+0000] {dag.py:3239} INFO - Sync 1 DAGs
[2025-03-19T00:12:49.660+0000] {logging_mixin.py:190} INFO - [2025-03-19T00:12:49.660+0000] {dag.py:4180} INFO - Setting next_dagrun for latest_only to 2025-03-18 20:00:00+00:00, run_after=2025-03-19 00:00:00+00:00
[2025-03-19T00:12:49.692+0000] {processor.py:208} INFO - Processing /home/airflow/.local/lib/python3.12/site-packages/airflow/example_dags/example_latest_only.py took 0.107 seconds
[2025-03-19T00:13:19.930+0000] {processor.py:186} INFO - Started process (PID=3915) to work on /home/airflow/.local/lib/python3.12/site-packages/airflow/example_dags/example_latest_only.py
[2025-03-19T00:13:19.935+0000] {processor.py:914} INFO - Processing file /home/airflow/.local/lib/python3.12/site-packages/airflow/example_dags/example_latest_only.py for tasks to queue
[2025-03-19T00:13:19.940+0000] {logging_mixin.py:190} INFO - [2025-03-19T00:13:19.939+0000] {dagbag.py:588} INFO - Filling up the DagBag from /home/airflow/.local/lib/python3.12/site-packages/airflow/example_dags/example_latest_only.py
[2025-03-19T00:13:19.953+0000] {processor.py:925} INFO - DAG(s) 'latest_only' retrieved from /home/airflow/.local/lib/python3.12/site-packages/airflow/example_dags/example_latest_only.py
[2025-03-19T00:13:19.981+0000] {logging_mixin.py:190} INFO - [2025-03-19T00:13:19.981+0000] {dag.py:3239} INFO - Sync 1 DAGs
[2025-03-19T00:13:20.015+0000] {logging_mixin.py:190} INFO - [2025-03-19T00:13:20.015+0000] {dag.py:4180} INFO - Setting next_dagrun for latest_only to 2025-03-18 20:00:00+00:00, run_after=2025-03-19 00:00:00+00:00
[2025-03-19T00:13:20.072+0000] {processor.py:208} INFO - Processing /home/airflow/.local/lib/python3.12/site-packages/airflow/example_dags/example_latest_only.py took 0.148 seconds
