[2025-03-19T00:00:25.554+0000] {processor.py:186} INFO - Started process (PID=2133) to work on /home/airflow/.local/lib/python3.12/site-packages/airflow/example_dags/example_sensors.py
[2025-03-19T00:00:25.556+0000] {processor.py:914} INFO - Processing file /home/airflow/.local/lib/python3.12/site-packages/airflow/example_dags/example_sensors.py for tasks to queue
[2025-03-19T00:00:25.558+0000] {logging_mixin.py:190} INFO - [2025-03-19T00:00:25.558+0000] {dagbag.py:588} INFO - Filling up the DagBag from /home/airflow/.local/lib/python3.12/site-packages/airflow/example_dags/example_sensors.py
[2025-03-19T00:00:25.575+0000] {processor.py:925} INFO - DAG(s) 'example_sensors' retrieved from /home/airflow/.local/lib/python3.12/site-packages/airflow/example_dags/example_sensors.py
[2025-03-19T00:00:25.613+0000] {logging_mixin.py:190} INFO - [2025-03-19T00:00:25.612+0000] {dag.py:3239} INFO - Sync 1 DAGs
[2025-03-19T00:00:25.634+0000] {logging_mixin.py:190} INFO - [2025-03-19T00:00:25.634+0000] {dag.py:4180} INFO - Setting next_dagrun for example_sensors to None, run_after=None
[2025-03-19T00:00:25.663+0000] {processor.py:208} INFO - Processing /home/airflow/.local/lib/python3.12/site-packages/airflow/example_dags/example_sensors.py took 0.116 seconds
[2025-03-19T00:00:56.775+0000] {processor.py:186} INFO - Started process (PID=2204) to work on /home/airflow/.local/lib/python3.12/site-packages/airflow/example_dags/example_sensors.py
[2025-03-19T00:00:56.776+0000] {processor.py:914} INFO - Processing file /home/airflow/.local/lib/python3.12/site-packages/airflow/example_dags/example_sensors.py for tasks to queue
[2025-03-19T00:00:56.783+0000] {logging_mixin.py:190} INFO - [2025-03-19T00:00:56.782+0000] {dagbag.py:588} INFO - Filling up the DagBag from /home/airflow/.local/lib/python3.12/site-packages/airflow/example_dags/example_sensors.py
[2025-03-19T00:00:56.802+0000] {processor.py:925} INFO - DAG(s) 'example_sensors' retrieved from /home/airflow/.local/lib/python3.12/site-packages/airflow/example_dags/example_sensors.py
[2025-03-19T00:00:56.852+0000] {logging_mixin.py:190} INFO - [2025-03-19T00:00:56.851+0000] {dag.py:3239} INFO - Sync 1 DAGs
[2025-03-19T00:00:56.867+0000] {logging_mixin.py:190} INFO - [2025-03-19T00:00:56.867+0000] {dag.py:4180} INFO - Setting next_dagrun for example_sensors to None, run_after=None
[2025-03-19T00:00:56.891+0000] {processor.py:208} INFO - Processing /home/airflow/.local/lib/python3.12/site-packages/airflow/example_dags/example_sensors.py took 0.120 seconds
[2025-03-19T00:01:27.306+0000] {processor.py:186} INFO - Started process (PID=2276) to work on /home/airflow/.local/lib/python3.12/site-packages/airflow/example_dags/example_sensors.py
[2025-03-19T00:01:27.307+0000] {processor.py:914} INFO - Processing file /home/airflow/.local/lib/python3.12/site-packages/airflow/example_dags/example_sensors.py for tasks to queue
[2025-03-19T00:01:27.313+0000] {logging_mixin.py:190} INFO - [2025-03-19T00:01:27.312+0000] {dagbag.py:588} INFO - Filling up the DagBag from /home/airflow/.local/lib/python3.12/site-packages/airflow/example_dags/example_sensors.py
[2025-03-19T00:01:27.322+0000] {processor.py:925} INFO - DAG(s) 'example_sensors' retrieved from /home/airflow/.local/lib/python3.12/site-packages/airflow/example_dags/example_sensors.py
[2025-03-19T00:01:27.337+0000] {logging_mixin.py:190} INFO - [2025-03-19T00:01:27.337+0000] {dag.py:3239} INFO - Sync 1 DAGs
[2025-03-19T00:01:27.346+0000] {logging_mixin.py:190} INFO - [2025-03-19T00:01:27.346+0000] {dag.py:4180} INFO - Setting next_dagrun for example_sensors to None, run_after=None
[2025-03-19T00:01:27.355+0000] {processor.py:208} INFO - Processing /home/airflow/.local/lib/python3.12/site-packages/airflow/example_dags/example_sensors.py took 0.053 seconds
[2025-03-19T00:02:02.507+0000] {processor.py:186} INFO - Started process (PID=2342) to work on /home/airflow/.local/lib/python3.12/site-packages/airflow/example_dags/example_sensors.py
[2025-03-19T00:02:02.511+0000] {processor.py:914} INFO - Processing file /home/airflow/.local/lib/python3.12/site-packages/airflow/example_dags/example_sensors.py for tasks to queue
[2025-03-19T00:02:02.515+0000] {logging_mixin.py:190} INFO - [2025-03-19T00:02:02.515+0000] {dagbag.py:588} INFO - Filling up the DagBag from /home/airflow/.local/lib/python3.12/site-packages/airflow/example_dags/example_sensors.py
[2025-03-19T00:02:02.546+0000] {processor.py:925} INFO - DAG(s) 'example_sensors' retrieved from /home/airflow/.local/lib/python3.12/site-packages/airflow/example_dags/example_sensors.py
[2025-03-19T00:02:02.595+0000] {logging_mixin.py:190} INFO - [2025-03-19T00:02:02.595+0000] {dag.py:3239} INFO - Sync 1 DAGs
[2025-03-19T00:02:02.614+0000] {logging_mixin.py:190} INFO - [2025-03-19T00:02:02.614+0000] {dag.py:4180} INFO - Setting next_dagrun for example_sensors to None, run_after=None
[2025-03-19T00:02:02.637+0000] {processor.py:208} INFO - Processing /home/airflow/.local/lib/python3.12/site-packages/airflow/example_dags/example_sensors.py took 0.138 seconds
[2025-03-19T00:02:33.226+0000] {processor.py:186} INFO - Started process (PID=2413) to work on /home/airflow/.local/lib/python3.12/site-packages/airflow/example_dags/example_sensors.py
[2025-03-19T00:02:33.227+0000] {processor.py:914} INFO - Processing file /home/airflow/.local/lib/python3.12/site-packages/airflow/example_dags/example_sensors.py for tasks to queue
[2025-03-19T00:02:33.228+0000] {logging_mixin.py:190} INFO - [2025-03-19T00:02:33.228+0000] {dagbag.py:588} INFO - Filling up the DagBag from /home/airflow/.local/lib/python3.12/site-packages/airflow/example_dags/example_sensors.py
[2025-03-19T00:02:33.233+0000] {processor.py:925} INFO - DAG(s) 'example_sensors' retrieved from /home/airflow/.local/lib/python3.12/site-packages/airflow/example_dags/example_sensors.py
[2025-03-19T00:02:33.249+0000] {logging_mixin.py:190} INFO - [2025-03-19T00:02:33.249+0000] {dag.py:3239} INFO - Sync 1 DAGs
[2025-03-19T00:02:33.256+0000] {logging_mixin.py:190} INFO - [2025-03-19T00:02:33.256+0000] {dag.py:4180} INFO - Setting next_dagrun for example_sensors to None, run_after=None
[2025-03-19T00:02:33.265+0000] {processor.py:208} INFO - Processing /home/airflow/.local/lib/python3.12/site-packages/airflow/example_dags/example_sensors.py took 0.041 seconds
[2025-03-19T00:03:04.259+0000] {processor.py:186} INFO - Started process (PID=2485) to work on /home/airflow/.local/lib/python3.12/site-packages/airflow/example_dags/example_sensors.py
[2025-03-19T00:03:04.261+0000] {processor.py:914} INFO - Processing file /home/airflow/.local/lib/python3.12/site-packages/airflow/example_dags/example_sensors.py for tasks to queue
[2025-03-19T00:03:04.266+0000] {logging_mixin.py:190} INFO - [2025-03-19T00:03:04.265+0000] {dagbag.py:588} INFO - Filling up the DagBag from /home/airflow/.local/lib/python3.12/site-packages/airflow/example_dags/example_sensors.py
[2025-03-19T00:03:04.280+0000] {processor.py:925} INFO - DAG(s) 'example_sensors' retrieved from /home/airflow/.local/lib/python3.12/site-packages/airflow/example_dags/example_sensors.py
[2025-03-19T00:03:04.309+0000] {logging_mixin.py:190} INFO - [2025-03-19T00:03:04.309+0000] {dag.py:3239} INFO - Sync 1 DAGs
[2025-03-19T00:03:04.327+0000] {logging_mixin.py:190} INFO - [2025-03-19T00:03:04.327+0000] {dag.py:4180} INFO - Setting next_dagrun for example_sensors to None, run_after=None
[2025-03-19T00:03:04.366+0000] {processor.py:208} INFO - Processing /home/airflow/.local/lib/python3.12/site-packages/airflow/example_dags/example_sensors.py took 0.114 seconds
[2025-03-19T00:03:34.784+0000] {processor.py:186} INFO - Started process (PID=2557) to work on /home/airflow/.local/lib/python3.12/site-packages/airflow/example_dags/example_sensors.py
[2025-03-19T00:03:34.785+0000] {processor.py:914} INFO - Processing file /home/airflow/.local/lib/python3.12/site-packages/airflow/example_dags/example_sensors.py for tasks to queue
[2025-03-19T00:03:34.786+0000] {logging_mixin.py:190} INFO - [2025-03-19T00:03:34.786+0000] {dagbag.py:588} INFO - Filling up the DagBag from /home/airflow/.local/lib/python3.12/site-packages/airflow/example_dags/example_sensors.py
[2025-03-19T00:03:34.795+0000] {processor.py:925} INFO - DAG(s) 'example_sensors' retrieved from /home/airflow/.local/lib/python3.12/site-packages/airflow/example_dags/example_sensors.py
[2025-03-19T00:03:34.813+0000] {logging_mixin.py:190} INFO - [2025-03-19T00:03:34.813+0000] {dag.py:3239} INFO - Sync 1 DAGs
[2025-03-19T00:03:34.825+0000] {logging_mixin.py:190} INFO - [2025-03-19T00:03:34.824+0000] {dag.py:4180} INFO - Setting next_dagrun for example_sensors to None, run_after=None
[2025-03-19T00:03:34.852+0000] {processor.py:208} INFO - Processing /home/airflow/.local/lib/python3.12/site-packages/airflow/example_dags/example_sensors.py took 0.072 seconds
[2025-03-19T00:04:05.101+0000] {processor.py:186} INFO - Started process (PID=2629) to work on /home/airflow/.local/lib/python3.12/site-packages/airflow/example_dags/example_sensors.py
[2025-03-19T00:04:05.102+0000] {processor.py:914} INFO - Processing file /home/airflow/.local/lib/python3.12/site-packages/airflow/example_dags/example_sensors.py for tasks to queue
[2025-03-19T00:04:05.104+0000] {logging_mixin.py:190} INFO - [2025-03-19T00:04:05.104+0000] {dagbag.py:588} INFO - Filling up the DagBag from /home/airflow/.local/lib/python3.12/site-packages/airflow/example_dags/example_sensors.py
[2025-03-19T00:04:05.120+0000] {processor.py:925} INFO - DAG(s) 'example_sensors' retrieved from /home/airflow/.local/lib/python3.12/site-packages/airflow/example_dags/example_sensors.py
[2025-03-19T00:04:05.147+0000] {logging_mixin.py:190} INFO - [2025-03-19T00:04:05.147+0000] {dag.py:3239} INFO - Sync 1 DAGs
[2025-03-19T00:04:05.154+0000] {logging_mixin.py:190} INFO - [2025-03-19T00:04:05.154+0000] {dag.py:4180} INFO - Setting next_dagrun for example_sensors to None, run_after=None
[2025-03-19T00:04:05.189+0000] {processor.py:208} INFO - Processing /home/airflow/.local/lib/python3.12/site-packages/airflow/example_dags/example_sensors.py took 0.094 seconds
[2025-03-19T00:04:35.776+0000] {processor.py:186} INFO - Started process (PID=2701) to work on /home/airflow/.local/lib/python3.12/site-packages/airflow/example_dags/example_sensors.py
[2025-03-19T00:04:35.777+0000] {processor.py:914} INFO - Processing file /home/airflow/.local/lib/python3.12/site-packages/airflow/example_dags/example_sensors.py for tasks to queue
[2025-03-19T00:04:35.778+0000] {logging_mixin.py:190} INFO - [2025-03-19T00:04:35.778+0000] {dagbag.py:588} INFO - Filling up the DagBag from /home/airflow/.local/lib/python3.12/site-packages/airflow/example_dags/example_sensors.py
[2025-03-19T00:04:35.783+0000] {processor.py:925} INFO - DAG(s) 'example_sensors' retrieved from /home/airflow/.local/lib/python3.12/site-packages/airflow/example_dags/example_sensors.py
[2025-03-19T00:04:35.796+0000] {logging_mixin.py:190} INFO - [2025-03-19T00:04:35.796+0000] {dag.py:3239} INFO - Sync 1 DAGs
[2025-03-19T00:04:35.802+0000] {logging_mixin.py:190} INFO - [2025-03-19T00:04:35.802+0000] {dag.py:4180} INFO - Setting next_dagrun for example_sensors to None, run_after=None
[2025-03-19T00:04:35.931+0000] {processor.py:208} INFO - Processing /home/airflow/.local/lib/python3.12/site-packages/airflow/example_dags/example_sensors.py took 0.158 seconds
[2025-03-19T00:05:08.993+0000] {processor.py:186} INFO - Started process (PID=2773) to work on /home/airflow/.local/lib/python3.12/site-packages/airflow/example_dags/example_sensors.py
[2025-03-19T00:05:09.003+0000] {processor.py:914} INFO - Processing file /home/airflow/.local/lib/python3.12/site-packages/airflow/example_dags/example_sensors.py for tasks to queue
[2025-03-19T00:05:09.041+0000] {logging_mixin.py:190} INFO - [2025-03-19T00:05:09.041+0000] {dagbag.py:588} INFO - Filling up the DagBag from /home/airflow/.local/lib/python3.12/site-packages/airflow/example_dags/example_sensors.py
[2025-03-19T00:05:09.056+0000] {processor.py:925} INFO - DAG(s) 'example_sensors' retrieved from /home/airflow/.local/lib/python3.12/site-packages/airflow/example_dags/example_sensors.py
[2025-03-19T00:05:09.083+0000] {logging_mixin.py:190} INFO - [2025-03-19T00:05:09.083+0000] {dag.py:3239} INFO - Sync 1 DAGs
[2025-03-19T00:05:09.107+0000] {logging_mixin.py:190} INFO - [2025-03-19T00:05:09.107+0000] {dag.py:4180} INFO - Setting next_dagrun for example_sensors to None, run_after=None
[2025-03-19T00:05:09.128+0000] {processor.py:208} INFO - Processing /home/airflow/.local/lib/python3.12/site-packages/airflow/example_dags/example_sensors.py took 0.146 seconds
[2025-03-19T00:05:39.971+0000] {processor.py:186} INFO - Started process (PID=2845) to work on /home/airflow/.local/lib/python3.12/site-packages/airflow/example_dags/example_sensors.py
[2025-03-19T00:05:39.975+0000] {processor.py:914} INFO - Processing file /home/airflow/.local/lib/python3.12/site-packages/airflow/example_dags/example_sensors.py for tasks to queue
[2025-03-19T00:05:39.976+0000] {logging_mixin.py:190} INFO - [2025-03-19T00:05:39.976+0000] {dagbag.py:588} INFO - Filling up the DagBag from /home/airflow/.local/lib/python3.12/site-packages/airflow/example_dags/example_sensors.py
[2025-03-19T00:05:39.983+0000] {processor.py:925} INFO - DAG(s) 'example_sensors' retrieved from /home/airflow/.local/lib/python3.12/site-packages/airflow/example_dags/example_sensors.py
[2025-03-19T00:05:40.000+0000] {logging_mixin.py:190} INFO - [2025-03-19T00:05:40.000+0000] {dag.py:3239} INFO - Sync 1 DAGs
[2025-03-19T00:05:40.007+0000] {logging_mixin.py:190} INFO - [2025-03-19T00:05:40.007+0000] {dag.py:4180} INFO - Setting next_dagrun for example_sensors to None, run_after=None
[2025-03-19T00:05:40.017+0000] {processor.py:208} INFO - Processing /home/airflow/.local/lib/python3.12/site-packages/airflow/example_dags/example_sensors.py took 0.050 seconds
[2025-03-19T00:06:10.534+0000] {processor.py:186} INFO - Started process (PID=2917) to work on /home/airflow/.local/lib/python3.12/site-packages/airflow/example_dags/example_sensors.py
[2025-03-19T00:06:10.535+0000] {processor.py:914} INFO - Processing file /home/airflow/.local/lib/python3.12/site-packages/airflow/example_dags/example_sensors.py for tasks to queue
[2025-03-19T00:06:10.545+0000] {logging_mixin.py:190} INFO - [2025-03-19T00:06:10.544+0000] {dagbag.py:588} INFO - Filling up the DagBag from /home/airflow/.local/lib/python3.12/site-packages/airflow/example_dags/example_sensors.py
[2025-03-19T00:06:10.574+0000] {processor.py:925} INFO - DAG(s) 'example_sensors' retrieved from /home/airflow/.local/lib/python3.12/site-packages/airflow/example_dags/example_sensors.py
[2025-03-19T00:06:10.620+0000] {logging_mixin.py:190} INFO - [2025-03-19T00:06:10.620+0000] {dag.py:3239} INFO - Sync 1 DAGs
[2025-03-19T00:06:10.653+0000] {logging_mixin.py:190} INFO - [2025-03-19T00:06:10.653+0000] {dag.py:4180} INFO - Setting next_dagrun for example_sensors to None, run_after=None
[2025-03-19T00:06:10.693+0000] {processor.py:208} INFO - Processing /home/airflow/.local/lib/python3.12/site-packages/airflow/example_dags/example_sensors.py took 0.171 seconds
[2025-03-19T00:06:41.142+0000] {processor.py:186} INFO - Started process (PID=2989) to work on /home/airflow/.local/lib/python3.12/site-packages/airflow/example_dags/example_sensors.py
[2025-03-19T00:06:41.148+0000] {processor.py:914} INFO - Processing file /home/airflow/.local/lib/python3.12/site-packages/airflow/example_dags/example_sensors.py for tasks to queue
[2025-03-19T00:06:41.150+0000] {logging_mixin.py:190} INFO - [2025-03-19T00:06:41.149+0000] {dagbag.py:588} INFO - Filling up the DagBag from /home/airflow/.local/lib/python3.12/site-packages/airflow/example_dags/example_sensors.py
[2025-03-19T00:06:41.158+0000] {processor.py:925} INFO - DAG(s) 'example_sensors' retrieved from /home/airflow/.local/lib/python3.12/site-packages/airflow/example_dags/example_sensors.py
[2025-03-19T00:06:41.174+0000] {logging_mixin.py:190} INFO - [2025-03-19T00:06:41.174+0000] {dag.py:3239} INFO - Sync 1 DAGs
[2025-03-19T00:06:41.182+0000] {logging_mixin.py:190} INFO - [2025-03-19T00:06:41.182+0000] {dag.py:4180} INFO - Setting next_dagrun for example_sensors to None, run_after=None
[2025-03-19T00:06:41.194+0000] {processor.py:208} INFO - Processing /home/airflow/.local/lib/python3.12/site-packages/airflow/example_dags/example_sensors.py took 0.057 seconds
[2025-03-19T00:07:12.333+0000] {processor.py:186} INFO - Started process (PID=3061) to work on /home/airflow/.local/lib/python3.12/site-packages/airflow/example_dags/example_sensors.py
[2025-03-19T00:07:12.340+0000] {processor.py:914} INFO - Processing file /home/airflow/.local/lib/python3.12/site-packages/airflow/example_dags/example_sensors.py for tasks to queue
[2025-03-19T00:07:12.349+0000] {logging_mixin.py:190} INFO - [2025-03-19T00:07:12.349+0000] {dagbag.py:588} INFO - Filling up the DagBag from /home/airflow/.local/lib/python3.12/site-packages/airflow/example_dags/example_sensors.py
[2025-03-19T00:07:12.383+0000] {processor.py:925} INFO - DAG(s) 'example_sensors' retrieved from /home/airflow/.local/lib/python3.12/site-packages/airflow/example_dags/example_sensors.py
[2025-03-19T00:07:12.433+0000] {logging_mixin.py:190} INFO - [2025-03-19T00:07:12.433+0000] {dag.py:3239} INFO - Sync 1 DAGs
[2025-03-19T00:07:12.476+0000] {logging_mixin.py:190} INFO - [2025-03-19T00:07:12.469+0000] {dag.py:4180} INFO - Setting next_dagrun for example_sensors to None, run_after=None
[2025-03-19T00:07:12.514+0000] {processor.py:208} INFO - Processing /home/airflow/.local/lib/python3.12/site-packages/airflow/example_dags/example_sensors.py took 0.186 seconds
[2025-03-19T00:07:43.160+0000] {processor.py:186} INFO - Started process (PID=3133) to work on /home/airflow/.local/lib/python3.12/site-packages/airflow/example_dags/example_sensors.py
[2025-03-19T00:07:43.161+0000] {processor.py:914} INFO - Processing file /home/airflow/.local/lib/python3.12/site-packages/airflow/example_dags/example_sensors.py for tasks to queue
[2025-03-19T00:07:43.163+0000] {logging_mixin.py:190} INFO - [2025-03-19T00:07:43.163+0000] {dagbag.py:588} INFO - Filling up the DagBag from /home/airflow/.local/lib/python3.12/site-packages/airflow/example_dags/example_sensors.py
[2025-03-19T00:07:43.174+0000] {processor.py:925} INFO - DAG(s) 'example_sensors' retrieved from /home/airflow/.local/lib/python3.12/site-packages/airflow/example_dags/example_sensors.py
[2025-03-19T00:07:43.205+0000] {logging_mixin.py:190} INFO - [2025-03-19T00:07:43.205+0000] {dag.py:3239} INFO - Sync 1 DAGs
[2025-03-19T00:07:43.265+0000] {logging_mixin.py:190} INFO - [2025-03-19T00:07:43.265+0000] {dag.py:4180} INFO - Setting next_dagrun for example_sensors to None, run_after=None
[2025-03-19T00:07:43.298+0000] {processor.py:208} INFO - Processing /home/airflow/.local/lib/python3.12/site-packages/airflow/example_dags/example_sensors.py took 0.142 seconds
