[2025-03-19T00:00:26.000+0000] {processor.py:186} INFO - Started process (PID=2141) to work on /home/airflow/.local/lib/python3.12/site-packages/airflow/example_dags/tutorial.py
[2025-03-19T00:00:26.001+0000] {processor.py:914} INFO - Processing file /home/airflow/.local/lib/python3.12/site-packages/airflow/example_dags/tutorial.py for tasks to queue
[2025-03-19T00:00:26.002+0000] {logging_mixin.py:190} INFO - [2025-03-19T00:00:26.002+0000] {dagbag.py:588} INFO - Filling up the DagBag from /home/airflow/.local/lib/python3.12/site-packages/airflow/example_dags/tutorial.py
[2025-03-19T00:00:26.009+0000] {processor.py:925} INFO - DAG(s) 'tutorial' retrieved from /home/airflow/.local/lib/python3.12/site-packages/airflow/example_dags/tutorial.py
[2025-03-19T00:00:26.024+0000] {logging_mixin.py:190} INFO - [2025-03-19T00:00:26.024+0000] {dag.py:3239} INFO - Sync 1 DAGs
[2025-03-19T00:00:26.039+0000] {logging_mixin.py:190} INFO - [2025-03-19T00:00:26.039+0000] {dag.py:4180} INFO - Setting next_dagrun for tutorial to 2025-03-18 00:00:00+00:00, run_after=2025-03-19 00:00:00+00:00
[2025-03-19T00:00:26.058+0000] {processor.py:208} INFO - Processing /home/airflow/.local/lib/python3.12/site-packages/airflow/example_dags/tutorial.py took 0.062 seconds
[2025-03-19T00:00:57.323+0000] {processor.py:186} INFO - Started process (PID=2213) to work on /home/airflow/.local/lib/python3.12/site-packages/airflow/example_dags/tutorial.py
[2025-03-19T00:00:57.325+0000] {processor.py:914} INFO - Processing file /home/airflow/.local/lib/python3.12/site-packages/airflow/example_dags/tutorial.py for tasks to queue
[2025-03-19T00:00:57.326+0000] {logging_mixin.py:190} INFO - [2025-03-19T00:00:57.326+0000] {dagbag.py:588} INFO - Filling up the DagBag from /home/airflow/.local/lib/python3.12/site-packages/airflow/example_dags/tutorial.py
[2025-03-19T00:00:57.331+0000] {processor.py:925} INFO - DAG(s) 'tutorial' retrieved from /home/airflow/.local/lib/python3.12/site-packages/airflow/example_dags/tutorial.py
[2025-03-19T00:00:57.350+0000] {logging_mixin.py:190} INFO - [2025-03-19T00:00:57.350+0000] {dag.py:3239} INFO - Sync 1 DAGs
[2025-03-19T00:00:57.367+0000] {logging_mixin.py:190} INFO - [2025-03-19T00:00:57.367+0000] {dag.py:4180} INFO - Setting next_dagrun for tutorial to 2025-03-18 00:00:00+00:00, run_after=2025-03-19 00:00:00+00:00
[2025-03-19T00:00:57.384+0000] {processor.py:208} INFO - Processing /home/airflow/.local/lib/python3.12/site-packages/airflow/example_dags/tutorial.py took 0.067 seconds
[2025-03-19T00:01:27.938+0000] {processor.py:186} INFO - Started process (PID=2285) to work on /home/airflow/.local/lib/python3.12/site-packages/airflow/example_dags/tutorial.py
[2025-03-19T00:01:27.941+0000] {processor.py:914} INFO - Processing file /home/airflow/.local/lib/python3.12/site-packages/airflow/example_dags/tutorial.py for tasks to queue
[2025-03-19T00:01:27.947+0000] {logging_mixin.py:190} INFO - [2025-03-19T00:01:27.946+0000] {dagbag.py:588} INFO - Filling up the DagBag from /home/airflow/.local/lib/python3.12/site-packages/airflow/example_dags/tutorial.py
[2025-03-19T00:01:27.958+0000] {processor.py:925} INFO - DAG(s) 'tutorial' retrieved from /home/airflow/.local/lib/python3.12/site-packages/airflow/example_dags/tutorial.py
[2025-03-19T00:01:27.985+0000] {logging_mixin.py:190} INFO - [2025-03-19T00:01:27.985+0000] {dag.py:3239} INFO - Sync 1 DAGs
[2025-03-19T00:01:28.010+0000] {logging_mixin.py:190} INFO - [2025-03-19T00:01:28.010+0000] {dag.py:4180} INFO - Setting next_dagrun for tutorial to 2025-03-18 00:00:00+00:00, run_after=2025-03-19 00:00:00+00:00
[2025-03-19T00:01:28.054+0000] {processor.py:208} INFO - Processing /home/airflow/.local/lib/python3.12/site-packages/airflow/example_dags/tutorial.py took 0.124 seconds
[2025-03-19T00:02:03.071+0000] {processor.py:186} INFO - Started process (PID=2350) to work on /home/airflow/.local/lib/python3.12/site-packages/airflow/example_dags/tutorial.py
[2025-03-19T00:02:03.072+0000] {processor.py:914} INFO - Processing file /home/airflow/.local/lib/python3.12/site-packages/airflow/example_dags/tutorial.py for tasks to queue
[2025-03-19T00:02:03.074+0000] {logging_mixin.py:190} INFO - [2025-03-19T00:02:03.074+0000] {dagbag.py:588} INFO - Filling up the DagBag from /home/airflow/.local/lib/python3.12/site-packages/airflow/example_dags/tutorial.py
[2025-03-19T00:02:03.083+0000] {processor.py:925} INFO - DAG(s) 'tutorial' retrieved from /home/airflow/.local/lib/python3.12/site-packages/airflow/example_dags/tutorial.py
[2025-03-19T00:02:03.120+0000] {logging_mixin.py:190} INFO - [2025-03-19T00:02:03.119+0000] {dag.py:3239} INFO - Sync 1 DAGs
[2025-03-19T00:02:03.134+0000] {logging_mixin.py:190} INFO - [2025-03-19T00:02:03.133+0000] {dag.py:4180} INFO - Setting next_dagrun for tutorial to 2025-03-18 00:00:00+00:00, run_after=2025-03-19 00:00:00+00:00
[2025-03-19T00:02:03.142+0000] {processor.py:208} INFO - Processing /home/airflow/.local/lib/python3.12/site-packages/airflow/example_dags/tutorial.py took 0.074 seconds
[2025-03-19T00:02:33.472+0000] {processor.py:186} INFO - Started process (PID=2421) to work on /home/airflow/.local/lib/python3.12/site-packages/airflow/example_dags/tutorial.py
[2025-03-19T00:02:33.472+0000] {processor.py:914} INFO - Processing file /home/airflow/.local/lib/python3.12/site-packages/airflow/example_dags/tutorial.py for tasks to queue
[2025-03-19T00:02:33.473+0000] {logging_mixin.py:190} INFO - [2025-03-19T00:02:33.473+0000] {dagbag.py:588} INFO - Filling up the DagBag from /home/airflow/.local/lib/python3.12/site-packages/airflow/example_dags/tutorial.py
[2025-03-19T00:02:33.478+0000] {processor.py:925} INFO - DAG(s) 'tutorial' retrieved from /home/airflow/.local/lib/python3.12/site-packages/airflow/example_dags/tutorial.py
[2025-03-19T00:02:33.492+0000] {logging_mixin.py:190} INFO - [2025-03-19T00:02:33.492+0000] {dag.py:3239} INFO - Sync 1 DAGs
[2025-03-19T00:02:33.511+0000] {logging_mixin.py:190} INFO - [2025-03-19T00:02:33.511+0000] {dag.py:4180} INFO - Setting next_dagrun for tutorial to 2025-03-18 00:00:00+00:00, run_after=2025-03-19 00:00:00+00:00
[2025-03-19T00:02:33.525+0000] {processor.py:208} INFO - Processing /home/airflow/.local/lib/python3.12/site-packages/airflow/example_dags/tutorial.py took 0.056 seconds
