[2025-03-19T00:00:24.278+0000] {processor.py:186} INFO - Started process (PID=2115) to work on /home/airflow/.local/lib/python3.12/site-packages/airflow/example_dags/tutorial_objectstorage.py
[2025-03-19T00:00:24.280+0000] {processor.py:914} INFO - Processing file /home/airflow/.local/lib/python3.12/site-packages/airflow/example_dags/tutorial_objectstorage.py for tasks to queue
[2025-03-19T00:00:24.289+0000] {logging_mixin.py:190} INFO - [2025-03-19T00:00:24.288+0000] {dagbag.py:588} INFO - Filling up the DagBag from /home/airflow/.local/lib/python3.12/site-packages/airflow/example_dags/tutorial_objectstorage.py
[2025-03-19T00:00:24.334+0000] {processor.py:925} INFO - DAG(s) 'tutorial_objectstorage' retrieved from /home/airflow/.local/lib/python3.12/site-packages/airflow/example_dags/tutorial_objectstorage.py
[2025-03-19T00:00:24.370+0000] {logging_mixin.py:190} INFO - [2025-03-19T00:00:24.370+0000] {dag.py:3239} INFO - Sync 1 DAGs
[2025-03-19T00:00:24.405+0000] {logging_mixin.py:190} INFO - [2025-03-19T00:00:24.401+0000] {dag.py:4180} INFO - Setting next_dagrun for tutorial_objectstorage to None, run_after=None
[2025-03-19T00:00:24.436+0000] {processor.py:208} INFO - Processing /home/airflow/.local/lib/python3.12/site-packages/airflow/example_dags/tutorial_objectstorage.py took 0.169 seconds
[2025-03-19T00:00:55.293+0000] {processor.py:186} INFO - Started process (PID=2187) to work on /home/airflow/.local/lib/python3.12/site-packages/airflow/example_dags/tutorial_objectstorage.py
[2025-03-19T00:00:55.295+0000] {processor.py:914} INFO - Processing file /home/airflow/.local/lib/python3.12/site-packages/airflow/example_dags/tutorial_objectstorage.py for tasks to queue
[2025-03-19T00:00:55.307+0000] {logging_mixin.py:190} INFO - [2025-03-19T00:00:55.306+0000] {dagbag.py:588} INFO - Filling up the DagBag from /home/airflow/.local/lib/python3.12/site-packages/airflow/example_dags/tutorial_objectstorage.py
[2025-03-19T00:00:55.337+0000] {processor.py:925} INFO - DAG(s) 'tutorial_objectstorage' retrieved from /home/airflow/.local/lib/python3.12/site-packages/airflow/example_dags/tutorial_objectstorage.py
[2025-03-19T00:00:55.387+0000] {logging_mixin.py:190} INFO - [2025-03-19T00:00:55.387+0000] {dag.py:3239} INFO - Sync 1 DAGs
[2025-03-19T00:00:55.443+0000] {logging_mixin.py:190} INFO - [2025-03-19T00:00:55.443+0000] {dag.py:4180} INFO - Setting next_dagrun for tutorial_objectstorage to None, run_after=None
[2025-03-19T00:00:55.497+0000] {processor.py:208} INFO - Processing /home/airflow/.local/lib/python3.12/site-packages/airflow/example_dags/tutorial_objectstorage.py took 0.216 seconds
[2025-03-19T00:01:25.855+0000] {processor.py:186} INFO - Started process (PID=2264) to work on /home/airflow/.local/lib/python3.12/site-packages/airflow/example_dags/tutorial_objectstorage.py
[2025-03-19T00:01:25.856+0000] {processor.py:914} INFO - Processing file /home/airflow/.local/lib/python3.12/site-packages/airflow/example_dags/tutorial_objectstorage.py for tasks to queue
[2025-03-19T00:01:25.857+0000] {logging_mixin.py:190} INFO - [2025-03-19T00:01:25.857+0000] {dagbag.py:588} INFO - Filling up the DagBag from /home/airflow/.local/lib/python3.12/site-packages/airflow/example_dags/tutorial_objectstorage.py
[2025-03-19T00:01:25.863+0000] {processor.py:925} INFO - DAG(s) 'tutorial_objectstorage' retrieved from /home/airflow/.local/lib/python3.12/site-packages/airflow/example_dags/tutorial_objectstorage.py
[2025-03-19T00:01:25.875+0000] {logging_mixin.py:190} INFO - [2025-03-19T00:01:25.875+0000] {dag.py:3239} INFO - Sync 1 DAGs
[2025-03-19T00:01:25.883+0000] {logging_mixin.py:190} INFO - [2025-03-19T00:01:25.883+0000] {dag.py:4180} INFO - Setting next_dagrun for tutorial_objectstorage to None, run_after=None
[2025-03-19T00:01:25.893+0000] {processor.py:208} INFO - Processing /home/airflow/.local/lib/python3.12/site-packages/airflow/example_dags/tutorial_objectstorage.py took 0.041 seconds
[2025-03-19T00:02:00.930+0000] {processor.py:186} INFO - Started process (PID=2330) to work on /home/airflow/.local/lib/python3.12/site-packages/airflow/example_dags/tutorial_objectstorage.py
[2025-03-19T00:02:00.936+0000] {processor.py:914} INFO - Processing file /home/airflow/.local/lib/python3.12/site-packages/airflow/example_dags/tutorial_objectstorage.py for tasks to queue
[2025-03-19T00:02:00.960+0000] {logging_mixin.py:190} INFO - [2025-03-19T00:02:00.959+0000] {dagbag.py:588} INFO - Filling up the DagBag from /home/airflow/.local/lib/python3.12/site-packages/airflow/example_dags/tutorial_objectstorage.py
[2025-03-19T00:02:01.036+0000] {processor.py:925} INFO - DAG(s) 'tutorial_objectstorage' retrieved from /home/airflow/.local/lib/python3.12/site-packages/airflow/example_dags/tutorial_objectstorage.py
[2025-03-19T00:02:01.101+0000] {logging_mixin.py:190} INFO - [2025-03-19T00:02:01.101+0000] {dag.py:3239} INFO - Sync 1 DAGs
[2025-03-19T00:02:01.137+0000] {logging_mixin.py:190} INFO - [2025-03-19T00:02:01.137+0000] {dag.py:4180} INFO - Setting next_dagrun for tutorial_objectstorage to None, run_after=None
[2025-03-19T00:02:01.218+0000] {processor.py:208} INFO - Processing /home/airflow/.local/lib/python3.12/site-packages/airflow/example_dags/tutorial_objectstorage.py took 0.315 seconds
[2025-03-19T00:02:31.572+0000] {processor.py:186} INFO - Started process (PID=2401) to work on /home/airflow/.local/lib/python3.12/site-packages/airflow/example_dags/tutorial_objectstorage.py
[2025-03-19T00:02:31.574+0000] {processor.py:914} INFO - Processing file /home/airflow/.local/lib/python3.12/site-packages/airflow/example_dags/tutorial_objectstorage.py for tasks to queue
[2025-03-19T00:02:31.578+0000] {logging_mixin.py:190} INFO - [2025-03-19T00:02:31.578+0000] {dagbag.py:588} INFO - Filling up the DagBag from /home/airflow/.local/lib/python3.12/site-packages/airflow/example_dags/tutorial_objectstorage.py
[2025-03-19T00:02:31.600+0000] {processor.py:925} INFO - DAG(s) 'tutorial_objectstorage' retrieved from /home/airflow/.local/lib/python3.12/site-packages/airflow/example_dags/tutorial_objectstorage.py
[2025-03-19T00:02:31.626+0000] {logging_mixin.py:190} INFO - [2025-03-19T00:02:31.626+0000] {dag.py:3239} INFO - Sync 1 DAGs
[2025-03-19T00:02:31.650+0000] {logging_mixin.py:190} INFO - [2025-03-19T00:02:31.649+0000] {dag.py:4180} INFO - Setting next_dagrun for tutorial_objectstorage to None, run_after=None
[2025-03-19T00:02:31.685+0000] {processor.py:208} INFO - Processing /home/airflow/.local/lib/python3.12/site-packages/airflow/example_dags/tutorial_objectstorage.py took 0.122 seconds
[2025-03-19T00:03:02.742+0000] {processor.py:186} INFO - Started process (PID=2473) to work on /home/airflow/.local/lib/python3.12/site-packages/airflow/example_dags/tutorial_objectstorage.py
[2025-03-19T00:03:02.746+0000] {processor.py:914} INFO - Processing file /home/airflow/.local/lib/python3.12/site-packages/airflow/example_dags/tutorial_objectstorage.py for tasks to queue
[2025-03-19T00:03:02.751+0000] {logging_mixin.py:190} INFO - [2025-03-19T00:03:02.750+0000] {dagbag.py:588} INFO - Filling up the DagBag from /home/airflow/.local/lib/python3.12/site-packages/airflow/example_dags/tutorial_objectstorage.py
[2025-03-19T00:03:02.775+0000] {processor.py:925} INFO - DAG(s) 'tutorial_objectstorage' retrieved from /home/airflow/.local/lib/python3.12/site-packages/airflow/example_dags/tutorial_objectstorage.py
[2025-03-19T00:03:02.824+0000] {logging_mixin.py:190} INFO - [2025-03-19T00:03:02.824+0000] {dag.py:3239} INFO - Sync 1 DAGs
[2025-03-19T00:03:02.851+0000] {logging_mixin.py:190} INFO - [2025-03-19T00:03:02.851+0000] {dag.py:4180} INFO - Setting next_dagrun for tutorial_objectstorage to None, run_after=None
[2025-03-19T00:03:02.895+0000] {processor.py:208} INFO - Processing /home/airflow/.local/lib/python3.12/site-packages/airflow/example_dags/tutorial_objectstorage.py took 0.165 seconds
[2025-03-19T00:03:33.988+0000] {processor.py:186} INFO - Started process (PID=2545) to work on /home/airflow/.local/lib/python3.12/site-packages/airflow/example_dags/tutorial_objectstorage.py
[2025-03-19T00:03:33.989+0000] {processor.py:914} INFO - Processing file /home/airflow/.local/lib/python3.12/site-packages/airflow/example_dags/tutorial_objectstorage.py for tasks to queue
[2025-03-19T00:03:33.992+0000] {logging_mixin.py:190} INFO - [2025-03-19T00:03:33.992+0000] {dagbag.py:588} INFO - Filling up the DagBag from /home/airflow/.local/lib/python3.12/site-packages/airflow/example_dags/tutorial_objectstorage.py
[2025-03-19T00:03:34.002+0000] {processor.py:925} INFO - DAG(s) 'tutorial_objectstorage' retrieved from /home/airflow/.local/lib/python3.12/site-packages/airflow/example_dags/tutorial_objectstorage.py
[2025-03-19T00:03:34.025+0000] {logging_mixin.py:190} INFO - [2025-03-19T00:03:34.024+0000] {dag.py:3239} INFO - Sync 1 DAGs
[2025-03-19T00:03:34.044+0000] {logging_mixin.py:190} INFO - [2025-03-19T00:03:34.044+0000] {dag.py:4180} INFO - Setting next_dagrun for tutorial_objectstorage to None, run_after=None
[2025-03-19T00:03:34.067+0000] {processor.py:208} INFO - Processing /home/airflow/.local/lib/python3.12/site-packages/airflow/example_dags/tutorial_objectstorage.py took 0.085 seconds
[2025-03-19T00:04:04.295+0000] {processor.py:186} INFO - Started process (PID=2617) to work on /home/airflow/.local/lib/python3.12/site-packages/airflow/example_dags/tutorial_objectstorage.py
[2025-03-19T00:04:04.296+0000] {processor.py:914} INFO - Processing file /home/airflow/.local/lib/python3.12/site-packages/airflow/example_dags/tutorial_objectstorage.py for tasks to queue
[2025-03-19T00:04:04.298+0000] {logging_mixin.py:190} INFO - [2025-03-19T00:04:04.297+0000] {dagbag.py:588} INFO - Filling up the DagBag from /home/airflow/.local/lib/python3.12/site-packages/airflow/example_dags/tutorial_objectstorage.py
[2025-03-19T00:04:04.305+0000] {processor.py:925} INFO - DAG(s) 'tutorial_objectstorage' retrieved from /home/airflow/.local/lib/python3.12/site-packages/airflow/example_dags/tutorial_objectstorage.py
[2025-03-19T00:04:04.319+0000] {logging_mixin.py:190} INFO - [2025-03-19T00:04:04.319+0000] {dag.py:3239} INFO - Sync 1 DAGs
[2025-03-19T00:04:04.330+0000] {logging_mixin.py:190} INFO - [2025-03-19T00:04:04.330+0000] {dag.py:4180} INFO - Setting next_dagrun for tutorial_objectstorage to None, run_after=None
[2025-03-19T00:04:04.344+0000] {processor.py:208} INFO - Processing /home/airflow/.local/lib/python3.12/site-packages/airflow/example_dags/tutorial_objectstorage.py took 0.053 seconds
[2025-03-19T00:04:34.918+0000] {processor.py:186} INFO - Started process (PID=2687) to work on /home/airflow/.local/lib/python3.12/site-packages/airflow/example_dags/tutorial_objectstorage.py
[2025-03-19T00:04:34.919+0000] {processor.py:914} INFO - Processing file /home/airflow/.local/lib/python3.12/site-packages/airflow/example_dags/tutorial_objectstorage.py for tasks to queue
[2025-03-19T00:04:34.924+0000] {logging_mixin.py:190} INFO - [2025-03-19T00:04:34.924+0000] {dagbag.py:588} INFO - Filling up the DagBag from /home/airflow/.local/lib/python3.12/site-packages/airflow/example_dags/tutorial_objectstorage.py
[2025-03-19T00:04:34.931+0000] {processor.py:925} INFO - DAG(s) 'tutorial_objectstorage' retrieved from /home/airflow/.local/lib/python3.12/site-packages/airflow/example_dags/tutorial_objectstorage.py
[2025-03-19T00:04:34.946+0000] {logging_mixin.py:190} INFO - [2025-03-19T00:04:34.946+0000] {dag.py:3239} INFO - Sync 1 DAGs
[2025-03-19T00:04:34.956+0000] {logging_mixin.py:190} INFO - [2025-03-19T00:04:34.956+0000] {dag.py:4180} INFO - Setting next_dagrun for tutorial_objectstorage to None, run_after=None
[2025-03-19T00:04:34.972+0000] {processor.py:208} INFO - Processing /home/airflow/.local/lib/python3.12/site-packages/airflow/example_dags/tutorial_objectstorage.py took 0.057 seconds
[2025-03-19T00:05:05.908+0000] {processor.py:186} INFO - Started process (PID=2759) to work on /home/airflow/.local/lib/python3.12/site-packages/airflow/example_dags/tutorial_objectstorage.py
[2025-03-19T00:05:05.911+0000] {processor.py:914} INFO - Processing file /home/airflow/.local/lib/python3.12/site-packages/airflow/example_dags/tutorial_objectstorage.py for tasks to queue
[2025-03-19T00:05:05.917+0000] {logging_mixin.py:190} INFO - [2025-03-19T00:05:05.916+0000] {dagbag.py:588} INFO - Filling up the DagBag from /home/airflow/.local/lib/python3.12/site-packages/airflow/example_dags/tutorial_objectstorage.py
[2025-03-19T00:05:05.927+0000] {processor.py:925} INFO - DAG(s) 'tutorial_objectstorage' retrieved from /home/airflow/.local/lib/python3.12/site-packages/airflow/example_dags/tutorial_objectstorage.py
[2025-03-19T00:05:05.950+0000] {logging_mixin.py:190} INFO - [2025-03-19T00:05:05.949+0000] {dag.py:3239} INFO - Sync 1 DAGs
[2025-03-19T00:05:05.961+0000] {logging_mixin.py:190} INFO - [2025-03-19T00:05:05.961+0000] {dag.py:4180} INFO - Setting next_dagrun for tutorial_objectstorage to None, run_after=None
[2025-03-19T00:05:05.987+0000] {processor.py:208} INFO - Processing /home/airflow/.local/lib/python3.12/site-packages/airflow/example_dags/tutorial_objectstorage.py took 0.084 seconds
[2025-03-19T00:05:36.496+0000] {processor.py:186} INFO - Started process (PID=2831) to work on /home/airflow/.local/lib/python3.12/site-packages/airflow/example_dags/tutorial_objectstorage.py
[2025-03-19T00:05:36.497+0000] {processor.py:914} INFO - Processing file /home/airflow/.local/lib/python3.12/site-packages/airflow/example_dags/tutorial_objectstorage.py for tasks to queue
[2025-03-19T00:05:36.499+0000] {logging_mixin.py:190} INFO - [2025-03-19T00:05:36.498+0000] {dagbag.py:588} INFO - Filling up the DagBag from /home/airflow/.local/lib/python3.12/site-packages/airflow/example_dags/tutorial_objectstorage.py
[2025-03-19T00:05:36.511+0000] {processor.py:925} INFO - DAG(s) 'tutorial_objectstorage' retrieved from /home/airflow/.local/lib/python3.12/site-packages/airflow/example_dags/tutorial_objectstorage.py
[2025-03-19T00:05:36.528+0000] {logging_mixin.py:190} INFO - [2025-03-19T00:05:36.528+0000] {dag.py:3239} INFO - Sync 1 DAGs
[2025-03-19T00:05:36.535+0000] {logging_mixin.py:190} INFO - [2025-03-19T00:05:36.535+0000] {dag.py:4180} INFO - Setting next_dagrun for tutorial_objectstorage to None, run_after=None
[2025-03-19T00:05:36.545+0000] {processor.py:208} INFO - Processing /home/airflow/.local/lib/python3.12/site-packages/airflow/example_dags/tutorial_objectstorage.py took 0.057 seconds
[2025-03-19T00:06:07.106+0000] {processor.py:186} INFO - Started process (PID=2903) to work on /home/airflow/.local/lib/python3.12/site-packages/airflow/example_dags/tutorial_objectstorage.py
[2025-03-19T00:06:07.107+0000] {processor.py:914} INFO - Processing file /home/airflow/.local/lib/python3.12/site-packages/airflow/example_dags/tutorial_objectstorage.py for tasks to queue
[2025-03-19T00:06:07.108+0000] {logging_mixin.py:190} INFO - [2025-03-19T00:06:07.108+0000] {dagbag.py:588} INFO - Filling up the DagBag from /home/airflow/.local/lib/python3.12/site-packages/airflow/example_dags/tutorial_objectstorage.py
[2025-03-19T00:06:07.114+0000] {processor.py:925} INFO - DAG(s) 'tutorial_objectstorage' retrieved from /home/airflow/.local/lib/python3.12/site-packages/airflow/example_dags/tutorial_objectstorage.py
[2025-03-19T00:06:07.127+0000] {logging_mixin.py:190} INFO - [2025-03-19T00:06:07.126+0000] {dag.py:3239} INFO - Sync 1 DAGs
[2025-03-19T00:06:07.137+0000] {logging_mixin.py:190} INFO - [2025-03-19T00:06:07.137+0000] {dag.py:4180} INFO - Setting next_dagrun for tutorial_objectstorage to None, run_after=None
[2025-03-19T00:06:07.274+0000] {processor.py:208} INFO - Processing /home/airflow/.local/lib/python3.12/site-packages/airflow/example_dags/tutorial_objectstorage.py took 0.172 seconds
[2025-03-19T00:06:38.104+0000] {processor.py:186} INFO - Started process (PID=2975) to work on /home/airflow/.local/lib/python3.12/site-packages/airflow/example_dags/tutorial_objectstorage.py
[2025-03-19T00:06:38.129+0000] {processor.py:914} INFO - Processing file /home/airflow/.local/lib/python3.12/site-packages/airflow/example_dags/tutorial_objectstorage.py for tasks to queue
[2025-03-19T00:06:38.236+0000] {logging_mixin.py:190} INFO - [2025-03-19T00:06:38.235+0000] {dagbag.py:588} INFO - Filling up the DagBag from /home/airflow/.local/lib/python3.12/site-packages/airflow/example_dags/tutorial_objectstorage.py
[2025-03-19T00:06:38.268+0000] {processor.py:925} INFO - DAG(s) 'tutorial_objectstorage' retrieved from /home/airflow/.local/lib/python3.12/site-packages/airflow/example_dags/tutorial_objectstorage.py
[2025-03-19T00:06:38.307+0000] {logging_mixin.py:190} INFO - [2025-03-19T00:06:38.306+0000] {dag.py:3239} INFO - Sync 1 DAGs
[2025-03-19T00:06:38.601+0000] {logging_mixin.py:190} INFO - [2025-03-19T00:06:38.600+0000] {dag.py:4180} INFO - Setting next_dagrun for tutorial_objectstorage to None, run_after=None
[2025-03-19T00:06:38.627+0000] {processor.py:208} INFO - Processing /home/airflow/.local/lib/python3.12/site-packages/airflow/example_dags/tutorial_objectstorage.py took 0.530 seconds
[2025-03-19T00:07:09.103+0000] {processor.py:186} INFO - Started process (PID=3047) to work on /home/airflow/.local/lib/python3.12/site-packages/airflow/example_dags/tutorial_objectstorage.py
[2025-03-19T00:07:09.103+0000] {processor.py:914} INFO - Processing file /home/airflow/.local/lib/python3.12/site-packages/airflow/example_dags/tutorial_objectstorage.py for tasks to queue
[2025-03-19T00:07:09.104+0000] {logging_mixin.py:190} INFO - [2025-03-19T00:07:09.104+0000] {dagbag.py:588} INFO - Filling up the DagBag from /home/airflow/.local/lib/python3.12/site-packages/airflow/example_dags/tutorial_objectstorage.py
[2025-03-19T00:07:09.108+0000] {processor.py:925} INFO - DAG(s) 'tutorial_objectstorage' retrieved from /home/airflow/.local/lib/python3.12/site-packages/airflow/example_dags/tutorial_objectstorage.py
[2025-03-19T00:07:09.196+0000] {logging_mixin.py:190} INFO - [2025-03-19T00:07:09.196+0000] {dag.py:3239} INFO - Sync 1 DAGs
[2025-03-19T00:07:09.200+0000] {logging_mixin.py:190} INFO - [2025-03-19T00:07:09.200+0000] {dag.py:4180} INFO - Setting next_dagrun for tutorial_objectstorage to None, run_after=None
[2025-03-19T00:07:09.206+0000] {processor.py:208} INFO - Processing /home/airflow/.local/lib/python3.12/site-packages/airflow/example_dags/tutorial_objectstorage.py took 0.106 seconds
[2025-03-19T00:07:39.820+0000] {processor.py:186} INFO - Started process (PID=3119) to work on /home/airflow/.local/lib/python3.12/site-packages/airflow/example_dags/tutorial_objectstorage.py
[2025-03-19T00:07:39.823+0000] {processor.py:914} INFO - Processing file /home/airflow/.local/lib/python3.12/site-packages/airflow/example_dags/tutorial_objectstorage.py for tasks to queue
[2025-03-19T00:07:39.830+0000] {logging_mixin.py:190} INFO - [2025-03-19T00:07:39.830+0000] {dagbag.py:588} INFO - Filling up the DagBag from /home/airflow/.local/lib/python3.12/site-packages/airflow/example_dags/tutorial_objectstorage.py
[2025-03-19T00:07:39.893+0000] {processor.py:925} INFO - DAG(s) 'tutorial_objectstorage' retrieved from /home/airflow/.local/lib/python3.12/site-packages/airflow/example_dags/tutorial_objectstorage.py
[2025-03-19T00:07:39.956+0000] {logging_mixin.py:190} INFO - [2025-03-19T00:07:39.955+0000] {dag.py:3239} INFO - Sync 1 DAGs
[2025-03-19T00:07:40.008+0000] {logging_mixin.py:190} INFO - [2025-03-19T00:07:40.008+0000] {dag.py:4180} INFO - Setting next_dagrun for tutorial_objectstorage to None, run_after=None
[2025-03-19T00:07:40.069+0000] {processor.py:208} INFO - Processing /home/airflow/.local/lib/python3.12/site-packages/airflow/example_dags/tutorial_objectstorage.py took 0.265 seconds
[2025-03-19T00:08:10.885+0000] {processor.py:186} INFO - Started process (PID=3191) to work on /home/airflow/.local/lib/python3.12/site-packages/airflow/example_dags/tutorial_objectstorage.py
[2025-03-19T00:08:10.888+0000] {processor.py:914} INFO - Processing file /home/airflow/.local/lib/python3.12/site-packages/airflow/example_dags/tutorial_objectstorage.py for tasks to queue
[2025-03-19T00:08:10.891+0000] {logging_mixin.py:190} INFO - [2025-03-19T00:08:10.891+0000] {dagbag.py:588} INFO - Filling up the DagBag from /home/airflow/.local/lib/python3.12/site-packages/airflow/example_dags/tutorial_objectstorage.py
[2025-03-19T00:08:10.908+0000] {processor.py:925} INFO - DAG(s) 'tutorial_objectstorage' retrieved from /home/airflow/.local/lib/python3.12/site-packages/airflow/example_dags/tutorial_objectstorage.py
[2025-03-19T00:08:10.970+0000] {logging_mixin.py:190} INFO - [2025-03-19T00:08:10.970+0000] {dag.py:3239} INFO - Sync 1 DAGs
[2025-03-19T00:08:10.997+0000] {logging_mixin.py:190} INFO - [2025-03-19T00:08:10.997+0000] {dag.py:4180} INFO - Setting next_dagrun for tutorial_objectstorage to None, run_after=None
[2025-03-19T00:08:11.061+0000] {processor.py:208} INFO - Processing /home/airflow/.local/lib/python3.12/site-packages/airflow/example_dags/tutorial_objectstorage.py took 0.184 seconds
[2025-03-19T00:08:41.651+0000] {processor.py:186} INFO - Started process (PID=3263) to work on /home/airflow/.local/lib/python3.12/site-packages/airflow/example_dags/tutorial_objectstorage.py
[2025-03-19T00:08:41.653+0000] {processor.py:914} INFO - Processing file /home/airflow/.local/lib/python3.12/site-packages/airflow/example_dags/tutorial_objectstorage.py for tasks to queue
[2025-03-19T00:08:41.656+0000] {logging_mixin.py:190} INFO - [2025-03-19T00:08:41.655+0000] {dagbag.py:588} INFO - Filling up the DagBag from /home/airflow/.local/lib/python3.12/site-packages/airflow/example_dags/tutorial_objectstorage.py
[2025-03-19T00:08:41.669+0000] {processor.py:925} INFO - DAG(s) 'tutorial_objectstorage' retrieved from /home/airflow/.local/lib/python3.12/site-packages/airflow/example_dags/tutorial_objectstorage.py
[2025-03-19T00:08:41.700+0000] {logging_mixin.py:190} INFO - [2025-03-19T00:08:41.700+0000] {dag.py:3239} INFO - Sync 1 DAGs
[2025-03-19T00:08:41.720+0000] {logging_mixin.py:190} INFO - [2025-03-19T00:08:41.720+0000] {dag.py:4180} INFO - Setting next_dagrun for tutorial_objectstorage to None, run_after=None
[2025-03-19T00:08:41.750+0000] {processor.py:208} INFO - Processing /home/airflow/.local/lib/python3.12/site-packages/airflow/example_dags/tutorial_objectstorage.py took 0.104 seconds
[2025-03-19T00:09:12.423+0000] {processor.py:186} INFO - Started process (PID=3334) to work on /home/airflow/.local/lib/python3.12/site-packages/airflow/example_dags/tutorial_objectstorage.py
[2025-03-19T00:09:12.424+0000] {processor.py:914} INFO - Processing file /home/airflow/.local/lib/python3.12/site-packages/airflow/example_dags/tutorial_objectstorage.py for tasks to queue
[2025-03-19T00:09:12.438+0000] {logging_mixin.py:190} INFO - [2025-03-19T00:09:12.437+0000] {dagbag.py:588} INFO - Filling up the DagBag from /home/airflow/.local/lib/python3.12/site-packages/airflow/example_dags/tutorial_objectstorage.py
[2025-03-19T00:09:12.477+0000] {processor.py:925} INFO - DAG(s) 'tutorial_objectstorage' retrieved from /home/airflow/.local/lib/python3.12/site-packages/airflow/example_dags/tutorial_objectstorage.py
[2025-03-19T00:09:12.542+0000] {logging_mixin.py:190} INFO - [2025-03-19T00:09:12.541+0000] {dag.py:3239} INFO - Sync 1 DAGs
[2025-03-19T00:09:12.571+0000] {logging_mixin.py:190} INFO - [2025-03-19T00:09:12.570+0000] {dag.py:4180} INFO - Setting next_dagrun for tutorial_objectstorage to None, run_after=None
[2025-03-19T00:09:12.621+0000] {processor.py:208} INFO - Processing /home/airflow/.local/lib/python3.12/site-packages/airflow/example_dags/tutorial_objectstorage.py took 0.205 seconds
[2025-03-19T00:09:43.343+0000] {processor.py:186} INFO - Started process (PID=3406) to work on /home/airflow/.local/lib/python3.12/site-packages/airflow/example_dags/tutorial_objectstorage.py
[2025-03-19T00:09:43.343+0000] {processor.py:914} INFO - Processing file /home/airflow/.local/lib/python3.12/site-packages/airflow/example_dags/tutorial_objectstorage.py for tasks to queue
[2025-03-19T00:09:43.344+0000] {logging_mixin.py:190} INFO - [2025-03-19T00:09:43.344+0000] {dagbag.py:588} INFO - Filling up the DagBag from /home/airflow/.local/lib/python3.12/site-packages/airflow/example_dags/tutorial_objectstorage.py
[2025-03-19T00:09:43.351+0000] {processor.py:925} INFO - DAG(s) 'tutorial_objectstorage' retrieved from /home/airflow/.local/lib/python3.12/site-packages/airflow/example_dags/tutorial_objectstorage.py
[2025-03-19T00:09:43.360+0000] {logging_mixin.py:190} INFO - [2025-03-19T00:09:43.360+0000] {dag.py:3239} INFO - Sync 1 DAGs
[2025-03-19T00:09:43.366+0000] {logging_mixin.py:190} INFO - [2025-03-19T00:09:43.366+0000] {dag.py:4180} INFO - Setting next_dagrun for tutorial_objectstorage to None, run_after=None
[2025-03-19T00:09:43.375+0000] {processor.py:208} INFO - Processing /home/airflow/.local/lib/python3.12/site-packages/airflow/example_dags/tutorial_objectstorage.py took 0.035 seconds
[2025-03-19T00:10:14.508+0000] {processor.py:186} INFO - Started process (PID=3478) to work on /home/airflow/.local/lib/python3.12/site-packages/airflow/example_dags/tutorial_objectstorage.py
[2025-03-19T00:10:14.510+0000] {processor.py:914} INFO - Processing file /home/airflow/.local/lib/python3.12/site-packages/airflow/example_dags/tutorial_objectstorage.py for tasks to queue
[2025-03-19T00:10:14.525+0000] {logging_mixin.py:190} INFO - [2025-03-19T00:10:14.524+0000] {dagbag.py:588} INFO - Filling up the DagBag from /home/airflow/.local/lib/python3.12/site-packages/airflow/example_dags/tutorial_objectstorage.py
[2025-03-19T00:10:14.541+0000] {processor.py:925} INFO - DAG(s) 'tutorial_objectstorage' retrieved from /home/airflow/.local/lib/python3.12/site-packages/airflow/example_dags/tutorial_objectstorage.py
[2025-03-19T00:10:14.607+0000] {logging_mixin.py:190} INFO - [2025-03-19T00:10:14.606+0000] {dag.py:3239} INFO - Sync 1 DAGs
[2025-03-19T00:10:14.676+0000] {logging_mixin.py:190} INFO - [2025-03-19T00:10:14.671+0000] {dag.py:4180} INFO - Setting next_dagrun for tutorial_objectstorage to None, run_after=None
[2025-03-19T00:10:14.717+0000] {processor.py:208} INFO - Processing /home/airflow/.local/lib/python3.12/site-packages/airflow/example_dags/tutorial_objectstorage.py took 0.215 seconds
[2025-03-19T00:10:45.577+0000] {processor.py:186} INFO - Started process (PID=3550) to work on /home/airflow/.local/lib/python3.12/site-packages/airflow/example_dags/tutorial_objectstorage.py
[2025-03-19T00:10:45.592+0000] {processor.py:914} INFO - Processing file /home/airflow/.local/lib/python3.12/site-packages/airflow/example_dags/tutorial_objectstorage.py for tasks to queue
[2025-03-19T00:10:45.598+0000] {logging_mixin.py:190} INFO - [2025-03-19T00:10:45.598+0000] {dagbag.py:588} INFO - Filling up the DagBag from /home/airflow/.local/lib/python3.12/site-packages/airflow/example_dags/tutorial_objectstorage.py
[2025-03-19T00:10:45.628+0000] {processor.py:925} INFO - DAG(s) 'tutorial_objectstorage' retrieved from /home/airflow/.local/lib/python3.12/site-packages/airflow/example_dags/tutorial_objectstorage.py
[2025-03-19T00:10:45.670+0000] {logging_mixin.py:190} INFO - [2025-03-19T00:10:45.669+0000] {dag.py:3239} INFO - Sync 1 DAGs
[2025-03-19T00:10:45.698+0000] {logging_mixin.py:190} INFO - [2025-03-19T00:10:45.698+0000] {dag.py:4180} INFO - Setting next_dagrun for tutorial_objectstorage to None, run_after=None
[2025-03-19T00:10:45.734+0000] {processor.py:208} INFO - Processing /home/airflow/.local/lib/python3.12/site-packages/airflow/example_dags/tutorial_objectstorage.py took 0.170 seconds
[2025-03-19T00:11:47.429+0000] {processor.py:186} INFO - Started process (PID=3694) to work on /home/airflow/.local/lib/python3.12/site-packages/airflow/example_dags/tutorial_objectstorage.py
[2025-03-19T00:11:47.434+0000] {processor.py:914} INFO - Processing file /home/airflow/.local/lib/python3.12/site-packages/airflow/example_dags/tutorial_objectstorage.py for tasks to queue
[2025-03-19T00:11:47.436+0000] {logging_mixin.py:190} INFO - [2025-03-19T00:11:47.436+0000] {dagbag.py:588} INFO - Filling up the DagBag from /home/airflow/.local/lib/python3.12/site-packages/airflow/example_dags/tutorial_objectstorage.py
[2025-03-19T00:11:47.479+0000] {processor.py:925} INFO - DAG(s) 'tutorial_objectstorage' retrieved from /home/airflow/.local/lib/python3.12/site-packages/airflow/example_dags/tutorial_objectstorage.py
[2025-03-19T00:11:47.527+0000] {logging_mixin.py:190} INFO - [2025-03-19T00:11:47.526+0000] {dag.py:3239} INFO - Sync 1 DAGs
[2025-03-19T00:11:47.557+0000] {logging_mixin.py:190} INFO - [2025-03-19T00:11:47.557+0000] {dag.py:4180} INFO - Setting next_dagrun for tutorial_objectstorage to None, run_after=None
[2025-03-19T00:11:47.598+0000] {processor.py:208} INFO - Processing /home/airflow/.local/lib/python3.12/site-packages/airflow/example_dags/tutorial_objectstorage.py took 0.182 seconds
[2025-03-19T00:12:18.111+0000] {processor.py:186} INFO - Started process (PID=3766) to work on /home/airflow/.local/lib/python3.12/site-packages/airflow/example_dags/tutorial_objectstorage.py
[2025-03-19T00:12:18.112+0000] {processor.py:914} INFO - Processing file /home/airflow/.local/lib/python3.12/site-packages/airflow/example_dags/tutorial_objectstorage.py for tasks to queue
[2025-03-19T00:12:18.113+0000] {logging_mixin.py:190} INFO - [2025-03-19T00:12:18.113+0000] {dagbag.py:588} INFO - Filling up the DagBag from /home/airflow/.local/lib/python3.12/site-packages/airflow/example_dags/tutorial_objectstorage.py
[2025-03-19T00:12:18.118+0000] {processor.py:925} INFO - DAG(s) 'tutorial_objectstorage' retrieved from /home/airflow/.local/lib/python3.12/site-packages/airflow/example_dags/tutorial_objectstorage.py
[2025-03-19T00:12:18.128+0000] {logging_mixin.py:190} INFO - [2025-03-19T00:12:18.128+0000] {dag.py:3239} INFO - Sync 1 DAGs
[2025-03-19T00:12:18.134+0000] {logging_mixin.py:190} INFO - [2025-03-19T00:12:18.134+0000] {dag.py:4180} INFO - Setting next_dagrun for tutorial_objectstorage to None, run_after=None
[2025-03-19T00:12:18.141+0000] {processor.py:208} INFO - Processing /home/airflow/.local/lib/python3.12/site-packages/airflow/example_dags/tutorial_objectstorage.py took 0.033 seconds
[2025-03-19T00:12:48.715+0000] {processor.py:186} INFO - Started process (PID=3838) to work on /home/airflow/.local/lib/python3.12/site-packages/airflow/example_dags/tutorial_objectstorage.py
[2025-03-19T00:12:48.718+0000] {processor.py:914} INFO - Processing file /home/airflow/.local/lib/python3.12/site-packages/airflow/example_dags/tutorial_objectstorage.py for tasks to queue
[2025-03-19T00:12:48.724+0000] {logging_mixin.py:190} INFO - [2025-03-19T00:12:48.723+0000] {dagbag.py:588} INFO - Filling up the DagBag from /home/airflow/.local/lib/python3.12/site-packages/airflow/example_dags/tutorial_objectstorage.py
[2025-03-19T00:12:48.747+0000] {processor.py:925} INFO - DAG(s) 'tutorial_objectstorage' retrieved from /home/airflow/.local/lib/python3.12/site-packages/airflow/example_dags/tutorial_objectstorage.py
[2025-03-19T00:12:48.797+0000] {logging_mixin.py:190} INFO - [2025-03-19T00:12:48.796+0000] {dag.py:3239} INFO - Sync 1 DAGs
[2025-03-19T00:12:48.829+0000] {logging_mixin.py:190} INFO - [2025-03-19T00:12:48.828+0000] {dag.py:4180} INFO - Setting next_dagrun for tutorial_objectstorage to None, run_after=None
[2025-03-19T00:12:48.866+0000] {processor.py:208} INFO - Processing /home/airflow/.local/lib/python3.12/site-packages/airflow/example_dags/tutorial_objectstorage.py took 0.172 seconds
[2025-03-19T00:13:19.341+0000] {processor.py:186} INFO - Started process (PID=3910) to work on /home/airflow/.local/lib/python3.12/site-packages/airflow/example_dags/tutorial_objectstorage.py
[2025-03-19T00:13:19.342+0000] {processor.py:914} INFO - Processing file /home/airflow/.local/lib/python3.12/site-packages/airflow/example_dags/tutorial_objectstorage.py for tasks to queue
[2025-03-19T00:13:19.345+0000] {logging_mixin.py:190} INFO - [2025-03-19T00:13:19.345+0000] {dagbag.py:588} INFO - Filling up the DagBag from /home/airflow/.local/lib/python3.12/site-packages/airflow/example_dags/tutorial_objectstorage.py
[2025-03-19T00:13:19.357+0000] {processor.py:925} INFO - DAG(s) 'tutorial_objectstorage' retrieved from /home/airflow/.local/lib/python3.12/site-packages/airflow/example_dags/tutorial_objectstorage.py
[2025-03-19T00:13:19.382+0000] {logging_mixin.py:190} INFO - [2025-03-19T00:13:19.382+0000] {dag.py:3239} INFO - Sync 1 DAGs
[2025-03-19T00:13:19.403+0000] {logging_mixin.py:190} INFO - [2025-03-19T00:13:19.403+0000] {dag.py:4180} INFO - Setting next_dagrun for tutorial_objectstorage to None, run_after=None
[2025-03-19T00:13:19.423+0000] {processor.py:208} INFO - Processing /home/airflow/.local/lib/python3.12/site-packages/airflow/example_dags/tutorial_objectstorage.py took 0.090 seconds
[2025-03-19T00:13:49.980+0000] {processor.py:186} INFO - Started process (PID=3981) to work on /home/airflow/.local/lib/python3.12/site-packages/airflow/example_dags/tutorial_objectstorage.py
[2025-03-19T00:13:49.980+0000] {processor.py:914} INFO - Processing file /home/airflow/.local/lib/python3.12/site-packages/airflow/example_dags/tutorial_objectstorage.py for tasks to queue
[2025-03-19T00:13:49.982+0000] {logging_mixin.py:190} INFO - [2025-03-19T00:13:49.981+0000] {dagbag.py:588} INFO - Filling up the DagBag from /home/airflow/.local/lib/python3.12/site-packages/airflow/example_dags/tutorial_objectstorage.py
[2025-03-19T00:13:49.987+0000] {processor.py:925} INFO - DAG(s) 'tutorial_objectstorage' retrieved from /home/airflow/.local/lib/python3.12/site-packages/airflow/example_dags/tutorial_objectstorage.py
[2025-03-19T00:13:49.996+0000] {logging_mixin.py:190} INFO - [2025-03-19T00:13:49.996+0000] {dag.py:3239} INFO - Sync 1 DAGs
[2025-03-19T00:13:50.002+0000] {logging_mixin.py:190} INFO - [2025-03-19T00:13:50.002+0000] {dag.py:4180} INFO - Setting next_dagrun for tutorial_objectstorage to None, run_after=None
[2025-03-19T00:13:50.011+0000] {processor.py:208} INFO - Processing /home/airflow/.local/lib/python3.12/site-packages/airflow/example_dags/tutorial_objectstorage.py took 0.034 seconds
