[2025-03-18T23:59:06.953+0000] {local_task_job_runner.py:123} INFO - ::group::Pre task execution logs
[2025-03-18T23:59:06.988+0000] {taskinstance.py:2614} INFO - Dependencies all met for dep_context=non-requeueable deps ti=<TaskInstance: fetch_sevdesk_contacts.fetch_sevdesk_contacts_task scheduled__2024-04-13T08:00:00+00:00 [queued]>
[2025-03-18T23:59:07.017+0000] {taskinstance.py:2614} INFO - Dependencies all met for dep_context=requeueable deps ti=<TaskInstance: fetch_sevdesk_contacts.fetch_sevdesk_contacts_task scheduled__2024-04-13T08:00:00+00:00 [queued]>
[2025-03-18T23:59:07.019+0000] {taskinstance.py:2867} INFO - Starting attempt 1 of 2
[2025-03-18T23:59:07.311+0000] {taskinstance.py:2890} INFO - Executing <Task(PythonOperator): fetch_sevdesk_contacts_task> on 2024-04-13 08:00:00+00:00
[2025-03-18T23:59:07.316+0000] {warnings.py:112} WARNING - /home/***/.local/lib/python3.12/site-packages/***/task/task_runner/standard_task_runner.py:70: DeprecationWarning: This process (pid=2062) is multi-threaded, use of fork() may lead to deadlocks in the child.
  pid = os.fork()

[2025-03-18T23:59:07.317+0000] {standard_task_runner.py:72} INFO - Started process 2089 to run task
[2025-03-18T23:59:07.325+0000] {standard_task_runner.py:104} INFO - Running: ['***', 'tasks', 'run', 'fetch_sevdesk_contacts', 'fetch_sevdesk_contacts_task', 'scheduled__2024-04-13T08:00:00+00:00', '--job-id', '966', '--raw', '--subdir', 'DAGS_FOLDER/fetch_sevdesk_contacts_dag.py', '--cfg-path', '/tmp/tmp5qg9zhjd']
[2025-03-18T23:59:07.327+0000] {standard_task_runner.py:105} INFO - Job 966: Subtask fetch_sevdesk_contacts_task
[2025-03-18T23:59:07.390+0000] {task_command.py:467} INFO - Running <TaskInstance: fetch_sevdesk_contacts.fetch_sevdesk_contacts_task scheduled__2024-04-13T08:00:00+00:00 [running]> on host e54e5582f32f
[2025-03-18T23:59:07.471+0000] {taskinstance.py:3134} INFO - Exporting env vars: AIRFLOW_CTX_DAG_OWNER='***' AIRFLOW_CTX_DAG_ID='fetch_sevdesk_contacts' AIRFLOW_CTX_TASK_ID='fetch_sevdesk_contacts_task' AIRFLOW_CTX_EXECUTION_DATE='2024-04-13T08:00:00+00:00' AIRFLOW_CTX_TRY_NUMBER='1' AIRFLOW_CTX_DAG_RUN_ID='scheduled__2024-04-13T08:00:00+00:00'
[2025-03-18T23:59:07.472+0000] {logging_mixin.py:190} INFO - Task instance is in running state
[2025-03-18T23:59:07.473+0000] {logging_mixin.py:190} INFO -  Previous state of the Task instance: queued
[2025-03-18T23:59:07.473+0000] {logging_mixin.py:190} INFO - Current task name:fetch_sevdesk_contacts_task state:running start_date:2025-03-18 23:59:06.990782+00:00
[2025-03-18T23:59:07.474+0000] {logging_mixin.py:190} INFO - Dag name:fetch_sevdesk_contacts and current dag run status:running
[2025-03-18T23:59:07.474+0000] {taskinstance.py:732} INFO - ::endgroup::
[2025-03-18T23:59:07.475+0000] {logging_mixin.py:190} INFO - Using createAfter filter: 2025-03-17T23:59:07.475684
[2025-03-18T23:59:07.476+0000] {logging_mixin.py:190} INFO - Current timestamp: 2025-03-18T23:59:07.475709
[2025-03-18T23:59:07.625+0000] {python.py:240} INFO - Done. Returned value was: None
[2025-03-18T23:59:07.635+0000] {taskinstance.py:341} INFO - ::group::Post task execution logs
[2025-03-18T23:59:07.636+0000] {taskinstance.py:353} INFO - Marking task as SUCCESS. dag_id=fetch_sevdesk_contacts, task_id=fetch_sevdesk_contacts_task, run_id=scheduled__2024-04-13T08:00:00+00:00, execution_date=20240413T080000, start_date=20250318T235906, end_date=20250318T235907
[2025-03-18T23:59:07.660+0000] {logging_mixin.py:190} INFO - Task instance in success state
[2025-03-18T23:59:07.661+0000] {logging_mixin.py:190} INFO -  Previous state of the Task instance: running
[2025-03-18T23:59:07.661+0000] {logging_mixin.py:190} INFO - Dag name:fetch_sevdesk_contacts queued_at:2025-03-18 23:59:03.281531+00:00
[2025-03-18T23:59:07.661+0000] {logging_mixin.py:190} INFO - Task hostname:e54e5582f32f operator:PythonOperator
[2025-03-18T23:59:07.670+0000] {local_task_job_runner.py:266} INFO - Task exited with return code 0
[2025-03-18T23:59:07.694+0000] {taskinstance.py:3901} INFO - 0 downstream tasks scheduled from follow-on schedule check
[2025-03-18T23:59:07.695+0000] {local_task_job_runner.py:245} INFO - ::endgroup::
