[2025-03-19T00:06:22.584+0000] {local_task_job_runner.py:123} INFO - ::group::Pre task execution logs
[2025-03-19T00:06:22.850+0000] {taskinstance.py:2614} INFO - Dependencies all met for dep_context=non-requeueable deps ti=<TaskInstance: fetch_sevdesk_contacts.fetch_sevdesk_contacts_task scheduled__2024-05-11T16:00:00+00:00 [queued]>
[2025-03-19T00:06:22.862+0000] {taskinstance.py:2614} INFO - Dependencies all met for dep_context=requeueable deps ti=<TaskInstance: fetch_sevdesk_contacts.fetch_sevdesk_contacts_task scheduled__2024-05-11T16:00:00+00:00 [queued]>
[2025-03-19T00:06:22.866+0000] {taskinstance.py:2867} INFO - Starting attempt 1 of 2
[2025-03-19T00:06:22.885+0000] {taskinstance.py:2890} INFO - Executing <Task(PythonOperator): fetch_sevdesk_contacts_task> on 2024-05-11 16:00:00+00:00
[2025-03-19T00:06:22.894+0000] {warnings.py:112} WARNING - /home/***/.local/lib/python3.12/site-packages/***/task/task_runner/standard_task_runner.py:70: DeprecationWarning: This process (pid=4211) is multi-threaded, use of fork() may lead to deadlocks in the child.
  pid = os.fork()

[2025-03-19T00:06:22.896+0000] {standard_task_runner.py:104} INFO - Running: ['***', 'tasks', 'run', 'fetch_sevdesk_contacts', 'fetch_sevdesk_contacts_task', 'scheduled__2024-05-11T16:00:00+00:00', '--job-id', '1651', '--raw', '--subdir', 'DAGS_FOLDER/fetch_sevdesk_contacts_dag.py', '--cfg-path', '/tmp/tmpx5zbfjbq']
[2025-03-19T00:06:22.908+0000] {standard_task_runner.py:105} INFO - Job 1651: Subtask fetch_sevdesk_contacts_task
[2025-03-19T00:06:22.899+0000] {standard_task_runner.py:72} INFO - Started process 4236 to run task
[2025-03-19T00:06:22.997+0000] {task_command.py:467} INFO - Running <TaskInstance: fetch_sevdesk_contacts.fetch_sevdesk_contacts_task scheduled__2024-05-11T16:00:00+00:00 [running]> on host e54e5582f32f
[2025-03-19T00:06:23.076+0000] {taskinstance.py:3134} INFO - Exporting env vars: AIRFLOW_CTX_DAG_OWNER='***' AIRFLOW_CTX_DAG_ID='fetch_sevdesk_contacts' AIRFLOW_CTX_TASK_ID='fetch_sevdesk_contacts_task' AIRFLOW_CTX_EXECUTION_DATE='2024-05-11T16:00:00+00:00' AIRFLOW_CTX_TRY_NUMBER='1' AIRFLOW_CTX_DAG_RUN_ID='scheduled__2024-05-11T16:00:00+00:00'
[2025-03-19T00:06:23.078+0000] {logging_mixin.py:190} INFO - Task instance is in running state
[2025-03-19T00:06:23.079+0000] {logging_mixin.py:190} INFO -  Previous state of the Task instance: queued
[2025-03-19T00:06:23.080+0000] {logging_mixin.py:190} INFO - Current task name:fetch_sevdesk_contacts_task state:running start_date:2025-03-19 00:06:22.851802+00:00
[2025-03-19T00:06:23.081+0000] {logging_mixin.py:190} INFO - Dag name:fetch_sevdesk_contacts and current dag run status:running
[2025-03-19T00:06:23.081+0000] {taskinstance.py:732} INFO - ::endgroup::
[2025-03-19T00:06:23.082+0000] {logging_mixin.py:190} INFO - Using createAfter filter: 2025-03-18T00:06:23.082264
[2025-03-19T00:06:23.082+0000] {logging_mixin.py:190} INFO - Current timestamp: 2025-03-19T00:06:23.082276
[2025-03-19T00:06:23.227+0000] {python.py:240} INFO - Done. Returned value was: None
[2025-03-19T00:06:23.245+0000] {taskinstance.py:341} INFO - ::group::Post task execution logs
[2025-03-19T00:06:23.249+0000] {taskinstance.py:353} INFO - Marking task as SUCCESS. dag_id=fetch_sevdesk_contacts, task_id=fetch_sevdesk_contacts_task, run_id=scheduled__2024-05-11T16:00:00+00:00, execution_date=20240511T160000, start_date=20250319T000622, end_date=20250319T000623
[2025-03-19T00:06:23.310+0000] {logging_mixin.py:190} INFO - Task instance in success state
[2025-03-19T00:06:23.312+0000] {logging_mixin.py:190} INFO -  Previous state of the Task instance: running
[2025-03-19T00:06:23.313+0000] {logging_mixin.py:190} INFO - Dag name:fetch_sevdesk_contacts queued_at:2025-03-19 00:06:19.633918+00:00
[2025-03-19T00:06:23.313+0000] {logging_mixin.py:190} INFO - Task hostname:e54e5582f32f operator:PythonOperator
[2025-03-19T00:06:23.341+0000] {local_task_job_runner.py:266} INFO - Task exited with return code 0
[2025-03-19T00:06:23.371+0000] {taskinstance.py:3901} INFO - 0 downstream tasks scheduled from follow-on schedule check
[2025-03-19T00:06:23.374+0000] {local_task_job_runner.py:245} INFO - ::endgroup::
