[2025-03-18T23:59:29.194+0000] {local_task_job_runner.py:123} INFO - ::group::Pre task execution logs
[2025-03-18T23:59:29.225+0000] {taskinstance.py:2614} INFO - Dependencies all met for dep_context=non-requeueable deps ti=<TaskInstance: fetch_sevdesk_contacts.fetch_sevdesk_contacts_task scheduled__2024-04-14T14:00:00+00:00 [queued]>
[2025-03-18T23:59:29.240+0000] {taskinstance.py:2614} INFO - Dependencies all met for dep_context=requeueable deps ti=<TaskInstance: fetch_sevdesk_contacts.fetch_sevdesk_contacts_task scheduled__2024-04-14T14:00:00+00:00 [queued]>
[2025-03-18T23:59:29.241+0000] {taskinstance.py:2867} INFO - Starting attempt 1 of 2
[2025-03-18T23:59:29.692+0000] {taskinstance.py:2890} INFO - Executing <Task(PythonOperator): fetch_sevdesk_contacts_task> on 2024-04-14 14:00:00+00:00
[2025-03-18T23:59:29.698+0000] {warnings.py:112} WARNING - /home/***/.local/lib/python3.12/site-packages/***/task/task_runner/standard_task_runner.py:70: DeprecationWarning: This process (pid=2163) is multi-threaded, use of fork() may lead to deadlocks in the child.
  pid = os.fork()

[2025-03-18T23:59:29.702+0000] {standard_task_runner.py:72} INFO - Started process 2188 to run task
[2025-03-18T23:59:29.704+0000] {standard_task_runner.py:104} INFO - Running: ['***', 'tasks', 'run', 'fetch_sevdesk_contacts', 'fetch_sevdesk_contacts_task', 'scheduled__2024-04-14T14:00:00+00:00', '--job-id', '996', '--raw', '--subdir', 'DAGS_FOLDER/fetch_sevdesk_contacts_dag.py', '--cfg-path', '/tmp/tmpc1mncsr3']
[2025-03-18T23:59:29.706+0000] {standard_task_runner.py:105} INFO - Job 996: Subtask fetch_sevdesk_contacts_task
[2025-03-18T23:59:29.823+0000] {task_command.py:467} INFO - Running <TaskInstance: fetch_sevdesk_contacts.fetch_sevdesk_contacts_task scheduled__2024-04-14T14:00:00+00:00 [running]> on host e54e5582f32f
[2025-03-18T23:59:29.922+0000] {taskinstance.py:3134} INFO - Exporting env vars: AIRFLOW_CTX_DAG_OWNER='***' AIRFLOW_CTX_DAG_ID='fetch_sevdesk_contacts' AIRFLOW_CTX_TASK_ID='fetch_sevdesk_contacts_task' AIRFLOW_CTX_EXECUTION_DATE='2024-04-14T14:00:00+00:00' AIRFLOW_CTX_TRY_NUMBER='1' AIRFLOW_CTX_DAG_RUN_ID='scheduled__2024-04-14T14:00:00+00:00'
[2025-03-18T23:59:29.925+0000] {logging_mixin.py:190} INFO - Task instance is in running state
[2025-03-18T23:59:29.925+0000] {logging_mixin.py:190} INFO -  Previous state of the Task instance: queued
[2025-03-18T23:59:29.926+0000] {logging_mixin.py:190} INFO - Current task name:fetch_sevdesk_contacts_task state:running start_date:2025-03-18 23:59:29.228850+00:00
[2025-03-18T23:59:29.927+0000] {logging_mixin.py:190} INFO - Dag name:fetch_sevdesk_contacts and current dag run status:running
[2025-03-18T23:59:29.928+0000] {taskinstance.py:732} INFO - ::endgroup::
[2025-03-18T23:59:29.929+0000] {logging_mixin.py:190} INFO - Using createAfter filter: 2025-03-17T23:59:29.929691
[2025-03-18T23:59:29.930+0000] {logging_mixin.py:190} INFO - Current timestamp: 2025-03-18T23:59:29.929700
[2025-03-18T23:59:30.099+0000] {python.py:240} INFO - Done. Returned value was: None
[2025-03-18T23:59:30.111+0000] {taskinstance.py:341} INFO - ::group::Post task execution logs
[2025-03-18T23:59:30.112+0000] {taskinstance.py:353} INFO - Marking task as SUCCESS. dag_id=fetch_sevdesk_contacts, task_id=fetch_sevdesk_contacts_task, run_id=scheduled__2024-04-14T14:00:00+00:00, execution_date=20240414T140000, start_date=20250318T235929, end_date=20250318T235930
[2025-03-18T23:59:30.158+0000] {logging_mixin.py:190} INFO - Task instance in success state
[2025-03-18T23:59:30.162+0000] {logging_mixin.py:190} INFO -  Previous state of the Task instance: running
[2025-03-18T23:59:30.163+0000] {logging_mixin.py:190} INFO - Dag name:fetch_sevdesk_contacts queued_at:2025-03-18 23:59:25.621958+00:00
[2025-03-18T23:59:30.164+0000] {logging_mixin.py:190} INFO - Task hostname:e54e5582f32f operator:PythonOperator
[2025-03-18T23:59:30.190+0000] {local_task_job_runner.py:266} INFO - Task exited with return code 0
[2025-03-18T23:59:30.217+0000] {taskinstance.py:3901} INFO - 0 downstream tasks scheduled from follow-on schedule check
[2025-03-18T23:59:30.232+0000] {local_task_job_runner.py:245} INFO - ::endgroup::
