[2025-03-18T23:59:50.421+0000] {local_task_job_runner.py:123} INFO - ::group::Pre task execution logs
[2025-03-18T23:59:50.482+0000] {taskinstance.py:2614} INFO - Dependencies all met for dep_context=non-requeueable deps ti=<TaskInstance: fetch_sevdesk_contacts.fetch_sevdesk_contacts_task scheduled__2024-04-15T17:00:00+00:00 [queued]>
[2025-03-18T23:59:50.519+0000] {taskinstance.py:2614} INFO - Dependencies all met for dep_context=requeueable deps ti=<TaskInstance: fetch_sevdesk_contacts.fetch_sevdesk_contacts_task scheduled__2024-04-15T17:00:00+00:00 [queued]>
[2025-03-18T23:59:50.524+0000] {taskinstance.py:2867} INFO - Starting attempt 1 of 2
[2025-03-18T23:59:51.247+0000] {taskinstance.py:2890} INFO - Executing <Task(PythonOperator): fetch_sevdesk_contacts_task> on 2024-04-15 17:00:00+00:00
[2025-03-18T23:59:51.259+0000] {warnings.py:112} WARNING - /home/***/.local/lib/python3.12/site-packages/***/task/task_runner/standard_task_runner.py:70: DeprecationWarning: This process (pid=2254) is multi-threaded, use of fork() may lead to deadlocks in the child.
  pid = os.fork()

[2025-03-18T23:59:51.279+0000] {standard_task_runner.py:72} INFO - Started process 2278 to run task
[2025-03-18T23:59:51.261+0000] {standard_task_runner.py:104} INFO - Running: ['***', 'tasks', 'run', 'fetch_sevdesk_contacts', 'fetch_sevdesk_contacts_task', 'scheduled__2024-04-15T17:00:00+00:00', '--job-id', '1023', '--raw', '--subdir', 'DAGS_FOLDER/fetch_sevdesk_contacts_dag.py', '--cfg-path', '/tmp/tmpqwd1en1i']
[2025-03-18T23:59:51.281+0000] {standard_task_runner.py:105} INFO - Job 1023: Subtask fetch_sevdesk_contacts_task
[2025-03-18T23:59:51.504+0000] {task_command.py:467} INFO - Running <TaskInstance: fetch_sevdesk_contacts.fetch_sevdesk_contacts_task scheduled__2024-04-15T17:00:00+00:00 [running]> on host e54e5582f32f
[2025-03-18T23:59:51.684+0000] {taskinstance.py:3134} INFO - Exporting env vars: AIRFLOW_CTX_DAG_OWNER='***' AIRFLOW_CTX_DAG_ID='fetch_sevdesk_contacts' AIRFLOW_CTX_TASK_ID='fetch_sevdesk_contacts_task' AIRFLOW_CTX_EXECUTION_DATE='2024-04-15T17:00:00+00:00' AIRFLOW_CTX_TRY_NUMBER='1' AIRFLOW_CTX_DAG_RUN_ID='scheduled__2024-04-15T17:00:00+00:00'
[2025-03-18T23:59:51.689+0000] {logging_mixin.py:190} INFO - Task instance is in running state
[2025-03-18T23:59:51.695+0000] {logging_mixin.py:190} INFO -  Previous state of the Task instance: queued
[2025-03-18T23:59:51.698+0000] {logging_mixin.py:190} INFO - Current task name:fetch_sevdesk_contacts_task state:running start_date:2025-03-18 23:59:50.488181+00:00
[2025-03-18T23:59:51.718+0000] {logging_mixin.py:190} INFO - Dag name:fetch_sevdesk_contacts and current dag run status:running
[2025-03-18T23:59:51.722+0000] {taskinstance.py:732} INFO - ::endgroup::
[2025-03-18T23:59:51.722+0000] {logging_mixin.py:190} INFO - Using createAfter filter: 2025-03-17T23:59:51.722867
[2025-03-18T23:59:51.723+0000] {logging_mixin.py:190} INFO - Current timestamp: 2025-03-18T23:59:51.722879
[2025-03-18T23:59:51.974+0000] {python.py:240} INFO - Done. Returned value was: None
[2025-03-18T23:59:52.020+0000] {taskinstance.py:341} INFO - ::group::Post task execution logs
[2025-03-18T23:59:52.024+0000] {taskinstance.py:353} INFO - Marking task as SUCCESS. dag_id=fetch_sevdesk_contacts, task_id=fetch_sevdesk_contacts_task, run_id=scheduled__2024-04-15T17:00:00+00:00, execution_date=20240415T170000, start_date=20250318T235950, end_date=20250318T235952
[2025-03-18T23:59:52.102+0000] {logging_mixin.py:190} INFO - Task instance in success state
[2025-03-18T23:59:52.108+0000] {logging_mixin.py:190} INFO -  Previous state of the Task instance: running
[2025-03-18T23:59:52.118+0000] {logging_mixin.py:190} INFO - Dag name:fetch_sevdesk_contacts queued_at:2025-03-18 23:59:47.137490+00:00
[2025-03-18T23:59:52.122+0000] {logging_mixin.py:190} INFO - Task hostname:e54e5582f32f operator:PythonOperator
[2025-03-18T23:59:52.145+0000] {local_task_job_runner.py:266} INFO - Task exited with return code 0
[2025-03-18T23:59:52.275+0000] {local_task_job_runner.py:245} INFO - ::endgroup::
