[2025-03-19T00:08:01.692+0000] {local_task_job_runner.py:123} INFO - ::group::Pre task execution logs
[2025-03-19T00:08:01.756+0000] {taskinstance.py:2614} INFO - Dependencies all met for dep_context=non-requeueable deps ti=<TaskInstance: fetch_sevdesk_contacts.fetch_sevdesk_contacts_task scheduled__2024-05-19T06:00:00+00:00 [queued]>
[2025-03-19T00:08:01.838+0000] {taskinstance.py:2614} INFO - Dependencies all met for dep_context=requeueable deps ti=<TaskInstance: fetch_sevdesk_contacts.fetch_sevdesk_contacts_task scheduled__2024-05-19T06:00:00+00:00 [queued]>
[2025-03-19T00:08:01.841+0000] {taskinstance.py:2867} INFO - Starting attempt 1 of 2
[2025-03-19T00:08:02.370+0000] {taskinstance.py:2890} INFO - Executing <Task(PythonOperator): fetch_sevdesk_contacts_task> on 2024-05-19 06:00:00+00:00
[2025-03-19T00:08:02.384+0000] {warnings.py:112} WARNING - /home/***/.local/lib/python3.12/site-packages/***/task/task_runner/standard_task_runner.py:70: DeprecationWarning: This process (pid=4794) is multi-threaded, use of fork() may lead to deadlocks in the child.
  pid = os.fork()

[2025-03-19T00:08:02.398+0000] {standard_task_runner.py:72} INFO - Started process 4809 to run task
[2025-03-19T00:08:02.396+0000] {standard_task_runner.py:104} INFO - Running: ['***', 'tasks', 'run', 'fetch_sevdesk_contacts', 'fetch_sevdesk_contacts_task', 'scheduled__2024-05-19T06:00:00+00:00', '--job-id', '1832', '--raw', '--subdir', 'DAGS_FOLDER/fetch_sevdesk_contacts_dag.py', '--cfg-path', '/tmp/tmphu3qfeq4']
[2025-03-19T00:08:02.432+0000] {standard_task_runner.py:105} INFO - Job 1832: Subtask fetch_sevdesk_contacts_task
[2025-03-19T00:08:02.706+0000] {task_command.py:467} INFO - Running <TaskInstance: fetch_sevdesk_contacts.fetch_sevdesk_contacts_task scheduled__2024-05-19T06:00:00+00:00 [running]> on host e54e5582f32f
[2025-03-19T00:08:02.964+0000] {taskinstance.py:3134} INFO - Exporting env vars: AIRFLOW_CTX_DAG_OWNER='***' AIRFLOW_CTX_DAG_ID='fetch_sevdesk_contacts' AIRFLOW_CTX_TASK_ID='fetch_sevdesk_contacts_task' AIRFLOW_CTX_EXECUTION_DATE='2024-05-19T06:00:00+00:00' AIRFLOW_CTX_TRY_NUMBER='1' AIRFLOW_CTX_DAG_RUN_ID='scheduled__2024-05-19T06:00:00+00:00'
[2025-03-19T00:08:02.972+0000] {logging_mixin.py:190} INFO - Task instance is in running state
[2025-03-19T00:08:02.974+0000] {logging_mixin.py:190} INFO -  Previous state of the Task instance: queued
[2025-03-19T00:08:02.974+0000] {logging_mixin.py:190} INFO - Current task name:fetch_sevdesk_contacts_task state:running start_date:2025-03-19 00:08:01.760205+00:00
[2025-03-19T00:08:02.975+0000] {logging_mixin.py:190} INFO - Dag name:fetch_sevdesk_contacts and current dag run status:running
[2025-03-19T00:08:02.976+0000] {taskinstance.py:732} INFO - ::endgroup::
[2025-03-19T00:08:02.979+0000] {logging_mixin.py:190} INFO - Using createAfter filter: 2025-03-18T00:08:02.978983
[2025-03-19T00:08:02.979+0000] {logging_mixin.py:190} INFO - Current timestamp: 2025-03-19T00:08:02.978993
[2025-03-19T00:08:03.303+0000] {python.py:240} INFO - Done. Returned value was: None
[2025-03-19T00:08:03.409+0000] {taskinstance.py:341} INFO - ::group::Post task execution logs
[2025-03-19T00:08:03.412+0000] {taskinstance.py:353} INFO - Marking task as SUCCESS. dag_id=fetch_sevdesk_contacts, task_id=fetch_sevdesk_contacts_task, run_id=scheduled__2024-05-19T06:00:00+00:00, execution_date=20240519T060000, start_date=20250319T000801, end_date=20250319T000803
[2025-03-19T00:08:03.540+0000] {logging_mixin.py:190} INFO - Task instance in success state
[2025-03-19T00:08:03.569+0000] {logging_mixin.py:190} INFO -  Previous state of the Task instance: running
[2025-03-19T00:08:03.569+0000] {logging_mixin.py:190} INFO - Dag name:fetch_sevdesk_contacts queued_at:2025-03-19 00:07:59.443305+00:00
[2025-03-19T00:08:03.569+0000] {logging_mixin.py:190} INFO - Task hostname:e54e5582f32f operator:PythonOperator
[2025-03-19T00:08:03.677+0000] {local_task_job_runner.py:266} INFO - Task exited with return code 0
