[2025-03-19T00:09:29.933+0000] {local_task_job_runner.py:123} INFO - ::group::Pre task execution logs
[2025-03-19T00:09:30.417+0000] {taskinstance.py:2614} INFO - Dependencies all met for dep_context=non-requeueable deps ti=<TaskInstance: fetch_sevdesk_contacts.fetch_sevdesk_contacts_task scheduled__2024-05-26T00:00:00+00:00 [queued]>
[2025-03-19T00:09:30.442+0000] {taskinstance.py:2614} INFO - Dependencies all met for dep_context=requeueable deps ti=<TaskInstance: fetch_sevdesk_contacts.fetch_sevdesk_contacts_task scheduled__2024-05-26T00:00:00+00:00 [queued]>
[2025-03-19T00:09:30.442+0000] {taskinstance.py:2867} INFO - Starting attempt 1 of 2
[2025-03-19T00:09:30.524+0000] {taskinstance.py:2890} INFO - Executing <Task(PythonOperator): fetch_sevdesk_contacts_task> on 2024-05-26 00:00:00+00:00
[2025-03-19T00:09:30.564+0000] {standard_task_runner.py:104} INFO - Running: ['***', 'tasks', 'run', 'fetch_sevdesk_contacts', 'fetch_sevdesk_contacts_task', 'scheduled__2024-05-26T00:00:00+00:00', '--job-id', '1994', '--raw', '--subdir', 'DAGS_FOLDER/fetch_sevdesk_contacts_dag.py', '--cfg-path', '/tmp/tmpi4i6qi_p']
[2025-03-19T00:09:30.567+0000] {standard_task_runner.py:105} INFO - Job 1994: Subtask fetch_sevdesk_contacts_task
[2025-03-19T00:09:30.555+0000] {warnings.py:112} WARNING - /home/***/.local/lib/python3.12/site-packages/***/task/task_runner/standard_task_runner.py:70: DeprecationWarning: This process (pid=5301) is multi-threaded, use of fork() may lead to deadlocks in the child.
  pid = os.fork()

[2025-03-19T00:09:30.576+0000] {standard_task_runner.py:72} INFO - Started process 5316 to run task
[2025-03-19T00:09:30.761+0000] {task_command.py:467} INFO - Running <TaskInstance: fetch_sevdesk_contacts.fetch_sevdesk_contacts_task scheduled__2024-05-26T00:00:00+00:00 [running]> on host e54e5582f32f
[2025-03-19T00:09:30.909+0000] {taskinstance.py:3134} INFO - Exporting env vars: AIRFLOW_CTX_DAG_OWNER='***' AIRFLOW_CTX_DAG_ID='fetch_sevdesk_contacts' AIRFLOW_CTX_TASK_ID='fetch_sevdesk_contacts_task' AIRFLOW_CTX_EXECUTION_DATE='2024-05-26T00:00:00+00:00' AIRFLOW_CTX_TRY_NUMBER='1' AIRFLOW_CTX_DAG_RUN_ID='scheduled__2024-05-26T00:00:00+00:00'
[2025-03-19T00:09:30.916+0000] {logging_mixin.py:190} INFO - Task instance is in running state
[2025-03-19T00:09:30.944+0000] {logging_mixin.py:190} INFO -  Previous state of the Task instance: queued
[2025-03-19T00:09:30.948+0000] {logging_mixin.py:190} INFO - Current task name:fetch_sevdesk_contacts_task state:running start_date:2025-03-19 00:09:30.417723+00:00
[2025-03-19T00:09:30.952+0000] {logging_mixin.py:190} INFO - Dag name:fetch_sevdesk_contacts and current dag run status:running
[2025-03-19T00:09:30.953+0000] {taskinstance.py:732} INFO - ::endgroup::
[2025-03-19T00:09:30.956+0000] {logging_mixin.py:190} INFO - Using createAfter filter: 2025-03-18T00:09:30.956790
[2025-03-19T00:09:30.957+0000] {logging_mixin.py:190} INFO - Current timestamp: 2025-03-19T00:09:30.956802
[2025-03-19T00:09:31.115+0000] {python.py:240} INFO - Done. Returned value was: None
[2025-03-19T00:09:31.188+0000] {taskinstance.py:341} INFO - ::group::Post task execution logs
[2025-03-19T00:09:31.189+0000] {taskinstance.py:353} INFO - Marking task as SUCCESS. dag_id=fetch_sevdesk_contacts, task_id=fetch_sevdesk_contacts_task, run_id=scheduled__2024-05-26T00:00:00+00:00, execution_date=20240526T000000, start_date=20250319T000930, end_date=20250319T000931
[2025-03-19T00:09:31.243+0000] {logging_mixin.py:190} INFO - Task instance in success state
[2025-03-19T00:09:31.246+0000] {logging_mixin.py:190} INFO -  Previous state of the Task instance: running
[2025-03-19T00:09:31.272+0000] {logging_mixin.py:190} INFO - Dag name:fetch_sevdesk_contacts queued_at:2025-03-19 00:09:27.991653+00:00
[2025-03-19T00:09:31.275+0000] {logging_mixin.py:190} INFO - Task hostname:e54e5582f32f operator:PythonOperator
[2025-03-19T00:09:31.312+0000] {local_task_job_runner.py:266} INFO - Task exited with return code 0
[2025-03-19T00:09:31.364+0000] {taskinstance.py:3901} INFO - 0 downstream tasks scheduled from follow-on schedule check
[2025-03-19T00:09:31.377+0000] {local_task_job_runner.py:245} INFO - ::endgroup::
