[2025-03-17T22:53:34.144+0000] {local_task_job_runner.py:123} INFO - ::group::Pre task execution logs
[2025-03-17T22:53:34.150+0000] {taskinstance.py:2614} INFO - Dependencies all met for dep_context=non-requeueable deps ti=<TaskInstance: sevdesk_to_hubspot_sync.list_and_create_contacts manual__2025-03-17T22:53:33.169984+00:00 [queued]>
[2025-03-17T22:53:34.152+0000] {taskinstance.py:2614} INFO - Dependencies all met for dep_context=requeueable deps ti=<TaskInstance: sevdesk_to_hubspot_sync.list_and_create_contacts manual__2025-03-17T22:53:33.169984+00:00 [queued]>
[2025-03-17T22:53:34.152+0000] {taskinstance.py:2867} INFO - Starting attempt 1 of 2
[2025-03-17T22:53:34.219+0000] {taskinstance.py:2890} INFO - Executing <Task(PythonOperator): list_and_create_contacts> on 2025-03-17 22:53:33.169984+00:00
[2025-03-17T22:53:34.223+0000] {warnings.py:112} WARNING - /home/***/.local/lib/python3.12/site-packages/***/task/task_runner/standard_task_runner.py:70: DeprecationWarning: This process (pid=364) is multi-threaded, use of fork() may lead to deadlocks in the child.
  pid = os.fork()

[2025-03-17T22:53:34.224+0000] {standard_task_runner.py:72} INFO - Started process 365 to run task
[2025-03-17T22:53:34.224+0000] {standard_task_runner.py:104} INFO - Running: ['***', 'tasks', 'run', 'sevdesk_to_hubspot_sync', 'list_and_create_contacts', 'manual__2025-03-17T22:53:33.169984+00:00', '--job-id', '113', '--raw', '--subdir', 'DAGS_FOLDER/postToHubspot.py', '--cfg-path', '/tmp/tmp1s8rkbde']
[2025-03-17T22:53:34.225+0000] {standard_task_runner.py:105} INFO - Job 113: Subtask list_and_create_contacts
[2025-03-17T22:53:34.252+0000] {task_command.py:467} INFO - Running <TaskInstance: sevdesk_to_hubspot_sync.list_and_create_contacts manual__2025-03-17T22:53:33.169984+00:00 [running]> on host 07c6dae1fdd0
[2025-03-17T22:53:34.277+0000] {taskinstance.py:3134} INFO - Exporting env vars: AIRFLOW_CTX_DAG_OWNER='***' AIRFLOW_CTX_DAG_ID='sevdesk_to_hubspot_sync' AIRFLOW_CTX_TASK_ID='list_and_create_contacts' AIRFLOW_CTX_EXECUTION_DATE='2025-03-17T22:53:33.169984+00:00' AIRFLOW_CTX_TRY_NUMBER='1' AIRFLOW_CTX_DAG_RUN_ID='manual__2025-03-17T22:53:33.169984+00:00'
[2025-03-17T22:53:34.277+0000] {logging_mixin.py:190} INFO - Task instance is in running state
[2025-03-17T22:53:34.277+0000] {logging_mixin.py:190} INFO -  Previous state of the Task instance: queued
[2025-03-17T22:53:34.277+0000] {logging_mixin.py:190} INFO - Current task name:list_and_create_contacts state:running start_date:2025-03-17 22:53:34.150416+00:00
[2025-03-17T22:53:34.278+0000] {logging_mixin.py:190} INFO - Dag name:sevdesk_to_hubspot_sync and current dag run status:running
[2025-03-17T22:53:34.278+0000] {taskinstance.py:732} INFO - ::endgroup::
[2025-03-17T22:53:34.781+0000] {logging_mixin.py:190} INFO - +------------+------------------------+-----------+--------------------------+---------------------------+---------------------------+------------+
[2025-03-17T22:53:34.782+0000] {logging_mixin.py:190} INFO - | Contact ID |   First Name           | Last Name |          Email           |          Created          | Sensor Timestamp          | Flag       |
[2025-03-17T22:53:34.782+0000] {logging_mixin.py:190} INFO - +------------+------------------------+-----------+--------------------------+---------------------------+---------------------------+------------+
[2025-03-17T22:53:34.783+0000] {logging_mixin.py:190} INFO - ❌ Invalid or missing email for Contact ID: 99183170. Skipping creation.
[2025-03-17T22:53:34.784+0000] {logging_mixin.py:190} INFO - ❌ Invalid or missing email for Contact ID: 99182294. Skipping creation.
[2025-03-17T22:53:34.784+0000] {logging_mixin.py:190} INFO - ❌ Invalid or missing email for Contact ID: 99178582. Skipping creation.
[2025-03-17T22:53:34.784+0000] {logging_mixin.py:190} INFO - ❌ Invalid or missing email for Contact ID: 99178296. Skipping creation.
[2025-03-17T22:53:34.785+0000] {logging_mixin.py:190} INFO - ❌ Invalid or missing email for Contact ID: 99177988. Skipping creation.
[2025-03-17T22:53:34.785+0000] {logging_mixin.py:190} INFO - ❌ Invalid or missing email for Contact ID: 99177549. Skipping creation.
[2025-03-17T22:53:34.786+0000] {logging_mixin.py:190} INFO - ❌ Invalid or missing email for Contact ID: 99176805. Skipping creation.
[2025-03-17T22:53:34.786+0000] {logging_mixin.py:190} INFO - ❌ Invalid or missing email for Contact ID: 99176275. Skipping creation.
[2025-03-17T22:53:34.786+0000] {logging_mixin.py:190} INFO - ❌ Invalid or missing email for Contact ID: 99173138. Skipping creation.
[2025-03-17T22:53:34.787+0000] {logging_mixin.py:190} INFO - ❌ Invalid or missing email for Contact ID: 99172144. Skipping creation.
[2025-03-17T22:53:34.787+0000] {logging_mixin.py:190} INFO - ❌ Invalid or missing email for Contact ID: 98976708. Skipping creation.
[2025-03-17T22:53:34.788+0000] {logging_mixin.py:190} INFO - ❌ Invalid or missing email for Contact ID: 98971508. Skipping creation.
[2025-03-17T22:53:34.788+0000] {logging_mixin.py:190} INFO - ❌ Invalid or missing email for Contact ID: 98971422. Skipping creation.
[2025-03-17T22:53:34.788+0000] {logging_mixin.py:190} INFO - ❌ Invalid or missing email for Contact ID: 98970848. Skipping creation.
[2025-03-17T22:53:34.789+0000] {logging_mixin.py:190} INFO - ❌ Invalid or missing email for Contact ID: 98969935. Skipping creation.
[2025-03-17T22:53:34.789+0000] {logging_mixin.py:190} INFO - ❌ Invalid or missing email for Contact ID: 98956413. Skipping creation.
[2025-03-17T22:53:34.789+0000] {logging_mixin.py:190} INFO - ❌ Invalid or missing email for Contact ID: 98953498. Skipping creation.
[2025-03-17T22:53:34.789+0000] {logging_mixin.py:190} INFO - ❌ Invalid or missing email for Contact ID: 98932742. Skipping creation.
[2025-03-17T22:53:34.790+0000] {logging_mixin.py:190} INFO - ❌ Invalid or missing email for Contact ID: 98930430. Skipping creation.
[2025-03-17T22:53:34.790+0000] {logging_mixin.py:190} INFO - ❌ Invalid or missing email for Contact ID: 98930400. Skipping creation.
[2025-03-17T22:53:34.790+0000] {logging_mixin.py:190} INFO - ❌ Invalid or missing email for Contact ID: 98930384. Skipping creation.
[2025-03-17T22:53:34.790+0000] {logging_mixin.py:190} INFO - ❌ Invalid or missing email for Contact ID: 98930326. Skipping creation.
[2025-03-17T22:53:34.791+0000] {logging_mixin.py:190} INFO - ❌ Invalid or missing email for Contact ID: 98930274. Skipping creation.
[2025-03-17T22:53:34.791+0000] {logging_mixin.py:190} INFO - ❌ Invalid or missing email for Contact ID: 98929863. Skipping creation.
[2025-03-17T22:53:34.791+0000] {logging_mixin.py:190} INFO - ❌ Invalid or missing email for Contact ID: 98928548. Skipping creation.
[2025-03-17T22:53:34.791+0000] {logging_mixin.py:190} INFO - ❌ Invalid or missing email for Contact ID: 98928508. Skipping creation.
[2025-03-17T22:53:34.791+0000] {logging_mixin.py:190} INFO - ❌ Invalid or missing email for Contact ID: 98890719. Skipping creation.
[2025-03-17T22:53:34.792+0000] {logging_mixin.py:190} INFO - ❌ Invalid or missing email for Contact ID: 98873796. Skipping creation.
[2025-03-17T22:53:34.792+0000] {logging_mixin.py:190} INFO - ❌ Invalid or missing email for Contact ID: 98192934. Skipping creation.
[2025-03-17T22:53:34.792+0000] {logging_mixin.py:190} INFO - ❌ Invalid or missing email for Contact ID: 98065087. Skipping creation.
[2025-03-17T22:53:34.792+0000] {logging_mixin.py:190} INFO - ❌ Invalid or missing email for Contact ID: 98054504. Skipping creation.
[2025-03-17T22:53:34.793+0000] {logging_mixin.py:190} INFO - ❌ Invalid or missing email for Contact ID: 97985262. Skipping creation.
[2025-03-17T22:53:34.793+0000] {logging_mixin.py:190} INFO - ❌ Invalid or missing email for Contact ID: 97713515. Skipping creation.
[2025-03-17T22:53:34.793+0000] {logging_mixin.py:190} INFO - ❌ Invalid or missing email for Contact ID: 83206214. Skipping creation.
[2025-03-17T22:53:34.793+0000] {logging_mixin.py:190} INFO - +------------+------------------------+-----------+--------------------------+---------------------------+---------------------------+------------+
[2025-03-17T22:53:34.794+0000] {python.py:240} INFO - Done. Returned value was: None
[2025-03-17T22:53:34.801+0000] {taskinstance.py:341} INFO - ::group::Post task execution logs
[2025-03-17T22:53:34.802+0000] {taskinstance.py:353} INFO - Marking task as SUCCESS. dag_id=sevdesk_to_hubspot_sync, task_id=list_and_create_contacts, run_id=manual__2025-03-17T22:53:33.169984+00:00, execution_date=20250317T225333, start_date=20250317T225334, end_date=20250317T225334
[2025-03-17T22:53:34.815+0000] {logging_mixin.py:190} INFO - Task instance in success state
[2025-03-17T22:53:34.815+0000] {logging_mixin.py:190} INFO -  Previous state of the Task instance: running
[2025-03-17T22:53:34.815+0000] {logging_mixin.py:190} INFO - Dag name:sevdesk_to_hubspot_sync queued_at:2025-03-17 22:53:33.195663+00:00
[2025-03-17T22:53:34.816+0000] {logging_mixin.py:190} INFO - Task hostname:07c6dae1fdd0 operator:PythonOperator
[2025-03-17T22:53:34.825+0000] {local_task_job_runner.py:266} INFO - Task exited with return code 0
[2025-03-17T22:53:34.833+0000] {taskinstance.py:3901} INFO - 0 downstream tasks scheduled from follow-on schedule check
[2025-03-17T22:53:34.834+0000] {local_task_job_runner.py:245} INFO - ::endgroup::
