[2025-03-18T23:52:40.291+0000] {local_task_job_runner.py:123} INFO - ::group::Pre task execution logs
[2025-03-18T23:52:40.325+0000] {taskinstance.py:2614} INFO - Dependencies all met for dep_context=non-requeueable deps ti=<TaskInstance: fetch_sevdesk_contacts.fetch_sevdesk_contacts_task scheduled__2024-03-25T13:00:00+00:00 [queued]>
[2025-03-18T23:52:40.340+0000] {taskinstance.py:2614} INFO - Dependencies all met for dep_context=requeueable deps ti=<TaskInstance: fetch_sevdesk_contacts.fetch_sevdesk_contacts_task scheduled__2024-03-25T13:00:00+00:00 [queued]>
[2025-03-18T23:52:40.344+0000] {taskinstance.py:2867} INFO - Starting attempt 1 of 2
[2025-03-18T23:52:41.356+0000] {taskinstance.py:2890} INFO - Executing <Task(PythonOperator): fetch_sevdesk_contacts_task> on 2024-03-25 13:00:00+00:00
[2025-03-18T23:52:41.379+0000] {warnings.py:112} WARNING - /home/***/.local/lib/python3.12/site-packages/***/task/task_runner/standard_task_runner.py:70: DeprecationWarning: This process (pid=640) is multi-threaded, use of fork() may lead to deadlocks in the child.
  pid = os.fork()

[2025-03-18T23:52:41.382+0000] {standard_task_runner.py:72} INFO - Started process 657 to run task
[2025-03-18T23:52:41.381+0000] {standard_task_runner.py:104} INFO - Running: ['***', 'tasks', 'run', 'fetch_sevdesk_contacts', 'fetch_sevdesk_contacts_task', 'scheduled__2024-03-25T13:00:00+00:00', '--job-id', '512', '--raw', '--subdir', 'DAGS_FOLDER/fetch_sevdesk_contacts_dag.py', '--cfg-path', '/tmp/tmp44_rubjk']
[2025-03-18T23:52:41.383+0000] {standard_task_runner.py:105} INFO - Job 512: Subtask fetch_sevdesk_contacts_task
[2025-03-18T23:52:41.786+0000] {task_command.py:467} INFO - Running <TaskInstance: fetch_sevdesk_contacts.fetch_sevdesk_contacts_task scheduled__2024-03-25T13:00:00+00:00 [running]> on host e54e5582f32f
[2025-03-18T23:52:42.094+0000] {taskinstance.py:3134} INFO - Exporting env vars: AIRFLOW_CTX_DAG_OWNER='***' AIRFLOW_CTX_DAG_ID='fetch_sevdesk_contacts' AIRFLOW_CTX_TASK_ID='fetch_sevdesk_contacts_task' AIRFLOW_CTX_EXECUTION_DATE='2024-03-25T13:00:00+00:00' AIRFLOW_CTX_TRY_NUMBER='1' AIRFLOW_CTX_DAG_RUN_ID='scheduled__2024-03-25T13:00:00+00:00'
[2025-03-18T23:52:42.113+0000] {logging_mixin.py:190} INFO - Task instance is in running state
[2025-03-18T23:52:42.119+0000] {logging_mixin.py:190} INFO -  Previous state of the Task instance: queued
[2025-03-18T23:52:42.125+0000] {logging_mixin.py:190} INFO - Current task name:fetch_sevdesk_contacts_task state:running start_date:2025-03-18 23:52:40.330958+00:00
[2025-03-18T23:52:42.126+0000] {logging_mixin.py:190} INFO - Dag name:fetch_sevdesk_contacts and current dag run status:running
[2025-03-18T23:52:42.132+0000] {taskinstance.py:732} INFO - ::endgroup::
[2025-03-18T23:52:42.138+0000] {logging_mixin.py:190} INFO - Using createAfter filter: 2025-03-17T23:52:42.138567
[2025-03-18T23:52:42.139+0000] {logging_mixin.py:190} INFO - Current timestamp: 2025-03-18T23:52:42.138596
[2025-03-18T23:52:42.630+0000] {logging_mixin.py:190} INFO - +------------+-----------------------+------------+------------------------+------------------------+------------------------+------------------------+
[2025-03-18T23:52:42.690+0000] {logging_mixin.py:190} INFO - | Contact ID | First Name            | Last Name | Email                  | Created at               | Sensor timestamp     | Current Timestamp       | Flag       |
[2025-03-18T23:52:42.696+0000] {logging_mixin.py:190} INFO - +------------+-----------------------+------------+------------------------+------------------------+------------------------+------------------------+
[2025-03-18T23:52:42.915+0000] {logging_mixin.py:190} INFO - | 99251600   | John                 | Snow       | None                   | 2025-03-19T00:46:48+01:00 | 2025-03-17T23:52:42.138567 | 2025-03-18T23:52:42.138596 | New        |
[2025-03-18T23:52:43.131+0000] {logging_mixin.py:190} INFO - | 99251599   | John                 | Snow       | None                   | 2025-03-19T00:46:48+01:00 | 2025-03-17T23:52:42.138567 | 2025-03-18T23:52:42.138596 | New        |
[2025-03-18T23:52:43.341+0000] {logging_mixin.py:190} INFO - | 99245309   | John                 | Snow       | string@gmail.com       | 2025-03-18T21:28:43+01:00 | 2025-03-17T23:52:42.138567 | 2025-03-18T23:52:42.138596 | New        |
[2025-03-18T23:52:43.599+0000] {logging_mixin.py:190} INFO - | 99203418   | my                   | Testcompany | None                   | 2025-03-18T11:12:58+01:00 | 2025-03-17T23:52:42.138567 | 2025-03-18T23:52:42.138596 | New        |
[2025-03-18T23:52:43.862+0000] {logging_mixin.py:190} INFO - | 99197535   | John                 | Doe        | string@gmail.com       | 2025-03-18T09:48:48+01:00 | 2025-03-17T23:52:42.138567 | 2025-03-18T23:52:42.138596 | New        |
[2025-03-18T23:52:44.073+0000] {logging_mixin.py:190} INFO - | 99183170   | my                   | Testcompany | None                   | 2025-03-17T23:29:08+01:00 | 2025-03-17T23:52:42.138567 | 2025-03-18T23:52:42.138596 | Old        |
[2025-03-18T23:52:44.303+0000] {logging_mixin.py:190} INFO - | 99182294   | my                   | Testcompany | None                   | 2025-03-17T22:57:31+01:00 | 2025-03-17T23:52:42.138567 | 2025-03-18T23:52:42.138596 | Old        |
[2025-03-18T23:52:44.539+0000] {logging_mixin.py:190} INFO - | 99178582   | My                   | Testcompany | None                   | 2025-03-17T21:12:19+01:00 | 2025-03-17T23:52:42.138567 | 2025-03-18T23:52:42.138596 | Old        |
[2025-03-18T23:52:44.880+0000] {logging_mixin.py:190} INFO - | 99178296   | My                   | Testcompany | None                   | 2025-03-17T21:05:17+01:00 | 2025-03-17T23:52:42.138567 | 2025-03-18T23:52:42.138596 | Old        |
[2025-03-18T23:52:45.180+0000] {logging_mixin.py:190} INFO - | 99177988   | My                   | Testcompany | None                   | 2025-03-17T20:59:41+01:00 | 2025-03-17T23:52:42.138567 | 2025-03-18T23:52:42.138596 | Old        |
[2025-03-18T23:52:45.403+0000] {logging_mixin.py:190} INFO - | 99177549   | My                   | Testcompany | None                   | 2025-03-17T20:49:25+01:00 | 2025-03-17T23:52:42.138567 | 2025-03-18T23:52:42.138596 | Old        |
[2025-03-18T23:52:45.606+0000] {logging_mixin.py:190} INFO - | 99176805   | My                   | Testcompany | None                   | 2025-03-17T20:30:44+01:00 | 2025-03-17T23:52:42.138567 | 2025-03-18T23:52:42.138596 | Old        |
[2025-03-18T23:52:45.774+0000] {logging_mixin.py:190} INFO - | 99176275   | My                   | Testcompany | None                   | 2025-03-17T20:22:32+01:00 | 2025-03-17T23:52:42.138567 | 2025-03-18T23:52:42.138596 | Old        |
[2025-03-18T23:52:46.007+0000] {logging_mixin.py:190} INFO - | 99173138   | first_kal            | N/A        | flkal@example.com      | 2025-03-17T19:05:55+01:00 | 2025-03-17T23:52:42.138567 | 2025-03-18T23:52:42.138596 | Old        |
[2025-03-18T23:52:46.271+0000] {logging_mixin.py:190} INFO - | 99172144   | first_kal            | N/A        | flkal@example.com      | 2025-03-17T18:42:58+01:00 | 2025-03-17T23:52:42.138567 | 2025-03-18T23:52:42.138596 | Old        |
[2025-03-18T23:52:46.515+0000] {logging_mixin.py:190} INFO - | 98976708   | first_kal            | N/A        | flkal@example.com      | 2025-03-15T14:29:20+01:00 | 2025-03-17T23:52:42.138567 | 2025-03-18T23:52:42.138596 | Old        |
[2025-03-18T23:52:46.738+0000] {logging_mixin.py:190} INFO - | 98971508   | John                 | N/A        | None                   | 2025-03-15T13:01:44+01:00 | 2025-03-17T23:52:42.138567 | 2025-03-18T23:52:42.138596 | Old        |
[2025-03-18T23:52:46.993+0000] {logging_mixin.py:190} INFO - | 98971422   | John                 | Doe        | johndoe@example.com    | 2025-03-15T12:59:07+01:00 | 2025-03-17T23:52:42.138567 | 2025-03-18T23:52:42.138596 | Old        |
[2025-03-18T23:52:47.157+0000] {logging_mixin.py:190} INFO - | 98970848   | John                 | N/A        | None                   | 2025-03-15T12:42:01+01:00 | 2025-03-17T23:52:42.138567 | 2025-03-18T23:52:42.138596 | Old        |
[2025-03-18T23:52:47.324+0000] {logging_mixin.py:190} INFO - | 98969935   | My                   | Testcompany | None                   | 2025-03-15T12:18:57+01:00 | 2025-03-17T23:52:42.138567 | 2025-03-18T23:52:42.138596 | Old        |
[2025-03-18T23:52:47.477+0000] {logging_mixin.py:190} INFO - | 98956413   | John                 | N/A        | None                   | 2025-03-15T02:43:55+01:00 | 2025-03-17T23:52:42.138567 | 2025-03-18T23:52:42.138596 | Old        |
[2025-03-18T23:52:47.673+0000] {logging_mixin.py:190} INFO - | 98953498   | John                 | N/A        | None                   | 2025-03-15T02:21:21+01:00 | 2025-03-17T23:52:42.138567 | 2025-03-18T23:52:42.138596 | Old        |
[2025-03-18T23:52:47.846+0000] {logging_mixin.py:190} INFO - | 98932742   | John                 | N/A        | None                   | 2025-03-15T02:04:54+01:00 | 2025-03-17T23:52:42.138567 | 2025-03-18T23:52:42.138596 | Old        |
[2025-03-18T23:52:48.110+0000] {logging_mixin.py:190} INFO - | 98930430   | John1                | N/A        | None                   | 2025-03-15T02:00:59+01:00 | 2025-03-17T23:52:42.138567 | 2025-03-18T23:52:42.138596 | Old        |
[2025-03-18T23:52:48.302+0000] {logging_mixin.py:190} INFO - | 98930400   | John1                | N/A        | None                   | 2025-03-15T01:59:30+01:00 | 2025-03-17T23:52:42.138567 | 2025-03-18T23:52:42.138596 | Old        |
[2025-03-18T23:52:48.507+0000] {logging_mixin.py:190} INFO - | 98930384   | John1                | N/A        | None                   | 2025-03-15T01:58:33+01:00 | 2025-03-17T23:52:42.138567 | 2025-03-18T23:52:42.138596 | Old        |
[2025-03-18T23:52:48.675+0000] {logging_mixin.py:190} INFO - | 98930326   | John1                | N/A        | None                   | 2025-03-15T01:54:51+01:00 | 2025-03-17T23:52:42.138567 | 2025-03-18T23:52:42.138596 | Old        |
[2025-03-18T23:52:48.861+0000] {logging_mixin.py:190} INFO - | 98930274   | John1                | N/A        | None                   | 2025-03-15T01:51:03+01:00 | 2025-03-17T23:52:42.138567 | 2025-03-18T23:52:42.138596 | Old        |
[2025-03-18T23:52:49.031+0000] {logging_mixin.py:190} INFO - | 98929863   | John                 | N/A        | None                   | 2025-03-15T01:26:43+01:00 | 2025-03-17T23:52:42.138567 | 2025-03-18T23:52:42.138596 | Old        |
[2025-03-18T23:52:49.193+0000] {logging_mixin.py:190} INFO - | 98928548   | John                 | N/A        | None                   | 2025-03-15T00:11:45+01:00 | 2025-03-17T23:52:42.138567 | 2025-03-18T23:52:42.138596 | Old        |
[2025-03-18T23:52:49.370+0000] {logging_mixin.py:190} INFO - | 98928508   | John                 | N/A        | None                   | 2025-03-15T00:09:39+01:00 | 2025-03-17T23:52:42.138567 | 2025-03-18T23:52:42.138596 | Old        |
[2025-03-18T23:52:49.529+0000] {logging_mixin.py:190} INFO - | 98890719   | my                   | Testcompany | None                   | 2025-03-14T10:59:24+01:00 | 2025-03-17T23:52:42.138567 | 2025-03-18T23:52:42.138596 | Old        |
[2025-03-18T23:52:49.726+0000] {logging_mixin.py:190} INFO - | 98873796   | My                   | Testcompany | None                   | 2025-03-14T01:48:05+01:00 | 2025-03-17T23:52:42.138567 | 2025-03-18T23:52:42.138596 | Old        |
[2025-03-18T23:52:49.917+0000] {logging_mixin.py:190} INFO - | 98192934   | Final                | Test       | final.testing@gmail.com | 2025-03-04T20:01:44+01:00 | 2025-03-17T23:52:42.138567 | 2025-03-18T23:52:42.138596 | Old        |
[2025-03-18T23:52:50.095+0000] {logging_mixin.py:190} INFO - | 98065087   | RANDOMNAMETest       | N/A        | mr.prakhar@gmail5.com  | 2025-03-03T06:23:19+01:00 | 2025-03-17T23:52:42.138567 | 2025-03-18T23:52:42.138596 | Old        |
[2025-03-18T23:52:50.298+0000] {logging_mixin.py:190} INFO - | 98054504   | Testing2             | N/A        | abc@gmail.com          | 2025-03-02T22:19:16+01:00 | 2025-03-17T23:52:42.138567 | 2025-03-18T23:52:42.138596 | Old        |
[2025-03-18T23:52:50.497+0000] {logging_mixin.py:190} INFO - | 97985262   | Testing              | N/A        | mr.prakhar@testgmail.com | 2025-03-02T00:05:11+01:00 | 2025-03-17T23:52:42.138567 | 2025-03-18T23:52:42.138596 | Old        |
[2025-03-18T23:52:50.669+0000] {logging_mixin.py:190} INFO - | 97713515   | sevdeskORG           | N/A        | sevdesk@example.com    | 2025-02-25T17:34:42+01:00 | 2025-03-17T23:52:42.138567 | 2025-03-18T23:52:42.138596 | Old        |
[2025-03-18T23:52:50.829+0000] {logging_mixin.py:190} INFO - | 83206214   | Testing              | GmbH       | None                   | 2024-09-14T16:52:15+02:00 | 2025-03-17T23:52:42.138567 | 2025-03-18T23:52:42.138596 | Old        |
[2025-03-18T23:52:50.830+0000] {logging_mixin.py:190} INFO - +------------+-----------------------+------------+------------------------+------------------------+------------------------+------------------------+
[2025-03-18T23:52:50.835+0000] {python.py:240} INFO - Done. Returned value was: None
[2025-03-18T23:52:50.854+0000] {taskinstance.py:341} INFO - ::group::Post task execution logs
[2025-03-18T23:52:50.854+0000] {taskinstance.py:353} INFO - Marking task as SUCCESS. dag_id=fetch_sevdesk_contacts, task_id=fetch_sevdesk_contacts_task, run_id=scheduled__2024-03-25T13:00:00+00:00, execution_date=20240325T130000, start_date=20250318T235240, end_date=20250318T235250
[2025-03-18T23:52:50.889+0000] {logging_mixin.py:190} INFO - Task instance in success state
[2025-03-18T23:52:50.889+0000] {logging_mixin.py:190} INFO -  Previous state of the Task instance: running
[2025-03-18T23:52:50.890+0000] {logging_mixin.py:190} INFO - Dag name:fetch_sevdesk_contacts queued_at:2025-03-18 23:52:36.972944+00:00
[2025-03-18T23:52:50.890+0000] {logging_mixin.py:190} INFO - Task hostname:e54e5582f32f operator:PythonOperator
[2025-03-18T23:52:50.903+0000] {local_task_job_runner.py:266} INFO - Task exited with return code 0
[2025-03-18T23:52:50.920+0000] {taskinstance.py:3901} INFO - 0 downstream tasks scheduled from follow-on schedule check
[2025-03-18T23:52:50.921+0000] {local_task_job_runner.py:245} INFO - ::endgroup::
