[2025-03-17T16:34:52.081+0000] {local_task_job_runner.py:123} INFO - ::group::Pre task execution logs
[2025-03-17T16:34:52.089+0000] {taskinstance.py:2614} INFO - Dependencies all met for dep_context=non-requeueable deps ti=<TaskInstance: sevdesk_to_hubspot.check_email_in_hubspot manual__2025-03-17T16:34:49.936648+00:00 [queued]>
[2025-03-17T16:34:52.092+0000] {taskinstance.py:2614} INFO - Dependencies all met for dep_context=requeueable deps ti=<TaskInstance: sevdesk_to_hubspot.check_email_in_hubspot manual__2025-03-17T16:34:49.936648+00:00 [queued]>
[2025-03-17T16:34:52.092+0000] {taskinstance.py:2867} INFO - Starting attempt 1 of 2
[2025-03-17T16:34:52.166+0000] {taskinstance.py:2890} INFO - Executing <Task(PythonOperator): check_email_in_hubspot> on 2025-03-17 16:34:49.936648+00:00
[2025-03-17T16:34:52.169+0000] {warnings.py:112} WARNING - /home/***/.local/lib/python3.12/site-packages/***/task/task_runner/standard_task_runner.py:70: DeprecationWarning: This process (pid=424) is multi-threaded, use of fork() may lead to deadlocks in the child.
  pid = os.fork()

[2025-03-17T16:34:52.170+0000] {standard_task_runner.py:72} INFO - Started process 425 to run task
[2025-03-17T16:34:52.170+0000] {standard_task_runner.py:104} INFO - Running: ['***', 'tasks', 'run', 'sevdesk_to_hubspot', 'check_email_in_hubspot', 'manual__2025-03-17T16:34:49.936648+00:00', '--job-id', '8', '--raw', '--subdir', 'DAGS_FOLDER/sevdesk_to_hubspot.py', '--cfg-path', '/tmp/tmpz6mcvdu9']
[2025-03-17T16:34:52.171+0000] {standard_task_runner.py:105} INFO - Job 8: Subtask check_email_in_hubspot
[2025-03-17T16:34:52.197+0000] {task_command.py:467} INFO - Running <TaskInstance: sevdesk_to_hubspot.check_email_in_hubspot manual__2025-03-17T16:34:49.936648+00:00 [running]> on host 07f4f36f3e31
[2025-03-17T16:34:52.229+0000] {taskinstance.py:3134} INFO - Exporting env vars: AIRFLOW_CTX_DAG_OWNER='***' AIRFLOW_CTX_DAG_ID='sevdesk_to_hubspot' AIRFLOW_CTX_TASK_ID='check_email_in_hubspot' AIRFLOW_CTX_EXECUTION_DATE='2025-03-17T16:34:49.936648+00:00' AIRFLOW_CTX_TRY_NUMBER='1' AIRFLOW_CTX_DAG_RUN_ID='manual__2025-03-17T16:34:49.936648+00:00'
[2025-03-17T16:34:52.230+0000] {logging_mixin.py:190} INFO - Task instance is in running state
[2025-03-17T16:34:52.230+0000] {logging_mixin.py:190} INFO -  Previous state of the Task instance: queued
[2025-03-17T16:34:52.230+0000] {logging_mixin.py:190} INFO - Current task name:check_email_in_hubspot state:running start_date:2025-03-17 16:34:52.089758+00:00
[2025-03-17T16:34:52.230+0000] {logging_mixin.py:190} INFO - Dag name:sevdesk_to_hubspot and current dag run status:running
[2025-03-17T16:34:52.230+0000] {taskinstance.py:732} INFO - ::endgroup::
[2025-03-17T16:34:52.686+0000] {python.py:240} INFO - Done. Returned value was: {'id': '229433831673', 'properties': {'createdate': '2025-03-17T10:05:49.597Z', 'email': 'flkal@example.com', 'firstname': 'first_kal', 'hs_object_id': '229433831673', 'lastmodifieddate': '2025-03-17T10:21:26.528Z', 'lastname': 'last_kal'}, 'createdAt': '2025-03-17T10:05:49.597Z', 'updatedAt': '2025-03-17T10:21:26.528Z', 'archived': False}
[2025-03-17T16:34:52.697+0000] {taskinstance.py:341} INFO - ::group::Post task execution logs
[2025-03-17T16:34:52.698+0000] {taskinstance.py:353} INFO - Marking task as SUCCESS. dag_id=sevdesk_to_hubspot, task_id=check_email_in_hubspot, run_id=manual__2025-03-17T16:34:49.936648+00:00, execution_date=20250317T163449, start_date=20250317T163452, end_date=20250317T163452
[2025-03-17T16:34:52.707+0000] {logging_mixin.py:190} INFO - Task instance in success state
[2025-03-17T16:34:52.708+0000] {logging_mixin.py:190} INFO -  Previous state of the Task instance: running
[2025-03-17T16:34:52.708+0000] {logging_mixin.py:190} INFO - Dag name:sevdesk_to_hubspot queued_at:2025-03-17 16:34:49.954204+00:00
[2025-03-17T16:34:52.708+0000] {logging_mixin.py:190} INFO - Task hostname:07f4f36f3e31 operator:PythonOperator
[2025-03-17T16:34:52.732+0000] {local_task_job_runner.py:266} INFO - Task exited with return code 0
[2025-03-17T16:34:52.745+0000] {taskinstance.py:3901} INFO - 1 downstream tasks scheduled from follow-on schedule check
[2025-03-17T16:34:52.746+0000] {local_task_job_runner.py:245} INFO - ::endgroup::
