[2025-03-18T23:45:49.014+0000] {processor.py:186} INFO - Started process (PID=47) to work on /opt/airflow/dags/create_or_update_hubspot_contact_dag.py
[2025-03-18T23:45:49.016+0000] {processor.py:914} INFO - Processing file /opt/airflow/dags/create_or_update_hubspot_contact_dag.py for tasks to queue
[2025-03-18T23:45:49.019+0000] {logging_mixin.py:190} INFO - [2025-03-18T23:45:49.019+0000] {dagbag.py:588} INFO - Filling up the DagBag from /opt/airflow/dags/create_or_update_hubspot_contact_dag.py
[2025-03-18T23:45:49.039+0000] {processor.py:925} INFO - DAG(s) 'create_or_update_hubspot_contact' retrieved from /opt/airflow/dags/create_or_update_hubspot_contact_dag.py
[2025-03-18T23:45:49.292+0000] {logging_mixin.py:190} INFO - [2025-03-18T23:45:49.291+0000] {override.py:1912} INFO - Created Permission View: can read on DAG:create_or_update_hubspot_contact
[2025-03-18T23:45:49.307+0000] {logging_mixin.py:190} INFO - [2025-03-18T23:45:49.306+0000] {override.py:1912} INFO - Created Permission View: can edit on DAG:create_or_update_hubspot_contact
[2025-03-18T23:45:49.316+0000] {logging_mixin.py:190} INFO - [2025-03-18T23:45:49.316+0000] {override.py:1912} INFO - Created Permission View: can delete on DAG:create_or_update_hubspot_contact
[2025-03-18T23:45:49.325+0000] {logging_mixin.py:190} INFO - [2025-03-18T23:45:49.324+0000] {override.py:1912} INFO - Created Permission View: menu access on DAG Run:create_or_update_hubspot_contact
[2025-03-18T23:45:49.339+0000] {logging_mixin.py:190} INFO - [2025-03-18T23:45:49.338+0000] {override.py:1912} INFO - Created Permission View: can create on DAG Run:create_or_update_hubspot_contact
[2025-03-18T23:45:49.350+0000] {logging_mixin.py:190} INFO - [2025-03-18T23:45:49.349+0000] {override.py:1912} INFO - Created Permission View: can read on DAG Run:create_or_update_hubspot_contact
[2025-03-18T23:45:49.359+0000] {logging_mixin.py:190} INFO - [2025-03-18T23:45:49.359+0000] {override.py:1912} INFO - Created Permission View: can delete on DAG Run:create_or_update_hubspot_contact
[2025-03-18T23:45:49.364+0000] {logging_mixin.py:190} INFO - [2025-03-18T23:45:49.363+0000] {dag.py:3239} INFO - Sync 1 DAGs
[2025-03-18T23:45:49.380+0000] {logging_mixin.py:190} INFO - [2025-03-18T23:45:49.380+0000] {dag.py:3262} INFO - Creating ORM DAG for create_or_update_hubspot_contact
[2025-03-18T23:45:49.380+0000] {logging_mixin.py:190} INFO - [2025-03-18T23:45:49.380+0000] {dag.py:4180} INFO - Setting next_dagrun for create_or_update_hubspot_contact to None, run_after=None
[2025-03-18T23:45:49.396+0000] {processor.py:208} INFO - Processing /opt/airflow/dags/create_or_update_hubspot_contact_dag.py took 0.389 seconds
[2025-03-18T23:46:19.961+0000] {processor.py:186} INFO - Started process (PID=119) to work on /opt/airflow/dags/create_or_update_hubspot_contact_dag.py
[2025-03-18T23:46:19.962+0000] {processor.py:914} INFO - Processing file /opt/airflow/dags/create_or_update_hubspot_contact_dag.py for tasks to queue
[2025-03-18T23:46:19.965+0000] {logging_mixin.py:190} INFO - [2025-03-18T23:46:19.965+0000] {dagbag.py:588} INFO - Filling up the DagBag from /opt/airflow/dags/create_or_update_hubspot_contact_dag.py
[2025-03-18T23:46:19.980+0000] {processor.py:925} INFO - DAG(s) 'create_or_update_hubspot_contact' retrieved from /opt/airflow/dags/create_or_update_hubspot_contact_dag.py
[2025-03-18T23:46:19.997+0000] {logging_mixin.py:190} INFO - [2025-03-18T23:46:19.997+0000] {dag.py:3239} INFO - Sync 1 DAGs
[2025-03-18T23:46:20.008+0000] {logging_mixin.py:190} INFO - [2025-03-18T23:46:20.008+0000] {dag.py:4180} INFO - Setting next_dagrun for create_or_update_hubspot_contact to None, run_after=None
[2025-03-18T23:46:20.019+0000] {processor.py:208} INFO - Processing /opt/airflow/dags/create_or_update_hubspot_contact_dag.py took 0.079 seconds
[2025-03-18T23:46:50.158+0000] {processor.py:186} INFO - Started process (PID=203) to work on /opt/airflow/dags/create_or_update_hubspot_contact_dag.py
[2025-03-18T23:46:50.160+0000] {processor.py:914} INFO - Processing file /opt/airflow/dags/create_or_update_hubspot_contact_dag.py for tasks to queue
[2025-03-18T23:46:50.163+0000] {logging_mixin.py:190} INFO - [2025-03-18T23:46:50.162+0000] {dagbag.py:588} INFO - Filling up the DagBag from /opt/airflow/dags/create_or_update_hubspot_contact_dag.py
[2025-03-18T23:46:50.180+0000] {processor.py:925} INFO - DAG(s) 'create_or_update_hubspot_contact' retrieved from /opt/airflow/dags/create_or_update_hubspot_contact_dag.py
[2025-03-18T23:46:50.193+0000] {logging_mixin.py:190} INFO - [2025-03-18T23:46:50.193+0000] {dag.py:3239} INFO - Sync 1 DAGs
[2025-03-18T23:46:50.200+0000] {logging_mixin.py:190} INFO - [2025-03-18T23:46:50.200+0000] {dag.py:4180} INFO - Setting next_dagrun for create_or_update_hubspot_contact to None, run_after=None
[2025-03-18T23:46:50.208+0000] {processor.py:208} INFO - Processing /opt/airflow/dags/create_or_update_hubspot_contact_dag.py took 0.057 seconds
[2025-03-18T23:47:21.188+0000] {processor.py:186} INFO - Started process (PID=275) to work on /opt/airflow/dags/create_or_update_hubspot_contact_dag.py
[2025-03-18T23:47:21.189+0000] {processor.py:914} INFO - Processing file /opt/airflow/dags/create_or_update_hubspot_contact_dag.py for tasks to queue
[2025-03-18T23:47:21.192+0000] {logging_mixin.py:190} INFO - [2025-03-18T23:47:21.192+0000] {dagbag.py:588} INFO - Filling up the DagBag from /opt/airflow/dags/create_or_update_hubspot_contact_dag.py
[2025-03-18T23:47:21.200+0000] {processor.py:925} INFO - DAG(s) 'create_or_update_hubspot_contact' retrieved from /opt/airflow/dags/create_or_update_hubspot_contact_dag.py
[2025-03-18T23:47:21.216+0000] {logging_mixin.py:190} INFO - [2025-03-18T23:47:21.216+0000] {dag.py:3239} INFO - Sync 1 DAGs
[2025-03-18T23:47:21.224+0000] {logging_mixin.py:190} INFO - [2025-03-18T23:47:21.224+0000] {dag.py:4180} INFO - Setting next_dagrun for create_or_update_hubspot_contact to None, run_after=None
[2025-03-18T23:47:21.236+0000] {processor.py:208} INFO - Processing /opt/airflow/dags/create_or_update_hubspot_contact_dag.py took 0.056 seconds
[2025-03-18T23:47:52.158+0000] {processor.py:186} INFO - Started process (PID=347) to work on /opt/airflow/dags/create_or_update_hubspot_contact_dag.py
[2025-03-18T23:47:52.161+0000] {processor.py:914} INFO - Processing file /opt/airflow/dags/create_or_update_hubspot_contact_dag.py for tasks to queue
[2025-03-18T23:47:52.164+0000] {logging_mixin.py:190} INFO - [2025-03-18T23:47:52.164+0000] {dagbag.py:588} INFO - Filling up the DagBag from /opt/airflow/dags/create_or_update_hubspot_contact_dag.py
[2025-03-18T23:47:52.180+0000] {processor.py:925} INFO - DAG(s) 'create_or_update_hubspot_contact' retrieved from /opt/airflow/dags/create_or_update_hubspot_contact_dag.py
[2025-03-18T23:47:52.205+0000] {logging_mixin.py:190} INFO - [2025-03-18T23:47:52.205+0000] {dag.py:3239} INFO - Sync 1 DAGs
[2025-03-18T23:47:52.218+0000] {logging_mixin.py:190} INFO - [2025-03-18T23:47:52.217+0000] {dag.py:4180} INFO - Setting next_dagrun for create_or_update_hubspot_contact to None, run_after=None
[2025-03-18T23:47:52.229+0000] {processor.py:208} INFO - Processing /opt/airflow/dags/create_or_update_hubspot_contact_dag.py took 0.081 seconds
[2025-03-18T23:48:23.088+0000] {processor.py:186} INFO - Started process (PID=424) to work on /opt/airflow/dags/create_or_update_hubspot_contact_dag.py
[2025-03-18T23:48:23.090+0000] {processor.py:914} INFO - Processing file /opt/airflow/dags/create_or_update_hubspot_contact_dag.py for tasks to queue
[2025-03-18T23:48:23.094+0000] {logging_mixin.py:190} INFO - [2025-03-18T23:48:23.094+0000] {dagbag.py:588} INFO - Filling up the DagBag from /opt/airflow/dags/create_or_update_hubspot_contact_dag.py
[2025-03-18T23:48:23.109+0000] {processor.py:925} INFO - DAG(s) 'create_or_update_hubspot_contact' retrieved from /opt/airflow/dags/create_or_update_hubspot_contact_dag.py
[2025-03-18T23:48:23.127+0000] {logging_mixin.py:190} INFO - [2025-03-18T23:48:23.127+0000] {dag.py:3239} INFO - Sync 1 DAGs
[2025-03-18T23:48:23.137+0000] {logging_mixin.py:190} INFO - [2025-03-18T23:48:23.137+0000] {dag.py:4180} INFO - Setting next_dagrun for create_or_update_hubspot_contact to None, run_after=None
[2025-03-18T23:48:23.146+0000] {processor.py:208} INFO - Processing /opt/airflow/dags/create_or_update_hubspot_contact_dag.py took 0.071 seconds
[2025-03-18T23:48:53.889+0000] {processor.py:186} INFO - Started process (PID=496) to work on /opt/airflow/dags/create_or_update_hubspot_contact_dag.py
[2025-03-18T23:48:53.890+0000] {processor.py:914} INFO - Processing file /opt/airflow/dags/create_or_update_hubspot_contact_dag.py for tasks to queue
[2025-03-18T23:48:53.892+0000] {logging_mixin.py:190} INFO - [2025-03-18T23:48:53.892+0000] {dagbag.py:588} INFO - Filling up the DagBag from /opt/airflow/dags/create_or_update_hubspot_contact_dag.py
[2025-03-18T23:48:53.901+0000] {processor.py:925} INFO - DAG(s) 'create_or_update_hubspot_contact' retrieved from /opt/airflow/dags/create_or_update_hubspot_contact_dag.py
[2025-03-18T23:48:53.916+0000] {logging_mixin.py:190} INFO - [2025-03-18T23:48:53.916+0000] {dag.py:3239} INFO - Sync 1 DAGs
[2025-03-18T23:48:53.924+0000] {logging_mixin.py:190} INFO - [2025-03-18T23:48:53.924+0000] {dag.py:4180} INFO - Setting next_dagrun for create_or_update_hubspot_contact to None, run_after=None
[2025-03-18T23:48:53.936+0000] {processor.py:208} INFO - Processing /opt/airflow/dags/create_or_update_hubspot_contact_dag.py took 0.053 seconds
[2025-03-18T23:49:24.647+0000] {processor.py:186} INFO - Started process (PID=572) to work on /opt/airflow/dags/create_or_update_hubspot_contact_dag.py
[2025-03-18T23:49:24.650+0000] {processor.py:914} INFO - Processing file /opt/airflow/dags/create_or_update_hubspot_contact_dag.py for tasks to queue
[2025-03-18T23:49:24.653+0000] {logging_mixin.py:190} INFO - [2025-03-18T23:49:24.653+0000] {dagbag.py:588} INFO - Filling up the DagBag from /opt/airflow/dags/create_or_update_hubspot_contact_dag.py
[2025-03-18T23:49:24.669+0000] {processor.py:925} INFO - DAG(s) 'create_or_update_hubspot_contact' retrieved from /opt/airflow/dags/create_or_update_hubspot_contact_dag.py
[2025-03-18T23:49:24.692+0000] {logging_mixin.py:190} INFO - [2025-03-18T23:49:24.692+0000] {dag.py:3239} INFO - Sync 1 DAGs
[2025-03-18T23:49:24.712+0000] {logging_mixin.py:190} INFO - [2025-03-18T23:49:24.712+0000] {dag.py:4180} INFO - Setting next_dagrun for create_or_update_hubspot_contact to None, run_after=None
[2025-03-18T23:49:24.743+0000] {processor.py:208} INFO - Processing /opt/airflow/dags/create_or_update_hubspot_contact_dag.py took 0.103 seconds
[2025-03-18T23:49:55.727+0000] {processor.py:186} INFO - Started process (PID=644) to work on /opt/airflow/dags/create_or_update_hubspot_contact_dag.py
[2025-03-18T23:49:55.739+0000] {processor.py:914} INFO - Processing file /opt/airflow/dags/create_or_update_hubspot_contact_dag.py for tasks to queue
[2025-03-18T23:49:55.752+0000] {logging_mixin.py:190} INFO - [2025-03-18T23:49:55.751+0000] {dagbag.py:588} INFO - Filling up the DagBag from /opt/airflow/dags/create_or_update_hubspot_contact_dag.py
[2025-03-18T23:49:55.782+0000] {processor.py:925} INFO - DAG(s) 'create_or_update_hubspot_contact' retrieved from /opt/airflow/dags/create_or_update_hubspot_contact_dag.py
[2025-03-18T23:49:55.853+0000] {logging_mixin.py:190} INFO - [2025-03-18T23:49:55.853+0000] {dag.py:3239} INFO - Sync 1 DAGs
[2025-03-18T23:49:55.877+0000] {logging_mixin.py:190} INFO - [2025-03-18T23:49:55.877+0000] {dag.py:4180} INFO - Setting next_dagrun for create_or_update_hubspot_contact to None, run_after=None
[2025-03-18T23:49:55.926+0000] {processor.py:208} INFO - Processing /opt/airflow/dags/create_or_update_hubspot_contact_dag.py took 0.213 seconds
[2025-03-18T23:50:26.807+0000] {processor.py:186} INFO - Started process (PID=718) to work on /opt/airflow/dags/create_or_update_hubspot_contact_dag.py
[2025-03-18T23:50:26.807+0000] {processor.py:914} INFO - Processing file /opt/airflow/dags/create_or_update_hubspot_contact_dag.py for tasks to queue
[2025-03-18T23:50:26.810+0000] {logging_mixin.py:190} INFO - [2025-03-18T23:50:26.810+0000] {dagbag.py:588} INFO - Filling up the DagBag from /opt/airflow/dags/create_or_update_hubspot_contact_dag.py
[2025-03-18T23:50:26.818+0000] {processor.py:925} INFO - DAG(s) 'create_or_update_hubspot_contact' retrieved from /opt/airflow/dags/create_or_update_hubspot_contact_dag.py
[2025-03-18T23:50:26.838+0000] {logging_mixin.py:190} INFO - [2025-03-18T23:50:26.838+0000] {dag.py:3239} INFO - Sync 1 DAGs
[2025-03-18T23:50:26.848+0000] {logging_mixin.py:190} INFO - [2025-03-18T23:50:26.848+0000] {dag.py:4180} INFO - Setting next_dagrun for create_or_update_hubspot_contact to None, run_after=None
[2025-03-18T23:50:26.858+0000] {processor.py:208} INFO - Processing /opt/airflow/dags/create_or_update_hubspot_contact_dag.py took 0.059 seconds
[2025-03-18T23:50:57.533+0000] {processor.py:186} INFO - Started process (PID=790) to work on /opt/airflow/dags/create_or_update_hubspot_contact_dag.py
[2025-03-18T23:50:57.534+0000] {processor.py:914} INFO - Processing file /opt/airflow/dags/create_or_update_hubspot_contact_dag.py for tasks to queue
[2025-03-18T23:50:57.539+0000] {logging_mixin.py:190} INFO - [2025-03-18T23:50:57.539+0000] {dagbag.py:588} INFO - Filling up the DagBag from /opt/airflow/dags/create_or_update_hubspot_contact_dag.py
[2025-03-18T23:50:57.550+0000] {processor.py:925} INFO - DAG(s) 'create_or_update_hubspot_contact' retrieved from /opt/airflow/dags/create_or_update_hubspot_contact_dag.py
[2025-03-18T23:50:57.567+0000] {logging_mixin.py:190} INFO - [2025-03-18T23:50:57.566+0000] {dag.py:3239} INFO - Sync 1 DAGs
[2025-03-18T23:50:57.583+0000] {logging_mixin.py:190} INFO - [2025-03-18T23:50:57.583+0000] {dag.py:4180} INFO - Setting next_dagrun for create_or_update_hubspot_contact to None, run_after=None
[2025-03-18T23:50:57.598+0000] {processor.py:208} INFO - Processing /opt/airflow/dags/create_or_update_hubspot_contact_dag.py took 0.074 seconds
[2025-03-18T23:51:28.051+0000] {processor.py:186} INFO - Started process (PID=862) to work on /opt/airflow/dags/create_or_update_hubspot_contact_dag.py
[2025-03-18T23:51:28.054+0000] {processor.py:914} INFO - Processing file /opt/airflow/dags/create_or_update_hubspot_contact_dag.py for tasks to queue
[2025-03-18T23:51:28.072+0000] {logging_mixin.py:190} INFO - [2025-03-18T23:51:28.070+0000] {dagbag.py:588} INFO - Filling up the DagBag from /opt/airflow/dags/create_or_update_hubspot_contact_dag.py
[2025-03-18T23:51:28.107+0000] {processor.py:925} INFO - DAG(s) 'create_or_update_hubspot_contact' retrieved from /opt/airflow/dags/create_or_update_hubspot_contact_dag.py
[2025-03-18T23:51:28.159+0000] {logging_mixin.py:190} INFO - [2025-03-18T23:51:28.158+0000] {dag.py:3239} INFO - Sync 1 DAGs
[2025-03-18T23:51:28.176+0000] {logging_mixin.py:190} INFO - [2025-03-18T23:51:28.176+0000] {dag.py:4180} INFO - Setting next_dagrun for create_or_update_hubspot_contact to None, run_after=None
[2025-03-18T23:51:28.211+0000] {processor.py:208} INFO - Processing /opt/airflow/dags/create_or_update_hubspot_contact_dag.py took 0.197 seconds
[2025-03-18T23:51:58.469+0000] {processor.py:186} INFO - Started process (PID=934) to work on /opt/airflow/dags/create_or_update_hubspot_contact_dag.py
[2025-03-18T23:51:58.472+0000] {processor.py:914} INFO - Processing file /opt/airflow/dags/create_or_update_hubspot_contact_dag.py for tasks to queue
[2025-03-18T23:51:58.485+0000] {logging_mixin.py:190} INFO - [2025-03-18T23:51:58.485+0000] {dagbag.py:588} INFO - Filling up the DagBag from /opt/airflow/dags/create_or_update_hubspot_contact_dag.py
[2025-03-18T23:51:58.534+0000] {processor.py:925} INFO - DAG(s) 'create_or_update_hubspot_contact' retrieved from /opt/airflow/dags/create_or_update_hubspot_contact_dag.py
[2025-03-18T23:51:58.580+0000] {logging_mixin.py:190} INFO - [2025-03-18T23:51:58.580+0000] {dag.py:3239} INFO - Sync 1 DAGs
[2025-03-18T23:51:58.643+0000] {logging_mixin.py:190} INFO - [2025-03-18T23:51:58.642+0000] {dag.py:4180} INFO - Setting next_dagrun for create_or_update_hubspot_contact to None, run_after=None
[2025-03-18T23:51:58.740+0000] {processor.py:208} INFO - Processing /opt/airflow/dags/create_or_update_hubspot_contact_dag.py took 0.287 seconds
[2025-03-18T23:52:29.012+0000] {processor.py:186} INFO - Started process (PID=1006) to work on /opt/airflow/dags/create_or_update_hubspot_contact_dag.py
[2025-03-18T23:52:29.013+0000] {processor.py:914} INFO - Processing file /opt/airflow/dags/create_or_update_hubspot_contact_dag.py for tasks to queue
[2025-03-18T23:52:29.015+0000] {logging_mixin.py:190} INFO - [2025-03-18T23:52:29.015+0000] {dagbag.py:588} INFO - Filling up the DagBag from /opt/airflow/dags/create_or_update_hubspot_contact_dag.py
[2025-03-18T23:52:29.029+0000] {processor.py:925} INFO - DAG(s) 'create_or_update_hubspot_contact' retrieved from /opt/airflow/dags/create_or_update_hubspot_contact_dag.py
[2025-03-18T23:52:29.042+0000] {logging_mixin.py:190} INFO - [2025-03-18T23:52:29.042+0000] {dag.py:3239} INFO - Sync 1 DAGs
[2025-03-18T23:52:29.052+0000] {logging_mixin.py:190} INFO - [2025-03-18T23:52:29.052+0000] {dag.py:4180} INFO - Setting next_dagrun for create_or_update_hubspot_contact to None, run_after=None
[2025-03-18T23:52:29.067+0000] {processor.py:208} INFO - Processing /opt/airflow/dags/create_or_update_hubspot_contact_dag.py took 0.069 seconds
[2025-03-18T23:52:59.808+0000] {processor.py:186} INFO - Started process (PID=1077) to work on /opt/airflow/dags/create_or_update_hubspot_contact_dag.py
[2025-03-18T23:52:59.813+0000] {processor.py:914} INFO - Processing file /opt/airflow/dags/create_or_update_hubspot_contact_dag.py for tasks to queue
[2025-03-18T23:52:59.825+0000] {logging_mixin.py:190} INFO - [2025-03-18T23:52:59.824+0000] {dagbag.py:588} INFO - Filling up the DagBag from /opt/airflow/dags/create_or_update_hubspot_contact_dag.py
[2025-03-18T23:52:59.884+0000] {processor.py:925} INFO - DAG(s) 'create_or_update_hubspot_contact' retrieved from /opt/airflow/dags/create_or_update_hubspot_contact_dag.py
[2025-03-18T23:52:59.968+0000] {logging_mixin.py:190} INFO - [2025-03-18T23:52:59.961+0000] {dag.py:3239} INFO - Sync 1 DAGs
[2025-03-18T23:53:00.032+0000] {logging_mixin.py:190} INFO - [2025-03-18T23:53:00.022+0000] {dag.py:4180} INFO - Setting next_dagrun for create_or_update_hubspot_contact to None, run_after=None
[2025-03-18T23:53:00.185+0000] {processor.py:208} INFO - Processing /opt/airflow/dags/create_or_update_hubspot_contact_dag.py took 0.392 seconds
[2025-03-18T23:53:30.373+0000] {processor.py:186} INFO - Started process (PID=1150) to work on /opt/airflow/dags/create_or_update_hubspot_contact_dag.py
[2025-03-18T23:53:30.373+0000] {processor.py:914} INFO - Processing file /opt/airflow/dags/create_or_update_hubspot_contact_dag.py for tasks to queue
[2025-03-18T23:53:30.375+0000] {logging_mixin.py:190} INFO - [2025-03-18T23:53:30.375+0000] {dagbag.py:588} INFO - Filling up the DagBag from /opt/airflow/dags/create_or_update_hubspot_contact_dag.py
[2025-03-18T23:53:30.379+0000] {processor.py:925} INFO - DAG(s) 'create_or_update_hubspot_contact' retrieved from /opt/airflow/dags/create_or_update_hubspot_contact_dag.py
[2025-03-18T23:53:30.389+0000] {logging_mixin.py:190} INFO - [2025-03-18T23:53:30.389+0000] {dag.py:3239} INFO - Sync 1 DAGs
[2025-03-18T23:53:30.396+0000] {logging_mixin.py:190} INFO - [2025-03-18T23:53:30.396+0000] {dag.py:4180} INFO - Setting next_dagrun for create_or_update_hubspot_contact to None, run_after=None
[2025-03-18T23:53:30.403+0000] {processor.py:208} INFO - Processing /opt/airflow/dags/create_or_update_hubspot_contact_dag.py took 0.034 seconds
[2025-03-18T23:53:45.952+0000] {processor.py:186} INFO - Started process (PID=1196) to work on /opt/airflow/dags/create_or_update_hubspot_contact_dag.py
[2025-03-18T23:53:45.953+0000] {processor.py:914} INFO - Processing file /opt/airflow/dags/create_or_update_hubspot_contact_dag.py for tasks to queue
[2025-03-18T23:53:45.955+0000] {logging_mixin.py:190} INFO - [2025-03-18T23:53:45.955+0000] {dagbag.py:588} INFO - Filling up the DagBag from /opt/airflow/dags/create_or_update_hubspot_contact_dag.py
[2025-03-18T23:53:45.965+0000] {processor.py:925} INFO - DAG(s) 'create_or_update_hubspot_contact' retrieved from /opt/airflow/dags/create_or_update_hubspot_contact_dag.py
[2025-03-18T23:53:45.981+0000] {logging_mixin.py:190} INFO - [2025-03-18T23:53:45.981+0000] {dag.py:3239} INFO - Sync 1 DAGs
[2025-03-18T23:53:45.989+0000] {logging_mixin.py:190} INFO - [2025-03-18T23:53:45.989+0000] {dag.py:4180} INFO - Setting next_dagrun for create_or_update_hubspot_contact to None, run_after=None
[2025-03-18T23:53:45.998+0000] {processor.py:208} INFO - Processing /opt/airflow/dags/create_or_update_hubspot_contact_dag.py took 0.050 seconds
[2025-03-18T23:54:16.042+0000] {processor.py:186} INFO - Started process (PID=1269) to work on /opt/airflow/dags/create_or_update_hubspot_contact_dag.py
[2025-03-18T23:54:16.043+0000] {processor.py:914} INFO - Processing file /opt/airflow/dags/create_or_update_hubspot_contact_dag.py for tasks to queue
[2025-03-18T23:54:16.047+0000] {logging_mixin.py:190} INFO - [2025-03-18T23:54:16.047+0000] {dagbag.py:588} INFO - Filling up the DagBag from /opt/airflow/dags/create_or_update_hubspot_contact_dag.py
[2025-03-18T23:54:16.063+0000] {processor.py:925} INFO - DAG(s) 'create_or_update_hubspot_contact' retrieved from /opt/airflow/dags/create_or_update_hubspot_contact_dag.py
[2025-03-18T23:54:16.090+0000] {logging_mixin.py:190} INFO - [2025-03-18T23:54:16.090+0000] {dag.py:3239} INFO - Sync 1 DAGs
[2025-03-18T23:54:16.110+0000] {logging_mixin.py:190} INFO - [2025-03-18T23:54:16.109+0000] {dag.py:4180} INFO - Setting next_dagrun for create_or_update_hubspot_contact to None, run_after=None
[2025-03-18T23:54:16.130+0000] {processor.py:208} INFO - Processing /opt/airflow/dags/create_or_update_hubspot_contact_dag.py took 0.096 seconds
[2025-03-18T23:54:46.177+0000] {processor.py:186} INFO - Started process (PID=1341) to work on /opt/airflow/dags/create_or_update_hubspot_contact_dag.py
[2025-03-18T23:54:46.178+0000] {processor.py:914} INFO - Processing file /opt/airflow/dags/create_or_update_hubspot_contact_dag.py for tasks to queue
[2025-03-18T23:54:46.180+0000] {logging_mixin.py:190} INFO - [2025-03-18T23:54:46.180+0000] {dagbag.py:588} INFO - Filling up the DagBag from /opt/airflow/dags/create_or_update_hubspot_contact_dag.py
[2025-03-18T23:54:46.191+0000] {processor.py:925} INFO - DAG(s) 'create_or_update_hubspot_contact' retrieved from /opt/airflow/dags/create_or_update_hubspot_contact_dag.py
[2025-03-18T23:54:46.216+0000] {logging_mixin.py:190} INFO - [2025-03-18T23:54:46.216+0000] {dag.py:3239} INFO - Sync 1 DAGs
[2025-03-18T23:54:46.244+0000] {logging_mixin.py:190} INFO - [2025-03-18T23:54:46.244+0000] {dag.py:4180} INFO - Setting next_dagrun for create_or_update_hubspot_contact to None, run_after=None
[2025-03-18T23:54:46.273+0000] {processor.py:208} INFO - Processing /opt/airflow/dags/create_or_update_hubspot_contact_dag.py took 0.102 seconds
[2025-03-18T23:55:16.882+0000] {processor.py:186} INFO - Started process (PID=1413) to work on /opt/airflow/dags/create_or_update_hubspot_contact_dag.py
[2025-03-18T23:55:16.883+0000] {processor.py:914} INFO - Processing file /opt/airflow/dags/create_or_update_hubspot_contact_dag.py for tasks to queue
[2025-03-18T23:55:16.884+0000] {logging_mixin.py:190} INFO - [2025-03-18T23:55:16.884+0000] {dagbag.py:588} INFO - Filling up the DagBag from /opt/airflow/dags/create_or_update_hubspot_contact_dag.py
[2025-03-18T23:55:16.892+0000] {processor.py:925} INFO - DAG(s) 'create_or_update_hubspot_contact' retrieved from /opt/airflow/dags/create_or_update_hubspot_contact_dag.py
[2025-03-18T23:55:16.903+0000] {logging_mixin.py:190} INFO - [2025-03-18T23:55:16.903+0000] {dag.py:3239} INFO - Sync 1 DAGs
[2025-03-18T23:55:16.910+0000] {logging_mixin.py:190} INFO - [2025-03-18T23:55:16.910+0000] {dag.py:4180} INFO - Setting next_dagrun for create_or_update_hubspot_contact to None, run_after=None
[2025-03-18T23:55:16.918+0000] {processor.py:208} INFO - Processing /opt/airflow/dags/create_or_update_hubspot_contact_dag.py took 0.043 seconds
[2025-03-18T23:55:47.421+0000] {processor.py:186} INFO - Started process (PID=1485) to work on /opt/airflow/dags/create_or_update_hubspot_contact_dag.py
[2025-03-18T23:55:47.421+0000] {processor.py:914} INFO - Processing file /opt/airflow/dags/create_or_update_hubspot_contact_dag.py for tasks to queue
[2025-03-18T23:55:47.423+0000] {logging_mixin.py:190} INFO - [2025-03-18T23:55:47.423+0000] {dagbag.py:588} INFO - Filling up the DagBag from /opt/airflow/dags/create_or_update_hubspot_contact_dag.py
[2025-03-18T23:55:47.428+0000] {processor.py:925} INFO - DAG(s) 'create_or_update_hubspot_contact' retrieved from /opt/airflow/dags/create_or_update_hubspot_contact_dag.py
[2025-03-18T23:55:47.439+0000] {logging_mixin.py:190} INFO - [2025-03-18T23:55:47.439+0000] {dag.py:3239} INFO - Sync 1 DAGs
[2025-03-18T23:55:47.448+0000] {logging_mixin.py:190} INFO - [2025-03-18T23:55:47.448+0000] {dag.py:4180} INFO - Setting next_dagrun for create_or_update_hubspot_contact to None, run_after=None
[2025-03-18T23:55:47.465+0000] {processor.py:208} INFO - Processing /opt/airflow/dags/create_or_update_hubspot_contact_dag.py took 0.048 seconds
[2025-03-18T23:56:17.762+0000] {processor.py:186} INFO - Started process (PID=1556) to work on /opt/airflow/dags/create_or_update_hubspot_contact_dag.py
[2025-03-18T23:56:17.767+0000] {processor.py:914} INFO - Processing file /opt/airflow/dags/create_or_update_hubspot_contact_dag.py for tasks to queue
[2025-03-18T23:56:17.790+0000] {logging_mixin.py:190} INFO - [2025-03-18T23:56:17.789+0000] {dagbag.py:588} INFO - Filling up the DagBag from /opt/airflow/dags/create_or_update_hubspot_contact_dag.py
[2025-03-18T23:56:17.825+0000] {processor.py:925} INFO - DAG(s) 'create_or_update_hubspot_contact' retrieved from /opt/airflow/dags/create_or_update_hubspot_contact_dag.py
[2025-03-18T23:56:17.908+0000] {logging_mixin.py:190} INFO - [2025-03-18T23:56:17.908+0000] {dag.py:3239} INFO - Sync 1 DAGs
[2025-03-18T23:56:17.954+0000] {logging_mixin.py:190} INFO - [2025-03-18T23:56:17.954+0000] {dag.py:4180} INFO - Setting next_dagrun for create_or_update_hubspot_contact to None, run_after=None
[2025-03-18T23:56:17.997+0000] {processor.py:208} INFO - Processing /opt/airflow/dags/create_or_update_hubspot_contact_dag.py took 0.245 seconds
[2025-03-18T23:56:49.002+0000] {processor.py:186} INFO - Started process (PID=1628) to work on /opt/airflow/dags/create_or_update_hubspot_contact_dag.py
[2025-03-18T23:56:49.019+0000] {processor.py:914} INFO - Processing file /opt/airflow/dags/create_or_update_hubspot_contact_dag.py for tasks to queue
[2025-03-18T23:56:49.066+0000] {logging_mixin.py:190} INFO - [2025-03-18T23:56:49.064+0000] {dagbag.py:588} INFO - Filling up the DagBag from /opt/airflow/dags/create_or_update_hubspot_contact_dag.py
[2025-03-18T23:56:49.145+0000] {processor.py:925} INFO - DAG(s) 'create_or_update_hubspot_contact' retrieved from /opt/airflow/dags/create_or_update_hubspot_contact_dag.py
[2025-03-18T23:56:49.182+0000] {logging_mixin.py:190} INFO - [2025-03-18T23:56:49.182+0000] {dag.py:3239} INFO - Sync 1 DAGs
[2025-03-18T23:56:49.213+0000] {logging_mixin.py:190} INFO - [2025-03-18T23:56:49.213+0000] {dag.py:4180} INFO - Setting next_dagrun for create_or_update_hubspot_contact to None, run_after=None
[2025-03-18T23:56:49.244+0000] {processor.py:208} INFO - Processing /opt/airflow/dags/create_or_update_hubspot_contact_dag.py took 0.275 seconds
[2025-03-18T23:57:19.454+0000] {processor.py:186} INFO - Started process (PID=1700) to work on /opt/airflow/dags/create_or_update_hubspot_contact_dag.py
[2025-03-18T23:57:19.473+0000] {processor.py:914} INFO - Processing file /opt/airflow/dags/create_or_update_hubspot_contact_dag.py for tasks to queue
[2025-03-18T23:57:19.479+0000] {logging_mixin.py:190} INFO - [2025-03-18T23:57:19.479+0000] {dagbag.py:588} INFO - Filling up the DagBag from /opt/airflow/dags/create_or_update_hubspot_contact_dag.py
[2025-03-18T23:57:19.515+0000] {processor.py:925} INFO - DAG(s) 'create_or_update_hubspot_contact' retrieved from /opt/airflow/dags/create_or_update_hubspot_contact_dag.py
[2025-03-18T23:57:19.567+0000] {logging_mixin.py:190} INFO - [2025-03-18T23:57:19.567+0000] {dag.py:3239} INFO - Sync 1 DAGs
[2025-03-18T23:57:19.586+0000] {logging_mixin.py:190} INFO - [2025-03-18T23:57:19.586+0000] {dag.py:4180} INFO - Setting next_dagrun for create_or_update_hubspot_contact to None, run_after=None
[2025-03-18T23:57:19.629+0000] {processor.py:208} INFO - Processing /opt/airflow/dags/create_or_update_hubspot_contact_dag.py took 0.185 seconds
[2025-03-18T23:57:49.863+0000] {processor.py:186} INFO - Started process (PID=1771) to work on /opt/airflow/dags/create_or_update_hubspot_contact_dag.py
[2025-03-18T23:57:49.864+0000] {processor.py:914} INFO - Processing file /opt/airflow/dags/create_or_update_hubspot_contact_dag.py for tasks to queue
[2025-03-18T23:57:49.866+0000] {logging_mixin.py:190} INFO - [2025-03-18T23:57:49.866+0000] {dagbag.py:588} INFO - Filling up the DagBag from /opt/airflow/dags/create_or_update_hubspot_contact_dag.py
[2025-03-18T23:57:49.873+0000] {processor.py:925} INFO - DAG(s) 'create_or_update_hubspot_contact' retrieved from /opt/airflow/dags/create_or_update_hubspot_contact_dag.py
[2025-03-18T23:57:49.884+0000] {logging_mixin.py:190} INFO - [2025-03-18T23:57:49.883+0000] {dag.py:3239} INFO - Sync 1 DAGs
[2025-03-18T23:57:49.892+0000] {logging_mixin.py:190} INFO - [2025-03-18T23:57:49.892+0000] {dag.py:4180} INFO - Setting next_dagrun for create_or_update_hubspot_contact to None, run_after=None
[2025-03-18T23:57:49.898+0000] {processor.py:208} INFO - Processing /opt/airflow/dags/create_or_update_hubspot_contact_dag.py took 0.042 seconds
[2025-03-18T23:58:20.673+0000] {processor.py:186} INFO - Started process (PID=1843) to work on /opt/airflow/dags/create_or_update_hubspot_contact_dag.py
[2025-03-18T23:58:20.682+0000] {processor.py:914} INFO - Processing file /opt/airflow/dags/create_or_update_hubspot_contact_dag.py for tasks to queue
[2025-03-18T23:58:20.691+0000] {logging_mixin.py:190} INFO - [2025-03-18T23:58:20.690+0000] {dagbag.py:588} INFO - Filling up the DagBag from /opt/airflow/dags/create_or_update_hubspot_contact_dag.py
[2025-03-18T23:58:20.722+0000] {processor.py:925} INFO - DAG(s) 'create_or_update_hubspot_contact' retrieved from /opt/airflow/dags/create_or_update_hubspot_contact_dag.py
[2025-03-18T23:58:20.787+0000] {logging_mixin.py:190} INFO - [2025-03-18T23:58:20.786+0000] {dag.py:3239} INFO - Sync 1 DAGs
[2025-03-18T23:58:20.818+0000] {logging_mixin.py:190} INFO - [2025-03-18T23:58:20.818+0000] {dag.py:4180} INFO - Setting next_dagrun for create_or_update_hubspot_contact to None, run_after=None
[2025-03-18T23:58:20.852+0000] {processor.py:208} INFO - Processing /opt/airflow/dags/create_or_update_hubspot_contact_dag.py took 0.188 seconds
[2025-03-18T23:58:51.832+0000] {processor.py:186} INFO - Started process (PID=1915) to work on /opt/airflow/dags/create_or_update_hubspot_contact_dag.py
[2025-03-18T23:58:51.839+0000] {processor.py:914} INFO - Processing file /opt/airflow/dags/create_or_update_hubspot_contact_dag.py for tasks to queue
[2025-03-18T23:58:51.848+0000] {logging_mixin.py:190} INFO - [2025-03-18T23:58:51.847+0000] {dagbag.py:588} INFO - Filling up the DagBag from /opt/airflow/dags/create_or_update_hubspot_contact_dag.py
[2025-03-18T23:58:51.886+0000] {processor.py:925} INFO - DAG(s) 'create_or_update_hubspot_contact' retrieved from /opt/airflow/dags/create_or_update_hubspot_contact_dag.py
[2025-03-18T23:58:51.988+0000] {logging_mixin.py:190} INFO - [2025-03-18T23:58:51.988+0000] {dag.py:3239} INFO - Sync 1 DAGs
[2025-03-18T23:58:52.059+0000] {logging_mixin.py:190} INFO - [2025-03-18T23:58:52.059+0000] {dag.py:4180} INFO - Setting next_dagrun for create_or_update_hubspot_contact to None, run_after=None
[2025-03-18T23:58:52.098+0000] {processor.py:208} INFO - Processing /opt/airflow/dags/create_or_update_hubspot_contact_dag.py took 0.287 seconds
[2025-03-18T23:59:23.028+0000] {processor.py:186} INFO - Started process (PID=1987) to work on /opt/airflow/dags/create_or_update_hubspot_contact_dag.py
[2025-03-18T23:59:23.029+0000] {processor.py:914} INFO - Processing file /opt/airflow/dags/create_or_update_hubspot_contact_dag.py for tasks to queue
[2025-03-18T23:59:23.033+0000] {logging_mixin.py:190} INFO - [2025-03-18T23:59:23.032+0000] {dagbag.py:588} INFO - Filling up the DagBag from /opt/airflow/dags/create_or_update_hubspot_contact_dag.py
[2025-03-18T23:59:23.055+0000] {processor.py:925} INFO - DAG(s) 'create_or_update_hubspot_contact' retrieved from /opt/airflow/dags/create_or_update_hubspot_contact_dag.py
[2025-03-18T23:59:23.076+0000] {logging_mixin.py:190} INFO - [2025-03-18T23:59:23.076+0000] {dag.py:3239} INFO - Sync 1 DAGs
[2025-03-18T23:59:23.090+0000] {logging_mixin.py:190} INFO - [2025-03-18T23:59:23.090+0000] {dag.py:4180} INFO - Setting next_dagrun for create_or_update_hubspot_contact to None, run_after=None
[2025-03-18T23:59:23.101+0000] {processor.py:208} INFO - Processing /opt/airflow/dags/create_or_update_hubspot_contact_dag.py took 0.082 seconds
[2025-03-18T23:59:55.943+0000] {processor.py:186} INFO - Started process (PID=2065) to work on /opt/airflow/dags/create_or_update_hubspot_contact_dag.py
[2025-03-18T23:59:55.944+0000] {processor.py:914} INFO - Processing file /opt/airflow/dags/create_or_update_hubspot_contact_dag.py for tasks to queue
[2025-03-18T23:59:55.946+0000] {logging_mixin.py:190} INFO - [2025-03-18T23:59:55.946+0000] {dagbag.py:588} INFO - Filling up the DagBag from /opt/airflow/dags/create_or_update_hubspot_contact_dag.py
[2025-03-18T23:59:55.967+0000] {processor.py:925} INFO - DAG(s) 'create_or_update_hubspot_contact' retrieved from /opt/airflow/dags/create_or_update_hubspot_contact_dag.py
[2025-03-18T23:59:55.992+0000] {logging_mixin.py:190} INFO - [2025-03-18T23:59:55.992+0000] {dag.py:3239} INFO - Sync 1 DAGs
[2025-03-18T23:59:56.009+0000] {logging_mixin.py:190} INFO - [2025-03-18T23:59:56.009+0000] {dag.py:4180} INFO - Setting next_dagrun for create_or_update_hubspot_contact to None, run_after=None
[2025-03-18T23:59:56.037+0000] {processor.py:208} INFO - Processing /opt/airflow/dags/create_or_update_hubspot_contact_dag.py took 0.108 seconds
