[2025-03-18T23:42:18.551+0000] {processor.py:186} INFO - Started process (PID=72254) to work on /opt/airflow/dags/fetch_sevdesk_contacts_dag.py
[2025-03-18T23:42:18.552+0000] {processor.py:914} INFO - Processing file /opt/airflow/dags/fetch_sevdesk_contacts_dag.py for tasks to queue
[2025-03-18T23:42:18.554+0000] {logging_mixin.py:190} INFO - [2025-03-18T23:42:18.554+0000] {dagbag.py:588} INFO - Filling up the DagBag from /opt/airflow/dags/fetch_sevdesk_contacts_dag.py
[2025-03-18T23:42:18.563+0000] {processor.py:925} INFO - DAG(s) 'fetch_sevdesk_contacts' retrieved from /opt/airflow/dags/fetch_sevdesk_contacts_dag.py
[2025-03-18T23:42:18.616+0000] {logging_mixin.py:190} INFO - [2025-03-18T23:42:18.616+0000] {override.py:1912} INFO - Created Permission View: can delete on DAG:fetch_sevdesk_contacts
[2025-03-18T23:42:18.621+0000] {logging_mixin.py:190} INFO - [2025-03-18T23:42:18.620+0000] {override.py:1912} INFO - Created Permission View: can edit on DAG:fetch_sevdesk_contacts
[2025-03-18T23:42:18.622+0000] {logging_mixin.py:190} INFO - [2025-03-18T23:42:18.622+0000] {override.py:1912} INFO - Created Permission View: can read on DAG:fetch_sevdesk_contacts
[2025-03-18T23:42:18.624+0000] {logging_mixin.py:190} INFO - [2025-03-18T23:42:18.624+0000] {override.py:1912} INFO - Created Permission View: can delete on DAG Run:fetch_sevdesk_contacts
[2025-03-18T23:42:18.626+0000] {logging_mixin.py:190} INFO - [2025-03-18T23:42:18.625+0000] {override.py:1912} INFO - Created Permission View: menu access on DAG Run:fetch_sevdesk_contacts
[2025-03-18T23:42:18.627+0000] {logging_mixin.py:190} INFO - [2025-03-18T23:42:18.627+0000] {override.py:1912} INFO - Created Permission View: can create on DAG Run:fetch_sevdesk_contacts
[2025-03-18T23:42:18.629+0000] {logging_mixin.py:190} INFO - [2025-03-18T23:42:18.629+0000] {override.py:1912} INFO - Created Permission View: can read on DAG Run:fetch_sevdesk_contacts
[2025-03-18T23:42:18.629+0000] {logging_mixin.py:190} INFO - [2025-03-18T23:42:18.629+0000] {dag.py:3239} INFO - Sync 1 DAGs
[2025-03-18T23:42:18.637+0000] {logging_mixin.py:190} INFO - [2025-03-18T23:42:18.637+0000] {dag.py:3262} INFO - Creating ORM DAG for fetch_sevdesk_contacts
[2025-03-18T23:42:18.642+0000] {logging_mixin.py:190} INFO - [2025-03-18T23:42:18.642+0000] {dag.py:4180} INFO - Setting next_dagrun for fetch_sevdesk_contacts to 2024-03-19 00:00:00+00:00, run_after=2024-03-19 01:00:00+00:00
[2025-03-18T23:42:18.647+0000] {processor.py:208} INFO - Processing /opt/airflow/dags/fetch_sevdesk_contacts_dag.py took 0.102 seconds
[2025-03-18T23:42:49.517+0000] {processor.py:186} INFO - Started process (PID=72325) to work on /opt/airflow/dags/fetch_sevdesk_contacts_dag.py
[2025-03-18T23:42:49.517+0000] {processor.py:914} INFO - Processing file /opt/airflow/dags/fetch_sevdesk_contacts_dag.py for tasks to queue
[2025-03-18T23:42:49.527+0000] {logging_mixin.py:190} INFO - [2025-03-18T23:42:49.527+0000] {dagbag.py:588} INFO - Filling up the DagBag from /opt/airflow/dags/fetch_sevdesk_contacts_dag.py
[2025-03-18T23:42:49.538+0000] {processor.py:925} INFO - DAG(s) 'fetch_sevdesk_contacts' retrieved from /opt/airflow/dags/fetch_sevdesk_contacts_dag.py
[2025-03-18T23:42:49.547+0000] {logging_mixin.py:190} INFO - [2025-03-18T23:42:49.547+0000] {dag.py:3239} INFO - Sync 1 DAGs
[2025-03-18T23:42:49.560+0000] {logging_mixin.py:190} INFO - [2025-03-18T23:42:49.560+0000] {dag.py:4180} INFO - Setting next_dagrun for fetch_sevdesk_contacts to 2024-03-19 00:00:00+00:00, run_after=2024-03-19 01:00:00+00:00
[2025-03-18T23:42:49.567+0000] {processor.py:208} INFO - Processing /opt/airflow/dags/fetch_sevdesk_contacts_dag.py took 0.054 seconds
[2025-03-18T23:43:19.880+0000] {processor.py:186} INFO - Started process (PID=72396) to work on /opt/airflow/dags/fetch_sevdesk_contacts_dag.py
[2025-03-18T23:43:19.880+0000] {processor.py:914} INFO - Processing file /opt/airflow/dags/fetch_sevdesk_contacts_dag.py for tasks to queue
[2025-03-18T23:43:19.882+0000] {logging_mixin.py:190} INFO - [2025-03-18T23:43:19.882+0000] {dagbag.py:588} INFO - Filling up the DagBag from /opt/airflow/dags/fetch_sevdesk_contacts_dag.py
[2025-03-18T23:43:19.889+0000] {processor.py:925} INFO - DAG(s) 'fetch_sevdesk_contacts' retrieved from /opt/airflow/dags/fetch_sevdesk_contacts_dag.py
[2025-03-18T23:43:19.900+0000] {logging_mixin.py:190} INFO - [2025-03-18T23:43:19.900+0000] {dag.py:3239} INFO - Sync 1 DAGs
[2025-03-18T23:43:19.912+0000] {logging_mixin.py:190} INFO - [2025-03-18T23:43:19.912+0000] {dag.py:4180} INFO - Setting next_dagrun for fetch_sevdesk_contacts to 2024-03-19 00:00:00+00:00, run_after=2024-03-19 01:00:00+00:00
[2025-03-18T23:43:19.920+0000] {processor.py:208} INFO - Processing /opt/airflow/dags/fetch_sevdesk_contacts_dag.py took 0.044 seconds
[2025-03-18T23:43:50.665+0000] {processor.py:186} INFO - Started process (PID=72467) to work on /opt/airflow/dags/fetch_sevdesk_contacts_dag.py
[2025-03-18T23:43:50.666+0000] {processor.py:914} INFO - Processing file /opt/airflow/dags/fetch_sevdesk_contacts_dag.py for tasks to queue
[2025-03-18T23:43:50.667+0000] {logging_mixin.py:190} INFO - [2025-03-18T23:43:50.667+0000] {dagbag.py:588} INFO - Filling up the DagBag from /opt/airflow/dags/fetch_sevdesk_contacts_dag.py
[2025-03-18T23:43:50.672+0000] {processor.py:925} INFO - DAG(s) 'fetch_sevdesk_contacts' retrieved from /opt/airflow/dags/fetch_sevdesk_contacts_dag.py
[2025-03-18T23:43:50.681+0000] {logging_mixin.py:190} INFO - [2025-03-18T23:43:50.681+0000] {dag.py:3239} INFO - Sync 1 DAGs
[2025-03-18T23:43:50.692+0000] {logging_mixin.py:190} INFO - [2025-03-18T23:43:50.692+0000] {dag.py:4180} INFO - Setting next_dagrun for fetch_sevdesk_contacts to 2024-03-19 00:00:00+00:00, run_after=2024-03-19 01:00:00+00:00
[2025-03-18T23:43:50.698+0000] {processor.py:208} INFO - Processing /opt/airflow/dags/fetch_sevdesk_contacts_dag.py took 0.037 seconds
[2025-03-18T23:44:21.583+0000] {processor.py:186} INFO - Started process (PID=72538) to work on /opt/airflow/dags/fetch_sevdesk_contacts_dag.py
[2025-03-18T23:44:21.584+0000] {processor.py:914} INFO - Processing file /opt/airflow/dags/fetch_sevdesk_contacts_dag.py for tasks to queue
[2025-03-18T23:44:21.585+0000] {logging_mixin.py:190} INFO - [2025-03-18T23:44:21.585+0000] {dagbag.py:588} INFO - Filling up the DagBag from /opt/airflow/dags/fetch_sevdesk_contacts_dag.py
[2025-03-18T23:44:21.591+0000] {processor.py:925} INFO - DAG(s) 'fetch_sevdesk_contacts' retrieved from /opt/airflow/dags/fetch_sevdesk_contacts_dag.py
[2025-03-18T23:44:21.602+0000] {logging_mixin.py:190} INFO - [2025-03-18T23:44:21.602+0000] {dag.py:3239} INFO - Sync 1 DAGs
[2025-03-18T23:44:21.614+0000] {logging_mixin.py:190} INFO - [2025-03-18T23:44:21.614+0000] {dag.py:4180} INFO - Setting next_dagrun for fetch_sevdesk_contacts to 2024-03-19 00:00:00+00:00, run_after=2024-03-19 01:00:00+00:00
[2025-03-18T23:44:21.622+0000] {processor.py:208} INFO - Processing /opt/airflow/dags/fetch_sevdesk_contacts_dag.py took 0.043 seconds
[2025-03-18T23:44:52.413+0000] {processor.py:186} INFO - Started process (PID=72609) to work on /opt/airflow/dags/fetch_sevdesk_contacts_dag.py
[2025-03-18T23:44:52.414+0000] {processor.py:914} INFO - Processing file /opt/airflow/dags/fetch_sevdesk_contacts_dag.py for tasks to queue
[2025-03-18T23:44:52.416+0000] {logging_mixin.py:190} INFO - [2025-03-18T23:44:52.415+0000] {dagbag.py:588} INFO - Filling up the DagBag from /opt/airflow/dags/fetch_sevdesk_contacts_dag.py
[2025-03-18T23:44:52.421+0000] {processor.py:925} INFO - DAG(s) 'fetch_sevdesk_contacts' retrieved from /opt/airflow/dags/fetch_sevdesk_contacts_dag.py
[2025-03-18T23:44:52.433+0000] {logging_mixin.py:190} INFO - [2025-03-18T23:44:52.433+0000] {dag.py:3239} INFO - Sync 1 DAGs
[2025-03-18T23:44:52.449+0000] {logging_mixin.py:190} INFO - [2025-03-18T23:44:52.449+0000] {dag.py:4180} INFO - Setting next_dagrun for fetch_sevdesk_contacts to 2024-03-19 00:00:00+00:00, run_after=2024-03-19 01:00:00+00:00
[2025-03-18T23:44:52.457+0000] {processor.py:208} INFO - Processing /opt/airflow/dags/fetch_sevdesk_contacts_dag.py took 0.049 seconds
[2025-03-18T23:45:49.146+0000] {processor.py:186} INFO - Started process (PID=49) to work on /opt/airflow/dags/fetch_sevdesk_contacts_dag.py
[2025-03-18T23:45:49.149+0000] {processor.py:914} INFO - Processing file /opt/airflow/dags/fetch_sevdesk_contacts_dag.py for tasks to queue
[2025-03-18T23:45:49.151+0000] {logging_mixin.py:190} INFO - [2025-03-18T23:45:49.151+0000] {dagbag.py:588} INFO - Filling up the DagBag from /opt/airflow/dags/fetch_sevdesk_contacts_dag.py
[2025-03-18T23:45:49.158+0000] {processor.py:925} INFO - DAG(s) 'fetch_sevdesk_contacts' retrieved from /opt/airflow/dags/fetch_sevdesk_contacts_dag.py
[2025-03-18T23:45:49.185+0000] {logging_mixin.py:190} INFO - [2025-03-18T23:45:49.185+0000] {dag.py:3239} INFO - Sync 1 DAGs
[2025-03-18T23:45:49.205+0000] {logging_mixin.py:190} INFO - [2025-03-18T23:45:49.205+0000] {dag.py:4180} INFO - Setting next_dagrun for fetch_sevdesk_contacts to 2024-03-19 00:00:00+00:00, run_after=2024-03-19 01:00:00+00:00
[2025-03-18T23:45:49.228+0000] {processor.py:208} INFO - Processing /opt/airflow/dags/fetch_sevdesk_contacts_dag.py took 0.087 seconds
[2025-03-18T23:46:20.031+0000] {processor.py:186} INFO - Started process (PID=121) to work on /opt/airflow/dags/fetch_sevdesk_contacts_dag.py
[2025-03-18T23:46:20.032+0000] {processor.py:914} INFO - Processing file /opt/airflow/dags/fetch_sevdesk_contacts_dag.py for tasks to queue
[2025-03-18T23:46:20.033+0000] {logging_mixin.py:190} INFO - [2025-03-18T23:46:20.033+0000] {dagbag.py:588} INFO - Filling up the DagBag from /opt/airflow/dags/fetch_sevdesk_contacts_dag.py
[2025-03-18T23:46:20.037+0000] {processor.py:925} INFO - DAG(s) 'fetch_sevdesk_contacts' retrieved from /opt/airflow/dags/fetch_sevdesk_contacts_dag.py
[2025-03-18T23:46:20.047+0000] {logging_mixin.py:190} INFO - [2025-03-18T23:46:20.047+0000] {dag.py:3239} INFO - Sync 1 DAGs
[2025-03-18T23:46:20.058+0000] {logging_mixin.py:190} INFO - [2025-03-18T23:46:20.057+0000] {dag.py:4180} INFO - Setting next_dagrun for fetch_sevdesk_contacts to 2024-03-19 00:00:00+00:00, run_after=2024-03-19 01:00:00+00:00
[2025-03-18T23:46:20.065+0000] {processor.py:208} INFO - Processing /opt/airflow/dags/fetch_sevdesk_contacts_dag.py took 0.036 seconds
[2025-03-18T23:46:50.220+0000] {processor.py:186} INFO - Started process (PID=205) to work on /opt/airflow/dags/fetch_sevdesk_contacts_dag.py
[2025-03-18T23:46:50.221+0000] {processor.py:914} INFO - Processing file /opt/airflow/dags/fetch_sevdesk_contacts_dag.py for tasks to queue
[2025-03-18T23:46:50.221+0000] {logging_mixin.py:190} INFO - [2025-03-18T23:46:50.221+0000] {dagbag.py:588} INFO - Filling up the DagBag from /opt/airflow/dags/fetch_sevdesk_contacts_dag.py
[2025-03-18T23:46:50.225+0000] {processor.py:925} INFO - DAG(s) 'fetch_sevdesk_contacts' retrieved from /opt/airflow/dags/fetch_sevdesk_contacts_dag.py
[2025-03-18T23:46:50.233+0000] {logging_mixin.py:190} INFO - [2025-03-18T23:46:50.233+0000] {dag.py:3239} INFO - Sync 1 DAGs
[2025-03-18T23:46:50.241+0000] {logging_mixin.py:190} INFO - [2025-03-18T23:46:50.241+0000] {dag.py:4180} INFO - Setting next_dagrun for fetch_sevdesk_contacts to 2024-03-19 00:00:00+00:00, run_after=2024-03-19 01:00:00+00:00
[2025-03-18T23:46:50.247+0000] {processor.py:208} INFO - Processing /opt/airflow/dags/fetch_sevdesk_contacts_dag.py took 0.029 seconds
[2025-03-18T23:47:21.247+0000] {processor.py:186} INFO - Started process (PID=277) to work on /opt/airflow/dags/fetch_sevdesk_contacts_dag.py
[2025-03-18T23:47:21.248+0000] {processor.py:914} INFO - Processing file /opt/airflow/dags/fetch_sevdesk_contacts_dag.py for tasks to queue
[2025-03-18T23:47:21.248+0000] {logging_mixin.py:190} INFO - [2025-03-18T23:47:21.248+0000] {dagbag.py:588} INFO - Filling up the DagBag from /opt/airflow/dags/fetch_sevdesk_contacts_dag.py
[2025-03-18T23:47:21.252+0000] {processor.py:925} INFO - DAG(s) 'fetch_sevdesk_contacts' retrieved from /opt/airflow/dags/fetch_sevdesk_contacts_dag.py
[2025-03-18T23:47:21.259+0000] {logging_mixin.py:190} INFO - [2025-03-18T23:47:21.259+0000] {dag.py:3239} INFO - Sync 1 DAGs
[2025-03-18T23:47:21.267+0000] {logging_mixin.py:190} INFO - [2025-03-18T23:47:21.267+0000] {dag.py:4180} INFO - Setting next_dagrun for fetch_sevdesk_contacts to 2024-03-19 00:00:00+00:00, run_after=2024-03-19 01:00:00+00:00
[2025-03-18T23:47:21.272+0000] {processor.py:208} INFO - Processing /opt/airflow/dags/fetch_sevdesk_contacts_dag.py took 0.028 seconds
[2025-03-18T23:47:52.242+0000] {processor.py:186} INFO - Started process (PID=354) to work on /opt/airflow/dags/fetch_sevdesk_contacts_dag.py
[2025-03-18T23:47:52.243+0000] {processor.py:914} INFO - Processing file /opt/airflow/dags/fetch_sevdesk_contacts_dag.py for tasks to queue
[2025-03-18T23:47:52.243+0000] {logging_mixin.py:190} INFO - [2025-03-18T23:47:52.243+0000] {dagbag.py:588} INFO - Filling up the DagBag from /opt/airflow/dags/fetch_sevdesk_contacts_dag.py
[2025-03-18T23:47:52.246+0000] {processor.py:925} INFO - DAG(s) 'fetch_sevdesk_contacts' retrieved from /opt/airflow/dags/fetch_sevdesk_contacts_dag.py
[2025-03-18T23:47:52.253+0000] {logging_mixin.py:190} INFO - [2025-03-18T23:47:52.253+0000] {dag.py:3239} INFO - Sync 1 DAGs
[2025-03-18T23:47:52.261+0000] {logging_mixin.py:190} INFO - [2025-03-18T23:47:52.261+0000] {dag.py:4180} INFO - Setting next_dagrun for fetch_sevdesk_contacts to 2024-03-19 00:00:00+00:00, run_after=2024-03-19 01:00:00+00:00
[2025-03-18T23:47:52.266+0000] {processor.py:208} INFO - Processing /opt/airflow/dags/fetch_sevdesk_contacts_dag.py took 0.026 seconds
[2025-03-18T23:48:23.161+0000] {processor.py:186} INFO - Started process (PID=426) to work on /opt/airflow/dags/fetch_sevdesk_contacts_dag.py
[2025-03-18T23:48:23.161+0000] {processor.py:914} INFO - Processing file /opt/airflow/dags/fetch_sevdesk_contacts_dag.py for tasks to queue
[2025-03-18T23:48:23.163+0000] {logging_mixin.py:190} INFO - [2025-03-18T23:48:23.163+0000] {dagbag.py:588} INFO - Filling up the DagBag from /opt/airflow/dags/fetch_sevdesk_contacts_dag.py
[2025-03-18T23:48:23.171+0000] {processor.py:925} INFO - DAG(s) 'fetch_sevdesk_contacts' retrieved from /opt/airflow/dags/fetch_sevdesk_contacts_dag.py
[2025-03-18T23:48:23.181+0000] {logging_mixin.py:190} INFO - [2025-03-18T23:48:23.181+0000] {dag.py:3239} INFO - Sync 1 DAGs
[2025-03-18T23:48:23.190+0000] {logging_mixin.py:190} INFO - [2025-03-18T23:48:23.190+0000] {dag.py:4180} INFO - Setting next_dagrun for fetch_sevdesk_contacts to 2024-03-19 00:00:00+00:00, run_after=2024-03-19 01:00:00+00:00
[2025-03-18T23:48:23.195+0000] {processor.py:208} INFO - Processing /opt/airflow/dags/fetch_sevdesk_contacts_dag.py took 0.038 seconds
[2025-03-18T23:48:53.946+0000] {processor.py:186} INFO - Started process (PID=498) to work on /opt/airflow/dags/fetch_sevdesk_contacts_dag.py
[2025-03-18T23:48:53.946+0000] {processor.py:914} INFO - Processing file /opt/airflow/dags/fetch_sevdesk_contacts_dag.py for tasks to queue
[2025-03-18T23:48:53.947+0000] {logging_mixin.py:190} INFO - [2025-03-18T23:48:53.947+0000] {dagbag.py:588} INFO - Filling up the DagBag from /opt/airflow/dags/fetch_sevdesk_contacts_dag.py
[2025-03-18T23:48:53.951+0000] {processor.py:925} INFO - DAG(s) 'fetch_sevdesk_contacts' retrieved from /opt/airflow/dags/fetch_sevdesk_contacts_dag.py
[2025-03-18T23:48:53.958+0000] {logging_mixin.py:190} INFO - [2025-03-18T23:48:53.958+0000] {dag.py:3239} INFO - Sync 1 DAGs
[2025-03-18T23:48:53.966+0000] {logging_mixin.py:190} INFO - [2025-03-18T23:48:53.966+0000] {dag.py:4180} INFO - Setting next_dagrun for fetch_sevdesk_contacts to 2024-03-19 00:00:00+00:00, run_after=2024-03-19 01:00:00+00:00
[2025-03-18T23:48:53.972+0000] {processor.py:208} INFO - Processing /opt/airflow/dags/fetch_sevdesk_contacts_dag.py took 0.028 seconds
[2025-03-18T23:49:24.773+0000] {processor.py:186} INFO - Started process (PID=574) to work on /opt/airflow/dags/fetch_sevdesk_contacts_dag.py
[2025-03-18T23:49:24.774+0000] {processor.py:914} INFO - Processing file /opt/airflow/dags/fetch_sevdesk_contacts_dag.py for tasks to queue
[2025-03-18T23:49:24.780+0000] {logging_mixin.py:190} INFO - [2025-03-18T23:49:24.778+0000] {dagbag.py:588} INFO - Filling up the DagBag from /opt/airflow/dags/fetch_sevdesk_contacts_dag.py
[2025-03-18T23:49:24.792+0000] {processor.py:925} INFO - DAG(s) 'fetch_sevdesk_contacts' retrieved from /opt/airflow/dags/fetch_sevdesk_contacts_dag.py
[2025-03-18T23:49:24.804+0000] {logging_mixin.py:190} INFO - [2025-03-18T23:49:24.804+0000] {dag.py:3239} INFO - Sync 1 DAGs
[2025-03-18T23:49:24.838+0000] {logging_mixin.py:190} INFO - [2025-03-18T23:49:24.838+0000] {dag.py:4180} INFO - Setting next_dagrun for fetch_sevdesk_contacts to 2024-03-19 15:00:00+00:00, run_after=2024-03-19 16:00:00+00:00
[2025-03-18T23:49:24.844+0000] {processor.py:208} INFO - Processing /opt/airflow/dags/fetch_sevdesk_contacts_dag.py took 0.075 seconds
[2025-03-18T23:49:55.984+0000] {processor.py:186} INFO - Started process (PID=646) to work on /opt/airflow/dags/fetch_sevdesk_contacts_dag.py
[2025-03-18T23:49:55.986+0000] {processor.py:914} INFO - Processing file /opt/airflow/dags/fetch_sevdesk_contacts_dag.py for tasks to queue
[2025-03-18T23:49:55.988+0000] {logging_mixin.py:190} INFO - [2025-03-18T23:49:55.988+0000] {dagbag.py:588} INFO - Filling up the DagBag from /opt/airflow/dags/fetch_sevdesk_contacts_dag.py
[2025-03-18T23:49:56.006+0000] {processor.py:925} INFO - DAG(s) 'fetch_sevdesk_contacts' retrieved from /opt/airflow/dags/fetch_sevdesk_contacts_dag.py
[2025-03-18T23:49:56.029+0000] {logging_mixin.py:190} INFO - [2025-03-18T23:49:56.029+0000] {dag.py:3239} INFO - Sync 1 DAGs
[2025-03-18T23:49:56.068+0000] {processor.py:208} INFO - Processing /opt/airflow/dags/fetch_sevdesk_contacts_dag.py took 0.091 seconds
[2025-03-18T23:50:26.875+0000] {processor.py:186} INFO - Started process (PID=720) to work on /opt/airflow/dags/fetch_sevdesk_contacts_dag.py
[2025-03-18T23:50:26.876+0000] {processor.py:914} INFO - Processing file /opt/airflow/dags/fetch_sevdesk_contacts_dag.py for tasks to queue
[2025-03-18T23:50:26.878+0000] {logging_mixin.py:190} INFO - [2025-03-18T23:50:26.877+0000] {dagbag.py:588} INFO - Filling up the DagBag from /opt/airflow/dags/fetch_sevdesk_contacts_dag.py
[2025-03-18T23:50:26.881+0000] {processor.py:925} INFO - DAG(s) 'fetch_sevdesk_contacts' retrieved from /opt/airflow/dags/fetch_sevdesk_contacts_dag.py
[2025-03-18T23:50:26.892+0000] {logging_mixin.py:190} INFO - [2025-03-18T23:50:26.892+0000] {dag.py:3239} INFO - Sync 1 DAGs
[2025-03-18T23:50:26.906+0000] {logging_mixin.py:190} INFO - [2025-03-18T23:50:26.906+0000] {dag.py:4180} INFO - Setting next_dagrun for fetch_sevdesk_contacts to 2024-03-21 11:00:00+00:00, run_after=2024-03-21 12:00:00+00:00
[2025-03-18T23:50:26.912+0000] {processor.py:208} INFO - Processing /opt/airflow/dags/fetch_sevdesk_contacts_dag.py took 0.041 seconds
[2025-03-18T23:50:57.615+0000] {processor.py:186} INFO - Started process (PID=792) to work on /opt/airflow/dags/fetch_sevdesk_contacts_dag.py
[2025-03-18T23:50:57.616+0000] {processor.py:914} INFO - Processing file /opt/airflow/dags/fetch_sevdesk_contacts_dag.py for tasks to queue
[2025-03-18T23:50:57.617+0000] {logging_mixin.py:190} INFO - [2025-03-18T23:50:57.617+0000] {dagbag.py:588} INFO - Filling up the DagBag from /opt/airflow/dags/fetch_sevdesk_contacts_dag.py
[2025-03-18T23:50:57.621+0000] {processor.py:925} INFO - DAG(s) 'fetch_sevdesk_contacts' retrieved from /opt/airflow/dags/fetch_sevdesk_contacts_dag.py
[2025-03-18T23:50:57.629+0000] {logging_mixin.py:190} INFO - [2025-03-18T23:50:57.628+0000] {dag.py:3239} INFO - Sync 1 DAGs
[2025-03-18T23:50:57.637+0000] {logging_mixin.py:190} INFO - [2025-03-18T23:50:57.637+0000] {dag.py:4180} INFO - Setting next_dagrun for fetch_sevdesk_contacts to 2024-03-22 12:00:00+00:00, run_after=2024-03-22 13:00:00+00:00
[2025-03-18T23:50:57.644+0000] {processor.py:208} INFO - Processing /opt/airflow/dags/fetch_sevdesk_contacts_dag.py took 0.032 seconds
[2025-03-18T23:51:28.239+0000] {processor.py:186} INFO - Started process (PID=864) to work on /opt/airflow/dags/fetch_sevdesk_contacts_dag.py
[2025-03-18T23:51:28.240+0000] {processor.py:914} INFO - Processing file /opt/airflow/dags/fetch_sevdesk_contacts_dag.py for tasks to queue
[2025-03-18T23:51:28.244+0000] {logging_mixin.py:190} INFO - [2025-03-18T23:51:28.244+0000] {dagbag.py:588} INFO - Filling up the DagBag from /opt/airflow/dags/fetch_sevdesk_contacts_dag.py
[2025-03-18T23:51:28.257+0000] {processor.py:925} INFO - DAG(s) 'fetch_sevdesk_contacts' retrieved from /opt/airflow/dags/fetch_sevdesk_contacts_dag.py
[2025-03-18T23:51:28.277+0000] {logging_mixin.py:190} INFO - [2025-03-18T23:51:28.277+0000] {dag.py:3239} INFO - Sync 1 DAGs
[2025-03-18T23:51:28.304+0000] {logging_mixin.py:190} INFO - [2025-03-18T23:51:28.303+0000] {dag.py:4180} INFO - Setting next_dagrun for fetch_sevdesk_contacts to 2024-03-23 11:00:00+00:00, run_after=2024-03-23 12:00:00+00:00
[2025-03-18T23:51:28.326+0000] {processor.py:208} INFO - Processing /opt/airflow/dags/fetch_sevdesk_contacts_dag.py took 0.090 seconds
[2025-03-18T23:51:58.854+0000] {processor.py:186} INFO - Started process (PID=936) to work on /opt/airflow/dags/fetch_sevdesk_contacts_dag.py
[2025-03-18T23:51:58.856+0000] {processor.py:914} INFO - Processing file /opt/airflow/dags/fetch_sevdesk_contacts_dag.py for tasks to queue
[2025-03-18T23:51:58.860+0000] {logging_mixin.py:190} INFO - [2025-03-18T23:51:58.859+0000] {dagbag.py:588} INFO - Filling up the DagBag from /opt/airflow/dags/fetch_sevdesk_contacts_dag.py
[2025-03-18T23:51:58.884+0000] {processor.py:925} INFO - DAG(s) 'fetch_sevdesk_contacts' retrieved from /opt/airflow/dags/fetch_sevdesk_contacts_dag.py
[2025-03-18T23:51:58.932+0000] {logging_mixin.py:190} INFO - [2025-03-18T23:51:58.932+0000] {dag.py:3239} INFO - Sync 1 DAGs
[2025-03-18T23:51:58.970+0000] {logging_mixin.py:190} INFO - [2025-03-18T23:51:58.970+0000] {dag.py:4180} INFO - Setting next_dagrun for fetch_sevdesk_contacts to 2024-03-24 11:00:00+00:00, run_after=2024-03-24 12:00:00+00:00
[2025-03-18T23:51:59.017+0000] {processor.py:208} INFO - Processing /opt/airflow/dags/fetch_sevdesk_contacts_dag.py took 0.186 seconds
[2025-03-18T23:52:29.081+0000] {processor.py:186} INFO - Started process (PID=1008) to work on /opt/airflow/dags/fetch_sevdesk_contacts_dag.py
[2025-03-18T23:52:29.082+0000] {processor.py:914} INFO - Processing file /opt/airflow/dags/fetch_sevdesk_contacts_dag.py for tasks to queue
[2025-03-18T23:52:29.083+0000] {logging_mixin.py:190} INFO - [2025-03-18T23:52:29.083+0000] {dagbag.py:588} INFO - Filling up the DagBag from /opt/airflow/dags/fetch_sevdesk_contacts_dag.py
[2025-03-18T23:52:29.087+0000] {processor.py:925} INFO - DAG(s) 'fetch_sevdesk_contacts' retrieved from /opt/airflow/dags/fetch_sevdesk_contacts_dag.py
[2025-03-18T23:52:29.095+0000] {logging_mixin.py:190} INFO - [2025-03-18T23:52:29.095+0000] {dag.py:3239} INFO - Sync 1 DAGs
[2025-03-18T23:52:29.105+0000] {logging_mixin.py:190} INFO - [2025-03-18T23:52:29.105+0000] {dag.py:4180} INFO - Setting next_dagrun for fetch_sevdesk_contacts to 2024-03-25 09:00:00+00:00, run_after=2024-03-25 10:00:00+00:00
[2025-03-18T23:52:29.111+0000] {processor.py:208} INFO - Processing /opt/airflow/dags/fetch_sevdesk_contacts_dag.py took 0.032 seconds
[2025-03-18T23:53:00.350+0000] {processor.py:186} INFO - Started process (PID=1079) to work on /opt/airflow/dags/fetch_sevdesk_contacts_dag.py
[2025-03-18T23:53:00.353+0000] {processor.py:914} INFO - Processing file /opt/airflow/dags/fetch_sevdesk_contacts_dag.py for tasks to queue
[2025-03-18T23:53:00.371+0000] {logging_mixin.py:190} INFO - [2025-03-18T23:53:00.371+0000] {dagbag.py:588} INFO - Filling up the DagBag from /opt/airflow/dags/fetch_sevdesk_contacts_dag.py
[2025-03-18T23:53:00.485+0000] {processor.py:925} INFO - DAG(s) 'fetch_sevdesk_contacts' retrieved from /opt/airflow/dags/fetch_sevdesk_contacts_dag.py
[2025-03-18T23:53:00.576+0000] {logging_mixin.py:190} INFO - [2025-03-18T23:53:00.576+0000] {dag.py:3239} INFO - Sync 1 DAGs
[2025-03-18T23:53:00.678+0000] {processor.py:208} INFO - Processing /opt/airflow/dags/fetch_sevdesk_contacts_dag.py took 0.336 seconds
[2025-03-18T23:53:31.400+0000] {processor.py:186} INFO - Started process (PID=1151) to work on /opt/airflow/dags/fetch_sevdesk_contacts_dag.py
[2025-03-18T23:53:31.401+0000] {processor.py:914} INFO - Processing file /opt/airflow/dags/fetch_sevdesk_contacts_dag.py for tasks to queue
[2025-03-18T23:53:31.403+0000] {logging_mixin.py:190} INFO - [2025-03-18T23:53:31.403+0000] {dagbag.py:588} INFO - Filling up the DagBag from /opt/airflow/dags/fetch_sevdesk_contacts_dag.py
[2025-03-18T23:53:31.421+0000] {processor.py:925} INFO - DAG(s) 'fetch_sevdesk_contacts' retrieved from /opt/airflow/dags/fetch_sevdesk_contacts_dag.py
[2025-03-18T23:53:31.443+0000] {logging_mixin.py:190} INFO - [2025-03-18T23:53:31.443+0000] {dag.py:3239} INFO - Sync 1 DAGs
[2025-03-18T23:53:31.459+0000] {logging_mixin.py:190} INFO - [2025-03-18T23:53:31.459+0000] {dag.py:4180} INFO - Setting next_dagrun for fetch_sevdesk_contacts to 2024-03-27 08:00:00+00:00, run_after=2024-03-27 09:00:00+00:00
[2025-03-18T23:53:31.478+0000] {processor.py:208} INFO - Processing /opt/airflow/dags/fetch_sevdesk_contacts_dag.py took 0.089 seconds
[2025-03-18T23:54:01.541+0000] {processor.py:186} INFO - Started process (PID=1223) to work on /opt/airflow/dags/fetch_sevdesk_contacts_dag.py
[2025-03-18T23:54:01.543+0000] {processor.py:914} INFO - Processing file /opt/airflow/dags/fetch_sevdesk_contacts_dag.py for tasks to queue
[2025-03-18T23:54:01.547+0000] {logging_mixin.py:190} INFO - [2025-03-18T23:54:01.547+0000] {dagbag.py:588} INFO - Filling up the DagBag from /opt/airflow/dags/fetch_sevdesk_contacts_dag.py
[2025-03-18T23:54:01.563+0000] {processor.py:925} INFO - DAG(s) 'fetch_sevdesk_contacts' retrieved from /opt/airflow/dags/fetch_sevdesk_contacts_dag.py
[2025-03-18T23:54:01.593+0000] {logging_mixin.py:190} INFO - [2025-03-18T23:54:01.592+0000] {dag.py:3239} INFO - Sync 1 DAGs
[2025-03-18T23:54:01.640+0000] {processor.py:208} INFO - Processing /opt/airflow/dags/fetch_sevdesk_contacts_dag.py took 0.108 seconds
[2025-03-18T23:54:32.556+0000] {processor.py:186} INFO - Started process (PID=1295) to work on /opt/airflow/dags/fetch_sevdesk_contacts_dag.py
[2025-03-18T23:54:32.558+0000] {processor.py:914} INFO - Processing file /opt/airflow/dags/fetch_sevdesk_contacts_dag.py for tasks to queue
[2025-03-18T23:54:32.561+0000] {logging_mixin.py:190} INFO - [2025-03-18T23:54:32.561+0000] {dagbag.py:588} INFO - Filling up the DagBag from /opt/airflow/dags/fetch_sevdesk_contacts_dag.py
[2025-03-18T23:54:32.580+0000] {processor.py:925} INFO - DAG(s) 'fetch_sevdesk_contacts' retrieved from /opt/airflow/dags/fetch_sevdesk_contacts_dag.py
[2025-03-18T23:54:32.597+0000] {logging_mixin.py:190} INFO - [2025-03-18T23:54:32.596+0000] {dag.py:3239} INFO - Sync 1 DAGs
[2025-03-18T23:54:32.614+0000] {logging_mixin.py:190} INFO - [2025-03-18T23:54:32.614+0000] {dag.py:4180} INFO - Setting next_dagrun for fetch_sevdesk_contacts to 2024-03-29 08:00:00+00:00, run_after=2024-03-29 09:00:00+00:00
[2025-03-18T23:54:32.633+0000] {processor.py:208} INFO - Processing /opt/airflow/dags/fetch_sevdesk_contacts_dag.py took 0.086 seconds
[2025-03-18T23:54:56.220+0000] {processor.py:186} INFO - Started process (PID=1352) to work on /opt/airflow/dags/fetch_sevdesk_contacts_dag.py
[2025-03-18T23:54:56.222+0000] {processor.py:914} INFO - Processing file /opt/airflow/dags/fetch_sevdesk_contacts_dag.py for tasks to queue
[2025-03-18T23:54:56.231+0000] {logging_mixin.py:190} INFO - [2025-03-18T23:54:56.231+0000] {dagbag.py:588} INFO - Filling up the DagBag from /opt/airflow/dags/fetch_sevdesk_contacts_dag.py
[2025-03-18T23:54:56.287+0000] {processor.py:925} INFO - DAG(s) 'fetch_sevdesk_contacts' retrieved from /opt/airflow/dags/fetch_sevdesk_contacts_dag.py
[2025-03-18T23:54:56.361+0000] {logging_mixin.py:190} INFO - [2025-03-18T23:54:56.361+0000] {dag.py:3239} INFO - Sync 1 DAGs
[2025-03-18T23:54:56.452+0000] {processor.py:208} INFO - Processing /opt/airflow/dags/fetch_sevdesk_contacts_dag.py took 0.248 seconds
[2025-03-18T23:55:28.743+0000] {processor.py:186} INFO - Started process (PID=1424) to work on /opt/airflow/dags/fetch_sevdesk_contacts_dag.py
[2025-03-18T23:55:28.751+0000] {processor.py:914} INFO - Processing file /opt/airflow/dags/fetch_sevdesk_contacts_dag.py for tasks to queue
[2025-03-18T23:55:28.761+0000] {logging_mixin.py:190} INFO - [2025-03-18T23:55:28.759+0000] {dagbag.py:588} INFO - Filling up the DagBag from /opt/airflow/dags/fetch_sevdesk_contacts_dag.py
[2025-03-18T23:55:28.807+0000] {processor.py:925} INFO - DAG(s) 'fetch_sevdesk_contacts' retrieved from /opt/airflow/dags/fetch_sevdesk_contacts_dag.py
[2025-03-18T23:55:28.866+0000] {logging_mixin.py:190} INFO - [2025-03-18T23:55:28.866+0000] {dag.py:3239} INFO - Sync 1 DAGs
[2025-03-18T23:55:28.911+0000] {logging_mixin.py:190} INFO - [2025-03-18T23:55:28.911+0000] {dag.py:4180} INFO - Setting next_dagrun for fetch_sevdesk_contacts to 2024-03-31 18:00:00+00:00, run_after=2024-03-31 19:00:00+00:00
[2025-03-18T23:55:28.987+0000] {processor.py:208} INFO - Processing /opt/airflow/dags/fetch_sevdesk_contacts_dag.py took 0.262 seconds
[2025-03-18T23:56:00.496+0000] {processor.py:186} INFO - Started process (PID=1495) to work on /opt/airflow/dags/fetch_sevdesk_contacts_dag.py
[2025-03-18T23:56:00.504+0000] {processor.py:914} INFO - Processing file /opt/airflow/dags/fetch_sevdesk_contacts_dag.py for tasks to queue
[2025-03-18T23:56:00.512+0000] {logging_mixin.py:190} INFO - [2025-03-18T23:56:00.511+0000] {dagbag.py:588} INFO - Filling up the DagBag from /opt/airflow/dags/fetch_sevdesk_contacts_dag.py
[2025-03-18T23:56:00.542+0000] {processor.py:925} INFO - DAG(s) 'fetch_sevdesk_contacts' retrieved from /opt/airflow/dags/fetch_sevdesk_contacts_dag.py
[2025-03-18T23:56:00.592+0000] {logging_mixin.py:190} INFO - [2025-03-18T23:56:00.592+0000] {dag.py:3239} INFO - Sync 1 DAGs
[2025-03-18T23:56:00.675+0000] {processor.py:208} INFO - Processing /opt/airflow/dags/fetch_sevdesk_contacts_dag.py took 0.194 seconds
[2025-03-18T23:56:30.981+0000] {processor.py:186} INFO - Started process (PID=1563) to work on /opt/airflow/dags/fetch_sevdesk_contacts_dag.py
[2025-03-18T23:56:30.982+0000] {processor.py:914} INFO - Processing file /opt/airflow/dags/fetch_sevdesk_contacts_dag.py for tasks to queue
[2025-03-18T23:56:30.984+0000] {logging_mixin.py:190} INFO - [2025-03-18T23:56:30.984+0000] {dagbag.py:588} INFO - Filling up the DagBag from /opt/airflow/dags/fetch_sevdesk_contacts_dag.py
[2025-03-18T23:56:30.999+0000] {processor.py:925} INFO - DAG(s) 'fetch_sevdesk_contacts' retrieved from /opt/airflow/dags/fetch_sevdesk_contacts_dag.py
[2025-03-18T23:56:31.017+0000] {logging_mixin.py:190} INFO - [2025-03-18T23:56:31.017+0000] {dag.py:3239} INFO - Sync 1 DAGs
[2025-03-18T23:56:31.033+0000] {logging_mixin.py:190} INFO - [2025-03-18T23:56:31.033+0000] {dag.py:4180} INFO - Setting next_dagrun for fetch_sevdesk_contacts to 2024-04-04 03:00:00+00:00, run_after=2024-04-04 04:00:00+00:00
[2025-03-18T23:56:31.044+0000] {processor.py:208} INFO - Processing /opt/airflow/dags/fetch_sevdesk_contacts_dag.py took 0.070 seconds
[2025-03-18T23:57:01.185+0000] {processor.py:186} INFO - Started process (PID=1635) to work on /opt/airflow/dags/fetch_sevdesk_contacts_dag.py
[2025-03-18T23:57:01.186+0000] {processor.py:914} INFO - Processing file /opt/airflow/dags/fetch_sevdesk_contacts_dag.py for tasks to queue
[2025-03-18T23:57:01.188+0000] {logging_mixin.py:190} INFO - [2025-03-18T23:57:01.188+0000] {dagbag.py:588} INFO - Filling up the DagBag from /opt/airflow/dags/fetch_sevdesk_contacts_dag.py
[2025-03-18T23:57:01.197+0000] {processor.py:925} INFO - DAG(s) 'fetch_sevdesk_contacts' retrieved from /opt/airflow/dags/fetch_sevdesk_contacts_dag.py
[2025-03-18T23:57:01.209+0000] {logging_mixin.py:190} INFO - [2025-03-18T23:57:01.209+0000] {dag.py:3239} INFO - Sync 1 DAGs
[2025-03-18T23:57:01.226+0000] {logging_mixin.py:190} INFO - [2025-03-18T23:57:01.226+0000] {dag.py:4180} INFO - Setting next_dagrun for fetch_sevdesk_contacts to 2024-04-06 04:00:00+00:00, run_after=2024-04-06 05:00:00+00:00
[2025-03-18T23:57:01.238+0000] {processor.py:208} INFO - Processing /opt/airflow/dags/fetch_sevdesk_contacts_dag.py took 0.058 seconds
[2025-03-18T23:57:31.844+0000] {processor.py:186} INFO - Started process (PID=1706) to work on /opt/airflow/dags/fetch_sevdesk_contacts_dag.py
[2025-03-18T23:57:31.849+0000] {processor.py:914} INFO - Processing file /opt/airflow/dags/fetch_sevdesk_contacts_dag.py for tasks to queue
[2025-03-18T23:57:31.860+0000] {logging_mixin.py:190} INFO - [2025-03-18T23:57:31.859+0000] {dagbag.py:588} INFO - Filling up the DagBag from /opt/airflow/dags/fetch_sevdesk_contacts_dag.py
[2025-03-18T23:57:31.927+0000] {processor.py:925} INFO - DAG(s) 'fetch_sevdesk_contacts' retrieved from /opt/airflow/dags/fetch_sevdesk_contacts_dag.py
[2025-03-18T23:57:32.000+0000] {logging_mixin.py:190} INFO - [2025-03-18T23:57:32.000+0000] {dag.py:3239} INFO - Sync 1 DAGs
[2025-03-18T23:57:32.144+0000] {processor.py:208} INFO - Processing /opt/airflow/dags/fetch_sevdesk_contacts_dag.py took 0.314 seconds
[2025-03-18T23:58:03.121+0000] {processor.py:186} INFO - Started process (PID=1778) to work on /opt/airflow/dags/fetch_sevdesk_contacts_dag.py
[2025-03-18T23:58:03.122+0000] {processor.py:914} INFO - Processing file /opt/airflow/dags/fetch_sevdesk_contacts_dag.py for tasks to queue
[2025-03-18T23:58:03.127+0000] {logging_mixin.py:190} INFO - [2025-03-18T23:58:03.126+0000] {dagbag.py:588} INFO - Filling up the DagBag from /opt/airflow/dags/fetch_sevdesk_contacts_dag.py
[2025-03-18T23:58:03.151+0000] {processor.py:925} INFO - DAG(s) 'fetch_sevdesk_contacts' retrieved from /opt/airflow/dags/fetch_sevdesk_contacts_dag.py
[2025-03-18T23:58:03.175+0000] {logging_mixin.py:190} INFO - [2025-03-18T23:58:03.175+0000] {dag.py:3239} INFO - Sync 1 DAGs
[2025-03-18T23:58:03.204+0000] {logging_mixin.py:190} INFO - [2025-03-18T23:58:03.204+0000] {dag.py:4180} INFO - Setting next_dagrun for fetch_sevdesk_contacts to 2024-04-09 14:00:00+00:00, run_after=2024-04-09 15:00:00+00:00
[2025-03-18T23:58:03.235+0000] {processor.py:208} INFO - Processing /opt/airflow/dags/fetch_sevdesk_contacts_dag.py took 0.124 seconds
[2025-03-18T23:58:34.111+0000] {processor.py:186} INFO - Started process (PID=1850) to work on /opt/airflow/dags/fetch_sevdesk_contacts_dag.py
[2025-03-18T23:58:34.120+0000] {processor.py:914} INFO - Processing file /opt/airflow/dags/fetch_sevdesk_contacts_dag.py for tasks to queue
[2025-03-18T23:58:34.131+0000] {logging_mixin.py:190} INFO - [2025-03-18T23:58:34.130+0000] {dagbag.py:588} INFO - Filling up the DagBag from /opt/airflow/dags/fetch_sevdesk_contacts_dag.py
[2025-03-18T23:58:34.197+0000] {processor.py:925} INFO - DAG(s) 'fetch_sevdesk_contacts' retrieved from /opt/airflow/dags/fetch_sevdesk_contacts_dag.py
[2025-03-18T23:58:34.250+0000] {logging_mixin.py:190} INFO - [2025-03-18T23:58:34.250+0000] {dag.py:3239} INFO - Sync 1 DAGs
[2025-03-18T23:58:34.338+0000] {logging_mixin.py:190} INFO - [2025-03-18T23:58:34.338+0000] {dag.py:4180} INFO - Setting next_dagrun for fetch_sevdesk_contacts to 2024-04-11 12:00:00+00:00, run_after=2024-04-11 13:00:00+00:00
[2025-03-18T23:58:34.396+0000] {processor.py:208} INFO - Processing /opt/airflow/dags/fetch_sevdesk_contacts_dag.py took 0.309 seconds
[2025-03-18T23:59:05.143+0000] {processor.py:186} INFO - Started process (PID=1922) to work on /opt/airflow/dags/fetch_sevdesk_contacts_dag.py
[2025-03-18T23:59:05.145+0000] {processor.py:914} INFO - Processing file /opt/airflow/dags/fetch_sevdesk_contacts_dag.py for tasks to queue
[2025-03-18T23:59:05.151+0000] {logging_mixin.py:190} INFO - [2025-03-18T23:59:05.150+0000] {dagbag.py:588} INFO - Filling up the DagBag from /opt/airflow/dags/fetch_sevdesk_contacts_dag.py
[2025-03-18T23:59:05.188+0000] {processor.py:925} INFO - DAG(s) 'fetch_sevdesk_contacts' retrieved from /opt/airflow/dags/fetch_sevdesk_contacts_dag.py
[2025-03-18T23:59:05.224+0000] {logging_mixin.py:190} INFO - [2025-03-18T23:59:05.223+0000] {dag.py:3239} INFO - Sync 1 DAGs
[2025-03-18T23:59:05.283+0000] {processor.py:208} INFO - Processing /opt/airflow/dags/fetch_sevdesk_contacts_dag.py took 0.156 seconds
[2025-03-18T23:59:36.296+0000] {processor.py:186} INFO - Started process (PID=1994) to work on /opt/airflow/dags/fetch_sevdesk_contacts_dag.py
[2025-03-18T23:59:36.297+0000] {processor.py:914} INFO - Processing file /opt/airflow/dags/fetch_sevdesk_contacts_dag.py for tasks to queue
[2025-03-18T23:59:36.305+0000] {logging_mixin.py:190} INFO - [2025-03-18T23:59:36.305+0000] {dagbag.py:588} INFO - Filling up the DagBag from /opt/airflow/dags/fetch_sevdesk_contacts_dag.py
[2025-03-18T23:59:36.352+0000] {processor.py:925} INFO - DAG(s) 'fetch_sevdesk_contacts' retrieved from /opt/airflow/dags/fetch_sevdesk_contacts_dag.py
[2025-03-18T23:59:36.405+0000] {logging_mixin.py:190} INFO - [2025-03-18T23:59:36.404+0000] {dag.py:3239} INFO - Sync 1 DAGs
[2025-03-18T23:59:36.460+0000] {logging_mixin.py:190} INFO - [2025-03-18T23:59:36.459+0000] {dag.py:4180} INFO - Setting next_dagrun for fetch_sevdesk_contacts to 2024-04-15 06:00:00+00:00, run_after=2024-04-15 07:00:00+00:00
[2025-03-18T23:59:36.495+0000] {processor.py:208} INFO - Processing /opt/airflow/dags/fetch_sevdesk_contacts_dag.py took 0.226 seconds
