[2025-03-18T23:42:18.543+0000] {processor.py:186} INFO - Started process (PID=72253) to work on /opt/airflow/dags/fetch_hubspot_contacts_dag.py
[2025-03-18T23:42:18.544+0000] {processor.py:914} INFO - Processing file /opt/airflow/dags/fetch_hubspot_contacts_dag.py for tasks to queue
[2025-03-18T23:42:18.548+0000] {logging_mixin.py:190} INFO - [2025-03-18T23:42:18.547+0000] {dagbag.py:588} INFO - Filling up the DagBag from /opt/airflow/dags/fetch_hubspot_contacts_dag.py
[2025-03-18T23:42:18.559+0000] {processor.py:925} INFO - DAG(s) 'fetch_hubspot_contacts' retrieved from /opt/airflow/dags/fetch_hubspot_contacts_dag.py
[2025-03-18T23:42:18.616+0000] {logging_mixin.py:190} INFO - [2025-03-18T23:42:18.616+0000] {override.py:1912} INFO - Created Permission View: can delete on DAG:fetch_hubspot_contacts
[2025-03-18T23:42:18.621+0000] {logging_mixin.py:190} INFO - [2025-03-18T23:42:18.621+0000] {override.py:1912} INFO - Created Permission View: can edit on DAG:fetch_hubspot_contacts
[2025-03-18T23:42:18.622+0000] {logging_mixin.py:190} INFO - [2025-03-18T23:42:18.622+0000] {override.py:1912} INFO - Created Permission View: can read on DAG:fetch_hubspot_contacts
[2025-03-18T23:42:18.624+0000] {logging_mixin.py:190} INFO - [2025-03-18T23:42:18.624+0000] {override.py:1912} INFO - Created Permission View: can delete on DAG Run:fetch_hubspot_contacts
[2025-03-18T23:42:18.626+0000] {logging_mixin.py:190} INFO - [2025-03-18T23:42:18.626+0000] {override.py:1912} INFO - Created Permission View: menu access on DAG Run:fetch_hubspot_contacts
[2025-03-18T23:42:18.628+0000] {logging_mixin.py:190} INFO - [2025-03-18T23:42:18.628+0000] {override.py:1912} INFO - Created Permission View: can create on DAG Run:fetch_hubspot_contacts
[2025-03-18T23:42:18.629+0000] {logging_mixin.py:190} INFO - [2025-03-18T23:42:18.629+0000] {override.py:1912} INFO - Created Permission View: can read on DAG Run:fetch_hubspot_contacts
[2025-03-18T23:42:18.629+0000] {logging_mixin.py:190} INFO - [2025-03-18T23:42:18.629+0000] {dag.py:3239} INFO - Sync 1 DAGs
[2025-03-18T23:42:18.637+0000] {logging_mixin.py:190} INFO - [2025-03-18T23:42:18.637+0000] {dag.py:3262} INFO - Creating ORM DAG for fetch_hubspot_contacts
[2025-03-18T23:42:18.637+0000] {logging_mixin.py:190} INFO - [2025-03-18T23:42:18.637+0000] {dag.py:4180} INFO - Setting next_dagrun for fetch_hubspot_contacts to None, run_after=None
[2025-03-18T23:42:18.646+0000] {processor.py:208} INFO - Processing /opt/airflow/dags/fetch_hubspot_contacts_dag.py took 0.110 seconds
[2025-03-18T23:42:49.513+0000] {processor.py:186} INFO - Started process (PID=72324) to work on /opt/airflow/dags/fetch_hubspot_contacts_dag.py
[2025-03-18T23:42:49.513+0000] {processor.py:914} INFO - Processing file /opt/airflow/dags/fetch_hubspot_contacts_dag.py for tasks to queue
[2025-03-18T23:42:49.515+0000] {logging_mixin.py:190} INFO - [2025-03-18T23:42:49.515+0000] {dagbag.py:588} INFO - Filling up the DagBag from /opt/airflow/dags/fetch_hubspot_contacts_dag.py
[2025-03-18T23:42:49.532+0000] {processor.py:925} INFO - DAG(s) 'fetch_hubspot_contacts' retrieved from /opt/airflow/dags/fetch_hubspot_contacts_dag.py
[2025-03-18T23:42:49.547+0000] {logging_mixin.py:190} INFO - [2025-03-18T23:42:49.546+0000] {dag.py:3239} INFO - Sync 1 DAGs
[2025-03-18T23:42:49.556+0000] {logging_mixin.py:190} INFO - [2025-03-18T23:42:49.555+0000] {dag.py:4180} INFO - Setting next_dagrun for fetch_hubspot_contacts to None, run_after=None
[2025-03-18T23:42:49.564+0000] {processor.py:208} INFO - Processing /opt/airflow/dags/fetch_hubspot_contacts_dag.py took 0.057 seconds
[2025-03-18T23:43:19.874+0000] {processor.py:186} INFO - Started process (PID=72395) to work on /opt/airflow/dags/fetch_hubspot_contacts_dag.py
[2025-03-18T23:43:19.876+0000] {processor.py:914} INFO - Processing file /opt/airflow/dags/fetch_hubspot_contacts_dag.py for tasks to queue
[2025-03-18T23:43:19.878+0000] {logging_mixin.py:190} INFO - [2025-03-18T23:43:19.878+0000] {dagbag.py:588} INFO - Filling up the DagBag from /opt/airflow/dags/fetch_hubspot_contacts_dag.py
[2025-03-18T23:43:19.887+0000] {processor.py:925} INFO - DAG(s) 'fetch_hubspot_contacts' retrieved from /opt/airflow/dags/fetch_hubspot_contacts_dag.py
[2025-03-18T23:43:19.900+0000] {logging_mixin.py:190} INFO - [2025-03-18T23:43:19.900+0000] {dag.py:3239} INFO - Sync 1 DAGs
[2025-03-18T23:43:19.908+0000] {logging_mixin.py:190} INFO - [2025-03-18T23:43:19.908+0000] {dag.py:4180} INFO - Setting next_dagrun for fetch_hubspot_contacts to None, run_after=None
[2025-03-18T23:43:19.917+0000] {processor.py:208} INFO - Processing /opt/airflow/dags/fetch_hubspot_contacts_dag.py took 0.048 seconds
[2025-03-18T23:43:50.661+0000] {processor.py:186} INFO - Started process (PID=72466) to work on /opt/airflow/dags/fetch_hubspot_contacts_dag.py
[2025-03-18T23:43:50.662+0000] {processor.py:914} INFO - Processing file /opt/airflow/dags/fetch_hubspot_contacts_dag.py for tasks to queue
[2025-03-18T23:43:50.664+0000] {logging_mixin.py:190} INFO - [2025-03-18T23:43:50.664+0000] {dagbag.py:588} INFO - Filling up the DagBag from /opt/airflow/dags/fetch_hubspot_contacts_dag.py
[2025-03-18T23:43:50.671+0000] {processor.py:925} INFO - DAG(s) 'fetch_hubspot_contacts' retrieved from /opt/airflow/dags/fetch_hubspot_contacts_dag.py
[2025-03-18T23:43:50.681+0000] {logging_mixin.py:190} INFO - [2025-03-18T23:43:50.681+0000] {dag.py:3239} INFO - Sync 1 DAGs
[2025-03-18T23:43:50.688+0000] {logging_mixin.py:190} INFO - [2025-03-18T23:43:50.688+0000] {dag.py:4180} INFO - Setting next_dagrun for fetch_hubspot_contacts to None, run_after=None
[2025-03-18T23:43:50.695+0000] {processor.py:208} INFO - Processing /opt/airflow/dags/fetch_hubspot_contacts_dag.py took 0.039 seconds
[2025-03-18T23:44:21.576+0000] {processor.py:186} INFO - Started process (PID=72537) to work on /opt/airflow/dags/fetch_hubspot_contacts_dag.py
[2025-03-18T23:44:21.577+0000] {processor.py:914} INFO - Processing file /opt/airflow/dags/fetch_hubspot_contacts_dag.py for tasks to queue
[2025-03-18T23:44:21.579+0000] {logging_mixin.py:190} INFO - [2025-03-18T23:44:21.579+0000] {dagbag.py:588} INFO - Filling up the DagBag from /opt/airflow/dags/fetch_hubspot_contacts_dag.py
[2025-03-18T23:44:21.585+0000] {processor.py:925} INFO - DAG(s) 'fetch_hubspot_contacts' retrieved from /opt/airflow/dags/fetch_hubspot_contacts_dag.py
[2025-03-18T23:44:21.597+0000] {logging_mixin.py:190} INFO - [2025-03-18T23:44:21.597+0000] {dag.py:3239} INFO - Sync 1 DAGs
[2025-03-18T23:44:21.606+0000] {logging_mixin.py:190} INFO - [2025-03-18T23:44:21.606+0000] {dag.py:4180} INFO - Setting next_dagrun for fetch_hubspot_contacts to None, run_after=None
[2025-03-18T23:44:21.615+0000] {processor.py:208} INFO - Processing /opt/airflow/dags/fetch_hubspot_contacts_dag.py took 0.044 seconds
[2025-03-18T23:44:52.409+0000] {processor.py:186} INFO - Started process (PID=72608) to work on /opt/airflow/dags/fetch_hubspot_contacts_dag.py
[2025-03-18T23:44:52.410+0000] {processor.py:914} INFO - Processing file /opt/airflow/dags/fetch_hubspot_contacts_dag.py for tasks to queue
[2025-03-18T23:44:52.414+0000] {logging_mixin.py:190} INFO - [2025-03-18T23:44:52.414+0000] {dagbag.py:588} INFO - Filling up the DagBag from /opt/airflow/dags/fetch_hubspot_contacts_dag.py
[2025-03-18T23:44:52.421+0000] {processor.py:925} INFO - DAG(s) 'fetch_hubspot_contacts' retrieved from /opt/airflow/dags/fetch_hubspot_contacts_dag.py
[2025-03-18T23:44:52.433+0000] {logging_mixin.py:190} INFO - [2025-03-18T23:44:52.433+0000] {dag.py:3239} INFO - Sync 1 DAGs
[2025-03-18T23:44:52.445+0000] {logging_mixin.py:190} INFO - [2025-03-18T23:44:52.445+0000] {dag.py:4180} INFO - Setting next_dagrun for fetch_hubspot_contacts to None, run_after=None
[2025-03-18T23:44:52.454+0000] {processor.py:208} INFO - Processing /opt/airflow/dags/fetch_hubspot_contacts_dag.py took 0.051 seconds
[2025-03-18T23:45:49.017+0000] {processor.py:186} INFO - Started process (PID=48) to work on /opt/airflow/dags/fetch_hubspot_contacts_dag.py
[2025-03-18T23:45:49.018+0000] {processor.py:914} INFO - Processing file /opt/airflow/dags/fetch_hubspot_contacts_dag.py for tasks to queue
[2025-03-18T23:45:49.021+0000] {logging_mixin.py:190} INFO - [2025-03-18T23:45:49.020+0000] {dagbag.py:588} INFO - Filling up the DagBag from /opt/airflow/dags/fetch_hubspot_contacts_dag.py
[2025-03-18T23:45:49.039+0000] {processor.py:925} INFO - DAG(s) 'fetch_hubspot_contacts' retrieved from /opt/airflow/dags/fetch_hubspot_contacts_dag.py
[2025-03-18T23:45:49.079+0000] {logging_mixin.py:190} INFO - [2025-03-18T23:45:49.079+0000] {dag.py:3239} INFO - Sync 1 DAGs
[2025-03-18T23:45:49.092+0000] {logging_mixin.py:190} INFO - [2025-03-18T23:45:49.092+0000] {dag.py:4180} INFO - Setting next_dagrun for fetch_hubspot_contacts to None, run_after=None
[2025-03-18T23:45:49.119+0000] {processor.py:208} INFO - Processing /opt/airflow/dags/fetch_hubspot_contacts_dag.py took 0.109 seconds
[2025-03-18T23:46:19.961+0000] {processor.py:186} INFO - Started process (PID=120) to work on /opt/airflow/dags/fetch_hubspot_contacts_dag.py
[2025-03-18T23:46:19.962+0000] {processor.py:914} INFO - Processing file /opt/airflow/dags/fetch_hubspot_contacts_dag.py for tasks to queue
[2025-03-18T23:46:19.965+0000] {logging_mixin.py:190} INFO - [2025-03-18T23:46:19.965+0000] {dagbag.py:588} INFO - Filling up the DagBag from /opt/airflow/dags/fetch_hubspot_contacts_dag.py
[2025-03-18T23:46:19.981+0000] {processor.py:925} INFO - DAG(s) 'fetch_hubspot_contacts' retrieved from /opt/airflow/dags/fetch_hubspot_contacts_dag.py
[2025-03-18T23:46:19.998+0000] {logging_mixin.py:190} INFO - [2025-03-18T23:46:19.998+0000] {dag.py:3239} INFO - Sync 1 DAGs
[2025-03-18T23:46:20.008+0000] {logging_mixin.py:190} INFO - [2025-03-18T23:46:20.008+0000] {dag.py:4180} INFO - Setting next_dagrun for fetch_hubspot_contacts to None, run_after=None
[2025-03-18T23:46:20.019+0000] {processor.py:208} INFO - Processing /opt/airflow/dags/fetch_hubspot_contacts_dag.py took 0.065 seconds
[2025-03-18T23:46:50.159+0000] {processor.py:186} INFO - Started process (PID=204) to work on /opt/airflow/dags/fetch_hubspot_contacts_dag.py
[2025-03-18T23:46:50.161+0000] {processor.py:914} INFO - Processing file /opt/airflow/dags/fetch_hubspot_contacts_dag.py for tasks to queue
[2025-03-18T23:46:50.163+0000] {logging_mixin.py:190} INFO - [2025-03-18T23:46:50.163+0000] {dagbag.py:588} INFO - Filling up the DagBag from /opt/airflow/dags/fetch_hubspot_contacts_dag.py
[2025-03-18T23:46:50.180+0000] {processor.py:925} INFO - DAG(s) 'fetch_hubspot_contacts' retrieved from /opt/airflow/dags/fetch_hubspot_contacts_dag.py
[2025-03-18T23:46:50.192+0000] {logging_mixin.py:190} INFO - [2025-03-18T23:46:50.192+0000] {dag.py:3239} INFO - Sync 1 DAGs
[2025-03-18T23:46:50.200+0000] {logging_mixin.py:190} INFO - [2025-03-18T23:46:50.200+0000] {dag.py:4180} INFO - Setting next_dagrun for fetch_hubspot_contacts to None, run_after=None
[2025-03-18T23:46:50.208+0000] {processor.py:208} INFO - Processing /opt/airflow/dags/fetch_hubspot_contacts_dag.py took 0.053 seconds
[2025-03-18T23:47:21.188+0000] {processor.py:186} INFO - Started process (PID=276) to work on /opt/airflow/dags/fetch_hubspot_contacts_dag.py
[2025-03-18T23:47:21.190+0000] {processor.py:914} INFO - Processing file /opt/airflow/dags/fetch_hubspot_contacts_dag.py for tasks to queue
[2025-03-18T23:47:21.192+0000] {logging_mixin.py:190} INFO - [2025-03-18T23:47:21.192+0000] {dagbag.py:588} INFO - Filling up the DagBag from /opt/airflow/dags/fetch_hubspot_contacts_dag.py
[2025-03-18T23:47:21.200+0000] {processor.py:925} INFO - DAG(s) 'fetch_hubspot_contacts' retrieved from /opt/airflow/dags/fetch_hubspot_contacts_dag.py
[2025-03-18T23:47:21.215+0000] {logging_mixin.py:190} INFO - [2025-03-18T23:47:21.215+0000] {dag.py:3239} INFO - Sync 1 DAGs
[2025-03-18T23:47:21.223+0000] {logging_mixin.py:190} INFO - [2025-03-18T23:47:21.223+0000] {dag.py:4180} INFO - Setting next_dagrun for fetch_hubspot_contacts to None, run_after=None
[2025-03-18T23:47:21.234+0000] {processor.py:208} INFO - Processing /opt/airflow/dags/fetch_hubspot_contacts_dag.py took 0.051 seconds
[2025-03-18T23:47:52.159+0000] {processor.py:186} INFO - Started process (PID=348) to work on /opt/airflow/dags/fetch_hubspot_contacts_dag.py
[2025-03-18T23:47:52.161+0000] {processor.py:914} INFO - Processing file /opt/airflow/dags/fetch_hubspot_contacts_dag.py for tasks to queue
[2025-03-18T23:47:52.164+0000] {logging_mixin.py:190} INFO - [2025-03-18T23:47:52.163+0000] {dagbag.py:588} INFO - Filling up the DagBag from /opt/airflow/dags/fetch_hubspot_contacts_dag.py
[2025-03-18T23:47:52.180+0000] {processor.py:925} INFO - DAG(s) 'fetch_hubspot_contacts' retrieved from /opt/airflow/dags/fetch_hubspot_contacts_dag.py
[2025-03-18T23:47:52.205+0000] {logging_mixin.py:190} INFO - [2025-03-18T23:47:52.205+0000] {dag.py:3239} INFO - Sync 1 DAGs
[2025-03-18T23:47:52.220+0000] {logging_mixin.py:190} INFO - [2025-03-18T23:47:52.220+0000] {dag.py:4180} INFO - Setting next_dagrun for fetch_hubspot_contacts to None, run_after=None
[2025-03-18T23:47:52.230+0000] {processor.py:208} INFO - Processing /opt/airflow/dags/fetch_hubspot_contacts_dag.py took 0.077 seconds
[2025-03-18T23:48:23.088+0000] {processor.py:186} INFO - Started process (PID=425) to work on /opt/airflow/dags/fetch_hubspot_contacts_dag.py
[2025-03-18T23:48:23.090+0000] {processor.py:914} INFO - Processing file /opt/airflow/dags/fetch_hubspot_contacts_dag.py for tasks to queue
[2025-03-18T23:48:23.093+0000] {logging_mixin.py:190} INFO - [2025-03-18T23:48:23.093+0000] {dagbag.py:588} INFO - Filling up the DagBag from /opt/airflow/dags/fetch_hubspot_contacts_dag.py
[2025-03-18T23:48:23.109+0000] {processor.py:925} INFO - DAG(s) 'fetch_hubspot_contacts' retrieved from /opt/airflow/dags/fetch_hubspot_contacts_dag.py
[2025-03-18T23:48:23.127+0000] {logging_mixin.py:190} INFO - [2025-03-18T23:48:23.126+0000] {dag.py:3239} INFO - Sync 1 DAGs
[2025-03-18T23:48:23.137+0000] {logging_mixin.py:190} INFO - [2025-03-18T23:48:23.137+0000] {dag.py:4180} INFO - Setting next_dagrun for fetch_hubspot_contacts to None, run_after=None
[2025-03-18T23:48:23.146+0000] {processor.py:208} INFO - Processing /opt/airflow/dags/fetch_hubspot_contacts_dag.py took 0.066 seconds
[2025-03-18T23:48:53.890+0000] {processor.py:186} INFO - Started process (PID=497) to work on /opt/airflow/dags/fetch_hubspot_contacts_dag.py
[2025-03-18T23:48:53.891+0000] {processor.py:914} INFO - Processing file /opt/airflow/dags/fetch_hubspot_contacts_dag.py for tasks to queue
[2025-03-18T23:48:53.893+0000] {logging_mixin.py:190} INFO - [2025-03-18T23:48:53.892+0000] {dagbag.py:588} INFO - Filling up the DagBag from /opt/airflow/dags/fetch_hubspot_contacts_dag.py
[2025-03-18T23:48:53.906+0000] {processor.py:925} INFO - DAG(s) 'fetch_hubspot_contacts' retrieved from /opt/airflow/dags/fetch_hubspot_contacts_dag.py
[2025-03-18T23:48:53.917+0000] {logging_mixin.py:190} INFO - [2025-03-18T23:48:53.917+0000] {dag.py:3239} INFO - Sync 1 DAGs
[2025-03-18T23:48:53.925+0000] {logging_mixin.py:190} INFO - [2025-03-18T23:48:53.925+0000] {dag.py:4180} INFO - Setting next_dagrun for fetch_hubspot_contacts to None, run_after=None
[2025-03-18T23:48:53.934+0000] {processor.py:208} INFO - Processing /opt/airflow/dags/fetch_hubspot_contacts_dag.py took 0.049 seconds
[2025-03-18T23:49:24.655+0000] {processor.py:186} INFO - Started process (PID=573) to work on /opt/airflow/dags/fetch_hubspot_contacts_dag.py
[2025-03-18T23:49:24.656+0000] {processor.py:914} INFO - Processing file /opt/airflow/dags/fetch_hubspot_contacts_dag.py for tasks to queue
[2025-03-18T23:49:24.658+0000] {logging_mixin.py:190} INFO - [2025-03-18T23:49:24.658+0000] {dagbag.py:588} INFO - Filling up the DagBag from /opt/airflow/dags/fetch_hubspot_contacts_dag.py
[2025-03-18T23:49:24.669+0000] {processor.py:925} INFO - DAG(s) 'fetch_hubspot_contacts' retrieved from /opt/airflow/dags/fetch_hubspot_contacts_dag.py
[2025-03-18T23:49:24.692+0000] {logging_mixin.py:190} INFO - [2025-03-18T23:49:24.691+0000] {dag.py:3239} INFO - Sync 1 DAGs
[2025-03-18T23:49:24.712+0000] {logging_mixin.py:190} INFO - [2025-03-18T23:49:24.712+0000] {dag.py:4180} INFO - Setting next_dagrun for fetch_hubspot_contacts to None, run_after=None
[2025-03-18T23:49:24.737+0000] {processor.py:208} INFO - Processing /opt/airflow/dags/fetch_hubspot_contacts_dag.py took 0.086 seconds
[2025-03-18T23:49:55.742+0000] {processor.py:186} INFO - Started process (PID=645) to work on /opt/airflow/dags/fetch_hubspot_contacts_dag.py
[2025-03-18T23:49:55.744+0000] {processor.py:914} INFO - Processing file /opt/airflow/dags/fetch_hubspot_contacts_dag.py for tasks to queue
[2025-03-18T23:49:55.746+0000] {logging_mixin.py:190} INFO - [2025-03-18T23:49:55.746+0000] {dagbag.py:588} INFO - Filling up the DagBag from /opt/airflow/dags/fetch_hubspot_contacts_dag.py
[2025-03-18T23:49:55.785+0000] {processor.py:925} INFO - DAG(s) 'fetch_hubspot_contacts' retrieved from /opt/airflow/dags/fetch_hubspot_contacts_dag.py
[2025-03-18T23:49:55.835+0000] {logging_mixin.py:190} INFO - [2025-03-18T23:49:55.834+0000] {dag.py:3239} INFO - Sync 1 DAGs
[2025-03-18T23:49:55.873+0000] {logging_mixin.py:190} INFO - [2025-03-18T23:49:55.873+0000] {dag.py:4180} INFO - Setting next_dagrun for fetch_hubspot_contacts to None, run_after=None
[2025-03-18T23:49:55.916+0000] {processor.py:208} INFO - Processing /opt/airflow/dags/fetch_hubspot_contacts_dag.py took 0.199 seconds
[2025-03-18T23:50:26.810+0000] {processor.py:186} INFO - Started process (PID=719) to work on /opt/airflow/dags/fetch_hubspot_contacts_dag.py
[2025-03-18T23:50:26.811+0000] {processor.py:914} INFO - Processing file /opt/airflow/dags/fetch_hubspot_contacts_dag.py for tasks to queue
[2025-03-18T23:50:26.817+0000] {logging_mixin.py:190} INFO - [2025-03-18T23:50:26.817+0000] {dagbag.py:588} INFO - Filling up the DagBag from /opt/airflow/dags/fetch_hubspot_contacts_dag.py
[2025-03-18T23:50:26.822+0000] {processor.py:925} INFO - DAG(s) 'fetch_hubspot_contacts' retrieved from /opt/airflow/dags/fetch_hubspot_contacts_dag.py
[2025-03-18T23:50:26.837+0000] {logging_mixin.py:190} INFO - [2025-03-18T23:50:26.837+0000] {dag.py:3239} INFO - Sync 1 DAGs
[2025-03-18T23:50:26.848+0000] {logging_mixin.py:190} INFO - [2025-03-18T23:50:26.848+0000] {dag.py:4180} INFO - Setting next_dagrun for fetch_hubspot_contacts to None, run_after=None
[2025-03-18T23:50:26.858+0000] {processor.py:208} INFO - Processing /opt/airflow/dags/fetch_hubspot_contacts_dag.py took 0.054 seconds
[2025-03-18T23:50:57.535+0000] {processor.py:186} INFO - Started process (PID=791) to work on /opt/airflow/dags/fetch_hubspot_contacts_dag.py
[2025-03-18T23:50:57.536+0000] {processor.py:914} INFO - Processing file /opt/airflow/dags/fetch_hubspot_contacts_dag.py for tasks to queue
[2025-03-18T23:50:57.540+0000] {logging_mixin.py:190} INFO - [2025-03-18T23:50:57.539+0000] {dagbag.py:588} INFO - Filling up the DagBag from /opt/airflow/dags/fetch_hubspot_contacts_dag.py
[2025-03-18T23:50:57.550+0000] {processor.py:925} INFO - DAG(s) 'fetch_hubspot_contacts' retrieved from /opt/airflow/dags/fetch_hubspot_contacts_dag.py
[2025-03-18T23:50:57.567+0000] {logging_mixin.py:190} INFO - [2025-03-18T23:50:57.566+0000] {dag.py:3239} INFO - Sync 1 DAGs
[2025-03-18T23:50:57.583+0000] {logging_mixin.py:190} INFO - [2025-03-18T23:50:57.583+0000] {dag.py:4180} INFO - Setting next_dagrun for fetch_hubspot_contacts to None, run_after=None
[2025-03-18T23:50:57.598+0000] {processor.py:208} INFO - Processing /opt/airflow/dags/fetch_hubspot_contacts_dag.py took 0.068 seconds
[2025-03-18T23:51:28.073+0000] {processor.py:186} INFO - Started process (PID=863) to work on /opt/airflow/dags/fetch_hubspot_contacts_dag.py
[2025-03-18T23:51:28.074+0000] {processor.py:914} INFO - Processing file /opt/airflow/dags/fetch_hubspot_contacts_dag.py for tasks to queue
[2025-03-18T23:51:28.080+0000] {logging_mixin.py:190} INFO - [2025-03-18T23:51:28.080+0000] {dagbag.py:588} INFO - Filling up the DagBag from /opt/airflow/dags/fetch_hubspot_contacts_dag.py
[2025-03-18T23:51:28.108+0000] {processor.py:925} INFO - DAG(s) 'fetch_hubspot_contacts' retrieved from /opt/airflow/dags/fetch_hubspot_contacts_dag.py
[2025-03-18T23:51:28.159+0000] {logging_mixin.py:190} INFO - [2025-03-18T23:51:28.158+0000] {dag.py:3239} INFO - Sync 1 DAGs
[2025-03-18T23:51:28.177+0000] {logging_mixin.py:190} INFO - [2025-03-18T23:51:28.177+0000] {dag.py:4180} INFO - Setting next_dagrun for fetch_hubspot_contacts to None, run_after=None
[2025-03-18T23:51:28.211+0000] {processor.py:208} INFO - Processing /opt/airflow/dags/fetch_hubspot_contacts_dag.py took 0.158 seconds
[2025-03-18T23:51:58.501+0000] {processor.py:186} INFO - Started process (PID=935) to work on /opt/airflow/dags/fetch_hubspot_contacts_dag.py
[2025-03-18T23:51:58.508+0000] {processor.py:914} INFO - Processing file /opt/airflow/dags/fetch_hubspot_contacts_dag.py for tasks to queue
[2025-03-18T23:51:58.524+0000] {logging_mixin.py:190} INFO - [2025-03-18T23:51:58.523+0000] {dagbag.py:588} INFO - Filling up the DagBag from /opt/airflow/dags/fetch_hubspot_contacts_dag.py
[2025-03-18T23:51:58.561+0000] {processor.py:925} INFO - DAG(s) 'fetch_hubspot_contacts' retrieved from /opt/airflow/dags/fetch_hubspot_contacts_dag.py
[2025-03-18T23:51:58.653+0000] {logging_mixin.py:190} INFO - [2025-03-18T23:51:58.653+0000] {dag.py:3239} INFO - Sync 1 DAGs
[2025-03-18T23:51:58.728+0000] {logging_mixin.py:190} INFO - [2025-03-18T23:51:58.727+0000] {dag.py:4180} INFO - Setting next_dagrun for fetch_hubspot_contacts to None, run_after=None
[2025-03-18T23:51:58.771+0000] {processor.py:208} INFO - Processing /opt/airflow/dags/fetch_hubspot_contacts_dag.py took 0.282 seconds
[2025-03-18T23:52:29.012+0000] {processor.py:186} INFO - Started process (PID=1007) to work on /opt/airflow/dags/fetch_hubspot_contacts_dag.py
[2025-03-18T23:52:29.013+0000] {processor.py:914} INFO - Processing file /opt/airflow/dags/fetch_hubspot_contacts_dag.py for tasks to queue
[2025-03-18T23:52:29.015+0000] {logging_mixin.py:190} INFO - [2025-03-18T23:52:29.015+0000] {dagbag.py:588} INFO - Filling up the DagBag from /opt/airflow/dags/fetch_hubspot_contacts_dag.py
[2025-03-18T23:52:29.029+0000] {processor.py:925} INFO - DAG(s) 'fetch_hubspot_contacts' retrieved from /opt/airflow/dags/fetch_hubspot_contacts_dag.py
[2025-03-18T23:52:29.042+0000] {logging_mixin.py:190} INFO - [2025-03-18T23:52:29.042+0000] {dag.py:3239} INFO - Sync 1 DAGs
[2025-03-18T23:52:29.052+0000] {logging_mixin.py:190} INFO - [2025-03-18T23:52:29.052+0000] {dag.py:4180} INFO - Setting next_dagrun for fetch_hubspot_contacts to None, run_after=None
[2025-03-18T23:52:29.067+0000] {processor.py:208} INFO - Processing /opt/airflow/dags/fetch_hubspot_contacts_dag.py took 0.060 seconds
[2025-03-18T23:52:59.746+0000] {processor.py:186} INFO - Started process (PID=1078) to work on /opt/airflow/dags/fetch_hubspot_contacts_dag.py
[2025-03-18T23:52:59.776+0000] {processor.py:914} INFO - Processing file /opt/airflow/dags/fetch_hubspot_contacts_dag.py for tasks to queue
[2025-03-18T23:52:59.796+0000] {logging_mixin.py:190} INFO - [2025-03-18T23:52:59.796+0000] {dagbag.py:588} INFO - Filling up the DagBag from /opt/airflow/dags/fetch_hubspot_contacts_dag.py
[2025-03-18T23:52:59.879+0000] {processor.py:925} INFO - DAG(s) 'fetch_hubspot_contacts' retrieved from /opt/airflow/dags/fetch_hubspot_contacts_dag.py
[2025-03-18T23:53:00.005+0000] {logging_mixin.py:190} INFO - [2025-03-18T23:53:00.005+0000] {dag.py:3239} INFO - Sync 1 DAGs
[2025-03-18T23:53:00.069+0000] {logging_mixin.py:190} INFO - [2025-03-18T23:53:00.068+0000] {dag.py:4180} INFO - Setting next_dagrun for fetch_hubspot_contacts to None, run_after=None
[2025-03-18T23:53:00.186+0000] {processor.py:208} INFO - Processing /opt/airflow/dags/fetch_hubspot_contacts_dag.py took 0.469 seconds
[2025-03-18T23:53:30.283+0000] {processor.py:186} INFO - Started process (PID=1149) to work on /opt/airflow/dags/fetch_hubspot_contacts_dag.py
[2025-03-18T23:53:30.285+0000] {processor.py:914} INFO - Processing file /opt/airflow/dags/fetch_hubspot_contacts_dag.py for tasks to queue
[2025-03-18T23:53:30.288+0000] {logging_mixin.py:190} INFO - [2025-03-18T23:53:30.288+0000] {dagbag.py:588} INFO - Filling up the DagBag from /opt/airflow/dags/fetch_hubspot_contacts_dag.py
[2025-03-18T23:53:30.299+0000] {processor.py:925} INFO - DAG(s) 'fetch_hubspot_contacts' retrieved from /opt/airflow/dags/fetch_hubspot_contacts_dag.py
[2025-03-18T23:53:30.328+0000] {logging_mixin.py:190} INFO - [2025-03-18T23:53:30.328+0000] {dag.py:3239} INFO - Sync 1 DAGs
[2025-03-18T23:53:30.341+0000] {logging_mixin.py:190} INFO - [2025-03-18T23:53:30.341+0000] {dag.py:4180} INFO - Setting next_dagrun for fetch_hubspot_contacts to None, run_after=None
[2025-03-18T23:53:30.353+0000] {processor.py:208} INFO - Processing /opt/airflow/dags/fetch_hubspot_contacts_dag.py took 0.077 seconds
[2025-03-18T23:54:00.525+0000] {processor.py:186} INFO - Started process (PID=1222) to work on /opt/airflow/dags/fetch_hubspot_contacts_dag.py
[2025-03-18T23:54:00.526+0000] {processor.py:914} INFO - Processing file /opt/airflow/dags/fetch_hubspot_contacts_dag.py for tasks to queue
[2025-03-18T23:54:00.530+0000] {logging_mixin.py:190} INFO - [2025-03-18T23:54:00.529+0000] {dagbag.py:588} INFO - Filling up the DagBag from /opt/airflow/dags/fetch_hubspot_contacts_dag.py
[2025-03-18T23:54:00.552+0000] {processor.py:925} INFO - DAG(s) 'fetch_hubspot_contacts' retrieved from /opt/airflow/dags/fetch_hubspot_contacts_dag.py
[2025-03-18T23:54:00.577+0000] {logging_mixin.py:190} INFO - [2025-03-18T23:54:00.577+0000] {dag.py:3239} INFO - Sync 1 DAGs
[2025-03-18T23:54:00.601+0000] {logging_mixin.py:190} INFO - [2025-03-18T23:54:00.600+0000] {dag.py:4180} INFO - Setting next_dagrun for fetch_hubspot_contacts to None, run_after=None
[2025-03-18T23:54:00.617+0000] {processor.py:208} INFO - Processing /opt/airflow/dags/fetch_hubspot_contacts_dag.py took 0.099 seconds
[2025-03-18T23:54:03.695+0000] {processor.py:186} INFO - Started process (PID=1228) to work on /opt/airflow/dags/fetch_hubspot_contacts_dag.py
[2025-03-18T23:54:03.696+0000] {processor.py:914} INFO - Processing file /opt/airflow/dags/fetch_hubspot_contacts_dag.py for tasks to queue
[2025-03-18T23:54:03.697+0000] {logging_mixin.py:190} INFO - [2025-03-18T23:54:03.697+0000] {dagbag.py:588} INFO - Filling up the DagBag from /opt/airflow/dags/fetch_hubspot_contacts_dag.py
[2025-03-18T23:54:03.704+0000] {processor.py:925} INFO - DAG(s) 'fetch_hubspot_contacts' retrieved from /opt/airflow/dags/fetch_hubspot_contacts_dag.py
[2025-03-18T23:54:03.714+0000] {logging_mixin.py:190} INFO - [2025-03-18T23:54:03.714+0000] {dag.py:3239} INFO - Sync 1 DAGs
[2025-03-18T23:54:03.721+0000] {logging_mixin.py:190} INFO - [2025-03-18T23:54:03.721+0000] {dag.py:4180} INFO - Setting next_dagrun for fetch_hubspot_contacts to None, run_after=None
[2025-03-18T23:54:03.732+0000] {processor.py:208} INFO - Processing /opt/airflow/dags/fetch_hubspot_contacts_dag.py took 0.040 seconds
[2025-03-18T23:54:34.073+0000] {processor.py:186} INFO - Started process (PID=1300) to work on /opt/airflow/dags/fetch_hubspot_contacts_dag.py
[2025-03-18T23:54:34.074+0000] {processor.py:914} INFO - Processing file /opt/airflow/dags/fetch_hubspot_contacts_dag.py for tasks to queue
[2025-03-18T23:54:34.078+0000] {logging_mixin.py:190} INFO - [2025-03-18T23:54:34.077+0000] {dagbag.py:588} INFO - Filling up the DagBag from /opt/airflow/dags/fetch_hubspot_contacts_dag.py
[2025-03-18T23:54:34.237+0000] {processor.py:925} INFO - DAG(s) 'fetch_hubspot_contacts' retrieved from /opt/airflow/dags/fetch_hubspot_contacts_dag.py
[2025-03-18T23:54:34.269+0000] {logging_mixin.py:190} INFO - [2025-03-18T23:54:34.268+0000] {dag.py:3239} INFO - Sync 1 DAGs
[2025-03-18T23:54:34.285+0000] {logging_mixin.py:190} INFO - [2025-03-18T23:54:34.285+0000] {dag.py:4180} INFO - Setting next_dagrun for fetch_hubspot_contacts to None, run_after=None
[2025-03-18T23:54:34.310+0000] {processor.py:208} INFO - Processing /opt/airflow/dags/fetch_hubspot_contacts_dag.py took 0.247 seconds
[2025-03-18T23:55:05.303+0000] {processor.py:186} INFO - Started process (PID=1371) to work on /opt/airflow/dags/fetch_hubspot_contacts_dag.py
[2025-03-18T23:55:05.304+0000] {processor.py:914} INFO - Processing file /opt/airflow/dags/fetch_hubspot_contacts_dag.py for tasks to queue
[2025-03-18T23:55:05.307+0000] {logging_mixin.py:190} INFO - [2025-03-18T23:55:05.307+0000] {dagbag.py:588} INFO - Filling up the DagBag from /opt/airflow/dags/fetch_hubspot_contacts_dag.py
[2025-03-18T23:55:05.321+0000] {processor.py:925} INFO - DAG(s) 'fetch_hubspot_contacts' retrieved from /opt/airflow/dags/fetch_hubspot_contacts_dag.py
[2025-03-18T23:55:05.344+0000] {logging_mixin.py:190} INFO - [2025-03-18T23:55:05.344+0000] {dag.py:3239} INFO - Sync 1 DAGs
[2025-03-18T23:55:05.353+0000] {logging_mixin.py:190} INFO - [2025-03-18T23:55:05.353+0000] {dag.py:4180} INFO - Setting next_dagrun for fetch_hubspot_contacts to None, run_after=None
[2025-03-18T23:55:05.366+0000] {processor.py:208} INFO - Processing /opt/airflow/dags/fetch_hubspot_contacts_dag.py took 0.069 seconds
[2025-03-18T23:55:36.014+0000] {processor.py:186} INFO - Started process (PID=1443) to work on /opt/airflow/dags/fetch_hubspot_contacts_dag.py
[2025-03-18T23:55:36.024+0000] {processor.py:914} INFO - Processing file /opt/airflow/dags/fetch_hubspot_contacts_dag.py for tasks to queue
[2025-03-18T23:55:36.037+0000] {logging_mixin.py:190} INFO - [2025-03-18T23:55:36.036+0000] {dagbag.py:588} INFO - Filling up the DagBag from /opt/airflow/dags/fetch_hubspot_contacts_dag.py
[2025-03-18T23:55:36.089+0000] {processor.py:925} INFO - DAG(s) 'fetch_hubspot_contacts' retrieved from /opt/airflow/dags/fetch_hubspot_contacts_dag.py
[2025-03-18T23:55:36.136+0000] {logging_mixin.py:190} INFO - [2025-03-18T23:55:36.133+0000] {dag.py:3239} INFO - Sync 1 DAGs
[2025-03-18T23:55:36.160+0000] {logging_mixin.py:190} INFO - [2025-03-18T23:55:36.160+0000] {dag.py:4180} INFO - Setting next_dagrun for fetch_hubspot_contacts to None, run_after=None
[2025-03-18T23:55:36.195+0000] {processor.py:208} INFO - Processing /opt/airflow/dags/fetch_hubspot_contacts_dag.py took 0.243 seconds
[2025-03-18T23:56:06.686+0000] {processor.py:186} INFO - Started process (PID=1514) to work on /opt/airflow/dags/fetch_hubspot_contacts_dag.py
[2025-03-18T23:56:06.743+0000] {processor.py:914} INFO - Processing file /opt/airflow/dags/fetch_hubspot_contacts_dag.py for tasks to queue
[2025-03-18T23:56:06.747+0000] {logging_mixin.py:190} INFO - [2025-03-18T23:56:06.746+0000] {dagbag.py:588} INFO - Filling up the DagBag from /opt/airflow/dags/fetch_hubspot_contacts_dag.py
[2025-03-18T23:56:06.857+0000] {processor.py:925} INFO - DAG(s) 'fetch_hubspot_contacts' retrieved from /opt/airflow/dags/fetch_hubspot_contacts_dag.py
[2025-03-18T23:56:06.876+0000] {logging_mixin.py:190} INFO - [2025-03-18T23:56:06.876+0000] {dag.py:3239} INFO - Sync 1 DAGs
[2025-03-18T23:56:06.911+0000] {logging_mixin.py:190} INFO - [2025-03-18T23:56:06.911+0000] {dag.py:4180} INFO - Setting next_dagrun for fetch_hubspot_contacts to None, run_after=None
[2025-03-18T23:56:06.931+0000] {processor.py:208} INFO - Processing /opt/airflow/dags/fetch_hubspot_contacts_dag.py took 0.260 seconds
[2025-03-18T23:56:37.563+0000] {processor.py:186} INFO - Started process (PID=1585) to work on /opt/airflow/dags/fetch_hubspot_contacts_dag.py
[2025-03-18T23:56:37.567+0000] {processor.py:914} INFO - Processing file /opt/airflow/dags/fetch_hubspot_contacts_dag.py for tasks to queue
[2025-03-18T23:56:37.576+0000] {logging_mixin.py:190} INFO - [2025-03-18T23:56:37.576+0000] {dagbag.py:588} INFO - Filling up the DagBag from /opt/airflow/dags/fetch_hubspot_contacts_dag.py
[2025-03-18T23:56:37.617+0000] {processor.py:925} INFO - DAG(s) 'fetch_hubspot_contacts' retrieved from /opt/airflow/dags/fetch_hubspot_contacts_dag.py
[2025-03-18T23:56:37.692+0000] {logging_mixin.py:190} INFO - [2025-03-18T23:56:37.692+0000] {dag.py:3239} INFO - Sync 1 DAGs
[2025-03-18T23:56:37.780+0000] {logging_mixin.py:190} INFO - [2025-03-18T23:56:37.777+0000] {dag.py:4180} INFO - Setting next_dagrun for fetch_hubspot_contacts to None, run_after=None
[2025-03-18T23:56:37.883+0000] {processor.py:208} INFO - Processing /opt/airflow/dags/fetch_hubspot_contacts_dag.py took 0.339 seconds
[2025-03-18T23:57:09.084+0000] {processor.py:186} INFO - Started process (PID=1653) to work on /opt/airflow/dags/fetch_hubspot_contacts_dag.py
[2025-03-18T23:57:09.101+0000] {processor.py:914} INFO - Processing file /opt/airflow/dags/fetch_hubspot_contacts_dag.py for tasks to queue
[2025-03-18T23:57:09.117+0000] {logging_mixin.py:190} INFO - [2025-03-18T23:57:09.117+0000] {dagbag.py:588} INFO - Filling up the DagBag from /opt/airflow/dags/fetch_hubspot_contacts_dag.py
[2025-03-18T23:57:09.172+0000] {processor.py:925} INFO - DAG(s) 'fetch_hubspot_contacts' retrieved from /opt/airflow/dags/fetch_hubspot_contacts_dag.py
[2025-03-18T23:57:09.234+0000] {logging_mixin.py:190} INFO - [2025-03-18T23:57:09.233+0000] {dag.py:3239} INFO - Sync 1 DAGs
[2025-03-18T23:57:09.326+0000] {logging_mixin.py:190} INFO - [2025-03-18T23:57:09.326+0000] {dag.py:4180} INFO - Setting next_dagrun for fetch_hubspot_contacts to None, run_after=None
[2025-03-18T23:57:09.408+0000] {processor.py:208} INFO - Processing /opt/airflow/dags/fetch_hubspot_contacts_dag.py took 0.353 seconds
[2025-03-18T23:57:40.269+0000] {processor.py:186} INFO - Started process (PID=1724) to work on /opt/airflow/dags/fetch_hubspot_contacts_dag.py
[2025-03-18T23:57:40.270+0000] {processor.py:914} INFO - Processing file /opt/airflow/dags/fetch_hubspot_contacts_dag.py for tasks to queue
[2025-03-18T23:57:40.272+0000] {logging_mixin.py:190} INFO - [2025-03-18T23:57:40.272+0000] {dagbag.py:588} INFO - Filling up the DagBag from /opt/airflow/dags/fetch_hubspot_contacts_dag.py
[2025-03-18T23:57:40.279+0000] {processor.py:925} INFO - DAG(s) 'fetch_hubspot_contacts' retrieved from /opt/airflow/dags/fetch_hubspot_contacts_dag.py
[2025-03-18T23:57:40.293+0000] {logging_mixin.py:190} INFO - [2025-03-18T23:57:40.293+0000] {dag.py:3239} INFO - Sync 1 DAGs
[2025-03-18T23:57:40.302+0000] {logging_mixin.py:190} INFO - [2025-03-18T23:57:40.302+0000] {dag.py:4180} INFO - Setting next_dagrun for fetch_hubspot_contacts to None, run_after=None
[2025-03-18T23:57:40.315+0000] {processor.py:208} INFO - Processing /opt/airflow/dags/fetch_hubspot_contacts_dag.py took 0.052 seconds
[2025-03-18T23:58:12.919+0000] {processor.py:186} INFO - Started process (PID=1793) to work on /opt/airflow/dags/fetch_hubspot_contacts_dag.py
[2025-03-18T23:58:12.923+0000] {processor.py:914} INFO - Processing file /opt/airflow/dags/fetch_hubspot_contacts_dag.py for tasks to queue
[2025-03-18T23:58:12.929+0000] {logging_mixin.py:190} INFO - [2025-03-18T23:58:12.928+0000] {dagbag.py:588} INFO - Filling up the DagBag from /opt/airflow/dags/fetch_hubspot_contacts_dag.py
[2025-03-18T23:58:12.986+0000] {processor.py:925} INFO - DAG(s) 'fetch_hubspot_contacts' retrieved from /opt/airflow/dags/fetch_hubspot_contacts_dag.py
[2025-03-18T23:58:13.014+0000] {logging_mixin.py:190} INFO - [2025-03-18T23:58:13.013+0000] {dag.py:3239} INFO - Sync 1 DAGs
[2025-03-18T23:58:13.032+0000] {logging_mixin.py:190} INFO - [2025-03-18T23:58:13.031+0000] {dag.py:4180} INFO - Setting next_dagrun for fetch_hubspot_contacts to None, run_after=None
[2025-03-18T23:58:13.056+0000] {processor.py:208} INFO - Processing /opt/airflow/dags/fetch_hubspot_contacts_dag.py took 0.146 seconds
[2025-03-18T23:58:44.673+0000] {processor.py:186} INFO - Started process (PID=1865) to work on /opt/airflow/dags/fetch_hubspot_contacts_dag.py
[2025-03-18T23:58:44.678+0000] {processor.py:914} INFO - Processing file /opt/airflow/dags/fetch_hubspot_contacts_dag.py for tasks to queue
[2025-03-18T23:58:44.684+0000] {logging_mixin.py:190} INFO - [2025-03-18T23:58:44.684+0000] {dagbag.py:588} INFO - Filling up the DagBag from /opt/airflow/dags/fetch_hubspot_contacts_dag.py
[2025-03-18T23:58:44.709+0000] {processor.py:925} INFO - DAG(s) 'fetch_hubspot_contacts' retrieved from /opt/airflow/dags/fetch_hubspot_contacts_dag.py
[2025-03-18T23:58:44.758+0000] {logging_mixin.py:190} INFO - [2025-03-18T23:58:44.758+0000] {dag.py:3239} INFO - Sync 1 DAGs
[2025-03-18T23:58:44.849+0000] {logging_mixin.py:190} INFO - [2025-03-18T23:58:44.848+0000] {dag.py:4180} INFO - Setting next_dagrun for fetch_hubspot_contacts to None, run_after=None
[2025-03-18T23:58:44.906+0000] {processor.py:208} INFO - Processing /opt/airflow/dags/fetch_hubspot_contacts_dag.py took 0.239 seconds
[2025-03-18T23:59:16.127+0000] {processor.py:186} INFO - Started process (PID=1936) to work on /opt/airflow/dags/fetch_hubspot_contacts_dag.py
[2025-03-18T23:59:16.205+0000] {processor.py:914} INFO - Processing file /opt/airflow/dags/fetch_hubspot_contacts_dag.py for tasks to queue
[2025-03-18T23:59:16.209+0000] {logging_mixin.py:190} INFO - [2025-03-18T23:59:16.208+0000] {dagbag.py:588} INFO - Filling up the DagBag from /opt/airflow/dags/fetch_hubspot_contacts_dag.py
[2025-03-18T23:59:16.332+0000] {processor.py:925} INFO - DAG(s) 'fetch_hubspot_contacts' retrieved from /opt/airflow/dags/fetch_hubspot_contacts_dag.py
[2025-03-18T23:59:16.362+0000] {logging_mixin.py:190} INFO - [2025-03-18T23:59:16.361+0000] {dag.py:3239} INFO - Sync 1 DAGs
[2025-03-18T23:59:16.419+0000] {logging_mixin.py:190} INFO - [2025-03-18T23:59:16.419+0000] {dag.py:4180} INFO - Setting next_dagrun for fetch_hubspot_contacts to None, run_after=None
[2025-03-18T23:59:16.528+0000] {processor.py:208} INFO - Processing /opt/airflow/dags/fetch_hubspot_contacts_dag.py took 0.417 seconds
[2025-03-18T23:59:47.083+0000] {processor.py:186} INFO - Started process (PID=2008) to work on /opt/airflow/dags/fetch_hubspot_contacts_dag.py
[2025-03-18T23:59:47.084+0000] {processor.py:914} INFO - Processing file /opt/airflow/dags/fetch_hubspot_contacts_dag.py for tasks to queue
[2025-03-18T23:59:47.087+0000] {logging_mixin.py:190} INFO - [2025-03-18T23:59:47.087+0000] {dagbag.py:588} INFO - Filling up the DagBag from /opt/airflow/dags/fetch_hubspot_contacts_dag.py
[2025-03-18T23:59:47.099+0000] {processor.py:925} INFO - DAG(s) 'fetch_hubspot_contacts' retrieved from /opt/airflow/dags/fetch_hubspot_contacts_dag.py
[2025-03-18T23:59:47.127+0000] {logging_mixin.py:190} INFO - [2025-03-18T23:59:47.126+0000] {dag.py:3239} INFO - Sync 1 DAGs
[2025-03-18T23:59:47.143+0000] {logging_mixin.py:190} INFO - [2025-03-18T23:59:47.142+0000] {dag.py:4180} INFO - Setting next_dagrun for fetch_hubspot_contacts to None, run_after=None
[2025-03-18T23:59:47.166+0000] {processor.py:208} INFO - Processing /opt/airflow/dags/fetch_hubspot_contacts_dag.py took 0.089 seconds
