[2025-03-19T00:01:06.353+0000] {local_task_job_runner.py:123} INFO - ::group::Pre task execution logs
[2025-03-19T00:01:06.389+0000] {taskinstance.py:2614} INFO - Dependencies all met for dep_context=non-requeueable deps ti=<TaskInstance: fetch_sevdesk_contacts.fetch_sevdesk_contacts_task scheduled__2024-04-20T01:00:00+00:00 [queued]>
[2025-03-19T00:01:06.420+0000] {taskinstance.py:2614} INFO - Dependencies all met for dep_context=requeueable deps ti=<TaskInstance: fetch_sevdesk_contacts.fetch_sevdesk_contacts_task scheduled__2024-04-20T01:00:00+00:00 [queued]>
[2025-03-19T00:01:06.427+0000] {taskinstance.py:2867} INFO - Starting attempt 1 of 2
[2025-03-19T00:01:06.970+0000] {taskinstance.py:2890} INFO - Executing <Task(PythonOperator): fetch_sevdesk_contacts_task> on 2024-04-20 01:00:00+00:00
[2025-03-19T00:01:07.025+0000] {standard_task_runner.py:104} INFO - Running: ['***', 'tasks', 'run', 'fetch_sevdesk_contacts', 'fetch_sevdesk_contacts_task', 'scheduled__2024-04-20T01:00:00+00:00', '--job-id', '1130', '--raw', '--subdir', 'DAGS_FOLDER/fetch_sevdesk_contacts_dag.py', '--cfg-path', '/tmp/tmpitw96owe']
[2025-03-19T00:01:07.031+0000] {standard_task_runner.py:105} INFO - Job 1130: Subtask fetch_sevdesk_contacts_task
[2025-03-19T00:01:07.021+0000] {warnings.py:112} WARNING - /home/***/.local/lib/python3.12/site-packages/***/task/task_runner/standard_task_runner.py:70: DeprecationWarning: This process (pid=2595) is multi-threaded, use of fork() may lead to deadlocks in the child.
  pid = os.fork()

[2025-03-19T00:01:07.050+0000] {standard_task_runner.py:72} INFO - Started process 2613 to run task
[2025-03-19T00:01:07.216+0000] {task_command.py:467} INFO - Running <TaskInstance: fetch_sevdesk_contacts.fetch_sevdesk_contacts_task scheduled__2024-04-20T01:00:00+00:00 [running]> on host e54e5582f32f
[2025-03-19T00:01:07.523+0000] {taskinstance.py:3134} INFO - Exporting env vars: AIRFLOW_CTX_DAG_OWNER='***' AIRFLOW_CTX_DAG_ID='fetch_sevdesk_contacts' AIRFLOW_CTX_TASK_ID='fetch_sevdesk_contacts_task' AIRFLOW_CTX_EXECUTION_DATE='2024-04-20T01:00:00+00:00' AIRFLOW_CTX_TRY_NUMBER='1' AIRFLOW_CTX_DAG_RUN_ID='scheduled__2024-04-20T01:00:00+00:00'
[2025-03-19T00:01:07.529+0000] {logging_mixin.py:190} INFO - Task instance is in running state
[2025-03-19T00:01:07.530+0000] {logging_mixin.py:190} INFO -  Previous state of the Task instance: queued
[2025-03-19T00:01:07.530+0000] {logging_mixin.py:190} INFO - Current task name:fetch_sevdesk_contacts_task state:running start_date:2025-03-19 00:01:06.398143+00:00
[2025-03-19T00:01:07.531+0000] {logging_mixin.py:190} INFO - Dag name:fetch_sevdesk_contacts and current dag run status:running
[2025-03-19T00:01:07.531+0000] {taskinstance.py:732} INFO - ::endgroup::
[2025-03-19T00:01:07.535+0000] {logging_mixin.py:190} INFO - Using createAfter filter: 2025-03-18T00:01:07.535203
[2025-03-19T00:01:07.538+0000] {logging_mixin.py:190} INFO - Current timestamp: 2025-03-19T00:01:07.535226
[2025-03-19T00:01:07.797+0000] {python.py:240} INFO - Done. Returned value was: None
[2025-03-19T00:01:07.846+0000] {taskinstance.py:341} INFO - ::group::Post task execution logs
[2025-03-19T00:01:07.853+0000] {taskinstance.py:353} INFO - Marking task as SUCCESS. dag_id=fetch_sevdesk_contacts, task_id=fetch_sevdesk_contacts_task, run_id=scheduled__2024-04-20T01:00:00+00:00, execution_date=20240420T010000, start_date=20250319T000106, end_date=20250319T000107
[2025-03-19T00:01:07.990+0000] {logging_mixin.py:190} INFO - Task instance in success state
[2025-03-19T00:01:07.995+0000] {logging_mixin.py:190} INFO -  Previous state of the Task instance: running
[2025-03-19T00:01:08.006+0000] {logging_mixin.py:190} INFO - Dag name:fetch_sevdesk_contacts queued_at:2025-03-19 00:01:02.587542+00:00
[2025-03-19T00:01:08.007+0000] {logging_mixin.py:190} INFO - Task hostname:e54e5582f32f operator:PythonOperator
[2025-03-19T00:01:08.087+0000] {local_task_job_runner.py:266} INFO - Task exited with return code 0
[2025-03-19T00:01:08.179+0000] {taskinstance.py:3901} INFO - 0 downstream tasks scheduled from follow-on schedule check
[2025-03-19T00:01:08.192+0000] {local_task_job_runner.py:245} INFO - ::endgroup::
