[2025-03-19T00:03:04.082+0000] {local_task_job_runner.py:123} INFO - ::group::Pre task execution logs
[2025-03-19T00:03:04.120+0000] {taskinstance.py:2614} INFO - Dependencies all met for dep_context=non-requeueable deps ti=<TaskInstance: fetch_sevdesk_contacts.fetch_sevdesk_contacts_task scheduled__2024-04-26T18:00:00+00:00 [queued]>
[2025-03-19T00:03:04.131+0000] {taskinstance.py:2614} INFO - Dependencies all met for dep_context=requeueable deps ti=<TaskInstance: fetch_sevdesk_contacts.fetch_sevdesk_contacts_task scheduled__2024-04-26T18:00:00+00:00 [queued]>
[2025-03-19T00:03:04.133+0000] {taskinstance.py:2867} INFO - Starting attempt 1 of 2
[2025-03-19T00:03:04.516+0000] {taskinstance.py:2890} INFO - Executing <Task(PythonOperator): fetch_sevdesk_contacts_task> on 2024-04-26 18:00:00+00:00
[2025-03-19T00:03:04.529+0000] {warnings.py:112} WARNING - /home/***/.local/lib/python3.12/site-packages/***/task/task_runner/standard_task_runner.py:70: DeprecationWarning: This process (pid=3099) is multi-threaded, use of fork() may lead to deadlocks in the child.
  pid = os.fork()

[2025-03-19T00:03:04.546+0000] {standard_task_runner.py:72} INFO - Started process 3119 to run task
[2025-03-19T00:03:04.538+0000] {standard_task_runner.py:104} INFO - Running: ['***', 'tasks', 'run', 'fetch_sevdesk_contacts', 'fetch_sevdesk_contacts_task', 'scheduled__2024-04-26T18:00:00+00:00', '--job-id', '1291', '--raw', '--subdir', 'DAGS_FOLDER/fetch_sevdesk_contacts_dag.py', '--cfg-path', '/tmp/tmpmng3h8dn']
[2025-03-19T00:03:04.552+0000] {standard_task_runner.py:105} INFO - Job 1291: Subtask fetch_sevdesk_contacts_task
[2025-03-19T00:03:04.678+0000] {task_command.py:467} INFO - Running <TaskInstance: fetch_sevdesk_contacts.fetch_sevdesk_contacts_task scheduled__2024-04-26T18:00:00+00:00 [running]> on host e54e5582f32f
[2025-03-19T00:03:04.805+0000] {taskinstance.py:3134} INFO - Exporting env vars: AIRFLOW_CTX_DAG_OWNER='***' AIRFLOW_CTX_DAG_ID='fetch_sevdesk_contacts' AIRFLOW_CTX_TASK_ID='fetch_sevdesk_contacts_task' AIRFLOW_CTX_EXECUTION_DATE='2024-04-26T18:00:00+00:00' AIRFLOW_CTX_TRY_NUMBER='1' AIRFLOW_CTX_DAG_RUN_ID='scheduled__2024-04-26T18:00:00+00:00'
[2025-03-19T00:03:04.810+0000] {logging_mixin.py:190} INFO - Task instance is in running state
[2025-03-19T00:03:04.811+0000] {logging_mixin.py:190} INFO -  Previous state of the Task instance: queued
[2025-03-19T00:03:04.812+0000] {logging_mixin.py:190} INFO - Current task name:fetch_sevdesk_contacts_task state:running start_date:2025-03-19 00:03:04.121473+00:00
[2025-03-19T00:03:04.812+0000] {logging_mixin.py:190} INFO - Dag name:fetch_sevdesk_contacts and current dag run status:running
[2025-03-19T00:03:04.813+0000] {taskinstance.py:732} INFO - ::endgroup::
[2025-03-19T00:03:04.813+0000] {logging_mixin.py:190} INFO - Using createAfter filter: 2025-03-18T00:03:04.813820
[2025-03-19T00:03:04.814+0000] {logging_mixin.py:190} INFO - Current timestamp: 2025-03-19T00:03:04.813832
[2025-03-19T00:03:04.995+0000] {python.py:240} INFO - Done. Returned value was: None
[2025-03-19T00:03:05.008+0000] {taskinstance.py:341} INFO - ::group::Post task execution logs
[2025-03-19T00:03:05.011+0000] {taskinstance.py:353} INFO - Marking task as SUCCESS. dag_id=fetch_sevdesk_contacts, task_id=fetch_sevdesk_contacts_task, run_id=scheduled__2024-04-26T18:00:00+00:00, execution_date=20240426T180000, start_date=20250319T000304, end_date=20250319T000305
[2025-03-19T00:03:05.095+0000] {logging_mixin.py:190} INFO - Task instance in success state
[2025-03-19T00:03:05.096+0000] {logging_mixin.py:190} INFO -  Previous state of the Task instance: running
[2025-03-19T00:03:05.096+0000] {logging_mixin.py:190} INFO - Dag name:fetch_sevdesk_contacts queued_at:2025-03-19 00:03:01.776003+00:00
[2025-03-19T00:03:05.096+0000] {logging_mixin.py:190} INFO - Task hostname:e54e5582f32f operator:PythonOperator
[2025-03-19T00:03:05.113+0000] {local_task_job_runner.py:266} INFO - Task exited with return code 0
[2025-03-19T00:03:05.140+0000] {taskinstance.py:3901} INFO - 0 downstream tasks scheduled from follow-on schedule check
[2025-03-19T00:03:05.164+0000] {local_task_job_runner.py:245} INFO - ::endgroup::
