[2025-03-18T23:40:01.749+0000] {local_task_job_runner.py:123} INFO - ::group::Pre task execution logs
[2025-03-18T23:40:01.756+0000] {taskinstance.py:2614} INFO - Dependencies all met for dep_context=non-requeueable deps ti=<TaskInstance: sevdesk_to_hubspot_sync_dynamic.detect_new_contact_in_sevdesk scheduled__2025-03-18T23:35:00+00:00 [queued]>
[2025-03-18T23:40:01.758+0000] {taskinstance.py:2614} INFO - Dependencies all met for dep_context=requeueable deps ti=<TaskInstance: sevdesk_to_hubspot_sync_dynamic.detect_new_contact_in_sevdesk scheduled__2025-03-18T23:35:00+00:00 [queued]>
[2025-03-18T23:40:01.758+0000] {taskinstance.py:2867} INFO - Starting attempt 1 of 2
[2025-03-18T23:40:01.840+0000] {taskinstance.py:2890} INFO - Executing <Task(SevDeskNewContactSensor): detect_new_contact_in_sevdesk> on 2025-03-18 23:35:00+00:00
[2025-03-18T23:40:01.845+0000] {warnings.py:112} WARNING - /home/***/.local/lib/python3.12/site-packages/***/task/task_runner/standard_task_runner.py:70: DeprecationWarning: This process (pid=7776) is multi-threaded, use of fork() may lead to deadlocks in the child.
  pid = os.fork()

[2025-03-18T23:40:01.847+0000] {standard_task_runner.py:72} INFO - Started process 7784 to run task
[2025-03-18T23:40:01.846+0000] {standard_task_runner.py:104} INFO - Running: ['***', 'tasks', 'run', 'sevdesk_to_hubspot_sync_dynamic', 'detect_new_contact_in_sevdesk', 'scheduled__2025-03-18T23:35:00+00:00', '--job-id', '343', '--raw', '--subdir', 'DAGS_FOLDER/dynamicsensor_dag.py', '--cfg-path', '/tmp/tmp6_cocglr']
[2025-03-18T23:40:01.847+0000] {standard_task_runner.py:105} INFO - Job 343: Subtask detect_new_contact_in_sevdesk
[2025-03-18T23:40:01.885+0000] {task_command.py:467} INFO - Running <TaskInstance: sevdesk_to_hubspot_sync_dynamic.detect_new_contact_in_sevdesk scheduled__2025-03-18T23:35:00+00:00 [running]> on host 9c697b397d93
[2025-03-18T23:40:01.943+0000] {taskinstance.py:3134} INFO - Exporting env vars: AIRFLOW_CTX_DAG_OWNER='***' AIRFLOW_CTX_DAG_ID='sevdesk_to_hubspot_sync_dynamic' AIRFLOW_CTX_TASK_ID='detect_new_contact_in_sevdesk' AIRFLOW_CTX_EXECUTION_DATE='2025-03-18T23:35:00+00:00' AIRFLOW_CTX_TRY_NUMBER='1' AIRFLOW_CTX_DAG_RUN_ID='scheduled__2025-03-18T23:35:00+00:00'
[2025-03-18T23:40:01.944+0000] {logging_mixin.py:190} INFO - Task instance is in running state
[2025-03-18T23:40:01.944+0000] {logging_mixin.py:190} INFO -  Previous state of the Task instance: queued
[2025-03-18T23:40:01.944+0000] {logging_mixin.py:190} INFO - Current task name:detect_new_contact_in_sevdesk state:running start_date:2025-03-18 23:40:01.756388+00:00
[2025-03-18T23:40:01.944+0000] {logging_mixin.py:190} INFO - Dag name:sevdesk_to_hubspot_sync_dynamic and current dag run status:running
[2025-03-18T23:40:01.944+0000] {taskinstance.py:732} INFO - ::endgroup::
[2025-03-18T23:40:02.124+0000] {logging_mixin.py:190} INFO - No new contact found yet.
[2025-03-18T23:41:02.366+0000] {logging_mixin.py:190} INFO - No new contact found yet.
[2025-03-18T23:42:02.569+0000] {logging_mixin.py:190} INFO - No new contact found yet.
[2025-03-18T23:43:02.776+0000] {logging_mixin.py:190} INFO - No new contact found yet.
[2025-03-18T23:44:03.138+0000] {logging_mixin.py:190} INFO - No new contact found yet.
[2025-03-18T23:45:03.307+0000] {logging_mixin.py:190} INFO - No new contact found yet.
