[2025-03-19T00:00:11.903+0000] {processor.py:186} INFO - Started process (PID=2080) to work on /opt/airflow/dags/dynamicsensor_dag.py
[2025-03-19T00:00:11.904+0000] {processor.py:914} INFO - Processing file /opt/airflow/dags/dynamicsensor_dag.py for tasks to queue
[2025-03-19T00:00:11.908+0000] {logging_mixin.py:190} INFO - [2025-03-19T00:00:11.907+0000] {dagbag.py:588} INFO - Filling up the DagBag from /opt/airflow/dags/dynamicsensor_dag.py
[2025-03-19T00:00:11.946+0000] {processor.py:925} INFO - DAG(s) 'sevdesk_to_hubspot_sync_dynamic' retrieved from /opt/airflow/dags/dynamicsensor_dag.py
[2025-03-19T00:00:12.010+0000] {logging_mixin.py:190} INFO - [2025-03-19T00:00:12.010+0000] {dag.py:3239} INFO - Sync 1 DAGs
[2025-03-19T00:00:12.041+0000] {logging_mixin.py:190} INFO - [2025-03-19T00:00:12.041+0000] {dag.py:4180} INFO - Setting next_dagrun for sevdesk_to_hubspot_sync_dynamic to 2025-03-19 00:00:00+00:00, run_after=2025-03-19 00:05:00+00:00
[2025-03-19T00:00:12.056+0000] {processor.py:208} INFO - Processing /opt/airflow/dags/dynamicsensor_dag.py took 0.159 seconds
[2025-03-19T00:00:42.677+0000] {processor.py:186} INFO - Started process (PID=2152) to work on /opt/airflow/dags/dynamicsensor_dag.py
[2025-03-19T00:00:42.708+0000] {processor.py:914} INFO - Processing file /opt/airflow/dags/dynamicsensor_dag.py for tasks to queue
[2025-03-19T00:00:42.722+0000] {logging_mixin.py:190} INFO - [2025-03-19T00:00:42.722+0000] {dagbag.py:588} INFO - Filling up the DagBag from /opt/airflow/dags/dynamicsensor_dag.py
[2025-03-19T00:00:42.812+0000] {processor.py:925} INFO - DAG(s) 'sevdesk_to_hubspot_sync_dynamic' retrieved from /opt/airflow/dags/dynamicsensor_dag.py
[2025-03-19T00:00:42.890+0000] {logging_mixin.py:190} INFO - [2025-03-19T00:00:42.890+0000] {dag.py:3239} INFO - Sync 1 DAGs
[2025-03-19T00:00:43.010+0000] {logging_mixin.py:190} INFO - [2025-03-19T00:00:43.010+0000] {dag.py:4180} INFO - Setting next_dagrun for sevdesk_to_hubspot_sync_dynamic to 2025-03-19 00:00:00+00:00, run_after=2025-03-19 00:05:00+00:00
[2025-03-19T00:00:43.049+0000] {processor.py:208} INFO - Processing /opt/airflow/dags/dynamicsensor_dag.py took 0.397 seconds
[2025-03-19T00:01:13.216+0000] {processor.py:186} INFO - Started process (PID=2223) to work on /opt/airflow/dags/dynamicsensor_dag.py
[2025-03-19T00:01:13.217+0000] {processor.py:914} INFO - Processing file /opt/airflow/dags/dynamicsensor_dag.py for tasks to queue
[2025-03-19T00:01:13.220+0000] {logging_mixin.py:190} INFO - [2025-03-19T00:01:13.220+0000] {dagbag.py:588} INFO - Filling up the DagBag from /opt/airflow/dags/dynamicsensor_dag.py
[2025-03-19T00:01:13.237+0000] {processor.py:925} INFO - DAG(s) 'sevdesk_to_hubspot_sync_dynamic' retrieved from /opt/airflow/dags/dynamicsensor_dag.py
[2025-03-19T00:01:13.253+0000] {logging_mixin.py:190} INFO - [2025-03-19T00:01:13.253+0000] {dag.py:3239} INFO - Sync 1 DAGs
[2025-03-19T00:01:13.271+0000] {logging_mixin.py:190} INFO - [2025-03-19T00:01:13.271+0000] {dag.py:4180} INFO - Setting next_dagrun for sevdesk_to_hubspot_sync_dynamic to 2025-03-19 00:00:00+00:00, run_after=2025-03-19 00:05:00+00:00
[2025-03-19T00:01:13.282+0000] {processor.py:208} INFO - Processing /opt/airflow/dags/dynamicsensor_dag.py took 0.071 seconds
[2025-03-19T00:01:44.248+0000] {processor.py:186} INFO - Started process (PID=2295) to work on /opt/airflow/dags/dynamicsensor_dag.py
[2025-03-19T00:01:44.253+0000] {processor.py:914} INFO - Processing file /opt/airflow/dags/dynamicsensor_dag.py for tasks to queue
[2025-03-19T00:01:44.283+0000] {logging_mixin.py:190} INFO - [2025-03-19T00:01:44.275+0000] {dagbag.py:588} INFO - Filling up the DagBag from /opt/airflow/dags/dynamicsensor_dag.py
[2025-03-19T00:01:44.347+0000] {processor.py:925} INFO - DAG(s) 'sevdesk_to_hubspot_sync_dynamic' retrieved from /opt/airflow/dags/dynamicsensor_dag.py
[2025-03-19T00:01:44.397+0000] {logging_mixin.py:190} INFO - [2025-03-19T00:01:44.397+0000] {dag.py:3239} INFO - Sync 1 DAGs
[2025-03-19T00:01:44.470+0000] {logging_mixin.py:190} INFO - [2025-03-19T00:01:44.470+0000] {dag.py:4180} INFO - Setting next_dagrun for sevdesk_to_hubspot_sync_dynamic to 2025-03-19 00:00:00+00:00, run_after=2025-03-19 00:05:00+00:00
[2025-03-19T00:01:44.511+0000] {processor.py:208} INFO - Processing /opt/airflow/dags/dynamicsensor_dag.py took 0.290 seconds
[2025-03-19T00:02:15.082+0000] {processor.py:186} INFO - Started process (PID=2367) to work on /opt/airflow/dags/dynamicsensor_dag.py
[2025-03-19T00:02:15.091+0000] {processor.py:914} INFO - Processing file /opt/airflow/dags/dynamicsensor_dag.py for tasks to queue
[2025-03-19T00:02:15.108+0000] {logging_mixin.py:190} INFO - [2025-03-19T00:02:15.107+0000] {dagbag.py:588} INFO - Filling up the DagBag from /opt/airflow/dags/dynamicsensor_dag.py
[2025-03-19T00:02:15.195+0000] {processor.py:925} INFO - DAG(s) 'sevdesk_to_hubspot_sync_dynamic' retrieved from /opt/airflow/dags/dynamicsensor_dag.py
[2025-03-19T00:02:15.257+0000] {logging_mixin.py:190} INFO - [2025-03-19T00:02:15.257+0000] {dag.py:3239} INFO - Sync 1 DAGs
[2025-03-19T00:02:15.323+0000] {logging_mixin.py:190} INFO - [2025-03-19T00:02:15.323+0000] {dag.py:4180} INFO - Setting next_dagrun for sevdesk_to_hubspot_sync_dynamic to 2025-03-19 00:00:00+00:00, run_after=2025-03-19 00:05:00+00:00
[2025-03-19T00:02:15.393+0000] {processor.py:208} INFO - Processing /opt/airflow/dags/dynamicsensor_dag.py took 0.344 seconds
[2025-03-19T00:02:45.604+0000] {processor.py:186} INFO - Started process (PID=2439) to work on /opt/airflow/dags/dynamicsensor_dag.py
[2025-03-19T00:02:45.604+0000] {processor.py:914} INFO - Processing file /opt/airflow/dags/dynamicsensor_dag.py for tasks to queue
[2025-03-19T00:02:45.607+0000] {logging_mixin.py:190} INFO - [2025-03-19T00:02:45.607+0000] {dagbag.py:588} INFO - Filling up the DagBag from /opt/airflow/dags/dynamicsensor_dag.py
[2025-03-19T00:02:45.628+0000] {processor.py:925} INFO - DAG(s) 'sevdesk_to_hubspot_sync_dynamic' retrieved from /opt/airflow/dags/dynamicsensor_dag.py
[2025-03-19T00:02:45.651+0000] {logging_mixin.py:190} INFO - [2025-03-19T00:02:45.651+0000] {dag.py:3239} INFO - Sync 1 DAGs
[2025-03-19T00:02:45.670+0000] {logging_mixin.py:190} INFO - [2025-03-19T00:02:45.670+0000] {dag.py:4180} INFO - Setting next_dagrun for sevdesk_to_hubspot_sync_dynamic to 2025-03-19 00:00:00+00:00, run_after=2025-03-19 00:05:00+00:00
[2025-03-19T00:02:45.697+0000] {processor.py:208} INFO - Processing /opt/airflow/dags/dynamicsensor_dag.py took 0.097 seconds
[2025-03-19T00:03:16.031+0000] {processor.py:186} INFO - Started process (PID=2510) to work on /opt/airflow/dags/dynamicsensor_dag.py
[2025-03-19T00:03:16.032+0000] {processor.py:914} INFO - Processing file /opt/airflow/dags/dynamicsensor_dag.py for tasks to queue
[2025-03-19T00:03:16.035+0000] {logging_mixin.py:190} INFO - [2025-03-19T00:03:16.035+0000] {dagbag.py:588} INFO - Filling up the DagBag from /opt/airflow/dags/dynamicsensor_dag.py
[2025-03-19T00:03:16.048+0000] {processor.py:925} INFO - DAG(s) 'sevdesk_to_hubspot_sync_dynamic' retrieved from /opt/airflow/dags/dynamicsensor_dag.py
[2025-03-19T00:03:16.064+0000] {logging_mixin.py:190} INFO - [2025-03-19T00:03:16.064+0000] {dag.py:3239} INFO - Sync 1 DAGs
[2025-03-19T00:03:16.076+0000] {logging_mixin.py:190} INFO - [2025-03-19T00:03:16.076+0000] {dag.py:4180} INFO - Setting next_dagrun for sevdesk_to_hubspot_sync_dynamic to 2025-03-19 00:00:00+00:00, run_after=2025-03-19 00:05:00+00:00
[2025-03-19T00:03:16.083+0000] {processor.py:208} INFO - Processing /opt/airflow/dags/dynamicsensor_dag.py took 0.056 seconds
[2025-03-19T00:03:46.673+0000] {processor.py:186} INFO - Started process (PID=2582) to work on /opt/airflow/dags/dynamicsensor_dag.py
[2025-03-19T00:03:46.678+0000] {processor.py:914} INFO - Processing file /opt/airflow/dags/dynamicsensor_dag.py for tasks to queue
[2025-03-19T00:03:46.698+0000] {logging_mixin.py:190} INFO - [2025-03-19T00:03:46.697+0000] {dagbag.py:588} INFO - Filling up the DagBag from /opt/airflow/dags/dynamicsensor_dag.py
[2025-03-19T00:03:46.744+0000] {processor.py:925} INFO - DAG(s) 'sevdesk_to_hubspot_sync_dynamic' retrieved from /opt/airflow/dags/dynamicsensor_dag.py
[2025-03-19T00:03:46.769+0000] {logging_mixin.py:190} INFO - [2025-03-19T00:03:46.768+0000] {dag.py:3239} INFO - Sync 1 DAGs
[2025-03-19T00:03:46.812+0000] {logging_mixin.py:190} INFO - [2025-03-19T00:03:46.811+0000] {dag.py:4180} INFO - Setting next_dagrun for sevdesk_to_hubspot_sync_dynamic to 2025-03-19 00:00:00+00:00, run_after=2025-03-19 00:05:00+00:00
[2025-03-19T00:03:46.868+0000] {processor.py:208} INFO - Processing /opt/airflow/dags/dynamicsensor_dag.py took 0.205 seconds
[2025-03-19T00:04:17.541+0000] {processor.py:186} INFO - Started process (PID=2654) to work on /opt/airflow/dags/dynamicsensor_dag.py
[2025-03-19T00:04:17.543+0000] {processor.py:914} INFO - Processing file /opt/airflow/dags/dynamicsensor_dag.py for tasks to queue
[2025-03-19T00:04:17.547+0000] {logging_mixin.py:190} INFO - [2025-03-19T00:04:17.547+0000] {dagbag.py:588} INFO - Filling up the DagBag from /opt/airflow/dags/dynamicsensor_dag.py
[2025-03-19T00:04:17.563+0000] {processor.py:925} INFO - DAG(s) 'sevdesk_to_hubspot_sync_dynamic' retrieved from /opt/airflow/dags/dynamicsensor_dag.py
[2025-03-19T00:04:17.583+0000] {logging_mixin.py:190} INFO - [2025-03-19T00:04:17.582+0000] {dag.py:3239} INFO - Sync 1 DAGs
[2025-03-19T00:04:17.605+0000] {logging_mixin.py:190} INFO - [2025-03-19T00:04:17.605+0000] {dag.py:4180} INFO - Setting next_dagrun for sevdesk_to_hubspot_sync_dynamic to 2025-03-19 00:00:00+00:00, run_after=2025-03-19 00:05:00+00:00
[2025-03-19T00:04:17.622+0000] {processor.py:208} INFO - Processing /opt/airflow/dags/dynamicsensor_dag.py took 0.090 seconds
[2025-03-19T00:04:48.037+0000] {processor.py:186} INFO - Started process (PID=2726) to work on /opt/airflow/dags/dynamicsensor_dag.py
[2025-03-19T00:04:48.038+0000] {processor.py:914} INFO - Processing file /opt/airflow/dags/dynamicsensor_dag.py for tasks to queue
[2025-03-19T00:04:48.040+0000] {logging_mixin.py:190} INFO - [2025-03-19T00:04:48.040+0000] {dagbag.py:588} INFO - Filling up the DagBag from /opt/airflow/dags/dynamicsensor_dag.py
[2025-03-19T00:04:48.047+0000] {processor.py:925} INFO - DAG(s) 'sevdesk_to_hubspot_sync_dynamic' retrieved from /opt/airflow/dags/dynamicsensor_dag.py
[2025-03-19T00:04:48.060+0000] {logging_mixin.py:190} INFO - [2025-03-19T00:04:48.059+0000] {dag.py:3239} INFO - Sync 1 DAGs
[2025-03-19T00:04:48.073+0000] {logging_mixin.py:190} INFO - [2025-03-19T00:04:48.073+0000] {dag.py:4180} INFO - Setting next_dagrun for sevdesk_to_hubspot_sync_dynamic to 2025-03-19 00:00:00+00:00, run_after=2025-03-19 00:05:00+00:00
[2025-03-19T00:04:48.082+0000] {processor.py:208} INFO - Processing /opt/airflow/dags/dynamicsensor_dag.py took 0.050 seconds
[2025-03-19T00:05:18.329+0000] {processor.py:186} INFO - Started process (PID=2798) to work on /opt/airflow/dags/dynamicsensor_dag.py
[2025-03-19T00:05:18.330+0000] {processor.py:914} INFO - Processing file /opt/airflow/dags/dynamicsensor_dag.py for tasks to queue
[2025-03-19T00:05:18.333+0000] {logging_mixin.py:190} INFO - [2025-03-19T00:05:18.333+0000] {dagbag.py:588} INFO - Filling up the DagBag from /opt/airflow/dags/dynamicsensor_dag.py
[2025-03-19T00:05:18.346+0000] {processor.py:925} INFO - DAG(s) 'sevdesk_to_hubspot_sync_dynamic' retrieved from /opt/airflow/dags/dynamicsensor_dag.py
[2025-03-19T00:05:18.367+0000] {logging_mixin.py:190} INFO - [2025-03-19T00:05:18.367+0000] {dag.py:3239} INFO - Sync 1 DAGs
[2025-03-19T00:05:18.386+0000] {logging_mixin.py:190} INFO - [2025-03-19T00:05:18.386+0000] {dag.py:4180} INFO - Setting next_dagrun for sevdesk_to_hubspot_sync_dynamic to 2025-03-19 00:05:00+00:00, run_after=2025-03-19 00:10:00+00:00
[2025-03-19T00:05:18.395+0000] {processor.py:208} INFO - Processing /opt/airflow/dags/dynamicsensor_dag.py took 0.071 seconds
[2025-03-19T00:05:48.443+0000] {processor.py:186} INFO - Started process (PID=2870) to work on /opt/airflow/dags/dynamicsensor_dag.py
[2025-03-19T00:05:48.444+0000] {processor.py:914} INFO - Processing file /opt/airflow/dags/dynamicsensor_dag.py for tasks to queue
[2025-03-19T00:05:48.446+0000] {logging_mixin.py:190} INFO - [2025-03-19T00:05:48.446+0000] {dagbag.py:588} INFO - Filling up the DagBag from /opt/airflow/dags/dynamicsensor_dag.py
[2025-03-19T00:05:48.458+0000] {processor.py:925} INFO - DAG(s) 'sevdesk_to_hubspot_sync_dynamic' retrieved from /opt/airflow/dags/dynamicsensor_dag.py
[2025-03-19T00:05:48.475+0000] {logging_mixin.py:190} INFO - [2025-03-19T00:05:48.474+0000] {dag.py:3239} INFO - Sync 1 DAGs
[2025-03-19T00:05:48.488+0000] {logging_mixin.py:190} INFO - [2025-03-19T00:05:48.488+0000] {dag.py:4180} INFO - Setting next_dagrun for sevdesk_to_hubspot_sync_dynamic to 2025-03-19 00:05:00+00:00, run_after=2025-03-19 00:10:00+00:00
[2025-03-19T00:05:48.497+0000] {processor.py:208} INFO - Processing /opt/airflow/dags/dynamicsensor_dag.py took 0.060 seconds
[2025-03-19T00:06:18.555+0000] {processor.py:186} INFO - Started process (PID=2942) to work on /opt/airflow/dags/dynamicsensor_dag.py
[2025-03-19T00:06:18.556+0000] {processor.py:914} INFO - Processing file /opt/airflow/dags/dynamicsensor_dag.py for tasks to queue
[2025-03-19T00:06:18.559+0000] {logging_mixin.py:190} INFO - [2025-03-19T00:06:18.559+0000] {dagbag.py:588} INFO - Filling up the DagBag from /opt/airflow/dags/dynamicsensor_dag.py
[2025-03-19T00:06:18.572+0000] {processor.py:925} INFO - DAG(s) 'sevdesk_to_hubspot_sync_dynamic' retrieved from /opt/airflow/dags/dynamicsensor_dag.py
[2025-03-19T00:06:18.588+0000] {logging_mixin.py:190} INFO - [2025-03-19T00:06:18.588+0000] {dag.py:3239} INFO - Sync 1 DAGs
[2025-03-19T00:06:18.602+0000] {logging_mixin.py:190} INFO - [2025-03-19T00:06:18.602+0000] {dag.py:4180} INFO - Setting next_dagrun for sevdesk_to_hubspot_sync_dynamic to 2025-03-19 00:05:00+00:00, run_after=2025-03-19 00:10:00+00:00
[2025-03-19T00:06:18.614+0000] {processor.py:208} INFO - Processing /opt/airflow/dags/dynamicsensor_dag.py took 0.066 seconds
[2025-03-19T00:06:48.699+0000] {processor.py:186} INFO - Started process (PID=3014) to work on /opt/airflow/dags/dynamicsensor_dag.py
[2025-03-19T00:06:48.700+0000] {processor.py:914} INFO - Processing file /opt/airflow/dags/dynamicsensor_dag.py for tasks to queue
[2025-03-19T00:06:48.704+0000] {logging_mixin.py:190} INFO - [2025-03-19T00:06:48.704+0000] {dagbag.py:588} INFO - Filling up the DagBag from /opt/airflow/dags/dynamicsensor_dag.py
[2025-03-19T00:06:48.718+0000] {processor.py:925} INFO - DAG(s) 'sevdesk_to_hubspot_sync_dynamic' retrieved from /opt/airflow/dags/dynamicsensor_dag.py
[2025-03-19T00:06:48.732+0000] {logging_mixin.py:190} INFO - [2025-03-19T00:06:48.732+0000] {dag.py:3239} INFO - Sync 1 DAGs
[2025-03-19T00:06:48.749+0000] {logging_mixin.py:190} INFO - [2025-03-19T00:06:48.749+0000] {dag.py:4180} INFO - Setting next_dagrun for sevdesk_to_hubspot_sync_dynamic to 2025-03-19 00:05:00+00:00, run_after=2025-03-19 00:10:00+00:00
[2025-03-19T00:06:48.760+0000] {processor.py:208} INFO - Processing /opt/airflow/dags/dynamicsensor_dag.py took 0.066 seconds
[2025-03-19T00:07:19.369+0000] {processor.py:186} INFO - Started process (PID=3086) to work on /opt/airflow/dags/dynamicsensor_dag.py
[2025-03-19T00:07:19.370+0000] {processor.py:914} INFO - Processing file /opt/airflow/dags/dynamicsensor_dag.py for tasks to queue
[2025-03-19T00:07:19.372+0000] {logging_mixin.py:190} INFO - [2025-03-19T00:07:19.372+0000] {dagbag.py:588} INFO - Filling up the DagBag from /opt/airflow/dags/dynamicsensor_dag.py
[2025-03-19T00:07:19.381+0000] {processor.py:925} INFO - DAG(s) 'sevdesk_to_hubspot_sync_dynamic' retrieved from /opt/airflow/dags/dynamicsensor_dag.py
[2025-03-19T00:07:19.394+0000] {logging_mixin.py:190} INFO - [2025-03-19T00:07:19.394+0000] {dag.py:3239} INFO - Sync 1 DAGs
[2025-03-19T00:07:19.408+0000] {logging_mixin.py:190} INFO - [2025-03-19T00:07:19.407+0000] {dag.py:4180} INFO - Setting next_dagrun for sevdesk_to_hubspot_sync_dynamic to 2025-03-19 00:05:00+00:00, run_after=2025-03-19 00:10:00+00:00
[2025-03-19T00:07:19.418+0000] {processor.py:208} INFO - Processing /opt/airflow/dags/dynamicsensor_dag.py took 0.054 seconds
[2025-03-19T00:07:49.802+0000] {processor.py:186} INFO - Started process (PID=3158) to work on /opt/airflow/dags/dynamicsensor_dag.py
[2025-03-19T00:07:49.802+0000] {processor.py:914} INFO - Processing file /opt/airflow/dags/dynamicsensor_dag.py for tasks to queue
[2025-03-19T00:07:49.804+0000] {logging_mixin.py:190} INFO - [2025-03-19T00:07:49.804+0000] {dagbag.py:588} INFO - Filling up the DagBag from /opt/airflow/dags/dynamicsensor_dag.py
[2025-03-19T00:07:49.812+0000] {processor.py:925} INFO - DAG(s) 'sevdesk_to_hubspot_sync_dynamic' retrieved from /opt/airflow/dags/dynamicsensor_dag.py
[2025-03-19T00:07:49.824+0000] {logging_mixin.py:190} INFO - [2025-03-19T00:07:49.824+0000] {dag.py:3239} INFO - Sync 1 DAGs
[2025-03-19T00:07:49.838+0000] {logging_mixin.py:190} INFO - [2025-03-19T00:07:49.838+0000] {dag.py:4180} INFO - Setting next_dagrun for sevdesk_to_hubspot_sync_dynamic to 2025-03-19 00:05:00+00:00, run_after=2025-03-19 00:10:00+00:00
[2025-03-19T00:07:49.847+0000] {processor.py:208} INFO - Processing /opt/airflow/dags/dynamicsensor_dag.py took 0.049 seconds
[2025-03-19T00:08:20.553+0000] {processor.py:186} INFO - Started process (PID=3230) to work on /opt/airflow/dags/dynamicsensor_dag.py
[2025-03-19T00:08:20.555+0000] {processor.py:914} INFO - Processing file /opt/airflow/dags/dynamicsensor_dag.py for tasks to queue
[2025-03-19T00:08:20.558+0000] {logging_mixin.py:190} INFO - [2025-03-19T00:08:20.558+0000] {dagbag.py:588} INFO - Filling up the DagBag from /opt/airflow/dags/dynamicsensor_dag.py
[2025-03-19T00:08:20.567+0000] {processor.py:925} INFO - DAG(s) 'sevdesk_to_hubspot_sync_dynamic' retrieved from /opt/airflow/dags/dynamicsensor_dag.py
[2025-03-19T00:08:20.590+0000] {logging_mixin.py:190} INFO - [2025-03-19T00:08:20.589+0000] {dag.py:3239} INFO - Sync 1 DAGs
[2025-03-19T00:08:20.617+0000] {logging_mixin.py:190} INFO - [2025-03-19T00:08:20.617+0000] {dag.py:4180} INFO - Setting next_dagrun for sevdesk_to_hubspot_sync_dynamic to 2025-03-19 00:05:00+00:00, run_after=2025-03-19 00:10:00+00:00
[2025-03-19T00:08:20.646+0000] {processor.py:208} INFO - Processing /opt/airflow/dags/dynamicsensor_dag.py took 0.104 seconds
[2025-03-19T00:08:50.935+0000] {processor.py:186} INFO - Started process (PID=3302) to work on /opt/airflow/dags/dynamicsensor_dag.py
[2025-03-19T00:08:50.936+0000] {processor.py:914} INFO - Processing file /opt/airflow/dags/dynamicsensor_dag.py for tasks to queue
[2025-03-19T00:08:50.941+0000] {logging_mixin.py:190} INFO - [2025-03-19T00:08:50.941+0000] {dagbag.py:588} INFO - Filling up the DagBag from /opt/airflow/dags/dynamicsensor_dag.py
[2025-03-19T00:08:50.977+0000] {processor.py:925} INFO - DAG(s) 'sevdesk_to_hubspot_sync_dynamic' retrieved from /opt/airflow/dags/dynamicsensor_dag.py
[2025-03-19T00:08:51.004+0000] {logging_mixin.py:190} INFO - [2025-03-19T00:08:51.003+0000] {dag.py:3239} INFO - Sync 1 DAGs
[2025-03-19T00:08:51.018+0000] {logging_mixin.py:190} INFO - [2025-03-19T00:08:51.018+0000] {dag.py:4180} INFO - Setting next_dagrun for sevdesk_to_hubspot_sync_dynamic to 2025-03-19 00:05:00+00:00, run_after=2025-03-19 00:10:00+00:00
[2025-03-19T00:08:51.039+0000] {processor.py:208} INFO - Processing /opt/airflow/dags/dynamicsensor_dag.py took 0.108 seconds
[2025-03-19T00:09:22.125+0000] {processor.py:186} INFO - Started process (PID=3374) to work on /opt/airflow/dags/dynamicsensor_dag.py
[2025-03-19T00:09:22.130+0000] {processor.py:914} INFO - Processing file /opt/airflow/dags/dynamicsensor_dag.py for tasks to queue
[2025-03-19T00:09:22.136+0000] {logging_mixin.py:190} INFO - [2025-03-19T00:09:22.135+0000] {dagbag.py:588} INFO - Filling up the DagBag from /opt/airflow/dags/dynamicsensor_dag.py
[2025-03-19T00:09:22.187+0000] {processor.py:925} INFO - DAG(s) 'sevdesk_to_hubspot_sync_dynamic' retrieved from /opt/airflow/dags/dynamicsensor_dag.py
[2025-03-19T00:09:22.241+0000] {logging_mixin.py:190} INFO - [2025-03-19T00:09:22.241+0000] {dag.py:3239} INFO - Sync 1 DAGs
[2025-03-19T00:09:22.282+0000] {logging_mixin.py:190} INFO - [2025-03-19T00:09:22.282+0000] {dag.py:4180} INFO - Setting next_dagrun for sevdesk_to_hubspot_sync_dynamic to 2025-03-19 00:05:00+00:00, run_after=2025-03-19 00:10:00+00:00
[2025-03-19T00:09:22.310+0000] {processor.py:208} INFO - Processing /opt/airflow/dags/dynamicsensor_dag.py took 0.197 seconds
[2025-03-19T00:09:53.181+0000] {processor.py:186} INFO - Started process (PID=3446) to work on /opt/airflow/dags/dynamicsensor_dag.py
[2025-03-19T00:09:53.182+0000] {processor.py:914} INFO - Processing file /opt/airflow/dags/dynamicsensor_dag.py for tasks to queue
[2025-03-19T00:09:53.184+0000] {logging_mixin.py:190} INFO - [2025-03-19T00:09:53.183+0000] {dagbag.py:588} INFO - Filling up the DagBag from /opt/airflow/dags/dynamicsensor_dag.py
[2025-03-19T00:09:53.191+0000] {processor.py:925} INFO - DAG(s) 'sevdesk_to_hubspot_sync_dynamic' retrieved from /opt/airflow/dags/dynamicsensor_dag.py
[2025-03-19T00:09:53.206+0000] {logging_mixin.py:190} INFO - [2025-03-19T00:09:53.206+0000] {dag.py:3239} INFO - Sync 1 DAGs
[2025-03-19T00:09:53.221+0000] {logging_mixin.py:190} INFO - [2025-03-19T00:09:53.221+0000] {dag.py:4180} INFO - Setting next_dagrun for sevdesk_to_hubspot_sync_dynamic to 2025-03-19 00:05:00+00:00, run_after=2025-03-19 00:10:00+00:00
[2025-03-19T00:09:53.232+0000] {processor.py:208} INFO - Processing /opt/airflow/dags/dynamicsensor_dag.py took 0.057 seconds
[2025-03-19T00:10:23.785+0000] {processor.py:186} INFO - Started process (PID=3518) to work on /opt/airflow/dags/dynamicsensor_dag.py
[2025-03-19T00:10:23.787+0000] {processor.py:914} INFO - Processing file /opt/airflow/dags/dynamicsensor_dag.py for tasks to queue
[2025-03-19T00:10:23.796+0000] {logging_mixin.py:190} INFO - [2025-03-19T00:10:23.795+0000] {dagbag.py:588} INFO - Filling up the DagBag from /opt/airflow/dags/dynamicsensor_dag.py
[2025-03-19T00:10:23.807+0000] {processor.py:925} INFO - DAG(s) 'sevdesk_to_hubspot_sync_dynamic' retrieved from /opt/airflow/dags/dynamicsensor_dag.py
[2025-03-19T00:10:23.846+0000] {logging_mixin.py:190} INFO - [2025-03-19T00:10:23.846+0000] {dag.py:3239} INFO - Sync 1 DAGs
[2025-03-19T00:10:23.901+0000] {logging_mixin.py:190} INFO - [2025-03-19T00:10:23.901+0000] {dag.py:4180} INFO - Setting next_dagrun for sevdesk_to_hubspot_sync_dynamic to 2025-03-19 00:10:00+00:00, run_after=2025-03-19 00:15:00+00:00
[2025-03-19T00:10:23.930+0000] {processor.py:208} INFO - Processing /opt/airflow/dags/dynamicsensor_dag.py took 0.150 seconds
[2025-03-19T00:10:54.172+0000] {processor.py:186} INFO - Started process (PID=3590) to work on /opt/airflow/dags/dynamicsensor_dag.py
[2025-03-19T00:10:54.173+0000] {processor.py:914} INFO - Processing file /opt/airflow/dags/dynamicsensor_dag.py for tasks to queue
[2025-03-19T00:10:54.177+0000] {logging_mixin.py:190} INFO - [2025-03-19T00:10:54.177+0000] {dagbag.py:588} INFO - Filling up the DagBag from /opt/airflow/dags/dynamicsensor_dag.py
[2025-03-19T00:10:54.189+0000] {processor.py:925} INFO - DAG(s) 'sevdesk_to_hubspot_sync_dynamic' retrieved from /opt/airflow/dags/dynamicsensor_dag.py
[2025-03-19T00:10:54.200+0000] {logging_mixin.py:190} INFO - [2025-03-19T00:10:54.200+0000] {dag.py:3239} INFO - Sync 1 DAGs
[2025-03-19T00:10:54.214+0000] {logging_mixin.py:190} INFO - [2025-03-19T00:10:54.214+0000] {dag.py:4180} INFO - Setting next_dagrun for sevdesk_to_hubspot_sync_dynamic to 2025-03-19 00:10:00+00:00, run_after=2025-03-19 00:15:00+00:00
[2025-03-19T00:10:54.238+0000] {processor.py:208} INFO - Processing /opt/airflow/dags/dynamicsensor_dag.py took 0.073 seconds
