[2025-03-19T00:00:06.907+0000] {processor.py:186} INFO - Started process (PID=2071) to work on /opt/airflow/dags/fetch_sevdesk_contacts_dag.py
[2025-03-19T00:00:06.914+0000] {processor.py:914} INFO - Processing file /opt/airflow/dags/fetch_sevdesk_contacts_dag.py for tasks to queue
[2025-03-19T00:00:06.925+0000] {logging_mixin.py:190} INFO - [2025-03-19T00:00:06.925+0000] {dagbag.py:588} INFO - Filling up the DagBag from /opt/airflow/dags/fetch_sevdesk_contacts_dag.py
[2025-03-19T00:00:06.947+0000] {processor.py:925} INFO - DAG(s) 'fetch_sevdesk_contacts' retrieved from /opt/airflow/dags/fetch_sevdesk_contacts_dag.py
[2025-03-19T00:00:06.977+0000] {logging_mixin.py:190} INFO - [2025-03-19T00:00:06.977+0000] {dag.py:3239} INFO - Sync 1 DAGs
[2025-03-19T00:00:07.014+0000] {logging_mixin.py:190} INFO - [2025-03-19T00:00:07.014+0000] {dag.py:4180} INFO - Setting next_dagrun for fetch_sevdesk_contacts to 2024-04-16 21:00:00+00:00, run_after=2024-04-16 22:00:00+00:00
[2025-03-19T00:00:07.042+0000] {processor.py:208} INFO - Processing /opt/airflow/dags/fetch_sevdesk_contacts_dag.py took 0.147 seconds
[2025-03-19T00:00:37.511+0000] {processor.py:186} INFO - Started process (PID=2151) to work on /opt/airflow/dags/fetch_sevdesk_contacts_dag.py
[2025-03-19T00:00:37.512+0000] {processor.py:914} INFO - Processing file /opt/airflow/dags/fetch_sevdesk_contacts_dag.py for tasks to queue
[2025-03-19T00:00:37.514+0000] {logging_mixin.py:190} INFO - [2025-03-19T00:00:37.514+0000] {dagbag.py:588} INFO - Filling up the DagBag from /opt/airflow/dags/fetch_sevdesk_contacts_dag.py
[2025-03-19T00:00:37.526+0000] {processor.py:925} INFO - DAG(s) 'fetch_sevdesk_contacts' retrieved from /opt/airflow/dags/fetch_sevdesk_contacts_dag.py
[2025-03-19T00:00:37.540+0000] {logging_mixin.py:190} INFO - [2025-03-19T00:00:37.540+0000] {dag.py:3239} INFO - Sync 1 DAGs
[2025-03-19T00:00:37.559+0000] {logging_mixin.py:190} INFO - [2025-03-19T00:00:37.559+0000] {dag.py:4180} INFO - Setting next_dagrun for fetch_sevdesk_contacts to 2024-04-18 11:00:00+00:00, run_after=2024-04-18 12:00:00+00:00
[2025-03-19T00:00:37.567+0000] {processor.py:208} INFO - Processing /opt/airflow/dags/fetch_sevdesk_contacts_dag.py took 0.069 seconds
[2025-03-19T00:01:07.874+0000] {processor.py:186} INFO - Started process (PID=2222) to work on /opt/airflow/dags/fetch_sevdesk_contacts_dag.py
[2025-03-19T00:01:07.878+0000] {processor.py:914} INFO - Processing file /opt/airflow/dags/fetch_sevdesk_contacts_dag.py for tasks to queue
[2025-03-19T00:01:07.894+0000] {logging_mixin.py:190} INFO - [2025-03-19T00:01:07.894+0000] {dagbag.py:588} INFO - Filling up the DagBag from /opt/airflow/dags/fetch_sevdesk_contacts_dag.py
[2025-03-19T00:01:07.938+0000] {processor.py:925} INFO - DAG(s) 'fetch_sevdesk_contacts' retrieved from /opt/airflow/dags/fetch_sevdesk_contacts_dag.py
[2025-03-19T00:01:07.987+0000] {logging_mixin.py:190} INFO - [2025-03-19T00:01:07.987+0000] {dag.py:3239} INFO - Sync 1 DAGs
[2025-03-19T00:01:08.072+0000] {logging_mixin.py:190} INFO - [2025-03-19T00:01:08.071+0000] {dag.py:4180} INFO - Setting next_dagrun for fetch_sevdesk_contacts to 2024-04-20 11:00:00+00:00, run_after=2024-04-20 12:00:00+00:00
[2025-03-19T00:01:08.132+0000] {processor.py:208} INFO - Processing /opt/airflow/dags/fetch_sevdesk_contacts_dag.py took 0.271 seconds
[2025-03-19T00:01:39.001+0000] {processor.py:186} INFO - Started process (PID=2294) to work on /opt/airflow/dags/fetch_sevdesk_contacts_dag.py
[2025-03-19T00:01:39.002+0000] {processor.py:914} INFO - Processing file /opt/airflow/dags/fetch_sevdesk_contacts_dag.py for tasks to queue
[2025-03-19T00:01:39.008+0000] {logging_mixin.py:190} INFO - [2025-03-19T00:01:39.008+0000] {dagbag.py:588} INFO - Filling up the DagBag from /opt/airflow/dags/fetch_sevdesk_contacts_dag.py
[2025-03-19T00:01:39.024+0000] {processor.py:925} INFO - DAG(s) 'fetch_sevdesk_contacts' retrieved from /opt/airflow/dags/fetch_sevdesk_contacts_dag.py
[2025-03-19T00:01:39.050+0000] {logging_mixin.py:190} INFO - [2025-03-19T00:01:39.049+0000] {dag.py:3239} INFO - Sync 1 DAGs
[2025-03-19T00:01:39.066+0000] {logging_mixin.py:190} INFO - [2025-03-19T00:01:39.065+0000] {dag.py:4180} INFO - Setting next_dagrun for fetch_sevdesk_contacts to 2024-04-21 20:00:00+00:00, run_after=2024-04-21 21:00:00+00:00
[2025-03-19T00:01:39.077+0000] {processor.py:208} INFO - Processing /opt/airflow/dags/fetch_sevdesk_contacts_dag.py took 0.084 seconds
[2025-03-19T00:02:09.716+0000] {processor.py:186} INFO - Started process (PID=2366) to work on /opt/airflow/dags/fetch_sevdesk_contacts_dag.py
[2025-03-19T00:02:09.720+0000] {processor.py:914} INFO - Processing file /opt/airflow/dags/fetch_sevdesk_contacts_dag.py for tasks to queue
[2025-03-19T00:02:09.748+0000] {logging_mixin.py:190} INFO - [2025-03-19T00:02:09.747+0000] {dagbag.py:588} INFO - Filling up the DagBag from /opt/airflow/dags/fetch_sevdesk_contacts_dag.py
[2025-03-19T00:02:09.799+0000] {processor.py:925} INFO - DAG(s) 'fetch_sevdesk_contacts' retrieved from /opt/airflow/dags/fetch_sevdesk_contacts_dag.py
[2025-03-19T00:02:09.855+0000] {logging_mixin.py:190} INFO - [2025-03-19T00:02:09.855+0000] {dag.py:3239} INFO - Sync 1 DAGs
[2025-03-19T00:02:09.932+0000] {logging_mixin.py:190} INFO - [2025-03-19T00:02:09.932+0000] {dag.py:4180} INFO - Setting next_dagrun for fetch_sevdesk_contacts to 2024-04-23 17:00:00+00:00, run_after=2024-04-23 18:00:00+00:00
[2025-03-19T00:02:09.982+0000] {processor.py:208} INFO - Processing /opt/airflow/dags/fetch_sevdesk_contacts_dag.py took 0.290 seconds
[2025-03-19T00:02:40.385+0000] {processor.py:186} INFO - Started process (PID=2437) to work on /opt/airflow/dags/fetch_sevdesk_contacts_dag.py
[2025-03-19T00:02:40.387+0000] {processor.py:914} INFO - Processing file /opt/airflow/dags/fetch_sevdesk_contacts_dag.py for tasks to queue
[2025-03-19T00:02:40.395+0000] {logging_mixin.py:190} INFO - [2025-03-19T00:02:40.394+0000] {dagbag.py:588} INFO - Filling up the DagBag from /opt/airflow/dags/fetch_sevdesk_contacts_dag.py
[2025-03-19T00:02:40.437+0000] {processor.py:925} INFO - DAG(s) 'fetch_sevdesk_contacts' retrieved from /opt/airflow/dags/fetch_sevdesk_contacts_dag.py
[2025-03-19T00:02:40.490+0000] {logging_mixin.py:190} INFO - [2025-03-19T00:02:40.490+0000] {dag.py:3239} INFO - Sync 1 DAGs
[2025-03-19T00:02:40.539+0000] {processor.py:208} INFO - Processing /opt/airflow/dags/fetch_sevdesk_contacts_dag.py took 0.161 seconds
[2025-03-19T00:03:10.991+0000] {processor.py:186} INFO - Started process (PID=2509) to work on /opt/airflow/dags/fetch_sevdesk_contacts_dag.py
[2025-03-19T00:03:10.992+0000] {processor.py:914} INFO - Processing file /opt/airflow/dags/fetch_sevdesk_contacts_dag.py for tasks to queue
[2025-03-19T00:03:10.993+0000] {logging_mixin.py:190} INFO - [2025-03-19T00:03:10.993+0000] {dagbag.py:588} INFO - Filling up the DagBag from /opt/airflow/dags/fetch_sevdesk_contacts_dag.py
[2025-03-19T00:03:10.999+0000] {processor.py:925} INFO - DAG(s) 'fetch_sevdesk_contacts' retrieved from /opt/airflow/dags/fetch_sevdesk_contacts_dag.py
[2025-03-19T00:03:11.009+0000] {logging_mixin.py:190} INFO - [2025-03-19T00:03:11.009+0000] {dag.py:3239} INFO - Sync 1 DAGs
[2025-03-19T00:03:11.020+0000] {logging_mixin.py:190} INFO - [2025-03-19T00:03:11.020+0000] {dag.py:4180} INFO - Setting next_dagrun for fetch_sevdesk_contacts to 2024-04-27 04:00:00+00:00, run_after=2024-04-27 05:00:00+00:00
[2025-03-19T00:03:11.028+0000] {processor.py:208} INFO - Processing /opt/airflow/dags/fetch_sevdesk_contacts_dag.py took 0.040 seconds
[2025-03-19T00:03:41.588+0000] {processor.py:186} INFO - Started process (PID=2581) to work on /opt/airflow/dags/fetch_sevdesk_contacts_dag.py
[2025-03-19T00:03:41.589+0000] {processor.py:914} INFO - Processing file /opt/airflow/dags/fetch_sevdesk_contacts_dag.py for tasks to queue
[2025-03-19T00:03:41.600+0000] {logging_mixin.py:190} INFO - [2025-03-19T00:03:41.600+0000] {dagbag.py:588} INFO - Filling up the DagBag from /opt/airflow/dags/fetch_sevdesk_contacts_dag.py
[2025-03-19T00:03:41.744+0000] {processor.py:925} INFO - DAG(s) 'fetch_sevdesk_contacts' retrieved from /opt/airflow/dags/fetch_sevdesk_contacts_dag.py
[2025-03-19T00:03:41.780+0000] {logging_mixin.py:190} INFO - [2025-03-19T00:03:41.780+0000] {dag.py:3239} INFO - Sync 1 DAGs
[2025-03-19T00:03:41.836+0000] {logging_mixin.py:190} INFO - [2025-03-19T00:03:41.836+0000] {dag.py:4180} INFO - Setting next_dagrun for fetch_sevdesk_contacts to 2024-04-29 20:00:00+00:00, run_after=2024-04-29 21:00:00+00:00
[2025-03-19T00:03:41.881+0000] {processor.py:208} INFO - Processing /opt/airflow/dags/fetch_sevdesk_contacts_dag.py took 0.307 seconds
[2025-03-19T00:04:12.414+0000] {processor.py:186} INFO - Started process (PID=2653) to work on /opt/airflow/dags/fetch_sevdesk_contacts_dag.py
[2025-03-19T00:04:12.415+0000] {processor.py:914} INFO - Processing file /opt/airflow/dags/fetch_sevdesk_contacts_dag.py for tasks to queue
[2025-03-19T00:04:12.417+0000] {logging_mixin.py:190} INFO - [2025-03-19T00:04:12.417+0000] {dagbag.py:588} INFO - Filling up the DagBag from /opt/airflow/dags/fetch_sevdesk_contacts_dag.py
[2025-03-19T00:04:12.426+0000] {processor.py:925} INFO - DAG(s) 'fetch_sevdesk_contacts' retrieved from /opt/airflow/dags/fetch_sevdesk_contacts_dag.py
[2025-03-19T00:04:12.443+0000] {logging_mixin.py:190} INFO - [2025-03-19T00:04:12.443+0000] {dag.py:3239} INFO - Sync 1 DAGs
[2025-03-19T00:04:12.459+0000] {logging_mixin.py:190} INFO - [2025-03-19T00:04:12.459+0000] {dag.py:4180} INFO - Setting next_dagrun for fetch_sevdesk_contacts to 2024-05-01 21:00:00+00:00, run_after=2024-05-01 22:00:00+00:00
[2025-03-19T00:04:12.471+0000] {processor.py:208} INFO - Processing /opt/airflow/dags/fetch_sevdesk_contacts_dag.py took 0.064 seconds
[2025-03-19T00:04:42.895+0000] {processor.py:186} INFO - Started process (PID=2725) to work on /opt/airflow/dags/fetch_sevdesk_contacts_dag.py
[2025-03-19T00:04:42.899+0000] {processor.py:914} INFO - Processing file /opt/airflow/dags/fetch_sevdesk_contacts_dag.py for tasks to queue
[2025-03-19T00:04:42.903+0000] {logging_mixin.py:190} INFO - [2025-03-19T00:04:42.903+0000] {dagbag.py:588} INFO - Filling up the DagBag from /opt/airflow/dags/fetch_sevdesk_contacts_dag.py
[2025-03-19T00:04:42.956+0000] {processor.py:925} INFO - DAG(s) 'fetch_sevdesk_contacts' retrieved from /opt/airflow/dags/fetch_sevdesk_contacts_dag.py
[2025-03-19T00:04:42.980+0000] {logging_mixin.py:190} INFO - [2025-03-19T00:04:42.980+0000] {dag.py:3239} INFO - Sync 1 DAGs
[2025-03-19T00:04:43.017+0000] {logging_mixin.py:190} INFO - [2025-03-19T00:04:43.016+0000] {dag.py:4180} INFO - Setting next_dagrun for fetch_sevdesk_contacts to 2024-05-04 13:00:00+00:00, run_after=2024-05-04 14:00:00+00:00
[2025-03-19T00:04:43.046+0000] {processor.py:208} INFO - Processing /opt/airflow/dags/fetch_sevdesk_contacts_dag.py took 0.162 seconds
[2025-03-19T00:05:13.264+0000] {processor.py:186} INFO - Started process (PID=2797) to work on /opt/airflow/dags/fetch_sevdesk_contacts_dag.py
[2025-03-19T00:05:13.264+0000] {processor.py:914} INFO - Processing file /opt/airflow/dags/fetch_sevdesk_contacts_dag.py for tasks to queue
[2025-03-19T00:05:13.266+0000] {logging_mixin.py:190} INFO - [2025-03-19T00:05:13.266+0000] {dagbag.py:588} INFO - Filling up the DagBag from /opt/airflow/dags/fetch_sevdesk_contacts_dag.py
[2025-03-19T00:05:13.273+0000] {processor.py:925} INFO - DAG(s) 'fetch_sevdesk_contacts' retrieved from /opt/airflow/dags/fetch_sevdesk_contacts_dag.py
[2025-03-19T00:05:13.285+0000] {logging_mixin.py:190} INFO - [2025-03-19T00:05:13.285+0000] {dag.py:3239} INFO - Sync 1 DAGs
[2025-03-19T00:05:13.295+0000] {logging_mixin.py:190} INFO - [2025-03-19T00:05:13.295+0000] {dag.py:4180} INFO - Setting next_dagrun for fetch_sevdesk_contacts to 2024-05-06 14:00:00+00:00, run_after=2024-05-06 15:00:00+00:00
[2025-03-19T00:05:13.303+0000] {processor.py:208} INFO - Processing /opt/airflow/dags/fetch_sevdesk_contacts_dag.py took 0.044 seconds
[2025-03-19T00:05:43.403+0000] {processor.py:186} INFO - Started process (PID=2869) to work on /opt/airflow/dags/fetch_sevdesk_contacts_dag.py
[2025-03-19T00:05:43.405+0000] {processor.py:914} INFO - Processing file /opt/airflow/dags/fetch_sevdesk_contacts_dag.py for tasks to queue
[2025-03-19T00:05:43.409+0000] {logging_mixin.py:190} INFO - [2025-03-19T00:05:43.409+0000] {dagbag.py:588} INFO - Filling up the DagBag from /opt/airflow/dags/fetch_sevdesk_contacts_dag.py
[2025-03-19T00:05:43.439+0000] {processor.py:925} INFO - DAG(s) 'fetch_sevdesk_contacts' retrieved from /opt/airflow/dags/fetch_sevdesk_contacts_dag.py
[2025-03-19T00:05:43.461+0000] {logging_mixin.py:190} INFO - [2025-03-19T00:05:43.460+0000] {dag.py:3239} INFO - Sync 1 DAGs
[2025-03-19T00:05:43.511+0000] {logging_mixin.py:190} INFO - [2025-03-19T00:05:43.510+0000] {dag.py:4180} INFO - Setting next_dagrun for fetch_sevdesk_contacts to 2024-05-09 04:00:00+00:00, run_after=2024-05-09 05:00:00+00:00
[2025-03-19T00:05:43.571+0000] {processor.py:208} INFO - Processing /opt/airflow/dags/fetch_sevdesk_contacts_dag.py took 0.175 seconds
[2025-03-19T00:06:13.905+0000] {processor.py:186} INFO - Started process (PID=2937) to work on /opt/airflow/dags/fetch_sevdesk_contacts_dag.py
[2025-03-19T00:06:13.911+0000] {processor.py:914} INFO - Processing file /opt/airflow/dags/fetch_sevdesk_contacts_dag.py for tasks to queue
[2025-03-19T00:06:13.914+0000] {logging_mixin.py:190} INFO - [2025-03-19T00:06:13.914+0000] {dagbag.py:588} INFO - Filling up the DagBag from /opt/airflow/dags/fetch_sevdesk_contacts_dag.py
[2025-03-19T00:06:13.946+0000] {processor.py:925} INFO - DAG(s) 'fetch_sevdesk_contacts' retrieved from /opt/airflow/dags/fetch_sevdesk_contacts_dag.py
[2025-03-19T00:06:13.972+0000] {logging_mixin.py:190} INFO - [2025-03-19T00:06:13.972+0000] {dag.py:3239} INFO - Sync 1 DAGs
[2025-03-19T00:06:14.021+0000] {logging_mixin.py:190} INFO - [2025-03-19T00:06:14.021+0000] {dag.py:4180} INFO - Setting next_dagrun for fetch_sevdesk_contacts to 2024-05-11 06:00:00+00:00, run_after=2024-05-11 07:00:00+00:00
[2025-03-19T00:06:14.081+0000] {processor.py:208} INFO - Processing /opt/airflow/dags/fetch_sevdesk_contacts_dag.py took 0.189 seconds
[2025-03-19T00:06:44.373+0000] {processor.py:186} INFO - Started process (PID=3005) to work on /opt/airflow/dags/fetch_sevdesk_contacts_dag.py
[2025-03-19T00:06:44.378+0000] {processor.py:914} INFO - Processing file /opt/airflow/dags/fetch_sevdesk_contacts_dag.py for tasks to queue
[2025-03-19T00:06:44.389+0000] {logging_mixin.py:190} INFO - [2025-03-19T00:06:44.388+0000] {dagbag.py:588} INFO - Filling up the DagBag from /opt/airflow/dags/fetch_sevdesk_contacts_dag.py
[2025-03-19T00:06:44.436+0000] {processor.py:925} INFO - DAG(s) 'fetch_sevdesk_contacts' retrieved from /opt/airflow/dags/fetch_sevdesk_contacts_dag.py
[2025-03-19T00:06:44.465+0000] {logging_mixin.py:190} INFO - [2025-03-19T00:06:44.465+0000] {dag.py:3239} INFO - Sync 1 DAGs
[2025-03-19T00:06:44.516+0000] {processor.py:208} INFO - Processing /opt/airflow/dags/fetch_sevdesk_contacts_dag.py took 0.151 seconds
[2025-03-19T00:07:15.303+0000] {processor.py:186} INFO - Started process (PID=3077) to work on /opt/airflow/dags/fetch_sevdesk_contacts_dag.py
[2025-03-19T00:07:15.305+0000] {processor.py:914} INFO - Processing file /opt/airflow/dags/fetch_sevdesk_contacts_dag.py for tasks to queue
[2025-03-19T00:07:15.307+0000] {logging_mixin.py:190} INFO - [2025-03-19T00:07:15.306+0000] {dagbag.py:588} INFO - Filling up the DagBag from /opt/airflow/dags/fetch_sevdesk_contacts_dag.py
[2025-03-19T00:07:15.341+0000] {processor.py:925} INFO - DAG(s) 'fetch_sevdesk_contacts' retrieved from /opt/airflow/dags/fetch_sevdesk_contacts_dag.py
[2025-03-19T00:07:15.377+0000] {logging_mixin.py:190} INFO - [2025-03-19T00:07:15.376+0000] {dag.py:3239} INFO - Sync 1 DAGs
[2025-03-19T00:07:15.410+0000] {logging_mixin.py:190} INFO - [2025-03-19T00:07:15.410+0000] {dag.py:4180} INFO - Setting next_dagrun for fetch_sevdesk_contacts to 2024-05-15 23:00:00+00:00, run_after=2024-05-16 00:00:00+00:00
[2025-03-19T00:07:15.447+0000] {processor.py:208} INFO - Processing /opt/airflow/dags/fetch_sevdesk_contacts_dag.py took 0.150 seconds
[2025-03-19T00:07:45.796+0000] {processor.py:186} INFO - Started process (PID=3146) to work on /opt/airflow/dags/fetch_sevdesk_contacts_dag.py
[2025-03-19T00:07:45.797+0000] {processor.py:914} INFO - Processing file /opt/airflow/dags/fetch_sevdesk_contacts_dag.py for tasks to queue
[2025-03-19T00:07:45.799+0000] {logging_mixin.py:190} INFO - [2025-03-19T00:07:45.799+0000] {dagbag.py:588} INFO - Filling up the DagBag from /opt/airflow/dags/fetch_sevdesk_contacts_dag.py
[2025-03-19T00:07:45.812+0000] {processor.py:925} INFO - DAG(s) 'fetch_sevdesk_contacts' retrieved from /opt/airflow/dags/fetch_sevdesk_contacts_dag.py
[2025-03-19T00:07:45.855+0000] {logging_mixin.py:190} INFO - [2025-03-19T00:07:45.854+0000] {dag.py:3239} INFO - Sync 1 DAGs
[2025-03-19T00:07:45.891+0000] {logging_mixin.py:190} INFO - [2025-03-19T00:07:45.891+0000] {dag.py:4180} INFO - Setting next_dagrun for fetch_sevdesk_contacts to 2024-05-18 09:00:00+00:00, run_after=2024-05-18 10:00:00+00:00
[2025-03-19T00:07:45.925+0000] {processor.py:208} INFO - Processing /opt/airflow/dags/fetch_sevdesk_contacts_dag.py took 0.145 seconds
