[2025-03-19T00:00:11.903+0000] {processor.py:186} INFO - Started process (PID=2081) to work on /opt/airflow/dags/getEmail_dag.py
[2025-03-19T00:00:11.904+0000] {processor.py:914} INFO - Processing file /opt/airflow/dags/getEmail_dag.py for tasks to queue
[2025-03-19T00:00:11.908+0000] {logging_mixin.py:190} INFO - [2025-03-19T00:00:11.907+0000] {dagbag.py:588} INFO - Filling up the DagBag from /opt/airflow/dags/getEmail_dag.py
[2025-03-19T00:00:11.957+0000] {processor.py:925} INFO - DAG(s) 'fetch_sevdesk_contact' retrieved from /opt/airflow/dags/getEmail_dag.py
[2025-03-19T00:00:12.010+0000] {logging_mixin.py:190} INFO - [2025-03-19T00:00:12.010+0000] {dag.py:3239} INFO - Sync 1 DAGs
[2025-03-19T00:00:12.027+0000] {logging_mixin.py:190} INFO - [2025-03-19T00:00:12.027+0000] {dag.py:4180} INFO - Setting next_dagrun for fetch_sevdesk_contact to None, run_after=None
[2025-03-19T00:00:12.053+0000] {processor.py:208} INFO - Processing /opt/airflow/dags/getEmail_dag.py took 0.155 seconds
[2025-03-19T00:00:42.725+0000] {processor.py:186} INFO - Started process (PID=2153) to work on /opt/airflow/dags/getEmail_dag.py
[2025-03-19T00:00:42.728+0000] {processor.py:914} INFO - Processing file /opt/airflow/dags/getEmail_dag.py for tasks to queue
[2025-03-19T00:00:42.732+0000] {logging_mixin.py:190} INFO - [2025-03-19T00:00:42.731+0000] {dagbag.py:588} INFO - Filling up the DagBag from /opt/airflow/dags/getEmail_dag.py
[2025-03-19T00:00:42.813+0000] {processor.py:925} INFO - DAG(s) 'fetch_sevdesk_contact' retrieved from /opt/airflow/dags/getEmail_dag.py
[2025-03-19T00:00:42.884+0000] {logging_mixin.py:190} INFO - [2025-03-19T00:00:42.884+0000] {dag.py:3239} INFO - Sync 1 DAGs
[2025-03-19T00:00:42.971+0000] {logging_mixin.py:190} INFO - [2025-03-19T00:00:42.971+0000] {dag.py:4180} INFO - Setting next_dagrun for fetch_sevdesk_contact to None, run_after=None
[2025-03-19T00:00:43.011+0000] {processor.py:208} INFO - Processing /opt/airflow/dags/getEmail_dag.py took 0.303 seconds
[2025-03-19T00:01:13.218+0000] {processor.py:186} INFO - Started process (PID=2224) to work on /opt/airflow/dags/getEmail_dag.py
[2025-03-19T00:01:13.218+0000] {processor.py:914} INFO - Processing file /opt/airflow/dags/getEmail_dag.py for tasks to queue
[2025-03-19T00:01:13.220+0000] {logging_mixin.py:190} INFO - [2025-03-19T00:01:13.220+0000] {dagbag.py:588} INFO - Filling up the DagBag from /opt/airflow/dags/getEmail_dag.py
[2025-03-19T00:01:13.237+0000] {processor.py:925} INFO - DAG(s) 'fetch_sevdesk_contact' retrieved from /opt/airflow/dags/getEmail_dag.py
[2025-03-19T00:01:13.253+0000] {logging_mixin.py:190} INFO - [2025-03-19T00:01:13.253+0000] {dag.py:3239} INFO - Sync 1 DAGs
[2025-03-19T00:01:13.265+0000] {logging_mixin.py:190} INFO - [2025-03-19T00:01:13.265+0000] {dag.py:4180} INFO - Setting next_dagrun for fetch_sevdesk_contact to None, run_after=None
[2025-03-19T00:01:13.277+0000] {processor.py:208} INFO - Processing /opt/airflow/dags/getEmail_dag.py took 0.063 seconds
[2025-03-19T00:01:44.310+0000] {processor.py:186} INFO - Started process (PID=2296) to work on /opt/airflow/dags/getEmail_dag.py
[2025-03-19T00:01:44.321+0000] {processor.py:914} INFO - Processing file /opt/airflow/dags/getEmail_dag.py for tasks to queue
[2025-03-19T00:01:44.331+0000] {logging_mixin.py:190} INFO - [2025-03-19T00:01:44.331+0000] {dagbag.py:588} INFO - Filling up the DagBag from /opt/airflow/dags/getEmail_dag.py
[2025-03-19T00:01:44.369+0000] {processor.py:925} INFO - DAG(s) 'fetch_sevdesk_contact' retrieved from /opt/airflow/dags/getEmail_dag.py
[2025-03-19T00:01:44.405+0000] {logging_mixin.py:190} INFO - [2025-03-19T00:01:44.405+0000] {dag.py:3239} INFO - Sync 1 DAGs
[2025-03-19T00:01:44.455+0000] {logging_mixin.py:190} INFO - [2025-03-19T00:01:44.454+0000] {dag.py:4180} INFO - Setting next_dagrun for fetch_sevdesk_contact to None, run_after=None
[2025-03-19T00:01:44.504+0000] {processor.py:208} INFO - Processing /opt/airflow/dags/getEmail_dag.py took 0.232 seconds
[2025-03-19T00:02:15.082+0000] {processor.py:186} INFO - Started process (PID=2368) to work on /opt/airflow/dags/getEmail_dag.py
[2025-03-19T00:02:15.094+0000] {processor.py:914} INFO - Processing file /opt/airflow/dags/getEmail_dag.py for tasks to queue
[2025-03-19T00:02:15.108+0000] {logging_mixin.py:190} INFO - [2025-03-19T00:02:15.107+0000] {dagbag.py:588} INFO - Filling up the DagBag from /opt/airflow/dags/getEmail_dag.py
[2025-03-19T00:02:15.196+0000] {processor.py:925} INFO - DAG(s) 'fetch_sevdesk_contact' retrieved from /opt/airflow/dags/getEmail_dag.py
[2025-03-19T00:02:15.264+0000] {logging_mixin.py:190} INFO - [2025-03-19T00:02:15.264+0000] {dag.py:3239} INFO - Sync 1 DAGs
[2025-03-19T00:02:15.311+0000] {logging_mixin.py:190} INFO - [2025-03-19T00:02:15.311+0000] {dag.py:4180} INFO - Setting next_dagrun for fetch_sevdesk_contact to None, run_after=None
[2025-03-19T00:02:15.362+0000] {processor.py:208} INFO - Processing /opt/airflow/dags/getEmail_dag.py took 0.314 seconds
[2025-03-19T00:02:45.450+0000] {processor.py:186} INFO - Started process (PID=2438) to work on /opt/airflow/dags/getEmail_dag.py
[2025-03-19T00:02:45.453+0000] {processor.py:914} INFO - Processing file /opt/airflow/dags/getEmail_dag.py for tasks to queue
[2025-03-19T00:02:45.459+0000] {logging_mixin.py:190} INFO - [2025-03-19T00:02:45.459+0000] {dagbag.py:588} INFO - Filling up the DagBag from /opt/airflow/dags/getEmail_dag.py
[2025-03-19T00:02:45.477+0000] {processor.py:925} INFO - DAG(s) 'fetch_sevdesk_contact' retrieved from /opt/airflow/dags/getEmail_dag.py
[2025-03-19T00:02:45.499+0000] {logging_mixin.py:190} INFO - [2025-03-19T00:02:45.499+0000] {dag.py:3239} INFO - Sync 1 DAGs
[2025-03-19T00:02:45.524+0000] {logging_mixin.py:190} INFO - [2025-03-19T00:02:45.524+0000] {dag.py:4180} INFO - Setting next_dagrun for fetch_sevdesk_contact to None, run_after=None
[2025-03-19T00:02:45.557+0000] {processor.py:208} INFO - Processing /opt/airflow/dags/getEmail_dag.py took 0.118 seconds
[2025-03-19T00:03:16.031+0000] {processor.py:186} INFO - Started process (PID=2511) to work on /opt/airflow/dags/getEmail_dag.py
[2025-03-19T00:03:16.032+0000] {processor.py:914} INFO - Processing file /opt/airflow/dags/getEmail_dag.py for tasks to queue
[2025-03-19T00:03:16.035+0000] {logging_mixin.py:190} INFO - [2025-03-19T00:03:16.034+0000] {dagbag.py:588} INFO - Filling up the DagBag from /opt/airflow/dags/getEmail_dag.py
[2025-03-19T00:03:16.042+0000] {processor.py:925} INFO - DAG(s) 'fetch_sevdesk_contact' retrieved from /opt/airflow/dags/getEmail_dag.py
[2025-03-19T00:03:16.055+0000] {logging_mixin.py:190} INFO - [2025-03-19T00:03:16.055+0000] {dag.py:3239} INFO - Sync 1 DAGs
[2025-03-19T00:03:16.063+0000] {logging_mixin.py:190} INFO - [2025-03-19T00:03:16.063+0000] {dag.py:4180} INFO - Setting next_dagrun for fetch_sevdesk_contact to None, run_after=None
[2025-03-19T00:03:16.072+0000] {processor.py:208} INFO - Processing /opt/airflow/dags/getEmail_dag.py took 0.045 seconds
[2025-03-19T00:03:46.716+0000] {processor.py:186} INFO - Started process (PID=2583) to work on /opt/airflow/dags/getEmail_dag.py
[2025-03-19T00:03:46.719+0000] {processor.py:914} INFO - Processing file /opt/airflow/dags/getEmail_dag.py for tasks to queue
[2025-03-19T00:03:46.727+0000] {logging_mixin.py:190} INFO - [2025-03-19T00:03:46.725+0000] {dagbag.py:588} INFO - Filling up the DagBag from /opt/airflow/dags/getEmail_dag.py
[2025-03-19T00:03:46.763+0000] {processor.py:925} INFO - DAG(s) 'fetch_sevdesk_contact' retrieved from /opt/airflow/dags/getEmail_dag.py
[2025-03-19T00:03:46.826+0000] {logging_mixin.py:190} INFO - [2025-03-19T00:03:46.825+0000] {dag.py:3239} INFO - Sync 1 DAGs
[2025-03-19T00:03:46.902+0000] {logging_mixin.py:190} INFO - [2025-03-19T00:03:46.901+0000] {dag.py:4180} INFO - Setting next_dagrun for fetch_sevdesk_contact to None, run_after=None
[2025-03-19T00:03:46.949+0000] {processor.py:208} INFO - Processing /opt/airflow/dags/getEmail_dag.py took 0.247 seconds
[2025-03-19T00:04:17.551+0000] {processor.py:186} INFO - Started process (PID=2655) to work on /opt/airflow/dags/getEmail_dag.py
[2025-03-19T00:04:17.552+0000] {processor.py:914} INFO - Processing file /opt/airflow/dags/getEmail_dag.py for tasks to queue
[2025-03-19T00:04:17.556+0000] {logging_mixin.py:190} INFO - [2025-03-19T00:04:17.556+0000] {dagbag.py:588} INFO - Filling up the DagBag from /opt/airflow/dags/getEmail_dag.py
[2025-03-19T00:04:17.567+0000] {processor.py:925} INFO - DAG(s) 'fetch_sevdesk_contact' retrieved from /opt/airflow/dags/getEmail_dag.py
[2025-03-19T00:04:17.592+0000] {logging_mixin.py:190} INFO - [2025-03-19T00:04:17.591+0000] {dag.py:3239} INFO - Sync 1 DAGs
[2025-03-19T00:04:17.602+0000] {logging_mixin.py:190} INFO - [2025-03-19T00:04:17.602+0000] {dag.py:4180} INFO - Setting next_dagrun for fetch_sevdesk_contact to None, run_after=None
[2025-03-19T00:04:17.615+0000] {processor.py:208} INFO - Processing /opt/airflow/dags/getEmail_dag.py took 0.071 seconds
[2025-03-19T00:04:48.039+0000] {processor.py:186} INFO - Started process (PID=2727) to work on /opt/airflow/dags/getEmail_dag.py
[2025-03-19T00:04:48.039+0000] {processor.py:914} INFO - Processing file /opt/airflow/dags/getEmail_dag.py for tasks to queue
[2025-03-19T00:04:48.041+0000] {logging_mixin.py:190} INFO - [2025-03-19T00:04:48.040+0000] {dagbag.py:588} INFO - Filling up the DagBag from /opt/airflow/dags/getEmail_dag.py
[2025-03-19T00:04:48.047+0000] {processor.py:925} INFO - DAG(s) 'fetch_sevdesk_contact' retrieved from /opt/airflow/dags/getEmail_dag.py
[2025-03-19T00:04:48.060+0000] {logging_mixin.py:190} INFO - [2025-03-19T00:04:48.059+0000] {dag.py:3239} INFO - Sync 1 DAGs
[2025-03-19T00:04:48.068+0000] {logging_mixin.py:190} INFO - [2025-03-19T00:04:48.068+0000] {dag.py:4180} INFO - Setting next_dagrun for fetch_sevdesk_contact to None, run_after=None
[2025-03-19T00:04:48.076+0000] {processor.py:208} INFO - Processing /opt/airflow/dags/getEmail_dag.py took 0.041 seconds
[2025-03-19T00:05:18.332+0000] {processor.py:186} INFO - Started process (PID=2799) to work on /opt/airflow/dags/getEmail_dag.py
[2025-03-19T00:05:18.333+0000] {processor.py:914} INFO - Processing file /opt/airflow/dags/getEmail_dag.py for tasks to queue
[2025-03-19T00:05:18.335+0000] {logging_mixin.py:190} INFO - [2025-03-19T00:05:18.335+0000] {dagbag.py:588} INFO - Filling up the DagBag from /opt/airflow/dags/getEmail_dag.py
[2025-03-19T00:05:18.346+0000] {processor.py:925} INFO - DAG(s) 'fetch_sevdesk_contact' retrieved from /opt/airflow/dags/getEmail_dag.py
[2025-03-19T00:05:18.367+0000] {logging_mixin.py:190} INFO - [2025-03-19T00:05:18.367+0000] {dag.py:3239} INFO - Sync 1 DAGs
[2025-03-19T00:05:18.379+0000] {logging_mixin.py:190} INFO - [2025-03-19T00:05:18.379+0000] {dag.py:4180} INFO - Setting next_dagrun for fetch_sevdesk_contact to None, run_after=None
[2025-03-19T00:05:18.390+0000] {processor.py:208} INFO - Processing /opt/airflow/dags/getEmail_dag.py took 0.062 seconds
[2025-03-19T00:05:48.446+0000] {processor.py:186} INFO - Started process (PID=2871) to work on /opt/airflow/dags/getEmail_dag.py
[2025-03-19T00:05:48.447+0000] {processor.py:914} INFO - Processing file /opt/airflow/dags/getEmail_dag.py for tasks to queue
[2025-03-19T00:05:48.449+0000] {logging_mixin.py:190} INFO - [2025-03-19T00:05:48.449+0000] {dagbag.py:588} INFO - Filling up the DagBag from /opt/airflow/dags/getEmail_dag.py
[2025-03-19T00:05:48.458+0000] {processor.py:925} INFO - DAG(s) 'fetch_sevdesk_contact' retrieved from /opt/airflow/dags/getEmail_dag.py
[2025-03-19T00:05:48.472+0000] {logging_mixin.py:190} INFO - [2025-03-19T00:05:48.472+0000] {dag.py:3239} INFO - Sync 1 DAGs
[2025-03-19T00:05:48.480+0000] {logging_mixin.py:190} INFO - [2025-03-19T00:05:48.480+0000] {dag.py:4180} INFO - Setting next_dagrun for fetch_sevdesk_contact to None, run_after=None
[2025-03-19T00:05:48.489+0000] {processor.py:208} INFO - Processing /opt/airflow/dags/getEmail_dag.py took 0.048 seconds
[2025-03-19T00:06:18.560+0000] {processor.py:186} INFO - Started process (PID=2943) to work on /opt/airflow/dags/getEmail_dag.py
[2025-03-19T00:06:18.561+0000] {processor.py:914} INFO - Processing file /opt/airflow/dags/getEmail_dag.py for tasks to queue
[2025-03-19T00:06:18.562+0000] {logging_mixin.py:190} INFO - [2025-03-19T00:06:18.562+0000] {dagbag.py:588} INFO - Filling up the DagBag from /opt/airflow/dags/getEmail_dag.py
[2025-03-19T00:06:18.571+0000] {processor.py:925} INFO - DAG(s) 'fetch_sevdesk_contact' retrieved from /opt/airflow/dags/getEmail_dag.py
[2025-03-19T00:06:18.586+0000] {logging_mixin.py:190} INFO - [2025-03-19T00:06:18.586+0000] {dag.py:3239} INFO - Sync 1 DAGs
[2025-03-19T00:06:18.594+0000] {logging_mixin.py:190} INFO - [2025-03-19T00:06:18.594+0000] {dag.py:4180} INFO - Setting next_dagrun for fetch_sevdesk_contact to None, run_after=None
[2025-03-19T00:06:18.609+0000] {processor.py:208} INFO - Processing /opt/airflow/dags/getEmail_dag.py took 0.055 seconds
[2025-03-19T00:06:48.701+0000] {processor.py:186} INFO - Started process (PID=3015) to work on /opt/airflow/dags/getEmail_dag.py
[2025-03-19T00:06:48.703+0000] {processor.py:914} INFO - Processing file /opt/airflow/dags/getEmail_dag.py for tasks to queue
[2025-03-19T00:06:48.704+0000] {logging_mixin.py:190} INFO - [2025-03-19T00:06:48.704+0000] {dagbag.py:588} INFO - Filling up the DagBag from /opt/airflow/dags/getEmail_dag.py
[2025-03-19T00:06:48.714+0000] {processor.py:925} INFO - DAG(s) 'fetch_sevdesk_contact' retrieved from /opt/airflow/dags/getEmail_dag.py
[2025-03-19T00:06:48.732+0000] {logging_mixin.py:190} INFO - [2025-03-19T00:06:48.732+0000] {dag.py:3239} INFO - Sync 1 DAGs
[2025-03-19T00:06:48.744+0000] {logging_mixin.py:190} INFO - [2025-03-19T00:06:48.744+0000] {dag.py:4180} INFO - Setting next_dagrun for fetch_sevdesk_contact to None, run_after=None
[2025-03-19T00:06:48.757+0000] {processor.py:208} INFO - Processing /opt/airflow/dags/getEmail_dag.py took 0.060 seconds
[2025-03-19T00:07:19.370+0000] {processor.py:186} INFO - Started process (PID=3087) to work on /opt/airflow/dags/getEmail_dag.py
[2025-03-19T00:07:19.371+0000] {processor.py:914} INFO - Processing file /opt/airflow/dags/getEmail_dag.py for tasks to queue
[2025-03-19T00:07:19.372+0000] {logging_mixin.py:190} INFO - [2025-03-19T00:07:19.372+0000] {dagbag.py:588} INFO - Filling up the DagBag from /opt/airflow/dags/getEmail_dag.py
[2025-03-19T00:07:19.379+0000] {processor.py:925} INFO - DAG(s) 'fetch_sevdesk_contact' retrieved from /opt/airflow/dags/getEmail_dag.py
[2025-03-19T00:07:19.394+0000] {logging_mixin.py:190} INFO - [2025-03-19T00:07:19.394+0000] {dag.py:3239} INFO - Sync 1 DAGs
[2025-03-19T00:07:19.401+0000] {logging_mixin.py:190} INFO - [2025-03-19T00:07:19.401+0000] {dag.py:4180} INFO - Setting next_dagrun for fetch_sevdesk_contact to None, run_after=None
[2025-03-19T00:07:19.413+0000] {processor.py:208} INFO - Processing /opt/airflow/dags/getEmail_dag.py took 0.047 seconds
[2025-03-19T00:07:49.803+0000] {processor.py:186} INFO - Started process (PID=3159) to work on /opt/airflow/dags/getEmail_dag.py
[2025-03-19T00:07:49.803+0000] {processor.py:914} INFO - Processing file /opt/airflow/dags/getEmail_dag.py for tasks to queue
[2025-03-19T00:07:49.805+0000] {logging_mixin.py:190} INFO - [2025-03-19T00:07:49.805+0000] {dagbag.py:588} INFO - Filling up the DagBag from /opt/airflow/dags/getEmail_dag.py
[2025-03-19T00:07:49.816+0000] {processor.py:925} INFO - DAG(s) 'fetch_sevdesk_contact' retrieved from /opt/airflow/dags/getEmail_dag.py
[2025-03-19T00:07:49.831+0000] {logging_mixin.py:190} INFO - [2025-03-19T00:07:49.830+0000] {dag.py:3239} INFO - Sync 1 DAGs
[2025-03-19T00:07:49.838+0000] {logging_mixin.py:190} INFO - [2025-03-19T00:07:49.838+0000] {dag.py:4180} INFO - Setting next_dagrun for fetch_sevdesk_contact to None, run_after=None
[2025-03-19T00:07:49.847+0000] {processor.py:208} INFO - Processing /opt/airflow/dags/getEmail_dag.py took 0.047 seconds
[2025-03-19T00:08:20.555+0000] {processor.py:186} INFO - Started process (PID=3231) to work on /opt/airflow/dags/getEmail_dag.py
[2025-03-19T00:08:20.557+0000] {processor.py:914} INFO - Processing file /opt/airflow/dags/getEmail_dag.py for tasks to queue
[2025-03-19T00:08:20.559+0000] {logging_mixin.py:190} INFO - [2025-03-19T00:08:20.558+0000] {dagbag.py:588} INFO - Filling up the DagBag from /opt/airflow/dags/getEmail_dag.py
[2025-03-19T00:08:20.567+0000] {processor.py:925} INFO - DAG(s) 'fetch_sevdesk_contact' retrieved from /opt/airflow/dags/getEmail_dag.py
[2025-03-19T00:08:20.590+0000] {logging_mixin.py:190} INFO - [2025-03-19T00:08:20.590+0000] {dag.py:3239} INFO - Sync 1 DAGs
[2025-03-19T00:08:20.617+0000] {logging_mixin.py:190} INFO - [2025-03-19T00:08:20.616+0000] {dag.py:4180} INFO - Setting next_dagrun for fetch_sevdesk_contact to None, run_after=None
[2025-03-19T00:08:20.640+0000] {processor.py:208} INFO - Processing /opt/airflow/dags/getEmail_dag.py took 0.096 seconds
[2025-03-19T00:08:50.969+0000] {processor.py:186} INFO - Started process (PID=3303) to work on /opt/airflow/dags/getEmail_dag.py
[2025-03-19T00:08:50.973+0000] {processor.py:914} INFO - Processing file /opt/airflow/dags/getEmail_dag.py for tasks to queue
[2025-03-19T00:08:50.977+0000] {logging_mixin.py:190} INFO - [2025-03-19T00:08:50.977+0000] {dagbag.py:588} INFO - Filling up the DagBag from /opt/airflow/dags/getEmail_dag.py
[2025-03-19T00:08:50.986+0000] {processor.py:925} INFO - DAG(s) 'fetch_sevdesk_contact' retrieved from /opt/airflow/dags/getEmail_dag.py
[2025-03-19T00:08:51.004+0000] {logging_mixin.py:190} INFO - [2025-03-19T00:08:51.004+0000] {dag.py:3239} INFO - Sync 1 DAGs
[2025-03-19T00:08:51.015+0000] {logging_mixin.py:190} INFO - [2025-03-19T00:08:51.015+0000] {dag.py:4180} INFO - Setting next_dagrun for fetch_sevdesk_contact to None, run_after=None
[2025-03-19T00:08:51.033+0000] {processor.py:208} INFO - Processing /opt/airflow/dags/getEmail_dag.py took 0.084 seconds
[2025-03-19T00:09:22.208+0000] {processor.py:186} INFO - Started process (PID=3375) to work on /opt/airflow/dags/getEmail_dag.py
[2025-03-19T00:09:22.209+0000] {processor.py:914} INFO - Processing file /opt/airflow/dags/getEmail_dag.py for tasks to queue
[2025-03-19T00:09:22.218+0000] {logging_mixin.py:190} INFO - [2025-03-19T00:09:22.218+0000] {dagbag.py:588} INFO - Filling up the DagBag from /opt/airflow/dags/getEmail_dag.py
[2025-03-19T00:09:22.249+0000] {processor.py:925} INFO - DAG(s) 'fetch_sevdesk_contact' retrieved from /opt/airflow/dags/getEmail_dag.py
[2025-03-19T00:09:22.281+0000] {logging_mixin.py:190} INFO - [2025-03-19T00:09:22.281+0000] {dag.py:3239} INFO - Sync 1 DAGs
[2025-03-19T00:09:22.293+0000] {logging_mixin.py:190} INFO - [2025-03-19T00:09:22.293+0000] {dag.py:4180} INFO - Setting next_dagrun for fetch_sevdesk_contact to None, run_after=None
[2025-03-19T00:09:22.319+0000] {processor.py:208} INFO - Processing /opt/airflow/dags/getEmail_dag.py took 0.119 seconds
[2025-03-19T00:09:53.184+0000] {processor.py:186} INFO - Started process (PID=3447) to work on /opt/airflow/dags/getEmail_dag.py
[2025-03-19T00:09:53.185+0000] {processor.py:914} INFO - Processing file /opt/airflow/dags/getEmail_dag.py for tasks to queue
[2025-03-19T00:09:53.187+0000] {logging_mixin.py:190} INFO - [2025-03-19T00:09:53.187+0000] {dagbag.py:588} INFO - Filling up the DagBag from /opt/airflow/dags/getEmail_dag.py
[2025-03-19T00:09:53.197+0000] {processor.py:925} INFO - DAG(s) 'fetch_sevdesk_contact' retrieved from /opt/airflow/dags/getEmail_dag.py
[2025-03-19T00:09:53.210+0000] {logging_mixin.py:190} INFO - [2025-03-19T00:09:53.210+0000] {dag.py:3239} INFO - Sync 1 DAGs
[2025-03-19T00:09:53.218+0000] {logging_mixin.py:190} INFO - [2025-03-19T00:09:53.218+0000] {dag.py:4180} INFO - Setting next_dagrun for fetch_sevdesk_contact to None, run_after=None
[2025-03-19T00:09:53.229+0000] {processor.py:208} INFO - Processing /opt/airflow/dags/getEmail_dag.py took 0.050 seconds
[2025-03-19T00:10:23.890+0000] {processor.py:186} INFO - Started process (PID=3519) to work on /opt/airflow/dags/getEmail_dag.py
[2025-03-19T00:10:23.894+0000] {processor.py:914} INFO - Processing file /opt/airflow/dags/getEmail_dag.py for tasks to queue
[2025-03-19T00:10:23.896+0000] {logging_mixin.py:190} INFO - [2025-03-19T00:10:23.896+0000] {dagbag.py:588} INFO - Filling up the DagBag from /opt/airflow/dags/getEmail_dag.py
[2025-03-19T00:10:23.911+0000] {processor.py:925} INFO - DAG(s) 'fetch_sevdesk_contact' retrieved from /opt/airflow/dags/getEmail_dag.py
[2025-03-19T00:10:23.937+0000] {logging_mixin.py:190} INFO - [2025-03-19T00:10:23.937+0000] {dag.py:3239} INFO - Sync 1 DAGs
[2025-03-19T00:10:23.951+0000] {logging_mixin.py:190} INFO - [2025-03-19T00:10:23.951+0000] {dag.py:4180} INFO - Setting next_dagrun for fetch_sevdesk_contact to None, run_after=None
[2025-03-19T00:10:23.972+0000] {processor.py:208} INFO - Processing /opt/airflow/dags/getEmail_dag.py took 0.090 seconds
[2025-03-19T00:10:54.266+0000] {processor.py:186} INFO - Started process (PID=3591) to work on /opt/airflow/dags/getEmail_dag.py
[2025-03-19T00:10:54.267+0000] {processor.py:914} INFO - Processing file /opt/airflow/dags/getEmail_dag.py for tasks to queue
[2025-03-19T00:10:54.269+0000] {logging_mixin.py:190} INFO - [2025-03-19T00:10:54.268+0000] {dagbag.py:588} INFO - Filling up the DagBag from /opt/airflow/dags/getEmail_dag.py
[2025-03-19T00:10:54.286+0000] {processor.py:925} INFO - DAG(s) 'fetch_sevdesk_contact' retrieved from /opt/airflow/dags/getEmail_dag.py
[2025-03-19T00:10:54.301+0000] {logging_mixin.py:190} INFO - [2025-03-19T00:10:54.300+0000] {dag.py:3239} INFO - Sync 1 DAGs
[2025-03-19T00:10:54.314+0000] {logging_mixin.py:190} INFO - [2025-03-19T00:10:54.313+0000] {dag.py:4180} INFO - Setting next_dagrun for fetch_sevdesk_contact to None, run_after=None
[2025-03-19T00:10:54.327+0000] {processor.py:208} INFO - Processing /opt/airflow/dags/getEmail_dag.py took 0.068 seconds
[2025-03-19T00:11:54.960+0000] {processor.py:186} INFO - Started process (PID=3727) to work on /opt/airflow/dags/getEmail_dag.py
[2025-03-19T00:11:54.960+0000] {processor.py:914} INFO - Processing file /opt/airflow/dags/getEmail_dag.py for tasks to queue
[2025-03-19T00:11:54.961+0000] {logging_mixin.py:190} INFO - [2025-03-19T00:11:54.961+0000] {dagbag.py:588} INFO - Filling up the DagBag from /opt/airflow/dags/getEmail_dag.py
[2025-03-19T00:11:54.965+0000] {processor.py:925} INFO - DAG(s) 'fetch_sevdesk_contact' retrieved from /opt/airflow/dags/getEmail_dag.py
[2025-03-19T00:11:54.976+0000] {logging_mixin.py:190} INFO - [2025-03-19T00:11:54.976+0000] {dag.py:3239} INFO - Sync 1 DAGs
[2025-03-19T00:11:54.983+0000] {logging_mixin.py:190} INFO - [2025-03-19T00:11:54.983+0000] {dag.py:4180} INFO - Setting next_dagrun for fetch_sevdesk_contact to None, run_after=None
[2025-03-19T00:11:54.990+0000] {processor.py:208} INFO - Processing /opt/airflow/dags/getEmail_dag.py took 0.033 seconds
[2025-03-19T00:12:25.262+0000] {processor.py:186} INFO - Started process (PID=3799) to work on /opt/airflow/dags/getEmail_dag.py
[2025-03-19T00:12:25.263+0000] {processor.py:914} INFO - Processing file /opt/airflow/dags/getEmail_dag.py for tasks to queue
[2025-03-19T00:12:25.264+0000] {logging_mixin.py:190} INFO - [2025-03-19T00:12:25.263+0000] {dagbag.py:588} INFO - Filling up the DagBag from /opt/airflow/dags/getEmail_dag.py
[2025-03-19T00:12:25.268+0000] {processor.py:925} INFO - DAG(s) 'fetch_sevdesk_contact' retrieved from /opt/airflow/dags/getEmail_dag.py
[2025-03-19T00:12:25.277+0000] {logging_mixin.py:190} INFO - [2025-03-19T00:12:25.277+0000] {dag.py:3239} INFO - Sync 1 DAGs
[2025-03-19T00:12:25.283+0000] {logging_mixin.py:190} INFO - [2025-03-19T00:12:25.283+0000] {dag.py:4180} INFO - Setting next_dagrun for fetch_sevdesk_contact to None, run_after=None
[2025-03-19T00:12:25.291+0000] {processor.py:208} INFO - Processing /opt/airflow/dags/getEmail_dag.py took 0.032 seconds
[2025-03-19T00:12:55.402+0000] {processor.py:186} INFO - Started process (PID=3871) to work on /opt/airflow/dags/getEmail_dag.py
[2025-03-19T00:12:55.402+0000] {processor.py:914} INFO - Processing file /opt/airflow/dags/getEmail_dag.py for tasks to queue
[2025-03-19T00:12:55.404+0000] {logging_mixin.py:190} INFO - [2025-03-19T00:12:55.404+0000] {dagbag.py:588} INFO - Filling up the DagBag from /opt/airflow/dags/getEmail_dag.py
[2025-03-19T00:12:55.409+0000] {processor.py:925} INFO - DAG(s) 'fetch_sevdesk_contact' retrieved from /opt/airflow/dags/getEmail_dag.py
[2025-03-19T00:12:55.420+0000] {logging_mixin.py:190} INFO - [2025-03-19T00:12:55.420+0000] {dag.py:3239} INFO - Sync 1 DAGs
[2025-03-19T00:12:55.427+0000] {logging_mixin.py:190} INFO - [2025-03-19T00:12:55.427+0000] {dag.py:4180} INFO - Setting next_dagrun for fetch_sevdesk_contact to None, run_after=None
[2025-03-19T00:12:55.435+0000] {processor.py:208} INFO - Processing /opt/airflow/dags/getEmail_dag.py took 0.036 seconds
[2025-03-19T00:13:26.434+0000] {processor.py:186} INFO - Started process (PID=3943) to work on /opt/airflow/dags/getEmail_dag.py
[2025-03-19T00:13:26.434+0000] {processor.py:914} INFO - Processing file /opt/airflow/dags/getEmail_dag.py for tasks to queue
[2025-03-19T00:13:26.435+0000] {logging_mixin.py:190} INFO - [2025-03-19T00:13:26.435+0000] {dagbag.py:588} INFO - Filling up the DagBag from /opt/airflow/dags/getEmail_dag.py
[2025-03-19T00:13:26.440+0000] {processor.py:925} INFO - DAG(s) 'fetch_sevdesk_contact' retrieved from /opt/airflow/dags/getEmail_dag.py
[2025-03-19T00:13:26.448+0000] {logging_mixin.py:190} INFO - [2025-03-19T00:13:26.448+0000] {dag.py:3239} INFO - Sync 1 DAGs
[2025-03-19T00:13:26.454+0000] {logging_mixin.py:190} INFO - [2025-03-19T00:13:26.454+0000] {dag.py:4180} INFO - Setting next_dagrun for fetch_sevdesk_contact to None, run_after=None
[2025-03-19T00:13:26.462+0000] {processor.py:208} INFO - Processing /opt/airflow/dags/getEmail_dag.py took 0.032 seconds
[2025-03-19T00:13:57.443+0000] {processor.py:186} INFO - Started process (PID=4014) to work on /opt/airflow/dags/getEmail_dag.py
[2025-03-19T00:13:57.445+0000] {processor.py:914} INFO - Processing file /opt/airflow/dags/getEmail_dag.py for tasks to queue
[2025-03-19T00:13:57.450+0000] {logging_mixin.py:190} INFO - [2025-03-19T00:13:57.449+0000] {dagbag.py:588} INFO - Filling up the DagBag from /opt/airflow/dags/getEmail_dag.py
[2025-03-19T00:13:57.477+0000] {processor.py:925} INFO - DAG(s) 'fetch_sevdesk_contact' retrieved from /opt/airflow/dags/getEmail_dag.py
[2025-03-19T00:13:57.504+0000] {logging_mixin.py:190} INFO - [2025-03-19T00:13:57.504+0000] {dag.py:3239} INFO - Sync 1 DAGs
[2025-03-19T00:13:57.526+0000] {logging_mixin.py:190} INFO - [2025-03-19T00:13:57.525+0000] {dag.py:4180} INFO - Setting next_dagrun for fetch_sevdesk_contact to None, run_after=None
[2025-03-19T00:13:57.544+0000] {processor.py:208} INFO - Processing /opt/airflow/dags/getEmail_dag.py took 0.113 seconds
[2025-03-19T00:14:28.705+0000] {processor.py:186} INFO - Started process (PID=4091) to work on /opt/airflow/dags/getEmail_dag.py
[2025-03-19T00:14:28.707+0000] {processor.py:914} INFO - Processing file /opt/airflow/dags/getEmail_dag.py for tasks to queue
[2025-03-19T00:14:28.712+0000] {logging_mixin.py:190} INFO - [2025-03-19T00:14:28.711+0000] {dagbag.py:588} INFO - Filling up the DagBag from /opt/airflow/dags/getEmail_dag.py
[2025-03-19T00:14:28.725+0000] {processor.py:925} INFO - DAG(s) 'fetch_sevdesk_contact' retrieved from /opt/airflow/dags/getEmail_dag.py
[2025-03-19T00:14:28.754+0000] {logging_mixin.py:190} INFO - [2025-03-19T00:14:28.754+0000] {dag.py:3239} INFO - Sync 1 DAGs
[2025-03-19T00:14:28.769+0000] {logging_mixin.py:190} INFO - [2025-03-19T00:14:28.769+0000] {dag.py:4180} INFO - Setting next_dagrun for fetch_sevdesk_contact to None, run_after=None
[2025-03-19T00:14:28.805+0000] {processor.py:208} INFO - Processing /opt/airflow/dags/getEmail_dag.py took 0.116 seconds
[2025-03-19T00:15:00.294+0000] {processor.py:186} INFO - Started process (PID=4163) to work on /opt/airflow/dags/getEmail_dag.py
[2025-03-19T00:15:00.309+0000] {processor.py:914} INFO - Processing file /opt/airflow/dags/getEmail_dag.py for tasks to queue
[2025-03-19T00:15:00.325+0000] {logging_mixin.py:190} INFO - [2025-03-19T00:15:00.325+0000] {dagbag.py:588} INFO - Filling up the DagBag from /opt/airflow/dags/getEmail_dag.py
[2025-03-19T00:15:00.346+0000] {processor.py:925} INFO - DAG(s) 'fetch_sevdesk_contact' retrieved from /opt/airflow/dags/getEmail_dag.py
[2025-03-19T00:15:00.375+0000] {logging_mixin.py:190} INFO - [2025-03-19T00:15:00.375+0000] {dag.py:3239} INFO - Sync 1 DAGs
[2025-03-19T00:15:00.411+0000] {logging_mixin.py:190} INFO - [2025-03-19T00:15:00.411+0000] {dag.py:4180} INFO - Setting next_dagrun for fetch_sevdesk_contact to None, run_after=None
[2025-03-19T00:15:00.462+0000] {processor.py:208} INFO - Processing /opt/airflow/dags/getEmail_dag.py took 0.176 seconds
[2025-03-19T00:15:30.505+0000] {processor.py:186} INFO - Started process (PID=4234) to work on /opt/airflow/dags/getEmail_dag.py
[2025-03-19T00:15:30.507+0000] {processor.py:914} INFO - Processing file /opt/airflow/dags/getEmail_dag.py for tasks to queue
[2025-03-19T00:15:30.509+0000] {logging_mixin.py:190} INFO - [2025-03-19T00:15:30.509+0000] {dagbag.py:588} INFO - Filling up the DagBag from /opt/airflow/dags/getEmail_dag.py
[2025-03-19T00:15:30.518+0000] {processor.py:925} INFO - DAG(s) 'fetch_sevdesk_contact' retrieved from /opt/airflow/dags/getEmail_dag.py
[2025-03-19T00:15:30.530+0000] {logging_mixin.py:190} INFO - [2025-03-19T00:15:30.529+0000] {dag.py:3239} INFO - Sync 1 DAGs
[2025-03-19T00:15:30.537+0000] {logging_mixin.py:190} INFO - [2025-03-19T00:15:30.537+0000] {dag.py:4180} INFO - Setting next_dagrun for fetch_sevdesk_contact to None, run_after=None
[2025-03-19T00:15:30.546+0000] {processor.py:208} INFO - Processing /opt/airflow/dags/getEmail_dag.py took 0.045 seconds
[2025-03-19T00:16:01.176+0000] {processor.py:186} INFO - Started process (PID=4304) to work on /opt/airflow/dags/getEmail_dag.py
[2025-03-19T00:16:01.176+0000] {processor.py:914} INFO - Processing file /opt/airflow/dags/getEmail_dag.py for tasks to queue
[2025-03-19T00:16:01.179+0000] {logging_mixin.py:190} INFO - [2025-03-19T00:16:01.179+0000] {dagbag.py:588} INFO - Filling up the DagBag from /opt/airflow/dags/getEmail_dag.py
[2025-03-19T00:16:01.188+0000] {processor.py:925} INFO - DAG(s) 'fetch_sevdesk_contact' retrieved from /opt/airflow/dags/getEmail_dag.py
[2025-03-19T00:16:01.205+0000] {logging_mixin.py:190} INFO - [2025-03-19T00:16:01.205+0000] {dag.py:3239} INFO - Sync 1 DAGs
[2025-03-19T00:16:01.215+0000] {logging_mixin.py:190} INFO - [2025-03-19T00:16:01.215+0000] {dag.py:4180} INFO - Setting next_dagrun for fetch_sevdesk_contact to None, run_after=None
[2025-03-19T00:16:01.233+0000] {processor.py:208} INFO - Processing /opt/airflow/dags/getEmail_dag.py took 0.064 seconds
[2025-03-19T00:16:31.590+0000] {processor.py:186} INFO - Started process (PID=4376) to work on /opt/airflow/dags/getEmail_dag.py
[2025-03-19T00:16:31.590+0000] {processor.py:914} INFO - Processing file /opt/airflow/dags/getEmail_dag.py for tasks to queue
[2025-03-19T00:16:31.592+0000] {logging_mixin.py:190} INFO - [2025-03-19T00:16:31.591+0000] {dagbag.py:588} INFO - Filling up the DagBag from /opt/airflow/dags/getEmail_dag.py
[2025-03-19T00:16:31.597+0000] {processor.py:925} INFO - DAG(s) 'fetch_sevdesk_contact' retrieved from /opt/airflow/dags/getEmail_dag.py
[2025-03-19T00:16:31.608+0000] {logging_mixin.py:190} INFO - [2025-03-19T00:16:31.608+0000] {dag.py:3239} INFO - Sync 1 DAGs
[2025-03-19T00:16:31.618+0000] {logging_mixin.py:190} INFO - [2025-03-19T00:16:31.617+0000] {dag.py:4180} INFO - Setting next_dagrun for fetch_sevdesk_contact to None, run_after=None
[2025-03-19T00:16:31.633+0000] {processor.py:208} INFO - Processing /opt/airflow/dags/getEmail_dag.py took 0.047 seconds
[2025-03-19T00:17:02.341+0000] {processor.py:186} INFO - Started process (PID=4430) to work on /opt/airflow/dags/getEmail_dag.py
[2025-03-19T00:17:02.352+0000] {processor.py:914} INFO - Processing file /opt/airflow/dags/getEmail_dag.py for tasks to queue
[2025-03-19T00:17:02.369+0000] {logging_mixin.py:190} INFO - [2025-03-19T00:17:02.365+0000] {dagbag.py:588} INFO - Filling up the DagBag from /opt/airflow/dags/getEmail_dag.py
[2025-03-19T00:17:02.453+0000] {processor.py:925} INFO - DAG(s) 'fetch_sevdesk_contact' retrieved from /opt/airflow/dags/getEmail_dag.py
[2025-03-19T00:17:02.493+0000] {logging_mixin.py:190} INFO - [2025-03-19T00:17:02.493+0000] {dag.py:3239} INFO - Sync 1 DAGs
[2025-03-19T00:17:02.527+0000] {logging_mixin.py:190} INFO - [2025-03-19T00:17:02.527+0000] {dag.py:4180} INFO - Setting next_dagrun for fetch_sevdesk_contact to None, run_after=None
[2025-03-19T00:17:02.580+0000] {processor.py:208} INFO - Processing /opt/airflow/dags/getEmail_dag.py took 0.264 seconds
[2025-03-19T00:17:33.395+0000] {processor.py:186} INFO - Started process (PID=4501) to work on /opt/airflow/dags/getEmail_dag.py
[2025-03-19T00:17:33.396+0000] {processor.py:914} INFO - Processing file /opt/airflow/dags/getEmail_dag.py for tasks to queue
[2025-03-19T00:17:33.398+0000] {logging_mixin.py:190} INFO - [2025-03-19T00:17:33.398+0000] {dagbag.py:588} INFO - Filling up the DagBag from /opt/airflow/dags/getEmail_dag.py
[2025-03-19T00:17:33.404+0000] {processor.py:925} INFO - DAG(s) 'fetch_sevdesk_contact' retrieved from /opt/airflow/dags/getEmail_dag.py
[2025-03-19T00:17:33.418+0000] {logging_mixin.py:190} INFO - [2025-03-19T00:17:33.417+0000] {dag.py:3239} INFO - Sync 1 DAGs
[2025-03-19T00:17:33.427+0000] {logging_mixin.py:190} INFO - [2025-03-19T00:17:33.427+0000] {dag.py:4180} INFO - Setting next_dagrun for fetch_sevdesk_contact to None, run_after=None
[2025-03-19T00:17:33.435+0000] {processor.py:208} INFO - Processing /opt/airflow/dags/getEmail_dag.py took 0.047 seconds
[2025-03-19T00:18:04.138+0000] {processor.py:186} INFO - Started process (PID=4573) to work on /opt/airflow/dags/getEmail_dag.py
[2025-03-19T00:18:04.139+0000] {processor.py:914} INFO - Processing file /opt/airflow/dags/getEmail_dag.py for tasks to queue
[2025-03-19T00:18:04.140+0000] {logging_mixin.py:190} INFO - [2025-03-19T00:18:04.140+0000] {dagbag.py:588} INFO - Filling up the DagBag from /opt/airflow/dags/getEmail_dag.py
[2025-03-19T00:18:04.145+0000] {processor.py:925} INFO - DAG(s) 'fetch_sevdesk_contact' retrieved from /opt/airflow/dags/getEmail_dag.py
[2025-03-19T00:18:04.156+0000] {logging_mixin.py:190} INFO - [2025-03-19T00:18:04.156+0000] {dag.py:3239} INFO - Sync 1 DAGs
[2025-03-19T00:18:04.163+0000] {logging_mixin.py:190} INFO - [2025-03-19T00:18:04.163+0000] {dag.py:4180} INFO - Setting next_dagrun for fetch_sevdesk_contact to None, run_after=None
[2025-03-19T00:18:04.174+0000] {processor.py:208} INFO - Processing /opt/airflow/dags/getEmail_dag.py took 0.039 seconds
[2025-03-19T00:18:34.609+0000] {processor.py:186} INFO - Started process (PID=4645) to work on /opt/airflow/dags/getEmail_dag.py
[2025-03-19T00:18:34.613+0000] {processor.py:914} INFO - Processing file /opt/airflow/dags/getEmail_dag.py for tasks to queue
[2025-03-19T00:18:34.616+0000] {logging_mixin.py:190} INFO - [2025-03-19T00:18:34.616+0000] {dagbag.py:588} INFO - Filling up the DagBag from /opt/airflow/dags/getEmail_dag.py
[2025-03-19T00:18:34.632+0000] {processor.py:925} INFO - DAG(s) 'fetch_sevdesk_contact' retrieved from /opt/airflow/dags/getEmail_dag.py
[2025-03-19T00:18:34.670+0000] {logging_mixin.py:190} INFO - [2025-03-19T00:18:34.670+0000] {dag.py:3239} INFO - Sync 1 DAGs
[2025-03-19T00:18:34.691+0000] {logging_mixin.py:190} INFO - [2025-03-19T00:18:34.691+0000] {dag.py:4180} INFO - Setting next_dagrun for fetch_sevdesk_contact to None, run_after=None
[2025-03-19T00:18:34.724+0000] {processor.py:208} INFO - Processing /opt/airflow/dags/getEmail_dag.py took 0.127 seconds
[2025-03-19T00:19:05.372+0000] {processor.py:186} INFO - Started process (PID=4717) to work on /opt/airflow/dags/getEmail_dag.py
[2025-03-19T00:19:05.373+0000] {processor.py:914} INFO - Processing file /opt/airflow/dags/getEmail_dag.py for tasks to queue
[2025-03-19T00:19:05.374+0000] {logging_mixin.py:190} INFO - [2025-03-19T00:19:05.374+0000] {dagbag.py:588} INFO - Filling up the DagBag from /opt/airflow/dags/getEmail_dag.py
[2025-03-19T00:19:05.379+0000] {processor.py:925} INFO - DAG(s) 'fetch_sevdesk_contact' retrieved from /opt/airflow/dags/getEmail_dag.py
[2025-03-19T00:19:05.389+0000] {logging_mixin.py:190} INFO - [2025-03-19T00:19:05.389+0000] {dag.py:3239} INFO - Sync 1 DAGs
[2025-03-19T00:19:05.397+0000] {logging_mixin.py:190} INFO - [2025-03-19T00:19:05.397+0000] {dag.py:4180} INFO - Setting next_dagrun for fetch_sevdesk_contact to None, run_after=None
[2025-03-19T00:19:05.404+0000] {processor.py:208} INFO - Processing /opt/airflow/dags/getEmail_dag.py took 0.035 seconds
[2025-03-19T00:22:10.000+0000] {processor.py:186} INFO - Started process (PID=5152) to work on /opt/airflow/dags/getEmail_dag.py
[2025-03-19T00:22:10.001+0000] {processor.py:914} INFO - Processing file /opt/airflow/dags/getEmail_dag.py for tasks to queue
[2025-03-19T00:22:10.004+0000] {logging_mixin.py:190} INFO - [2025-03-19T00:22:10.003+0000] {dagbag.py:588} INFO - Filling up the DagBag from /opt/airflow/dags/getEmail_dag.py
[2025-03-19T00:22:10.012+0000] {processor.py:925} INFO - DAG(s) 'fetch_sevdesk_contact' retrieved from /opt/airflow/dags/getEmail_dag.py
[2025-03-19T00:22:10.029+0000] {logging_mixin.py:190} INFO - [2025-03-19T00:22:10.029+0000] {dag.py:3239} INFO - Sync 1 DAGs
[2025-03-19T00:22:10.039+0000] {logging_mixin.py:190} INFO - [2025-03-19T00:22:10.039+0000] {dag.py:4180} INFO - Setting next_dagrun for fetch_sevdesk_contact to None, run_after=None
[2025-03-19T00:22:10.055+0000] {processor.py:208} INFO - Processing /opt/airflow/dags/getEmail_dag.py took 0.064 seconds
