[2025-03-19T00:00:18.067+0000] {processor.py:186} INFO - Started process (PID=2093) to work on /opt/airflow/dags/hello_world.py
[2025-03-19T00:00:18.069+0000] {processor.py:914} INFO - Processing file /opt/airflow/dags/hello_world.py for tasks to queue
[2025-03-19T00:00:18.071+0000] {logging_mixin.py:190} INFO - [2025-03-19T00:00:18.070+0000] {dagbag.py:588} INFO - Filling up the DagBag from /opt/airflow/dags/hello_world.py
[2025-03-19T00:00:18.125+0000] {processor.py:925} INFO - DAG(s) 'hello_world' retrieved from /opt/airflow/dags/hello_world.py
[2025-03-19T00:00:18.171+0000] {logging_mixin.py:190} INFO - [2025-03-19T00:00:18.171+0000] {dag.py:3239} INFO - Sync 1 DAGs
[2025-03-19T00:00:18.238+0000] {logging_mixin.py:190} INFO - [2025-03-19T00:00:18.237+0000] {dag.py:4180} INFO - Setting next_dagrun for hello_world to None, run_after=None
[2025-03-19T00:00:18.268+0000] {processor.py:208} INFO - Processing /opt/airflow/dags/hello_world.py took 0.209 seconds
[2025-03-19T00:00:49.207+0000] {processor.py:186} INFO - Started process (PID=2165) to work on /opt/airflow/dags/hello_world.py
[2025-03-19T00:00:49.212+0000] {processor.py:914} INFO - Processing file /opt/airflow/dags/hello_world.py for tasks to queue
[2025-03-19T00:00:49.216+0000] {logging_mixin.py:190} INFO - [2025-03-19T00:00:49.216+0000] {dagbag.py:588} INFO - Filling up the DagBag from /opt/airflow/dags/hello_world.py
[2025-03-19T00:00:49.268+0000] {processor.py:925} INFO - DAG(s) 'hello_world' retrieved from /opt/airflow/dags/hello_world.py
[2025-03-19T00:00:49.304+0000] {logging_mixin.py:190} INFO - [2025-03-19T00:00:49.303+0000] {dag.py:3239} INFO - Sync 1 DAGs
[2025-03-19T00:00:49.337+0000] {logging_mixin.py:190} INFO - [2025-03-19T00:00:49.337+0000] {dag.py:4180} INFO - Setting next_dagrun for hello_world to None, run_after=None
[2025-03-19T00:00:49.362+0000] {processor.py:208} INFO - Processing /opt/airflow/dags/hello_world.py took 0.165 seconds
[2025-03-19T00:01:20.246+0000] {processor.py:186} INFO - Started process (PID=2236) to work on /opt/airflow/dags/hello_world.py
[2025-03-19T00:01:20.251+0000] {processor.py:914} INFO - Processing file /opt/airflow/dags/hello_world.py for tasks to queue
[2025-03-19T00:01:20.259+0000] {logging_mixin.py:190} INFO - [2025-03-19T00:01:20.258+0000] {dagbag.py:588} INFO - Filling up the DagBag from /opt/airflow/dags/hello_world.py
[2025-03-19T00:01:20.346+0000] {processor.py:925} INFO - DAG(s) 'hello_world' retrieved from /opt/airflow/dags/hello_world.py
[2025-03-19T00:01:20.472+0000] {logging_mixin.py:190} INFO - [2025-03-19T00:01:20.471+0000] {dag.py:3239} INFO - Sync 1 DAGs
[2025-03-19T00:01:20.517+0000] {logging_mixin.py:190} INFO - [2025-03-19T00:01:20.516+0000] {dag.py:4180} INFO - Setting next_dagrun for hello_world to None, run_after=None
[2025-03-19T00:01:20.564+0000] {processor.py:208} INFO - Processing /opt/airflow/dags/hello_world.py took 0.325 seconds
[2025-03-19T00:01:51.259+0000] {processor.py:186} INFO - Started process (PID=2307) to work on /opt/airflow/dags/hello_world.py
[2025-03-19T00:01:51.263+0000] {processor.py:914} INFO - Processing file /opt/airflow/dags/hello_world.py for tasks to queue
[2025-03-19T00:01:51.268+0000] {logging_mixin.py:190} INFO - [2025-03-19T00:01:51.268+0000] {dagbag.py:588} INFO - Filling up the DagBag from /opt/airflow/dags/hello_world.py
[2025-03-19T00:01:51.298+0000] {processor.py:925} INFO - DAG(s) 'hello_world' retrieved from /opt/airflow/dags/hello_world.py
[2025-03-19T00:01:51.331+0000] {logging_mixin.py:190} INFO - [2025-03-19T00:01:51.330+0000] {dag.py:3239} INFO - Sync 1 DAGs
[2025-03-19T00:01:51.375+0000] {logging_mixin.py:190} INFO - [2025-03-19T00:01:51.375+0000] {dag.py:4180} INFO - Setting next_dagrun for hello_world to None, run_after=None
[2025-03-19T00:01:51.397+0000] {processor.py:208} INFO - Processing /opt/airflow/dags/hello_world.py took 0.146 seconds
[2025-03-19T00:02:21.580+0000] {processor.py:186} INFO - Started process (PID=2379) to work on /opt/airflow/dags/hello_world.py
[2025-03-19T00:02:21.581+0000] {processor.py:914} INFO - Processing file /opt/airflow/dags/hello_world.py for tasks to queue
[2025-03-19T00:02:21.582+0000] {logging_mixin.py:190} INFO - [2025-03-19T00:02:21.582+0000] {dagbag.py:588} INFO - Filling up the DagBag from /opt/airflow/dags/hello_world.py
[2025-03-19T00:02:21.586+0000] {processor.py:925} INFO - DAG(s) 'hello_world' retrieved from /opt/airflow/dags/hello_world.py
[2025-03-19T00:02:21.596+0000] {logging_mixin.py:190} INFO - [2025-03-19T00:02:21.596+0000] {dag.py:3239} INFO - Sync 1 DAGs
[2025-03-19T00:02:21.606+0000] {logging_mixin.py:190} INFO - [2025-03-19T00:02:21.606+0000] {dag.py:4180} INFO - Setting next_dagrun for hello_world to None, run_after=None
[2025-03-19T00:02:21.612+0000] {processor.py:208} INFO - Processing /opt/airflow/dags/hello_world.py took 0.036 seconds
[2025-03-19T00:02:51.673+0000] {processor.py:186} INFO - Started process (PID=2450) to work on /opt/airflow/dags/hello_world.py
[2025-03-19T00:02:51.673+0000] {processor.py:914} INFO - Processing file /opt/airflow/dags/hello_world.py for tasks to queue
[2025-03-19T00:02:51.674+0000] {logging_mixin.py:190} INFO - [2025-03-19T00:02:51.674+0000] {dagbag.py:588} INFO - Filling up the DagBag from /opt/airflow/dags/hello_world.py
[2025-03-19T00:02:51.680+0000] {processor.py:925} INFO - DAG(s) 'hello_world' retrieved from /opt/airflow/dags/hello_world.py
[2025-03-19T00:02:51.689+0000] {logging_mixin.py:190} INFO - [2025-03-19T00:02:51.689+0000] {dag.py:3239} INFO - Sync 1 DAGs
[2025-03-19T00:02:51.699+0000] {logging_mixin.py:190} INFO - [2025-03-19T00:02:51.699+0000] {dag.py:4180} INFO - Setting next_dagrun for hello_world to None, run_after=None
[2025-03-19T00:02:51.706+0000] {processor.py:208} INFO - Processing /opt/airflow/dags/hello_world.py took 0.035 seconds
[2025-03-19T00:03:22.721+0000] {processor.py:186} INFO - Started process (PID=2518) to work on /opt/airflow/dags/hello_world.py
[2025-03-19T00:03:22.728+0000] {processor.py:914} INFO - Processing file /opt/airflow/dags/hello_world.py for tasks to queue
[2025-03-19T00:03:22.736+0000] {logging_mixin.py:190} INFO - [2025-03-19T00:03:22.735+0000] {dagbag.py:588} INFO - Filling up the DagBag from /opt/airflow/dags/hello_world.py
[2025-03-19T00:03:22.748+0000] {processor.py:925} INFO - DAG(s) 'hello_world' retrieved from /opt/airflow/dags/hello_world.py
[2025-03-19T00:03:22.840+0000] {logging_mixin.py:190} INFO - [2025-03-19T00:03:22.839+0000] {dag.py:3239} INFO - Sync 1 DAGs
[2025-03-19T00:03:22.955+0000] {logging_mixin.py:190} INFO - [2025-03-19T00:03:22.955+0000] {dag.py:4180} INFO - Setting next_dagrun for hello_world to None, run_after=None
[2025-03-19T00:03:22.983+0000] {processor.py:208} INFO - Processing /opt/airflow/dags/hello_world.py took 0.269 seconds
[2025-03-19T00:03:53.505+0000] {processor.py:186} INFO - Started process (PID=2590) to work on /opt/airflow/dags/hello_world.py
[2025-03-19T00:03:53.506+0000] {processor.py:914} INFO - Processing file /opt/airflow/dags/hello_world.py for tasks to queue
[2025-03-19T00:03:53.507+0000] {logging_mixin.py:190} INFO - [2025-03-19T00:03:53.507+0000] {dagbag.py:588} INFO - Filling up the DagBag from /opt/airflow/dags/hello_world.py
[2025-03-19T00:03:53.511+0000] {processor.py:925} INFO - DAG(s) 'hello_world' retrieved from /opt/airflow/dags/hello_world.py
[2025-03-19T00:03:53.521+0000] {logging_mixin.py:190} INFO - [2025-03-19T00:03:53.521+0000] {dag.py:3239} INFO - Sync 1 DAGs
[2025-03-19T00:03:53.530+0000] {logging_mixin.py:190} INFO - [2025-03-19T00:03:53.530+0000] {dag.py:4180} INFO - Setting next_dagrun for hello_world to None, run_after=None
[2025-03-19T00:03:53.537+0000] {processor.py:208} INFO - Processing /opt/airflow/dags/hello_world.py took 0.036 seconds
[2025-03-19T00:04:23.970+0000] {processor.py:186} INFO - Started process (PID=2662) to work on /opt/airflow/dags/hello_world.py
[2025-03-19T00:04:23.972+0000] {processor.py:914} INFO - Processing file /opt/airflow/dags/hello_world.py for tasks to queue
[2025-03-19T00:04:23.980+0000] {logging_mixin.py:190} INFO - [2025-03-19T00:04:23.979+0000] {dagbag.py:588} INFO - Filling up the DagBag from /opt/airflow/dags/hello_world.py
[2025-03-19T00:04:23.996+0000] {processor.py:925} INFO - DAG(s) 'hello_world' retrieved from /opt/airflow/dags/hello_world.py
[2025-03-19T00:04:24.042+0000] {logging_mixin.py:190} INFO - [2025-03-19T00:04:24.042+0000] {dag.py:3239} INFO - Sync 1 DAGs
[2025-03-19T00:04:24.074+0000] {logging_mixin.py:190} INFO - [2025-03-19T00:04:24.074+0000] {dag.py:4180} INFO - Setting next_dagrun for hello_world to None, run_after=None
[2025-03-19T00:04:24.127+0000] {processor.py:208} INFO - Processing /opt/airflow/dags/hello_world.py took 0.173 seconds
[2025-03-19T00:04:54.433+0000] {processor.py:186} INFO - Started process (PID=2734) to work on /opt/airflow/dags/hello_world.py
[2025-03-19T00:04:54.434+0000] {processor.py:914} INFO - Processing file /opt/airflow/dags/hello_world.py for tasks to queue
[2025-03-19T00:04:54.435+0000] {logging_mixin.py:190} INFO - [2025-03-19T00:04:54.435+0000] {dagbag.py:588} INFO - Filling up the DagBag from /opt/airflow/dags/hello_world.py
[2025-03-19T00:04:54.441+0000] {processor.py:925} INFO - DAG(s) 'hello_world' retrieved from /opt/airflow/dags/hello_world.py
[2025-03-19T00:04:54.452+0000] {logging_mixin.py:190} INFO - [2025-03-19T00:04:54.451+0000] {dag.py:3239} INFO - Sync 1 DAGs
[2025-03-19T00:04:54.464+0000] {logging_mixin.py:190} INFO - [2025-03-19T00:04:54.464+0000] {dag.py:4180} INFO - Setting next_dagrun for hello_world to None, run_after=None
[2025-03-19T00:04:54.471+0000] {processor.py:208} INFO - Processing /opt/airflow/dags/hello_world.py took 0.040 seconds
[2025-03-19T00:05:24.878+0000] {processor.py:186} INFO - Started process (PID=2806) to work on /opt/airflow/dags/hello_world.py
[2025-03-19T00:05:24.880+0000] {processor.py:914} INFO - Processing file /opt/airflow/dags/hello_world.py for tasks to queue
[2025-03-19T00:05:24.881+0000] {logging_mixin.py:190} INFO - [2025-03-19T00:05:24.881+0000] {dagbag.py:588} INFO - Filling up the DagBag from /opt/airflow/dags/hello_world.py
[2025-03-19T00:05:24.899+0000] {processor.py:925} INFO - DAG(s) 'hello_world' retrieved from /opt/airflow/dags/hello_world.py
[2025-03-19T00:05:24.922+0000] {logging_mixin.py:190} INFO - [2025-03-19T00:05:24.922+0000] {dag.py:3239} INFO - Sync 1 DAGs
[2025-03-19T00:05:24.937+0000] {logging_mixin.py:190} INFO - [2025-03-19T00:05:24.936+0000] {dag.py:4180} INFO - Setting next_dagrun for hello_world to None, run_after=None
[2025-03-19T00:05:24.962+0000] {processor.py:208} INFO - Processing /opt/airflow/dags/hello_world.py took 0.090 seconds
[2025-03-19T00:05:55.064+0000] {processor.py:186} INFO - Started process (PID=2878) to work on /opt/airflow/dags/hello_world.py
[2025-03-19T00:05:55.064+0000] {processor.py:914} INFO - Processing file /opt/airflow/dags/hello_world.py for tasks to queue
[2025-03-19T00:05:55.065+0000] {logging_mixin.py:190} INFO - [2025-03-19T00:05:55.065+0000] {dagbag.py:588} INFO - Filling up the DagBag from /opt/airflow/dags/hello_world.py
[2025-03-19T00:05:55.069+0000] {processor.py:925} INFO - DAG(s) 'hello_world' retrieved from /opt/airflow/dags/hello_world.py
[2025-03-19T00:05:55.078+0000] {logging_mixin.py:190} INFO - [2025-03-19T00:05:55.078+0000] {dag.py:3239} INFO - Sync 1 DAGs
[2025-03-19T00:05:55.086+0000] {logging_mixin.py:190} INFO - [2025-03-19T00:05:55.086+0000] {dag.py:4180} INFO - Setting next_dagrun for hello_world to None, run_after=None
[2025-03-19T00:05:55.093+0000] {processor.py:208} INFO - Processing /opt/airflow/dags/hello_world.py took 0.031 seconds
[2025-03-19T00:06:26.095+0000] {processor.py:186} INFO - Started process (PID=2950) to work on /opt/airflow/dags/hello_world.py
[2025-03-19T00:06:26.095+0000] {processor.py:914} INFO - Processing file /opt/airflow/dags/hello_world.py for tasks to queue
[2025-03-19T00:06:26.096+0000] {logging_mixin.py:190} INFO - [2025-03-19T00:06:26.096+0000] {dagbag.py:588} INFO - Filling up the DagBag from /opt/airflow/dags/hello_world.py
[2025-03-19T00:06:26.100+0000] {processor.py:925} INFO - DAG(s) 'hello_world' retrieved from /opt/airflow/dags/hello_world.py
[2025-03-19T00:06:26.108+0000] {logging_mixin.py:190} INFO - [2025-03-19T00:06:26.108+0000] {dag.py:3239} INFO - Sync 1 DAGs
[2025-03-19T00:06:26.116+0000] {logging_mixin.py:190} INFO - [2025-03-19T00:06:26.116+0000] {dag.py:4180} INFO - Setting next_dagrun for hello_world to None, run_after=None
[2025-03-19T00:06:26.213+0000] {processor.py:208} INFO - Processing /opt/airflow/dags/hello_world.py took 0.121 seconds
[2025-03-19T00:06:56.300+0000] {processor.py:186} INFO - Started process (PID=3022) to work on /opt/airflow/dags/hello_world.py
[2025-03-19T00:06:56.301+0000] {processor.py:914} INFO - Processing file /opt/airflow/dags/hello_world.py for tasks to queue
[2025-03-19T00:06:56.302+0000] {logging_mixin.py:190} INFO - [2025-03-19T00:06:56.302+0000] {dagbag.py:588} INFO - Filling up the DagBag from /opt/airflow/dags/hello_world.py
[2025-03-19T00:06:56.306+0000] {processor.py:925} INFO - DAG(s) 'hello_world' retrieved from /opt/airflow/dags/hello_world.py
[2025-03-19T00:06:56.314+0000] {logging_mixin.py:190} INFO - [2025-03-19T00:06:56.314+0000] {dag.py:3239} INFO - Sync 1 DAGs
[2025-03-19T00:06:56.325+0000] {logging_mixin.py:190} INFO - [2025-03-19T00:06:56.325+0000] {dag.py:4180} INFO - Setting next_dagrun for hello_world to None, run_after=None
[2025-03-19T00:06:56.428+0000] {processor.py:208} INFO - Processing /opt/airflow/dags/hello_world.py took 0.130 seconds
[2025-03-19T00:07:26.780+0000] {processor.py:186} INFO - Started process (PID=3100) to work on /opt/airflow/dags/hello_world.py
[2025-03-19T00:07:26.781+0000] {processor.py:914} INFO - Processing file /opt/airflow/dags/hello_world.py for tasks to queue
[2025-03-19T00:07:26.782+0000] {logging_mixin.py:190} INFO - [2025-03-19T00:07:26.782+0000] {dagbag.py:588} INFO - Filling up the DagBag from /opt/airflow/dags/hello_world.py
[2025-03-19T00:07:26.789+0000] {processor.py:925} INFO - DAG(s) 'hello_world' retrieved from /opt/airflow/dags/hello_world.py
[2025-03-19T00:07:26.806+0000] {logging_mixin.py:190} INFO - [2025-03-19T00:07:26.806+0000] {dag.py:3239} INFO - Sync 1 DAGs
[2025-03-19T00:07:26.821+0000] {logging_mixin.py:190} INFO - [2025-03-19T00:07:26.821+0000] {dag.py:4180} INFO - Setting next_dagrun for hello_world to None, run_after=None
[2025-03-19T00:07:26.834+0000] {processor.py:208} INFO - Processing /opt/airflow/dags/hello_world.py took 0.057 seconds
[2025-03-19T00:07:57.206+0000] {processor.py:186} INFO - Started process (PID=3172) to work on /opt/airflow/dags/hello_world.py
[2025-03-19T00:07:57.206+0000] {processor.py:914} INFO - Processing file /opt/airflow/dags/hello_world.py for tasks to queue
[2025-03-19T00:07:57.207+0000] {logging_mixin.py:190} INFO - [2025-03-19T00:07:57.207+0000] {dagbag.py:588} INFO - Filling up the DagBag from /opt/airflow/dags/hello_world.py
[2025-03-19T00:07:57.211+0000] {processor.py:925} INFO - DAG(s) 'hello_world' retrieved from /opt/airflow/dags/hello_world.py
[2025-03-19T00:07:57.221+0000] {logging_mixin.py:190} INFO - [2025-03-19T00:07:57.221+0000] {dag.py:3239} INFO - Sync 1 DAGs
[2025-03-19T00:07:57.234+0000] {logging_mixin.py:190} INFO - [2025-03-19T00:07:57.234+0000] {dag.py:4180} INFO - Setting next_dagrun for hello_world to None, run_after=None
[2025-03-19T00:07:57.243+0000] {processor.py:208} INFO - Processing /opt/airflow/dags/hello_world.py took 0.040 seconds
[2025-03-19T00:08:27.929+0000] {processor.py:186} INFO - Started process (PID=3244) to work on /opt/airflow/dags/hello_world.py
[2025-03-19T00:08:27.929+0000] {processor.py:914} INFO - Processing file /opt/airflow/dags/hello_world.py for tasks to queue
[2025-03-19T00:08:27.930+0000] {logging_mixin.py:190} INFO - [2025-03-19T00:08:27.930+0000] {dagbag.py:588} INFO - Filling up the DagBag from /opt/airflow/dags/hello_world.py
[2025-03-19T00:08:27.934+0000] {processor.py:925} INFO - DAG(s) 'hello_world' retrieved from /opt/airflow/dags/hello_world.py
[2025-03-19T00:08:27.943+0000] {logging_mixin.py:190} INFO - [2025-03-19T00:08:27.942+0000] {dag.py:3239} INFO - Sync 1 DAGs
[2025-03-19T00:08:27.951+0000] {logging_mixin.py:190} INFO - [2025-03-19T00:08:27.951+0000] {dag.py:4180} INFO - Setting next_dagrun for hello_world to None, run_after=None
[2025-03-19T00:08:27.956+0000] {processor.py:208} INFO - Processing /opt/airflow/dags/hello_world.py took 0.030 seconds
[2025-03-19T00:08:58.638+0000] {processor.py:186} INFO - Started process (PID=3316) to work on /opt/airflow/dags/hello_world.py
[2025-03-19T00:08:58.642+0000] {processor.py:914} INFO - Processing file /opt/airflow/dags/hello_world.py for tasks to queue
[2025-03-19T00:08:58.649+0000] {logging_mixin.py:190} INFO - [2025-03-19T00:08:58.648+0000] {dagbag.py:588} INFO - Filling up the DagBag from /opt/airflow/dags/hello_world.py
[2025-03-19T00:08:58.686+0000] {processor.py:925} INFO - DAG(s) 'hello_world' retrieved from /opt/airflow/dags/hello_world.py
[2025-03-19T00:08:58.707+0000] {logging_mixin.py:190} INFO - [2025-03-19T00:08:58.707+0000] {dag.py:3239} INFO - Sync 1 DAGs
[2025-03-19T00:08:58.731+0000] {logging_mixin.py:190} INFO - [2025-03-19T00:08:58.731+0000] {dag.py:4180} INFO - Setting next_dagrun for hello_world to None, run_after=None
[2025-03-19T00:08:58.755+0000] {processor.py:208} INFO - Processing /opt/airflow/dags/hello_world.py took 0.129 seconds
[2025-03-19T00:09:29.146+0000] {processor.py:186} INFO - Started process (PID=3388) to work on /opt/airflow/dags/hello_world.py
[2025-03-19T00:09:29.161+0000] {processor.py:914} INFO - Processing file /opt/airflow/dags/hello_world.py for tasks to queue
[2025-03-19T00:09:29.169+0000] {logging_mixin.py:190} INFO - [2025-03-19T00:09:29.168+0000] {dagbag.py:588} INFO - Filling up the DagBag from /opt/airflow/dags/hello_world.py
[2025-03-19T00:09:29.226+0000] {processor.py:925} INFO - DAG(s) 'hello_world' retrieved from /opt/airflow/dags/hello_world.py
[2025-03-19T00:09:29.265+0000] {logging_mixin.py:190} INFO - [2025-03-19T00:09:29.265+0000] {dag.py:3239} INFO - Sync 1 DAGs
[2025-03-19T00:09:29.318+0000] {logging_mixin.py:190} INFO - [2025-03-19T00:09:29.317+0000] {dag.py:4180} INFO - Setting next_dagrun for hello_world to None, run_after=None
[2025-03-19T00:09:29.355+0000] {processor.py:208} INFO - Processing /opt/airflow/dags/hello_world.py took 0.228 seconds
[2025-03-19T00:09:59.721+0000] {processor.py:186} INFO - Started process (PID=3460) to work on /opt/airflow/dags/hello_world.py
[2025-03-19T00:09:59.753+0000] {processor.py:914} INFO - Processing file /opt/airflow/dags/hello_world.py for tasks to queue
[2025-03-19T00:09:59.760+0000] {logging_mixin.py:190} INFO - [2025-03-19T00:09:59.759+0000] {dagbag.py:588} INFO - Filling up the DagBag from /opt/airflow/dags/hello_world.py
[2025-03-19T00:09:59.885+0000] {processor.py:925} INFO - DAG(s) 'hello_world' retrieved from /opt/airflow/dags/hello_world.py
[2025-03-19T00:09:59.945+0000] {logging_mixin.py:190} INFO - [2025-03-19T00:09:59.945+0000] {dag.py:3239} INFO - Sync 1 DAGs
[2025-03-19T00:10:00.028+0000] {logging_mixin.py:190} INFO - [2025-03-19T00:10:00.028+0000] {dag.py:4180} INFO - Setting next_dagrun for hello_world to None, run_after=None
[2025-03-19T00:10:00.062+0000] {processor.py:208} INFO - Processing /opt/airflow/dags/hello_world.py took 0.353 seconds
[2025-03-19T00:10:30.955+0000] {processor.py:186} INFO - Started process (PID=3532) to work on /opt/airflow/dags/hello_world.py
[2025-03-19T00:10:30.972+0000] {processor.py:914} INFO - Processing file /opt/airflow/dags/hello_world.py for tasks to queue
[2025-03-19T00:10:30.978+0000] {logging_mixin.py:190} INFO - [2025-03-19T00:10:30.978+0000] {dagbag.py:588} INFO - Filling up the DagBag from /opt/airflow/dags/hello_world.py
[2025-03-19T00:10:31.065+0000] {processor.py:925} INFO - DAG(s) 'hello_world' retrieved from /opt/airflow/dags/hello_world.py
[2025-03-19T00:10:31.121+0000] {logging_mixin.py:190} INFO - [2025-03-19T00:10:31.120+0000] {dag.py:3239} INFO - Sync 1 DAGs
[2025-03-19T00:10:31.150+0000] {logging_mixin.py:190} INFO - [2025-03-19T00:10:31.150+0000] {dag.py:4180} INFO - Setting next_dagrun for hello_world to None, run_after=None
[2025-03-19T00:10:31.175+0000] {processor.py:208} INFO - Processing /opt/airflow/dags/hello_world.py took 0.229 seconds
[2025-03-19T00:11:01.544+0000] {processor.py:186} INFO - Started process (PID=3602) to work on /opt/airflow/dags/hello_world.py
[2025-03-19T00:11:01.552+0000] {processor.py:914} INFO - Processing file /opt/airflow/dags/hello_world.py for tasks to queue
[2025-03-19T00:11:01.556+0000] {logging_mixin.py:190} INFO - [2025-03-19T00:11:01.555+0000] {dagbag.py:588} INFO - Filling up the DagBag from /opt/airflow/dags/hello_world.py
[2025-03-19T00:11:01.575+0000] {processor.py:925} INFO - DAG(s) 'hello_world' retrieved from /opt/airflow/dags/hello_world.py
[2025-03-19T00:11:01.591+0000] {logging_mixin.py:190} INFO - [2025-03-19T00:11:01.591+0000] {dag.py:3239} INFO - Sync 1 DAGs
[2025-03-19T00:11:01.618+0000] {logging_mixin.py:190} INFO - [2025-03-19T00:11:01.617+0000] {dag.py:4180} INFO - Setting next_dagrun for hello_world to None, run_after=None
[2025-03-19T00:11:01.634+0000] {processor.py:208} INFO - Processing /opt/airflow/dags/hello_world.py took 0.097 seconds
[2025-03-19T00:12:02.535+0000] {processor.py:186} INFO - Started process (PID=3746) to work on /opt/airflow/dags/hello_world.py
[2025-03-19T00:12:02.535+0000] {processor.py:914} INFO - Processing file /opt/airflow/dags/hello_world.py for tasks to queue
[2025-03-19T00:12:02.537+0000] {logging_mixin.py:190} INFO - [2025-03-19T00:12:02.537+0000] {dagbag.py:588} INFO - Filling up the DagBag from /opt/airflow/dags/hello_world.py
[2025-03-19T00:12:02.544+0000] {processor.py:925} INFO - DAG(s) 'hello_world' retrieved from /opt/airflow/dags/hello_world.py
[2025-03-19T00:12:02.567+0000] {logging_mixin.py:190} INFO - [2025-03-19T00:12:02.567+0000] {dag.py:3239} INFO - Sync 1 DAGs
[2025-03-19T00:12:02.581+0000] {logging_mixin.py:190} INFO - [2025-03-19T00:12:02.581+0000] {dag.py:4180} INFO - Setting next_dagrun for hello_world to None, run_after=None
[2025-03-19T00:12:02.595+0000] {processor.py:208} INFO - Processing /opt/airflow/dags/hello_world.py took 0.064 seconds
[2025-03-19T00:12:32.697+0000] {processor.py:186} INFO - Started process (PID=3818) to work on /opt/airflow/dags/hello_world.py
[2025-03-19T00:12:32.697+0000] {processor.py:914} INFO - Processing file /opt/airflow/dags/hello_world.py for tasks to queue
[2025-03-19T00:12:32.698+0000] {logging_mixin.py:190} INFO - [2025-03-19T00:12:32.698+0000] {dagbag.py:588} INFO - Filling up the DagBag from /opt/airflow/dags/hello_world.py
[2025-03-19T00:12:32.702+0000] {processor.py:925} INFO - DAG(s) 'hello_world' retrieved from /opt/airflow/dags/hello_world.py
[2025-03-19T00:12:32.709+0000] {logging_mixin.py:190} INFO - [2025-03-19T00:12:32.709+0000] {dag.py:3239} INFO - Sync 1 DAGs
[2025-03-19T00:12:32.717+0000] {logging_mixin.py:190} INFO - [2025-03-19T00:12:32.717+0000] {dag.py:4180} INFO - Setting next_dagrun for hello_world to None, run_after=None
[2025-03-19T00:12:32.723+0000] {processor.py:208} INFO - Processing /opt/airflow/dags/hello_world.py took 0.029 seconds
[2025-03-19T00:13:03.155+0000] {processor.py:186} INFO - Started process (PID=3890) to work on /opt/airflow/dags/hello_world.py
[2025-03-19T00:13:03.156+0000] {processor.py:914} INFO - Processing file /opt/airflow/dags/hello_world.py for tasks to queue
[2025-03-19T00:13:03.158+0000] {logging_mixin.py:190} INFO - [2025-03-19T00:13:03.158+0000] {dagbag.py:588} INFO - Filling up the DagBag from /opt/airflow/dags/hello_world.py
[2025-03-19T00:13:03.173+0000] {processor.py:925} INFO - DAG(s) 'hello_world' retrieved from /opt/airflow/dags/hello_world.py
[2025-03-19T00:13:03.200+0000] {logging_mixin.py:190} INFO - [2025-03-19T00:13:03.200+0000] {dag.py:3239} INFO - Sync 1 DAGs
[2025-03-19T00:13:03.227+0000] {logging_mixin.py:190} INFO - [2025-03-19T00:13:03.227+0000] {dag.py:4180} INFO - Setting next_dagrun for hello_world to None, run_after=None
[2025-03-19T00:13:03.249+0000] {processor.py:208} INFO - Processing /opt/airflow/dags/hello_world.py took 0.101 seconds
[2025-03-19T00:13:33.494+0000] {processor.py:186} INFO - Started process (PID=3961) to work on /opt/airflow/dags/hello_world.py
[2025-03-19T00:13:33.495+0000] {processor.py:914} INFO - Processing file /opt/airflow/dags/hello_world.py for tasks to queue
[2025-03-19T00:13:33.498+0000] {logging_mixin.py:190} INFO - [2025-03-19T00:13:33.498+0000] {dagbag.py:588} INFO - Filling up the DagBag from /opt/airflow/dags/hello_world.py
[2025-03-19T00:13:33.506+0000] {processor.py:925} INFO - DAG(s) 'hello_world' retrieved from /opt/airflow/dags/hello_world.py
[2025-03-19T00:13:33.520+0000] {logging_mixin.py:190} INFO - [2025-03-19T00:13:33.520+0000] {dag.py:3239} INFO - Sync 1 DAGs
[2025-03-19T00:13:33.535+0000] {logging_mixin.py:190} INFO - [2025-03-19T00:13:33.535+0000] {dag.py:4180} INFO - Setting next_dagrun for hello_world to None, run_after=None
[2025-03-19T00:13:33.548+0000] {processor.py:208} INFO - Processing /opt/airflow/dags/hello_world.py took 0.060 seconds
[2025-03-19T00:14:04.495+0000] {processor.py:186} INFO - Started process (PID=4033) to work on /opt/airflow/dags/hello_world.py
[2025-03-19T00:14:04.510+0000] {processor.py:914} INFO - Processing file /opt/airflow/dags/hello_world.py for tasks to queue
[2025-03-19T00:14:04.521+0000] {logging_mixin.py:190} INFO - [2025-03-19T00:14:04.521+0000] {dagbag.py:588} INFO - Filling up the DagBag from /opt/airflow/dags/hello_world.py
[2025-03-19T00:14:04.539+0000] {processor.py:925} INFO - DAG(s) 'hello_world' retrieved from /opt/airflow/dags/hello_world.py
[2025-03-19T00:14:04.591+0000] {logging_mixin.py:190} INFO - [2025-03-19T00:14:04.591+0000] {dag.py:3239} INFO - Sync 1 DAGs
[2025-03-19T00:14:04.621+0000] {logging_mixin.py:190} INFO - [2025-03-19T00:14:04.621+0000] {dag.py:4180} INFO - Setting next_dagrun for hello_world to None, run_after=None
[2025-03-19T00:14:04.637+0000] {processor.py:208} INFO - Processing /opt/airflow/dags/hello_world.py took 0.148 seconds
[2025-03-19T00:14:34.754+0000] {processor.py:186} INFO - Started process (PID=4104) to work on /opt/airflow/dags/hello_world.py
[2025-03-19T00:14:34.755+0000] {processor.py:914} INFO - Processing file /opt/airflow/dags/hello_world.py for tasks to queue
[2025-03-19T00:14:34.756+0000] {logging_mixin.py:190} INFO - [2025-03-19T00:14:34.756+0000] {dagbag.py:588} INFO - Filling up the DagBag from /opt/airflow/dags/hello_world.py
[2025-03-19T00:14:34.760+0000] {processor.py:925} INFO - DAG(s) 'hello_world' retrieved from /opt/airflow/dags/hello_world.py
[2025-03-19T00:14:34.769+0000] {logging_mixin.py:190} INFO - [2025-03-19T00:14:34.769+0000] {dag.py:3239} INFO - Sync 1 DAGs
[2025-03-19T00:14:34.778+0000] {logging_mixin.py:190} INFO - [2025-03-19T00:14:34.777+0000] {dag.py:4180} INFO - Setting next_dagrun for hello_world to None, run_after=None
[2025-03-19T00:14:34.784+0000] {processor.py:208} INFO - Processing /opt/airflow/dags/hello_world.py took 0.032 seconds
[2025-03-19T00:15:05.393+0000] {processor.py:186} INFO - Started process (PID=4176) to work on /opt/airflow/dags/hello_world.py
[2025-03-19T00:15:05.396+0000] {processor.py:914} INFO - Processing file /opt/airflow/dags/hello_world.py for tasks to queue
[2025-03-19T00:15:05.398+0000] {logging_mixin.py:190} INFO - [2025-03-19T00:15:05.398+0000] {dagbag.py:588} INFO - Filling up the DagBag from /opt/airflow/dags/hello_world.py
[2025-03-19T00:15:05.402+0000] {processor.py:925} INFO - DAG(s) 'hello_world' retrieved from /opt/airflow/dags/hello_world.py
[2025-03-19T00:15:05.410+0000] {logging_mixin.py:190} INFO - [2025-03-19T00:15:05.410+0000] {dag.py:3239} INFO - Sync 1 DAGs
[2025-03-19T00:15:05.422+0000] {logging_mixin.py:190} INFO - [2025-03-19T00:15:05.422+0000] {dag.py:4180} INFO - Setting next_dagrun for hello_world to None, run_after=None
[2025-03-19T00:15:05.429+0000] {processor.py:208} INFO - Processing /opt/airflow/dags/hello_world.py took 0.039 seconds
[2025-03-19T00:15:36.625+0000] {processor.py:186} INFO - Started process (PID=4248) to work on /opt/airflow/dags/hello_world.py
[2025-03-19T00:15:36.627+0000] {processor.py:914} INFO - Processing file /opt/airflow/dags/hello_world.py for tasks to queue
[2025-03-19T00:15:36.635+0000] {logging_mixin.py:190} INFO - [2025-03-19T00:15:36.635+0000] {dagbag.py:588} INFO - Filling up the DagBag from /opt/airflow/dags/hello_world.py
[2025-03-19T00:15:36.650+0000] {processor.py:925} INFO - DAG(s) 'hello_world' retrieved from /opt/airflow/dags/hello_world.py
[2025-03-19T00:15:36.687+0000] {logging_mixin.py:190} INFO - [2025-03-19T00:15:36.687+0000] {dag.py:3239} INFO - Sync 1 DAGs
[2025-03-19T00:15:36.738+0000] {logging_mixin.py:190} INFO - [2025-03-19T00:15:36.738+0000] {dag.py:4180} INFO - Setting next_dagrun for hello_world to None, run_after=None
[2025-03-19T00:15:36.777+0000] {processor.py:208} INFO - Processing /opt/airflow/dags/hello_world.py took 0.165 seconds
[2025-03-19T00:16:07.503+0000] {processor.py:186} INFO - Started process (PID=4319) to work on /opt/airflow/dags/hello_world.py
[2025-03-19T00:16:07.506+0000] {processor.py:914} INFO - Processing file /opt/airflow/dags/hello_world.py for tasks to queue
[2025-03-19T00:16:07.510+0000] {logging_mixin.py:190} INFO - [2025-03-19T00:16:07.509+0000] {dagbag.py:588} INFO - Filling up the DagBag from /opt/airflow/dags/hello_world.py
[2025-03-19T00:16:07.517+0000] {processor.py:925} INFO - DAG(s) 'hello_world' retrieved from /opt/airflow/dags/hello_world.py
[2025-03-19T00:16:07.595+0000] {logging_mixin.py:190} INFO - [2025-03-19T00:16:07.595+0000] {dag.py:3239} INFO - Sync 1 DAGs
[2025-03-19T00:16:07.652+0000] {logging_mixin.py:190} INFO - [2025-03-19T00:16:07.651+0000] {dag.py:4180} INFO - Setting next_dagrun for hello_world to None, run_after=None
[2025-03-19T00:16:07.711+0000] {processor.py:208} INFO - Processing /opt/airflow/dags/hello_world.py took 0.219 seconds
[2025-03-19T00:16:39.410+0000] {processor.py:186} INFO - Started process (PID=4391) to work on /opt/airflow/dags/hello_world.py
[2025-03-19T00:16:39.412+0000] {processor.py:914} INFO - Processing file /opt/airflow/dags/hello_world.py for tasks to queue
[2025-03-19T00:16:39.421+0000] {logging_mixin.py:190} INFO - [2025-03-19T00:16:39.420+0000] {dagbag.py:588} INFO - Filling up the DagBag from /opt/airflow/dags/hello_world.py
[2025-03-19T00:16:39.447+0000] {processor.py:925} INFO - DAG(s) 'hello_world' retrieved from /opt/airflow/dags/hello_world.py
[2025-03-19T00:16:39.482+0000] {logging_mixin.py:190} INFO - [2025-03-19T00:16:39.482+0000] {dag.py:3239} INFO - Sync 1 DAGs
[2025-03-19T00:16:39.539+0000] {logging_mixin.py:190} INFO - [2025-03-19T00:16:39.538+0000] {dag.py:4180} INFO - Setting next_dagrun for hello_world to None, run_after=None
[2025-03-19T00:16:39.579+0000] {processor.py:208} INFO - Processing /opt/airflow/dags/hello_world.py took 0.206 seconds
[2025-03-19T00:17:09.918+0000] {processor.py:186} INFO - Started process (PID=4462) to work on /opt/airflow/dags/hello_world.py
[2025-03-19T00:17:09.922+0000] {processor.py:914} INFO - Processing file /opt/airflow/dags/hello_world.py for tasks to queue
[2025-03-19T00:17:09.935+0000] {logging_mixin.py:190} INFO - [2025-03-19T00:17:09.935+0000] {dagbag.py:588} INFO - Filling up the DagBag from /opt/airflow/dags/hello_world.py
[2025-03-19T00:17:10.017+0000] {processor.py:925} INFO - DAG(s) 'hello_world' retrieved from /opt/airflow/dags/hello_world.py
[2025-03-19T00:17:10.087+0000] {logging_mixin.py:190} INFO - [2025-03-19T00:17:10.086+0000] {dag.py:3239} INFO - Sync 1 DAGs
[2025-03-19T00:17:10.130+0000] {logging_mixin.py:190} INFO - [2025-03-19T00:17:10.130+0000] {dag.py:4180} INFO - Setting next_dagrun for hello_world to None, run_after=None
[2025-03-19T00:17:10.159+0000] {processor.py:208} INFO - Processing /opt/airflow/dags/hello_world.py took 0.253 seconds
[2025-03-19T00:17:40.461+0000] {processor.py:186} INFO - Started process (PID=4534) to work on /opt/airflow/dags/hello_world.py
[2025-03-19T00:17:40.463+0000] {processor.py:914} INFO - Processing file /opt/airflow/dags/hello_world.py for tasks to queue
[2025-03-19T00:17:40.470+0000] {logging_mixin.py:190} INFO - [2025-03-19T00:17:40.470+0000] {dagbag.py:588} INFO - Filling up the DagBag from /opt/airflow/dags/hello_world.py
[2025-03-19T00:17:40.503+0000] {processor.py:925} INFO - DAG(s) 'hello_world' retrieved from /opt/airflow/dags/hello_world.py
[2025-03-19T00:17:40.532+0000] {logging_mixin.py:190} INFO - [2025-03-19T00:17:40.531+0000] {dag.py:3239} INFO - Sync 1 DAGs
[2025-03-19T00:17:40.576+0000] {logging_mixin.py:190} INFO - [2025-03-19T00:17:40.576+0000] {dag.py:4180} INFO - Setting next_dagrun for hello_world to None, run_after=None
[2025-03-19T00:17:40.635+0000] {processor.py:208} INFO - Processing /opt/airflow/dags/hello_world.py took 0.185 seconds
[2025-03-19T00:18:10.951+0000] {processor.py:186} INFO - Started process (PID=4605) to work on /opt/airflow/dags/hello_world.py
[2025-03-19T00:18:10.956+0000] {processor.py:914} INFO - Processing file /opt/airflow/dags/hello_world.py for tasks to queue
[2025-03-19T00:18:10.969+0000] {logging_mixin.py:190} INFO - [2025-03-19T00:18:10.968+0000] {dagbag.py:588} INFO - Filling up the DagBag from /opt/airflow/dags/hello_world.py
[2025-03-19T00:18:11.042+0000] {processor.py:925} INFO - DAG(s) 'hello_world' retrieved from /opt/airflow/dags/hello_world.py
[2025-03-19T00:18:11.096+0000] {logging_mixin.py:190} INFO - [2025-03-19T00:18:11.096+0000] {dag.py:3239} INFO - Sync 1 DAGs
[2025-03-19T00:18:11.136+0000] {logging_mixin.py:190} INFO - [2025-03-19T00:18:11.135+0000] {dag.py:4180} INFO - Setting next_dagrun for hello_world to None, run_after=None
[2025-03-19T00:18:11.167+0000] {processor.py:208} INFO - Processing /opt/airflow/dags/hello_world.py took 0.227 seconds
[2025-03-19T00:18:41.490+0000] {processor.py:186} INFO - Started process (PID=4677) to work on /opt/airflow/dags/hello_world.py
[2025-03-19T00:18:41.491+0000] {processor.py:914} INFO - Processing file /opt/airflow/dags/hello_world.py for tasks to queue
[2025-03-19T00:18:41.500+0000] {logging_mixin.py:190} INFO - [2025-03-19T00:18:41.499+0000] {dagbag.py:588} INFO - Filling up the DagBag from /opt/airflow/dags/hello_world.py
[2025-03-19T00:18:41.525+0000] {processor.py:925} INFO - DAG(s) 'hello_world' retrieved from /opt/airflow/dags/hello_world.py
[2025-03-19T00:18:41.579+0000] {logging_mixin.py:190} INFO - [2025-03-19T00:18:41.579+0000] {dag.py:3239} INFO - Sync 1 DAGs
[2025-03-19T00:18:41.641+0000] {logging_mixin.py:190} INFO - [2025-03-19T00:18:41.640+0000] {dag.py:4180} INFO - Setting next_dagrun for hello_world to None, run_after=None
[2025-03-19T00:18:41.662+0000] {processor.py:208} INFO - Processing /opt/airflow/dags/hello_world.py took 0.192 seconds
[2025-03-19T00:19:11.771+0000] {processor.py:186} INFO - Started process (PID=4749) to work on /opt/airflow/dags/hello_world.py
[2025-03-19T00:19:11.771+0000] {processor.py:914} INFO - Processing file /opt/airflow/dags/hello_world.py for tasks to queue
[2025-03-19T00:19:11.772+0000] {logging_mixin.py:190} INFO - [2025-03-19T00:19:11.772+0000] {dagbag.py:588} INFO - Filling up the DagBag from /opt/airflow/dags/hello_world.py
[2025-03-19T00:19:11.776+0000] {processor.py:925} INFO - DAG(s) 'hello_world' retrieved from /opt/airflow/dags/hello_world.py
[2025-03-19T00:19:11.784+0000] {logging_mixin.py:190} INFO - [2025-03-19T00:19:11.784+0000] {dag.py:3239} INFO - Sync 1 DAGs
[2025-03-19T00:19:11.792+0000] {logging_mixin.py:190} INFO - [2025-03-19T00:19:11.792+0000] {dag.py:4180} INFO - Setting next_dagrun for hello_world to None, run_after=None
[2025-03-19T00:19:11.797+0000] {processor.py:208} INFO - Processing /opt/airflow/dags/hello_world.py took 0.029 seconds
