[2025-03-19T00:00:12.105+0000] {processor.py:186} INFO - Started process (PID=2082) to work on /opt/airflow/dags/postToHubspot.py
[2025-03-19T00:00:12.106+0000] {processor.py:914} INFO - Processing file /opt/airflow/dags/postToHubspot.py for tasks to queue
[2025-03-19T00:00:12.109+0000] {logging_mixin.py:190} INFO - [2025-03-19T00:00:12.109+0000] {dagbag.py:588} INFO - Filling up the DagBag from /opt/airflow/dags/postToHubspot.py
[2025-03-19T00:00:12.128+0000] {processor.py:925} INFO - DAG(s) 'sevdesk_to_hubspot_sync' retrieved from /opt/airflow/dags/postToHubspot.py
[2025-03-19T00:00:12.170+0000] {logging_mixin.py:190} INFO - [2025-03-19T00:00:12.170+0000] {dag.py:3239} INFO - Sync 1 DAGs
[2025-03-19T00:00:12.195+0000] {logging_mixin.py:190} INFO - [2025-03-19T00:00:12.195+0000] {dag.py:4180} INFO - Setting next_dagrun for sevdesk_to_hubspot_sync to None, run_after=None
[2025-03-19T00:00:12.244+0000] {processor.py:208} INFO - Processing /opt/airflow/dags/postToHubspot.py took 0.148 seconds
[2025-03-19T00:00:43.099+0000] {processor.py:186} INFO - Started process (PID=2154) to work on /opt/airflow/dags/postToHubspot.py
[2025-03-19T00:00:43.101+0000] {processor.py:914} INFO - Processing file /opt/airflow/dags/postToHubspot.py for tasks to queue
[2025-03-19T00:00:43.109+0000] {logging_mixin.py:190} INFO - [2025-03-19T00:00:43.106+0000] {dagbag.py:588} INFO - Filling up the DagBag from /opt/airflow/dags/postToHubspot.py
[2025-03-19T00:00:43.145+0000] {processor.py:925} INFO - DAG(s) 'sevdesk_to_hubspot_sync' retrieved from /opt/airflow/dags/postToHubspot.py
[2025-03-19T00:00:43.229+0000] {logging_mixin.py:190} INFO - [2025-03-19T00:00:43.228+0000] {dag.py:3239} INFO - Sync 1 DAGs
[2025-03-19T00:00:43.427+0000] {logging_mixin.py:190} INFO - [2025-03-19T00:00:43.426+0000] {dag.py:4180} INFO - Setting next_dagrun for sevdesk_to_hubspot_sync to None, run_after=None
[2025-03-19T00:00:43.502+0000] {processor.py:208} INFO - Processing /opt/airflow/dags/postToHubspot.py took 0.411 seconds
[2025-03-19T00:01:14.318+0000] {processor.py:186} INFO - Started process (PID=2225) to work on /opt/airflow/dags/postToHubspot.py
[2025-03-19T00:01:14.319+0000] {processor.py:914} INFO - Processing file /opt/airflow/dags/postToHubspot.py for tasks to queue
[2025-03-19T00:01:14.320+0000] {logging_mixin.py:190} INFO - [2025-03-19T00:01:14.320+0000] {dagbag.py:588} INFO - Filling up the DagBag from /opt/airflow/dags/postToHubspot.py
[2025-03-19T00:01:14.327+0000] {processor.py:925} INFO - DAG(s) 'sevdesk_to_hubspot_sync' retrieved from /opt/airflow/dags/postToHubspot.py
[2025-03-19T00:01:14.338+0000] {logging_mixin.py:190} INFO - [2025-03-19T00:01:14.338+0000] {dag.py:3239} INFO - Sync 1 DAGs
[2025-03-19T00:01:14.346+0000] {logging_mixin.py:190} INFO - [2025-03-19T00:01:14.346+0000] {dag.py:4180} INFO - Setting next_dagrun for sevdesk_to_hubspot_sync to None, run_after=None
[2025-03-19T00:01:14.353+0000] {processor.py:208} INFO - Processing /opt/airflow/dags/postToHubspot.py took 0.040 seconds
[2025-03-19T00:01:44.610+0000] {processor.py:186} INFO - Started process (PID=2297) to work on /opt/airflow/dags/postToHubspot.py
[2025-03-19T00:01:44.639+0000] {processor.py:914} INFO - Processing file /opt/airflow/dags/postToHubspot.py for tasks to queue
[2025-03-19T00:01:44.644+0000] {logging_mixin.py:190} INFO - [2025-03-19T00:01:44.644+0000] {dagbag.py:588} INFO - Filling up the DagBag from /opt/airflow/dags/postToHubspot.py
[2025-03-19T00:01:44.700+0000] {processor.py:925} INFO - DAG(s) 'sevdesk_to_hubspot_sync' retrieved from /opt/airflow/dags/postToHubspot.py
[2025-03-19T00:01:44.765+0000] {logging_mixin.py:190} INFO - [2025-03-19T00:01:44.764+0000] {dag.py:3239} INFO - Sync 1 DAGs
[2025-03-19T00:01:44.819+0000] {logging_mixin.py:190} INFO - [2025-03-19T00:01:44.819+0000] {dag.py:4180} INFO - Setting next_dagrun for sevdesk_to_hubspot_sync to None, run_after=None
[2025-03-19T00:01:44.868+0000] {processor.py:208} INFO - Processing /opt/airflow/dags/postToHubspot.py took 0.267 seconds
[2025-03-19T00:02:15.470+0000] {processor.py:186} INFO - Started process (PID=2369) to work on /opt/airflow/dags/postToHubspot.py
[2025-03-19T00:02:15.487+0000] {processor.py:914} INFO - Processing file /opt/airflow/dags/postToHubspot.py for tasks to queue
[2025-03-19T00:02:15.492+0000] {logging_mixin.py:190} INFO - [2025-03-19T00:02:15.492+0000] {dagbag.py:588} INFO - Filling up the DagBag from /opt/airflow/dags/postToHubspot.py
[2025-03-19T00:02:15.527+0000] {processor.py:925} INFO - DAG(s) 'sevdesk_to_hubspot_sync' retrieved from /opt/airflow/dags/postToHubspot.py
[2025-03-19T00:02:15.660+0000] {logging_mixin.py:190} INFO - [2025-03-19T00:02:15.659+0000] {dag.py:3239} INFO - Sync 1 DAGs
[2025-03-19T00:02:15.697+0000] {logging_mixin.py:190} INFO - [2025-03-19T00:02:15.697+0000] {dag.py:4180} INFO - Setting next_dagrun for sevdesk_to_hubspot_sync to None, run_after=None
[2025-03-19T00:02:15.746+0000] {processor.py:208} INFO - Processing /opt/airflow/dags/postToHubspot.py took 0.287 seconds
[2025-03-19T00:02:46.650+0000] {processor.py:186} INFO - Started process (PID=2440) to work on /opt/airflow/dags/postToHubspot.py
[2025-03-19T00:02:46.652+0000] {processor.py:914} INFO - Processing file /opt/airflow/dags/postToHubspot.py for tasks to queue
[2025-03-19T00:02:46.664+0000] {logging_mixin.py:190} INFO - [2025-03-19T00:02:46.659+0000] {dagbag.py:588} INFO - Filling up the DagBag from /opt/airflow/dags/postToHubspot.py
[2025-03-19T00:02:46.722+0000] {processor.py:925} INFO - DAG(s) 'sevdesk_to_hubspot_sync' retrieved from /opt/airflow/dags/postToHubspot.py
[2025-03-19T00:02:46.748+0000] {logging_mixin.py:190} INFO - [2025-03-19T00:02:46.748+0000] {dag.py:3239} INFO - Sync 1 DAGs
[2025-03-19T00:02:46.783+0000] {logging_mixin.py:190} INFO - [2025-03-19T00:02:46.783+0000] {dag.py:4180} INFO - Setting next_dagrun for sevdesk_to_hubspot_sync to None, run_after=None
[2025-03-19T00:02:46.809+0000] {processor.py:208} INFO - Processing /opt/airflow/dags/postToHubspot.py took 0.170 seconds
[2025-03-19T00:03:17.114+0000] {processor.py:186} INFO - Started process (PID=2512) to work on /opt/airflow/dags/postToHubspot.py
[2025-03-19T00:03:17.115+0000] {processor.py:914} INFO - Processing file /opt/airflow/dags/postToHubspot.py for tasks to queue
[2025-03-19T00:03:17.117+0000] {logging_mixin.py:190} INFO - [2025-03-19T00:03:17.116+0000] {dagbag.py:588} INFO - Filling up the DagBag from /opt/airflow/dags/postToHubspot.py
[2025-03-19T00:03:17.125+0000] {processor.py:925} INFO - DAG(s) 'sevdesk_to_hubspot_sync' retrieved from /opt/airflow/dags/postToHubspot.py
[2025-03-19T00:03:17.137+0000] {logging_mixin.py:190} INFO - [2025-03-19T00:03:17.137+0000] {dag.py:3239} INFO - Sync 1 DAGs
[2025-03-19T00:03:17.144+0000] {logging_mixin.py:190} INFO - [2025-03-19T00:03:17.144+0000] {dag.py:4180} INFO - Setting next_dagrun for sevdesk_to_hubspot_sync to None, run_after=None
[2025-03-19T00:03:17.151+0000] {processor.py:208} INFO - Processing /opt/airflow/dags/postToHubspot.py took 0.043 seconds
[2025-03-19T00:03:47.971+0000] {processor.py:186} INFO - Started process (PID=2584) to work on /opt/airflow/dags/postToHubspot.py
[2025-03-19T00:03:47.978+0000] {processor.py:914} INFO - Processing file /opt/airflow/dags/postToHubspot.py for tasks to queue
[2025-03-19T00:03:47.992+0000] {logging_mixin.py:190} INFO - [2025-03-19T00:03:47.992+0000] {dagbag.py:588} INFO - Filling up the DagBag from /opt/airflow/dags/postToHubspot.py
[2025-03-19T00:03:48.033+0000] {processor.py:925} INFO - DAG(s) 'sevdesk_to_hubspot_sync' retrieved from /opt/airflow/dags/postToHubspot.py
[2025-03-19T00:03:48.096+0000] {logging_mixin.py:190} INFO - [2025-03-19T00:03:48.095+0000] {dag.py:3239} INFO - Sync 1 DAGs
[2025-03-19T00:03:48.140+0000] {logging_mixin.py:190} INFO - [2025-03-19T00:03:48.139+0000] {dag.py:4180} INFO - Setting next_dagrun for sevdesk_to_hubspot_sync to None, run_after=None
[2025-03-19T00:03:48.163+0000] {processor.py:208} INFO - Processing /opt/airflow/dags/postToHubspot.py took 0.208 seconds
[2025-03-19T00:04:18.566+0000] {processor.py:186} INFO - Started process (PID=2656) to work on /opt/airflow/dags/postToHubspot.py
[2025-03-19T00:04:18.567+0000] {processor.py:914} INFO - Processing file /opt/airflow/dags/postToHubspot.py for tasks to queue
[2025-03-19T00:04:18.569+0000] {logging_mixin.py:190} INFO - [2025-03-19T00:04:18.569+0000] {dagbag.py:588} INFO - Filling up the DagBag from /opt/airflow/dags/postToHubspot.py
[2025-03-19T00:04:18.576+0000] {processor.py:925} INFO - DAG(s) 'sevdesk_to_hubspot_sync' retrieved from /opt/airflow/dags/postToHubspot.py
[2025-03-19T00:04:18.591+0000] {logging_mixin.py:190} INFO - [2025-03-19T00:04:18.591+0000] {dag.py:3239} INFO - Sync 1 DAGs
[2025-03-19T00:04:18.598+0000] {logging_mixin.py:190} INFO - [2025-03-19T00:04:18.598+0000] {dag.py:4180} INFO - Setting next_dagrun for sevdesk_to_hubspot_sync to None, run_after=None
[2025-03-19T00:04:18.605+0000] {processor.py:208} INFO - Processing /opt/airflow/dags/postToHubspot.py took 0.045 seconds
[2025-03-19T00:04:49.111+0000] {processor.py:186} INFO - Started process (PID=2728) to work on /opt/airflow/dags/postToHubspot.py
[2025-03-19T00:04:49.111+0000] {processor.py:914} INFO - Processing file /opt/airflow/dags/postToHubspot.py for tasks to queue
[2025-03-19T00:04:49.114+0000] {logging_mixin.py:190} INFO - [2025-03-19T00:04:49.114+0000] {dagbag.py:588} INFO - Filling up the DagBag from /opt/airflow/dags/postToHubspot.py
[2025-03-19T00:04:49.121+0000] {processor.py:925} INFO - DAG(s) 'sevdesk_to_hubspot_sync' retrieved from /opt/airflow/dags/postToHubspot.py
[2025-03-19T00:04:49.137+0000] {logging_mixin.py:190} INFO - [2025-03-19T00:04:49.136+0000] {dag.py:3239} INFO - Sync 1 DAGs
[2025-03-19T00:04:49.152+0000] {logging_mixin.py:190} INFO - [2025-03-19T00:04:49.152+0000] {dag.py:4180} INFO - Setting next_dagrun for sevdesk_to_hubspot_sync to None, run_after=None
[2025-03-19T00:04:49.175+0000] {processor.py:208} INFO - Processing /opt/airflow/dags/postToHubspot.py took 0.070 seconds
[2025-03-19T00:05:19.435+0000] {processor.py:186} INFO - Started process (PID=2800) to work on /opt/airflow/dags/postToHubspot.py
[2025-03-19T00:05:19.436+0000] {processor.py:914} INFO - Processing file /opt/airflow/dags/postToHubspot.py for tasks to queue
[2025-03-19T00:05:19.437+0000] {logging_mixin.py:190} INFO - [2025-03-19T00:05:19.437+0000] {dagbag.py:588} INFO - Filling up the DagBag from /opt/airflow/dags/postToHubspot.py
[2025-03-19T00:05:19.445+0000] {processor.py:925} INFO - DAG(s) 'sevdesk_to_hubspot_sync' retrieved from /opt/airflow/dags/postToHubspot.py
[2025-03-19T00:05:19.457+0000] {logging_mixin.py:190} INFO - [2025-03-19T00:05:19.457+0000] {dag.py:3239} INFO - Sync 1 DAGs
[2025-03-19T00:05:19.464+0000] {logging_mixin.py:190} INFO - [2025-03-19T00:05:19.464+0000] {dag.py:4180} INFO - Setting next_dagrun for sevdesk_to_hubspot_sync to None, run_after=None
[2025-03-19T00:05:19.471+0000] {processor.py:208} INFO - Processing /opt/airflow/dags/postToHubspot.py took 0.041 seconds
[2025-03-19T00:05:49.515+0000] {processor.py:186} INFO - Started process (PID=2872) to work on /opt/airflow/dags/postToHubspot.py
[2025-03-19T00:05:49.516+0000] {processor.py:914} INFO - Processing file /opt/airflow/dags/postToHubspot.py for tasks to queue
[2025-03-19T00:05:49.517+0000] {logging_mixin.py:190} INFO - [2025-03-19T00:05:49.517+0000] {dagbag.py:588} INFO - Filling up the DagBag from /opt/airflow/dags/postToHubspot.py
[2025-03-19T00:05:49.522+0000] {processor.py:925} INFO - DAG(s) 'sevdesk_to_hubspot_sync' retrieved from /opt/airflow/dags/postToHubspot.py
[2025-03-19T00:05:49.532+0000] {logging_mixin.py:190} INFO - [2025-03-19T00:05:49.531+0000] {dag.py:3239} INFO - Sync 1 DAGs
[2025-03-19T00:05:49.538+0000] {logging_mixin.py:190} INFO - [2025-03-19T00:05:49.538+0000] {dag.py:4180} INFO - Setting next_dagrun for sevdesk_to_hubspot_sync to None, run_after=None
[2025-03-19T00:05:49.549+0000] {processor.py:208} INFO - Processing /opt/airflow/dags/postToHubspot.py took 0.038 seconds
[2025-03-19T00:06:19.667+0000] {processor.py:186} INFO - Started process (PID=2944) to work on /opt/airflow/dags/postToHubspot.py
[2025-03-19T00:06:19.669+0000] {processor.py:914} INFO - Processing file /opt/airflow/dags/postToHubspot.py for tasks to queue
[2025-03-19T00:06:19.676+0000] {logging_mixin.py:190} INFO - [2025-03-19T00:06:19.676+0000] {dagbag.py:588} INFO - Filling up the DagBag from /opt/airflow/dags/postToHubspot.py
[2025-03-19T00:06:19.687+0000] {processor.py:925} INFO - DAG(s) 'sevdesk_to_hubspot_sync' retrieved from /opt/airflow/dags/postToHubspot.py
[2025-03-19T00:06:19.725+0000] {logging_mixin.py:190} INFO - [2025-03-19T00:06:19.725+0000] {dag.py:3239} INFO - Sync 1 DAGs
[2025-03-19T00:06:19.754+0000] {logging_mixin.py:190} INFO - [2025-03-19T00:06:19.754+0000] {dag.py:4180} INFO - Setting next_dagrun for sevdesk_to_hubspot_sync to None, run_after=None
[2025-03-19T00:06:19.794+0000] {processor.py:208} INFO - Processing /opt/airflow/dags/postToHubspot.py took 0.133 seconds
[2025-03-19T00:06:50.745+0000] {processor.py:186} INFO - Started process (PID=3016) to work on /opt/airflow/dags/postToHubspot.py
[2025-03-19T00:06:50.746+0000] {processor.py:914} INFO - Processing file /opt/airflow/dags/postToHubspot.py for tasks to queue
[2025-03-19T00:06:50.748+0000] {logging_mixin.py:190} INFO - [2025-03-19T00:06:50.747+0000] {dagbag.py:588} INFO - Filling up the DagBag from /opt/airflow/dags/postToHubspot.py
[2025-03-19T00:06:50.755+0000] {processor.py:925} INFO - DAG(s) 'sevdesk_to_hubspot_sync' retrieved from /opt/airflow/dags/postToHubspot.py
[2025-03-19T00:06:50.768+0000] {logging_mixin.py:190} INFO - [2025-03-19T00:06:50.768+0000] {dag.py:3239} INFO - Sync 1 DAGs
[2025-03-19T00:06:50.779+0000] {logging_mixin.py:190} INFO - [2025-03-19T00:06:50.779+0000] {dag.py:4180} INFO - Setting next_dagrun for sevdesk_to_hubspot_sync to None, run_after=None
[2025-03-19T00:06:50.789+0000] {processor.py:208} INFO - Processing /opt/airflow/dags/postToHubspot.py took 0.050 seconds
[2025-03-19T00:07:21.697+0000] {processor.py:186} INFO - Started process (PID=3088) to work on /opt/airflow/dags/postToHubspot.py
[2025-03-19T00:07:21.726+0000] {processor.py:914} INFO - Processing file /opt/airflow/dags/postToHubspot.py for tasks to queue
[2025-03-19T00:07:21.739+0000] {logging_mixin.py:190} INFO - [2025-03-19T00:07:21.736+0000] {dagbag.py:588} INFO - Filling up the DagBag from /opt/airflow/dags/postToHubspot.py
[2025-03-19T00:07:21.814+0000] {processor.py:925} INFO - DAG(s) 'sevdesk_to_hubspot_sync' retrieved from /opt/airflow/dags/postToHubspot.py
[2025-03-19T00:07:21.937+0000] {logging_mixin.py:190} INFO - [2025-03-19T00:07:21.937+0000] {dag.py:3239} INFO - Sync 1 DAGs
[2025-03-19T00:07:22.000+0000] {logging_mixin.py:190} INFO - [2025-03-19T00:07:21.998+0000] {dag.py:4180} INFO - Setting next_dagrun for sevdesk_to_hubspot_sync to None, run_after=None
[2025-03-19T00:07:22.061+0000] {processor.py:208} INFO - Processing /opt/airflow/dags/postToHubspot.py took 0.376 seconds
[2025-03-19T00:07:52.873+0000] {processor.py:186} INFO - Started process (PID=3160) to work on /opt/airflow/dags/postToHubspot.py
[2025-03-19T00:07:52.876+0000] {processor.py:914} INFO - Processing file /opt/airflow/dags/postToHubspot.py for tasks to queue
[2025-03-19T00:07:52.880+0000] {logging_mixin.py:190} INFO - [2025-03-19T00:07:52.880+0000] {dagbag.py:588} INFO - Filling up the DagBag from /opt/airflow/dags/postToHubspot.py
[2025-03-19T00:07:52.908+0000] {processor.py:925} INFO - DAG(s) 'sevdesk_to_hubspot_sync' retrieved from /opt/airflow/dags/postToHubspot.py
[2025-03-19T00:07:52.954+0000] {logging_mixin.py:190} INFO - [2025-03-19T00:07:52.954+0000] {dag.py:3239} INFO - Sync 1 DAGs
[2025-03-19T00:07:53.020+0000] {logging_mixin.py:190} INFO - [2025-03-19T00:07:53.018+0000] {dag.py:4180} INFO - Setting next_dagrun for sevdesk_to_hubspot_sync to None, run_after=None
[2025-03-19T00:07:53.202+0000] {processor.py:208} INFO - Processing /opt/airflow/dags/postToHubspot.py took 0.338 seconds
[2025-03-19T00:08:23.661+0000] {processor.py:186} INFO - Started process (PID=3232) to work on /opt/airflow/dags/postToHubspot.py
[2025-03-19T00:08:23.677+0000] {processor.py:914} INFO - Processing file /opt/airflow/dags/postToHubspot.py for tasks to queue
[2025-03-19T00:08:23.688+0000] {logging_mixin.py:190} INFO - [2025-03-19T00:08:23.688+0000] {dagbag.py:588} INFO - Filling up the DagBag from /opt/airflow/dags/postToHubspot.py
[2025-03-19T00:08:23.708+0000] {processor.py:925} INFO - DAG(s) 'sevdesk_to_hubspot_sync' retrieved from /opt/airflow/dags/postToHubspot.py
[2025-03-19T00:08:23.731+0000] {logging_mixin.py:190} INFO - [2025-03-19T00:08:23.731+0000] {dag.py:3239} INFO - Sync 1 DAGs
[2025-03-19T00:08:23.750+0000] {logging_mixin.py:190} INFO - [2025-03-19T00:08:23.750+0000] {dag.py:4180} INFO - Setting next_dagrun for sevdesk_to_hubspot_sync to None, run_after=None
[2025-03-19T00:08:23.777+0000] {processor.py:208} INFO - Processing /opt/airflow/dags/postToHubspot.py took 0.123 seconds
[2025-03-19T00:08:54.002+0000] {processor.py:186} INFO - Started process (PID=3304) to work on /opt/airflow/dags/postToHubspot.py
[2025-03-19T00:08:54.003+0000] {processor.py:914} INFO - Processing file /opt/airflow/dags/postToHubspot.py for tasks to queue
[2025-03-19T00:08:54.010+0000] {logging_mixin.py:190} INFO - [2025-03-19T00:08:54.008+0000] {dagbag.py:588} INFO - Filling up the DagBag from /opt/airflow/dags/postToHubspot.py
[2025-03-19T00:08:54.024+0000] {processor.py:925} INFO - DAG(s) 'sevdesk_to_hubspot_sync' retrieved from /opt/airflow/dags/postToHubspot.py
[2025-03-19T00:08:54.045+0000] {logging_mixin.py:190} INFO - [2025-03-19T00:08:54.045+0000] {dag.py:3239} INFO - Sync 1 DAGs
[2025-03-19T00:08:54.060+0000] {logging_mixin.py:190} INFO - [2025-03-19T00:08:54.060+0000] {dag.py:4180} INFO - Setting next_dagrun for sevdesk_to_hubspot_sync to None, run_after=None
[2025-03-19T00:08:54.104+0000] {processor.py:208} INFO - Processing /opt/airflow/dags/postToHubspot.py took 0.109 seconds
[2025-03-19T00:09:24.241+0000] {processor.py:186} INFO - Started process (PID=3376) to work on /opt/airflow/dags/postToHubspot.py
[2025-03-19T00:09:24.261+0000] {processor.py:914} INFO - Processing file /opt/airflow/dags/postToHubspot.py for tasks to queue
[2025-03-19T00:09:24.266+0000] {logging_mixin.py:190} INFO - [2025-03-19T00:09:24.266+0000] {dagbag.py:588} INFO - Filling up the DagBag from /opt/airflow/dags/postToHubspot.py
[2025-03-19T00:09:24.288+0000] {processor.py:925} INFO - DAG(s) 'sevdesk_to_hubspot_sync' retrieved from /opt/airflow/dags/postToHubspot.py
[2025-03-19T00:09:24.314+0000] {logging_mixin.py:190} INFO - [2025-03-19T00:09:24.314+0000] {dag.py:3239} INFO - Sync 1 DAGs
[2025-03-19T00:09:24.342+0000] {logging_mixin.py:190} INFO - [2025-03-19T00:09:24.342+0000] {dag.py:4180} INFO - Setting next_dagrun for sevdesk_to_hubspot_sync to None, run_after=None
[2025-03-19T00:09:24.374+0000] {processor.py:208} INFO - Processing /opt/airflow/dags/postToHubspot.py took 0.145 seconds
[2025-03-19T00:09:55.254+0000] {processor.py:186} INFO - Started process (PID=3448) to work on /opt/airflow/dags/postToHubspot.py
[2025-03-19T00:09:55.255+0000] {processor.py:914} INFO - Processing file /opt/airflow/dags/postToHubspot.py for tasks to queue
[2025-03-19T00:09:55.263+0000] {logging_mixin.py:190} INFO - [2025-03-19T00:09:55.262+0000] {dagbag.py:588} INFO - Filling up the DagBag from /opt/airflow/dags/postToHubspot.py
[2025-03-19T00:09:55.285+0000] {processor.py:925} INFO - DAG(s) 'sevdesk_to_hubspot_sync' retrieved from /opt/airflow/dags/postToHubspot.py
[2025-03-19T00:09:55.327+0000] {logging_mixin.py:190} INFO - [2025-03-19T00:09:55.327+0000] {dag.py:3239} INFO - Sync 1 DAGs
[2025-03-19T00:09:55.348+0000] {logging_mixin.py:190} INFO - [2025-03-19T00:09:55.348+0000] {dag.py:4180} INFO - Setting next_dagrun for sevdesk_to_hubspot_sync to None, run_after=None
[2025-03-19T00:09:55.414+0000] {processor.py:208} INFO - Processing /opt/airflow/dags/postToHubspot.py took 0.175 seconds
[2025-03-19T00:10:25.995+0000] {processor.py:186} INFO - Started process (PID=3520) to work on /opt/airflow/dags/postToHubspot.py
[2025-03-19T00:10:25.997+0000] {processor.py:914} INFO - Processing file /opt/airflow/dags/postToHubspot.py for tasks to queue
[2025-03-19T00:10:26.000+0000] {logging_mixin.py:190} INFO - [2025-03-19T00:10:25.999+0000] {dagbag.py:588} INFO - Filling up the DagBag from /opt/airflow/dags/postToHubspot.py
[2025-03-19T00:10:26.010+0000] {processor.py:925} INFO - DAG(s) 'sevdesk_to_hubspot_sync' retrieved from /opt/airflow/dags/postToHubspot.py
[2025-03-19T00:10:26.023+0000] {logging_mixin.py:190} INFO - [2025-03-19T00:10:26.022+0000] {dag.py:3239} INFO - Sync 1 DAGs
[2025-03-19T00:10:26.031+0000] {logging_mixin.py:190} INFO - [2025-03-19T00:10:26.031+0000] {dag.py:4180} INFO - Setting next_dagrun for sevdesk_to_hubspot_sync to None, run_after=None
[2025-03-19T00:10:26.039+0000] {processor.py:208} INFO - Processing /opt/airflow/dags/postToHubspot.py took 0.052 seconds
