[2025-03-19T00:00:16.768+0000] {processor.py:186} INFO - Started process (PID=2090) to work on /opt/airflow/dags/sevdesk_contact_pipeline.py
[2025-03-19T00:00:16.769+0000] {processor.py:914} INFO - Processing file /opt/airflow/dags/sevdesk_contact_pipeline.py for tasks to queue
[2025-03-19T00:00:16.770+0000] {logging_mixin.py:190} INFO - [2025-03-19T00:00:16.770+0000] {dagbag.py:588} INFO - Filling up the DagBag from /opt/airflow/dags/sevdesk_contact_pipeline.py
[2025-03-19T00:00:16.778+0000] {processor.py:925} INFO - DAG(s) 'sevdesk_contact_pipeline' retrieved from /opt/airflow/dags/sevdesk_contact_pipeline.py
[2025-03-19T00:00:16.791+0000] {logging_mixin.py:190} INFO - [2025-03-19T00:00:16.791+0000] {dag.py:3239} INFO - Sync 1 DAGs
[2025-03-19T00:00:16.808+0000] {logging_mixin.py:190} INFO - [2025-03-19T00:00:16.807+0000] {dag.py:4180} INFO - Setting next_dagrun for sevdesk_contact_pipeline to 2025-03-19 00:00:00+00:00, run_after=2025-03-19 01:00:00+00:00
[2025-03-19T00:00:16.819+0000] {processor.py:208} INFO - Processing /opt/airflow/dags/sevdesk_contact_pipeline.py took 0.056 seconds
[2025-03-19T00:00:46.866+0000] {processor.py:186} INFO - Started process (PID=2162) to work on /opt/airflow/dags/sevdesk_contact_pipeline.py
[2025-03-19T00:00:46.867+0000] {processor.py:914} INFO - Processing file /opt/airflow/dags/sevdesk_contact_pipeline.py for tasks to queue
[2025-03-19T00:00:46.869+0000] {logging_mixin.py:190} INFO - [2025-03-19T00:00:46.869+0000] {dagbag.py:588} INFO - Filling up the DagBag from /opt/airflow/dags/sevdesk_contact_pipeline.py
[2025-03-19T00:00:46.875+0000] {processor.py:925} INFO - DAG(s) 'sevdesk_contact_pipeline' retrieved from /opt/airflow/dags/sevdesk_contact_pipeline.py
[2025-03-19T00:00:46.887+0000] {logging_mixin.py:190} INFO - [2025-03-19T00:00:46.887+0000] {dag.py:3239} INFO - Sync 1 DAGs
[2025-03-19T00:00:46.898+0000] {logging_mixin.py:190} INFO - [2025-03-19T00:00:46.898+0000] {dag.py:4180} INFO - Setting next_dagrun for sevdesk_contact_pipeline to 2025-03-19 00:00:00+00:00, run_after=2025-03-19 01:00:00+00:00
[2025-03-19T00:00:46.908+0000] {processor.py:208} INFO - Processing /opt/airflow/dags/sevdesk_contact_pipeline.py took 0.048 seconds
[2025-03-19T00:01:17.423+0000] {processor.py:186} INFO - Started process (PID=2226) to work on /opt/airflow/dags/sevdesk_contact_pipeline.py
[2025-03-19T00:01:17.425+0000] {processor.py:914} INFO - Processing file /opt/airflow/dags/sevdesk_contact_pipeline.py for tasks to queue
[2025-03-19T00:01:17.430+0000] {logging_mixin.py:190} INFO - [2025-03-19T00:01:17.429+0000] {dagbag.py:588} INFO - Filling up the DagBag from /opt/airflow/dags/sevdesk_contact_pipeline.py
[2025-03-19T00:01:17.467+0000] {processor.py:925} INFO - DAG(s) 'sevdesk_contact_pipeline' retrieved from /opt/airflow/dags/sevdesk_contact_pipeline.py
[2025-03-19T00:01:17.555+0000] {logging_mixin.py:190} INFO - [2025-03-19T00:01:17.554+0000] {dag.py:3239} INFO - Sync 1 DAGs
[2025-03-19T00:01:17.621+0000] {logging_mixin.py:190} INFO - [2025-03-19T00:01:17.620+0000] {dag.py:4180} INFO - Setting next_dagrun for sevdesk_contact_pipeline to 2025-03-19 00:00:00+00:00, run_after=2025-03-19 01:00:00+00:00
[2025-03-19T00:01:17.685+0000] {processor.py:208} INFO - Processing /opt/airflow/dags/sevdesk_contact_pipeline.py took 0.281 seconds
[2025-03-19T00:01:47.960+0000] {processor.py:186} INFO - Started process (PID=2298) to work on /opt/airflow/dags/sevdesk_contact_pipeline.py
[2025-03-19T00:01:47.961+0000] {processor.py:914} INFO - Processing file /opt/airflow/dags/sevdesk_contact_pipeline.py for tasks to queue
[2025-03-19T00:01:47.965+0000] {logging_mixin.py:190} INFO - [2025-03-19T00:01:47.965+0000] {dagbag.py:588} INFO - Filling up the DagBag from /opt/airflow/dags/sevdesk_contact_pipeline.py
[2025-03-19T00:01:47.982+0000] {processor.py:925} INFO - DAG(s) 'sevdesk_contact_pipeline' retrieved from /opt/airflow/dags/sevdesk_contact_pipeline.py
[2025-03-19T00:01:48.011+0000] {logging_mixin.py:190} INFO - [2025-03-19T00:01:48.011+0000] {dag.py:3239} INFO - Sync 1 DAGs
[2025-03-19T00:01:48.038+0000] {logging_mixin.py:190} INFO - [2025-03-19T00:01:48.038+0000] {dag.py:4180} INFO - Setting next_dagrun for sevdesk_contact_pipeline to 2025-03-19 00:00:00+00:00, run_after=2025-03-19 01:00:00+00:00
[2025-03-19T00:01:48.062+0000] {processor.py:208} INFO - Processing /opt/airflow/dags/sevdesk_contact_pipeline.py took 0.112 seconds
[2025-03-19T00:02:18.546+0000] {processor.py:186} INFO - Started process (PID=2370) to work on /opt/airflow/dags/sevdesk_contact_pipeline.py
[2025-03-19T00:02:18.548+0000] {processor.py:914} INFO - Processing file /opt/airflow/dags/sevdesk_contact_pipeline.py for tasks to queue
[2025-03-19T00:02:18.554+0000] {logging_mixin.py:190} INFO - [2025-03-19T00:02:18.553+0000] {dagbag.py:588} INFO - Filling up the DagBag from /opt/airflow/dags/sevdesk_contact_pipeline.py
[2025-03-19T00:02:18.578+0000] {processor.py:925} INFO - DAG(s) 'sevdesk_contact_pipeline' retrieved from /opt/airflow/dags/sevdesk_contact_pipeline.py
[2025-03-19T00:02:18.612+0000] {logging_mixin.py:190} INFO - [2025-03-19T00:02:18.612+0000] {dag.py:3239} INFO - Sync 1 DAGs
[2025-03-19T00:02:18.639+0000] {logging_mixin.py:190} INFO - [2025-03-19T00:02:18.639+0000] {dag.py:4180} INFO - Setting next_dagrun for sevdesk_contact_pipeline to 2025-03-19 00:00:00+00:00, run_after=2025-03-19 01:00:00+00:00
[2025-03-19T00:02:18.669+0000] {processor.py:208} INFO - Processing /opt/airflow/dags/sevdesk_contact_pipeline.py took 0.139 seconds
[2025-03-19T00:02:49.208+0000] {processor.py:186} INFO - Started process (PID=2441) to work on /opt/airflow/dags/sevdesk_contact_pipeline.py
[2025-03-19T00:02:49.210+0000] {processor.py:914} INFO - Processing file /opt/airflow/dags/sevdesk_contact_pipeline.py for tasks to queue
[2025-03-19T00:02:49.228+0000] {logging_mixin.py:190} INFO - [2025-03-19T00:02:49.227+0000] {dagbag.py:588} INFO - Filling up the DagBag from /opt/airflow/dags/sevdesk_contact_pipeline.py
[2025-03-19T00:02:49.312+0000] {processor.py:925} INFO - DAG(s) 'sevdesk_contact_pipeline' retrieved from /opt/airflow/dags/sevdesk_contact_pipeline.py
[2025-03-19T00:02:49.364+0000] {logging_mixin.py:190} INFO - [2025-03-19T00:02:49.364+0000] {dag.py:3239} INFO - Sync 1 DAGs
[2025-03-19T00:02:49.413+0000] {logging_mixin.py:190} INFO - [2025-03-19T00:02:49.413+0000] {dag.py:4180} INFO - Setting next_dagrun for sevdesk_contact_pipeline to 2025-03-19 00:00:00+00:00, run_after=2025-03-19 01:00:00+00:00
[2025-03-19T00:02:49.438+0000] {processor.py:208} INFO - Processing /opt/airflow/dags/sevdesk_contact_pipeline.py took 0.244 seconds
[2025-03-19T00:03:20.173+0000] {processor.py:186} INFO - Started process (PID=2513) to work on /opt/airflow/dags/sevdesk_contact_pipeline.py
[2025-03-19T00:03:20.175+0000] {processor.py:914} INFO - Processing file /opt/airflow/dags/sevdesk_contact_pipeline.py for tasks to queue
[2025-03-19T00:03:20.178+0000] {logging_mixin.py:190} INFO - [2025-03-19T00:03:20.177+0000] {dagbag.py:588} INFO - Filling up the DagBag from /opt/airflow/dags/sevdesk_contact_pipeline.py
[2025-03-19T00:03:20.192+0000] {processor.py:925} INFO - DAG(s) 'sevdesk_contact_pipeline' retrieved from /opt/airflow/dags/sevdesk_contact_pipeline.py
[2025-03-19T00:03:20.224+0000] {logging_mixin.py:190} INFO - [2025-03-19T00:03:20.223+0000] {dag.py:3239} INFO - Sync 1 DAGs
[2025-03-19T00:03:20.244+0000] {logging_mixin.py:190} INFO - [2025-03-19T00:03:20.244+0000] {dag.py:4180} INFO - Setting next_dagrun for sevdesk_contact_pipeline to 2025-03-19 00:00:00+00:00, run_after=2025-03-19 01:00:00+00:00
[2025-03-19T00:03:20.269+0000] {processor.py:208} INFO - Processing /opt/airflow/dags/sevdesk_contact_pipeline.py took 0.100 seconds
[2025-03-19T00:03:51.251+0000] {processor.py:186} INFO - Started process (PID=2585) to work on /opt/airflow/dags/sevdesk_contact_pipeline.py
[2025-03-19T00:03:51.253+0000] {processor.py:914} INFO - Processing file /opt/airflow/dags/sevdesk_contact_pipeline.py for tasks to queue
[2025-03-19T00:03:51.258+0000] {logging_mixin.py:190} INFO - [2025-03-19T00:03:51.257+0000] {dagbag.py:588} INFO - Filling up the DagBag from /opt/airflow/dags/sevdesk_contact_pipeline.py
[2025-03-19T00:03:51.276+0000] {processor.py:925} INFO - DAG(s) 'sevdesk_contact_pipeline' retrieved from /opt/airflow/dags/sevdesk_contact_pipeline.py
[2025-03-19T00:03:51.325+0000] {logging_mixin.py:190} INFO - [2025-03-19T00:03:51.325+0000] {dag.py:3239} INFO - Sync 1 DAGs
[2025-03-19T00:03:51.367+0000] {logging_mixin.py:190} INFO - [2025-03-19T00:03:51.366+0000] {dag.py:4180} INFO - Setting next_dagrun for sevdesk_contact_pipeline to 2025-03-19 00:00:00+00:00, run_after=2025-03-19 01:00:00+00:00
[2025-03-19T00:03:51.388+0000] {processor.py:208} INFO - Processing /opt/airflow/dags/sevdesk_contact_pipeline.py took 0.147 seconds
[2025-03-19T00:04:21.621+0000] {processor.py:186} INFO - Started process (PID=2657) to work on /opt/airflow/dags/sevdesk_contact_pipeline.py
[2025-03-19T00:04:21.623+0000] {processor.py:914} INFO - Processing file /opt/airflow/dags/sevdesk_contact_pipeline.py for tasks to queue
[2025-03-19T00:04:21.626+0000] {logging_mixin.py:190} INFO - [2025-03-19T00:04:21.626+0000] {dagbag.py:588} INFO - Filling up the DagBag from /opt/airflow/dags/sevdesk_contact_pipeline.py
[2025-03-19T00:04:21.638+0000] {processor.py:925} INFO - DAG(s) 'sevdesk_contact_pipeline' retrieved from /opt/airflow/dags/sevdesk_contact_pipeline.py
[2025-03-19T00:04:21.653+0000] {logging_mixin.py:190} INFO - [2025-03-19T00:04:21.653+0000] {dag.py:3239} INFO - Sync 1 DAGs
[2025-03-19T00:04:21.666+0000] {logging_mixin.py:190} INFO - [2025-03-19T00:04:21.666+0000] {dag.py:4180} INFO - Setting next_dagrun for sevdesk_contact_pipeline to 2025-03-19 00:00:00+00:00, run_after=2025-03-19 01:00:00+00:00
[2025-03-19T00:04:21.674+0000] {processor.py:208} INFO - Processing /opt/airflow/dags/sevdesk_contact_pipeline.py took 0.061 seconds
[2025-03-19T00:04:52.166+0000] {processor.py:186} INFO - Started process (PID=2729) to work on /opt/airflow/dags/sevdesk_contact_pipeline.py
[2025-03-19T00:04:52.168+0000] {processor.py:914} INFO - Processing file /opt/airflow/dags/sevdesk_contact_pipeline.py for tasks to queue
[2025-03-19T00:04:52.174+0000] {logging_mixin.py:190} INFO - [2025-03-19T00:04:52.174+0000] {dagbag.py:588} INFO - Filling up the DagBag from /opt/airflow/dags/sevdesk_contact_pipeline.py
[2025-03-19T00:04:52.215+0000] {processor.py:925} INFO - DAG(s) 'sevdesk_contact_pipeline' retrieved from /opt/airflow/dags/sevdesk_contact_pipeline.py
[2025-03-19T00:04:52.243+0000] {logging_mixin.py:190} INFO - [2025-03-19T00:04:52.243+0000] {dag.py:3239} INFO - Sync 1 DAGs
[2025-03-19T00:04:52.290+0000] {logging_mixin.py:190} INFO - [2025-03-19T00:04:52.290+0000] {dag.py:4180} INFO - Setting next_dagrun for sevdesk_contact_pipeline to 2025-03-19 00:00:00+00:00, run_after=2025-03-19 01:00:00+00:00
[2025-03-19T00:04:52.305+0000] {processor.py:208} INFO - Processing /opt/airflow/dags/sevdesk_contact_pipeline.py took 0.154 seconds
[2025-03-19T00:05:22.483+0000] {processor.py:186} INFO - Started process (PID=2801) to work on /opt/airflow/dags/sevdesk_contact_pipeline.py
[2025-03-19T00:05:22.484+0000] {processor.py:914} INFO - Processing file /opt/airflow/dags/sevdesk_contact_pipeline.py for tasks to queue
[2025-03-19T00:05:22.486+0000] {logging_mixin.py:190} INFO - [2025-03-19T00:05:22.486+0000] {dagbag.py:588} INFO - Filling up the DagBag from /opt/airflow/dags/sevdesk_contact_pipeline.py
[2025-03-19T00:05:22.500+0000] {processor.py:925} INFO - DAG(s) 'sevdesk_contact_pipeline' retrieved from /opt/airflow/dags/sevdesk_contact_pipeline.py
[2025-03-19T00:05:22.520+0000] {logging_mixin.py:190} INFO - [2025-03-19T00:05:22.520+0000] {dag.py:3239} INFO - Sync 1 DAGs
[2025-03-19T00:05:22.589+0000] {logging_mixin.py:190} INFO - [2025-03-19T00:05:22.589+0000] {dag.py:4180} INFO - Setting next_dagrun for sevdesk_contact_pipeline to 2025-03-19 00:00:00+00:00, run_after=2025-03-19 01:00:00+00:00
[2025-03-19T00:05:22.622+0000] {processor.py:208} INFO - Processing /opt/airflow/dags/sevdesk_contact_pipeline.py took 0.143 seconds
[2025-03-19T00:05:52.726+0000] {processor.py:186} INFO - Started process (PID=2873) to work on /opt/airflow/dags/sevdesk_contact_pipeline.py
[2025-03-19T00:05:52.753+0000] {processor.py:914} INFO - Processing file /opt/airflow/dags/sevdesk_contact_pipeline.py for tasks to queue
[2025-03-19T00:05:52.756+0000] {logging_mixin.py:190} INFO - [2025-03-19T00:05:52.756+0000] {dagbag.py:588} INFO - Filling up the DagBag from /opt/airflow/dags/sevdesk_contact_pipeline.py
[2025-03-19T00:05:52.806+0000] {processor.py:925} INFO - DAG(s) 'sevdesk_contact_pipeline' retrieved from /opt/airflow/dags/sevdesk_contact_pipeline.py
[2025-03-19T00:05:52.841+0000] {logging_mixin.py:190} INFO - [2025-03-19T00:05:52.841+0000] {dag.py:3239} INFO - Sync 1 DAGs
[2025-03-19T00:05:52.874+0000] {logging_mixin.py:190} INFO - [2025-03-19T00:05:52.874+0000] {dag.py:4180} INFO - Setting next_dagrun for sevdesk_contact_pipeline to 2025-03-19 00:00:00+00:00, run_after=2025-03-19 01:00:00+00:00
[2025-03-19T00:05:52.902+0000] {processor.py:208} INFO - Processing /opt/airflow/dags/sevdesk_contact_pipeline.py took 0.182 seconds
[2025-03-19T00:06:23.724+0000] {processor.py:186} INFO - Started process (PID=2945) to work on /opt/airflow/dags/sevdesk_contact_pipeline.py
[2025-03-19T00:06:23.726+0000] {processor.py:914} INFO - Processing file /opt/airflow/dags/sevdesk_contact_pipeline.py for tasks to queue
[2025-03-19T00:06:23.729+0000] {logging_mixin.py:190} INFO - [2025-03-19T00:06:23.729+0000] {dagbag.py:588} INFO - Filling up the DagBag from /opt/airflow/dags/sevdesk_contact_pipeline.py
[2025-03-19T00:06:23.742+0000] {processor.py:925} INFO - DAG(s) 'sevdesk_contact_pipeline' retrieved from /opt/airflow/dags/sevdesk_contact_pipeline.py
[2025-03-19T00:06:23.761+0000] {logging_mixin.py:190} INFO - [2025-03-19T00:06:23.760+0000] {dag.py:3239} INFO - Sync 1 DAGs
[2025-03-19T00:06:23.780+0000] {logging_mixin.py:190} INFO - [2025-03-19T00:06:23.779+0000] {dag.py:4180} INFO - Setting next_dagrun for sevdesk_contact_pipeline to 2025-03-19 00:00:00+00:00, run_after=2025-03-19 01:00:00+00:00
[2025-03-19T00:06:23.982+0000] {processor.py:208} INFO - Processing /opt/airflow/dags/sevdesk_contact_pipeline.py took 0.266 seconds
[2025-03-19T00:06:54.887+0000] {processor.py:186} INFO - Started process (PID=3017) to work on /opt/airflow/dags/sevdesk_contact_pipeline.py
[2025-03-19T00:06:54.890+0000] {processor.py:914} INFO - Processing file /opt/airflow/dags/sevdesk_contact_pipeline.py for tasks to queue
[2025-03-19T00:06:54.898+0000] {logging_mixin.py:190} INFO - [2025-03-19T00:06:54.896+0000] {dagbag.py:588} INFO - Filling up the DagBag from /opt/airflow/dags/sevdesk_contact_pipeline.py
[2025-03-19T00:06:54.912+0000] {processor.py:925} INFO - DAG(s) 'sevdesk_contact_pipeline' retrieved from /opt/airflow/dags/sevdesk_contact_pipeline.py
[2025-03-19T00:06:54.932+0000] {logging_mixin.py:190} INFO - [2025-03-19T00:06:54.932+0000] {dag.py:3239} INFO - Sync 1 DAGs
[2025-03-19T00:06:54.958+0000] {logging_mixin.py:190} INFO - [2025-03-19T00:06:54.958+0000] {dag.py:4180} INFO - Setting next_dagrun for sevdesk_contact_pipeline to 2025-03-19 00:00:00+00:00, run_after=2025-03-19 01:00:00+00:00
[2025-03-19T00:06:55.191+0000] {processor.py:208} INFO - Processing /opt/airflow/dags/sevdesk_contact_pipeline.py took 0.314 seconds
[2025-03-19T00:07:25.553+0000] {processor.py:186} INFO - Started process (PID=3089) to work on /opt/airflow/dags/sevdesk_contact_pipeline.py
[2025-03-19T00:07:25.555+0000] {processor.py:914} INFO - Processing file /opt/airflow/dags/sevdesk_contact_pipeline.py for tasks to queue
[2025-03-19T00:07:25.559+0000] {logging_mixin.py:190} INFO - [2025-03-19T00:07:25.559+0000] {dagbag.py:588} INFO - Filling up the DagBag from /opt/airflow/dags/sevdesk_contact_pipeline.py
[2025-03-19T00:07:25.578+0000] {processor.py:925} INFO - DAG(s) 'sevdesk_contact_pipeline' retrieved from /opt/airflow/dags/sevdesk_contact_pipeline.py
[2025-03-19T00:07:25.600+0000] {logging_mixin.py:190} INFO - [2025-03-19T00:07:25.599+0000] {dag.py:3239} INFO - Sync 1 DAGs
[2025-03-19T00:07:25.623+0000] {logging_mixin.py:190} INFO - [2025-03-19T00:07:25.623+0000] {dag.py:4180} INFO - Setting next_dagrun for sevdesk_contact_pipeline to 2025-03-19 00:00:00+00:00, run_after=2025-03-19 01:00:00+00:00
[2025-03-19T00:07:25.641+0000] {processor.py:208} INFO - Processing /opt/airflow/dags/sevdesk_contact_pipeline.py took 0.096 seconds
[2025-03-19T00:07:55.943+0000] {processor.py:186} INFO - Started process (PID=3161) to work on /opt/airflow/dags/sevdesk_contact_pipeline.py
[2025-03-19T00:07:55.945+0000] {processor.py:914} INFO - Processing file /opt/airflow/dags/sevdesk_contact_pipeline.py for tasks to queue
[2025-03-19T00:07:55.947+0000] {logging_mixin.py:190} INFO - [2025-03-19T00:07:55.947+0000] {dagbag.py:588} INFO - Filling up the DagBag from /opt/airflow/dags/sevdesk_contact_pipeline.py
[2025-03-19T00:07:55.960+0000] {processor.py:925} INFO - DAG(s) 'sevdesk_contact_pipeline' retrieved from /opt/airflow/dags/sevdesk_contact_pipeline.py
[2025-03-19T00:07:55.994+0000] {logging_mixin.py:190} INFO - [2025-03-19T00:07:55.994+0000] {dag.py:3239} INFO - Sync 1 DAGs
[2025-03-19T00:07:56.021+0000] {logging_mixin.py:190} INFO - [2025-03-19T00:07:56.021+0000] {dag.py:4180} INFO - Setting next_dagrun for sevdesk_contact_pipeline to 2025-03-19 00:00:00+00:00, run_after=2025-03-19 01:00:00+00:00
[2025-03-19T00:07:56.040+0000] {processor.py:208} INFO - Processing /opt/airflow/dags/sevdesk_contact_pipeline.py took 0.102 seconds
[2025-03-19T00:08:26.733+0000] {processor.py:186} INFO - Started process (PID=3233) to work on /opt/airflow/dags/sevdesk_contact_pipeline.py
[2025-03-19T00:08:26.734+0000] {processor.py:914} INFO - Processing file /opt/airflow/dags/sevdesk_contact_pipeline.py for tasks to queue
[2025-03-19T00:08:26.737+0000] {logging_mixin.py:190} INFO - [2025-03-19T00:08:26.736+0000] {dagbag.py:588} INFO - Filling up the DagBag from /opt/airflow/dags/sevdesk_contact_pipeline.py
[2025-03-19T00:08:26.750+0000] {processor.py:925} INFO - DAG(s) 'sevdesk_contact_pipeline' retrieved from /opt/airflow/dags/sevdesk_contact_pipeline.py
[2025-03-19T00:08:26.769+0000] {logging_mixin.py:190} INFO - [2025-03-19T00:08:26.769+0000] {dag.py:3239} INFO - Sync 1 DAGs
[2025-03-19T00:08:26.789+0000] {logging_mixin.py:190} INFO - [2025-03-19T00:08:26.789+0000] {dag.py:4180} INFO - Setting next_dagrun for sevdesk_contact_pipeline to 2025-03-19 00:00:00+00:00, run_after=2025-03-19 01:00:00+00:00
[2025-03-19T00:08:26.805+0000] {processor.py:208} INFO - Processing /opt/airflow/dags/sevdesk_contact_pipeline.py took 0.077 seconds
[2025-03-19T00:08:57.287+0000] {processor.py:186} INFO - Started process (PID=3311) to work on /opt/airflow/dags/sevdesk_contact_pipeline.py
[2025-03-19T00:08:57.295+0000] {processor.py:914} INFO - Processing file /opt/airflow/dags/sevdesk_contact_pipeline.py for tasks to queue
[2025-03-19T00:08:57.299+0000] {logging_mixin.py:190} INFO - [2025-03-19T00:08:57.298+0000] {dagbag.py:588} INFO - Filling up the DagBag from /opt/airflow/dags/sevdesk_contact_pipeline.py
[2025-03-19T00:08:57.344+0000] {processor.py:925} INFO - DAG(s) 'sevdesk_contact_pipeline' retrieved from /opt/airflow/dags/sevdesk_contact_pipeline.py
[2025-03-19T00:08:57.365+0000] {logging_mixin.py:190} INFO - [2025-03-19T00:08:57.364+0000] {dag.py:3239} INFO - Sync 1 DAGs
[2025-03-19T00:08:57.392+0000] {logging_mixin.py:190} INFO - [2025-03-19T00:08:57.392+0000] {dag.py:4180} INFO - Setting next_dagrun for sevdesk_contact_pipeline to 2025-03-19 00:00:00+00:00, run_after=2025-03-19 01:00:00+00:00
[2025-03-19T00:08:57.409+0000] {processor.py:208} INFO - Processing /opt/airflow/dags/sevdesk_contact_pipeline.py took 0.128 seconds
[2025-03-19T00:09:28.454+0000] {processor.py:186} INFO - Started process (PID=3383) to work on /opt/airflow/dags/sevdesk_contact_pipeline.py
[2025-03-19T00:09:28.458+0000] {processor.py:914} INFO - Processing file /opt/airflow/dags/sevdesk_contact_pipeline.py for tasks to queue
[2025-03-19T00:09:28.462+0000] {logging_mixin.py:190} INFO - [2025-03-19T00:09:28.462+0000] {dagbag.py:588} INFO - Filling up the DagBag from /opt/airflow/dags/sevdesk_contact_pipeline.py
[2025-03-19T00:09:28.493+0000] {processor.py:925} INFO - DAG(s) 'sevdesk_contact_pipeline' retrieved from /opt/airflow/dags/sevdesk_contact_pipeline.py
[2025-03-19T00:09:28.541+0000] {logging_mixin.py:190} INFO - [2025-03-19T00:09:28.541+0000] {dag.py:3239} INFO - Sync 1 DAGs
[2025-03-19T00:09:28.572+0000] {logging_mixin.py:190} INFO - [2025-03-19T00:09:28.572+0000] {dag.py:4180} INFO - Setting next_dagrun for sevdesk_contact_pipeline to 2025-03-19 00:00:00+00:00, run_after=2025-03-19 01:00:00+00:00
[2025-03-19T00:09:28.606+0000] {processor.py:208} INFO - Processing /opt/airflow/dags/sevdesk_contact_pipeline.py took 0.170 seconds
[2025-03-19T00:09:58.809+0000] {processor.py:186} INFO - Started process (PID=3455) to work on /opt/airflow/dags/sevdesk_contact_pipeline.py
[2025-03-19T00:09:58.823+0000] {processor.py:914} INFO - Processing file /opt/airflow/dags/sevdesk_contact_pipeline.py for tasks to queue
[2025-03-19T00:09:58.844+0000] {logging_mixin.py:190} INFO - [2025-03-19T00:09:58.833+0000] {dagbag.py:588} INFO - Filling up the DagBag from /opt/airflow/dags/sevdesk_contact_pipeline.py
[2025-03-19T00:09:58.914+0000] {processor.py:925} INFO - DAG(s) 'sevdesk_contact_pipeline' retrieved from /opt/airflow/dags/sevdesk_contact_pipeline.py
[2025-03-19T00:09:58.948+0000] {logging_mixin.py:190} INFO - [2025-03-19T00:09:58.948+0000] {dag.py:3239} INFO - Sync 1 DAGs
[2025-03-19T00:09:59.023+0000] {logging_mixin.py:190} INFO - [2025-03-19T00:09:59.023+0000] {dag.py:4180} INFO - Setting next_dagrun for sevdesk_contact_pipeline to 2025-03-19 00:00:00+00:00, run_after=2025-03-19 01:00:00+00:00
[2025-03-19T00:09:59.052+0000] {processor.py:208} INFO - Processing /opt/airflow/dags/sevdesk_contact_pipeline.py took 0.268 seconds
[2025-03-19T00:10:30.287+0000] {processor.py:186} INFO - Started process (PID=3527) to work on /opt/airflow/dags/sevdesk_contact_pipeline.py
[2025-03-19T00:10:30.292+0000] {processor.py:914} INFO - Processing file /opt/airflow/dags/sevdesk_contact_pipeline.py for tasks to queue
[2025-03-19T00:10:30.312+0000] {logging_mixin.py:190} INFO - [2025-03-19T00:10:30.312+0000] {dagbag.py:588} INFO - Filling up the DagBag from /opt/airflow/dags/sevdesk_contact_pipeline.py
[2025-03-19T00:10:30.411+0000] {processor.py:925} INFO - DAG(s) 'sevdesk_contact_pipeline' retrieved from /opt/airflow/dags/sevdesk_contact_pipeline.py
[2025-03-19T00:10:30.465+0000] {logging_mixin.py:190} INFO - [2025-03-19T00:10:30.464+0000] {dag.py:3239} INFO - Sync 1 DAGs
[2025-03-19T00:10:30.494+0000] {logging_mixin.py:190} INFO - [2025-03-19T00:10:30.494+0000] {dag.py:4180} INFO - Setting next_dagrun for sevdesk_contact_pipeline to 2025-03-19 00:00:00+00:00, run_after=2025-03-19 01:00:00+00:00
[2025-03-19T00:10:30.523+0000] {processor.py:208} INFO - Processing /opt/airflow/dags/sevdesk_contact_pipeline.py took 0.244 seconds
