[2025-03-19T00:00:17.912+0000] {processor.py:186} INFO - Started process (PID=2092) to work on /opt/airflow/dags/sevdesk_to_hubspot.py
[2025-03-19T00:00:17.914+0000] {processor.py:914} INFO - Processing file /opt/airflow/dags/sevdesk_to_hubspot.py for tasks to queue
[2025-03-19T00:00:17.917+0000] {logging_mixin.py:190} INFO - [2025-03-19T00:00:17.917+0000] {dagbag.py:588} INFO - Filling up the DagBag from /opt/airflow/dags/sevdesk_to_hubspot.py
[2025-03-19T00:00:17.966+0000] {processor.py:925} INFO - DAG(s) 'sevdesk_to_hubspot_manual' retrieved from /opt/airflow/dags/sevdesk_to_hubspot.py
[2025-03-19T00:00:18.001+0000] {logging_mixin.py:190} INFO - [2025-03-19T00:00:18.001+0000] {dag.py:3239} INFO - Sync 1 DAGs
[2025-03-19T00:00:18.017+0000] {logging_mixin.py:190} INFO - [2025-03-19T00:00:18.017+0000] {dag.py:4180} INFO - Setting next_dagrun for sevdesk_to_hubspot_manual to None, run_after=None
[2025-03-19T00:00:18.074+0000] {processor.py:208} INFO - Processing /opt/airflow/dags/sevdesk_to_hubspot.py took 0.174 seconds
[2025-03-19T00:00:48.949+0000] {processor.py:186} INFO - Started process (PID=2164) to work on /opt/airflow/dags/sevdesk_to_hubspot.py
[2025-03-19T00:00:48.954+0000] {processor.py:914} INFO - Processing file /opt/airflow/dags/sevdesk_to_hubspot.py for tasks to queue
[2025-03-19T00:00:48.969+0000] {logging_mixin.py:190} INFO - [2025-03-19T00:00:48.968+0000] {dagbag.py:588} INFO - Filling up the DagBag from /opt/airflow/dags/sevdesk_to_hubspot.py
[2025-03-19T00:00:49.024+0000] {processor.py:925} INFO - DAG(s) 'sevdesk_to_hubspot_manual' retrieved from /opt/airflow/dags/sevdesk_to_hubspot.py
[2025-03-19T00:00:49.075+0000] {logging_mixin.py:190} INFO - [2025-03-19T00:00:49.075+0000] {dag.py:3239} INFO - Sync 1 DAGs
[2025-03-19T00:00:49.110+0000] {logging_mixin.py:190} INFO - [2025-03-19T00:00:49.110+0000] {dag.py:4180} INFO - Setting next_dagrun for sevdesk_to_hubspot_manual to None, run_after=None
[2025-03-19T00:00:49.145+0000] {processor.py:208} INFO - Processing /opt/airflow/dags/sevdesk_to_hubspot.py took 0.210 seconds
[2025-03-19T00:01:20.111+0000] {processor.py:186} INFO - Started process (PID=2235) to work on /opt/airflow/dags/sevdesk_to_hubspot.py
[2025-03-19T00:01:20.123+0000] {processor.py:914} INFO - Processing file /opt/airflow/dags/sevdesk_to_hubspot.py for tasks to queue
[2025-03-19T00:01:20.135+0000] {logging_mixin.py:190} INFO - [2025-03-19T00:01:20.128+0000] {dagbag.py:588} INFO - Filling up the DagBag from /opt/airflow/dags/sevdesk_to_hubspot.py
[2025-03-19T00:01:20.191+0000] {processor.py:925} INFO - DAG(s) 'sevdesk_to_hubspot_manual' retrieved from /opt/airflow/dags/sevdesk_to_hubspot.py
[2025-03-19T00:01:20.218+0000] {logging_mixin.py:190} INFO - [2025-03-19T00:01:20.218+0000] {dag.py:3239} INFO - Sync 1 DAGs
[2025-03-19T00:01:20.236+0000] {logging_mixin.py:190} INFO - [2025-03-19T00:01:20.235+0000] {dag.py:4180} INFO - Setting next_dagrun for sevdesk_to_hubspot_manual to None, run_after=None
[2025-03-19T00:01:20.264+0000] {processor.py:208} INFO - Processing /opt/airflow/dags/sevdesk_to_hubspot.py took 0.160 seconds
[2025-03-19T00:01:51.044+0000] {processor.py:186} INFO - Started process (PID=2306) to work on /opt/airflow/dags/sevdesk_to_hubspot.py
[2025-03-19T00:01:51.048+0000] {processor.py:914} INFO - Processing file /opt/airflow/dags/sevdesk_to_hubspot.py for tasks to queue
[2025-03-19T00:01:51.066+0000] {logging_mixin.py:190} INFO - [2025-03-19T00:01:51.065+0000] {dagbag.py:588} INFO - Filling up the DagBag from /opt/airflow/dags/sevdesk_to_hubspot.py
[2025-03-19T00:01:51.119+0000] {processor.py:925} INFO - DAG(s) 'sevdesk_to_hubspot_manual' retrieved from /opt/airflow/dags/sevdesk_to_hubspot.py
[2025-03-19T00:01:51.174+0000] {logging_mixin.py:190} INFO - [2025-03-19T00:01:51.174+0000] {dag.py:3239} INFO - Sync 1 DAGs
[2025-03-19T00:01:51.193+0000] {logging_mixin.py:190} INFO - [2025-03-19T00:01:51.193+0000] {dag.py:4180} INFO - Setting next_dagrun for sevdesk_to_hubspot_manual to None, run_after=None
[2025-03-19T00:01:51.227+0000] {processor.py:208} INFO - Processing /opt/airflow/dags/sevdesk_to_hubspot.py took 0.212 seconds
[2025-03-19T00:02:21.527+0000] {processor.py:186} INFO - Started process (PID=2378) to work on /opt/airflow/dags/sevdesk_to_hubspot.py
[2025-03-19T00:02:21.527+0000] {processor.py:914} INFO - Processing file /opt/airflow/dags/sevdesk_to_hubspot.py for tasks to queue
[2025-03-19T00:02:21.529+0000] {logging_mixin.py:190} INFO - [2025-03-19T00:02:21.529+0000] {dagbag.py:588} INFO - Filling up the DagBag from /opt/airflow/dags/sevdesk_to_hubspot.py
[2025-03-19T00:02:21.535+0000] {processor.py:925} INFO - DAG(s) 'sevdesk_to_hubspot_manual' retrieved from /opt/airflow/dags/sevdesk_to_hubspot.py
[2025-03-19T00:02:21.546+0000] {logging_mixin.py:190} INFO - [2025-03-19T00:02:21.546+0000] {dag.py:3239} INFO - Sync 1 DAGs
[2025-03-19T00:02:21.554+0000] {logging_mixin.py:190} INFO - [2025-03-19T00:02:21.554+0000] {dag.py:4180} INFO - Setting next_dagrun for sevdesk_to_hubspot_manual to None, run_after=None
[2025-03-19T00:02:21.562+0000] {processor.py:208} INFO - Processing /opt/airflow/dags/sevdesk_to_hubspot.py took 0.040 seconds
[2025-03-19T00:02:51.673+0000] {processor.py:186} INFO - Started process (PID=2449) to work on /opt/airflow/dags/sevdesk_to_hubspot.py
[2025-03-19T00:02:51.673+0000] {processor.py:914} INFO - Processing file /opt/airflow/dags/sevdesk_to_hubspot.py for tasks to queue
[2025-03-19T00:02:51.674+0000] {logging_mixin.py:190} INFO - [2025-03-19T00:02:51.674+0000] {dagbag.py:588} INFO - Filling up the DagBag from /opt/airflow/dags/sevdesk_to_hubspot.py
[2025-03-19T00:02:51.680+0000] {processor.py:925} INFO - DAG(s) 'sevdesk_to_hubspot_manual' retrieved from /opt/airflow/dags/sevdesk_to_hubspot.py
[2025-03-19T00:02:51.689+0000] {logging_mixin.py:190} INFO - [2025-03-19T00:02:51.689+0000] {dag.py:3239} INFO - Sync 1 DAGs
[2025-03-19T00:02:51.696+0000] {logging_mixin.py:190} INFO - [2025-03-19T00:02:51.695+0000] {dag.py:4180} INFO - Setting next_dagrun for sevdesk_to_hubspot_manual to None, run_after=None
[2025-03-19T00:02:51.702+0000] {processor.py:208} INFO - Processing /opt/airflow/dags/sevdesk_to_hubspot.py took 0.032 seconds
[2025-03-19T00:03:22.484+0000] {processor.py:186} INFO - Started process (PID=2517) to work on /opt/airflow/dags/sevdesk_to_hubspot.py
[2025-03-19T00:03:22.493+0000] {processor.py:914} INFO - Processing file /opt/airflow/dags/sevdesk_to_hubspot.py for tasks to queue
[2025-03-19T00:03:22.495+0000] {logging_mixin.py:190} INFO - [2025-03-19T00:03:22.494+0000] {dagbag.py:588} INFO - Filling up the DagBag from /opt/airflow/dags/sevdesk_to_hubspot.py
[2025-03-19T00:03:22.503+0000] {processor.py:925} INFO - DAG(s) 'sevdesk_to_hubspot_manual' retrieved from /opt/airflow/dags/sevdesk_to_hubspot.py
[2025-03-19T00:03:22.542+0000] {logging_mixin.py:190} INFO - [2025-03-19T00:03:22.541+0000] {dag.py:3239} INFO - Sync 1 DAGs
[2025-03-19T00:03:22.574+0000] {logging_mixin.py:190} INFO - [2025-03-19T00:03:22.574+0000] {dag.py:4180} INFO - Setting next_dagrun for sevdesk_to_hubspot_manual to None, run_after=None
[2025-03-19T00:03:22.641+0000] {processor.py:208} INFO - Processing /opt/airflow/dags/sevdesk_to_hubspot.py took 0.164 seconds
[2025-03-19T00:03:53.458+0000] {processor.py:186} INFO - Started process (PID=2589) to work on /opt/airflow/dags/sevdesk_to_hubspot.py
[2025-03-19T00:03:53.458+0000] {processor.py:914} INFO - Processing file /opt/airflow/dags/sevdesk_to_hubspot.py for tasks to queue
[2025-03-19T00:03:53.460+0000] {logging_mixin.py:190} INFO - [2025-03-19T00:03:53.460+0000] {dagbag.py:588} INFO - Filling up the DagBag from /opt/airflow/dags/sevdesk_to_hubspot.py
[2025-03-19T00:03:53.465+0000] {processor.py:925} INFO - DAG(s) 'sevdesk_to_hubspot_manual' retrieved from /opt/airflow/dags/sevdesk_to_hubspot.py
[2025-03-19T00:03:53.476+0000] {logging_mixin.py:190} INFO - [2025-03-19T00:03:53.476+0000] {dag.py:3239} INFO - Sync 1 DAGs
[2025-03-19T00:03:53.483+0000] {logging_mixin.py:190} INFO - [2025-03-19T00:03:53.483+0000] {dag.py:4180} INFO - Setting next_dagrun for sevdesk_to_hubspot_manual to None, run_after=None
[2025-03-19T00:03:53.490+0000] {processor.py:208} INFO - Processing /opt/airflow/dags/sevdesk_to_hubspot.py took 0.037 seconds
[2025-03-19T00:04:23.820+0000] {processor.py:186} INFO - Started process (PID=2661) to work on /opt/airflow/dags/sevdesk_to_hubspot.py
[2025-03-19T00:04:23.821+0000] {processor.py:914} INFO - Processing file /opt/airflow/dags/sevdesk_to_hubspot.py for tasks to queue
[2025-03-19T00:04:23.824+0000] {logging_mixin.py:190} INFO - [2025-03-19T00:04:23.824+0000] {dagbag.py:588} INFO - Filling up the DagBag from /opt/airflow/dags/sevdesk_to_hubspot.py
[2025-03-19T00:04:23.846+0000] {processor.py:925} INFO - DAG(s) 'sevdesk_to_hubspot_manual' retrieved from /opt/airflow/dags/sevdesk_to_hubspot.py
[2025-03-19T00:04:23.874+0000] {logging_mixin.py:190} INFO - [2025-03-19T00:04:23.873+0000] {dag.py:3239} INFO - Sync 1 DAGs
[2025-03-19T00:04:23.891+0000] {logging_mixin.py:190} INFO - [2025-03-19T00:04:23.891+0000] {dag.py:4180} INFO - Setting next_dagrun for sevdesk_to_hubspot_manual to None, run_after=None
[2025-03-19T00:04:23.925+0000] {processor.py:208} INFO - Processing /opt/airflow/dags/sevdesk_to_hubspot.py took 0.111 seconds
[2025-03-19T00:04:54.385+0000] {processor.py:186} INFO - Started process (PID=2733) to work on /opt/airflow/dags/sevdesk_to_hubspot.py
[2025-03-19T00:04:54.385+0000] {processor.py:914} INFO - Processing file /opt/airflow/dags/sevdesk_to_hubspot.py for tasks to queue
[2025-03-19T00:04:54.387+0000] {logging_mixin.py:190} INFO - [2025-03-19T00:04:54.386+0000] {dagbag.py:588} INFO - Filling up the DagBag from /opt/airflow/dags/sevdesk_to_hubspot.py
[2025-03-19T00:04:54.392+0000] {processor.py:925} INFO - DAG(s) 'sevdesk_to_hubspot_manual' retrieved from /opt/airflow/dags/sevdesk_to_hubspot.py
[2025-03-19T00:04:54.404+0000] {logging_mixin.py:190} INFO - [2025-03-19T00:04:54.404+0000] {dag.py:3239} INFO - Sync 1 DAGs
[2025-03-19T00:04:54.412+0000] {logging_mixin.py:190} INFO - [2025-03-19T00:04:54.412+0000] {dag.py:4180} INFO - Setting next_dagrun for sevdesk_to_hubspot_manual to None, run_after=None
[2025-03-19T00:04:54.420+0000] {processor.py:208} INFO - Processing /opt/airflow/dags/sevdesk_to_hubspot.py took 0.039 seconds
[2025-03-19T00:05:24.700+0000] {processor.py:186} INFO - Started process (PID=2805) to work on /opt/airflow/dags/sevdesk_to_hubspot.py
[2025-03-19T00:05:24.701+0000] {processor.py:914} INFO - Processing file /opt/airflow/dags/sevdesk_to_hubspot.py for tasks to queue
[2025-03-19T00:05:24.710+0000] {logging_mixin.py:190} INFO - [2025-03-19T00:05:24.710+0000] {dagbag.py:588} INFO - Filling up the DagBag from /opt/airflow/dags/sevdesk_to_hubspot.py
[2025-03-19T00:05:24.731+0000] {processor.py:925} INFO - DAG(s) 'sevdesk_to_hubspot_manual' retrieved from /opt/airflow/dags/sevdesk_to_hubspot.py
[2025-03-19T00:05:24.758+0000] {logging_mixin.py:190} INFO - [2025-03-19T00:05:24.753+0000] {dag.py:3239} INFO - Sync 1 DAGs
[2025-03-19T00:05:24.771+0000] {logging_mixin.py:190} INFO - [2025-03-19T00:05:24.770+0000] {dag.py:4180} INFO - Setting next_dagrun for sevdesk_to_hubspot_manual to None, run_after=None
[2025-03-19T00:05:24.804+0000] {processor.py:208} INFO - Processing /opt/airflow/dags/sevdesk_to_hubspot.py took 0.110 seconds
[2025-03-19T00:05:55.002+0000] {processor.py:186} INFO - Started process (PID=2877) to work on /opt/airflow/dags/sevdesk_to_hubspot.py
[2025-03-19T00:05:55.003+0000] {processor.py:914} INFO - Processing file /opt/airflow/dags/sevdesk_to_hubspot.py for tasks to queue
[2025-03-19T00:05:55.005+0000] {logging_mixin.py:190} INFO - [2025-03-19T00:05:55.005+0000] {dagbag.py:588} INFO - Filling up the DagBag from /opt/airflow/dags/sevdesk_to_hubspot.py
[2025-03-19T00:05:55.016+0000] {processor.py:925} INFO - DAG(s) 'sevdesk_to_hubspot_manual' retrieved from /opt/airflow/dags/sevdesk_to_hubspot.py
[2025-03-19T00:05:55.031+0000] {logging_mixin.py:190} INFO - [2025-03-19T00:05:55.030+0000] {dag.py:3239} INFO - Sync 1 DAGs
[2025-03-19T00:05:55.040+0000] {logging_mixin.py:190} INFO - [2025-03-19T00:05:55.040+0000] {dag.py:4180} INFO - Setting next_dagrun for sevdesk_to_hubspot_manual to None, run_after=None
[2025-03-19T00:05:55.052+0000] {processor.py:208} INFO - Processing /opt/airflow/dags/sevdesk_to_hubspot.py took 0.055 seconds
[2025-03-19T00:06:26.037+0000] {processor.py:186} INFO - Started process (PID=2949) to work on /opt/airflow/dags/sevdesk_to_hubspot.py
[2025-03-19T00:06:26.038+0000] {processor.py:914} INFO - Processing file /opt/airflow/dags/sevdesk_to_hubspot.py for tasks to queue
[2025-03-19T00:06:26.040+0000] {logging_mixin.py:190} INFO - [2025-03-19T00:06:26.040+0000] {dagbag.py:588} INFO - Filling up the DagBag from /opt/airflow/dags/sevdesk_to_hubspot.py
[2025-03-19T00:06:26.049+0000] {processor.py:925} INFO - DAG(s) 'sevdesk_to_hubspot_manual' retrieved from /opt/airflow/dags/sevdesk_to_hubspot.py
[2025-03-19T00:06:26.063+0000] {logging_mixin.py:190} INFO - [2025-03-19T00:06:26.063+0000] {dag.py:3239} INFO - Sync 1 DAGs
[2025-03-19T00:06:26.073+0000] {logging_mixin.py:190} INFO - [2025-03-19T00:06:26.073+0000] {dag.py:4180} INFO - Setting next_dagrun for sevdesk_to_hubspot_manual to None, run_after=None
[2025-03-19T00:06:26.084+0000] {processor.py:208} INFO - Processing /opt/airflow/dags/sevdesk_to_hubspot.py took 0.052 seconds
[2025-03-19T00:06:56.246+0000] {processor.py:186} INFO - Started process (PID=3021) to work on /opt/airflow/dags/sevdesk_to_hubspot.py
[2025-03-19T00:06:56.247+0000] {processor.py:914} INFO - Processing file /opt/airflow/dags/sevdesk_to_hubspot.py for tasks to queue
[2025-03-19T00:06:56.248+0000] {logging_mixin.py:190} INFO - [2025-03-19T00:06:56.248+0000] {dagbag.py:588} INFO - Filling up the DagBag from /opt/airflow/dags/sevdesk_to_hubspot.py
[2025-03-19T00:06:56.255+0000] {processor.py:925} INFO - DAG(s) 'sevdesk_to_hubspot_manual' retrieved from /opt/airflow/dags/sevdesk_to_hubspot.py
[2025-03-19T00:06:56.267+0000] {logging_mixin.py:190} INFO - [2025-03-19T00:06:56.266+0000] {dag.py:3239} INFO - Sync 1 DAGs
[2025-03-19T00:06:56.275+0000] {logging_mixin.py:190} INFO - [2025-03-19T00:06:56.275+0000] {dag.py:4180} INFO - Setting next_dagrun for sevdesk_to_hubspot_manual to None, run_after=None
[2025-03-19T00:06:56.288+0000] {processor.py:208} INFO - Processing /opt/airflow/dags/sevdesk_to_hubspot.py took 0.044 seconds
[2025-03-19T00:07:26.706+0000] {processor.py:186} INFO - Started process (PID=3093) to work on /opt/airflow/dags/sevdesk_to_hubspot.py
[2025-03-19T00:07:26.707+0000] {processor.py:914} INFO - Processing file /opt/airflow/dags/sevdesk_to_hubspot.py for tasks to queue
[2025-03-19T00:07:26.712+0000] {logging_mixin.py:190} INFO - [2025-03-19T00:07:26.712+0000] {dagbag.py:588} INFO - Filling up the DagBag from /opt/airflow/dags/sevdesk_to_hubspot.py
[2025-03-19T00:07:26.717+0000] {processor.py:925} INFO - DAG(s) 'sevdesk_to_hubspot_manual' retrieved from /opt/airflow/dags/sevdesk_to_hubspot.py
[2025-03-19T00:07:26.730+0000] {logging_mixin.py:190} INFO - [2025-03-19T00:07:26.730+0000] {dag.py:3239} INFO - Sync 1 DAGs
[2025-03-19T00:07:26.741+0000] {logging_mixin.py:190} INFO - [2025-03-19T00:07:26.741+0000] {dag.py:4180} INFO - Setting next_dagrun for sevdesk_to_hubspot_manual to None, run_after=None
[2025-03-19T00:07:26.761+0000] {processor.py:208} INFO - Processing /opt/airflow/dags/sevdesk_to_hubspot.py took 0.059 seconds
[2025-03-19T00:07:57.119+0000] {processor.py:186} INFO - Started process (PID=3171) to work on /opt/airflow/dags/sevdesk_to_hubspot.py
[2025-03-19T00:07:57.121+0000] {processor.py:914} INFO - Processing file /opt/airflow/dags/sevdesk_to_hubspot.py for tasks to queue
[2025-03-19T00:07:57.123+0000] {logging_mixin.py:190} INFO - [2025-03-19T00:07:57.123+0000] {dagbag.py:588} INFO - Filling up the DagBag from /opt/airflow/dags/sevdesk_to_hubspot.py
[2025-03-19T00:07:57.134+0000] {processor.py:925} INFO - DAG(s) 'sevdesk_to_hubspot_manual' retrieved from /opt/airflow/dags/sevdesk_to_hubspot.py
[2025-03-19T00:07:57.158+0000] {logging_mixin.py:190} INFO - [2025-03-19T00:07:57.157+0000] {dag.py:3239} INFO - Sync 1 DAGs
[2025-03-19T00:07:57.168+0000] {logging_mixin.py:190} INFO - [2025-03-19T00:07:57.168+0000] {dag.py:4180} INFO - Setting next_dagrun for sevdesk_to_hubspot_manual to None, run_after=None
[2025-03-19T00:07:57.180+0000] {processor.py:208} INFO - Processing /opt/airflow/dags/sevdesk_to_hubspot.py took 0.065 seconds
[2025-03-19T00:08:27.862+0000] {processor.py:186} INFO - Started process (PID=3243) to work on /opt/airflow/dags/sevdesk_to_hubspot.py
[2025-03-19T00:08:27.863+0000] {processor.py:914} INFO - Processing file /opt/airflow/dags/sevdesk_to_hubspot.py for tasks to queue
[2025-03-19T00:08:27.866+0000] {logging_mixin.py:190} INFO - [2025-03-19T00:08:27.865+0000] {dagbag.py:588} INFO - Filling up the DagBag from /opt/airflow/dags/sevdesk_to_hubspot.py
[2025-03-19T00:08:27.878+0000] {processor.py:925} INFO - DAG(s) 'sevdesk_to_hubspot_manual' retrieved from /opt/airflow/dags/sevdesk_to_hubspot.py
[2025-03-19T00:08:27.896+0000] {logging_mixin.py:190} INFO - [2025-03-19T00:08:27.895+0000] {dag.py:3239} INFO - Sync 1 DAGs
[2025-03-19T00:08:27.906+0000] {logging_mixin.py:190} INFO - [2025-03-19T00:08:27.906+0000] {dag.py:4180} INFO - Setting next_dagrun for sevdesk_to_hubspot_manual to None, run_after=None
[2025-03-19T00:08:27.918+0000] {processor.py:208} INFO - Processing /opt/airflow/dags/sevdesk_to_hubspot.py took 0.060 seconds
[2025-03-19T00:08:58.510+0000] {processor.py:186} INFO - Started process (PID=3315) to work on /opt/airflow/dags/sevdesk_to_hubspot.py
[2025-03-19T00:08:58.511+0000] {processor.py:914} INFO - Processing file /opt/airflow/dags/sevdesk_to_hubspot.py for tasks to queue
[2025-03-19T00:08:58.513+0000] {logging_mixin.py:190} INFO - [2025-03-19T00:08:58.513+0000] {dagbag.py:588} INFO - Filling up the DagBag from /opt/airflow/dags/sevdesk_to_hubspot.py
[2025-03-19T00:08:58.528+0000] {processor.py:925} INFO - DAG(s) 'sevdesk_to_hubspot_manual' retrieved from /opt/airflow/dags/sevdesk_to_hubspot.py
[2025-03-19T00:08:58.547+0000] {logging_mixin.py:190} INFO - [2025-03-19T00:08:58.547+0000] {dag.py:3239} INFO - Sync 1 DAGs
[2025-03-19T00:08:58.559+0000] {logging_mixin.py:190} INFO - [2025-03-19T00:08:58.559+0000] {dag.py:4180} INFO - Setting next_dagrun for sevdesk_to_hubspot_manual to None, run_after=None
[2025-03-19T00:08:58.593+0000] {processor.py:208} INFO - Processing /opt/airflow/dags/sevdesk_to_hubspot.py took 0.087 seconds
[2025-03-19T00:09:28.908+0000] {processor.py:186} INFO - Started process (PID=3387) to work on /opt/airflow/dags/sevdesk_to_hubspot.py
[2025-03-19T00:09:28.911+0000] {processor.py:914} INFO - Processing file /opt/airflow/dags/sevdesk_to_hubspot.py for tasks to queue
[2025-03-19T00:09:28.913+0000] {logging_mixin.py:190} INFO - [2025-03-19T00:09:28.912+0000] {dagbag.py:588} INFO - Filling up the DagBag from /opt/airflow/dags/sevdesk_to_hubspot.py
[2025-03-19T00:09:28.931+0000] {processor.py:925} INFO - DAG(s) 'sevdesk_to_hubspot_manual' retrieved from /opt/airflow/dags/sevdesk_to_hubspot.py
[2025-03-19T00:09:28.969+0000] {logging_mixin.py:190} INFO - [2025-03-19T00:09:28.969+0000] {dag.py:3239} INFO - Sync 1 DAGs
[2025-03-19T00:09:28.988+0000] {logging_mixin.py:190} INFO - [2025-03-19T00:09:28.987+0000] {dag.py:4180} INFO - Setting next_dagrun for sevdesk_to_hubspot_manual to None, run_after=None
[2025-03-19T00:09:29.043+0000] {processor.py:208} INFO - Processing /opt/airflow/dags/sevdesk_to_hubspot.py took 0.140 seconds
[2025-03-19T00:09:59.446+0000] {processor.py:186} INFO - Started process (PID=3458) to work on /opt/airflow/dags/sevdesk_to_hubspot.py
[2025-03-19T00:09:59.453+0000] {processor.py:914} INFO - Processing file /opt/airflow/dags/sevdesk_to_hubspot.py for tasks to queue
[2025-03-19T00:09:59.460+0000] {logging_mixin.py:190} INFO - [2025-03-19T00:09:59.459+0000] {dagbag.py:588} INFO - Filling up the DagBag from /opt/airflow/dags/sevdesk_to_hubspot.py
[2025-03-19T00:09:59.492+0000] {processor.py:925} INFO - DAG(s) 'sevdesk_to_hubspot_manual' retrieved from /opt/airflow/dags/sevdesk_to_hubspot.py
[2025-03-19T00:09:59.553+0000] {logging_mixin.py:190} INFO - [2025-03-19T00:09:59.553+0000] {dag.py:3239} INFO - Sync 1 DAGs
[2025-03-19T00:09:59.596+0000] {logging_mixin.py:190} INFO - [2025-03-19T00:09:59.596+0000] {dag.py:4180} INFO - Setting next_dagrun for sevdesk_to_hubspot_manual to None, run_after=None
[2025-03-19T00:09:59.625+0000] {processor.py:208} INFO - Processing /opt/airflow/dags/sevdesk_to_hubspot.py took 0.191 seconds
[2025-03-19T00:10:30.599+0000] {processor.py:186} INFO - Started process (PID=3529) to work on /opt/airflow/dags/sevdesk_to_hubspot.py
[2025-03-19T00:10:30.601+0000] {processor.py:914} INFO - Processing file /opt/airflow/dags/sevdesk_to_hubspot.py for tasks to queue
[2025-03-19T00:10:30.604+0000] {logging_mixin.py:190} INFO - [2025-03-19T00:10:30.603+0000] {dagbag.py:588} INFO - Filling up the DagBag from /opt/airflow/dags/sevdesk_to_hubspot.py
[2025-03-19T00:10:30.623+0000] {processor.py:925} INFO - DAG(s) 'sevdesk_to_hubspot_manual' retrieved from /opt/airflow/dags/sevdesk_to_hubspot.py
[2025-03-19T00:10:30.650+0000] {logging_mixin.py:190} INFO - [2025-03-19T00:10:30.650+0000] {dag.py:3239} INFO - Sync 1 DAGs
[2025-03-19T00:10:30.669+0000] {logging_mixin.py:190} INFO - [2025-03-19T00:10:30.669+0000] {dag.py:4180} INFO - Setting next_dagrun for sevdesk_to_hubspot_manual to None, run_after=None
[2025-03-19T00:10:30.708+0000] {processor.py:208} INFO - Processing /opt/airflow/dags/sevdesk_to_hubspot.py took 0.129 seconds
[2025-03-19T00:11:01.516+0000] {processor.py:186} INFO - Started process (PID=3601) to work on /opt/airflow/dags/sevdesk_to_hubspot.py
[2025-03-19T00:11:01.516+0000] {processor.py:914} INFO - Processing file /opt/airflow/dags/sevdesk_to_hubspot.py for tasks to queue
[2025-03-19T00:11:01.519+0000] {logging_mixin.py:190} INFO - [2025-03-19T00:11:01.519+0000] {dagbag.py:588} INFO - Filling up the DagBag from /opt/airflow/dags/sevdesk_to_hubspot.py
[2025-03-19T00:11:01.529+0000] {processor.py:925} INFO - DAG(s) 'sevdesk_to_hubspot_manual' retrieved from /opt/airflow/dags/sevdesk_to_hubspot.py
[2025-03-19T00:11:01.551+0000] {logging_mixin.py:190} INFO - [2025-03-19T00:11:01.551+0000] {dag.py:3239} INFO - Sync 1 DAGs
[2025-03-19T00:11:01.570+0000] {logging_mixin.py:190} INFO - [2025-03-19T00:11:01.570+0000] {dag.py:4180} INFO - Setting next_dagrun for sevdesk_to_hubspot_manual to None, run_after=None
[2025-03-19T00:11:01.589+0000] {processor.py:208} INFO - Processing /opt/airflow/dags/sevdesk_to_hubspot.py took 0.077 seconds
[2025-03-19T00:12:02.466+0000] {processor.py:186} INFO - Started process (PID=3745) to work on /opt/airflow/dags/sevdesk_to_hubspot.py
[2025-03-19T00:12:02.466+0000] {processor.py:914} INFO - Processing file /opt/airflow/dags/sevdesk_to_hubspot.py for tasks to queue
[2025-03-19T00:12:02.468+0000] {logging_mixin.py:190} INFO - [2025-03-19T00:12:02.467+0000] {dagbag.py:588} INFO - Filling up the DagBag from /opt/airflow/dags/sevdesk_to_hubspot.py
[2025-03-19T00:12:02.474+0000] {processor.py:925} INFO - DAG(s) 'sevdesk_to_hubspot_manual' retrieved from /opt/airflow/dags/sevdesk_to_hubspot.py
[2025-03-19T00:12:02.487+0000] {logging_mixin.py:190} INFO - [2025-03-19T00:12:02.486+0000] {dag.py:3239} INFO - Sync 1 DAGs
[2025-03-19T00:12:02.494+0000] {logging_mixin.py:190} INFO - [2025-03-19T00:12:02.494+0000] {dag.py:4180} INFO - Setting next_dagrun for sevdesk_to_hubspot_manual to None, run_after=None
[2025-03-19T00:12:02.511+0000] {processor.py:208} INFO - Processing /opt/airflow/dags/sevdesk_to_hubspot.py took 0.048 seconds
[2025-03-19T00:12:32.662+0000] {processor.py:186} INFO - Started process (PID=3817) to work on /opt/airflow/dags/sevdesk_to_hubspot.py
[2025-03-19T00:12:32.663+0000] {processor.py:914} INFO - Processing file /opt/airflow/dags/sevdesk_to_hubspot.py for tasks to queue
[2025-03-19T00:12:32.664+0000] {logging_mixin.py:190} INFO - [2025-03-19T00:12:32.664+0000] {dagbag.py:588} INFO - Filling up the DagBag from /opt/airflow/dags/sevdesk_to_hubspot.py
[2025-03-19T00:12:32.667+0000] {processor.py:925} INFO - DAG(s) 'sevdesk_to_hubspot_manual' retrieved from /opt/airflow/dags/sevdesk_to_hubspot.py
[2025-03-19T00:12:32.675+0000] {logging_mixin.py:190} INFO - [2025-03-19T00:12:32.675+0000] {dag.py:3239} INFO - Sync 1 DAGs
[2025-03-19T00:12:32.680+0000] {logging_mixin.py:190} INFO - [2025-03-19T00:12:32.680+0000] {dag.py:4180} INFO - Setting next_dagrun for sevdesk_to_hubspot_manual to None, run_after=None
[2025-03-19T00:12:32.686+0000] {processor.py:208} INFO - Processing /opt/airflow/dags/sevdesk_to_hubspot.py took 0.026 seconds
[2025-03-19T00:13:03.046+0000] {processor.py:186} INFO - Started process (PID=3889) to work on /opt/airflow/dags/sevdesk_to_hubspot.py
[2025-03-19T00:13:03.048+0000] {processor.py:914} INFO - Processing file /opt/airflow/dags/sevdesk_to_hubspot.py for tasks to queue
[2025-03-19T00:13:03.051+0000] {logging_mixin.py:190} INFO - [2025-03-19T00:13:03.050+0000] {dagbag.py:588} INFO - Filling up the DagBag from /opt/airflow/dags/sevdesk_to_hubspot.py
[2025-03-19T00:13:03.069+0000] {processor.py:925} INFO - DAG(s) 'sevdesk_to_hubspot_manual' retrieved from /opt/airflow/dags/sevdesk_to_hubspot.py
[2025-03-19T00:13:03.096+0000] {logging_mixin.py:190} INFO - [2025-03-19T00:13:03.095+0000] {dag.py:3239} INFO - Sync 1 DAGs
[2025-03-19T00:13:03.104+0000] {logging_mixin.py:190} INFO - [2025-03-19T00:13:03.104+0000] {dag.py:4180} INFO - Setting next_dagrun for sevdesk_to_hubspot_manual to None, run_after=None
[2025-03-19T00:13:03.120+0000] {processor.py:208} INFO - Processing /opt/airflow/dags/sevdesk_to_hubspot.py took 0.082 seconds
[2025-03-19T00:13:33.393+0000] {processor.py:186} INFO - Started process (PID=3960) to work on /opt/airflow/dags/sevdesk_to_hubspot.py
[2025-03-19T00:13:33.394+0000] {processor.py:914} INFO - Processing file /opt/airflow/dags/sevdesk_to_hubspot.py for tasks to queue
[2025-03-19T00:13:33.399+0000] {logging_mixin.py:190} INFO - [2025-03-19T00:13:33.399+0000] {dagbag.py:588} INFO - Filling up the DagBag from /opt/airflow/dags/sevdesk_to_hubspot.py
[2025-03-19T00:13:33.407+0000] {processor.py:925} INFO - DAG(s) 'sevdesk_to_hubspot_manual' retrieved from /opt/airflow/dags/sevdesk_to_hubspot.py
[2025-03-19T00:13:33.430+0000] {logging_mixin.py:190} INFO - [2025-03-19T00:13:33.430+0000] {dag.py:3239} INFO - Sync 1 DAGs
[2025-03-19T00:13:33.445+0000] {logging_mixin.py:190} INFO - [2025-03-19T00:13:33.445+0000] {dag.py:4180} INFO - Setting next_dagrun for sevdesk_to_hubspot_manual to None, run_after=None
[2025-03-19T00:13:33.471+0000] {processor.py:208} INFO - Processing /opt/airflow/dags/sevdesk_to_hubspot.py took 0.084 seconds
[2025-03-19T00:14:04.310+0000] {processor.py:186} INFO - Started process (PID=4032) to work on /opt/airflow/dags/sevdesk_to_hubspot.py
[2025-03-19T00:14:04.312+0000] {processor.py:914} INFO - Processing file /opt/airflow/dags/sevdesk_to_hubspot.py for tasks to queue
[2025-03-19T00:14:04.320+0000] {logging_mixin.py:190} INFO - [2025-03-19T00:14:04.320+0000] {dagbag.py:588} INFO - Filling up the DagBag from /opt/airflow/dags/sevdesk_to_hubspot.py
[2025-03-19T00:14:04.343+0000] {processor.py:925} INFO - DAG(s) 'sevdesk_to_hubspot_manual' retrieved from /opt/airflow/dags/sevdesk_to_hubspot.py
[2025-03-19T00:14:04.381+0000] {logging_mixin.py:190} INFO - [2025-03-19T00:14:04.381+0000] {dag.py:3239} INFO - Sync 1 DAGs
[2025-03-19T00:14:04.409+0000] {logging_mixin.py:190} INFO - [2025-03-19T00:14:04.408+0000] {dag.py:4180} INFO - Setting next_dagrun for sevdesk_to_hubspot_manual to None, run_after=None
[2025-03-19T00:14:04.433+0000] {processor.py:208} INFO - Processing /opt/airflow/dags/sevdesk_to_hubspot.py took 0.145 seconds
[2025-03-19T00:14:34.714+0000] {processor.py:186} INFO - Started process (PID=4103) to work on /opt/airflow/dags/sevdesk_to_hubspot.py
[2025-03-19T00:14:34.715+0000] {processor.py:914} INFO - Processing file /opt/airflow/dags/sevdesk_to_hubspot.py for tasks to queue
[2025-03-19T00:14:34.716+0000] {logging_mixin.py:190} INFO - [2025-03-19T00:14:34.716+0000] {dagbag.py:588} INFO - Filling up the DagBag from /opt/airflow/dags/sevdesk_to_hubspot.py
[2025-03-19T00:14:34.721+0000] {processor.py:925} INFO - DAG(s) 'sevdesk_to_hubspot_manual' retrieved from /opt/airflow/dags/sevdesk_to_hubspot.py
[2025-03-19T00:14:34.729+0000] {logging_mixin.py:190} INFO - [2025-03-19T00:14:34.729+0000] {dag.py:3239} INFO - Sync 1 DAGs
[2025-03-19T00:14:34.735+0000] {logging_mixin.py:190} INFO - [2025-03-19T00:14:34.735+0000] {dag.py:4180} INFO - Setting next_dagrun for sevdesk_to_hubspot_manual to None, run_after=None
[2025-03-19T00:14:34.742+0000] {processor.py:208} INFO - Processing /opt/airflow/dags/sevdesk_to_hubspot.py took 0.031 seconds
[2025-03-19T00:15:05.351+0000] {processor.py:186} INFO - Started process (PID=4175) to work on /opt/airflow/dags/sevdesk_to_hubspot.py
[2025-03-19T00:15:05.351+0000] {processor.py:914} INFO - Processing file /opt/airflow/dags/sevdesk_to_hubspot.py for tasks to queue
[2025-03-19T00:15:05.353+0000] {logging_mixin.py:190} INFO - [2025-03-19T00:15:05.352+0000] {dagbag.py:588} INFO - Filling up the DagBag from /opt/airflow/dags/sevdesk_to_hubspot.py
[2025-03-19T00:15:05.357+0000] {processor.py:925} INFO - DAG(s) 'sevdesk_to_hubspot_manual' retrieved from /opt/airflow/dags/sevdesk_to_hubspot.py
[2025-03-19T00:15:05.368+0000] {logging_mixin.py:190} INFO - [2025-03-19T00:15:05.368+0000] {dag.py:3239} INFO - Sync 1 DAGs
[2025-03-19T00:15:05.374+0000] {logging_mixin.py:190} INFO - [2025-03-19T00:15:05.374+0000] {dag.py:4180} INFO - Setting next_dagrun for sevdesk_to_hubspot_manual to None, run_after=None
[2025-03-19T00:15:05.380+0000] {processor.py:208} INFO - Processing /opt/airflow/dags/sevdesk_to_hubspot.py took 0.033 seconds
[2025-03-19T00:15:36.398+0000] {processor.py:186} INFO - Started process (PID=4247) to work on /opt/airflow/dags/sevdesk_to_hubspot.py
[2025-03-19T00:15:36.399+0000] {processor.py:914} INFO - Processing file /opt/airflow/dags/sevdesk_to_hubspot.py for tasks to queue
[2025-03-19T00:15:36.407+0000] {logging_mixin.py:190} INFO - [2025-03-19T00:15:36.403+0000] {dagbag.py:588} INFO - Filling up the DagBag from /opt/airflow/dags/sevdesk_to_hubspot.py
[2025-03-19T00:15:36.433+0000] {processor.py:925} INFO - DAG(s) 'sevdesk_to_hubspot_manual' retrieved from /opt/airflow/dags/sevdesk_to_hubspot.py
[2025-03-19T00:15:36.489+0000] {logging_mixin.py:190} INFO - [2025-03-19T00:15:36.488+0000] {dag.py:3239} INFO - Sync 1 DAGs
[2025-03-19T00:15:36.520+0000] {logging_mixin.py:190} INFO - [2025-03-19T00:15:36.520+0000] {dag.py:4180} INFO - Setting next_dagrun for sevdesk_to_hubspot_manual to None, run_after=None
[2025-03-19T00:15:36.568+0000] {processor.py:208} INFO - Processing /opt/airflow/dags/sevdesk_to_hubspot.py took 0.194 seconds
[2025-03-19T00:16:07.088+0000] {processor.py:186} INFO - Started process (PID=4318) to work on /opt/airflow/dags/sevdesk_to_hubspot.py
[2025-03-19T00:16:07.090+0000] {processor.py:914} INFO - Processing file /opt/airflow/dags/sevdesk_to_hubspot.py for tasks to queue
[2025-03-19T00:16:07.148+0000] {logging_mixin.py:190} INFO - [2025-03-19T00:16:07.147+0000] {dagbag.py:588} INFO - Filling up the DagBag from /opt/airflow/dags/sevdesk_to_hubspot.py
[2025-03-19T00:16:07.250+0000] {processor.py:925} INFO - DAG(s) 'sevdesk_to_hubspot_manual' retrieved from /opt/airflow/dags/sevdesk_to_hubspot.py
[2025-03-19T00:16:07.293+0000] {logging_mixin.py:190} INFO - [2025-03-19T00:16:07.293+0000] {dag.py:3239} INFO - Sync 1 DAGs
[2025-03-19T00:16:07.349+0000] {logging_mixin.py:190} INFO - [2025-03-19T00:16:07.348+0000] {dag.py:4180} INFO - Setting next_dagrun for sevdesk_to_hubspot_manual to None, run_after=None
[2025-03-19T00:16:07.411+0000] {processor.py:208} INFO - Processing /opt/airflow/dags/sevdesk_to_hubspot.py took 0.328 seconds
[2025-03-19T00:16:38.161+0000] {processor.py:186} INFO - Started process (PID=4389) to work on /opt/airflow/dags/sevdesk_to_hubspot.py
[2025-03-19T00:16:38.215+0000] {processor.py:914} INFO - Processing file /opt/airflow/dags/sevdesk_to_hubspot.py for tasks to queue
[2025-03-19T00:16:38.218+0000] {logging_mixin.py:190} INFO - [2025-03-19T00:16:38.217+0000] {dagbag.py:588} INFO - Filling up the DagBag from /opt/airflow/dags/sevdesk_to_hubspot.py
[2025-03-19T00:16:38.266+0000] {processor.py:925} INFO - DAG(s) 'sevdesk_to_hubspot_manual' retrieved from /opt/airflow/dags/sevdesk_to_hubspot.py
[2025-03-19T00:16:38.330+0000] {logging_mixin.py:190} INFO - [2025-03-19T00:16:38.329+0000] {dag.py:3239} INFO - Sync 1 DAGs
[2025-03-19T00:16:38.383+0000] {logging_mixin.py:190} INFO - [2025-03-19T00:16:38.382+0000] {dag.py:4180} INFO - Setting next_dagrun for sevdesk_to_hubspot_manual to None, run_after=None
[2025-03-19T00:16:38.421+0000] {processor.py:208} INFO - Processing /opt/airflow/dags/sevdesk_to_hubspot.py took 0.266 seconds
[2025-03-19T00:17:09.631+0000] {processor.py:186} INFO - Started process (PID=4461) to work on /opt/airflow/dags/sevdesk_to_hubspot.py
[2025-03-19T00:17:09.636+0000] {processor.py:914} INFO - Processing file /opt/airflow/dags/sevdesk_to_hubspot.py for tasks to queue
[2025-03-19T00:17:09.643+0000] {logging_mixin.py:190} INFO - [2025-03-19T00:17:09.642+0000] {dagbag.py:588} INFO - Filling up the DagBag from /opt/airflow/dags/sevdesk_to_hubspot.py
[2025-03-19T00:17:09.745+0000] {processor.py:925} INFO - DAG(s) 'sevdesk_to_hubspot_manual' retrieved from /opt/airflow/dags/sevdesk_to_hubspot.py
[2025-03-19T00:17:09.789+0000] {logging_mixin.py:190} INFO - [2025-03-19T00:17:09.788+0000] {dag.py:3239} INFO - Sync 1 DAGs
[2025-03-19T00:17:09.813+0000] {logging_mixin.py:190} INFO - [2025-03-19T00:17:09.813+0000] {dag.py:4180} INFO - Setting next_dagrun for sevdesk_to_hubspot_manual to None, run_after=None
[2025-03-19T00:17:09.860+0000] {processor.py:208} INFO - Processing /opt/airflow/dags/sevdesk_to_hubspot.py took 0.239 seconds
[2025-03-19T00:17:40.122+0000] {processor.py:186} INFO - Started process (PID=4532) to work on /opt/airflow/dags/sevdesk_to_hubspot.py
[2025-03-19T00:17:40.126+0000] {processor.py:914} INFO - Processing file /opt/airflow/dags/sevdesk_to_hubspot.py for tasks to queue
[2025-03-19T00:17:40.132+0000] {logging_mixin.py:190} INFO - [2025-03-19T00:17:40.131+0000] {dagbag.py:588} INFO - Filling up the DagBag from /opt/airflow/dags/sevdesk_to_hubspot.py
[2025-03-19T00:17:40.223+0000] {processor.py:925} INFO - DAG(s) 'sevdesk_to_hubspot_manual' retrieved from /opt/airflow/dags/sevdesk_to_hubspot.py
[2025-03-19T00:17:40.273+0000] {logging_mixin.py:190} INFO - [2025-03-19T00:17:40.273+0000] {dag.py:3239} INFO - Sync 1 DAGs
[2025-03-19T00:17:40.320+0000] {logging_mixin.py:190} INFO - [2025-03-19T00:17:40.319+0000] {dag.py:4180} INFO - Setting next_dagrun for sevdesk_to_hubspot_manual to None, run_after=None
[2025-03-19T00:17:40.384+0000] {processor.py:208} INFO - Processing /opt/airflow/dags/sevdesk_to_hubspot.py took 0.273 seconds
[2025-03-19T00:18:10.690+0000] {processor.py:186} INFO - Started process (PID=4604) to work on /opt/airflow/dags/sevdesk_to_hubspot.py
[2025-03-19T00:18:10.696+0000] {processor.py:914} INFO - Processing file /opt/airflow/dags/sevdesk_to_hubspot.py for tasks to queue
[2025-03-19T00:18:10.732+0000] {logging_mixin.py:190} INFO - [2025-03-19T00:18:10.731+0000] {dagbag.py:588} INFO - Filling up the DagBag from /opt/airflow/dags/sevdesk_to_hubspot.py
[2025-03-19T00:18:10.746+0000] {processor.py:925} INFO - DAG(s) 'sevdesk_to_hubspot_manual' retrieved from /opt/airflow/dags/sevdesk_to_hubspot.py
[2025-03-19T00:18:10.770+0000] {logging_mixin.py:190} INFO - [2025-03-19T00:18:10.769+0000] {dag.py:3239} INFO - Sync 1 DAGs
[2025-03-19T00:18:10.783+0000] {logging_mixin.py:190} INFO - [2025-03-19T00:18:10.783+0000] {dag.py:4180} INFO - Setting next_dagrun for sevdesk_to_hubspot_manual to None, run_after=None
[2025-03-19T00:18:10.827+0000] {processor.py:208} INFO - Processing /opt/airflow/dags/sevdesk_to_hubspot.py took 0.143 seconds
[2025-03-19T00:18:41.205+0000] {processor.py:186} INFO - Started process (PID=4676) to work on /opt/airflow/dags/sevdesk_to_hubspot.py
[2025-03-19T00:18:41.206+0000] {processor.py:914} INFO - Processing file /opt/airflow/dags/sevdesk_to_hubspot.py for tasks to queue
[2025-03-19T00:18:41.212+0000] {logging_mixin.py:190} INFO - [2025-03-19T00:18:41.211+0000] {dagbag.py:588} INFO - Filling up the DagBag from /opt/airflow/dags/sevdesk_to_hubspot.py
[2025-03-19T00:18:41.280+0000] {processor.py:925} INFO - DAG(s) 'sevdesk_to_hubspot_manual' retrieved from /opt/airflow/dags/sevdesk_to_hubspot.py
[2025-03-19T00:18:41.336+0000] {logging_mixin.py:190} INFO - [2025-03-19T00:18:41.336+0000] {dag.py:3239} INFO - Sync 1 DAGs
[2025-03-19T00:18:41.360+0000] {logging_mixin.py:190} INFO - [2025-03-19T00:18:41.360+0000] {dag.py:4180} INFO - Setting next_dagrun for sevdesk_to_hubspot_manual to None, run_after=None
[2025-03-19T00:18:41.412+0000] {processor.py:208} INFO - Processing /opt/airflow/dags/sevdesk_to_hubspot.py took 0.211 seconds
[2025-03-19T00:19:11.734+0000] {processor.py:186} INFO - Started process (PID=4748) to work on /opt/airflow/dags/sevdesk_to_hubspot.py
[2025-03-19T00:19:11.735+0000] {processor.py:914} INFO - Processing file /opt/airflow/dags/sevdesk_to_hubspot.py for tasks to queue
[2025-03-19T00:19:11.735+0000] {logging_mixin.py:190} INFO - [2025-03-19T00:19:11.735+0000] {dagbag.py:588} INFO - Filling up the DagBag from /opt/airflow/dags/sevdesk_to_hubspot.py
[2025-03-19T00:19:11.739+0000] {processor.py:925} INFO - DAG(s) 'sevdesk_to_hubspot_manual' retrieved from /opt/airflow/dags/sevdesk_to_hubspot.py
[2025-03-19T00:19:11.747+0000] {logging_mixin.py:190} INFO - [2025-03-19T00:19:11.747+0000] {dag.py:3239} INFO - Sync 1 DAGs
[2025-03-19T00:19:11.753+0000] {logging_mixin.py:190} INFO - [2025-03-19T00:19:11.753+0000] {dag.py:4180} INFO - Setting next_dagrun for sevdesk_to_hubspot_manual to None, run_after=None
[2025-03-19T00:19:11.759+0000] {processor.py:208} INFO - Processing /opt/airflow/dags/sevdesk_to_hubspot.py took 0.027 seconds
