[2025-03-18T23:51:39.869+0000] {local_task_job_runner.py:123} INFO - ::group::Pre task execution logs
[2025-03-18T23:51:39.974+0000] {taskinstance.py:2614} INFO - Dependencies all met for dep_context=non-requeueable deps ti=<TaskInstance: fetch_sevdesk_contacts.fetch_sevdesk_contacts_task scheduled__2024-03-23T17:00:00+00:00 [queued]>
[2025-03-18T23:51:40.118+0000] {taskinstance.py:2614} INFO - Dependencies all met for dep_context=requeueable deps ti=<TaskInstance: fetch_sevdesk_contacts.fetch_sevdesk_contacts_task scheduled__2024-03-23T17:00:00+00:00 [queued]>
[2025-03-18T23:51:40.127+0000] {taskinstance.py:2867} INFO - Starting attempt 1 of 2
[2025-03-18T23:51:41.725+0000] {taskinstance.py:2890} INFO - Executing <Task(PythonOperator): fetch_sevdesk_contacts_task> on 2024-03-23 17:00:00+00:00
[2025-03-18T23:51:41.751+0000] {warnings.py:112} WARNING - /home/***/.local/lib/python3.12/site-packages/***/task/task_runner/standard_task_runner.py:70: DeprecationWarning: This process (pid=490) is multi-threaded, use of fork() may lead to deadlocks in the child.
  pid = os.fork()

[2025-03-18T23:51:41.759+0000] {standard_task_runner.py:72} INFO - Started process 509 to run task
[2025-03-18T23:51:41.765+0000] {standard_task_runner.py:104} INFO - Running: ['***', 'tasks', 'run', 'fetch_sevdesk_contacts', 'fetch_sevdesk_contacts_task', 'scheduled__2024-03-23T17:00:00+00:00', '--job-id', '467', '--raw', '--subdir', 'DAGS_FOLDER/fetch_sevdesk_contacts_dag.py', '--cfg-path', '/tmp/tmpuuo7awq5']
[2025-03-18T23:51:41.852+0000] {standard_task_runner.py:105} INFO - Job 467: Subtask fetch_sevdesk_contacts_task
[2025-03-18T23:51:42.002+0000] {task_command.py:467} INFO - Running <TaskInstance: fetch_sevdesk_contacts.fetch_sevdesk_contacts_task scheduled__2024-03-23T17:00:00+00:00 [running]> on host e54e5582f32f
[2025-03-18T23:51:42.239+0000] {taskinstance.py:3134} INFO - Exporting env vars: AIRFLOW_CTX_DAG_OWNER='***' AIRFLOW_CTX_DAG_ID='fetch_sevdesk_contacts' AIRFLOW_CTX_TASK_ID='fetch_sevdesk_contacts_task' AIRFLOW_CTX_EXECUTION_DATE='2024-03-23T17:00:00+00:00' AIRFLOW_CTX_TRY_NUMBER='1' AIRFLOW_CTX_DAG_RUN_ID='scheduled__2024-03-23T17:00:00+00:00'
[2025-03-18T23:51:42.258+0000] {logging_mixin.py:190} INFO - Task instance is in running state
[2025-03-18T23:51:42.265+0000] {logging_mixin.py:190} INFO -  Previous state of the Task instance: queued
[2025-03-18T23:51:42.266+0000] {logging_mixin.py:190} INFO - Current task name:fetch_sevdesk_contacts_task state:running start_date:2025-03-18 23:51:40.015183+00:00
[2025-03-18T23:51:42.268+0000] {logging_mixin.py:190} INFO - Dag name:fetch_sevdesk_contacts and current dag run status:running
[2025-03-18T23:51:42.269+0000] {taskinstance.py:732} INFO - ::endgroup::
[2025-03-18T23:51:42.270+0000] {logging_mixin.py:190} INFO - Using createAfter filter: 2025-03-17T23:51:42.270638
[2025-03-18T23:51:42.271+0000] {logging_mixin.py:190} INFO - Current timestamp: 2025-03-18T23:51:42.270661
[2025-03-18T23:51:42.530+0000] {logging_mixin.py:190} INFO - +------------+-----------------------+------------+------------------------+------------------------+------------------------+------------------------+
[2025-03-18T23:51:42.535+0000] {logging_mixin.py:190} INFO - | Contact ID | First Name            | Last Name | Email                  | Created at               | Sensor timestamp     | Current Timestamp       | Flag       |
[2025-03-18T23:51:42.537+0000] {logging_mixin.py:190} INFO - +------------+-----------------------+------------+------------------------+------------------------+------------------------+------------------------+
[2025-03-18T23:51:42.744+0000] {logging_mixin.py:190} INFO - | 99251600   | John                 | Snow       | None                   | 2025-03-19T00:46:48+01:00 | 2025-03-17T23:51:42.270638 | 2025-03-18T23:51:42.270661 | New        |
[2025-03-18T23:51:42.932+0000] {logging_mixin.py:190} INFO - | 99251599   | John                 | Snow       | None                   | 2025-03-19T00:46:48+01:00 | 2025-03-17T23:51:42.270638 | 2025-03-18T23:51:42.270661 | New        |
[2025-03-18T23:51:43.147+0000] {logging_mixin.py:190} INFO - | 99245309   | John                 | Snow       | string@gmail.com       | 2025-03-18T21:28:43+01:00 | 2025-03-17T23:51:42.270638 | 2025-03-18T23:51:42.270661 | New        |
[2025-03-18T23:51:43.338+0000] {logging_mixin.py:190} INFO - | 99203418   | my                   | Testcompany | None                   | 2025-03-18T11:12:58+01:00 | 2025-03-17T23:51:42.270638 | 2025-03-18T23:51:42.270661 | New        |
[2025-03-18T23:51:43.573+0000] {logging_mixin.py:190} INFO - | 99197535   | John                 | Doe        | string@gmail.com       | 2025-03-18T09:48:48+01:00 | 2025-03-17T23:51:42.270638 | 2025-03-18T23:51:42.270661 | New        |
[2025-03-18T23:51:43.774+0000] {logging_mixin.py:190} INFO - | 99183170   | my                   | Testcompany | None                   | 2025-03-17T23:29:08+01:00 | 2025-03-17T23:51:42.270638 | 2025-03-18T23:51:42.270661 | Old        |
[2025-03-18T23:51:43.945+0000] {logging_mixin.py:190} INFO - | 99182294   | my                   | Testcompany | None                   | 2025-03-17T22:57:31+01:00 | 2025-03-17T23:51:42.270638 | 2025-03-18T23:51:42.270661 | Old        |
[2025-03-18T23:51:44.139+0000] {logging_mixin.py:190} INFO - | 99178582   | My                   | Testcompany | None                   | 2025-03-17T21:12:19+01:00 | 2025-03-17T23:51:42.270638 | 2025-03-18T23:51:42.270661 | Old        |
[2025-03-18T23:51:44.316+0000] {logging_mixin.py:190} INFO - | 99178296   | My                   | Testcompany | None                   | 2025-03-17T21:05:17+01:00 | 2025-03-17T23:51:42.270638 | 2025-03-18T23:51:42.270661 | Old        |
[2025-03-18T23:51:44.493+0000] {logging_mixin.py:190} INFO - | 99177988   | My                   | Testcompany | None                   | 2025-03-17T20:59:41+01:00 | 2025-03-17T23:51:42.270638 | 2025-03-18T23:51:42.270661 | Old        |
[2025-03-18T23:51:44.674+0000] {logging_mixin.py:190} INFO - | 99177549   | My                   | Testcompany | None                   | 2025-03-17T20:49:25+01:00 | 2025-03-17T23:51:42.270638 | 2025-03-18T23:51:42.270661 | Old        |
[2025-03-18T23:51:44.854+0000] {logging_mixin.py:190} INFO - | 99176805   | My                   | Testcompany | None                   | 2025-03-17T20:30:44+01:00 | 2025-03-17T23:51:42.270638 | 2025-03-18T23:51:42.270661 | Old        |
[2025-03-18T23:51:45.030+0000] {logging_mixin.py:190} INFO - | 99176275   | My                   | Testcompany | None                   | 2025-03-17T20:22:32+01:00 | 2025-03-17T23:51:42.270638 | 2025-03-18T23:51:42.270661 | Old        |
[2025-03-18T23:51:45.193+0000] {logging_mixin.py:190} INFO - | 99173138   | first_kal            | N/A        | flkal@example.com      | 2025-03-17T19:05:55+01:00 | 2025-03-17T23:51:42.270638 | 2025-03-18T23:51:42.270661 | Old        |
[2025-03-18T23:51:45.370+0000] {logging_mixin.py:190} INFO - | 99172144   | first_kal            | N/A        | flkal@example.com      | 2025-03-17T18:42:58+01:00 | 2025-03-17T23:51:42.270638 | 2025-03-18T23:51:42.270661 | Old        |
[2025-03-18T23:51:45.531+0000] {logging_mixin.py:190} INFO - | 98976708   | first_kal            | N/A        | flkal@example.com      | 2025-03-15T14:29:20+01:00 | 2025-03-17T23:51:42.270638 | 2025-03-18T23:51:42.270661 | Old        |
[2025-03-18T23:51:45.717+0000] {logging_mixin.py:190} INFO - | 98971508   | John                 | N/A        | None                   | 2025-03-15T13:01:44+01:00 | 2025-03-17T23:51:42.270638 | 2025-03-18T23:51:42.270661 | Old        |
[2025-03-18T23:51:45.885+0000] {logging_mixin.py:190} INFO - | 98971422   | John                 | Doe        | johndoe@example.com    | 2025-03-15T12:59:07+01:00 | 2025-03-17T23:51:42.270638 | 2025-03-18T23:51:42.270661 | Old        |
[2025-03-18T23:51:46.062+0000] {logging_mixin.py:190} INFO - | 98970848   | John                 | N/A        | None                   | 2025-03-15T12:42:01+01:00 | 2025-03-17T23:51:42.270638 | 2025-03-18T23:51:42.270661 | Old        |
[2025-03-18T23:51:46.228+0000] {logging_mixin.py:190} INFO - | 98969935   | My                   | Testcompany | None                   | 2025-03-15T12:18:57+01:00 | 2025-03-17T23:51:42.270638 | 2025-03-18T23:51:42.270661 | Old        |
[2025-03-18T23:51:46.404+0000] {logging_mixin.py:190} INFO - | 98956413   | John                 | N/A        | None                   | 2025-03-15T02:43:55+01:00 | 2025-03-17T23:51:42.270638 | 2025-03-18T23:51:42.270661 | Old        |
[2025-03-18T23:51:46.582+0000] {logging_mixin.py:190} INFO - | 98953498   | John                 | N/A        | None                   | 2025-03-15T02:21:21+01:00 | 2025-03-17T23:51:42.270638 | 2025-03-18T23:51:42.270661 | Old        |
[2025-03-18T23:51:46.764+0000] {logging_mixin.py:190} INFO - | 98932742   | John                 | N/A        | None                   | 2025-03-15T02:04:54+01:00 | 2025-03-17T23:51:42.270638 | 2025-03-18T23:51:42.270661 | Old        |
[2025-03-18T23:51:46.925+0000] {logging_mixin.py:190} INFO - | 98930430   | John1                | N/A        | None                   | 2025-03-15T02:00:59+01:00 | 2025-03-17T23:51:42.270638 | 2025-03-18T23:51:42.270661 | Old        |
[2025-03-18T23:51:47.129+0000] {logging_mixin.py:190} INFO - | 98930400   | John1                | N/A        | None                   | 2025-03-15T01:59:30+01:00 | 2025-03-17T23:51:42.270638 | 2025-03-18T23:51:42.270661 | Old        |
[2025-03-18T23:51:47.316+0000] {logging_mixin.py:190} INFO - | 98930384   | John1                | N/A        | None                   | 2025-03-15T01:58:33+01:00 | 2025-03-17T23:51:42.270638 | 2025-03-18T23:51:42.270661 | Old        |
[2025-03-18T23:51:47.499+0000] {logging_mixin.py:190} INFO - | 98930326   | John1                | N/A        | None                   | 2025-03-15T01:54:51+01:00 | 2025-03-17T23:51:42.270638 | 2025-03-18T23:51:42.270661 | Old        |
[2025-03-18T23:51:47.647+0000] {logging_mixin.py:190} INFO - | 98930274   | John1                | N/A        | None                   | 2025-03-15T01:51:03+01:00 | 2025-03-17T23:51:42.270638 | 2025-03-18T23:51:42.270661 | Old        |
[2025-03-18T23:51:47.839+0000] {logging_mixin.py:190} INFO - | 98929863   | John                 | N/A        | None                   | 2025-03-15T01:26:43+01:00 | 2025-03-17T23:51:42.270638 | 2025-03-18T23:51:42.270661 | Old        |
[2025-03-18T23:51:47.997+0000] {logging_mixin.py:190} INFO - | 98928548   | John                 | N/A        | None                   | 2025-03-15T00:11:45+01:00 | 2025-03-17T23:51:42.270638 | 2025-03-18T23:51:42.270661 | Old        |
[2025-03-18T23:51:48.218+0000] {logging_mixin.py:190} INFO - | 98928508   | John                 | N/A        | None                   | 2025-03-15T00:09:39+01:00 | 2025-03-17T23:51:42.270638 | 2025-03-18T23:51:42.270661 | Old        |
[2025-03-18T23:51:48.441+0000] {logging_mixin.py:190} INFO - | 98890719   | my                   | Testcompany | None                   | 2025-03-14T10:59:24+01:00 | 2025-03-17T23:51:42.270638 | 2025-03-18T23:51:42.270661 | Old        |
[2025-03-18T23:51:48.647+0000] {logging_mixin.py:190} INFO - | 98873796   | My                   | Testcompany | None                   | 2025-03-14T01:48:05+01:00 | 2025-03-17T23:51:42.270638 | 2025-03-18T23:51:42.270661 | Old        |
[2025-03-18T23:51:48.827+0000] {logging_mixin.py:190} INFO - | 98192934   | Final                | Test       | final.testing@gmail.com | 2025-03-04T20:01:44+01:00 | 2025-03-17T23:51:42.270638 | 2025-03-18T23:51:42.270661 | Old        |
[2025-03-18T23:51:49.026+0000] {logging_mixin.py:190} INFO - | 98065087   | RANDOMNAMETest       | N/A        | mr.prakhar@gmail5.com  | 2025-03-03T06:23:19+01:00 | 2025-03-17T23:51:42.270638 | 2025-03-18T23:51:42.270661 | Old        |
[2025-03-18T23:51:49.246+0000] {logging_mixin.py:190} INFO - | 98054504   | Testing2             | N/A        | abc@gmail.com          | 2025-03-02T22:19:16+01:00 | 2025-03-17T23:51:42.270638 | 2025-03-18T23:51:42.270661 | Old        |
[2025-03-18T23:51:49.417+0000] {logging_mixin.py:190} INFO - | 97985262   | Testing              | N/A        | mr.prakhar@testgmail.com | 2025-03-02T00:05:11+01:00 | 2025-03-17T23:51:42.270638 | 2025-03-18T23:51:42.270661 | Old        |
[2025-03-18T23:51:49.615+0000] {logging_mixin.py:190} INFO - | 97713515   | sevdeskORG           | N/A        | sevdesk@example.com    | 2025-02-25T17:34:42+01:00 | 2025-03-17T23:51:42.270638 | 2025-03-18T23:51:42.270661 | Old        |
[2025-03-18T23:51:49.796+0000] {logging_mixin.py:190} INFO - | 83206214   | Testing              | GmbH       | None                   | 2024-09-14T16:52:15+02:00 | 2025-03-17T23:51:42.270638 | 2025-03-18T23:51:42.270661 | Old        |
[2025-03-18T23:51:49.798+0000] {logging_mixin.py:190} INFO - +------------+-----------------------+------------+------------------------+------------------------+------------------------+------------------------+
[2025-03-18T23:51:49.801+0000] {python.py:240} INFO - Done. Returned value was: None
[2025-03-18T23:51:49.825+0000] {taskinstance.py:341} INFO - ::group::Post task execution logs
[2025-03-18T23:51:49.826+0000] {taskinstance.py:353} INFO - Marking task as SUCCESS. dag_id=fetch_sevdesk_contacts, task_id=fetch_sevdesk_contacts_task, run_id=scheduled__2024-03-23T17:00:00+00:00, execution_date=20240323T170000, start_date=20250318T235140, end_date=20250318T235149
[2025-03-18T23:51:49.856+0000] {logging_mixin.py:190} INFO - Task instance in success state
[2025-03-18T23:51:49.857+0000] {logging_mixin.py:190} INFO -  Previous state of the Task instance: running
[2025-03-18T23:51:49.857+0000] {logging_mixin.py:190} INFO - Dag name:fetch_sevdesk_contacts queued_at:2025-03-18 23:51:33.274199+00:00
[2025-03-18T23:51:49.857+0000] {logging_mixin.py:190} INFO - Task hostname:e54e5582f32f operator:PythonOperator
[2025-03-18T23:51:49.906+0000] {local_task_job_runner.py:266} INFO - Task exited with return code 0
[2025-03-18T23:51:49.929+0000] {taskinstance.py:3901} INFO - 0 downstream tasks scheduled from follow-on schedule check
[2025-03-18T23:51:49.930+0000] {local_task_job_runner.py:245} INFO - ::endgroup::
