[2025-03-17T16:41:52.657+0000] {local_task_job_runner.py:123} INFO - ::group::Pre task execution logs
[2025-03-17T16:41:52.662+0000] {taskinstance.py:2614} INFO - Dependencies all met for dep_context=non-requeueable deps ti=<TaskInstance: sevdesk_to_hubspot.fetch_email_from_sevdesk manual__2025-03-17T16:41:51.253236+00:00 [queued]>
[2025-03-17T16:41:52.664+0000] {taskinstance.py:2614} INFO - Dependencies all met for dep_context=requeueable deps ti=<TaskInstance: sevdesk_to_hubspot.fetch_email_from_sevdesk manual__2025-03-17T16:41:51.253236+00:00 [queued]>
[2025-03-17T16:41:52.664+0000] {taskinstance.py:2867} INFO - Starting attempt 1 of 2
[2025-03-17T16:41:52.731+0000] {taskinstance.py:2890} INFO - Executing <Task(PythonOperator): fetch_email_from_sevdesk> on 2025-03-17 16:41:51.253236+00:00
[2025-03-17T16:41:52.734+0000] {warnings.py:112} WARNING - /home/***/.local/lib/python3.12/site-packages/***/task/task_runner/standard_task_runner.py:70: DeprecationWarning: This process (pid=527) is multi-threaded, use of fork() may lead to deadlocks in the child.
  pid = os.fork()

[2025-03-17T16:41:52.735+0000] {standard_task_runner.py:72} INFO - Started process 528 to run task
[2025-03-17T16:41:52.735+0000] {standard_task_runner.py:104} INFO - Running: ['***', 'tasks', 'run', 'sevdesk_to_hubspot', 'fetch_email_from_sevdesk', 'manual__2025-03-17T16:41:51.253236+00:00', '--job-id', '12', '--raw', '--subdir', 'DAGS_FOLDER/sevdesk_to_hubspot.py', '--cfg-path', '/tmp/tmpv1xqkerl']
[2025-03-17T16:41:52.736+0000] {standard_task_runner.py:105} INFO - Job 12: Subtask fetch_email_from_sevdesk
[2025-03-17T16:41:52.761+0000] {task_command.py:467} INFO - Running <TaskInstance: sevdesk_to_hubspot.fetch_email_from_sevdesk manual__2025-03-17T16:41:51.253236+00:00 [running]> on host 07f4f36f3e31
[2025-03-17T16:41:52.783+0000] {taskinstance.py:3134} INFO - Exporting env vars: AIRFLOW_CTX_DAG_OWNER='***' AIRFLOW_CTX_DAG_ID='sevdesk_to_hubspot' AIRFLOW_CTX_TASK_ID='fetch_email_from_sevdesk' AIRFLOW_CTX_EXECUTION_DATE='2025-03-17T16:41:51.253236+00:00' AIRFLOW_CTX_TRY_NUMBER='1' AIRFLOW_CTX_DAG_RUN_ID='manual__2025-03-17T16:41:51.253236+00:00'
[2025-03-17T16:41:52.784+0000] {logging_mixin.py:190} INFO - Task instance is in running state
[2025-03-17T16:41:52.784+0000] {logging_mixin.py:190} INFO -  Previous state of the Task instance: queued
[2025-03-17T16:41:52.784+0000] {logging_mixin.py:190} INFO - Current task name:fetch_email_from_sevdesk state:running start_date:2025-03-17 16:41:52.662751+00:00
[2025-03-17T16:41:52.784+0000] {logging_mixin.py:190} INFO - Dag name:sevdesk_to_hubspot and current dag run status:running
[2025-03-17T16:41:52.784+0000] {taskinstance.py:732} INFO - ::endgroup::
[2025-03-17T16:41:52.986+0000] {python.py:240} INFO - Done. Returned value was: flkal@example.com
[2025-03-17T16:41:53.004+0000] {taskinstance.py:341} INFO - ::group::Post task execution logs
[2025-03-17T16:41:53.004+0000] {taskinstance.py:353} INFO - Marking task as SUCCESS. dag_id=sevdesk_to_hubspot, task_id=fetch_email_from_sevdesk, run_id=manual__2025-03-17T16:41:51.253236+00:00, execution_date=20250317T164151, start_date=20250317T164152, end_date=20250317T164153
[2025-03-17T16:41:53.016+0000] {logging_mixin.py:190} INFO - Task instance in success state
[2025-03-17T16:41:53.016+0000] {logging_mixin.py:190} INFO -  Previous state of the Task instance: running
[2025-03-17T16:41:53.016+0000] {logging_mixin.py:190} INFO - Dag name:sevdesk_to_hubspot queued_at:2025-03-17 16:41:51.265685+00:00
[2025-03-17T16:41:53.016+0000] {logging_mixin.py:190} INFO - Task hostname:07f4f36f3e31 operator:PythonOperator
[2025-03-17T16:41:53.050+0000] {local_task_job_runner.py:266} INFO - Task exited with return code 0
[2025-03-17T16:41:53.065+0000] {taskinstance.py:3901} INFO - 1 downstream tasks scheduled from follow-on schedule check
[2025-03-17T16:41:53.065+0000] {local_task_job_runner.py:245} INFO - ::endgroup::
