[2025-03-19T00:14:10.893+0000] {local_task_job_runner.py:123} INFO - ::group::Pre task execution logs
[2025-03-19T00:14:11.381+0000] {taskinstance.py:2614} INFO - Dependencies all met for dep_context=non-requeueable deps ti=<TaskInstance: fetch_sevdesk_contacts.fetch_sevdesk_contacts_task scheduled__2024-06-14T08:00:00+00:00 [queued]>
[2025-03-19T00:14:11.403+0000] {taskinstance.py:2614} INFO - Dependencies all met for dep_context=requeueable deps ti=<TaskInstance: fetch_sevdesk_contacts.fetch_sevdesk_contacts_task scheduled__2024-06-14T08:00:00+00:00 [queued]>
[2025-03-19T00:14:11.432+0000] {taskinstance.py:2867} INFO - Starting attempt 1 of 2
[2025-03-19T00:14:11.483+0000] {taskinstance.py:2890} INFO - Executing <Task(PythonOperator): fetch_sevdesk_contacts_task> on 2024-06-14 08:00:00+00:00
[2025-03-19T00:14:11.507+0000] {warnings.py:112} WARNING - /home/***/.local/lib/python3.12/site-packages/***/task/task_runner/standard_task_runner.py:70: DeprecationWarning: This process (pid=6752) is multi-threaded, use of fork() may lead to deadlocks in the child.
  pid = os.fork()

[2025-03-19T00:14:11.512+0000] {standard_task_runner.py:72} INFO - Started process 6765 to run task
[2025-03-19T00:14:11.510+0000] {standard_task_runner.py:104} INFO - Running: ['***', 'tasks', 'run', 'fetch_sevdesk_contacts', 'fetch_sevdesk_contacts_task', 'scheduled__2024-06-14T08:00:00+00:00', '--job-id', '2459', '--raw', '--subdir', 'DAGS_FOLDER/fetch_sevdesk_contacts_dag.py', '--cfg-path', '/tmp/tmpllk0jsvp']
[2025-03-19T00:14:11.518+0000] {standard_task_runner.py:105} INFO - Job 2459: Subtask fetch_sevdesk_contacts_task
[2025-03-19T00:14:11.676+0000] {task_command.py:467} INFO - Running <TaskInstance: fetch_sevdesk_contacts.fetch_sevdesk_contacts_task scheduled__2024-06-14T08:00:00+00:00 [running]> on host e54e5582f32f
[2025-03-19T00:14:11.904+0000] {taskinstance.py:3134} INFO - Exporting env vars: AIRFLOW_CTX_DAG_OWNER='***' AIRFLOW_CTX_DAG_ID='fetch_sevdesk_contacts' AIRFLOW_CTX_TASK_ID='fetch_sevdesk_contacts_task' AIRFLOW_CTX_EXECUTION_DATE='2024-06-14T08:00:00+00:00' AIRFLOW_CTX_TRY_NUMBER='1' AIRFLOW_CTX_DAG_RUN_ID='scheduled__2024-06-14T08:00:00+00:00'
[2025-03-19T00:14:11.907+0000] {logging_mixin.py:190} INFO - Task instance is in running state
[2025-03-19T00:14:11.911+0000] {logging_mixin.py:190} INFO -  Previous state of the Task instance: queued
[2025-03-19T00:14:11.912+0000] {logging_mixin.py:190} INFO - Current task name:fetch_sevdesk_contacts_task state:running start_date:2025-03-19 00:14:11.394062+00:00
[2025-03-19T00:14:11.916+0000] {logging_mixin.py:190} INFO - Dag name:fetch_sevdesk_contacts and current dag run status:running
[2025-03-19T00:14:11.923+0000] {taskinstance.py:732} INFO - ::endgroup::
[2025-03-19T00:14:11.926+0000] {logging_mixin.py:190} INFO - Using createAfter filter: 2025-03-18T00:14:11.926882
[2025-03-19T00:14:11.946+0000] {logging_mixin.py:190} INFO - Current timestamp: 2025-03-19T00:14:11.926892
[2025-03-19T00:14:12.266+0000] {python.py:240} INFO - Done. Returned value was: None
[2025-03-19T00:14:12.310+0000] {taskinstance.py:341} INFO - ::group::Post task execution logs
[2025-03-19T00:14:12.352+0000] {taskinstance.py:353} INFO - Marking task as SUCCESS. dag_id=fetch_sevdesk_contacts, task_id=fetch_sevdesk_contacts_task, run_id=scheduled__2024-06-14T08:00:00+00:00, execution_date=20240614T080000, start_date=20250319T001411, end_date=20250319T001412
[2025-03-19T00:14:12.449+0000] {logging_mixin.py:190} INFO - Task instance in success state
[2025-03-19T00:14:12.449+0000] {logging_mixin.py:190} INFO -  Previous state of the Task instance: running
[2025-03-19T00:14:12.450+0000] {logging_mixin.py:190} INFO - Dag name:fetch_sevdesk_contacts queued_at:2025-03-19 00:14:08.935487+00:00
[2025-03-19T00:14:12.450+0000] {logging_mixin.py:190} INFO - Task hostname:e54e5582f32f operator:PythonOperator
[2025-03-19T00:14:12.499+0000] {local_task_job_runner.py:266} INFO - Task exited with return code 0
[2025-03-19T00:14:12.582+0000] {local_task_job_runner.py:245} INFO - ::endgroup::
