[2025-03-17T16:25:40.220+0000] {local_task_job_runner.py:123} INFO - ::group::Pre task execution logs
[2025-03-17T16:25:40.225+0000] {taskinstance.py:2614} INFO - Dependencies all met for dep_context=non-requeueable deps ti=<TaskInstance: fetch_sevdesk_contact.fetch_contact_details manual__2025-03-17T16:25:39.170015+00:00 [queued]>
[2025-03-17T16:25:40.227+0000] {taskinstance.py:2614} INFO - Dependencies all met for dep_context=requeueable deps ti=<TaskInstance: fetch_sevdesk_contact.fetch_contact_details manual__2025-03-17T16:25:39.170015+00:00 [queued]>
[2025-03-17T16:25:40.227+0000] {taskinstance.py:2867} INFO - Starting attempt 1 of 2
[2025-03-17T16:25:40.294+0000] {taskinstance.py:2890} INFO - Executing <Task(PythonOperator): fetch_contact_details> on 2025-03-17 16:25:39.170015+00:00
[2025-03-17T16:25:40.297+0000] {warnings.py:112} WARNING - /home/***/.local/lib/python3.12/site-packages/***/task/task_runner/standard_task_runner.py:70: DeprecationWarning: This process (pid=295) is multi-threaded, use of fork() may lead to deadlocks in the child.
  pid = os.fork()

[2025-03-17T16:25:40.298+0000] {standard_task_runner.py:72} INFO - Started process 296 to run task
[2025-03-17T16:25:40.298+0000] {standard_task_runner.py:104} INFO - Running: ['***', 'tasks', 'run', 'fetch_sevdesk_contact', 'fetch_contact_details', 'manual__2025-03-17T16:25:39.170015+00:00', '--job-id', '6', '--raw', '--subdir', 'DAGS_FOLDER/getEmail_dag.py', '--cfg-path', '/tmp/tmp7erkwiny']
[2025-03-17T16:25:40.299+0000] {standard_task_runner.py:105} INFO - Job 6: Subtask fetch_contact_details
[2025-03-17T16:25:40.322+0000] {task_command.py:467} INFO - Running <TaskInstance: fetch_sevdesk_contact.fetch_contact_details manual__2025-03-17T16:25:39.170015+00:00 [running]> on host 07f4f36f3e31
[2025-03-17T16:25:40.344+0000] {taskinstance.py:3134} INFO - Exporting env vars: AIRFLOW_CTX_DAG_OWNER='***' AIRFLOW_CTX_DAG_ID='fetch_sevdesk_contact' AIRFLOW_CTX_TASK_ID='fetch_contact_details' AIRFLOW_CTX_EXECUTION_DATE='2025-03-17T16:25:39.170015+00:00' AIRFLOW_CTX_TRY_NUMBER='1' AIRFLOW_CTX_DAG_RUN_ID='manual__2025-03-17T16:25:39.170015+00:00'
[2025-03-17T16:25:40.344+0000] {logging_mixin.py:190} INFO - Task instance is in running state
[2025-03-17T16:25:40.345+0000] {logging_mixin.py:190} INFO -  Previous state of the Task instance: queued
[2025-03-17T16:25:40.345+0000] {logging_mixin.py:190} INFO - Current task name:fetch_contact_details state:running start_date:2025-03-17 16:25:40.225524+00:00
[2025-03-17T16:25:40.345+0000] {logging_mixin.py:190} INFO - Dag name:fetch_sevdesk_contact and current dag run status:running
[2025-03-17T16:25:40.345+0000] {taskinstance.py:732} INFO - ::endgroup::
[2025-03-17T16:25:40.752+0000] {logging_mixin.py:190} INFO - First Name: first_kal
[2025-03-17T16:25:40.752+0000] {logging_mixin.py:190} INFO - Last Name: last_kal
[2025-03-17T16:25:40.753+0000] {logging_mixin.py:190} INFO - Email: flkal@example.com
[2025-03-17T16:25:40.753+0000] {python.py:240} INFO - Done. Returned value was: None
[2025-03-17T16:25:40.760+0000] {taskinstance.py:341} INFO - ::group::Post task execution logs
[2025-03-17T16:25:40.760+0000] {taskinstance.py:353} INFO - Marking task as SUCCESS. dag_id=fetch_sevdesk_contact, task_id=fetch_contact_details, run_id=manual__2025-03-17T16:25:39.170015+00:00, execution_date=20250317T162539, start_date=20250317T162540, end_date=20250317T162540
[2025-03-17T16:25:40.770+0000] {logging_mixin.py:190} INFO - Task instance in success state
[2025-03-17T16:25:40.771+0000] {logging_mixin.py:190} INFO -  Previous state of the Task instance: running
[2025-03-17T16:25:40.771+0000] {logging_mixin.py:190} INFO - Dag name:fetch_sevdesk_contact queued_at:2025-03-17 16:25:39.180956+00:00
[2025-03-17T16:25:40.771+0000] {logging_mixin.py:190} INFO - Task hostname:07f4f36f3e31 operator:PythonOperator
[2025-03-17T16:25:40.784+0000] {local_task_job_runner.py:266} INFO - Task exited with return code 0
[2025-03-17T16:25:40.791+0000] {taskinstance.py:3901} INFO - 0 downstream tasks scheduled from follow-on schedule check
[2025-03-17T16:25:40.792+0000] {local_task_job_runner.py:245} INFO - ::endgroup::
