[2025-03-19T00:05:31.275+0000] {local_task_job_runner.py:123} INFO - ::group::Pre task execution logs
[2025-03-19T00:05:31.348+0000] {taskinstance.py:2614} INFO - Dependencies all met for dep_context=non-requeueable deps ti=<TaskInstance: fetch_sevdesk_contacts.fetch_sevdesk_contacts_task scheduled__2024-05-08T00:00:00+00:00 [queued]>
[2025-03-19T00:05:31.374+0000] {taskinstance.py:2614} INFO - Dependencies all met for dep_context=requeueable deps ti=<TaskInstance: fetch_sevdesk_contacts.fetch_sevdesk_contacts_task scheduled__2024-05-08T00:00:00+00:00 [queued]>
[2025-03-19T00:05:31.422+0000] {taskinstance.py:2867} INFO - Starting attempt 1 of 2
[2025-03-19T00:05:31.474+0000] {taskinstance.py:2890} INFO - Executing <Task(PythonOperator): fetch_sevdesk_contacts_task> on 2024-05-08 00:00:00+00:00
[2025-03-19T00:05:31.502+0000] {standard_task_runner.py:104} INFO - Running: ['***', 'tasks', 'run', 'fetch_sevdesk_contacts', 'fetch_sevdesk_contacts_task', 'scheduled__2024-05-08T00:00:00+00:00', '--job-id', '1564', '--raw', '--subdir', 'DAGS_FOLDER/fetch_sevdesk_contacts_dag.py', '--cfg-path', '/tmp/tmppnnneedn']
[2025-03-19T00:05:31.512+0000] {standard_task_runner.py:105} INFO - Job 1564: Subtask fetch_sevdesk_contacts_task
[2025-03-19T00:05:31.495+0000] {warnings.py:112} WARNING - /home/***/.local/lib/python3.12/site-packages/***/task/task_runner/standard_task_runner.py:70: DeprecationWarning: This process (pid=3947) is multi-threaded, use of fork() may lead to deadlocks in the child.
  pid = os.fork()

[2025-03-19T00:05:31.513+0000] {standard_task_runner.py:72} INFO - Started process 3965 to run task
[2025-03-19T00:05:32.566+0000] {task_command.py:467} INFO - Running <TaskInstance: fetch_sevdesk_contacts.fetch_sevdesk_contacts_task scheduled__2024-05-08T00:00:00+00:00 [running]> on host e54e5582f32f
[2025-03-19T00:05:32.655+0000] {taskinstance.py:3134} INFO - Exporting env vars: AIRFLOW_CTX_DAG_OWNER='***' AIRFLOW_CTX_DAG_ID='fetch_sevdesk_contacts' AIRFLOW_CTX_TASK_ID='fetch_sevdesk_contacts_task' AIRFLOW_CTX_EXECUTION_DATE='2024-05-08T00:00:00+00:00' AIRFLOW_CTX_TRY_NUMBER='1' AIRFLOW_CTX_DAG_RUN_ID='scheduled__2024-05-08T00:00:00+00:00'
[2025-03-19T00:05:32.671+0000] {logging_mixin.py:190} INFO - Task instance is in running state
[2025-03-19T00:05:32.674+0000] {logging_mixin.py:190} INFO -  Previous state of the Task instance: queued
[2025-03-19T00:05:32.680+0000] {logging_mixin.py:190} INFO - Current task name:fetch_sevdesk_contacts_task state:running start_date:2025-03-19 00:05:31.356738+00:00
[2025-03-19T00:05:32.682+0000] {logging_mixin.py:190} INFO - Dag name:fetch_sevdesk_contacts and current dag run status:running
[2025-03-19T00:05:32.687+0000] {taskinstance.py:732} INFO - ::endgroup::
[2025-03-19T00:05:32.693+0000] {logging_mixin.py:190} INFO - Using createAfter filter: 2025-03-18T00:05:32.693343
[2025-03-19T00:05:32.698+0000] {logging_mixin.py:190} INFO - Current timestamp: 2025-03-19T00:05:32.693358
[2025-03-19T00:05:32.851+0000] {python.py:240} INFO - Done. Returned value was: None
[2025-03-19T00:05:32.899+0000] {taskinstance.py:341} INFO - ::group::Post task execution logs
[2025-03-19T00:05:32.904+0000] {taskinstance.py:353} INFO - Marking task as SUCCESS. dag_id=fetch_sevdesk_contacts, task_id=fetch_sevdesk_contacts_task, run_id=scheduled__2024-05-08T00:00:00+00:00, execution_date=20240508T000000, start_date=20250319T000531, end_date=20250319T000532
[2025-03-19T00:05:32.981+0000] {logging_mixin.py:190} INFO - Task instance in success state
[2025-03-19T00:05:32.981+0000] {logging_mixin.py:190} INFO -  Previous state of the Task instance: running
[2025-03-19T00:05:32.983+0000] {logging_mixin.py:190} INFO - Dag name:fetch_sevdesk_contacts queued_at:2025-03-19 00:05:28.350245+00:00
[2025-03-19T00:05:32.993+0000] {logging_mixin.py:190} INFO - Task hostname:e54e5582f32f operator:PythonOperator
[2025-03-19T00:05:33.041+0000] {local_task_job_runner.py:266} INFO - Task exited with return code 0
[2025-03-19T00:05:33.528+0000] {taskinstance.py:3901} INFO - 0 downstream tasks scheduled from follow-on schedule check
[2025-03-19T00:05:33.537+0000] {local_task_job_runner.py:245} INFO - ::endgroup::
