[2025-03-18T10:35:00.818+0000] {local_task_job_runner.py:123} INFO - ::group::Pre task execution logs
[2025-03-18T10:35:00.824+0000] {taskinstance.py:2614} INFO - Dependencies all met for dep_context=non-requeueable deps ti=<TaskInstance: sevdesk_to_hubspot_sync_dynamic.detect_new_contact_in_sevdesk scheduled__2025-03-18T10:30:00+00:00 [queued]>
[2025-03-18T10:35:00.826+0000] {taskinstance.py:2614} INFO - Dependencies all met for dep_context=requeueable deps ti=<TaskInstance: sevdesk_to_hubspot_sync_dynamic.detect_new_contact_in_sevdesk scheduled__2025-03-18T10:30:00+00:00 [queued]>
[2025-03-18T10:35:00.826+0000] {taskinstance.py:2867} INFO - Starting attempt 1 of 2
[2025-03-18T10:35:00.894+0000] {taskinstance.py:2890} INFO - Executing <Task(SevDeskNewContactSensor): detect_new_contact_in_sevdesk> on 2025-03-18 10:30:00+00:00
[2025-03-18T10:35:00.898+0000] {warnings.py:112} WARNING - /home/***/.local/lib/python3.12/site-packages/***/task/task_runner/standard_task_runner.py:70: DeprecationWarning: This process (pid=2721) is multi-threaded, use of fork() may lead to deadlocks in the child.
  pid = os.fork()

[2025-03-18T10:35:00.900+0000] {standard_task_runner.py:72} INFO - Started process 2722 to run task
[2025-03-18T10:35:00.901+0000] {standard_task_runner.py:104} INFO - Running: ['***', 'tasks', 'run', 'sevdesk_to_hubspot_sync_dynamic', 'detect_new_contact_in_sevdesk', 'scheduled__2025-03-18T10:30:00+00:00', '--job-id', '224', '--raw', '--subdir', 'DAGS_FOLDER/dynamicsensor_dag.py', '--cfg-path', '/tmp/tmpme4aun60']
[2025-03-18T10:35:00.901+0000] {standard_task_runner.py:105} INFO - Job 224: Subtask detect_new_contact_in_sevdesk
[2025-03-18T10:35:00.926+0000] {task_command.py:467} INFO - Running <TaskInstance: sevdesk_to_hubspot_sync_dynamic.detect_new_contact_in_sevdesk scheduled__2025-03-18T10:30:00+00:00 [running]> on host 9c697b397d93
[2025-03-18T10:35:00.954+0000] {taskinstance.py:3134} INFO - Exporting env vars: AIRFLOW_CTX_DAG_OWNER='***' AIRFLOW_CTX_DAG_ID='sevdesk_to_hubspot_sync_dynamic' AIRFLOW_CTX_TASK_ID='detect_new_contact_in_sevdesk' AIRFLOW_CTX_EXECUTION_DATE='2025-03-18T10:30:00+00:00' AIRFLOW_CTX_TRY_NUMBER='1' AIRFLOW_CTX_DAG_RUN_ID='scheduled__2025-03-18T10:30:00+00:00'
[2025-03-18T10:35:00.955+0000] {logging_mixin.py:190} INFO - Task instance is in running state
[2025-03-18T10:35:00.955+0000] {logging_mixin.py:190} INFO -  Previous state of the Task instance: queued
[2025-03-18T10:35:00.955+0000] {logging_mixin.py:190} INFO - Current task name:detect_new_contact_in_sevdesk state:running start_date:2025-03-18 10:35:00.824378+00:00
[2025-03-18T10:35:00.955+0000] {logging_mixin.py:190} INFO - Dag name:sevdesk_to_hubspot_sync_dynamic and current dag run status:running
[2025-03-18T10:35:00.955+0000] {taskinstance.py:732} INFO - ::endgroup::
[2025-03-18T10:35:01.205+0000] {logging_mixin.py:190} INFO - New contact found with ID: 99203418
[2025-03-18T10:35:01.205+0000] {base.py:339} INFO - Success criteria met. Exiting.
[2025-03-18T10:35:01.214+0000] {taskinstance.py:341} INFO - ::group::Post task execution logs
[2025-03-18T10:35:01.214+0000] {taskinstance.py:353} INFO - Marking task as SUCCESS. dag_id=sevdesk_to_hubspot_sync_dynamic, task_id=detect_new_contact_in_sevdesk, run_id=scheduled__2025-03-18T10:30:00+00:00, execution_date=20250318T103000, start_date=20250318T103500, end_date=20250318T103501
[2025-03-18T10:35:01.229+0000] {logging_mixin.py:190} INFO - Task instance in success state
[2025-03-18T10:35:01.230+0000] {logging_mixin.py:190} INFO -  Previous state of the Task instance: running
[2025-03-18T10:35:01.230+0000] {logging_mixin.py:190} INFO - Dag name:sevdesk_to_hubspot_sync_dynamic queued_at:2025-03-18 10:35:00.036017+00:00
[2025-03-18T10:35:01.230+0000] {logging_mixin.py:190} INFO - Task hostname:9c697b397d93 operator:SevDeskNewContactSensor
[2025-03-18T10:35:01.252+0000] {local_task_job_runner.py:266} INFO - Task exited with return code 0
[2025-03-18T10:35:01.264+0000] {taskinstance.py:3901} INFO - 1 downstream tasks scheduled from follow-on schedule check
[2025-03-18T10:35:01.265+0000] {local_task_job_runner.py:245} INFO - ::endgroup::
