[2025-03-18T07:35:02.520+0000] {local_task_job_runner.py:123} INFO - ::group::Pre task execution logs
[2025-03-18T07:35:02.525+0000] {taskinstance.py:2614} INFO - Dependencies all met for dep_context=non-requeueable deps ti=<TaskInstance: sevdesk_to_hubspot_sync_dynamic.detect_new_contact_in_sevdesk scheduled__2025-03-18T07:30:00+00:00 [queued]>
[2025-03-18T07:35:02.528+0000] {taskinstance.py:2614} INFO - Dependencies all met for dep_context=requeueable deps ti=<TaskInstance: sevdesk_to_hubspot_sync_dynamic.detect_new_contact_in_sevdesk scheduled__2025-03-18T07:30:00+00:00 [queued]>
[2025-03-18T07:35:02.528+0000] {taskinstance.py:2867} INFO - Starting attempt 1 of 2
[2025-03-18T07:35:02.598+0000] {taskinstance.py:2890} INFO - Executing <Task(SevDeskNewContactSensor): detect_new_contact_in_sevdesk> on 2025-03-18 07:30:00+00:00
[2025-03-18T07:35:02.601+0000] {warnings.py:112} WARNING - /home/***/.local/lib/python3.12/site-packages/***/task/task_runner/standard_task_runner.py:70: DeprecationWarning: This process (pid=102) is multi-threaded, use of fork() may lead to deadlocks in the child.
  pid = os.fork()

[2025-03-18T07:35:02.602+0000] {standard_task_runner.py:72} INFO - Started process 103 to run task
[2025-03-18T07:35:02.602+0000] {standard_task_runner.py:104} INFO - Running: ['***', 'tasks', 'run', 'sevdesk_to_hubspot_sync_dynamic', 'detect_new_contact_in_sevdesk', 'scheduled__2025-03-18T07:30:00+00:00', '--job-id', '152', '--raw', '--subdir', 'DAGS_FOLDER/dynamicsensor_dag.py', '--cfg-path', '/tmp/tmp8qi8_ow0']
[2025-03-18T07:35:02.603+0000] {standard_task_runner.py:105} INFO - Job 152: Subtask detect_new_contact_in_sevdesk
[2025-03-18T07:35:02.631+0000] {task_command.py:467} INFO - Running <TaskInstance: sevdesk_to_hubspot_sync_dynamic.detect_new_contact_in_sevdesk scheduled__2025-03-18T07:30:00+00:00 [running]> on host 9c697b397d93
[2025-03-18T07:35:02.658+0000] {taskinstance.py:3134} INFO - Exporting env vars: AIRFLOW_CTX_DAG_OWNER='***' AIRFLOW_CTX_DAG_ID='sevdesk_to_hubspot_sync_dynamic' AIRFLOW_CTX_TASK_ID='detect_new_contact_in_sevdesk' AIRFLOW_CTX_EXECUTION_DATE='2025-03-18T07:30:00+00:00' AIRFLOW_CTX_TRY_NUMBER='1' AIRFLOW_CTX_DAG_RUN_ID='scheduled__2025-03-18T07:30:00+00:00'
[2025-03-18T07:35:02.659+0000] {logging_mixin.py:190} INFO - Task instance is in running state
[2025-03-18T07:35:02.659+0000] {logging_mixin.py:190} INFO -  Previous state of the Task instance: queued
[2025-03-18T07:35:02.659+0000] {logging_mixin.py:190} INFO - Current task name:detect_new_contact_in_sevdesk state:running start_date:2025-03-18 07:35:02.525672+00:00
[2025-03-18T07:35:02.659+0000] {logging_mixin.py:190} INFO - Dag name:sevdesk_to_hubspot_sync_dynamic and current dag run status:running
[2025-03-18T07:35:02.659+0000] {taskinstance.py:732} INFO - ::endgroup::
[2025-03-18T07:35:02.877+0000] {logging_mixin.py:190} INFO - New contact found with ID: 99183170
[2025-03-18T07:35:02.877+0000] {base.py:339} INFO - Success criteria met. Exiting.
[2025-03-18T07:35:02.886+0000] {taskinstance.py:341} INFO - ::group::Post task execution logs
[2025-03-18T07:35:02.886+0000] {taskinstance.py:353} INFO - Marking task as SUCCESS. dag_id=sevdesk_to_hubspot_sync_dynamic, task_id=detect_new_contact_in_sevdesk, run_id=scheduled__2025-03-18T07:30:00+00:00, execution_date=20250318T073000, start_date=20250318T073502, end_date=20250318T073502
[2025-03-18T07:35:02.899+0000] {logging_mixin.py:190} INFO - Task instance in success state
[2025-03-18T07:35:02.899+0000] {logging_mixin.py:190} INFO -  Previous state of the Task instance: running
[2025-03-18T07:35:02.900+0000] {logging_mixin.py:190} INFO - Dag name:sevdesk_to_hubspot_sync_dynamic queued_at:2025-03-18 07:35:00.342480+00:00
[2025-03-18T07:35:02.900+0000] {logging_mixin.py:190} INFO - Task hostname:9c697b397d93 operator:SevDeskNewContactSensor
[2025-03-18T07:35:02.914+0000] {local_task_job_runner.py:266} INFO - Task exited with return code 0
[2025-03-18T07:35:02.927+0000] {taskinstance.py:3901} INFO - 1 downstream tasks scheduled from follow-on schedule check
[2025-03-18T07:35:02.928+0000] {local_task_job_runner.py:245} INFO - ::endgroup::
