[2025-03-17T16:59:50.736+0000] {local_task_job_runner.py:123} INFO - ::group::Pre task execution logs
[2025-03-17T16:59:50.749+0000] {taskinstance.py:2614} INFO - Dependencies all met for dep_context=non-requeueable deps ti=<TaskInstance: sevdesk_to_hubspot_sync_dynamic.process_and_create_contact manual__2025-03-17T16:59:47.620245+00:00 [queued]>
[2025-03-17T16:59:50.752+0000] {taskinstance.py:2614} INFO - Dependencies all met for dep_context=requeueable deps ti=<TaskInstance: sevdesk_to_hubspot_sync_dynamic.process_and_create_contact manual__2025-03-17T16:59:47.620245+00:00 [queued]>
[2025-03-17T16:59:50.752+0000] {taskinstance.py:2867} INFO - Starting attempt 1 of 2
[2025-03-17T16:59:50.845+0000] {taskinstance.py:2890} INFO - Executing <Task(PythonOperator): process_and_create_contact> on 2025-03-17 16:59:47.620245+00:00
[2025-03-17T16:59:50.848+0000] {warnings.py:112} WARNING - /home/***/.local/lib/python3.12/site-packages/***/task/task_runner/standard_task_runner.py:70: DeprecationWarning: This process (pid=790) is multi-threaded, use of fork() may lead to deadlocks in the child.
  pid = os.fork()

[2025-03-17T16:59:50.849+0000] {standard_task_runner.py:72} INFO - Started process 793 to run task
[2025-03-17T16:59:50.849+0000] {standard_task_runner.py:104} INFO - Running: ['***', 'tasks', 'run', 'sevdesk_to_hubspot_sync_dynamic', 'process_and_create_contact', 'manual__2025-03-17T16:59:47.620245+00:00', '--job-id', '19', '--raw', '--subdir', 'DAGS_FOLDER/dynamicsensor_dag.py', '--cfg-path', '/tmp/tmpvsfjdhnx']
[2025-03-17T16:59:50.850+0000] {standard_task_runner.py:105} INFO - Job 19: Subtask process_and_create_contact
[2025-03-17T16:59:50.873+0000] {task_command.py:467} INFO - Running <TaskInstance: sevdesk_to_hubspot_sync_dynamic.process_and_create_contact manual__2025-03-17T16:59:47.620245+00:00 [running]> on host 07f4f36f3e31
[2025-03-17T16:59:50.897+0000] {taskinstance.py:3134} INFO - Exporting env vars: AIRFLOW_CTX_DAG_OWNER='***' AIRFLOW_CTX_DAG_ID='sevdesk_to_hubspot_sync_dynamic' AIRFLOW_CTX_TASK_ID='process_and_create_contact' AIRFLOW_CTX_EXECUTION_DATE='2025-03-17T16:59:47.620245+00:00' AIRFLOW_CTX_TRY_NUMBER='1' AIRFLOW_CTX_DAG_RUN_ID='manual__2025-03-17T16:59:47.620245+00:00'
[2025-03-17T16:59:50.898+0000] {logging_mixin.py:190} INFO - Task instance is in running state
[2025-03-17T16:59:50.898+0000] {logging_mixin.py:190} INFO -  Previous state of the Task instance: queued
[2025-03-17T16:59:50.898+0000] {logging_mixin.py:190} INFO - Current task name:process_and_create_contact state:running start_date:2025-03-17 16:59:50.749671+00:00
[2025-03-17T16:59:50.898+0000] {logging_mixin.py:190} INFO - Dag name:sevdesk_to_hubspot_sync_dynamic and current dag run status:running
[2025-03-17T16:59:50.899+0000] {taskinstance.py:732} INFO - ::endgroup::
[2025-03-17T16:59:50.902+0000] {logging_mixin.py:190} INFO - ❌ No new contact found to create in HubSpot.
[2025-03-17T16:59:50.902+0000] {python.py:240} INFO - Done. Returned value was: None
[2025-03-17T16:59:50.905+0000] {taskinstance.py:341} INFO - ::group::Post task execution logs
[2025-03-17T16:59:50.905+0000] {taskinstance.py:353} INFO - Marking task as SUCCESS. dag_id=sevdesk_to_hubspot_sync_dynamic, task_id=process_and_create_contact, run_id=manual__2025-03-17T16:59:47.620245+00:00, execution_date=20250317T165947, start_date=20250317T165950, end_date=20250317T165950
[2025-03-17T16:59:50.913+0000] {logging_mixin.py:190} INFO - Task instance in success state
[2025-03-17T16:59:50.914+0000] {logging_mixin.py:190} INFO -  Previous state of the Task instance: running
[2025-03-17T16:59:50.914+0000] {logging_mixin.py:190} INFO - Dag name:sevdesk_to_hubspot_sync_dynamic queued_at:2025-03-17 16:59:47.627180+00:00
[2025-03-17T16:59:50.914+0000] {logging_mixin.py:190} INFO - Task hostname:07f4f36f3e31 operator:PythonOperator
[2025-03-17T16:59:50.948+0000] {local_task_job_runner.py:266} INFO - Task exited with return code 0
[2025-03-17T16:59:50.956+0000] {taskinstance.py:3901} INFO - 0 downstream tasks scheduled from follow-on schedule check
[2025-03-17T16:59:50.957+0000] {local_task_job_runner.py:245} INFO - ::endgroup::
