[2025-03-19T00:02:14.261+0000] {local_task_job_runner.py:123} INFO - ::group::Pre task execution logs
[2025-03-19T00:02:14.420+0000] {taskinstance.py:2614} INFO - Dependencies all met for dep_context=non-requeueable deps ti=<TaskInstance: fetch_sevdesk_contacts.fetch_sevdesk_contacts_task scheduled__2024-04-23T09:00:00+00:00 [queued]>
[2025-03-19T00:02:14.448+0000] {taskinstance.py:2614} INFO - Dependencies all met for dep_context=requeueable deps ti=<TaskInstance: fetch_sevdesk_contacts.fetch_sevdesk_contacts_task scheduled__2024-04-23T09:00:00+00:00 [queued]>
[2025-03-19T00:02:14.449+0000] {taskinstance.py:2867} INFO - Starting attempt 1 of 2
[2025-03-19T00:02:15.737+0000] {taskinstance.py:2890} INFO - Executing <Task(PythonOperator): fetch_sevdesk_contacts_task> on 2024-04-23 09:00:00+00:00
[2025-03-19T00:02:15.766+0000] {warnings.py:112} WARNING - /home/***/.local/lib/python3.12/site-packages/***/task/task_runner/standard_task_runner.py:70: DeprecationWarning: This process (pid=2851) is multi-threaded, use of fork() may lead to deadlocks in the child.
  pid = os.fork()

[2025-03-19T00:02:15.788+0000] {standard_task_runner.py:72} INFO - Started process 2866 to run task
[2025-03-19T00:02:15.783+0000] {standard_task_runner.py:104} INFO - Running: ['***', 'tasks', 'run', 'fetch_sevdesk_contacts', 'fetch_sevdesk_contacts_task', 'scheduled__2024-04-23T09:00:00+00:00', '--job-id', '1212', '--raw', '--subdir', 'DAGS_FOLDER/fetch_sevdesk_contacts_dag.py', '--cfg-path', '/tmp/tmpu8p3klar']
[2025-03-19T00:02:15.791+0000] {standard_task_runner.py:105} INFO - Job 1212: Subtask fetch_sevdesk_contacts_task
[2025-03-19T00:02:16.041+0000] {task_command.py:467} INFO - Running <TaskInstance: fetch_sevdesk_contacts.fetch_sevdesk_contacts_task scheduled__2024-04-23T09:00:00+00:00 [running]> on host e54e5582f32f
[2025-03-19T00:02:16.280+0000] {taskinstance.py:3134} INFO - Exporting env vars: AIRFLOW_CTX_DAG_OWNER='***' AIRFLOW_CTX_DAG_ID='fetch_sevdesk_contacts' AIRFLOW_CTX_TASK_ID='fetch_sevdesk_contacts_task' AIRFLOW_CTX_EXECUTION_DATE='2024-04-23T09:00:00+00:00' AIRFLOW_CTX_TRY_NUMBER='1' AIRFLOW_CTX_DAG_RUN_ID='scheduled__2024-04-23T09:00:00+00:00'
[2025-03-19T00:02:16.283+0000] {logging_mixin.py:190} INFO - Task instance is in running state
[2025-03-19T00:02:16.286+0000] {logging_mixin.py:190} INFO -  Previous state of the Task instance: queued
[2025-03-19T00:02:16.294+0000] {logging_mixin.py:190} INFO - Current task name:fetch_sevdesk_contacts_task state:running start_date:2025-03-19 00:02:14.421543+00:00
[2025-03-19T00:02:16.296+0000] {logging_mixin.py:190} INFO - Dag name:fetch_sevdesk_contacts and current dag run status:running
[2025-03-19T00:02:16.297+0000] {taskinstance.py:732} INFO - ::endgroup::
[2025-03-19T00:02:16.302+0000] {logging_mixin.py:190} INFO - Using createAfter filter: 2025-03-18T00:02:16.300095
[2025-03-19T00:02:16.307+0000] {logging_mixin.py:190} INFO - Current timestamp: 2025-03-19T00:02:16.300118
[2025-03-19T00:02:16.506+0000] {python.py:240} INFO - Done. Returned value was: None
[2025-03-19T00:02:16.533+0000] {taskinstance.py:341} INFO - ::group::Post task execution logs
[2025-03-19T00:02:16.535+0000] {taskinstance.py:353} INFO - Marking task as SUCCESS. dag_id=fetch_sevdesk_contacts, task_id=fetch_sevdesk_contacts_task, run_id=scheduled__2024-04-23T09:00:00+00:00, execution_date=20240423T090000, start_date=20250319T000214, end_date=20250319T000216
[2025-03-19T00:02:16.660+0000] {logging_mixin.py:190} INFO - Task instance in success state
[2025-03-19T00:02:16.667+0000] {logging_mixin.py:190} INFO -  Previous state of the Task instance: running
[2025-03-19T00:02:16.669+0000] {logging_mixin.py:190} INFO - Dag name:fetch_sevdesk_contacts queued_at:2025-03-19 00:02:07.990000+00:00
[2025-03-19T00:02:16.671+0000] {logging_mixin.py:190} INFO - Task hostname:e54e5582f32f operator:PythonOperator
[2025-03-19T00:02:16.740+0000] {local_task_job_runner.py:266} INFO - Task exited with return code 0
[2025-03-19T00:02:16.818+0000] {local_task_job_runner.py:245} INFO - ::endgroup::
