[2025-03-17T22:47:47.610+0000] {processor.py:186} INFO - Started process (PID=2052) to work on /opt/airflow/dags/postToHubspot.py
[2025-03-17T22:47:47.611+0000] {processor.py:914} INFO - Processing file /opt/airflow/dags/postToHubspot.py for tasks to queue
[2025-03-17T22:47:47.612+0000] {logging_mixin.py:190} INFO - [2025-03-17T22:47:47.612+0000] {dagbag.py:588} INFO - Filling up the DagBag from /opt/airflow/dags/postToHubspot.py
[2025-03-17T22:47:47.618+0000] {processor.py:925} INFO - DAG(s) 'sevdesk_to_hubspot_sync' retrieved from /opt/airflow/dags/postToHubspot.py
[2025-03-17T22:47:47.658+0000] {logging_mixin.py:190} INFO - [2025-03-17T22:47:47.658+0000] {dag.py:3239} INFO - Sync 1 DAGs
[2025-03-17T22:47:47.662+0000] {logging_mixin.py:190} INFO - [2025-03-17T22:47:47.662+0000] {dag.py:4180} INFO - Setting next_dagrun for sevdesk_to_hubspot_sync to None, run_after=None
[2025-03-17T22:47:47.672+0000] {processor.py:208} INFO - Processing /opt/airflow/dags/postToHubspot.py took 0.064 seconds
[2025-03-17T22:48:17.932+0000] {processor.py:186} INFO - Started process (PID=2120) to work on /opt/airflow/dags/postToHubspot.py
[2025-03-17T22:48:17.933+0000] {processor.py:914} INFO - Processing file /opt/airflow/dags/postToHubspot.py for tasks to queue
[2025-03-17T22:48:17.934+0000] {logging_mixin.py:190} INFO - [2025-03-17T22:48:17.934+0000] {dagbag.py:588} INFO - Filling up the DagBag from /opt/airflow/dags/postToHubspot.py
[2025-03-17T22:48:17.947+0000] {processor.py:925} INFO - DAG(s) 'sevdesk_to_hubspot_sync' retrieved from /opt/airflow/dags/postToHubspot.py
[2025-03-17T22:48:17.958+0000] {logging_mixin.py:190} INFO - [2025-03-17T22:48:17.958+0000] {dag.py:3239} INFO - Sync 1 DAGs
[2025-03-17T22:48:17.965+0000] {logging_mixin.py:190} INFO - [2025-03-17T22:48:17.965+0000] {dag.py:4180} INFO - Setting next_dagrun for sevdesk_to_hubspot_sync to None, run_after=None
[2025-03-17T22:48:17.973+0000] {processor.py:208} INFO - Processing /opt/airflow/dags/postToHubspot.py took 0.046 seconds
[2025-03-17T22:48:48.264+0000] {processor.py:186} INFO - Started process (PID=2188) to work on /opt/airflow/dags/postToHubspot.py
[2025-03-17T22:48:48.264+0000] {processor.py:914} INFO - Processing file /opt/airflow/dags/postToHubspot.py for tasks to queue
[2025-03-17T22:48:48.266+0000] {logging_mixin.py:190} INFO - [2025-03-17T22:48:48.266+0000] {dagbag.py:588} INFO - Filling up the DagBag from /opt/airflow/dags/postToHubspot.py
[2025-03-17T22:48:48.272+0000] {processor.py:925} INFO - DAG(s) 'sevdesk_to_hubspot_sync' retrieved from /opt/airflow/dags/postToHubspot.py
[2025-03-17T22:48:48.285+0000] {logging_mixin.py:190} INFO - [2025-03-17T22:48:48.284+0000] {dag.py:3239} INFO - Sync 1 DAGs
[2025-03-17T22:48:48.292+0000] {logging_mixin.py:190} INFO - [2025-03-17T22:48:48.292+0000] {dag.py:4180} INFO - Setting next_dagrun for sevdesk_to_hubspot_sync to None, run_after=None
[2025-03-17T22:48:48.300+0000] {processor.py:208} INFO - Processing /opt/airflow/dags/postToHubspot.py took 0.042 seconds
[2025-03-17T22:49:18.746+0000] {processor.py:186} INFO - Started process (PID=2256) to work on /opt/airflow/dags/postToHubspot.py
[2025-03-17T22:49:18.747+0000] {processor.py:914} INFO - Processing file /opt/airflow/dags/postToHubspot.py for tasks to queue
[2025-03-17T22:49:18.750+0000] {logging_mixin.py:190} INFO - [2025-03-17T22:49:18.749+0000] {dagbag.py:588} INFO - Filling up the DagBag from /opt/airflow/dags/postToHubspot.py
[2025-03-17T22:49:18.758+0000] {processor.py:925} INFO - DAG(s) 'sevdesk_to_hubspot_sync' retrieved from /opt/airflow/dags/postToHubspot.py
[2025-03-17T22:49:18.772+0000] {logging_mixin.py:190} INFO - [2025-03-17T22:49:18.772+0000] {dag.py:3239} INFO - Sync 1 DAGs
[2025-03-17T22:49:18.780+0000] {logging_mixin.py:190} INFO - [2025-03-17T22:49:18.780+0000] {dag.py:4180} INFO - Setting next_dagrun for sevdesk_to_hubspot_sync to None, run_after=None
[2025-03-17T22:49:18.788+0000] {processor.py:208} INFO - Processing /opt/airflow/dags/postToHubspot.py took 0.047 seconds
[2025-03-17T22:49:49.059+0000] {processor.py:186} INFO - Started process (PID=2324) to work on /opt/airflow/dags/postToHubspot.py
[2025-03-17T22:49:49.060+0000] {processor.py:914} INFO - Processing file /opt/airflow/dags/postToHubspot.py for tasks to queue
[2025-03-17T22:49:49.061+0000] {logging_mixin.py:190} INFO - [2025-03-17T22:49:49.061+0000] {dagbag.py:588} INFO - Filling up the DagBag from /opt/airflow/dags/postToHubspot.py
[2025-03-17T22:49:49.068+0000] {processor.py:925} INFO - DAG(s) 'sevdesk_to_hubspot_sync' retrieved from /opt/airflow/dags/postToHubspot.py
[2025-03-17T22:49:49.081+0000] {logging_mixin.py:190} INFO - [2025-03-17T22:49:49.081+0000] {dag.py:3239} INFO - Sync 1 DAGs
[2025-03-17T22:49:49.088+0000] {logging_mixin.py:190} INFO - [2025-03-17T22:49:49.088+0000] {dag.py:4180} INFO - Setting next_dagrun for sevdesk_to_hubspot_sync to None, run_after=None
[2025-03-17T22:49:49.094+0000] {processor.py:208} INFO - Processing /opt/airflow/dags/postToHubspot.py took 0.042 seconds
[2025-03-17T22:50:19.508+0000] {processor.py:186} INFO - Started process (PID=2392) to work on /opt/airflow/dags/postToHubspot.py
[2025-03-17T22:50:19.509+0000] {processor.py:914} INFO - Processing file /opt/airflow/dags/postToHubspot.py for tasks to queue
[2025-03-17T22:50:19.511+0000] {logging_mixin.py:190} INFO - [2025-03-17T22:50:19.511+0000] {dagbag.py:588} INFO - Filling up the DagBag from /opt/airflow/dags/postToHubspot.py
[2025-03-17T22:50:19.519+0000] {processor.py:925} INFO - DAG(s) 'sevdesk_to_hubspot_sync' retrieved from /opt/airflow/dags/postToHubspot.py
[2025-03-17T22:50:19.536+0000] {logging_mixin.py:190} INFO - [2025-03-17T22:50:19.536+0000] {dag.py:3239} INFO - Sync 1 DAGs
[2025-03-17T22:50:19.544+0000] {logging_mixin.py:190} INFO - [2025-03-17T22:50:19.544+0000] {dag.py:4180} INFO - Setting next_dagrun for sevdesk_to_hubspot_sync to None, run_after=None
[2025-03-17T22:50:19.551+0000] {processor.py:208} INFO - Processing /opt/airflow/dags/postToHubspot.py took 0.050 seconds
[2025-03-17T22:50:26.622+0000] {processor.py:186} INFO - Started process (PID=2399) to work on /opt/airflow/dags/postToHubspot.py
[2025-03-17T22:50:26.623+0000] {processor.py:914} INFO - Processing file /opt/airflow/dags/postToHubspot.py for tasks to queue
[2025-03-17T22:50:26.624+0000] {logging_mixin.py:190} INFO - [2025-03-17T22:50:26.624+0000] {dagbag.py:588} INFO - Filling up the DagBag from /opt/airflow/dags/postToHubspot.py
[2025-03-17T22:50:26.636+0000] {processor.py:925} INFO - DAG(s) 'sevdesk_to_hubspot_sync' retrieved from /opt/airflow/dags/postToHubspot.py
[2025-03-17T22:50:26.651+0000] {logging_mixin.py:190} INFO - [2025-03-17T22:50:26.651+0000] {dag.py:3239} INFO - Sync 1 DAGs
[2025-03-17T22:50:26.658+0000] {logging_mixin.py:190} INFO - [2025-03-17T22:50:26.657+0000] {dag.py:4180} INFO - Setting next_dagrun for sevdesk_to_hubspot_sync to None, run_after=None
[2025-03-17T22:50:26.665+0000] {processor.py:208} INFO - Processing /opt/airflow/dags/postToHubspot.py took 0.049 seconds
[2025-03-17T22:50:56.986+0000] {processor.py:186} INFO - Started process (PID=2467) to work on /opt/airflow/dags/postToHubspot.py
[2025-03-17T22:50:56.987+0000] {processor.py:914} INFO - Processing file /opt/airflow/dags/postToHubspot.py for tasks to queue
[2025-03-17T22:50:56.989+0000] {logging_mixin.py:190} INFO - [2025-03-17T22:50:56.989+0000] {dagbag.py:588} INFO - Filling up the DagBag from /opt/airflow/dags/postToHubspot.py
[2025-03-17T22:50:57.006+0000] {processor.py:925} INFO - DAG(s) 'sevdesk_to_hubspot_sync' retrieved from /opt/airflow/dags/postToHubspot.py
[2025-03-17T22:50:57.025+0000] {logging_mixin.py:190} INFO - [2025-03-17T22:50:57.025+0000] {dag.py:3239} INFO - Sync 1 DAGs
[2025-03-17T22:50:57.032+0000] {logging_mixin.py:190} INFO - [2025-03-17T22:50:57.032+0000] {dag.py:4180} INFO - Setting next_dagrun for sevdesk_to_hubspot_sync to None, run_after=None
[2025-03-17T22:50:57.040+0000] {processor.py:208} INFO - Processing /opt/airflow/dags/postToHubspot.py took 0.062 seconds
[2025-03-17T22:51:27.407+0000] {processor.py:186} INFO - Started process (PID=2535) to work on /opt/airflow/dags/postToHubspot.py
[2025-03-17T22:51:27.409+0000] {processor.py:914} INFO - Processing file /opt/airflow/dags/postToHubspot.py for tasks to queue
[2025-03-17T22:51:27.412+0000] {logging_mixin.py:190} INFO - [2025-03-17T22:51:27.411+0000] {dagbag.py:588} INFO - Filling up the DagBag from /opt/airflow/dags/postToHubspot.py
[2025-03-17T22:51:27.421+0000] {processor.py:925} INFO - DAG(s) 'sevdesk_to_hubspot_sync' retrieved from /opt/airflow/dags/postToHubspot.py
[2025-03-17T22:51:27.437+0000] {logging_mixin.py:190} INFO - [2025-03-17T22:51:27.437+0000] {dag.py:3239} INFO - Sync 1 DAGs
[2025-03-17T22:51:27.445+0000] {logging_mixin.py:190} INFO - [2025-03-17T22:51:27.445+0000] {dag.py:4180} INFO - Setting next_dagrun for sevdesk_to_hubspot_sync to None, run_after=None
[2025-03-17T22:51:27.453+0000] {processor.py:208} INFO - Processing /opt/airflow/dags/postToHubspot.py took 0.054 seconds
[2025-03-17T22:51:57.916+0000] {processor.py:186} INFO - Started process (PID=2603) to work on /opt/airflow/dags/postToHubspot.py
[2025-03-17T22:51:57.917+0000] {processor.py:914} INFO - Processing file /opt/airflow/dags/postToHubspot.py for tasks to queue
[2025-03-17T22:51:57.918+0000] {logging_mixin.py:190} INFO - [2025-03-17T22:51:57.918+0000] {dagbag.py:588} INFO - Filling up the DagBag from /opt/airflow/dags/postToHubspot.py
[2025-03-17T22:51:57.924+0000] {processor.py:925} INFO - DAG(s) 'sevdesk_to_hubspot_sync' retrieved from /opt/airflow/dags/postToHubspot.py
[2025-03-17T22:51:57.937+0000] {logging_mixin.py:190} INFO - [2025-03-17T22:51:57.937+0000] {dag.py:3239} INFO - Sync 1 DAGs
[2025-03-17T22:51:57.944+0000] {logging_mixin.py:190} INFO - [2025-03-17T22:51:57.944+0000] {dag.py:4180} INFO - Setting next_dagrun for sevdesk_to_hubspot_sync to None, run_after=None
[2025-03-17T22:51:57.952+0000] {processor.py:208} INFO - Processing /opt/airflow/dags/postToHubspot.py took 0.041 seconds
[2025-03-17T22:52:28.282+0000] {processor.py:186} INFO - Started process (PID=2671) to work on /opt/airflow/dags/postToHubspot.py
[2025-03-17T22:52:28.283+0000] {processor.py:914} INFO - Processing file /opt/airflow/dags/postToHubspot.py for tasks to queue
[2025-03-17T22:52:28.285+0000] {logging_mixin.py:190} INFO - [2025-03-17T22:52:28.284+0000] {dagbag.py:588} INFO - Filling up the DagBag from /opt/airflow/dags/postToHubspot.py
[2025-03-17T22:52:28.292+0000] {processor.py:925} INFO - DAG(s) 'sevdesk_to_hubspot_sync' retrieved from /opt/airflow/dags/postToHubspot.py
[2025-03-17T22:52:28.305+0000] {logging_mixin.py:190} INFO - [2025-03-17T22:52:28.305+0000] {dag.py:3239} INFO - Sync 1 DAGs
[2025-03-17T22:52:28.313+0000] {logging_mixin.py:190} INFO - [2025-03-17T22:52:28.313+0000] {dag.py:4180} INFO - Setting next_dagrun for sevdesk_to_hubspot_sync to None, run_after=None
[2025-03-17T22:52:28.321+0000] {processor.py:208} INFO - Processing /opt/airflow/dags/postToHubspot.py took 0.045 seconds
[2025-03-17T22:52:58.618+0000] {processor.py:186} INFO - Started process (PID=2739) to work on /opt/airflow/dags/postToHubspot.py
[2025-03-17T22:52:58.619+0000] {processor.py:914} INFO - Processing file /opt/airflow/dags/postToHubspot.py for tasks to queue
[2025-03-17T22:52:58.621+0000] {logging_mixin.py:190} INFO - [2025-03-17T22:52:58.621+0000] {dagbag.py:588} INFO - Filling up the DagBag from /opt/airflow/dags/postToHubspot.py
[2025-03-17T22:52:58.629+0000] {processor.py:925} INFO - DAG(s) 'sevdesk_to_hubspot_sync' retrieved from /opt/airflow/dags/postToHubspot.py
[2025-03-17T22:52:58.645+0000] {logging_mixin.py:190} INFO - [2025-03-17T22:52:58.645+0000] {dag.py:3239} INFO - Sync 1 DAGs
[2025-03-17T22:52:58.652+0000] {logging_mixin.py:190} INFO - [2025-03-17T22:52:58.652+0000] {dag.py:4180} INFO - Setting next_dagrun for sevdesk_to_hubspot_sync to None, run_after=None
[2025-03-17T22:52:58.660+0000] {processor.py:208} INFO - Processing /opt/airflow/dags/postToHubspot.py took 0.050 seconds
[2025-03-17T22:53:28.928+0000] {processor.py:186} INFO - Started process (PID=2807) to work on /opt/airflow/dags/postToHubspot.py
[2025-03-17T22:53:28.929+0000] {processor.py:914} INFO - Processing file /opt/airflow/dags/postToHubspot.py for tasks to queue
[2025-03-17T22:53:28.932+0000] {logging_mixin.py:190} INFO - [2025-03-17T22:53:28.932+0000] {dagbag.py:588} INFO - Filling up the DagBag from /opt/airflow/dags/postToHubspot.py
[2025-03-17T22:53:28.946+0000] {processor.py:925} INFO - DAG(s) 'sevdesk_to_hubspot_sync' retrieved from /opt/airflow/dags/postToHubspot.py
[2025-03-17T22:53:28.972+0000] {logging_mixin.py:190} INFO - [2025-03-17T22:53:28.971+0000] {dag.py:3239} INFO - Sync 1 DAGs
[2025-03-17T22:53:28.980+0000] {logging_mixin.py:190} INFO - [2025-03-17T22:53:28.980+0000] {dag.py:4180} INFO - Setting next_dagrun for sevdesk_to_hubspot_sync to None, run_after=None
[2025-03-17T22:53:28.989+0000] {processor.py:208} INFO - Processing /opt/airflow/dags/postToHubspot.py took 0.071 seconds
[2025-03-17T22:53:59.366+0000] {processor.py:186} INFO - Started process (PID=2874) to work on /opt/airflow/dags/postToHubspot.py
[2025-03-17T22:53:59.367+0000] {processor.py:914} INFO - Processing file /opt/airflow/dags/postToHubspot.py for tasks to queue
[2025-03-17T22:53:59.369+0000] {logging_mixin.py:190} INFO - [2025-03-17T22:53:59.369+0000] {dagbag.py:588} INFO - Filling up the DagBag from /opt/airflow/dags/postToHubspot.py
[2025-03-17T22:53:59.376+0000] {processor.py:925} INFO - DAG(s) 'sevdesk_to_hubspot_sync' retrieved from /opt/airflow/dags/postToHubspot.py
[2025-03-17T22:53:59.390+0000] {logging_mixin.py:190} INFO - [2025-03-17T22:53:59.389+0000] {dag.py:3239} INFO - Sync 1 DAGs
[2025-03-17T22:53:59.397+0000] {logging_mixin.py:190} INFO - [2025-03-17T22:53:59.396+0000] {dag.py:4180} INFO - Setting next_dagrun for sevdesk_to_hubspot_sync to None, run_after=None
[2025-03-17T22:53:59.404+0000] {processor.py:208} INFO - Processing /opt/airflow/dags/postToHubspot.py took 0.044 seconds
[2025-03-17T22:54:29.815+0000] {processor.py:186} INFO - Started process (PID=2942) to work on /opt/airflow/dags/postToHubspot.py
[2025-03-17T22:54:29.816+0000] {processor.py:914} INFO - Processing file /opt/airflow/dags/postToHubspot.py for tasks to queue
[2025-03-17T22:54:29.818+0000] {logging_mixin.py:190} INFO - [2025-03-17T22:54:29.818+0000] {dagbag.py:588} INFO - Filling up the DagBag from /opt/airflow/dags/postToHubspot.py
[2025-03-17T22:54:29.826+0000] {processor.py:925} INFO - DAG(s) 'sevdesk_to_hubspot_sync' retrieved from /opt/airflow/dags/postToHubspot.py
[2025-03-17T22:54:29.838+0000] {logging_mixin.py:190} INFO - [2025-03-17T22:54:29.838+0000] {dag.py:3239} INFO - Sync 1 DAGs
[2025-03-17T22:54:29.845+0000] {logging_mixin.py:190} INFO - [2025-03-17T22:54:29.845+0000] {dag.py:4180} INFO - Setting next_dagrun for sevdesk_to_hubspot_sync to None, run_after=None
[2025-03-17T22:54:29.852+0000] {processor.py:208} INFO - Processing /opt/airflow/dags/postToHubspot.py took 0.042 seconds
[2025-03-17T22:55:00.152+0000] {processor.py:186} INFO - Started process (PID=3010) to work on /opt/airflow/dags/postToHubspot.py
[2025-03-17T22:55:00.153+0000] {processor.py:914} INFO - Processing file /opt/airflow/dags/postToHubspot.py for tasks to queue
[2025-03-17T22:55:00.156+0000] {logging_mixin.py:190} INFO - [2025-03-17T22:55:00.156+0000] {dagbag.py:588} INFO - Filling up the DagBag from /opt/airflow/dags/postToHubspot.py
[2025-03-17T22:55:00.168+0000] {processor.py:925} INFO - DAG(s) 'sevdesk_to_hubspot_sync' retrieved from /opt/airflow/dags/postToHubspot.py
[2025-03-17T22:55:00.188+0000] {logging_mixin.py:190} INFO - [2025-03-17T22:55:00.188+0000] {dag.py:3239} INFO - Sync 1 DAGs
[2025-03-17T22:55:00.199+0000] {logging_mixin.py:190} INFO - [2025-03-17T22:55:00.198+0000] {dag.py:4180} INFO - Setting next_dagrun for sevdesk_to_hubspot_sync to None, run_after=None
[2025-03-17T22:55:00.210+0000] {processor.py:208} INFO - Processing /opt/airflow/dags/postToHubspot.py took 0.065 seconds
[2025-03-17T22:55:30.723+0000] {processor.py:186} INFO - Started process (PID=3078) to work on /opt/airflow/dags/postToHubspot.py
[2025-03-17T22:55:30.724+0000] {processor.py:914} INFO - Processing file /opt/airflow/dags/postToHubspot.py for tasks to queue
[2025-03-17T22:55:30.726+0000] {logging_mixin.py:190} INFO - [2025-03-17T22:55:30.726+0000] {dagbag.py:588} INFO - Filling up the DagBag from /opt/airflow/dags/postToHubspot.py
[2025-03-17T22:55:30.741+0000] {processor.py:925} INFO - DAG(s) 'sevdesk_to_hubspot_sync' retrieved from /opt/airflow/dags/postToHubspot.py
[2025-03-17T22:55:30.762+0000] {logging_mixin.py:190} INFO - [2025-03-17T22:55:30.762+0000] {dag.py:3239} INFO - Sync 1 DAGs
[2025-03-17T22:55:30.777+0000] {logging_mixin.py:190} INFO - [2025-03-17T22:55:30.777+0000] {dag.py:4180} INFO - Setting next_dagrun for sevdesk_to_hubspot_sync to None, run_after=None
[2025-03-17T22:55:30.786+0000] {processor.py:208} INFO - Processing /opt/airflow/dags/postToHubspot.py took 0.072 seconds
[2025-03-17T22:56:01.545+0000] {processor.py:186} INFO - Started process (PID=3146) to work on /opt/airflow/dags/postToHubspot.py
[2025-03-17T22:56:01.546+0000] {processor.py:914} INFO - Processing file /opt/airflow/dags/postToHubspot.py for tasks to queue
[2025-03-17T22:56:01.549+0000] {logging_mixin.py:190} INFO - [2025-03-17T22:56:01.549+0000] {dagbag.py:588} INFO - Filling up the DagBag from /opt/airflow/dags/postToHubspot.py
[2025-03-17T22:56:01.566+0000] {processor.py:925} INFO - DAG(s) 'sevdesk_to_hubspot_sync' retrieved from /opt/airflow/dags/postToHubspot.py
[2025-03-17T22:56:01.583+0000] {logging_mixin.py:190} INFO - [2025-03-17T22:56:01.583+0000] {dag.py:3239} INFO - Sync 1 DAGs
[2025-03-17T22:56:01.592+0000] {logging_mixin.py:190} INFO - [2025-03-17T22:56:01.592+0000] {dag.py:4180} INFO - Setting next_dagrun for sevdesk_to_hubspot_sync to None, run_after=None
[2025-03-17T22:56:01.604+0000] {processor.py:208} INFO - Processing /opt/airflow/dags/postToHubspot.py took 0.065 seconds
[2025-03-17T22:56:31.980+0000] {processor.py:186} INFO - Started process (PID=3214) to work on /opt/airflow/dags/postToHubspot.py
[2025-03-17T22:56:31.982+0000] {processor.py:914} INFO - Processing file /opt/airflow/dags/postToHubspot.py for tasks to queue
[2025-03-17T22:56:31.985+0000] {logging_mixin.py:190} INFO - [2025-03-17T22:56:31.985+0000] {dagbag.py:588} INFO - Filling up the DagBag from /opt/airflow/dags/postToHubspot.py
[2025-03-17T22:56:31.998+0000] {processor.py:925} INFO - DAG(s) 'sevdesk_to_hubspot_sync' retrieved from /opt/airflow/dags/postToHubspot.py
[2025-03-17T22:56:32.015+0000] {logging_mixin.py:190} INFO - [2025-03-17T22:56:32.015+0000] {dag.py:3239} INFO - Sync 1 DAGs
[2025-03-17T22:56:32.023+0000] {logging_mixin.py:190} INFO - [2025-03-17T22:56:32.023+0000] {dag.py:4180} INFO - Setting next_dagrun for sevdesk_to_hubspot_sync to None, run_after=None
[2025-03-17T22:56:32.031+0000] {processor.py:208} INFO - Processing /opt/airflow/dags/postToHubspot.py took 0.060 seconds
[2025-03-17T22:57:02.563+0000] {processor.py:186} INFO - Started process (PID=3281) to work on /opt/airflow/dags/postToHubspot.py
[2025-03-17T22:57:02.564+0000] {processor.py:914} INFO - Processing file /opt/airflow/dags/postToHubspot.py for tasks to queue
[2025-03-17T22:57:02.565+0000] {logging_mixin.py:190} INFO - [2025-03-17T22:57:02.565+0000] {dagbag.py:588} INFO - Filling up the DagBag from /opt/airflow/dags/postToHubspot.py
[2025-03-17T22:57:02.572+0000] {processor.py:925} INFO - DAG(s) 'sevdesk_to_hubspot_sync' retrieved from /opt/airflow/dags/postToHubspot.py
[2025-03-17T22:57:02.583+0000] {logging_mixin.py:190} INFO - [2025-03-17T22:57:02.583+0000] {dag.py:3239} INFO - Sync 1 DAGs
[2025-03-17T22:57:02.590+0000] {logging_mixin.py:190} INFO - [2025-03-17T22:57:02.590+0000] {dag.py:4180} INFO - Setting next_dagrun for sevdesk_to_hubspot_sync to None, run_after=None
[2025-03-17T22:57:02.598+0000] {processor.py:208} INFO - Processing /opt/airflow/dags/postToHubspot.py took 0.039 seconds
[2025-03-17T22:57:33.022+0000] {processor.py:186} INFO - Started process (PID=3349) to work on /opt/airflow/dags/postToHubspot.py
[2025-03-17T22:57:33.022+0000] {processor.py:914} INFO - Processing file /opt/airflow/dags/postToHubspot.py for tasks to queue
[2025-03-17T22:57:33.023+0000] {logging_mixin.py:190} INFO - [2025-03-17T22:57:33.023+0000] {dagbag.py:588} INFO - Filling up the DagBag from /opt/airflow/dags/postToHubspot.py
[2025-03-17T22:57:33.027+0000] {processor.py:925} INFO - DAG(s) 'sevdesk_to_hubspot_sync' retrieved from /opt/airflow/dags/postToHubspot.py
[2025-03-17T22:57:33.036+0000] {logging_mixin.py:190} INFO - [2025-03-17T22:57:33.036+0000] {dag.py:3239} INFO - Sync 1 DAGs
[2025-03-17T22:57:33.041+0000] {logging_mixin.py:190} INFO - [2025-03-17T22:57:33.041+0000] {dag.py:4180} INFO - Setting next_dagrun for sevdesk_to_hubspot_sync to None, run_after=None
[2025-03-17T22:57:33.048+0000] {processor.py:208} INFO - Processing /opt/airflow/dags/postToHubspot.py took 0.030 seconds
[2025-03-17T22:58:03.871+0000] {processor.py:186} INFO - Started process (PID=3417) to work on /opt/airflow/dags/postToHubspot.py
[2025-03-17T22:58:03.872+0000] {processor.py:914} INFO - Processing file /opt/airflow/dags/postToHubspot.py for tasks to queue
[2025-03-17T22:58:03.875+0000] {logging_mixin.py:190} INFO - [2025-03-17T22:58:03.874+0000] {dagbag.py:588} INFO - Filling up the DagBag from /opt/airflow/dags/postToHubspot.py
[2025-03-17T22:58:03.884+0000] {processor.py:925} INFO - DAG(s) 'sevdesk_to_hubspot_sync' retrieved from /opt/airflow/dags/postToHubspot.py
[2025-03-17T22:58:03.901+0000] {logging_mixin.py:190} INFO - [2025-03-17T22:58:03.901+0000] {dag.py:3239} INFO - Sync 1 DAGs
[2025-03-17T22:58:03.909+0000] {logging_mixin.py:190} INFO - [2025-03-17T22:58:03.909+0000] {dag.py:4180} INFO - Setting next_dagrun for sevdesk_to_hubspot_sync to None, run_after=None
[2025-03-17T22:58:03.918+0000] {processor.py:208} INFO - Processing /opt/airflow/dags/postToHubspot.py took 0.056 seconds
[2025-03-17T22:58:34.081+0000] {processor.py:186} INFO - Started process (PID=3486) to work on /opt/airflow/dags/postToHubspot.py
[2025-03-17T22:58:34.082+0000] {processor.py:914} INFO - Processing file /opt/airflow/dags/postToHubspot.py for tasks to queue
[2025-03-17T22:58:34.084+0000] {logging_mixin.py:190} INFO - [2025-03-17T22:58:34.084+0000] {dagbag.py:588} INFO - Filling up the DagBag from /opt/airflow/dags/postToHubspot.py
[2025-03-17T22:58:34.091+0000] {processor.py:925} INFO - DAG(s) 'sevdesk_to_hubspot_sync' retrieved from /opt/airflow/dags/postToHubspot.py
[2025-03-17T22:58:34.101+0000] {logging_mixin.py:190} INFO - [2025-03-17T22:58:34.100+0000] {dag.py:3239} INFO - Sync 1 DAGs
[2025-03-17T22:58:34.108+0000] {logging_mixin.py:190} INFO - [2025-03-17T22:58:34.108+0000] {dag.py:4180} INFO - Setting next_dagrun for sevdesk_to_hubspot_sync to None, run_after=None
[2025-03-17T22:58:34.115+0000] {processor.py:208} INFO - Processing /opt/airflow/dags/postToHubspot.py took 0.040 seconds
[2025-03-17T22:59:04.194+0000] {processor.py:186} INFO - Started process (PID=3554) to work on /opt/airflow/dags/postToHubspot.py
[2025-03-17T22:59:04.195+0000] {processor.py:914} INFO - Processing file /opt/airflow/dags/postToHubspot.py for tasks to queue
[2025-03-17T22:59:04.198+0000] {logging_mixin.py:190} INFO - [2025-03-17T22:59:04.197+0000] {dagbag.py:588} INFO - Filling up the DagBag from /opt/airflow/dags/postToHubspot.py
[2025-03-17T22:59:04.207+0000] {processor.py:925} INFO - DAG(s) 'sevdesk_to_hubspot_sync' retrieved from /opt/airflow/dags/postToHubspot.py
[2025-03-17T22:59:04.222+0000] {logging_mixin.py:190} INFO - [2025-03-17T22:59:04.222+0000] {dag.py:3239} INFO - Sync 1 DAGs
[2025-03-17T22:59:04.230+0000] {logging_mixin.py:190} INFO - [2025-03-17T22:59:04.230+0000] {dag.py:4180} INFO - Setting next_dagrun for sevdesk_to_hubspot_sync to None, run_after=None
[2025-03-17T22:59:04.238+0000] {processor.py:208} INFO - Processing /opt/airflow/dags/postToHubspot.py took 0.051 seconds
[2025-03-17T22:59:34.428+0000] {processor.py:186} INFO - Started process (PID=3622) to work on /opt/airflow/dags/postToHubspot.py
[2025-03-17T22:59:34.429+0000] {processor.py:914} INFO - Processing file /opt/airflow/dags/postToHubspot.py for tasks to queue
[2025-03-17T22:59:34.431+0000] {logging_mixin.py:190} INFO - [2025-03-17T22:59:34.431+0000] {dagbag.py:588} INFO - Filling up the DagBag from /opt/airflow/dags/postToHubspot.py
[2025-03-17T22:59:34.438+0000] {processor.py:925} INFO - DAG(s) 'sevdesk_to_hubspot_sync' retrieved from /opt/airflow/dags/postToHubspot.py
[2025-03-17T22:59:34.452+0000] {logging_mixin.py:190} INFO - [2025-03-17T22:59:34.452+0000] {dag.py:3239} INFO - Sync 1 DAGs
[2025-03-17T22:59:34.459+0000] {logging_mixin.py:190} INFO - [2025-03-17T22:59:34.459+0000] {dag.py:4180} INFO - Setting next_dagrun for sevdesk_to_hubspot_sync to None, run_after=None
[2025-03-17T22:59:34.467+0000] {processor.py:208} INFO - Processing /opt/airflow/dags/postToHubspot.py took 0.046 seconds
[2025-03-17T23:00:04.897+0000] {processor.py:186} INFO - Started process (PID=3689) to work on /opt/airflow/dags/postToHubspot.py
[2025-03-17T23:00:04.898+0000] {processor.py:914} INFO - Processing file /opt/airflow/dags/postToHubspot.py for tasks to queue
[2025-03-17T23:00:04.901+0000] {logging_mixin.py:190} INFO - [2025-03-17T23:00:04.901+0000] {dagbag.py:588} INFO - Filling up the DagBag from /opt/airflow/dags/postToHubspot.py
[2025-03-17T23:00:04.909+0000] {processor.py:925} INFO - DAG(s) 'sevdesk_to_hubspot_sync' retrieved from /opt/airflow/dags/postToHubspot.py
[2025-03-17T23:00:04.923+0000] {logging_mixin.py:190} INFO - [2025-03-17T23:00:04.923+0000] {dag.py:3239} INFO - Sync 1 DAGs
[2025-03-17T23:00:04.930+0000] {logging_mixin.py:190} INFO - [2025-03-17T23:00:04.930+0000] {dag.py:4180} INFO - Setting next_dagrun for sevdesk_to_hubspot_sync to None, run_after=None
[2025-03-17T23:00:04.937+0000] {processor.py:208} INFO - Processing /opt/airflow/dags/postToHubspot.py took 0.046 seconds
[2025-03-17T23:00:35.578+0000] {processor.py:186} INFO - Started process (PID=3757) to work on /opt/airflow/dags/postToHubspot.py
[2025-03-17T23:00:35.579+0000] {processor.py:914} INFO - Processing file /opt/airflow/dags/postToHubspot.py for tasks to queue
[2025-03-17T23:00:35.581+0000] {logging_mixin.py:190} INFO - [2025-03-17T23:00:35.581+0000] {dagbag.py:588} INFO - Filling up the DagBag from /opt/airflow/dags/postToHubspot.py
[2025-03-17T23:00:35.591+0000] {processor.py:925} INFO - DAG(s) 'sevdesk_to_hubspot_sync' retrieved from /opt/airflow/dags/postToHubspot.py
[2025-03-17T23:00:35.605+0000] {logging_mixin.py:190} INFO - [2025-03-17T23:00:35.605+0000] {dag.py:3239} INFO - Sync 1 DAGs
[2025-03-17T23:00:35.617+0000] {logging_mixin.py:190} INFO - [2025-03-17T23:00:35.617+0000] {dag.py:4180} INFO - Setting next_dagrun for sevdesk_to_hubspot_sync to None, run_after=None
[2025-03-17T23:00:35.625+0000] {processor.py:208} INFO - Processing /opt/airflow/dags/postToHubspot.py took 0.054 seconds
[2025-03-17T23:00:55.246+0000] {processor.py:186} INFO - Started process (PID=3825) to work on /opt/airflow/dags/postToHubspot.py
[2025-03-17T23:00:55.247+0000] {processor.py:914} INFO - Processing file /opt/airflow/dags/postToHubspot.py for tasks to queue
[2025-03-17T23:00:55.249+0000] {logging_mixin.py:190} INFO - [2025-03-17T23:00:55.249+0000] {dagbag.py:588} INFO - Filling up the DagBag from /opt/airflow/dags/postToHubspot.py
[2025-03-17T23:00:55.260+0000] {processor.py:925} INFO - DAG(s) 'sevdesk_to_hubspot_sync' retrieved from /opt/airflow/dags/postToHubspot.py
[2025-03-17T23:00:55.288+0000] {logging_mixin.py:190} INFO - [2025-03-17T23:00:55.288+0000] {dag.py:3239} INFO - Sync 1 DAGs
[2025-03-17T23:00:55.298+0000] {logging_mixin.py:190} INFO - [2025-03-17T23:00:55.298+0000] {dag.py:4180} INFO - Setting next_dagrun for sevdesk_to_hubspot_sync to None, run_after=None
[2025-03-17T23:00:55.307+0000] {processor.py:208} INFO - Processing /opt/airflow/dags/postToHubspot.py took 0.068 seconds
[2025-03-17T23:01:40.911+0000] {processor.py:186} INFO - Started process (PID=47) to work on /opt/airflow/dags/postToHubspot.py
[2025-03-17T23:01:40.912+0000] {processor.py:914} INFO - Processing file /opt/airflow/dags/postToHubspot.py for tasks to queue
[2025-03-17T23:01:40.914+0000] {logging_mixin.py:190} INFO - [2025-03-17T23:01:40.913+0000] {dagbag.py:588} INFO - Filling up the DagBag from /opt/airflow/dags/postToHubspot.py
[2025-03-17T23:01:40.930+0000] {processor.py:925} INFO - DAG(s) 'sevdesk_to_hubspot_sync' retrieved from /opt/airflow/dags/postToHubspot.py
[2025-03-17T23:01:40.957+0000] {logging_mixin.py:190} INFO - [2025-03-17T23:01:40.956+0000] {dag.py:3239} INFO - Sync 1 DAGs
[2025-03-17T23:01:40.965+0000] {logging_mixin.py:190} INFO - [2025-03-17T23:01:40.965+0000] {dag.py:4180} INFO - Setting next_dagrun for sevdesk_to_hubspot_sync to None, run_after=None
[2025-03-17T23:01:40.979+0000] {processor.py:208} INFO - Processing /opt/airflow/dags/postToHubspot.py took 0.072 seconds
[2025-03-17T23:01:52.504+0000] {processor.py:186} INFO - Started process (PID=40) to work on /opt/airflow/dags/postToHubspot.py
[2025-03-17T23:01:52.506+0000] {processor.py:914} INFO - Processing file /opt/airflow/dags/postToHubspot.py for tasks to queue
[2025-03-17T23:01:52.508+0000] {logging_mixin.py:190} INFO - [2025-03-17T23:01:52.508+0000] {dagbag.py:588} INFO - Filling up the DagBag from /opt/airflow/dags/postToHubspot.py
[2025-03-17T23:01:52.513+0000] {processor.py:925} INFO - DAG(s) 'sevdesk_to_hubspot_sync' retrieved from /opt/airflow/dags/postToHubspot.py
[2025-03-17T23:01:52.523+0000] {logging_mixin.py:190} INFO - [2025-03-17T23:01:52.523+0000] {dag.py:3239} INFO - Sync 1 DAGs
[2025-03-17T23:01:52.528+0000] {logging_mixin.py:190} INFO - [2025-03-17T23:01:52.528+0000] {dag.py:4180} INFO - Setting next_dagrun for sevdesk_to_hubspot_sync to None, run_after=None
[2025-03-17T23:01:52.538+0000] {processor.py:208} INFO - Processing /opt/airflow/dags/postToHubspot.py took 0.036 seconds
[2025-03-17T23:02:23.029+0000] {processor.py:186} INFO - Started process (PID=108) to work on /opt/airflow/dags/postToHubspot.py
[2025-03-17T23:02:23.030+0000] {processor.py:914} INFO - Processing file /opt/airflow/dags/postToHubspot.py for tasks to queue
[2025-03-17T23:02:23.031+0000] {logging_mixin.py:190} INFO - [2025-03-17T23:02:23.031+0000] {dagbag.py:588} INFO - Filling up the DagBag from /opt/airflow/dags/postToHubspot.py
[2025-03-17T23:02:23.038+0000] {processor.py:925} INFO - DAG(s) 'sevdesk_to_hubspot_sync' retrieved from /opt/airflow/dags/postToHubspot.py
[2025-03-17T23:02:23.050+0000] {logging_mixin.py:190} INFO - [2025-03-17T23:02:23.050+0000] {dag.py:3239} INFO - Sync 1 DAGs
[2025-03-17T23:02:23.057+0000] {logging_mixin.py:190} INFO - [2025-03-17T23:02:23.057+0000] {dag.py:4180} INFO - Setting next_dagrun for sevdesk_to_hubspot_sync to None, run_after=None
[2025-03-17T23:02:23.066+0000] {processor.py:208} INFO - Processing /opt/airflow/dags/postToHubspot.py took 0.040 seconds
[2025-03-17T23:02:53.477+0000] {processor.py:186} INFO - Started process (PID=176) to work on /opt/airflow/dags/postToHubspot.py
[2025-03-17T23:02:53.478+0000] {processor.py:914} INFO - Processing file /opt/airflow/dags/postToHubspot.py for tasks to queue
[2025-03-17T23:02:53.481+0000] {logging_mixin.py:190} INFO - [2025-03-17T23:02:53.481+0000] {dagbag.py:588} INFO - Filling up the DagBag from /opt/airflow/dags/postToHubspot.py
[2025-03-17T23:02:53.489+0000] {processor.py:925} INFO - DAG(s) 'sevdesk_to_hubspot_sync' retrieved from /opt/airflow/dags/postToHubspot.py
[2025-03-17T23:02:53.501+0000] {logging_mixin.py:190} INFO - [2025-03-17T23:02:53.501+0000] {dag.py:3239} INFO - Sync 1 DAGs
[2025-03-17T23:02:53.510+0000] {logging_mixin.py:190} INFO - [2025-03-17T23:02:53.510+0000] {dag.py:4180} INFO - Setting next_dagrun for sevdesk_to_hubspot_sync to None, run_after=None
[2025-03-17T23:02:53.521+0000] {processor.py:208} INFO - Processing /opt/airflow/dags/postToHubspot.py took 0.049 seconds
[2025-03-17T23:03:23.847+0000] {processor.py:186} INFO - Started process (PID=244) to work on /opt/airflow/dags/postToHubspot.py
[2025-03-17T23:03:23.848+0000] {processor.py:914} INFO - Processing file /opt/airflow/dags/postToHubspot.py for tasks to queue
[2025-03-17T23:03:23.852+0000] {logging_mixin.py:190} INFO - [2025-03-17T23:03:23.852+0000] {dagbag.py:588} INFO - Filling up the DagBag from /opt/airflow/dags/postToHubspot.py
[2025-03-17T23:03:23.862+0000] {processor.py:925} INFO - DAG(s) 'sevdesk_to_hubspot_sync' retrieved from /opt/airflow/dags/postToHubspot.py
[2025-03-17T23:03:23.881+0000] {logging_mixin.py:190} INFO - [2025-03-17T23:03:23.881+0000] {dag.py:3239} INFO - Sync 1 DAGs
[2025-03-17T23:03:23.893+0000] {logging_mixin.py:190} INFO - [2025-03-17T23:03:23.893+0000] {dag.py:4180} INFO - Setting next_dagrun for sevdesk_to_hubspot_sync to None, run_after=None
[2025-03-17T23:03:23.909+0000] {processor.py:208} INFO - Processing /opt/airflow/dags/postToHubspot.py took 0.071 seconds
[2025-03-17T23:03:54.469+0000] {processor.py:186} INFO - Started process (PID=311) to work on /opt/airflow/dags/postToHubspot.py
[2025-03-17T23:03:54.470+0000] {processor.py:914} INFO - Processing file /opt/airflow/dags/postToHubspot.py for tasks to queue
[2025-03-17T23:03:54.472+0000] {logging_mixin.py:190} INFO - [2025-03-17T23:03:54.472+0000] {dagbag.py:588} INFO - Filling up the DagBag from /opt/airflow/dags/postToHubspot.py
[2025-03-17T23:03:54.482+0000] {processor.py:925} INFO - DAG(s) 'sevdesk_to_hubspot_sync' retrieved from /opt/airflow/dags/postToHubspot.py
[2025-03-17T23:03:54.494+0000] {logging_mixin.py:190} INFO - [2025-03-17T23:03:54.494+0000] {dag.py:3239} INFO - Sync 1 DAGs
[2025-03-17T23:03:54.501+0000] {logging_mixin.py:190} INFO - [2025-03-17T23:03:54.501+0000] {dag.py:4180} INFO - Setting next_dagrun for sevdesk_to_hubspot_sync to None, run_after=None
[2025-03-17T23:03:54.514+0000] {processor.py:208} INFO - Processing /opt/airflow/dags/postToHubspot.py took 0.048 seconds
