[2025-03-18T23:59:04.800+0000] {local_task_job_runner.py:123} INFO - ::group::Pre task execution logs
[2025-03-18T23:59:04.832+0000] {taskinstance.py:2614} INFO - Dependencies all met for dep_context=non-requeueable deps ti=<TaskInstance: fetch_sevdesk_contacts.fetch_sevdesk_contacts_task scheduled__2024-04-13T01:00:00+00:00 [queued]>
[2025-03-18T23:59:04.860+0000] {taskinstance.py:2614} INFO - Dependencies all met for dep_context=requeueable deps ti=<TaskInstance: fetch_sevdesk_contacts.fetch_sevdesk_contacts_task scheduled__2024-04-13T01:00:00+00:00 [queued]>
[2025-03-18T23:59:04.861+0000] {taskinstance.py:2867} INFO - Starting attempt 1 of 2
[2025-03-18T23:59:05.178+0000] {taskinstance.py:2890} INFO - Executing <Task(PythonOperator): fetch_sevdesk_contacts_task> on 2024-04-13 01:00:00+00:00
[2025-03-18T23:59:05.190+0000] {warnings.py:112} WARNING - /home/***/.local/lib/python3.12/site-packages/***/task/task_runner/standard_task_runner.py:70: DeprecationWarning: This process (pid=2055) is multi-threaded, use of fork() may lead to deadlocks in the child.
  pid = os.fork()

[2025-03-18T23:59:05.198+0000] {standard_task_runner.py:72} INFO - Started process 2071 to run task
[2025-03-18T23:59:05.195+0000] {standard_task_runner.py:104} INFO - Running: ['***', 'tasks', 'run', 'fetch_sevdesk_contacts', 'fetch_sevdesk_contacts_task', 'scheduled__2024-04-13T01:00:00+00:00', '--job-id', '959', '--raw', '--subdir', 'DAGS_FOLDER/fetch_sevdesk_contacts_dag.py', '--cfg-path', '/tmp/tmp1ci1if63']
[2025-03-18T23:59:05.200+0000] {standard_task_runner.py:105} INFO - Job 959: Subtask fetch_sevdesk_contacts_task
[2025-03-18T23:59:05.270+0000] {task_command.py:467} INFO - Running <TaskInstance: fetch_sevdesk_contacts.fetch_sevdesk_contacts_task scheduled__2024-04-13T01:00:00+00:00 [running]> on host e54e5582f32f
[2025-03-18T23:59:05.446+0000] {taskinstance.py:3134} INFO - Exporting env vars: AIRFLOW_CTX_DAG_OWNER='***' AIRFLOW_CTX_DAG_ID='fetch_sevdesk_contacts' AIRFLOW_CTX_TASK_ID='fetch_sevdesk_contacts_task' AIRFLOW_CTX_EXECUTION_DATE='2024-04-13T01:00:00+00:00' AIRFLOW_CTX_TRY_NUMBER='1' AIRFLOW_CTX_DAG_RUN_ID='scheduled__2024-04-13T01:00:00+00:00'
[2025-03-18T23:59:05.455+0000] {logging_mixin.py:190} INFO - Task instance is in running state
[2025-03-18T23:59:05.457+0000] {logging_mixin.py:190} INFO -  Previous state of the Task instance: queued
[2025-03-18T23:59:05.461+0000] {logging_mixin.py:190} INFO - Current task name:fetch_sevdesk_contacts_task state:running start_date:2025-03-18 23:59:04.853164+00:00
[2025-03-18T23:59:05.467+0000] {logging_mixin.py:190} INFO - Dag name:fetch_sevdesk_contacts and current dag run status:running
[2025-03-18T23:59:05.473+0000] {taskinstance.py:732} INFO - ::endgroup::
[2025-03-18T23:59:05.474+0000] {logging_mixin.py:190} INFO - Using createAfter filter: 2025-03-17T23:59:05.474789
[2025-03-18T23:59:05.479+0000] {logging_mixin.py:190} INFO - Current timestamp: 2025-03-18T23:59:05.474816
[2025-03-18T23:59:05.687+0000] {python.py:240} INFO - Done. Returned value was: None
[2025-03-18T23:59:05.749+0000] {taskinstance.py:341} INFO - ::group::Post task execution logs
[2025-03-18T23:59:05.750+0000] {taskinstance.py:353} INFO - Marking task as SUCCESS. dag_id=fetch_sevdesk_contacts, task_id=fetch_sevdesk_contacts_task, run_id=scheduled__2024-04-13T01:00:00+00:00, execution_date=20240413T010000, start_date=20250318T235904, end_date=20250318T235905
[2025-03-18T23:59:05.808+0000] {logging_mixin.py:190} INFO - Task instance in success state
[2025-03-18T23:59:05.814+0000] {logging_mixin.py:190} INFO -  Previous state of the Task instance: running
[2025-03-18T23:59:05.818+0000] {logging_mixin.py:190} INFO - Dag name:fetch_sevdesk_contacts queued_at:2025-03-18 23:59:01.848499+00:00
[2025-03-18T23:59:05.823+0000] {logging_mixin.py:190} INFO - Task hostname:e54e5582f32f operator:PythonOperator
[2025-03-18T23:59:05.875+0000] {local_task_job_runner.py:266} INFO - Task exited with return code 0
[2025-03-18T23:59:05.920+0000] {taskinstance.py:3901} INFO - 0 downstream tasks scheduled from follow-on schedule check
[2025-03-18T23:59:05.931+0000] {local_task_job_runner.py:245} INFO - ::endgroup::
