[2025-03-19T00:00:12.135+0000] {local_task_job_runner.py:123} INFO - ::group::Pre task execution logs
[2025-03-19T00:00:12.161+0000] {taskinstance.py:2614} INFO - Dependencies all met for dep_context=non-requeueable deps ti=<TaskInstance: sevdesk_contact_pipeline.add_or_update_email scheduled__2025-03-18T23:00:00+00:00 [queued]>
[2025-03-19T00:00:12.400+0000] {taskinstance.py:2614} INFO - Dependencies all met for dep_context=requeueable deps ti=<TaskInstance: sevdesk_contact_pipeline.add_or_update_email scheduled__2025-03-18T23:00:00+00:00 [queued]>
[2025-03-19T00:00:12.401+0000] {taskinstance.py:2867} INFO - Starting attempt 1 of 3
[2025-03-19T00:00:12.411+0000] {taskinstance.py:2890} INFO - Executing <Task(PythonOperator): add_or_update_email> on 2025-03-18 23:00:00+00:00
[2025-03-19T00:00:12.426+0000] {warnings.py:112} WARNING - /home/***/.local/lib/python3.12/site-packages/***/task/task_runner/standard_task_runner.py:70: DeprecationWarning: This process (pid=2365) is multi-threaded, use of fork() may lead to deadlocks in the child.
  pid = os.fork()

[2025-03-19T00:00:12.428+0000] {standard_task_runner.py:72} INFO - Started process 2373 to run task
[2025-03-19T00:00:12.432+0000] {standard_task_runner.py:104} INFO - Running: ['***', 'tasks', 'run', 'sevdesk_contact_pipeline', 'add_or_update_email', 'scheduled__2025-03-18T23:00:00+00:00', '--job-id', '1056', '--raw', '--subdir', 'DAGS_FOLDER/sevdesk_contact_pipeline.py', '--cfg-path', '/tmp/tmpy2by0sxj']
[2025-03-19T00:00:12.437+0000] {standard_task_runner.py:105} INFO - Job 1056: Subtask add_or_update_email
[2025-03-19T00:00:12.616+0000] {task_command.py:467} INFO - Running <TaskInstance: sevdesk_contact_pipeline.add_or_update_email scheduled__2025-03-18T23:00:00+00:00 [running]> on host e54e5582f32f
[2025-03-19T00:00:12.787+0000] {taskinstance.py:3134} INFO - Exporting env vars: AIRFLOW_CTX_DAG_OWNER='***' AIRFLOW_CTX_DAG_ID='sevdesk_contact_pipeline' AIRFLOW_CTX_TASK_ID='add_or_update_email' AIRFLOW_CTX_EXECUTION_DATE='2025-03-18T23:00:00+00:00' AIRFLOW_CTX_TRY_NUMBER='1' AIRFLOW_CTX_DAG_RUN_ID='scheduled__2025-03-18T23:00:00+00:00'
[2025-03-19T00:00:12.793+0000] {logging_mixin.py:190} INFO - Task instance is in running state
[2025-03-19T00:00:12.794+0000] {logging_mixin.py:190} INFO -  Previous state of the Task instance: queued
[2025-03-19T00:00:12.795+0000] {logging_mixin.py:190} INFO - Current task name:add_or_update_email state:running start_date:2025-03-19 00:00:12.162054+00:00
[2025-03-19T00:00:12.797+0000] {logging_mixin.py:190} INFO - Dag name:sevdesk_contact_pipeline and current dag run status:running
[2025-03-19T00:00:12.798+0000] {taskinstance.py:732} INFO - ::endgroup::
[2025-03-19T00:00:12.800+0000] {logging_mixin.py:190} INFO - ⚠️ Contact ID not found, skipping email update.
[2025-03-19T00:00:12.801+0000] {python.py:240} INFO - Done. Returned value was: None
[2025-03-19T00:00:12.817+0000] {taskinstance.py:341} INFO - ::group::Post task execution logs
[2025-03-19T00:00:12.820+0000] {taskinstance.py:353} INFO - Marking task as SUCCESS. dag_id=sevdesk_contact_pipeline, task_id=add_or_update_email, run_id=scheduled__2025-03-18T23:00:00+00:00, execution_date=20250318T230000, start_date=20250319T000012, end_date=20250319T000012
[2025-03-19T00:00:12.878+0000] {logging_mixin.py:190} INFO - Task instance in success state
[2025-03-19T00:00:12.880+0000] {logging_mixin.py:190} INFO -  Previous state of the Task instance: running
[2025-03-19T00:00:12.880+0000] {logging_mixin.py:190} INFO - Dag name:sevdesk_contact_pipeline queued_at:2025-03-19 00:00:00.048676+00:00
[2025-03-19T00:00:12.881+0000] {logging_mixin.py:190} INFO - Task hostname:e54e5582f32f operator:PythonOperator
[2025-03-19T00:00:12.919+0000] {local_task_job_runner.py:266} INFO - Task exited with return code 0
[2025-03-19T00:00:12.937+0000] {taskinstance.py:3901} INFO - 0 downstream tasks scheduled from follow-on schedule check
[2025-03-19T00:00:12.939+0000] {local_task_job_runner.py:245} INFO - ::endgroup::
